[2023-05-27T19:32:08.923+0000] {taskinstance.py:1083} INFO - Dependencies all met for <TaskInstance: cria_diretorios_projeto.change_directory_permissions manual__2023-05-27T19:32:06.070542+00:00 [queued]>
[2023-05-27T19:32:08.939+0000] {taskinstance.py:1083} INFO - Dependencies all met for <TaskInstance: cria_diretorios_projeto.change_directory_permissions manual__2023-05-27T19:32:06.070542+00:00 [queued]>
[2023-05-27T19:32:08.939+0000] {taskinstance.py:1279} INFO - 
--------------------------------------------------------------------------------
[2023-05-27T19:32:08.940+0000] {taskinstance.py:1280} INFO - Starting attempt 1 of 2
[2023-05-27T19:32:08.940+0000] {taskinstance.py:1281} INFO - 
--------------------------------------------------------------------------------
[2023-05-27T19:32:08.975+0000] {taskinstance.py:1300} INFO - Executing <Task(PythonOperator): change_directory_permissions> on 2023-05-27 19:32:06.070542+00:00
[2023-05-27T19:32:08.982+0000] {standard_task_runner.py:55} INFO - Started process 1108 to run task
[2023-05-27T19:32:08.985+0000] {standard_task_runner.py:82} INFO - Running: ['***', 'tasks', 'run', 'cria_diretorios_projeto', 'change_directory_permissions', 'manual__2023-05-27T19:32:06.070542+00:00', '--job-id', '219', '--raw', '--subdir', 'DAGS_FOLDER/cria_diretorios_projeto.py', '--cfg-path', '/tmp/tmp1r1b62u_']
[2023-05-27T19:32:08.987+0000] {standard_task_runner.py:83} INFO - Job 219: Subtask change_directory_permissions
[2023-05-27T19:32:09.054+0000] {task_command.py:388} INFO - Running <TaskInstance: cria_diretorios_projeto.change_directory_permissions manual__2023-05-27T19:32:06.070542+00:00 [running]> on host 36658c0564dd
[2023-05-27T19:32:09.130+0000] {taskinstance.py:1509} INFO - Exporting the following env vars:
AIRFLOW_CTX_DAG_EMAIL=test@test.com
AIRFLOW_CTX_DAG_OWNER=***
AIRFLOW_CTX_DAG_ID=cria_diretorios_projeto
AIRFLOW_CTX_TASK_ID=change_directory_permissions
AIRFLOW_CTX_EXECUTION_DATE=2023-05-27T19:32:06.070542+00:00
AIRFLOW_CTX_TRY_NUMBER=1
AIRFLOW_CTX_DAG_RUN_ID=manual__2023-05-27T19:32:06.070542+00:00
[2023-05-27T19:32:09.130+0000] {python.py:177} INFO - Done. Returned value was: None
[2023-05-27T19:32:09.142+0000] {taskinstance.py:1323} INFO - Marking task as SUCCESS. dag_id=cria_diretorios_projeto, task_id=change_directory_permissions, execution_date=20230527T193206, start_date=20230527T193208, end_date=20230527T193209
[2023-05-27T19:32:09.197+0000] {local_task_job.py:208} INFO - Task exited with return code 0
[2023-05-27T19:32:09.219+0000] {taskinstance.py:2578} INFO - 0 downstream tasks scheduled from follow-on schedule check
