[2023-05-21T20:30:02.206+0000] {taskinstance.py:1083} INFO - Dependencies all met for <TaskInstance: outradag.task2 scheduled__2023-05-21T19:30:00+00:00 [queued]>
[2023-05-21T20:30:02.215+0000] {taskinstance.py:1083} INFO - Dependencies all met for <TaskInstance: outradag.task2 scheduled__2023-05-21T19:30:00+00:00 [queued]>
[2023-05-21T20:30:02.215+0000] {taskinstance.py:1279} INFO - 
--------------------------------------------------------------------------------
[2023-05-21T20:30:02.215+0000] {taskinstance.py:1280} INFO - Starting attempt 1 of 1
[2023-05-21T20:30:02.215+0000] {taskinstance.py:1281} INFO - 
--------------------------------------------------------------------------------
[2023-05-21T20:30:02.229+0000] {taskinstance.py:1300} INFO - Executing <Task(BashOperator): task2> on 2023-05-21 19:30:00+00:00
[2023-05-21T20:30:02.241+0000] {standard_task_runner.py:55} INFO - Started process 6362 to run task
[2023-05-21T20:30:02.245+0000] {standard_task_runner.py:82} INFO - Running: ['***', 'tasks', 'run', 'outradag', 'task2', 'scheduled__2023-05-21T19:30:00+00:00', '--job-id', '53', '--raw', '--subdir', 'DAGS_FOLDER/outradag.py', '--cfg-path', '/tmp/tmp8zsr1rj7']
[2023-05-21T20:30:02.246+0000] {standard_task_runner.py:83} INFO - Job 53: Subtask task2
[2023-05-21T20:30:02.306+0000] {task_command.py:388} INFO - Running <TaskInstance: outradag.task2 scheduled__2023-05-21T19:30:00+00:00 [running]> on host cae8e8ceecb4
[2023-05-21T20:30:02.379+0000] {taskinstance.py:1509} INFO - Exporting the following env vars:
AIRFLOW_CTX_DAG_OWNER=***
AIRFLOW_CTX_DAG_ID=outradag
AIRFLOW_CTX_TASK_ID=task2
AIRFLOW_CTX_EXECUTION_DATE=2023-05-21T19:30:00+00:00
AIRFLOW_CTX_TRY_NUMBER=1
AIRFLOW_CTX_DAG_RUN_ID=scheduled__2023-05-21T19:30:00+00:00
[2023-05-21T20:30:02.380+0000] {subprocess.py:63} INFO - Tmp dir root location: 
 /tmp
[2023-05-21T20:30:02.381+0000] {subprocess.py:75} INFO - Running command: ['/bin/bash', '-c', 'echo "Task 2"']
[2023-05-21T20:30:02.392+0000] {subprocess.py:86} INFO - Output:
[2023-05-21T20:30:02.394+0000] {subprocess.py:93} INFO - Task 2
[2023-05-21T20:30:02.394+0000] {subprocess.py:97} INFO - Command exited with return code 0
[2023-05-21T20:30:02.427+0000] {taskinstance.py:1323} INFO - Marking task as SUCCESS. dag_id=outradag, task_id=task2, execution_date=20230521T193000, start_date=20230521T203002, end_date=20230521T203002
[2023-05-21T20:30:02.457+0000] {local_task_job.py:208} INFO - Task exited with return code 0
[2023-05-21T20:30:02.473+0000] {taskinstance.py:2578} INFO - 0 downstream tasks scheduled from follow-on schedule check
