[2023-05-22T00:27:33.616+0000] {taskinstance.py:1083} INFO - Dependencies all met for <TaskInstance: defaultargs.task1 manual__2023-05-22T00:27:32.034888+00:00 [queued]>
[2023-05-22T00:27:33.626+0000] {taskinstance.py:1083} INFO - Dependencies all met for <TaskInstance: defaultargs.task1 manual__2023-05-22T00:27:32.034888+00:00 [queued]>
[2023-05-22T00:27:33.626+0000] {taskinstance.py:1279} INFO - 
--------------------------------------------------------------------------------
[2023-05-22T00:27:33.626+0000] {taskinstance.py:1280} INFO - Starting attempt 1 of 1
[2023-05-22T00:27:33.626+0000] {taskinstance.py:1281} INFO - 
--------------------------------------------------------------------------------
[2023-05-22T00:27:33.641+0000] {taskinstance.py:1300} INFO - Executing <Task(BashOperator): task1> on 2023-05-22 00:27:32.034888+00:00
[2023-05-22T00:27:33.649+0000] {standard_task_runner.py:55} INFO - Started process 20198 to run task
[2023-05-22T00:27:33.654+0000] {standard_task_runner.py:82} INFO - Running: ['***', 'tasks', 'run', 'defaultargs', 'task1', 'manual__2023-05-22T00:27:32.034888+00:00', '--job-id', '108', '--raw', '--subdir', 'DAGS_FOLDER/defaultargs.py', '--cfg-path', '/tmp/tmp4twdr3h1']
[2023-05-22T00:27:33.654+0000] {standard_task_runner.py:83} INFO - Job 108: Subtask task1
[2023-05-22T00:27:33.732+0000] {task_command.py:388} INFO - Running <TaskInstance: defaultargs.task1 manual__2023-05-22T00:27:32.034888+00:00 [running]> on host cae8e8ceecb4
[2023-05-22T00:27:33.862+0000] {taskinstance.py:1509} INFO - Exporting the following env vars:
AIRFLOW_CTX_DAG_EMAIL=test@test.com
AIRFLOW_CTX_DAG_OWNER=***
AIRFLOW_CTX_DAG_ID=defaultargs
AIRFLOW_CTX_TASK_ID=task1
AIRFLOW_CTX_EXECUTION_DATE=2023-05-22T00:27:32.034888+00:00
AIRFLOW_CTX_TRY_NUMBER=1
AIRFLOW_CTX_DAG_RUN_ID=manual__2023-05-22T00:27:32.034888+00:00
[2023-05-22T00:27:33.868+0000] {subprocess.py:63} INFO - Tmp dir root location: 
 /tmp
[2023-05-22T00:27:33.868+0000] {subprocess.py:75} INFO - Running command: ['/bin/bash', '-c', 'echo "Task 1"']
[2023-05-22T00:27:33.889+0000] {subprocess.py:86} INFO - Output:
[2023-05-22T00:27:33.895+0000] {subprocess.py:93} INFO - Task 1
[2023-05-22T00:27:33.896+0000] {subprocess.py:97} INFO - Command exited with return code 0
[2023-05-22T00:27:33.944+0000] {taskinstance.py:1323} INFO - Marking task as SUCCESS. dag_id=defaultargs, task_id=task1, execution_date=20230522T002732, start_date=20230522T002733, end_date=20230522T002733
[2023-05-22T00:27:33.990+0000] {local_task_job.py:208} INFO - Task exited with return code 0
[2023-05-22T00:27:34.045+0000] {taskinstance.py:2578} INFO - 1 downstream tasks scheduled from follow-on schedule check
