[2023-05-22T00:28:03.284+0000] {taskinstance.py:1083} INFO - Dependencies all met for <TaskInstance: defaultargs.task3 manual__2023-05-22T00:27:58.554309+00:00 [queued]>
[2023-05-22T00:28:03.301+0000] {taskinstance.py:1083} INFO - Dependencies all met for <TaskInstance: defaultargs.task3 manual__2023-05-22T00:27:58.554309+00:00 [queued]>
[2023-05-22T00:28:03.301+0000] {taskinstance.py:1279} INFO - 
--------------------------------------------------------------------------------
[2023-05-22T00:28:03.302+0000] {taskinstance.py:1280} INFO - Starting attempt 1 of 2
[2023-05-22T00:28:03.302+0000] {taskinstance.py:1281} INFO - 
--------------------------------------------------------------------------------
[2023-05-22T00:28:03.322+0000] {taskinstance.py:1300} INFO - Executing <Task(BashOperator): task3> on 2023-05-22 00:27:58.554309+00:00
[2023-05-22T00:28:03.332+0000] {standard_task_runner.py:55} INFO - Started process 20252 to run task
[2023-05-22T00:28:03.336+0000] {standard_task_runner.py:82} INFO - Running: ['***', 'tasks', 'run', 'defaultargs', 'task3', 'manual__2023-05-22T00:27:58.554309+00:00', '--job-id', '115', '--raw', '--subdir', 'DAGS_FOLDER/defaultargs.py', '--cfg-path', '/tmp/tmp1fijyovl']
[2023-05-22T00:28:03.337+0000] {standard_task_runner.py:83} INFO - Job 115: Subtask task3
[2023-05-22T00:28:03.433+0000] {task_command.py:388} INFO - Running <TaskInstance: defaultargs.task3 manual__2023-05-22T00:27:58.554309+00:00 [running]> on host cae8e8ceecb4
[2023-05-22T00:28:03.553+0000] {taskinstance.py:1509} INFO - Exporting the following env vars:
AIRFLOW_CTX_DAG_EMAIL=test@test.com
AIRFLOW_CTX_DAG_OWNER=***
AIRFLOW_CTX_DAG_ID=defaultargs
AIRFLOW_CTX_TASK_ID=task3
AIRFLOW_CTX_EXECUTION_DATE=2023-05-22T00:27:58.554309+00:00
AIRFLOW_CTX_TRY_NUMBER=1
AIRFLOW_CTX_DAG_RUN_ID=manual__2023-05-22T00:27:58.554309+00:00
[2023-05-22T00:28:03.555+0000] {subprocess.py:63} INFO - Tmp dir root location: 
 /tmp
[2023-05-22T00:28:03.555+0000] {subprocess.py:75} INFO - Running command: ['/bin/bash', '-c', 'echo "Task 3"']
[2023-05-22T00:28:03.576+0000] {subprocess.py:86} INFO - Output:
[2023-05-22T00:28:03.580+0000] {subprocess.py:93} INFO - Task 3
[2023-05-22T00:28:03.581+0000] {subprocess.py:97} INFO - Command exited with return code 0
[2023-05-22T00:28:03.617+0000] {taskinstance.py:1323} INFO - Marking task as SUCCESS. dag_id=defaultargs, task_id=task3, execution_date=20230522T002758, start_date=20230522T002803, end_date=20230522T002803
[2023-05-22T00:28:03.672+0000] {local_task_job.py:208} INFO - Task exited with return code 0
[2023-05-22T00:28:03.704+0000] {taskinstance.py:2578} INFO - 0 downstream tasks scheduled from follow-on schedule check
