[2023-05-21T23:20:56.595+0000] {taskinstance.py:1083} INFO - Dependencies all met for <TaskInstance: outradag.task7 manual__2023-05-21T23:18:14.262894+00:00 [queued]>
[2023-05-21T23:20:56.609+0000] {taskinstance.py:1083} INFO - Dependencies all met for <TaskInstance: outradag.task7 manual__2023-05-21T23:18:14.262894+00:00 [queued]>
[2023-05-21T23:20:56.609+0000] {taskinstance.py:1279} INFO - 
--------------------------------------------------------------------------------
[2023-05-21T23:20:56.609+0000] {taskinstance.py:1280} INFO - Starting attempt 2 of 2
[2023-05-21T23:20:56.609+0000] {taskinstance.py:1281} INFO - 
--------------------------------------------------------------------------------
[2023-05-21T23:20:56.628+0000] {taskinstance.py:1300} INFO - Executing <Task(BashOperator): task7> on 2023-05-21 23:18:14.262894+00:00
[2023-05-21T23:20:56.636+0000] {standard_task_runner.py:55} INFO - Started process 16441 to run task
[2023-05-21T23:20:56.639+0000] {standard_task_runner.py:82} INFO - Running: ['***', 'tasks', 'run', 'outradag', 'task7', 'manual__2023-05-21T23:18:14.262894+00:00', '--job-id', '72', '--raw', '--subdir', 'DAGS_FOLDER/outradag.py', '--cfg-path', '/tmp/tmpykax7a6i']
[2023-05-21T23:20:56.640+0000] {standard_task_runner.py:83} INFO - Job 72: Subtask task7
[2023-05-21T23:20:56.709+0000] {task_command.py:388} INFO - Running <TaskInstance: outradag.task7 manual__2023-05-21T23:18:14.262894+00:00 [running]> on host cae8e8ceecb4
[2023-05-21T23:20:56.801+0000] {taskinstance.py:1509} INFO - Exporting the following env vars:
AIRFLOW_CTX_DAG_OWNER=***
AIRFLOW_CTX_DAG_ID=outradag
AIRFLOW_CTX_TASK_ID=task7
AIRFLOW_CTX_EXECUTION_DATE=2023-05-21T23:18:14.262894+00:00
AIRFLOW_CTX_TRY_NUMBER=2
AIRFLOW_CTX_DAG_RUN_ID=manual__2023-05-21T23:18:14.262894+00:00
[2023-05-21T23:20:56.802+0000] {subprocess.py:63} INFO - Tmp dir root location: 
 /tmp
[2023-05-21T23:20:56.803+0000] {subprocess.py:75} INFO - Running command: ['/bin/bash', '-c', 'echo "Task 7"']
[2023-05-21T23:20:56.818+0000] {subprocess.py:86} INFO - Output:
[2023-05-21T23:20:56.819+0000] {subprocess.py:93} INFO - Task 7
[2023-05-21T23:20:56.820+0000] {subprocess.py:97} INFO - Command exited with return code 0
[2023-05-21T23:20:56.850+0000] {taskinstance.py:1323} INFO - Marking task as SUCCESS. dag_id=outradag, task_id=task7, execution_date=20230521T231814, start_date=20230521T232056, end_date=20230521T232056
[2023-05-21T23:20:56.891+0000] {local_task_job.py:208} INFO - Task exited with return code 0
[2023-05-21T23:20:56.921+0000] {taskinstance.py:2578} INFO - 0 downstream tasks scheduled from follow-on schedule check
