[2023-05-31T02:55:43.774+0000] {taskinstance.py:1083} INFO - Dependencies all met for <TaskInstance: captura_dados.created_folders_task manual__2023-05-31T02:55:38.493164+00:00 [queued]>
[2023-05-31T02:55:43.791+0000] {taskinstance.py:1083} INFO - Dependencies all met for <TaskInstance: captura_dados.created_folders_task manual__2023-05-31T02:55:38.493164+00:00 [queued]>
[2023-05-31T02:55:43.792+0000] {taskinstance.py:1279} INFO - 
--------------------------------------------------------------------------------
[2023-05-31T02:55:43.792+0000] {taskinstance.py:1280} INFO - Starting attempt 1 of 2
[2023-05-31T02:55:43.792+0000] {taskinstance.py:1281} INFO - 
--------------------------------------------------------------------------------
[2023-05-31T02:55:43.822+0000] {taskinstance.py:1300} INFO - Executing <Task(PythonOperator): created_folders_task> on 2023-05-31 02:55:38.493164+00:00
[2023-05-31T02:55:43.832+0000] {standard_task_runner.py:55} INFO - Started process 129 to run task
[2023-05-31T02:55:43.837+0000] {standard_task_runner.py:82} INFO - Running: ['***', 'tasks', 'run', 'captura_dados', 'created_folders_task', 'manual__2023-05-31T02:55:38.493164+00:00', '--job-id', '113', '--raw', '--subdir', 'DAGS_FOLDER/captura_dados.py', '--cfg-path', '/tmp/tmp9lrhsv3z']
[2023-05-31T02:55:43.840+0000] {standard_task_runner.py:83} INFO - Job 113: Subtask created_folders_task
[2023-05-31T02:55:43.945+0000] {task_command.py:388} INFO - Running <TaskInstance: captura_dados.created_folders_task manual__2023-05-31T02:55:38.493164+00:00 [running]> on host 0de0741c404d
[2023-05-31T02:55:44.035+0000] {taskinstance.py:1509} INFO - Exporting the following env vars:
AIRFLOW_CTX_DAG_EMAIL=test@test.com
AIRFLOW_CTX_DAG_OWNER=***
AIRFLOW_CTX_DAG_ID=captura_dados
AIRFLOW_CTX_TASK_ID=created_folders_task
AIRFLOW_CTX_EXECUTION_DATE=2023-05-31T02:55:38.493164+00:00
AIRFLOW_CTX_TRY_NUMBER=1
AIRFLOW_CTX_DAG_RUN_ID=manual__2023-05-31T02:55:38.493164+00:00
[2023-05-31T02:55:44.043+0000] {logging_mixin.py:137} INFO - Diretório engineer criado com sucesso!
[2023-05-31T02:55:44.044+0000] {logging_mixin.py:137} INFO - /opt/***/dags/data/engineer
[2023-05-31T02:55:44.044+0000] {logging_mixin.py:137} INFO - Diretório raw criado com sucesso!
[2023-05-31T02:55:44.044+0000] {logging_mixin.py:137} INFO - /opt/***/dags/data/raw
[2023-05-31T02:55:44.044+0000] {logging_mixin.py:137} INFO - Diretório refined criado com sucesso!
[2023-05-31T02:55:44.044+0000] {logging_mixin.py:137} INFO - /opt/***/dags/data/refined
[2023-05-31T02:55:44.045+0000] {logging_mixin.py:137} INFO - Diretório transient criado com sucesso!
[2023-05-31T02:55:44.045+0000] {logging_mixin.py:137} INFO - /opt/***/dags/data/transient
[2023-05-31T02:55:44.045+0000] {logging_mixin.py:137} INFO - Diretório trusted criado com sucesso!
[2023-05-31T02:55:44.045+0000] {logging_mixin.py:137} INFO - /opt/***/dags/data/trusted
[2023-05-31T02:55:44.045+0000] {python.py:177} INFO - Done. Returned value was: None
[2023-05-31T02:55:44.057+0000] {taskinstance.py:1323} INFO - Marking task as SUCCESS. dag_id=captura_dados, task_id=created_folders_task, execution_date=20230531T025538, start_date=20230531T025543, end_date=20230531T025544
[2023-05-31T02:55:44.089+0000] {local_task_job.py:208} INFO - Task exited with return code 0
[2023-05-31T02:55:44.107+0000] {taskinstance.py:2578} INFO - 0 downstream tasks scheduled from follow-on schedule check
