[2023-05-28T01:49:10.987+0000] {taskinstance.py:1083} INFO - Dependencies all met for <TaskInstance: captura_dados.downloads_folders_task manual__2023-05-28T00:46:55.050023+00:00 [queued]>
[2023-05-28T01:49:11.001+0000] {taskinstance.py:1083} INFO - Dependencies all met for <TaskInstance: captura_dados.downloads_folders_task manual__2023-05-28T00:46:55.050023+00:00 [queued]>
[2023-05-28T01:49:11.001+0000] {taskinstance.py:1279} INFO - 
--------------------------------------------------------------------------------
[2023-05-28T01:49:11.001+0000] {taskinstance.py:1280} INFO - Starting attempt 3 of 3
[2023-05-28T01:49:11.001+0000] {taskinstance.py:1281} INFO - 
--------------------------------------------------------------------------------
[2023-05-28T01:49:11.020+0000] {taskinstance.py:1300} INFO - Executing <Task(PythonOperator): downloads_folders_task> on 2023-05-28 00:46:55.050023+00:00
[2023-05-28T01:49:11.029+0000] {standard_task_runner.py:55} INFO - Started process 437 to run task
[2023-05-28T01:49:11.033+0000] {standard_task_runner.py:82} INFO - Running: ['***', 'tasks', 'run', 'captura_dados', 'downloads_folders_task', 'manual__2023-05-28T00:46:55.050023+00:00', '--job-id', '367', '--raw', '--subdir', 'DAGS_FOLDER/captura_dados.py', '--cfg-path', '/tmp/tmp_zwy7mbb']
[2023-05-28T01:49:11.035+0000] {standard_task_runner.py:83} INFO - Job 367: Subtask downloads_folders_task
[2023-05-28T01:49:11.102+0000] {task_command.py:388} INFO - Running <TaskInstance: captura_dados.downloads_folders_task manual__2023-05-28T00:46:55.050023+00:00 [running]> on host 04212fe07565
[2023-05-28T01:49:11.192+0000] {taskinstance.py:1509} INFO - Exporting the following env vars:
AIRFLOW_CTX_DAG_EMAIL=test@test.com
AIRFLOW_CTX_DAG_OWNER=***
AIRFLOW_CTX_DAG_ID=captura_dados
AIRFLOW_CTX_TASK_ID=downloads_folders_task
AIRFLOW_CTX_EXECUTION_DATE=2023-05-28T00:46:55.050023+00:00
AIRFLOW_CTX_TRY_NUMBER=3
AIRFLOW_CTX_DAG_RUN_ID=manual__2023-05-28T00:46:55.050023+00:00
[2023-05-28T01:49:11.193+0000] {taskinstance.py:1768} ERROR - Task failed with exception
Traceback (most recent call last):
  File "/home/airflow/.local/lib/python3.7/site-packages/airflow/operators/python.py", line 175, in execute
    return_value = self.execute_callable()
  File "/home/airflow/.local/lib/python3.7/site-packages/airflow/operators/python.py", line 192, in execute_callable
    return self.python_callable(*self.op_args, **self.op_kwargs)
  File "/opt/airflow/dags/captura_dados.py", line 26, in downloads_folders
    os.chmod(api_key_path, 0o600)
FileNotFoundError: [Errno 2] No such file or directory: '/home/michel/airflow-docker/.kaggle/kaggle.json'
[2023-05-28T01:49:11.202+0000] {taskinstance.py:1323} INFO - Marking task as FAILED. dag_id=captura_dados, task_id=downloads_folders_task, execution_date=20230528T004655, start_date=20230528T014910, end_date=20230528T014911
[2023-05-28T01:49:11.219+0000] {standard_task_runner.py:105} ERROR - Failed to execute job 367 for task downloads_folders_task ([Errno 2] No such file or directory: '/home/michel/airflow-docker/.kaggle/kaggle.json'; 437)
[2023-05-28T01:49:11.244+0000] {local_task_job.py:208} INFO - Task exited with return code 1
[2023-05-28T01:49:11.286+0000] {taskinstance.py:2578} INFO - 0 downstream tasks scheduled from follow-on schedule check
