[2023-05-21T23:33:22.931+0000] {processor.py:153} INFO - Started process (PID=19289) to work on /opt/airflow/dags/daggroup.py
[2023-05-21T23:33:22.933+0000] {processor.py:743} INFO - Processing file /opt/airflow/dags/daggroup.py for tasks to queue
[2023-05-21T23:33:22.934+0000] {logging_mixin.py:137} INFO - [2023-05-21T23:33:22.934+0000] {dagbag.py:538} INFO - Filling up the DagBag from /opt/airflow/dags/daggroup.py
[2023-05-21T23:33:22.954+0000] {logging_mixin.py:137} INFO - [2023-05-21T23:33:22.952+0000] {dagbag.py:343} ERROR - Failed to import: /opt/airflow/dags/daggroup.py
Traceback (most recent call last):
  File "/home/airflow/.local/lib/python3.7/site-packages/airflow/models/dagbag.py", line 339, in parse
    loader.exec_module(new_module)
  File "<frozen importlib._bootstrap_external>", line 728, in exec_module
  File "<frozen importlib._bootstrap>", line 219, in _call_with_frames_removed
  File "/opt/airflow/dags/daggroup.py", line 53, in <module>
    task_group = tsk_group
NameError: name 'tsk_group' is not defined
[2023-05-21T23:33:22.954+0000] {processor.py:755} WARNING - No viable dags retrieved from /opt/airflow/dags/daggroup.py
[2023-05-21T23:33:22.977+0000] {processor.py:175} INFO - Processing /opt/airflow/dags/daggroup.py took 0.051 seconds
[2023-05-21T23:33:39.900+0000] {processor.py:153} INFO - Started process (PID=19307) to work on /opt/airflow/dags/daggroup.py
[2023-05-21T23:33:39.900+0000] {processor.py:743} INFO - Processing file /opt/airflow/dags/daggroup.py for tasks to queue
[2023-05-21T23:33:39.901+0000] {logging_mixin.py:137} INFO - [2023-05-21T23:33:39.901+0000] {dagbag.py:538} INFO - Filling up the DagBag from /opt/airflow/dags/daggroup.py
[2023-05-21T23:33:39.925+0000] {processor.py:753} INFO - DAG(s) dict_keys(['outradag']) retrieved from /opt/airflow/dags/daggroup.py
[2023-05-21T23:33:40.210+0000] {logging_mixin.py:137} INFO - [2023-05-21T23:33:40.210+0000] {dag.py:2690} INFO - Sync 1 DAGs
[2023-05-21T23:33:40.242+0000] {logging_mixin.py:137} INFO - [2023-05-21T23:33:40.241+0000] {dag.py:3441} INFO - Setting next_dagrun for outradag to 2023-05-21T23:30:00+00:00, run_after=2023-05-22T00:30:00+00:00
[2023-05-21T23:33:40.272+0000] {processor.py:175} INFO - Processing /opt/airflow/dags/daggroup.py took 0.376 seconds
[2023-05-21T23:34:10.754+0000] {processor.py:153} INFO - Started process (PID=19345) to work on /opt/airflow/dags/daggroup.py
[2023-05-21T23:34:10.776+0000] {processor.py:743} INFO - Processing file /opt/airflow/dags/daggroup.py for tasks to queue
[2023-05-21T23:34:10.788+0000] {logging_mixin.py:137} INFO - [2023-05-21T23:34:10.787+0000] {dagbag.py:538} INFO - Filling up the DagBag from /opt/airflow/dags/daggroup.py
[2023-05-21T23:34:10.838+0000] {processor.py:753} INFO - DAG(s) dict_keys(['outradag']) retrieved from /opt/airflow/dags/daggroup.py
[2023-05-21T23:34:10.930+0000] {logging_mixin.py:137} INFO - [2023-05-21T23:34:10.930+0000] {dag.py:2690} INFO - Sync 1 DAGs
[2023-05-21T23:34:11.527+0000] {logging_mixin.py:137} INFO - [2023-05-21T23:34:11.526+0000] {dag.py:3441} INFO - Setting next_dagrun for outradag to 2023-05-21T23:30:00+00:00, run_after=2023-05-22T00:30:00+00:00
[2023-05-21T23:34:11.558+0000] {processor.py:175} INFO - Processing /opt/airflow/dags/daggroup.py took 0.811 seconds
[2023-05-21T23:34:33.749+0000] {processor.py:153} INFO - Started process (PID=19363) to work on /opt/airflow/dags/daggroup.py
[2023-05-21T23:34:33.750+0000] {processor.py:743} INFO - Processing file /opt/airflow/dags/daggroup.py for tasks to queue
[2023-05-21T23:34:33.751+0000] {logging_mixin.py:137} INFO - [2023-05-21T23:34:33.750+0000] {dagbag.py:538} INFO - Filling up the DagBag from /opt/airflow/dags/daggroup.py
[2023-05-21T23:34:33.776+0000] {processor.py:753} INFO - DAG(s) dict_keys(['daggroup']) retrieved from /opt/airflow/dags/daggroup.py
[2023-05-21T23:34:34.132+0000] {logging_mixin.py:137} INFO - [2023-05-21T23:34:34.132+0000] {manager.py:504} INFO - Created Permission View: can edit on DAG:daggroup
[2023-05-21T23:34:34.148+0000] {logging_mixin.py:137} INFO - [2023-05-21T23:34:34.148+0000] {manager.py:504} INFO - Created Permission View: can delete on DAG:daggroup
[2023-05-21T23:34:34.158+0000] {logging_mixin.py:137} INFO - [2023-05-21T23:34:34.158+0000] {manager.py:504} INFO - Created Permission View: can read on DAG:daggroup
[2023-05-21T23:34:34.158+0000] {logging_mixin.py:137} INFO - [2023-05-21T23:34:34.158+0000] {dag.py:2690} INFO - Sync 1 DAGs
[2023-05-21T23:34:34.171+0000] {logging_mixin.py:137} INFO - [2023-05-21T23:34:34.171+0000] {dag.py:2711} INFO - Creating ORM DAG for daggroup
[2023-05-21T23:34:34.185+0000] {logging_mixin.py:137} INFO - [2023-05-21T23:34:34.185+0000] {dag.py:3441} INFO - Setting next_dagrun for daggroup to 2023-05-21T22:30:00+00:00, run_after=2023-05-21T23:30:00+00:00
[2023-05-21T23:34:34.205+0000] {processor.py:175} INFO - Processing /opt/airflow/dags/daggroup.py took 0.462 seconds
[2023-05-21T23:35:04.390+0000] {processor.py:153} INFO - Started process (PID=19393) to work on /opt/airflow/dags/daggroup.py
[2023-05-21T23:35:04.391+0000] {processor.py:743} INFO - Processing file /opt/airflow/dags/daggroup.py for tasks to queue
[2023-05-21T23:35:04.392+0000] {logging_mixin.py:137} INFO - [2023-05-21T23:35:04.392+0000] {dagbag.py:538} INFO - Filling up the DagBag from /opt/airflow/dags/daggroup.py
[2023-05-21T23:35:04.549+0000] {processor.py:753} INFO - DAG(s) dict_keys(['daggroup']) retrieved from /opt/airflow/dags/daggroup.py
[2023-05-21T23:35:04.589+0000] {logging_mixin.py:137} INFO - [2023-05-21T23:35:04.589+0000] {dag.py:2690} INFO - Sync 1 DAGs
[2023-05-21T23:35:04.619+0000] {logging_mixin.py:137} INFO - [2023-05-21T23:35:04.619+0000] {dag.py:3441} INFO - Setting next_dagrun for daggroup to 2023-05-21T22:30:00+00:00, run_after=2023-05-21T23:30:00+00:00
[2023-05-21T23:35:04.645+0000] {processor.py:175} INFO - Processing /opt/airflow/dags/daggroup.py took 0.258 seconds
[2023-05-21T23:35:35.485+0000] {processor.py:153} INFO - Started process (PID=19435) to work on /opt/airflow/dags/daggroup.py
[2023-05-21T23:35:35.486+0000] {processor.py:743} INFO - Processing file /opt/airflow/dags/daggroup.py for tasks to queue
[2023-05-21T23:35:35.487+0000] {logging_mixin.py:137} INFO - [2023-05-21T23:35:35.487+0000] {dagbag.py:538} INFO - Filling up the DagBag from /opt/airflow/dags/daggroup.py
[2023-05-21T23:35:35.509+0000] {processor.py:753} INFO - DAG(s) dict_keys(['daggroup']) retrieved from /opt/airflow/dags/daggroup.py
[2023-05-21T23:35:35.537+0000] {logging_mixin.py:137} INFO - [2023-05-21T23:35:35.537+0000] {dag.py:2690} INFO - Sync 1 DAGs
[2023-05-21T23:35:35.569+0000] {logging_mixin.py:137} INFO - [2023-05-21T23:35:35.569+0000] {dag.py:3441} INFO - Setting next_dagrun for daggroup to 2023-05-21T22:30:00+00:00, run_after=2023-05-21T23:30:00+00:00
[2023-05-21T23:35:35.757+0000] {processor.py:175} INFO - Processing /opt/airflow/dags/daggroup.py took 0.280 seconds
[2023-05-21T23:36:05.998+0000] {processor.py:153} INFO - Started process (PID=19486) to work on /opt/airflow/dags/daggroup.py
[2023-05-21T23:36:06.000+0000] {processor.py:743} INFO - Processing file /opt/airflow/dags/daggroup.py for tasks to queue
[2023-05-21T23:36:06.001+0000] {logging_mixin.py:137} INFO - [2023-05-21T23:36:06.000+0000] {dagbag.py:538} INFO - Filling up the DagBag from /opt/airflow/dags/daggroup.py
[2023-05-21T23:36:06.033+0000] {processor.py:753} INFO - DAG(s) dict_keys(['daggroup']) retrieved from /opt/airflow/dags/daggroup.py
[2023-05-21T23:36:06.068+0000] {logging_mixin.py:137} INFO - [2023-05-21T23:36:06.068+0000] {dag.py:2690} INFO - Sync 1 DAGs
[2023-05-21T23:36:06.302+0000] {logging_mixin.py:137} INFO - [2023-05-21T23:36:06.302+0000] {dag.py:3441} INFO - Setting next_dagrun for daggroup to 2023-05-21T23:30:00+00:00, run_after=2023-05-22T00:30:00+00:00
[2023-05-21T23:36:06.328+0000] {processor.py:175} INFO - Processing /opt/airflow/dags/daggroup.py took 0.340 seconds
[2023-05-21T23:36:36.465+0000] {processor.py:153} INFO - Started process (PID=19521) to work on /opt/airflow/dags/daggroup.py
[2023-05-21T23:36:36.467+0000] {processor.py:743} INFO - Processing file /opt/airflow/dags/daggroup.py for tasks to queue
[2023-05-21T23:36:36.468+0000] {logging_mixin.py:137} INFO - [2023-05-21T23:36:36.468+0000] {dagbag.py:538} INFO - Filling up the DagBag from /opt/airflow/dags/daggroup.py
[2023-05-21T23:36:36.509+0000] {processor.py:753} INFO - DAG(s) dict_keys(['daggroup']) retrieved from /opt/airflow/dags/daggroup.py
[2023-05-21T23:36:36.732+0000] {logging_mixin.py:137} INFO - [2023-05-21T23:36:36.732+0000] {dag.py:2690} INFO - Sync 1 DAGs
[2023-05-21T23:36:36.765+0000] {logging_mixin.py:137} INFO - [2023-05-21T23:36:36.765+0000] {dag.py:3441} INFO - Setting next_dagrun for daggroup to 2023-05-21T23:30:00+00:00, run_after=2023-05-22T00:30:00+00:00
[2023-05-21T23:36:36.785+0000] {processor.py:175} INFO - Processing /opt/airflow/dags/daggroup.py took 0.332 seconds
[2023-05-21T23:37:06.906+0000] {processor.py:153} INFO - Started process (PID=19551) to work on /opt/airflow/dags/daggroup.py
[2023-05-21T23:37:06.908+0000] {processor.py:743} INFO - Processing file /opt/airflow/dags/daggroup.py for tasks to queue
[2023-05-21T23:37:06.909+0000] {logging_mixin.py:137} INFO - [2023-05-21T23:37:06.909+0000] {dagbag.py:538} INFO - Filling up the DagBag from /opt/airflow/dags/daggroup.py
[2023-05-21T23:37:07.104+0000] {processor.py:753} INFO - DAG(s) dict_keys(['daggroup']) retrieved from /opt/airflow/dags/daggroup.py
[2023-05-21T23:37:07.131+0000] {logging_mixin.py:137} INFO - [2023-05-21T23:37:07.131+0000] {dag.py:2690} INFO - Sync 1 DAGs
[2023-05-21T23:37:07.163+0000] {logging_mixin.py:137} INFO - [2023-05-21T23:37:07.163+0000] {dag.py:3441} INFO - Setting next_dagrun for daggroup to 2023-05-21T23:30:00+00:00, run_after=2023-05-22T00:30:00+00:00
[2023-05-21T23:37:07.204+0000] {processor.py:175} INFO - Processing /opt/airflow/dags/daggroup.py took 0.308 seconds
[2023-05-21T23:37:37.272+0000] {processor.py:153} INFO - Started process (PID=19592) to work on /opt/airflow/dags/daggroup.py
[2023-05-21T23:37:37.273+0000] {processor.py:743} INFO - Processing file /opt/airflow/dags/daggroup.py for tasks to queue
[2023-05-21T23:37:37.273+0000] {logging_mixin.py:137} INFO - [2023-05-21T23:37:37.273+0000] {dagbag.py:538} INFO - Filling up the DagBag from /opt/airflow/dags/daggroup.py
[2023-05-21T23:37:37.304+0000] {processor.py:753} INFO - DAG(s) dict_keys(['daggroup']) retrieved from /opt/airflow/dags/daggroup.py
[2023-05-21T23:37:37.344+0000] {logging_mixin.py:137} INFO - [2023-05-21T23:37:37.344+0000] {dag.py:2690} INFO - Sync 1 DAGs
[2023-05-21T23:37:37.415+0000] {logging_mixin.py:137} INFO - [2023-05-21T23:37:37.415+0000] {dag.py:3441} INFO - Setting next_dagrun for daggroup to 2023-05-21T23:30:00+00:00, run_after=2023-05-22T00:30:00+00:00
[2023-05-21T23:37:37.797+0000] {processor.py:175} INFO - Processing /opt/airflow/dags/daggroup.py took 0.528 seconds
[2023-05-21T23:38:08.179+0000] {processor.py:153} INFO - Started process (PID=19621) to work on /opt/airflow/dags/daggroup.py
[2023-05-21T23:38:08.180+0000] {processor.py:743} INFO - Processing file /opt/airflow/dags/daggroup.py for tasks to queue
[2023-05-21T23:38:08.181+0000] {logging_mixin.py:137} INFO - [2023-05-21T23:38:08.181+0000] {dagbag.py:538} INFO - Filling up the DagBag from /opt/airflow/dags/daggroup.py
[2023-05-21T23:38:08.206+0000] {processor.py:753} INFO - DAG(s) dict_keys(['daggroup']) retrieved from /opt/airflow/dags/daggroup.py
[2023-05-21T23:38:08.246+0000] {logging_mixin.py:137} INFO - [2023-05-21T23:38:08.246+0000] {dag.py:2690} INFO - Sync 1 DAGs
[2023-05-21T23:38:08.528+0000] {logging_mixin.py:137} INFO - [2023-05-21T23:38:08.528+0000] {dag.py:3441} INFO - Setting next_dagrun for daggroup to 2023-05-21T23:30:00+00:00, run_after=2023-05-22T00:30:00+00:00
[2023-05-21T23:38:08.552+0000] {processor.py:175} INFO - Processing /opt/airflow/dags/daggroup.py took 0.380 seconds
[2023-05-21T23:38:39.125+0000] {processor.py:153} INFO - Started process (PID=19650) to work on /opt/airflow/dags/daggroup.py
[2023-05-21T23:38:39.128+0000] {processor.py:743} INFO - Processing file /opt/airflow/dags/daggroup.py for tasks to queue
[2023-05-21T23:38:39.132+0000] {logging_mixin.py:137} INFO - [2023-05-21T23:38:39.131+0000] {dagbag.py:538} INFO - Filling up the DagBag from /opt/airflow/dags/daggroup.py
[2023-05-21T23:38:39.171+0000] {processor.py:753} INFO - DAG(s) dict_keys(['daggroup']) retrieved from /opt/airflow/dags/daggroup.py
[2023-05-21T23:38:39.377+0000] {logging_mixin.py:137} INFO - [2023-05-21T23:38:39.377+0000] {dag.py:2690} INFO - Sync 1 DAGs
[2023-05-21T23:38:39.419+0000] {logging_mixin.py:137} INFO - [2023-05-21T23:38:39.419+0000] {dag.py:3441} INFO - Setting next_dagrun for daggroup to 2023-05-21T23:30:00+00:00, run_after=2023-05-22T00:30:00+00:00
[2023-05-21T23:38:39.443+0000] {processor.py:175} INFO - Processing /opt/airflow/dags/daggroup.py took 0.330 seconds
[2023-05-21T23:39:09.690+0000] {processor.py:153} INFO - Started process (PID=19689) to work on /opt/airflow/dags/daggroup.py
[2023-05-21T23:39:09.691+0000] {processor.py:743} INFO - Processing file /opt/airflow/dags/daggroup.py for tasks to queue
[2023-05-21T23:39:09.692+0000] {logging_mixin.py:137} INFO - [2023-05-21T23:39:09.692+0000] {dagbag.py:538} INFO - Filling up the DagBag from /opt/airflow/dags/daggroup.py
[2023-05-21T23:39:09.941+0000] {processor.py:753} INFO - DAG(s) dict_keys(['daggroup']) retrieved from /opt/airflow/dags/daggroup.py
[2023-05-21T23:39:09.973+0000] {logging_mixin.py:137} INFO - [2023-05-21T23:39:09.972+0000] {dag.py:2690} INFO - Sync 1 DAGs
[2023-05-21T23:39:10.015+0000] {logging_mixin.py:137} INFO - [2023-05-21T23:39:10.015+0000] {dag.py:3441} INFO - Setting next_dagrun for daggroup to 2023-05-21T23:30:00+00:00, run_after=2023-05-22T00:30:00+00:00
[2023-05-21T23:39:10.042+0000] {processor.py:175} INFO - Processing /opt/airflow/dags/daggroup.py took 0.356 seconds
[2023-05-21T23:39:41.070+0000] {processor.py:153} INFO - Started process (PID=19720) to work on /opt/airflow/dags/daggroup.py
[2023-05-21T23:39:41.071+0000] {processor.py:743} INFO - Processing file /opt/airflow/dags/daggroup.py for tasks to queue
[2023-05-21T23:39:41.073+0000] {logging_mixin.py:137} INFO - [2023-05-21T23:39:41.073+0000] {dagbag.py:538} INFO - Filling up the DagBag from /opt/airflow/dags/daggroup.py
[2023-05-21T23:39:41.113+0000] {processor.py:753} INFO - DAG(s) dict_keys(['daggroup']) retrieved from /opt/airflow/dags/daggroup.py
[2023-05-21T23:39:41.161+0000] {logging_mixin.py:137} INFO - [2023-05-21T23:39:41.161+0000] {dag.py:2690} INFO - Sync 1 DAGs
[2023-05-21T23:39:41.224+0000] {logging_mixin.py:137} INFO - [2023-05-21T23:39:41.224+0000] {dag.py:3441} INFO - Setting next_dagrun for daggroup to 2023-05-21T23:30:00+00:00, run_after=2023-05-22T00:30:00+00:00
[2023-05-21T23:39:41.258+0000] {processor.py:175} INFO - Processing /opt/airflow/dags/daggroup.py took 0.196 seconds
[2023-05-21T23:40:12.142+0000] {processor.py:153} INFO - Started process (PID=19750) to work on /opt/airflow/dags/daggroup.py
[2023-05-21T23:40:12.143+0000] {processor.py:743} INFO - Processing file /opt/airflow/dags/daggroup.py for tasks to queue
[2023-05-21T23:40:12.144+0000] {logging_mixin.py:137} INFO - [2023-05-21T23:40:12.144+0000] {dagbag.py:538} INFO - Filling up the DagBag from /opt/airflow/dags/daggroup.py
[2023-05-21T23:40:12.167+0000] {processor.py:753} INFO - DAG(s) dict_keys(['daggroup']) retrieved from /opt/airflow/dags/daggroup.py
[2023-05-21T23:40:12.225+0000] {logging_mixin.py:137} INFO - [2023-05-21T23:40:12.224+0000] {dag.py:2690} INFO - Sync 1 DAGs
[2023-05-21T23:40:12.291+0000] {logging_mixin.py:137} INFO - [2023-05-21T23:40:12.291+0000] {dag.py:3441} INFO - Setting next_dagrun for daggroup to 2023-05-21T23:30:00+00:00, run_after=2023-05-22T00:30:00+00:00
[2023-05-21T23:40:12.339+0000] {processor.py:175} INFO - Processing /opt/airflow/dags/daggroup.py took 0.205 seconds
[2023-05-21T23:40:43.315+0000] {processor.py:153} INFO - Started process (PID=19780) to work on /opt/airflow/dags/daggroup.py
[2023-05-21T23:40:43.321+0000] {processor.py:743} INFO - Processing file /opt/airflow/dags/daggroup.py for tasks to queue
[2023-05-21T23:40:43.330+0000] {logging_mixin.py:137} INFO - [2023-05-21T23:40:43.329+0000] {dagbag.py:538} INFO - Filling up the DagBag from /opt/airflow/dags/daggroup.py
[2023-05-21T23:40:43.371+0000] {processor.py:753} INFO - DAG(s) dict_keys(['daggroup']) retrieved from /opt/airflow/dags/daggroup.py
[2023-05-21T23:40:43.428+0000] {logging_mixin.py:137} INFO - [2023-05-21T23:40:43.428+0000] {dag.py:2690} INFO - Sync 1 DAGs
[2023-05-21T23:40:43.478+0000] {logging_mixin.py:137} INFO - [2023-05-21T23:40:43.477+0000] {dag.py:3441} INFO - Setting next_dagrun for daggroup to 2023-05-21T23:30:00+00:00, run_after=2023-05-22T00:30:00+00:00
[2023-05-21T23:40:43.507+0000] {processor.py:175} INFO - Processing /opt/airflow/dags/daggroup.py took 0.204 seconds
[2023-05-21T23:41:13.858+0000] {processor.py:153} INFO - Started process (PID=19821) to work on /opt/airflow/dags/daggroup.py
[2023-05-21T23:41:13.863+0000] {processor.py:743} INFO - Processing file /opt/airflow/dags/daggroup.py for tasks to queue
[2023-05-21T23:41:13.864+0000] {logging_mixin.py:137} INFO - [2023-05-21T23:41:13.863+0000] {dagbag.py:538} INFO - Filling up the DagBag from /opt/airflow/dags/daggroup.py
[2023-05-21T23:41:13.895+0000] {processor.py:753} INFO - DAG(s) dict_keys(['daggroup']) retrieved from /opt/airflow/dags/daggroup.py
[2023-05-21T23:41:13.947+0000] {logging_mixin.py:137} INFO - [2023-05-21T23:41:13.947+0000] {dag.py:2690} INFO - Sync 1 DAGs
[2023-05-21T23:41:14.012+0000] {logging_mixin.py:137} INFO - [2023-05-21T23:41:14.011+0000] {dag.py:3441} INFO - Setting next_dagrun for daggroup to 2023-05-21T23:30:00+00:00, run_after=2023-05-22T00:30:00+00:00
[2023-05-21T23:41:14.063+0000] {processor.py:175} INFO - Processing /opt/airflow/dags/daggroup.py took 0.215 seconds
[2023-05-21T23:41:44.791+0000] {processor.py:153} INFO - Started process (PID=19852) to work on /opt/airflow/dags/daggroup.py
[2023-05-21T23:41:44.793+0000] {processor.py:743} INFO - Processing file /opt/airflow/dags/daggroup.py for tasks to queue
[2023-05-21T23:41:44.794+0000] {logging_mixin.py:137} INFO - [2023-05-21T23:41:44.794+0000] {dagbag.py:538} INFO - Filling up the DagBag from /opt/airflow/dags/daggroup.py
[2023-05-21T23:41:44.819+0000] {processor.py:753} INFO - DAG(s) dict_keys(['daggroup']) retrieved from /opt/airflow/dags/daggroup.py
[2023-05-21T23:41:44.853+0000] {logging_mixin.py:137} INFO - [2023-05-21T23:41:44.853+0000] {dag.py:2690} INFO - Sync 1 DAGs
[2023-05-21T23:41:44.896+0000] {logging_mixin.py:137} INFO - [2023-05-21T23:41:44.896+0000] {dag.py:3441} INFO - Setting next_dagrun for daggroup to 2023-05-21T23:30:00+00:00, run_after=2023-05-22T00:30:00+00:00
[2023-05-21T23:41:44.917+0000] {processor.py:175} INFO - Processing /opt/airflow/dags/daggroup.py took 0.131 seconds
[2023-05-21T23:42:15.253+0000] {processor.py:153} INFO - Started process (PID=19883) to work on /opt/airflow/dags/daggroup.py
[2023-05-21T23:42:15.254+0000] {processor.py:743} INFO - Processing file /opt/airflow/dags/daggroup.py for tasks to queue
[2023-05-21T23:42:15.254+0000] {logging_mixin.py:137} INFO - [2023-05-21T23:42:15.254+0000] {dagbag.py:538} INFO - Filling up the DagBag from /opt/airflow/dags/daggroup.py
[2023-05-21T23:42:15.282+0000] {processor.py:753} INFO - DAG(s) dict_keys(['daggroup']) retrieved from /opt/airflow/dags/daggroup.py
[2023-05-21T23:42:15.319+0000] {logging_mixin.py:137} INFO - [2023-05-21T23:42:15.319+0000] {dag.py:2690} INFO - Sync 1 DAGs
[2023-05-21T23:42:15.367+0000] {logging_mixin.py:137} INFO - [2023-05-21T23:42:15.366+0000] {dag.py:3441} INFO - Setting next_dagrun for daggroup to 2023-05-21T23:30:00+00:00, run_after=2023-05-22T00:30:00+00:00
[2023-05-21T23:42:15.394+0000] {processor.py:175} INFO - Processing /opt/airflow/dags/daggroup.py took 0.144 seconds
[2023-05-21T23:42:46.241+0000] {processor.py:153} INFO - Started process (PID=19912) to work on /opt/airflow/dags/daggroup.py
[2023-05-21T23:42:46.242+0000] {processor.py:743} INFO - Processing file /opt/airflow/dags/daggroup.py for tasks to queue
[2023-05-21T23:42:46.243+0000] {logging_mixin.py:137} INFO - [2023-05-21T23:42:46.242+0000] {dagbag.py:538} INFO - Filling up the DagBag from /opt/airflow/dags/daggroup.py
[2023-05-21T23:42:46.273+0000] {processor.py:753} INFO - DAG(s) dict_keys(['daggroup']) retrieved from /opt/airflow/dags/daggroup.py
[2023-05-21T23:42:46.311+0000] {logging_mixin.py:137} INFO - [2023-05-21T23:42:46.311+0000] {dag.py:2690} INFO - Sync 1 DAGs
[2023-05-21T23:42:46.358+0000] {logging_mixin.py:137} INFO - [2023-05-21T23:42:46.358+0000] {dag.py:3441} INFO - Setting next_dagrun for daggroup to 2023-05-21T23:30:00+00:00, run_after=2023-05-22T00:30:00+00:00
[2023-05-21T23:42:46.395+0000] {processor.py:175} INFO - Processing /opt/airflow/dags/daggroup.py took 0.160 seconds
[2023-05-21T23:43:17.238+0000] {processor.py:153} INFO - Started process (PID=19950) to work on /opt/airflow/dags/daggroup.py
[2023-05-21T23:43:17.246+0000] {processor.py:743} INFO - Processing file /opt/airflow/dags/daggroup.py for tasks to queue
[2023-05-21T23:43:17.247+0000] {logging_mixin.py:137} INFO - [2023-05-21T23:43:17.247+0000] {dagbag.py:538} INFO - Filling up the DagBag from /opt/airflow/dags/daggroup.py
[2023-05-21T23:43:17.282+0000] {processor.py:753} INFO - DAG(s) dict_keys(['daggroup']) retrieved from /opt/airflow/dags/daggroup.py
[2023-05-21T23:43:17.338+0000] {logging_mixin.py:137} INFO - [2023-05-21T23:43:17.338+0000] {dag.py:2690} INFO - Sync 1 DAGs
[2023-05-21T23:43:17.402+0000] {logging_mixin.py:137} INFO - [2023-05-21T23:43:17.402+0000] {dag.py:3441} INFO - Setting next_dagrun for daggroup to 2023-05-21T23:30:00+00:00, run_after=2023-05-22T00:30:00+00:00
[2023-05-21T23:43:17.449+0000] {processor.py:175} INFO - Processing /opt/airflow/dags/daggroup.py took 0.217 seconds
[2023-05-21T23:43:48.353+0000] {processor.py:153} INFO - Started process (PID=19983) to work on /opt/airflow/dags/daggroup.py
[2023-05-21T23:43:48.353+0000] {processor.py:743} INFO - Processing file /opt/airflow/dags/daggroup.py for tasks to queue
[2023-05-21T23:43:48.354+0000] {logging_mixin.py:137} INFO - [2023-05-21T23:43:48.354+0000] {dagbag.py:538} INFO - Filling up the DagBag from /opt/airflow/dags/daggroup.py
[2023-05-21T23:43:48.386+0000] {processor.py:753} INFO - DAG(s) dict_keys(['daggroup']) retrieved from /opt/airflow/dags/daggroup.py
[2023-05-21T23:43:48.425+0000] {logging_mixin.py:137} INFO - [2023-05-21T23:43:48.424+0000] {dag.py:2690} INFO - Sync 1 DAGs
[2023-05-21T23:43:48.502+0000] {logging_mixin.py:137} INFO - [2023-05-21T23:43:48.501+0000] {dag.py:3441} INFO - Setting next_dagrun for daggroup to 2023-05-21T23:30:00+00:00, run_after=2023-05-22T00:30:00+00:00
[2023-05-21T23:43:48.541+0000] {processor.py:175} INFO - Processing /opt/airflow/dags/daggroup.py took 0.194 seconds
[2023-05-21T23:44:19.322+0000] {processor.py:153} INFO - Started process (PID=20013) to work on /opt/airflow/dags/daggroup.py
[2023-05-21T23:44:19.325+0000] {processor.py:743} INFO - Processing file /opt/airflow/dags/daggroup.py for tasks to queue
[2023-05-21T23:44:19.327+0000] {logging_mixin.py:137} INFO - [2023-05-21T23:44:19.327+0000] {dagbag.py:538} INFO - Filling up the DagBag from /opt/airflow/dags/daggroup.py
[2023-05-21T23:44:19.357+0000] {processor.py:753} INFO - DAG(s) dict_keys(['daggroup']) retrieved from /opt/airflow/dags/daggroup.py
[2023-05-21T23:44:19.383+0000] {logging_mixin.py:137} INFO - [2023-05-21T23:44:19.383+0000] {dag.py:2690} INFO - Sync 1 DAGs
[2023-05-21T23:44:19.412+0000] {logging_mixin.py:137} INFO - [2023-05-21T23:44:19.412+0000] {dag.py:3441} INFO - Setting next_dagrun for daggroup to 2023-05-21T23:30:00+00:00, run_after=2023-05-22T00:30:00+00:00
[2023-05-21T23:44:19.429+0000] {processor.py:175} INFO - Processing /opt/airflow/dags/daggroup.py took 0.118 seconds
[2023-05-21T23:44:50.247+0000] {processor.py:153} INFO - Started process (PID=20043) to work on /opt/airflow/dags/daggroup.py
[2023-05-21T23:44:50.249+0000] {processor.py:743} INFO - Processing file /opt/airflow/dags/daggroup.py for tasks to queue
[2023-05-21T23:44:50.251+0000] {logging_mixin.py:137} INFO - [2023-05-21T23:44:50.251+0000] {dagbag.py:538} INFO - Filling up the DagBag from /opt/airflow/dags/daggroup.py
[2023-05-21T23:44:50.299+0000] {processor.py:753} INFO - DAG(s) dict_keys(['daggroup']) retrieved from /opt/airflow/dags/daggroup.py
[2023-05-21T23:44:50.368+0000] {logging_mixin.py:137} INFO - [2023-05-21T23:44:50.368+0000] {dag.py:2690} INFO - Sync 1 DAGs
[2023-05-21T23:44:50.418+0000] {logging_mixin.py:137} INFO - [2023-05-21T23:44:50.418+0000] {dag.py:3441} INFO - Setting next_dagrun for daggroup to 2023-05-21T23:30:00+00:00, run_after=2023-05-22T00:30:00+00:00
[2023-05-21T23:44:50.449+0000] {processor.py:175} INFO - Processing /opt/airflow/dags/daggroup.py took 0.211 seconds
[2023-05-21T23:45:20.669+0000] {processor.py:153} INFO - Started process (PID=20088) to work on /opt/airflow/dags/daggroup.py
[2023-05-21T23:45:20.670+0000] {processor.py:743} INFO - Processing file /opt/airflow/dags/daggroup.py for tasks to queue
[2023-05-21T23:45:20.671+0000] {logging_mixin.py:137} INFO - [2023-05-21T23:45:20.671+0000] {dagbag.py:538} INFO - Filling up the DagBag from /opt/airflow/dags/daggroup.py
[2023-05-21T23:45:20.721+0000] {processor.py:753} INFO - DAG(s) dict_keys(['daggroup']) retrieved from /opt/airflow/dags/daggroup.py
[2023-05-21T23:45:20.827+0000] {logging_mixin.py:137} INFO - [2023-05-21T23:45:20.827+0000] {dag.py:2690} INFO - Sync 1 DAGs
[2023-05-21T23:45:20.911+0000] {logging_mixin.py:137} INFO - [2023-05-21T23:45:20.911+0000] {dag.py:3441} INFO - Setting next_dagrun for daggroup to 2023-05-21T23:30:00+00:00, run_after=2023-05-22T00:30:00+00:00
[2023-05-21T23:45:20.964+0000] {processor.py:175} INFO - Processing /opt/airflow/dags/daggroup.py took 0.307 seconds
[2023-05-21T23:45:51.323+0000] {processor.py:153} INFO - Started process (PID=20127) to work on /opt/airflow/dags/daggroup.py
[2023-05-21T23:45:51.324+0000] {processor.py:743} INFO - Processing file /opt/airflow/dags/daggroup.py for tasks to queue
[2023-05-21T23:45:51.327+0000] {logging_mixin.py:137} INFO - [2023-05-21T23:45:51.324+0000] {dagbag.py:538} INFO - Filling up the DagBag from /opt/airflow/dags/daggroup.py
[2023-05-21T23:45:51.375+0000] {processor.py:753} INFO - DAG(s) dict_keys(['daggroup']) retrieved from /opt/airflow/dags/daggroup.py
[2023-05-21T23:45:51.432+0000] {logging_mixin.py:137} INFO - [2023-05-21T23:45:51.432+0000] {dag.py:2690} INFO - Sync 1 DAGs
[2023-05-21T23:45:51.484+0000] {logging_mixin.py:137} INFO - [2023-05-21T23:45:51.484+0000] {dag.py:3441} INFO - Setting next_dagrun for daggroup to 2023-05-21T23:30:00+00:00, run_after=2023-05-22T00:30:00+00:00
[2023-05-21T23:45:51.510+0000] {processor.py:175} INFO - Processing /opt/airflow/dags/daggroup.py took 0.195 seconds
[2023-05-21T23:46:22.207+0000] {processor.py:153} INFO - Started process (PID=20158) to work on /opt/airflow/dags/daggroup.py
[2023-05-21T23:46:22.208+0000] {processor.py:743} INFO - Processing file /opt/airflow/dags/daggroup.py for tasks to queue
[2023-05-21T23:46:22.209+0000] {logging_mixin.py:137} INFO - [2023-05-21T23:46:22.209+0000] {dagbag.py:538} INFO - Filling up the DagBag from /opt/airflow/dags/daggroup.py
[2023-05-21T23:46:22.242+0000] {processor.py:753} INFO - DAG(s) dict_keys(['daggroup']) retrieved from /opt/airflow/dags/daggroup.py
[2023-05-21T23:46:22.296+0000] {logging_mixin.py:137} INFO - [2023-05-21T23:46:22.296+0000] {dag.py:2690} INFO - Sync 1 DAGs
[2023-05-21T23:46:22.351+0000] {logging_mixin.py:137} INFO - [2023-05-21T23:46:22.351+0000] {dag.py:3441} INFO - Setting next_dagrun for daggroup to 2023-05-21T23:30:00+00:00, run_after=2023-05-22T00:30:00+00:00
[2023-05-21T23:46:22.387+0000] {processor.py:175} INFO - Processing /opt/airflow/dags/daggroup.py took 0.182 seconds
[2023-05-21T23:46:52.625+0000] {processor.py:153} INFO - Started process (PID=20189) to work on /opt/airflow/dags/daggroup.py
[2023-05-21T23:46:52.627+0000] {processor.py:743} INFO - Processing file /opt/airflow/dags/daggroup.py for tasks to queue
[2023-05-21T23:46:52.628+0000] {logging_mixin.py:137} INFO - [2023-05-21T23:46:52.628+0000] {dagbag.py:538} INFO - Filling up the DagBag from /opt/airflow/dags/daggroup.py
[2023-05-21T23:46:52.686+0000] {processor.py:753} INFO - DAG(s) dict_keys(['daggroup']) retrieved from /opt/airflow/dags/daggroup.py
[2023-05-21T23:46:52.762+0000] {logging_mixin.py:137} INFO - [2023-05-21T23:46:52.762+0000] {dag.py:2690} INFO - Sync 1 DAGs
[2023-05-21T23:46:52.817+0000] {logging_mixin.py:137} INFO - [2023-05-21T23:46:52.817+0000] {dag.py:3441} INFO - Setting next_dagrun for daggroup to 2023-05-21T23:30:00+00:00, run_after=2023-05-22T00:30:00+00:00
[2023-05-21T23:46:52.847+0000] {processor.py:175} INFO - Processing /opt/airflow/dags/daggroup.py took 0.226 seconds
[2023-05-21T23:47:23.095+0000] {processor.py:153} INFO - Started process (PID=20220) to work on /opt/airflow/dags/daggroup.py
[2023-05-21T23:47:23.097+0000] {processor.py:743} INFO - Processing file /opt/airflow/dags/daggroup.py for tasks to queue
[2023-05-21T23:47:23.099+0000] {logging_mixin.py:137} INFO - [2023-05-21T23:47:23.098+0000] {dagbag.py:538} INFO - Filling up the DagBag from /opt/airflow/dags/daggroup.py
[2023-05-21T23:47:23.118+0000] {processor.py:753} INFO - DAG(s) dict_keys(['daggroup']) retrieved from /opt/airflow/dags/daggroup.py
[2023-05-21T23:47:23.151+0000] {logging_mixin.py:137} INFO - [2023-05-21T23:47:23.150+0000] {dag.py:2690} INFO - Sync 1 DAGs
[2023-05-21T23:47:23.183+0000] {logging_mixin.py:137} INFO - [2023-05-21T23:47:23.183+0000] {dag.py:3441} INFO - Setting next_dagrun for daggroup to 2023-05-21T23:30:00+00:00, run_after=2023-05-22T00:30:00+00:00
[2023-05-21T23:47:23.205+0000] {processor.py:175} INFO - Processing /opt/airflow/dags/daggroup.py took 0.115 seconds
[2023-05-21T23:47:54.068+0000] {processor.py:153} INFO - Started process (PID=20264) to work on /opt/airflow/dags/daggroup.py
[2023-05-21T23:47:54.069+0000] {processor.py:743} INFO - Processing file /opt/airflow/dags/daggroup.py for tasks to queue
[2023-05-21T23:47:54.069+0000] {logging_mixin.py:137} INFO - [2023-05-21T23:47:54.069+0000] {dagbag.py:538} INFO - Filling up the DagBag from /opt/airflow/dags/daggroup.py
[2023-05-21T23:47:54.093+0000] {processor.py:753} INFO - DAG(s) dict_keys(['daggroup']) retrieved from /opt/airflow/dags/daggroup.py
[2023-05-21T23:47:54.125+0000] {logging_mixin.py:137} INFO - [2023-05-21T23:47:54.125+0000] {dag.py:2690} INFO - Sync 1 DAGs
[2023-05-21T23:47:54.166+0000] {logging_mixin.py:137} INFO - [2023-05-21T23:47:54.166+0000] {dag.py:3441} INFO - Setting next_dagrun for daggroup to 2023-05-21T23:30:00+00:00, run_after=2023-05-22T00:30:00+00:00
[2023-05-21T23:47:54.194+0000] {processor.py:175} INFO - Processing /opt/airflow/dags/daggroup.py took 0.130 seconds
[2023-05-21T23:48:24.301+0000] {processor.py:153} INFO - Started process (PID=20294) to work on /opt/airflow/dags/daggroup.py
[2023-05-21T23:48:24.302+0000] {processor.py:743} INFO - Processing file /opt/airflow/dags/daggroup.py for tasks to queue
[2023-05-21T23:48:24.303+0000] {logging_mixin.py:137} INFO - [2023-05-21T23:48:24.303+0000] {dagbag.py:538} INFO - Filling up the DagBag from /opt/airflow/dags/daggroup.py
[2023-05-21T23:48:24.326+0000] {processor.py:753} INFO - DAG(s) dict_keys(['daggroup']) retrieved from /opt/airflow/dags/daggroup.py
[2023-05-21T23:48:24.362+0000] {logging_mixin.py:137} INFO - [2023-05-21T23:48:24.362+0000] {dag.py:2690} INFO - Sync 1 DAGs
[2023-05-21T23:48:24.414+0000] {logging_mixin.py:137} INFO - [2023-05-21T23:48:24.414+0000] {dag.py:3441} INFO - Setting next_dagrun for daggroup to 2023-05-21T23:30:00+00:00, run_after=2023-05-22T00:30:00+00:00
[2023-05-21T23:48:24.451+0000] {processor.py:175} INFO - Processing /opt/airflow/dags/daggroup.py took 0.154 seconds
[2023-05-21T23:48:54.754+0000] {processor.py:153} INFO - Started process (PID=20325) to work on /opt/airflow/dags/daggroup.py
[2023-05-21T23:48:54.757+0000] {processor.py:743} INFO - Processing file /opt/airflow/dags/daggroup.py for tasks to queue
[2023-05-21T23:48:54.759+0000] {logging_mixin.py:137} INFO - [2023-05-21T23:48:54.759+0000] {dagbag.py:538} INFO - Filling up the DagBag from /opt/airflow/dags/daggroup.py
[2023-05-21T23:48:54.791+0000] {processor.py:753} INFO - DAG(s) dict_keys(['daggroup']) retrieved from /opt/airflow/dags/daggroup.py
[2023-05-21T23:48:54.823+0000] {logging_mixin.py:137} INFO - [2023-05-21T23:48:54.823+0000] {dag.py:2690} INFO - Sync 1 DAGs
[2023-05-21T23:48:54.869+0000] {logging_mixin.py:137} INFO - [2023-05-21T23:48:54.869+0000] {dag.py:3441} INFO - Setting next_dagrun for daggroup to 2023-05-21T23:30:00+00:00, run_after=2023-05-22T00:30:00+00:00
[2023-05-21T23:48:54.896+0000] {processor.py:175} INFO - Processing /opt/airflow/dags/daggroup.py took 0.152 seconds
[2023-05-21T23:49:25.781+0000] {processor.py:153} INFO - Started process (PID=20356) to work on /opt/airflow/dags/daggroup.py
[2023-05-21T23:49:25.784+0000] {processor.py:743} INFO - Processing file /opt/airflow/dags/daggroup.py for tasks to queue
[2023-05-21T23:49:25.788+0000] {logging_mixin.py:137} INFO - [2023-05-21T23:49:25.788+0000] {dagbag.py:538} INFO - Filling up the DagBag from /opt/airflow/dags/daggroup.py
[2023-05-21T23:49:25.822+0000] {processor.py:753} INFO - DAG(s) dict_keys(['daggroup']) retrieved from /opt/airflow/dags/daggroup.py
[2023-05-21T23:49:25.854+0000] {logging_mixin.py:137} INFO - [2023-05-21T23:49:25.854+0000] {dag.py:2690} INFO - Sync 1 DAGs
[2023-05-21T23:49:25.888+0000] {logging_mixin.py:137} INFO - [2023-05-21T23:49:25.887+0000] {dag.py:3441} INFO - Setting next_dagrun for daggroup to 2023-05-21T23:30:00+00:00, run_after=2023-05-22T00:30:00+00:00
[2023-05-21T23:49:25.911+0000] {processor.py:175} INFO - Processing /opt/airflow/dags/daggroup.py took 0.139 seconds
[2023-05-21T23:49:56.036+0000] {processor.py:153} INFO - Started process (PID=20399) to work on /opt/airflow/dags/daggroup.py
[2023-05-21T23:49:56.037+0000] {processor.py:743} INFO - Processing file /opt/airflow/dags/daggroup.py for tasks to queue
[2023-05-21T23:49:56.038+0000] {logging_mixin.py:137} INFO - [2023-05-21T23:49:56.038+0000] {dagbag.py:538} INFO - Filling up the DagBag from /opt/airflow/dags/daggroup.py
[2023-05-21T23:49:56.060+0000] {processor.py:753} INFO - DAG(s) dict_keys(['daggroup']) retrieved from /opt/airflow/dags/daggroup.py
[2023-05-21T23:49:56.091+0000] {logging_mixin.py:137} INFO - [2023-05-21T23:49:56.091+0000] {dag.py:2690} INFO - Sync 1 DAGs
[2023-05-21T23:49:56.138+0000] {logging_mixin.py:137} INFO - [2023-05-21T23:49:56.137+0000] {dag.py:3441} INFO - Setting next_dagrun for daggroup to 2023-05-21T23:30:00+00:00, run_after=2023-05-22T00:30:00+00:00
[2023-05-21T23:49:56.166+0000] {processor.py:175} INFO - Processing /opt/airflow/dags/daggroup.py took 0.134 seconds
[2023-05-21T23:50:26.822+0000] {processor.py:153} INFO - Started process (PID=20430) to work on /opt/airflow/dags/daggroup.py
[2023-05-21T23:50:26.823+0000] {processor.py:743} INFO - Processing file /opt/airflow/dags/daggroup.py for tasks to queue
[2023-05-21T23:50:26.824+0000] {logging_mixin.py:137} INFO - [2023-05-21T23:50:26.824+0000] {dagbag.py:538} INFO - Filling up the DagBag from /opt/airflow/dags/daggroup.py
[2023-05-21T23:50:26.874+0000] {processor.py:753} INFO - DAG(s) dict_keys(['daggroup']) retrieved from /opt/airflow/dags/daggroup.py
[2023-05-21T23:50:26.922+0000] {logging_mixin.py:137} INFO - [2023-05-21T23:50:26.922+0000] {dag.py:2690} INFO - Sync 1 DAGs
[2023-05-21T23:50:26.997+0000] {logging_mixin.py:137} INFO - [2023-05-21T23:50:26.997+0000] {dag.py:3441} INFO - Setting next_dagrun for daggroup to 2023-05-21T23:30:00+00:00, run_after=2023-05-22T00:30:00+00:00
[2023-05-21T23:50:27.039+0000] {processor.py:175} INFO - Processing /opt/airflow/dags/daggroup.py took 0.223 seconds
[2023-05-21T23:50:57.964+0000] {processor.py:153} INFO - Started process (PID=20461) to work on /opt/airflow/dags/daggroup.py
[2023-05-21T23:50:57.967+0000] {processor.py:743} INFO - Processing file /opt/airflow/dags/daggroup.py for tasks to queue
[2023-05-21T23:50:57.970+0000] {logging_mixin.py:137} INFO - [2023-05-21T23:50:57.969+0000] {dagbag.py:538} INFO - Filling up the DagBag from /opt/airflow/dags/daggroup.py
[2023-05-21T23:50:58.006+0000] {processor.py:753} INFO - DAG(s) dict_keys(['daggroup']) retrieved from /opt/airflow/dags/daggroup.py
[2023-05-21T23:50:58.036+0000] {logging_mixin.py:137} INFO - [2023-05-21T23:50:58.035+0000] {dag.py:2690} INFO - Sync 1 DAGs
[2023-05-21T23:50:58.069+0000] {logging_mixin.py:137} INFO - [2023-05-21T23:50:58.069+0000] {dag.py:3441} INFO - Setting next_dagrun for daggroup to 2023-05-21T23:30:00+00:00, run_after=2023-05-22T00:30:00+00:00
[2023-05-21T23:50:58.094+0000] {processor.py:175} INFO - Processing /opt/airflow/dags/daggroup.py took 0.150 seconds
[2023-05-21T23:51:28.468+0000] {processor.py:153} INFO - Started process (PID=20492) to work on /opt/airflow/dags/daggroup.py
[2023-05-21T23:51:28.477+0000] {processor.py:743} INFO - Processing file /opt/airflow/dags/daggroup.py for tasks to queue
[2023-05-21T23:51:28.481+0000] {logging_mixin.py:137} INFO - [2023-05-21T23:51:28.480+0000] {dagbag.py:538} INFO - Filling up the DagBag from /opt/airflow/dags/daggroup.py
[2023-05-21T23:51:28.557+0000] {processor.py:753} INFO - DAG(s) dict_keys(['daggroup']) retrieved from /opt/airflow/dags/daggroup.py
[2023-05-21T23:51:28.618+0000] {logging_mixin.py:137} INFO - [2023-05-21T23:51:28.618+0000] {dag.py:2690} INFO - Sync 1 DAGs
[2023-05-21T23:51:28.652+0000] {logging_mixin.py:137} INFO - [2023-05-21T23:51:28.652+0000] {dag.py:3441} INFO - Setting next_dagrun for daggroup to 2023-05-21T23:30:00+00:00, run_after=2023-05-22T00:30:00+00:00
[2023-05-21T23:51:28.690+0000] {processor.py:175} INFO - Processing /opt/airflow/dags/daggroup.py took 0.238 seconds
[2023-05-21T23:51:59.277+0000] {processor.py:153} INFO - Started process (PID=20523) to work on /opt/airflow/dags/daggroup.py
[2023-05-21T23:51:59.281+0000] {processor.py:743} INFO - Processing file /opt/airflow/dags/daggroup.py for tasks to queue
[2023-05-21T23:51:59.282+0000] {logging_mixin.py:137} INFO - [2023-05-21T23:51:59.281+0000] {dagbag.py:538} INFO - Filling up the DagBag from /opt/airflow/dags/daggroup.py
[2023-05-21T23:51:59.345+0000] {processor.py:753} INFO - DAG(s) dict_keys(['daggroup']) retrieved from /opt/airflow/dags/daggroup.py
[2023-05-21T23:51:59.478+0000] {logging_mixin.py:137} INFO - [2023-05-21T23:51:59.478+0000] {dag.py:2690} INFO - Sync 1 DAGs
[2023-05-21T23:51:59.570+0000] {logging_mixin.py:137} INFO - [2023-05-21T23:51:59.570+0000] {dag.py:3441} INFO - Setting next_dagrun for daggroup to 2023-05-21T23:30:00+00:00, run_after=2023-05-22T00:30:00+00:00
[2023-05-21T23:51:59.618+0000] {processor.py:175} INFO - Processing /opt/airflow/dags/daggroup.py took 0.348 seconds
[2023-05-21T23:52:30.432+0000] {processor.py:153} INFO - Started process (PID=20562) to work on /opt/airflow/dags/daggroup.py
[2023-05-21T23:52:30.444+0000] {processor.py:743} INFO - Processing file /opt/airflow/dags/daggroup.py for tasks to queue
[2023-05-21T23:52:30.445+0000] {logging_mixin.py:137} INFO - [2023-05-21T23:52:30.445+0000] {dagbag.py:538} INFO - Filling up the DagBag from /opt/airflow/dags/daggroup.py
[2023-05-21T23:52:30.479+0000] {processor.py:753} INFO - DAG(s) dict_keys(['daggroup']) retrieved from /opt/airflow/dags/daggroup.py
[2023-05-21T23:52:30.522+0000] {logging_mixin.py:137} INFO - [2023-05-21T23:52:30.522+0000] {dag.py:2690} INFO - Sync 1 DAGs
[2023-05-21T23:52:30.630+0000] {logging_mixin.py:137} INFO - [2023-05-21T23:52:30.630+0000] {dag.py:3441} INFO - Setting next_dagrun for daggroup to 2023-05-21T23:30:00+00:00, run_after=2023-05-22T00:30:00+00:00
[2023-05-21T23:52:30.681+0000] {processor.py:175} INFO - Processing /opt/airflow/dags/daggroup.py took 0.259 seconds
[2023-05-21T23:53:01.473+0000] {processor.py:153} INFO - Started process (PID=20595) to work on /opt/airflow/dags/daggroup.py
[2023-05-21T23:53:01.474+0000] {processor.py:743} INFO - Processing file /opt/airflow/dags/daggroup.py for tasks to queue
[2023-05-21T23:53:01.474+0000] {logging_mixin.py:137} INFO - [2023-05-21T23:53:01.474+0000] {dagbag.py:538} INFO - Filling up the DagBag from /opt/airflow/dags/daggroup.py
[2023-05-21T23:53:01.496+0000] {processor.py:753} INFO - DAG(s) dict_keys(['daggroup']) retrieved from /opt/airflow/dags/daggroup.py
[2023-05-21T23:53:01.527+0000] {logging_mixin.py:137} INFO - [2023-05-21T23:53:01.527+0000] {dag.py:2690} INFO - Sync 1 DAGs
[2023-05-21T23:53:01.575+0000] {logging_mixin.py:137} INFO - [2023-05-21T23:53:01.575+0000] {dag.py:3441} INFO - Setting next_dagrun for daggroup to 2023-05-21T23:30:00+00:00, run_after=2023-05-22T00:30:00+00:00
[2023-05-21T23:53:01.607+0000] {processor.py:175} INFO - Processing /opt/airflow/dags/daggroup.py took 0.137 seconds
[2023-05-21T23:53:32.384+0000] {processor.py:153} INFO - Started process (PID=20627) to work on /opt/airflow/dags/daggroup.py
[2023-05-21T23:53:32.385+0000] {processor.py:743} INFO - Processing file /opt/airflow/dags/daggroup.py for tasks to queue
[2023-05-21T23:53:32.386+0000] {logging_mixin.py:137} INFO - [2023-05-21T23:53:32.386+0000] {dagbag.py:538} INFO - Filling up the DagBag from /opt/airflow/dags/daggroup.py
[2023-05-21T23:53:32.410+0000] {processor.py:753} INFO - DAG(s) dict_keys(['daggroup']) retrieved from /opt/airflow/dags/daggroup.py
[2023-05-21T23:53:32.448+0000] {logging_mixin.py:137} INFO - [2023-05-21T23:53:32.448+0000] {dag.py:2690} INFO - Sync 1 DAGs
[2023-05-21T23:53:32.488+0000] {logging_mixin.py:137} INFO - [2023-05-21T23:53:32.488+0000] {dag.py:3441} INFO - Setting next_dagrun for daggroup to 2023-05-21T23:30:00+00:00, run_after=2023-05-22T00:30:00+00:00
[2023-05-21T23:53:32.524+0000] {processor.py:175} INFO - Processing /opt/airflow/dags/daggroup.py took 0.144 seconds
[2023-05-21T23:54:03.379+0000] {processor.py:153} INFO - Started process (PID=20657) to work on /opt/airflow/dags/daggroup.py
[2023-05-21T23:54:03.381+0000] {processor.py:743} INFO - Processing file /opt/airflow/dags/daggroup.py for tasks to queue
[2023-05-21T23:54:03.382+0000] {logging_mixin.py:137} INFO - [2023-05-21T23:54:03.382+0000] {dagbag.py:538} INFO - Filling up the DagBag from /opt/airflow/dags/daggroup.py
[2023-05-21T23:54:03.408+0000] {processor.py:753} INFO - DAG(s) dict_keys(['daggroup']) retrieved from /opt/airflow/dags/daggroup.py
[2023-05-21T23:54:03.448+0000] {logging_mixin.py:137} INFO - [2023-05-21T23:54:03.447+0000] {dag.py:2690} INFO - Sync 1 DAGs
[2023-05-21T23:54:03.485+0000] {logging_mixin.py:137} INFO - [2023-05-21T23:54:03.484+0000] {dag.py:3441} INFO - Setting next_dagrun for daggroup to 2023-05-21T23:30:00+00:00, run_after=2023-05-22T00:30:00+00:00
[2023-05-21T23:54:03.515+0000] {processor.py:175} INFO - Processing /opt/airflow/dags/daggroup.py took 0.140 seconds
[2023-05-21T23:54:34.134+0000] {processor.py:153} INFO - Started process (PID=20696) to work on /opt/airflow/dags/daggroup.py
[2023-05-21T23:54:34.139+0000] {processor.py:743} INFO - Processing file /opt/airflow/dags/daggroup.py for tasks to queue
[2023-05-21T23:54:34.142+0000] {logging_mixin.py:137} INFO - [2023-05-21T23:54:34.141+0000] {dagbag.py:538} INFO - Filling up the DagBag from /opt/airflow/dags/daggroup.py
[2023-05-21T23:54:34.170+0000] {processor.py:753} INFO - DAG(s) dict_keys(['daggroup']) retrieved from /opt/airflow/dags/daggroup.py
[2023-05-21T23:54:34.198+0000] {logging_mixin.py:137} INFO - [2023-05-21T23:54:34.198+0000] {dag.py:2690} INFO - Sync 1 DAGs
[2023-05-21T23:54:34.239+0000] {logging_mixin.py:137} INFO - [2023-05-21T23:54:34.239+0000] {dag.py:3441} INFO - Setting next_dagrun for daggroup to 2023-05-21T23:30:00+00:00, run_after=2023-05-22T00:30:00+00:00
[2023-05-21T23:54:34.265+0000] {processor.py:175} INFO - Processing /opt/airflow/dags/daggroup.py took 0.137 seconds
[2023-05-21T23:55:04.443+0000] {processor.py:153} INFO - Started process (PID=20730) to work on /opt/airflow/dags/daggroup.py
[2023-05-21T23:55:04.444+0000] {processor.py:743} INFO - Processing file /opt/airflow/dags/daggroup.py for tasks to queue
[2023-05-21T23:55:04.444+0000] {logging_mixin.py:137} INFO - [2023-05-21T23:55:04.444+0000] {dagbag.py:538} INFO - Filling up the DagBag from /opt/airflow/dags/daggroup.py
[2023-05-21T23:55:04.472+0000] {processor.py:753} INFO - DAG(s) dict_keys(['daggroup']) retrieved from /opt/airflow/dags/daggroup.py
[2023-05-21T23:55:04.509+0000] {logging_mixin.py:137} INFO - [2023-05-21T23:55:04.509+0000] {dag.py:2690} INFO - Sync 1 DAGs
[2023-05-21T23:55:04.541+0000] {logging_mixin.py:137} INFO - [2023-05-21T23:55:04.541+0000] {dag.py:3441} INFO - Setting next_dagrun for daggroup to 2023-05-21T23:30:00+00:00, run_after=2023-05-22T00:30:00+00:00
[2023-05-21T23:55:04.562+0000] {processor.py:175} INFO - Processing /opt/airflow/dags/daggroup.py took 0.122 seconds
[2023-05-21T23:55:34.785+0000] {processor.py:153} INFO - Started process (PID=20762) to work on /opt/airflow/dags/daggroup.py
[2023-05-21T23:55:34.798+0000] {processor.py:743} INFO - Processing file /opt/airflow/dags/daggroup.py for tasks to queue
[2023-05-21T23:55:34.799+0000] {logging_mixin.py:137} INFO - [2023-05-21T23:55:34.799+0000] {dagbag.py:538} INFO - Filling up the DagBag from /opt/airflow/dags/daggroup.py
[2023-05-21T23:55:34.844+0000] {processor.py:753} INFO - DAG(s) dict_keys(['daggroup']) retrieved from /opt/airflow/dags/daggroup.py
[2023-05-21T23:55:34.893+0000] {logging_mixin.py:137} INFO - [2023-05-21T23:55:34.892+0000] {dag.py:2690} INFO - Sync 1 DAGs
[2023-05-21T23:55:34.952+0000] {logging_mixin.py:137} INFO - [2023-05-21T23:55:34.952+0000] {dag.py:3441} INFO - Setting next_dagrun for daggroup to 2023-05-21T23:30:00+00:00, run_after=2023-05-22T00:30:00+00:00
[2023-05-21T23:55:35.014+0000] {processor.py:175} INFO - Processing /opt/airflow/dags/daggroup.py took 0.235 seconds
[2023-05-21T23:56:05.947+0000] {processor.py:153} INFO - Started process (PID=20799) to work on /opt/airflow/dags/daggroup.py
[2023-05-21T23:56:05.949+0000] {processor.py:743} INFO - Processing file /opt/airflow/dags/daggroup.py for tasks to queue
[2023-05-21T23:56:05.950+0000] {logging_mixin.py:137} INFO - [2023-05-21T23:56:05.950+0000] {dagbag.py:538} INFO - Filling up the DagBag from /opt/airflow/dags/daggroup.py
[2023-05-21T23:56:05.970+0000] {processor.py:753} INFO - DAG(s) dict_keys(['daggroup']) retrieved from /opt/airflow/dags/daggroup.py
[2023-05-21T23:56:06.002+0000] {logging_mixin.py:137} INFO - [2023-05-21T23:56:06.002+0000] {dag.py:2690} INFO - Sync 1 DAGs
[2023-05-21T23:56:06.041+0000] {logging_mixin.py:137} INFO - [2023-05-21T23:56:06.041+0000] {dag.py:3441} INFO - Setting next_dagrun for daggroup to 2023-05-21T23:30:00+00:00, run_after=2023-05-22T00:30:00+00:00
[2023-05-21T23:56:06.064+0000] {processor.py:175} INFO - Processing /opt/airflow/dags/daggroup.py took 0.121 seconds
