[2023-05-21T23:30:01.107+0000] {taskinstance.py:1083} INFO - Dependencies all met for <TaskInstance: outradag.task3 scheduled__2023-05-21T22:30:00+00:00 [queued]>
[2023-05-21T23:30:01.123+0000] {taskinstance.py:1083} INFO - Dependencies all met for <TaskInstance: outradag.task3 scheduled__2023-05-21T22:30:00+00:00 [queued]>
[2023-05-21T23:30:01.123+0000] {taskinstance.py:1279} INFO - 
--------------------------------------------------------------------------------
[2023-05-21T23:30:01.123+0000] {taskinstance.py:1280} INFO - Starting attempt 1 of 1
[2023-05-21T23:30:01.123+0000] {taskinstance.py:1281} INFO - 
--------------------------------------------------------------------------------
[2023-05-21T23:30:01.140+0000] {taskinstance.py:1300} INFO - Executing <Task(BashOperator): task3> on 2023-05-21 22:30:00+00:00
[2023-05-21T23:30:01.146+0000] {standard_task_runner.py:55} INFO - Started process 16934 to run task
[2023-05-21T23:30:01.153+0000] {standard_task_runner.py:82} INFO - Running: ['***', 'tasks', 'run', 'outradag', 'task3', 'scheduled__2023-05-21T22:30:00+00:00', '--job-id', '74', '--raw', '--subdir', 'DAGS_FOLDER/outradag.py', '--cfg-path', '/tmp/tmpnkeck3n7']
[2023-05-21T23:30:01.154+0000] {standard_task_runner.py:83} INFO - Job 74: Subtask task3
[2023-05-21T23:30:01.246+0000] {task_command.py:388} INFO - Running <TaskInstance: outradag.task3 scheduled__2023-05-21T22:30:00+00:00 [running]> on host cae8e8ceecb4
[2023-05-21T23:30:01.364+0000] {taskinstance.py:1509} INFO - Exporting the following env vars:
AIRFLOW_CTX_DAG_OWNER=***
AIRFLOW_CTX_DAG_ID=outradag
AIRFLOW_CTX_TASK_ID=task3
AIRFLOW_CTX_EXECUTION_DATE=2023-05-21T22:30:00+00:00
AIRFLOW_CTX_TRY_NUMBER=1
AIRFLOW_CTX_DAG_RUN_ID=scheduled__2023-05-21T22:30:00+00:00
[2023-05-21T23:30:01.367+0000] {subprocess.py:63} INFO - Tmp dir root location: 
 /tmp
[2023-05-21T23:30:01.367+0000] {subprocess.py:75} INFO - Running command: ['/bin/bash', '-c', 'echo "Task 3"']
[2023-05-21T23:30:01.388+0000] {subprocess.py:86} INFO - Output:
[2023-05-21T23:30:01.395+0000] {subprocess.py:93} INFO - Task 3
[2023-05-21T23:30:01.396+0000] {subprocess.py:97} INFO - Command exited with return code 0
[2023-05-21T23:30:01.435+0000] {taskinstance.py:1323} INFO - Marking task as SUCCESS. dag_id=outradag, task_id=task3, execution_date=20230521T223000, start_date=20230521T233001, end_date=20230521T233001
[2023-05-21T23:30:01.486+0000] {local_task_job.py:208} INFO - Task exited with return code 0
[2023-05-21T23:30:01.568+0000] {taskinstance.py:2578} INFO - 1 downstream tasks scheduled from follow-on schedule check
