[2023-05-28T00:20:43.388+0000] {taskinstance.py:1083} INFO - Dependencies all met for <TaskInstance: captura_dados.arquivos_existentes manual__2023-05-28T00:12:43.009160+00:00 [queued]>
[2023-05-28T00:20:43.408+0000] {taskinstance.py:1083} INFO - Dependencies all met for <TaskInstance: captura_dados.arquivos_existentes manual__2023-05-28T00:12:43.009160+00:00 [queued]>
[2023-05-28T00:20:43.408+0000] {taskinstance.py:1279} INFO - 
--------------------------------------------------------------------------------
[2023-05-28T00:20:43.409+0000] {taskinstance.py:1280} INFO - Starting attempt 1 of 2
[2023-05-28T00:20:43.409+0000] {taskinstance.py:1281} INFO - 
--------------------------------------------------------------------------------
[2023-05-28T00:20:43.428+0000] {taskinstance.py:1300} INFO - Executing <Task(BashOperator): arquivos_existentes> on 2023-05-28 00:12:43.009160+00:00
[2023-05-28T00:20:43.434+0000] {standard_task_runner.py:55} INFO - Started process 591 to run task
[2023-05-28T00:20:43.438+0000] {standard_task_runner.py:82} INFO - Running: ['***', 'tasks', 'run', 'captura_dados', 'arquivos_existentes', 'manual__2023-05-28T00:12:43.009160+00:00', '--job-id', '333', '--raw', '--subdir', 'DAGS_FOLDER/captura_dados.py', '--cfg-path', '/tmp/tmpnd7w_cc6']
[2023-05-28T00:20:43.438+0000] {standard_task_runner.py:83} INFO - Job 333: Subtask arquivos_existentes
[2023-05-28T00:20:43.516+0000] {task_command.py:388} INFO - Running <TaskInstance: captura_dados.arquivos_existentes manual__2023-05-28T00:12:43.009160+00:00 [running]> on host 185349a2ec48
[2023-05-28T00:20:43.598+0000] {taskinstance.py:1509} INFO - Exporting the following env vars:
AIRFLOW_CTX_DAG_EMAIL=test@test.com
AIRFLOW_CTX_DAG_OWNER=***
AIRFLOW_CTX_DAG_ID=captura_dados
AIRFLOW_CTX_TASK_ID=arquivos_existentes
AIRFLOW_CTX_EXECUTION_DATE=2023-05-28T00:12:43.009160+00:00
AIRFLOW_CTX_TRY_NUMBER=1
AIRFLOW_CTX_DAG_RUN_ID=manual__2023-05-28T00:12:43.009160+00:00
[2023-05-28T00:20:43.601+0000] {subprocess.py:63} INFO - Tmp dir root location: 
 /tmp
[2023-05-28T00:20:43.602+0000] {subprocess.py:75} INFO - Running command: ['/bin/bash', '-c', 'echo "Quantidade não OK"']
[2023-05-28T00:20:43.622+0000] {subprocess.py:86} INFO - Output:
[2023-05-28T00:20:43.633+0000] {subprocess.py:93} INFO - Quantidade não OK
[2023-05-28T00:20:43.634+0000] {subprocess.py:97} INFO - Command exited with return code 0
[2023-05-28T00:20:43.670+0000] {taskinstance.py:1323} INFO - Marking task as SUCCESS. dag_id=captura_dados, task_id=arquivos_existentes, execution_date=20230528T001243, start_date=20230528T002043, end_date=20230528T002043
[2023-05-28T00:20:43.732+0000] {local_task_job.py:208} INFO - Task exited with return code 0
[2023-05-28T00:20:43.758+0000] {taskinstance.py:2578} INFO - 0 downstream tasks scheduled from follow-on schedule check
