[2023-05-28T00:21:51.339+0000] {taskinstance.py:1083} INFO - Dependencies all met for <TaskInstance: captura_dados.arquivos_existentes manual__2023-05-28T00:12:43.009160+00:00 [queued]>
[2023-05-28T00:21:51.362+0000] {taskinstance.py:1083} INFO - Dependencies all met for <TaskInstance: captura_dados.arquivos_existentes manual__2023-05-28T00:12:43.009160+00:00 [queued]>
[2023-05-28T00:21:51.362+0000] {taskinstance.py:1279} INFO - 
--------------------------------------------------------------------------------
[2023-05-28T00:21:51.362+0000] {taskinstance.py:1280} INFO - Starting attempt 2 of 3
[2023-05-28T00:21:51.362+0000] {taskinstance.py:1281} INFO - 
--------------------------------------------------------------------------------
[2023-05-28T00:21:51.385+0000] {taskinstance.py:1300} INFO - Executing <Task(BashOperator): arquivos_existentes> on 2023-05-28 00:12:43.009160+00:00
[2023-05-28T00:21:51.392+0000] {standard_task_runner.py:55} INFO - Started process 665 to run task
[2023-05-28T00:21:51.396+0000] {standard_task_runner.py:82} INFO - Running: ['***', 'tasks', 'run', 'captura_dados', 'arquivos_existentes', 'manual__2023-05-28T00:12:43.009160+00:00', '--job-id', '338', '--raw', '--subdir', 'DAGS_FOLDER/captura_dados.py', '--cfg-path', '/tmp/tmpwsn6g__x']
[2023-05-28T00:21:51.397+0000] {standard_task_runner.py:83} INFO - Job 338: Subtask arquivos_existentes
[2023-05-28T00:21:51.465+0000] {task_command.py:388} INFO - Running <TaskInstance: captura_dados.arquivos_existentes manual__2023-05-28T00:12:43.009160+00:00 [running]> on host 185349a2ec48
[2023-05-28T00:21:51.538+0000] {taskinstance.py:1509} INFO - Exporting the following env vars:
AIRFLOW_CTX_DAG_EMAIL=test@test.com
AIRFLOW_CTX_DAG_OWNER=***
AIRFLOW_CTX_DAG_ID=captura_dados
AIRFLOW_CTX_TASK_ID=arquivos_existentes
AIRFLOW_CTX_EXECUTION_DATE=2023-05-28T00:12:43.009160+00:00
AIRFLOW_CTX_TRY_NUMBER=2
AIRFLOW_CTX_DAG_RUN_ID=manual__2023-05-28T00:12:43.009160+00:00
[2023-05-28T00:21:51.539+0000] {subprocess.py:63} INFO - Tmp dir root location: 
 /tmp
[2023-05-28T00:21:51.539+0000] {subprocess.py:75} INFO - Running command: ['/bin/bash', '-c', 'echo "Quantidade não OK"']
[2023-05-28T00:21:51.555+0000] {subprocess.py:86} INFO - Output:
[2023-05-28T00:21:51.557+0000] {subprocess.py:93} INFO - Quantidade não OK
[2023-05-28T00:21:51.558+0000] {subprocess.py:97} INFO - Command exited with return code 0
[2023-05-28T00:21:51.591+0000] {taskinstance.py:1323} INFO - Marking task as SUCCESS. dag_id=captura_dados, task_id=arquivos_existentes, execution_date=20230528T001243, start_date=20230528T002151, end_date=20230528T002151
[2023-05-28T00:21:51.647+0000] {local_task_job.py:208} INFO - Task exited with return code 0
[2023-05-28T00:21:51.668+0000] {taskinstance.py:2578} INFO - 0 downstream tasks scheduled from follow-on schedule check
