[2023-05-21T23:45:13.615+0000] {taskinstance.py:1083} INFO - Dependencies all met for <TaskInstance: dag_run_dag.task2 scheduled__2023-05-21T22:30:00+00:00 [queued]>
[2023-05-21T23:45:13.628+0000] {taskinstance.py:1083} INFO - Dependencies all met for <TaskInstance: dag_run_dag.task2 scheduled__2023-05-21T22:30:00+00:00 [queued]>
[2023-05-21T23:45:13.628+0000] {taskinstance.py:1279} INFO - 
--------------------------------------------------------------------------------
[2023-05-21T23:45:13.628+0000] {taskinstance.py:1280} INFO - Starting attempt 1 of 1
[2023-05-21T23:45:13.628+0000] {taskinstance.py:1281} INFO - 
--------------------------------------------------------------------------------
[2023-05-21T23:45:13.646+0000] {taskinstance.py:1300} INFO - Executing <Task(TriggerDagRunOperator): task2> on 2023-05-21 22:30:00+00:00
[2023-05-21T23:45:13.655+0000] {standard_task_runner.py:55} INFO - Started process 17842 to run task
[2023-05-21T23:45:13.662+0000] {standard_task_runner.py:82} INFO - Running: ['***', 'tasks', 'run', 'dag_run_dag', 'task2', 'scheduled__2023-05-21T22:30:00+00:00', '--job-id', '98', '--raw', '--subdir', 'DAGS_FOLDER/dag_run_dag.py', '--cfg-path', '/tmp/tmpaqmct1zd']
[2023-05-21T23:45:13.663+0000] {standard_task_runner.py:83} INFO - Job 98: Subtask task2
[2023-05-21T23:45:13.910+0000] {task_command.py:388} INFO - Running <TaskInstance: dag_run_dag.task2 scheduled__2023-05-21T22:30:00+00:00 [running]> on host cae8e8ceecb4
[2023-05-21T23:45:14.129+0000] {taskinstance.py:1509} INFO - Exporting the following env vars:
AIRFLOW_CTX_DAG_OWNER=***
AIRFLOW_CTX_DAG_ID=dag_run_dag
AIRFLOW_CTX_TASK_ID=task2
AIRFLOW_CTX_EXECUTION_DATE=2023-05-21T22:30:00+00:00
AIRFLOW_CTX_TRY_NUMBER=1
AIRFLOW_CTX_DAG_RUN_ID=scheduled__2023-05-21T22:30:00+00:00
[2023-05-21T23:45:14.364+0000] {taskinstance.py:1323} INFO - Marking task as SUCCESS. dag_id=dag_run_dag, task_id=task2, execution_date=20230521T223000, start_date=20230521T234513, end_date=20230521T234514
[2023-05-21T23:45:14.415+0000] {local_task_job.py:208} INFO - Task exited with return code 0
[2023-05-21T23:45:14.458+0000] {taskinstance.py:2578} INFO - 0 downstream tasks scheduled from follow-on schedule check
