[2023-05-27T18:31:44.798+0000] {taskinstance.py:1083} INFO - Dependencies all met for <TaskInstance: captura_dados.download_zip_file manual__2023-05-27T18:19:19.145234+00:00 [queued]>
[2023-05-27T18:31:44.846+0000] {taskinstance.py:1083} INFO - Dependencies all met for <TaskInstance: captura_dados.download_zip_file manual__2023-05-27T18:19:19.145234+00:00 [queued]>
[2023-05-27T18:31:44.847+0000] {taskinstance.py:1279} INFO - 
--------------------------------------------------------------------------------
[2023-05-27T18:31:44.847+0000] {taskinstance.py:1280} INFO - Starting attempt 5 of 6
[2023-05-27T18:31:44.848+0000] {taskinstance.py:1281} INFO - 
--------------------------------------------------------------------------------
[2023-05-27T18:31:44.891+0000] {taskinstance.py:1300} INFO - Executing <Task(PythonOperator): download_zip_file> on 2023-05-27 18:19:19.145234+00:00
[2023-05-27T18:31:44.906+0000] {standard_task_runner.py:55} INFO - Started process 3317 to run task
[2023-05-27T18:31:44.913+0000] {standard_task_runner.py:82} INFO - Running: ['***', 'tasks', 'run', 'captura_dados', 'download_zip_file', 'manual__2023-05-27T18:19:19.145234+00:00', '--job-id', '192', '--raw', '--subdir', 'DAGS_FOLDER/captura_dados.py', '--cfg-path', '/tmp/tmpluigoxbk']
[2023-05-27T18:31:44.916+0000] {standard_task_runner.py:83} INFO - Job 192: Subtask download_zip_file
[2023-05-27T18:31:45.030+0000] {task_command.py:388} INFO - Running <TaskInstance: captura_dados.download_zip_file manual__2023-05-27T18:19:19.145234+00:00 [running]> on host df5a7ad10ac6
[2023-05-27T18:31:45.193+0000] {taskinstance.py:1509} INFO - Exporting the following env vars:
AIRFLOW_CTX_DAG_EMAIL=test@test.com
AIRFLOW_CTX_DAG_OWNER=***
AIRFLOW_CTX_DAG_ID=captura_dados
AIRFLOW_CTX_TASK_ID=download_zip_file
AIRFLOW_CTX_EXECUTION_DATE=2023-05-27T18:19:19.145234+00:00
AIRFLOW_CTX_TRY_NUMBER=5
AIRFLOW_CTX_DAG_RUN_ID=manual__2023-05-27T18:19:19.145234+00:00
[2023-05-27T18:31:45.722+0000] {python.py:177} INFO - Done. Returned value was: None
[2023-05-27T18:31:45.739+0000] {taskinstance.py:1323} INFO - Marking task as SUCCESS. dag_id=captura_dados, task_id=download_zip_file, execution_date=20230527T181919, start_date=20230527T183144, end_date=20230527T183145
[2023-05-27T18:31:45.766+0000] {local_task_job.py:208} INFO - Task exited with return code 0
[2023-05-27T18:31:45.796+0000] {taskinstance.py:2578} INFO - 1 downstream tasks scheduled from follow-on schedule check
