[2023-05-27T17:19:25.003+0000] {taskinstance.py:1083} INFO - Dependencies all met for <TaskInstance: cria_diretorios_projeto.cria_diretorios_projeto manual__2023-05-27T17:19:22.205339+00:00 [queued]>
[2023-05-27T17:19:25.013+0000] {taskinstance.py:1083} INFO - Dependencies all met for <TaskInstance: cria_diretorios_projeto.cria_diretorios_projeto manual__2023-05-27T17:19:22.205339+00:00 [queued]>
[2023-05-27T17:19:25.013+0000] {taskinstance.py:1279} INFO - 
--------------------------------------------------------------------------------
[2023-05-27T17:19:25.013+0000] {taskinstance.py:1280} INFO - Starting attempt 1 of 2
[2023-05-27T17:19:25.013+0000] {taskinstance.py:1281} INFO - 
--------------------------------------------------------------------------------
[2023-05-27T17:19:25.026+0000] {taskinstance.py:1300} INFO - Executing <Task(PythonOperator): cria_diretorios_projeto> on 2023-05-27 17:19:22.205339+00:00
[2023-05-27T17:19:25.032+0000] {standard_task_runner.py:55} INFO - Started process 389 to run task
[2023-05-27T17:19:25.035+0000] {standard_task_runner.py:82} INFO - Running: ['***', 'tasks', 'run', 'cria_diretorios_projeto', 'cria_diretorios_projeto', 'manual__2023-05-27T17:19:22.205339+00:00', '--job-id', '149', '--raw', '--subdir', 'DAGS_FOLDER/cria_diretorios_projeto.py', '--cfg-path', '/tmp/tmpwq0kzl1c']
[2023-05-27T17:19:25.037+0000] {standard_task_runner.py:83} INFO - Job 149: Subtask cria_diretorios_projeto
[2023-05-27T17:19:25.148+0000] {task_command.py:388} INFO - Running <TaskInstance: cria_diretorios_projeto.cria_diretorios_projeto manual__2023-05-27T17:19:22.205339+00:00 [running]> on host 39ba68738ba0
[2023-05-27T17:19:25.232+0000] {taskinstance.py:1509} INFO - Exporting the following env vars:
AIRFLOW_CTX_DAG_EMAIL=test@test.com
AIRFLOW_CTX_DAG_OWNER=***
AIRFLOW_CTX_DAG_ID=cria_diretorios_projeto
AIRFLOW_CTX_TASK_ID=cria_diretorios_projeto
AIRFLOW_CTX_EXECUTION_DATE=2023-05-27T17:19:22.205339+00:00
AIRFLOW_CTX_TRY_NUMBER=1
AIRFLOW_CTX_DAG_RUN_ID=manual__2023-05-27T17:19:22.205339+00:00
[2023-05-27T17:19:25.235+0000] {taskinstance.py:1768} ERROR - Task failed with exception
Traceback (most recent call last):
  File "/home/airflow/.local/lib/python3.7/site-packages/airflow/operators/python.py", line 175, in execute
    return_value = self.execute_callable()
  File "/home/airflow/.local/lib/python3.7/site-packages/airflow/operators/python.py", line 192, in execute_callable
    return self.python_callable(*self.op_args, **self.op_kwargs)
  File "/opt/airflow/dags/cria_diretorios_projeto.py", line 9, in cria_diretorios_projeto
    f = pd.read_csv(os.path.join(path_folder, 'folders.csv'))
  File "/home/airflow/.local/lib/python3.7/site-packages/pandas/util/_decorators.py", line 311, in wrapper
    return func(*args, **kwargs)
  File "/home/airflow/.local/lib/python3.7/site-packages/pandas/io/parsers/readers.py", line 586, in read_csv
    return _read(filepath_or_buffer, kwds)
  File "/home/airflow/.local/lib/python3.7/site-packages/pandas/io/parsers/readers.py", line 482, in _read
    parser = TextFileReader(filepath_or_buffer, **kwds)
  File "/home/airflow/.local/lib/python3.7/site-packages/pandas/io/parsers/readers.py", line 811, in __init__
    self._engine = self._make_engine(self.engine)
  File "/home/airflow/.local/lib/python3.7/site-packages/pandas/io/parsers/readers.py", line 1040, in _make_engine
    return mapping[engine](self.f, **self.options)  # type: ignore[call-arg]
  File "/home/airflow/.local/lib/python3.7/site-packages/pandas/io/parsers/c_parser_wrapper.py", line 51, in __init__
    self._open_handles(src, kwds)
  File "/home/airflow/.local/lib/python3.7/site-packages/pandas/io/parsers/base_parser.py", line 229, in _open_handles
    errors=kwds.get("encoding_errors", "strict"),
  File "/home/airflow/.local/lib/python3.7/site-packages/pandas/io/common.py", line 707, in get_handle
    newline="",
FileNotFoundError: [Errno 2] No such file or directory: '/opt/airflow/dags/folders.csv'
[2023-05-27T17:19:25.250+0000] {taskinstance.py:1323} INFO - Marking task as UP_FOR_RETRY. dag_id=cria_diretorios_projeto, task_id=cria_diretorios_projeto, execution_date=20230527T171922, start_date=20230527T171925, end_date=20230527T171925
[2023-05-27T17:19:25.270+0000] {standard_task_runner.py:105} ERROR - Failed to execute job 149 for task cria_diretorios_projeto ([Errno 2] No such file or directory: '/opt/airflow/dags/folders.csv'; 389)
[2023-05-27T17:19:25.291+0000] {local_task_job.py:208} INFO - Task exited with return code 1
[2023-05-27T17:19:25.311+0000] {taskinstance.py:2578} INFO - 0 downstream tasks scheduled from follow-on schedule check
