[2023-05-21T23:20:56.592+0000] {taskinstance.py:1083} INFO - Dependencies all met for <TaskInstance: outradag.task8 manual__2023-05-21T23:18:14.262894+00:00 [queued]>
[2023-05-21T23:20:56.605+0000] {taskinstance.py:1083} INFO - Dependencies all met for <TaskInstance: outradag.task8 manual__2023-05-21T23:18:14.262894+00:00 [queued]>
[2023-05-21T23:20:56.605+0000] {taskinstance.py:1279} INFO - 
--------------------------------------------------------------------------------
[2023-05-21T23:20:56.606+0000] {taskinstance.py:1280} INFO - Starting attempt 2 of 2
[2023-05-21T23:20:56.606+0000] {taskinstance.py:1281} INFO - 
--------------------------------------------------------------------------------
[2023-05-21T23:20:56.626+0000] {taskinstance.py:1300} INFO - Executing <Task(BashOperator): task8> on 2023-05-21 23:18:14.262894+00:00
[2023-05-21T23:20:56.632+0000] {standard_task_runner.py:55} INFO - Started process 16440 to run task
[2023-05-21T23:20:56.635+0000] {standard_task_runner.py:82} INFO - Running: ['***', 'tasks', 'run', 'outradag', 'task8', 'manual__2023-05-21T23:18:14.262894+00:00', '--job-id', '71', '--raw', '--subdir', 'DAGS_FOLDER/outradag.py', '--cfg-path', '/tmp/tmpwoeb2kq9']
[2023-05-21T23:20:56.635+0000] {standard_task_runner.py:83} INFO - Job 71: Subtask task8
[2023-05-21T23:20:56.706+0000] {task_command.py:388} INFO - Running <TaskInstance: outradag.task8 manual__2023-05-21T23:18:14.262894+00:00 [running]> on host cae8e8ceecb4
[2023-05-21T23:20:56.801+0000] {taskinstance.py:1509} INFO - Exporting the following env vars:
AIRFLOW_CTX_DAG_OWNER=***
AIRFLOW_CTX_DAG_ID=outradag
AIRFLOW_CTX_TASK_ID=task8
AIRFLOW_CTX_EXECUTION_DATE=2023-05-21T23:18:14.262894+00:00
AIRFLOW_CTX_TRY_NUMBER=2
AIRFLOW_CTX_DAG_RUN_ID=manual__2023-05-21T23:18:14.262894+00:00
[2023-05-21T23:20:56.802+0000] {subprocess.py:63} INFO - Tmp dir root location: 
 /tmp
[2023-05-21T23:20:56.803+0000] {subprocess.py:75} INFO - Running command: ['/bin/bash', '-c', 'echo "Task 8"']
[2023-05-21T23:20:56.818+0000] {subprocess.py:86} INFO - Output:
[2023-05-21T23:20:56.820+0000] {subprocess.py:93} INFO - Task 8
[2023-05-21T23:20:56.820+0000] {subprocess.py:97} INFO - Command exited with return code 0
[2023-05-21T23:20:56.851+0000] {taskinstance.py:1323} INFO - Marking task as SUCCESS. dag_id=outradag, task_id=task8, execution_date=20230521T231814, start_date=20230521T232056, end_date=20230521T232056
[2023-05-21T23:20:56.887+0000] {local_task_job.py:208} INFO - Task exited with return code 0
[2023-05-21T23:20:56.906+0000] {taskinstance.py:2578} INFO - 0 downstream tasks scheduled from follow-on schedule check
