[2023-05-31T02:35:12.082+0000] {taskinstance.py:1083} INFO - Dependencies all met for <TaskInstance: captura_dados.created_folders_task manual__2023-05-31T02:30:31.024320+00:00 [queued]>
[2023-05-31T02:35:12.098+0000] {taskinstance.py:1083} INFO - Dependencies all met for <TaskInstance: captura_dados.created_folders_task manual__2023-05-31T02:30:31.024320+00:00 [queued]>
[2023-05-31T02:35:12.098+0000] {taskinstance.py:1279} INFO - 
--------------------------------------------------------------------------------
[2023-05-31T02:35:12.099+0000] {taskinstance.py:1280} INFO - Starting attempt 3 of 4
[2023-05-31T02:35:12.099+0000] {taskinstance.py:1281} INFO - 
--------------------------------------------------------------------------------
[2023-05-31T02:35:12.116+0000] {taskinstance.py:1300} INFO - Executing <Task(PythonOperator): created_folders_task> on 2023-05-31 02:30:31.024320+00:00
[2023-05-31T02:35:12.122+0000] {standard_task_runner.py:55} INFO - Started process 392 to run task
[2023-05-31T02:35:12.126+0000] {standard_task_runner.py:82} INFO - Running: ['***', 'tasks', 'run', 'captura_dados', 'created_folders_task', 'manual__2023-05-31T02:30:31.024320+00:00', '--job-id', '81', '--raw', '--subdir', 'DAGS_FOLDER/captura_dados.py', '--cfg-path', '/tmp/tmpkdjkq0fu']
[2023-05-31T02:35:12.128+0000] {standard_task_runner.py:83} INFO - Job 81: Subtask created_folders_task
[2023-05-31T02:35:12.203+0000] {task_command.py:388} INFO - Running <TaskInstance: captura_dados.created_folders_task manual__2023-05-31T02:30:31.024320+00:00 [running]> on host bbf89157dbab
[2023-05-31T02:35:12.292+0000] {taskinstance.py:1509} INFO - Exporting the following env vars:
AIRFLOW_CTX_DAG_EMAIL=test@test.com
AIRFLOW_CTX_DAG_OWNER=***
AIRFLOW_CTX_DAG_ID=captura_dados
AIRFLOW_CTX_TASK_ID=created_folders_task
AIRFLOW_CTX_EXECUTION_DATE=2023-05-31T02:30:31.024320+00:00
AIRFLOW_CTX_TRY_NUMBER=3
AIRFLOW_CTX_DAG_RUN_ID=manual__2023-05-31T02:30:31.024320+00:00
[2023-05-31T02:35:12.299+0000] {logging_mixin.py:137} INFO - Diretório engineer criado com sucesso!
[2023-05-31T02:35:12.299+0000] {logging_mixin.py:137} INFO - Diretório raw criado com sucesso!
[2023-05-31T02:35:12.299+0000] {logging_mixin.py:137} INFO - Diretório refined criado com sucesso!
[2023-05-31T02:35:12.300+0000] {logging_mixin.py:137} INFO - Diretório transient criado com sucesso!
[2023-05-31T02:35:12.300+0000] {logging_mixin.py:137} INFO - Diretório trusted criado com sucesso!
[2023-05-31T02:35:12.300+0000] {python.py:177} INFO - Done. Returned value was: None
[2023-05-31T02:35:12.313+0000] {taskinstance.py:1323} INFO - Marking task as SUCCESS. dag_id=captura_dados, task_id=created_folders_task, execution_date=20230531T023031, start_date=20230531T023512, end_date=20230531T023512
[2023-05-31T02:35:12.378+0000] {local_task_job.py:208} INFO - Task exited with return code 0
[2023-05-31T02:35:12.406+0000] {taskinstance.py:2578} INFO - 0 downstream tasks scheduled from follow-on schedule check
