[2023-05-31T02:49:59.313+0000] {taskinstance.py:1083} INFO - Dependencies all met for <TaskInstance: captura_dados.created_folders_task manual__2023-05-31T02:30:31.024320+00:00 [queued]>
[2023-05-31T02:49:59.326+0000] {taskinstance.py:1083} INFO - Dependencies all met for <TaskInstance: captura_dados.created_folders_task manual__2023-05-31T02:30:31.024320+00:00 [queued]>
[2023-05-31T02:49:59.326+0000] {taskinstance.py:1279} INFO - 
--------------------------------------------------------------------------------
[2023-05-31T02:49:59.326+0000] {taskinstance.py:1280} INFO - Starting attempt 15 of 15
[2023-05-31T02:49:59.326+0000] {taskinstance.py:1281} INFO - 
--------------------------------------------------------------------------------
[2023-05-31T02:49:59.343+0000] {taskinstance.py:1300} INFO - Executing <Task(PythonOperator): created_folders_task> on 2023-05-31 02:30:31.024320+00:00
[2023-05-31T02:49:59.350+0000] {standard_task_runner.py:55} INFO - Started process 1288 to run task
[2023-05-31T02:49:59.354+0000] {standard_task_runner.py:82} INFO - Running: ['***', 'tasks', 'run', 'captura_dados', 'created_folders_task', 'manual__2023-05-31T02:30:31.024320+00:00', '--job-id', '106', '--raw', '--subdir', 'DAGS_FOLDER/captura_dados.py', '--cfg-path', '/tmp/tmp4xqdogpt']
[2023-05-31T02:49:59.355+0000] {standard_task_runner.py:83} INFO - Job 106: Subtask created_folders_task
[2023-05-31T02:49:59.424+0000] {task_command.py:388} INFO - Running <TaskInstance: captura_dados.created_folders_task manual__2023-05-31T02:30:31.024320+00:00 [running]> on host bbf89157dbab
[2023-05-31T02:49:59.507+0000] {taskinstance.py:1509} INFO - Exporting the following env vars:
AIRFLOW_CTX_DAG_EMAIL=test@test.com
AIRFLOW_CTX_DAG_OWNER=***
AIRFLOW_CTX_DAG_ID=captura_dados
AIRFLOW_CTX_TASK_ID=created_folders_task
AIRFLOW_CTX_EXECUTION_DATE=2023-05-31T02:30:31.024320+00:00
AIRFLOW_CTX_TRY_NUMBER=15
AIRFLOW_CTX_DAG_RUN_ID=manual__2023-05-31T02:30:31.024320+00:00
[2023-05-31T02:49:59.514+0000] {taskinstance.py:1768} ERROR - Task failed with exception
Traceback (most recent call last):
  File "/home/airflow/.local/lib/python3.7/site-packages/airflow/operators/python.py", line 175, in execute
    return_value = self.execute_callable()
  File "/home/airflow/.local/lib/python3.7/site-packages/airflow/operators/python.py", line 192, in execute_callable
    return self.python_callable(*self.op_args, **self.op_kwargs)
  File "/opt/airflow/dags/captura_dados.py", line 31, in created_folders
    os.makedirs(path_folder + '/dags/data/' + i)
  File "/usr/local/lib/python3.7/os.py", line 223, in makedirs
    mkdir(name, mode)
PermissionError: [Errno 13] Permission denied: '/opt/airflow/dags/data/engineer'
[2023-05-31T02:49:59.524+0000] {taskinstance.py:1323} INFO - Marking task as FAILED. dag_id=captura_dados, task_id=created_folders_task, execution_date=20230531T023031, start_date=20230531T024959, end_date=20230531T024959
[2023-05-31T02:49:59.542+0000] {standard_task_runner.py:105} ERROR - Failed to execute job 106 for task created_folders_task ([Errno 13] Permission denied: '/opt/airflow/dags/data/engineer'; 1288)
[2023-05-31T02:49:59.566+0000] {local_task_job.py:208} INFO - Task exited with return code 1
[2023-05-31T02:49:59.592+0000] {taskinstance.py:2578} INFO - 0 downstream tasks scheduled from follow-on schedule check
