[2023-05-21T23:45:22.692+0000] {taskinstance.py:1083} INFO - Dependencies all met for <TaskInstance: outradag.task7 manual__2023-05-21T23:45:14.130171+00:00 [queued]>
[2023-05-21T23:45:22.725+0000] {taskinstance.py:1083} INFO - Dependencies all met for <TaskInstance: outradag.task7 manual__2023-05-21T23:45:14.130171+00:00 [queued]>
[2023-05-21T23:45:22.726+0000] {taskinstance.py:1279} INFO - 
--------------------------------------------------------------------------------
[2023-05-21T23:45:22.726+0000] {taskinstance.py:1280} INFO - Starting attempt 1 of 1
[2023-05-21T23:45:22.726+0000] {taskinstance.py:1281} INFO - 
--------------------------------------------------------------------------------
[2023-05-21T23:45:22.821+0000] {taskinstance.py:1300} INFO - Executing <Task(BashOperator): task7> on 2023-05-21 23:45:14.130171+00:00
[2023-05-21T23:45:22.843+0000] {standard_task_runner.py:55} INFO - Started process 17866 to run task
[2023-05-21T23:45:22.867+0000] {standard_task_runner.py:82} INFO - Running: ['***', 'tasks', 'run', 'outradag', 'task7', 'manual__2023-05-21T23:45:14.130171+00:00', '--job-id', '105', '--raw', '--subdir', 'DAGS_FOLDER/outradag.py', '--cfg-path', '/tmp/tmp33rn2xnn']
[2023-05-21T23:45:22.870+0000] {standard_task_runner.py:83} INFO - Job 105: Subtask task7
[2023-05-21T23:45:23.329+0000] {task_command.py:388} INFO - Running <TaskInstance: outradag.task7 manual__2023-05-21T23:45:14.130171+00:00 [running]> on host cae8e8ceecb4
[2023-05-21T23:45:23.872+0000] {taskinstance.py:1509} INFO - Exporting the following env vars:
AIRFLOW_CTX_DAG_OWNER=***
AIRFLOW_CTX_DAG_ID=outradag
AIRFLOW_CTX_TASK_ID=task7
AIRFLOW_CTX_EXECUTION_DATE=2023-05-21T23:45:14.130171+00:00
AIRFLOW_CTX_TRY_NUMBER=1
AIRFLOW_CTX_DAG_RUN_ID=manual__2023-05-21T23:45:14.130171+00:00
[2023-05-21T23:45:23.874+0000] {subprocess.py:63} INFO - Tmp dir root location: 
 /tmp
[2023-05-21T23:45:23.876+0000] {subprocess.py:75} INFO - Running command: ['/bin/bash', '-c', 'echo "Task 7"']
[2023-05-21T23:45:23.932+0000] {subprocess.py:86} INFO - Output:
[2023-05-21T23:45:23.933+0000] {subprocess.py:93} INFO - Task 7
[2023-05-21T23:45:23.934+0000] {subprocess.py:97} INFO - Command exited with return code 0
[2023-05-21T23:45:24.023+0000] {taskinstance.py:1323} INFO - Marking task as SUCCESS. dag_id=outradag, task_id=task7, execution_date=20230521T234514, start_date=20230521T234522, end_date=20230521T234524
[2023-05-21T23:45:24.068+0000] {local_task_job.py:208} INFO - Task exited with return code 0
[2023-05-21T23:45:24.101+0000] {taskinstance.py:2578} INFO - 0 downstream tasks scheduled from follow-on schedule check
