[2023-05-31T03:08:36.254+0000] {taskinstance.py:1083} INFO - Dependencies all met for <TaskInstance: olist_brasil.created_folders_task manual__2023-05-31T03:08:34.932651+00:00 [queued]>
[2023-05-31T03:08:36.269+0000] {taskinstance.py:1083} INFO - Dependencies all met for <TaskInstance: olist_brasil.created_folders_task manual__2023-05-31T03:08:34.932651+00:00 [queued]>
[2023-05-31T03:08:36.269+0000] {taskinstance.py:1279} INFO - 
--------------------------------------------------------------------------------
[2023-05-31T03:08:36.270+0000] {taskinstance.py:1280} INFO - Starting attempt 1 of 2
[2023-05-31T03:08:36.270+0000] {taskinstance.py:1281} INFO - 
--------------------------------------------------------------------------------
[2023-05-31T03:08:36.294+0000] {taskinstance.py:1300} INFO - Executing <Task(PythonOperator): created_folders_task> on 2023-05-31 03:08:34.932651+00:00
[2023-05-31T03:08:36.302+0000] {standard_task_runner.py:55} INFO - Started process 418 to run task
[2023-05-31T03:08:36.305+0000] {standard_task_runner.py:82} INFO - Running: ['***', 'tasks', 'run', 'olist_brasil', 'created_folders_task', 'manual__2023-05-31T03:08:34.932651+00:00', '--job-id', '123', '--raw', '--subdir', 'DAGS_FOLDER/olist_brasil.py', '--cfg-path', '/tmp/tmp6bkse_yl']
[2023-05-31T03:08:36.308+0000] {standard_task_runner.py:83} INFO - Job 123: Subtask created_folders_task
[2023-05-31T03:08:36.394+0000] {task_command.py:388} INFO - Running <TaskInstance: olist_brasil.created_folders_task manual__2023-05-31T03:08:34.932651+00:00 [running]> on host 402c803b83a1
[2023-05-31T03:08:36.523+0000] {taskinstance.py:1509} INFO - Exporting the following env vars:
AIRFLOW_CTX_DAG_EMAIL=test@test.com
AIRFLOW_CTX_DAG_OWNER=***
AIRFLOW_CTX_DAG_ID=olist_brasil
AIRFLOW_CTX_TASK_ID=created_folders_task
AIRFLOW_CTX_EXECUTION_DATE=2023-05-31T03:08:34.932651+00:00
AIRFLOW_CTX_TRY_NUMBER=1
AIRFLOW_CTX_DAG_RUN_ID=manual__2023-05-31T03:08:34.932651+00:00
[2023-05-31T03:08:36.533+0000] {logging_mixin.py:137} INFO - Diretório engineer criado com sucesso!
[2023-05-31T03:08:36.534+0000] {logging_mixin.py:137} INFO - Diretório raw criado com sucesso!
[2023-05-31T03:08:36.535+0000] {logging_mixin.py:137} INFO - Diretório refined criado com sucesso!
[2023-05-31T03:08:36.535+0000] {logging_mixin.py:137} INFO - Diretório transient criado com sucesso!
[2023-05-31T03:08:36.536+0000] {logging_mixin.py:137} INFO - Diretório trusted criado com sucesso!
[2023-05-31T03:08:36.536+0000] {python.py:177} INFO - Done. Returned value was: None
[2023-05-31T03:08:36.557+0000] {taskinstance.py:1323} INFO - Marking task as SUCCESS. dag_id=olist_brasil, task_id=created_folders_task, execution_date=20230531T030834, start_date=20230531T030836, end_date=20230531T030836
[2023-05-31T03:08:36.597+0000] {local_task_job.py:208} INFO - Task exited with return code 0
[2023-05-31T03:08:36.627+0000] {taskinstance.py:2578} INFO - 0 downstream tasks scheduled from follow-on schedule check
