[2023-05-28T00:20:39.060+0000] {taskinstance.py:1083} INFO - Dependencies all met for <TaskInstance: captura_dados.verifica_arquivo_task manual__2023-05-28T00:20:37.402915+00:00 [queued]>
[2023-05-28T00:20:39.076+0000] {taskinstance.py:1083} INFO - Dependencies all met for <TaskInstance: captura_dados.verifica_arquivo_task manual__2023-05-28T00:20:37.402915+00:00 [queued]>
[2023-05-28T00:20:39.077+0000] {taskinstance.py:1279} INFO - 
--------------------------------------------------------------------------------
[2023-05-28T00:20:39.077+0000] {taskinstance.py:1280} INFO - Starting attempt 1 of 2
[2023-05-28T00:20:39.078+0000] {taskinstance.py:1281} INFO - 
--------------------------------------------------------------------------------
[2023-05-28T00:20:39.110+0000] {taskinstance.py:1300} INFO - Executing <Task(PythonOperator): verifica_arquivo_task> on 2023-05-28 00:20:37.402915+00:00
[2023-05-28T00:20:39.121+0000] {standard_task_runner.py:55} INFO - Started process 577 to run task
[2023-05-28T00:20:39.127+0000] {standard_task_runner.py:82} INFO - Running: ['***', 'tasks', 'run', 'captura_dados', 'verifica_arquivo_task', 'manual__2023-05-28T00:20:37.402915+00:00', '--job-id', '328', '--raw', '--subdir', 'DAGS_FOLDER/captura_dados.py', '--cfg-path', '/tmp/tmpnidlbu2o']
[2023-05-28T00:20:39.128+0000] {standard_task_runner.py:83} INFO - Job 328: Subtask verifica_arquivo_task
[2023-05-28T00:20:39.229+0000] {task_command.py:388} INFO - Running <TaskInstance: captura_dados.verifica_arquivo_task manual__2023-05-28T00:20:37.402915+00:00 [running]> on host 185349a2ec48
[2023-05-28T00:20:39.351+0000] {taskinstance.py:1509} INFO - Exporting the following env vars:
AIRFLOW_CTX_DAG_EMAIL=test@test.com
AIRFLOW_CTX_DAG_OWNER=***
AIRFLOW_CTX_DAG_ID=captura_dados
AIRFLOW_CTX_TASK_ID=verifica_arquivo_task
AIRFLOW_CTX_EXECUTION_DATE=2023-05-28T00:20:37.402915+00:00
AIRFLOW_CTX_TRY_NUMBER=1
AIRFLOW_CTX_DAG_RUN_ID=manual__2023-05-28T00:20:37.402915+00:00
[2023-05-28T00:20:39.355+0000] {python.py:177} INFO - Done. Returned value was: False
[2023-05-28T00:20:39.396+0000] {taskinstance.py:1323} INFO - Marking task as SUCCESS. dag_id=captura_dados, task_id=verifica_arquivo_task, execution_date=20230528T002037, start_date=20230528T002039, end_date=20230528T002039
[2023-05-28T00:20:39.429+0000] {local_task_job.py:208} INFO - Task exited with return code 0
[2023-05-28T00:20:39.480+0000] {taskinstance.py:2578} INFO - 1 downstream tasks scheduled from follow-on schedule check
