[2023-05-21T14:45:22.778+0000] {processor.py:156} INFO - Started process (PID=284) to work on /home/airflow/.local/lib/python3.7/site-packages/airflow/example_dags/example_python_operator.py
[2023-05-21T14:45:22.779+0000] {processor.py:758} INFO - Processing file /home/airflow/.local/lib/python3.7/site-packages/airflow/example_dags/example_python_operator.py for tasks to queue
[2023-05-21T14:45:22.780+0000] {logging_mixin.py:117} INFO - [2023-05-21T14:45:22.780+0000] {dagbag.py:525} INFO - Filling up the DagBag from /home/airflow/.local/lib/python3.7/site-packages/airflow/example_dags/example_python_operator.py
[2023-05-21T14:45:22.820+0000] {processor.py:768} INFO - DAG(s) dict_keys(['example_python_operator']) retrieved from /home/airflow/.local/lib/python3.7/site-packages/airflow/example_dags/example_python_operator.py
[2023-05-21T14:45:22.858+0000] {logging_mixin.py:117} INFO - [2023-05-21T14:45:22.858+0000] {dag.py:2573} INFO - Sync 1 DAGs
[2023-05-21T14:45:22.897+0000] {logging_mixin.py:117} INFO - [2023-05-21T14:45:22.897+0000] {dag.py:3328} INFO - Setting next_dagrun for example_python_operator to None, run_after=None
[2023-05-21T14:45:22.924+0000] {processor.py:178} INFO - Processing /home/airflow/.local/lib/python3.7/site-packages/airflow/example_dags/example_python_operator.py took 0.150 seconds
[2023-05-21T14:45:53.892+0000] {processor.py:156} INFO - Started process (PID=490) to work on /home/airflow/.local/lib/python3.7/site-packages/airflow/example_dags/example_python_operator.py
[2023-05-21T14:45:53.893+0000] {processor.py:758} INFO - Processing file /home/airflow/.local/lib/python3.7/site-packages/airflow/example_dags/example_python_operator.py for tasks to queue
[2023-05-21T14:45:53.894+0000] {logging_mixin.py:117} INFO - [2023-05-21T14:45:53.894+0000] {dagbag.py:525} INFO - Filling up the DagBag from /home/airflow/.local/lib/python3.7/site-packages/airflow/example_dags/example_python_operator.py
[2023-05-21T14:45:53.941+0000] {processor.py:768} INFO - DAG(s) dict_keys(['example_python_operator']) retrieved from /home/airflow/.local/lib/python3.7/site-packages/airflow/example_dags/example_python_operator.py
[2023-05-21T14:45:53.999+0000] {logging_mixin.py:117} INFO - [2023-05-21T14:45:53.999+0000] {dag.py:2573} INFO - Sync 1 DAGs
[2023-05-21T14:45:54.040+0000] {logging_mixin.py:117} INFO - [2023-05-21T14:45:54.040+0000] {dag.py:3328} INFO - Setting next_dagrun for example_python_operator to None, run_after=None
[2023-05-21T14:45:54.247+0000] {processor.py:178} INFO - Processing /home/airflow/.local/lib/python3.7/site-packages/airflow/example_dags/example_python_operator.py took 0.358 seconds
[2023-05-21T14:46:25.525+0000] {processor.py:156} INFO - Started process (PID=702) to work on /home/airflow/.local/lib/python3.7/site-packages/airflow/example_dags/example_python_operator.py
[2023-05-21T14:46:25.530+0000] {processor.py:758} INFO - Processing file /home/airflow/.local/lib/python3.7/site-packages/airflow/example_dags/example_python_operator.py for tasks to queue
[2023-05-21T14:46:25.531+0000] {logging_mixin.py:117} INFO - [2023-05-21T14:46:25.531+0000] {dagbag.py:525} INFO - Filling up the DagBag from /home/airflow/.local/lib/python3.7/site-packages/airflow/example_dags/example_python_operator.py
[2023-05-21T14:46:25.604+0000] {processor.py:768} INFO - DAG(s) dict_keys(['example_python_operator']) retrieved from /home/airflow/.local/lib/python3.7/site-packages/airflow/example_dags/example_python_operator.py
[2023-05-21T14:46:25.687+0000] {logging_mixin.py:117} INFO - [2023-05-21T14:46:25.687+0000] {dag.py:2573} INFO - Sync 1 DAGs
[2023-05-21T14:46:25.899+0000] {logging_mixin.py:117} INFO - [2023-05-21T14:46:25.899+0000] {dag.py:3328} INFO - Setting next_dagrun for example_python_operator to None, run_after=None
[2023-05-21T14:46:25.922+0000] {processor.py:178} INFO - Processing /home/airflow/.local/lib/python3.7/site-packages/airflow/example_dags/example_python_operator.py took 0.414 seconds
[2023-05-21T14:46:56.314+0000] {processor.py:156} INFO - Started process (PID=916) to work on /home/airflow/.local/lib/python3.7/site-packages/airflow/example_dags/example_python_operator.py
[2023-05-21T14:46:56.315+0000] {processor.py:758} INFO - Processing file /home/airflow/.local/lib/python3.7/site-packages/airflow/example_dags/example_python_operator.py for tasks to queue
[2023-05-21T14:46:56.315+0000] {logging_mixin.py:117} INFO - [2023-05-21T14:46:56.315+0000] {dagbag.py:525} INFO - Filling up the DagBag from /home/airflow/.local/lib/python3.7/site-packages/airflow/example_dags/example_python_operator.py
[2023-05-21T14:46:56.341+0000] {processor.py:768} INFO - DAG(s) dict_keys(['example_python_operator']) retrieved from /home/airflow/.local/lib/python3.7/site-packages/airflow/example_dags/example_python_operator.py
[2023-05-21T14:46:56.513+0000] {logging_mixin.py:117} INFO - [2023-05-21T14:46:56.513+0000] {dag.py:2573} INFO - Sync 1 DAGs
[2023-05-21T14:46:56.538+0000] {logging_mixin.py:117} INFO - [2023-05-21T14:46:56.537+0000] {dag.py:3328} INFO - Setting next_dagrun for example_python_operator to None, run_after=None
[2023-05-21T14:46:56.559+0000] {processor.py:178} INFO - Processing /home/airflow/.local/lib/python3.7/site-packages/airflow/example_dags/example_python_operator.py took 0.248 seconds
[2023-05-21T14:47:27.060+0000] {processor.py:156} INFO - Started process (PID=1121) to work on /home/airflow/.local/lib/python3.7/site-packages/airflow/example_dags/example_python_operator.py
[2023-05-21T14:47:27.061+0000] {processor.py:758} INFO - Processing file /home/airflow/.local/lib/python3.7/site-packages/airflow/example_dags/example_python_operator.py for tasks to queue
[2023-05-21T14:47:27.061+0000] {logging_mixin.py:117} INFO - [2023-05-21T14:47:27.061+0000] {dagbag.py:525} INFO - Filling up the DagBag from /home/airflow/.local/lib/python3.7/site-packages/airflow/example_dags/example_python_operator.py
[2023-05-21T14:47:27.320+0000] {processor.py:768} INFO - DAG(s) dict_keys(['example_python_operator']) retrieved from /home/airflow/.local/lib/python3.7/site-packages/airflow/example_dags/example_python_operator.py
[2023-05-21T14:47:27.383+0000] {logging_mixin.py:117} INFO - [2023-05-21T14:47:27.382+0000] {dag.py:2573} INFO - Sync 1 DAGs
[2023-05-21T14:47:27.413+0000] {logging_mixin.py:117} INFO - [2023-05-21T14:47:27.413+0000] {dag.py:3328} INFO - Setting next_dagrun for example_python_operator to None, run_after=None
[2023-05-21T14:47:27.443+0000] {processor.py:178} INFO - Processing /home/airflow/.local/lib/python3.7/site-packages/airflow/example_dags/example_python_operator.py took 0.389 seconds
[2023-05-21T14:47:57.553+0000] {processor.py:156} INFO - Started process (PID=1336) to work on /home/airflow/.local/lib/python3.7/site-packages/airflow/example_dags/example_python_operator.py
[2023-05-21T14:47:57.553+0000] {processor.py:758} INFO - Processing file /home/airflow/.local/lib/python3.7/site-packages/airflow/example_dags/example_python_operator.py for tasks to queue
[2023-05-21T14:47:57.554+0000] {logging_mixin.py:117} INFO - [2023-05-21T14:47:57.554+0000] {dagbag.py:525} INFO - Filling up the DagBag from /home/airflow/.local/lib/python3.7/site-packages/airflow/example_dags/example_python_operator.py
[2023-05-21T14:47:57.582+0000] {processor.py:768} INFO - DAG(s) dict_keys(['example_python_operator']) retrieved from /home/airflow/.local/lib/python3.7/site-packages/airflow/example_dags/example_python_operator.py
[2023-05-21T14:47:57.640+0000] {logging_mixin.py:117} INFO - [2023-05-21T14:47:57.640+0000] {dag.py:2573} INFO - Sync 1 DAGs
[2023-05-21T14:47:57.677+0000] {logging_mixin.py:117} INFO - [2023-05-21T14:47:57.677+0000] {dag.py:3328} INFO - Setting next_dagrun for example_python_operator to None, run_after=None
[2023-05-21T14:47:57.714+0000] {processor.py:178} INFO - Processing /home/airflow/.local/lib/python3.7/site-packages/airflow/example_dags/example_python_operator.py took 0.166 seconds
[2023-05-21T14:50:30.024+0000] {processor.py:156} INFO - Started process (PID=284) to work on /home/airflow/.local/lib/python3.7/site-packages/airflow/example_dags/example_python_operator.py
[2023-05-21T14:50:30.025+0000] {processor.py:758} INFO - Processing file /home/airflow/.local/lib/python3.7/site-packages/airflow/example_dags/example_python_operator.py for tasks to queue
[2023-05-21T14:50:30.026+0000] {logging_mixin.py:117} INFO - [2023-05-21T14:50:30.025+0000] {dagbag.py:525} INFO - Filling up the DagBag from /home/airflow/.local/lib/python3.7/site-packages/airflow/example_dags/example_python_operator.py
[2023-05-21T14:50:30.063+0000] {processor.py:768} INFO - DAG(s) dict_keys(['example_python_operator']) retrieved from /home/airflow/.local/lib/python3.7/site-packages/airflow/example_dags/example_python_operator.py
[2023-05-21T14:50:30.099+0000] {logging_mixin.py:117} INFO - [2023-05-21T14:50:30.099+0000] {dag.py:2573} INFO - Sync 1 DAGs
[2023-05-21T14:50:30.130+0000] {logging_mixin.py:117} INFO - [2023-05-21T14:50:30.130+0000] {dag.py:3328} INFO - Setting next_dagrun for example_python_operator to None, run_after=None
[2023-05-21T14:50:30.154+0000] {processor.py:178} INFO - Processing /home/airflow/.local/lib/python3.7/site-packages/airflow/example_dags/example_python_operator.py took 0.133 seconds
[2023-05-21T14:51:00.751+0000] {processor.py:156} INFO - Started process (PID=488) to work on /home/airflow/.local/lib/python3.7/site-packages/airflow/example_dags/example_python_operator.py
[2023-05-21T14:51:00.752+0000] {processor.py:758} INFO - Processing file /home/airflow/.local/lib/python3.7/site-packages/airflow/example_dags/example_python_operator.py for tasks to queue
[2023-05-21T14:51:00.753+0000] {logging_mixin.py:117} INFO - [2023-05-21T14:51:00.753+0000] {dagbag.py:525} INFO - Filling up the DagBag from /home/airflow/.local/lib/python3.7/site-packages/airflow/example_dags/example_python_operator.py
[2023-05-21T14:51:00.788+0000] {processor.py:768} INFO - DAG(s) dict_keys(['example_python_operator']) retrieved from /home/airflow/.local/lib/python3.7/site-packages/airflow/example_dags/example_python_operator.py
[2023-05-21T14:51:00.839+0000] {logging_mixin.py:117} INFO - [2023-05-21T14:51:00.839+0000] {dag.py:2573} INFO - Sync 1 DAGs
[2023-05-21T14:51:00.874+0000] {logging_mixin.py:117} INFO - [2023-05-21T14:51:00.874+0000] {dag.py:3328} INFO - Setting next_dagrun for example_python_operator to None, run_after=None
[2023-05-21T14:51:01.003+0000] {processor.py:178} INFO - Processing /home/airflow/.local/lib/python3.7/site-packages/airflow/example_dags/example_python_operator.py took 0.255 seconds
[2023-05-21T14:51:31.788+0000] {processor.py:156} INFO - Started process (PID=702) to work on /home/airflow/.local/lib/python3.7/site-packages/airflow/example_dags/example_python_operator.py
[2023-05-21T14:51:31.788+0000] {processor.py:758} INFO - Processing file /home/airflow/.local/lib/python3.7/site-packages/airflow/example_dags/example_python_operator.py for tasks to queue
[2023-05-21T14:51:31.789+0000] {logging_mixin.py:117} INFO - [2023-05-21T14:51:31.789+0000] {dagbag.py:525} INFO - Filling up the DagBag from /home/airflow/.local/lib/python3.7/site-packages/airflow/example_dags/example_python_operator.py
[2023-05-21T14:51:31.812+0000] {processor.py:768} INFO - DAG(s) dict_keys(['example_python_operator']) retrieved from /home/airflow/.local/lib/python3.7/site-packages/airflow/example_dags/example_python_operator.py
[2023-05-21T14:51:31.855+0000] {logging_mixin.py:117} INFO - [2023-05-21T14:51:31.855+0000] {dag.py:2573} INFO - Sync 1 DAGs
[2023-05-21T14:51:32.023+0000] {logging_mixin.py:117} INFO - [2023-05-21T14:51:32.023+0000] {dag.py:3328} INFO - Setting next_dagrun for example_python_operator to None, run_after=None
[2023-05-21T14:51:32.046+0000] {processor.py:178} INFO - Processing /home/airflow/.local/lib/python3.7/site-packages/airflow/example_dags/example_python_operator.py took 0.263 seconds
[2023-05-21T14:52:02.694+0000] {processor.py:156} INFO - Started process (PID=916) to work on /home/airflow/.local/lib/python3.7/site-packages/airflow/example_dags/example_python_operator.py
[2023-05-21T14:52:02.695+0000] {processor.py:758} INFO - Processing file /home/airflow/.local/lib/python3.7/site-packages/airflow/example_dags/example_python_operator.py for tasks to queue
[2023-05-21T14:52:02.696+0000] {logging_mixin.py:117} INFO - [2023-05-21T14:52:02.696+0000] {dagbag.py:525} INFO - Filling up the DagBag from /home/airflow/.local/lib/python3.7/site-packages/airflow/example_dags/example_python_operator.py
[2023-05-21T14:52:02.754+0000] {processor.py:768} INFO - DAG(s) dict_keys(['example_python_operator']) retrieved from /home/airflow/.local/lib/python3.7/site-packages/airflow/example_dags/example_python_operator.py
[2023-05-21T14:52:02.942+0000] {logging_mixin.py:117} INFO - [2023-05-21T14:52:02.942+0000] {dag.py:2573} INFO - Sync 1 DAGs
[2023-05-21T14:52:02.973+0000] {logging_mixin.py:117} INFO - [2023-05-21T14:52:02.972+0000] {dag.py:3328} INFO - Setting next_dagrun for example_python_operator to None, run_after=None
[2023-05-21T14:52:03.004+0000] {processor.py:178} INFO - Processing /home/airflow/.local/lib/python3.7/site-packages/airflow/example_dags/example_python_operator.py took 0.320 seconds
[2023-05-21T14:58:50.661+0000] {processor.py:153} INFO - Started process (PID=71) to work on /home/airflow/.local/lib/python3.7/site-packages/airflow/example_dags/example_python_operator.py
[2023-05-21T14:58:50.662+0000] {processor.py:743} INFO - Processing file /home/airflow/.local/lib/python3.7/site-packages/airflow/example_dags/example_python_operator.py for tasks to queue
[2023-05-21T14:58:50.663+0000] {logging_mixin.py:137} INFO - [2023-05-21T14:58:50.663+0000] {dagbag.py:538} INFO - Filling up the DagBag from /home/airflow/.local/lib/python3.7/site-packages/airflow/example_dags/example_python_operator.py
[2023-05-21T14:58:50.695+0000] {logging_mixin.py:137} INFO - [2023-05-21T14:58:50.695+0000] {taskmixin.py:205} WARNING - Dependency <Task(_PythonDecoratedOperator): print_the_context>, log_sql_query already registered for DAG: example_python_operator
[2023-05-21T14:58:50.695+0000] {logging_mixin.py:137} INFO - [2023-05-21T14:58:50.695+0000] {taskmixin.py:205} WARNING - Dependency <Task(_PythonDecoratedOperator): log_sql_query>, print_the_context already registered for DAG: example_python_operator
[2023-05-21T14:58:50.696+0000] {logging_mixin.py:137} INFO - [2023-05-21T14:58:50.696+0000] {taskmixin.py:205} WARNING - Dependency <Task(_PythonDecoratedOperator): print_the_context>, log_sql_query already registered for DAG: example_python_operator
[2023-05-21T14:58:50.697+0000] {logging_mixin.py:137} INFO - [2023-05-21T14:58:50.697+0000] {taskmixin.py:205} WARNING - Dependency <Task(_PythonDecoratedOperator): log_sql_query>, print_the_context already registered for DAG: example_python_operator
[2023-05-21T14:58:50.698+0000] {logging_mixin.py:137} INFO - [2023-05-21T14:58:50.698+0000] {taskmixin.py:205} WARNING - Dependency <Task(_PythonDecoratedOperator): print_the_context>, log_sql_query already registered for DAG: example_python_operator
[2023-05-21T14:58:50.698+0000] {logging_mixin.py:137} INFO - [2023-05-21T14:58:50.698+0000] {taskmixin.py:205} WARNING - Dependency <Task(_PythonDecoratedOperator): log_sql_query>, print_the_context already registered for DAG: example_python_operator
[2023-05-21T14:58:50.699+0000] {logging_mixin.py:137} INFO - [2023-05-21T14:58:50.699+0000] {taskmixin.py:205} WARNING - Dependency <Task(_PythonDecoratedOperator): print_the_context>, log_sql_query already registered for DAG: example_python_operator
[2023-05-21T14:58:50.700+0000] {logging_mixin.py:137} INFO - [2023-05-21T14:58:50.700+0000] {taskmixin.py:205} WARNING - Dependency <Task(_PythonDecoratedOperator): log_sql_query>, print_the_context already registered for DAG: example_python_operator
[2023-05-21T14:58:50.721+0000] {processor.py:753} INFO - DAG(s) dict_keys(['example_python_operator']) retrieved from /home/airflow/.local/lib/python3.7/site-packages/airflow/example_dags/example_python_operator.py
[2023-05-21T14:58:50.835+0000] {logging_mixin.py:137} INFO - [2023-05-21T14:58:50.835+0000] {dag.py:2690} INFO - Sync 1 DAGs
[2023-05-21T14:58:50.878+0000] {logging_mixin.py:137} INFO - [2023-05-21T14:58:50.878+0000] {dag.py:3441} INFO - Setting next_dagrun for example_python_operator to None, run_after=None
[2023-05-21T14:58:50.910+0000] {processor.py:175} INFO - Processing /home/airflow/.local/lib/python3.7/site-packages/airflow/example_dags/example_python_operator.py took 0.254 seconds
[2023-05-21T14:59:21.166+0000] {processor.py:153} INFO - Started process (PID=136) to work on /home/airflow/.local/lib/python3.7/site-packages/airflow/example_dags/example_python_operator.py
[2023-05-21T14:59:21.167+0000] {processor.py:743} INFO - Processing file /home/airflow/.local/lib/python3.7/site-packages/airflow/example_dags/example_python_operator.py for tasks to queue
[2023-05-21T14:59:21.167+0000] {logging_mixin.py:137} INFO - [2023-05-21T14:59:21.167+0000] {dagbag.py:538} INFO - Filling up the DagBag from /home/airflow/.local/lib/python3.7/site-packages/airflow/example_dags/example_python_operator.py
[2023-05-21T14:59:21.192+0000] {logging_mixin.py:137} INFO - [2023-05-21T14:59:21.191+0000] {taskmixin.py:205} WARNING - Dependency <Task(_PythonDecoratedOperator): print_the_context>, log_sql_query already registered for DAG: example_python_operator
[2023-05-21T14:59:21.192+0000] {logging_mixin.py:137} INFO - [2023-05-21T14:59:21.192+0000] {taskmixin.py:205} WARNING - Dependency <Task(_PythonDecoratedOperator): log_sql_query>, print_the_context already registered for DAG: example_python_operator
[2023-05-21T14:59:21.193+0000] {logging_mixin.py:137} INFO - [2023-05-21T14:59:21.193+0000] {taskmixin.py:205} WARNING - Dependency <Task(_PythonDecoratedOperator): print_the_context>, log_sql_query already registered for DAG: example_python_operator
[2023-05-21T14:59:21.193+0000] {logging_mixin.py:137} INFO - [2023-05-21T14:59:21.193+0000] {taskmixin.py:205} WARNING - Dependency <Task(_PythonDecoratedOperator): log_sql_query>, print_the_context already registered for DAG: example_python_operator
[2023-05-21T14:59:21.194+0000] {logging_mixin.py:137} INFO - [2023-05-21T14:59:21.194+0000] {taskmixin.py:205} WARNING - Dependency <Task(_PythonDecoratedOperator): print_the_context>, log_sql_query already registered for DAG: example_python_operator
[2023-05-21T14:59:21.195+0000] {logging_mixin.py:137} INFO - [2023-05-21T14:59:21.195+0000] {taskmixin.py:205} WARNING - Dependency <Task(_PythonDecoratedOperator): log_sql_query>, print_the_context already registered for DAG: example_python_operator
[2023-05-21T14:59:21.196+0000] {logging_mixin.py:137} INFO - [2023-05-21T14:59:21.195+0000] {taskmixin.py:205} WARNING - Dependency <Task(_PythonDecoratedOperator): print_the_context>, log_sql_query already registered for DAG: example_python_operator
[2023-05-21T14:59:21.196+0000] {logging_mixin.py:137} INFO - [2023-05-21T14:59:21.196+0000] {taskmixin.py:205} WARNING - Dependency <Task(_PythonDecoratedOperator): log_sql_query>, print_the_context already registered for DAG: example_python_operator
[2023-05-21T14:59:21.206+0000] {processor.py:753} INFO - DAG(s) dict_keys(['example_python_operator']) retrieved from /home/airflow/.local/lib/python3.7/site-packages/airflow/example_dags/example_python_operator.py
[2023-05-21T14:59:21.241+0000] {logging_mixin.py:137} INFO - [2023-05-21T14:59:21.240+0000] {dag.py:2690} INFO - Sync 1 DAGs
[2023-05-21T14:59:21.282+0000] {logging_mixin.py:137} INFO - [2023-05-21T14:59:21.282+0000] {dag.py:3441} INFO - Setting next_dagrun for example_python_operator to None, run_after=None
[2023-05-21T14:59:21.310+0000] {processor.py:175} INFO - Processing /home/airflow/.local/lib/python3.7/site-packages/airflow/example_dags/example_python_operator.py took 0.149 seconds
[2023-05-21T14:59:52.190+0000] {processor.py:153} INFO - Started process (PID=213) to work on /home/airflow/.local/lib/python3.7/site-packages/airflow/example_dags/example_python_operator.py
[2023-05-21T14:59:52.191+0000] {processor.py:743} INFO - Processing file /home/airflow/.local/lib/python3.7/site-packages/airflow/example_dags/example_python_operator.py for tasks to queue
[2023-05-21T14:59:52.192+0000] {logging_mixin.py:137} INFO - [2023-05-21T14:59:52.192+0000] {dagbag.py:538} INFO - Filling up the DagBag from /home/airflow/.local/lib/python3.7/site-packages/airflow/example_dags/example_python_operator.py
[2023-05-21T14:59:52.214+0000] {logging_mixin.py:137} INFO - [2023-05-21T14:59:52.214+0000] {taskmixin.py:205} WARNING - Dependency <Task(_PythonDecoratedOperator): print_the_context>, log_sql_query already registered for DAG: example_python_operator
[2023-05-21T14:59:52.214+0000] {logging_mixin.py:137} INFO - [2023-05-21T14:59:52.214+0000] {taskmixin.py:205} WARNING - Dependency <Task(_PythonDecoratedOperator): log_sql_query>, print_the_context already registered for DAG: example_python_operator
[2023-05-21T14:59:52.215+0000] {logging_mixin.py:137} INFO - [2023-05-21T14:59:52.215+0000] {taskmixin.py:205} WARNING - Dependency <Task(_PythonDecoratedOperator): print_the_context>, log_sql_query already registered for DAG: example_python_operator
[2023-05-21T14:59:52.215+0000] {logging_mixin.py:137} INFO - [2023-05-21T14:59:52.215+0000] {taskmixin.py:205} WARNING - Dependency <Task(_PythonDecoratedOperator): log_sql_query>, print_the_context already registered for DAG: example_python_operator
[2023-05-21T14:59:52.215+0000] {logging_mixin.py:137} INFO - [2023-05-21T14:59:52.215+0000] {taskmixin.py:205} WARNING - Dependency <Task(_PythonDecoratedOperator): print_the_context>, log_sql_query already registered for DAG: example_python_operator
[2023-05-21T14:59:52.215+0000] {logging_mixin.py:137} INFO - [2023-05-21T14:59:52.215+0000] {taskmixin.py:205} WARNING - Dependency <Task(_PythonDecoratedOperator): log_sql_query>, print_the_context already registered for DAG: example_python_operator
[2023-05-21T14:59:52.216+0000] {logging_mixin.py:137} INFO - [2023-05-21T14:59:52.216+0000] {taskmixin.py:205} WARNING - Dependency <Task(_PythonDecoratedOperator): print_the_context>, log_sql_query already registered for DAG: example_python_operator
[2023-05-21T14:59:52.216+0000] {logging_mixin.py:137} INFO - [2023-05-21T14:59:52.216+0000] {taskmixin.py:205} WARNING - Dependency <Task(_PythonDecoratedOperator): log_sql_query>, print_the_context already registered for DAG: example_python_operator
[2023-05-21T14:59:52.223+0000] {processor.py:753} INFO - DAG(s) dict_keys(['example_python_operator']) retrieved from /home/airflow/.local/lib/python3.7/site-packages/airflow/example_dags/example_python_operator.py
[2023-05-21T14:59:52.249+0000] {logging_mixin.py:137} INFO - [2023-05-21T14:59:52.249+0000] {dag.py:2690} INFO - Sync 1 DAGs
[2023-05-21T14:59:52.275+0000] {logging_mixin.py:137} INFO - [2023-05-21T14:59:52.275+0000] {dag.py:3441} INFO - Setting next_dagrun for example_python_operator to None, run_after=None
[2023-05-21T14:59:52.294+0000] {processor.py:175} INFO - Processing /home/airflow/.local/lib/python3.7/site-packages/airflow/example_dags/example_python_operator.py took 0.107 seconds
[2023-05-21T15:00:22.486+0000] {processor.py:153} INFO - Started process (PID=278) to work on /home/airflow/.local/lib/python3.7/site-packages/airflow/example_dags/example_python_operator.py
[2023-05-21T15:00:22.487+0000] {processor.py:743} INFO - Processing file /home/airflow/.local/lib/python3.7/site-packages/airflow/example_dags/example_python_operator.py for tasks to queue
[2023-05-21T15:00:22.487+0000] {logging_mixin.py:137} INFO - [2023-05-21T15:00:22.487+0000] {dagbag.py:538} INFO - Filling up the DagBag from /home/airflow/.local/lib/python3.7/site-packages/airflow/example_dags/example_python_operator.py
[2023-05-21T15:00:22.509+0000] {logging_mixin.py:137} INFO - [2023-05-21T15:00:22.509+0000] {taskmixin.py:205} WARNING - Dependency <Task(_PythonDecoratedOperator): print_the_context>, log_sql_query already registered for DAG: example_python_operator
[2023-05-21T15:00:22.510+0000] {logging_mixin.py:137} INFO - [2023-05-21T15:00:22.509+0000] {taskmixin.py:205} WARNING - Dependency <Task(_PythonDecoratedOperator): log_sql_query>, print_the_context already registered for DAG: example_python_operator
[2023-05-21T15:00:22.510+0000] {logging_mixin.py:137} INFO - [2023-05-21T15:00:22.510+0000] {taskmixin.py:205} WARNING - Dependency <Task(_PythonDecoratedOperator): print_the_context>, log_sql_query already registered for DAG: example_python_operator
[2023-05-21T15:00:22.510+0000] {logging_mixin.py:137} INFO - [2023-05-21T15:00:22.510+0000] {taskmixin.py:205} WARNING - Dependency <Task(_PythonDecoratedOperator): log_sql_query>, print_the_context already registered for DAG: example_python_operator
[2023-05-21T15:00:22.511+0000] {logging_mixin.py:137} INFO - [2023-05-21T15:00:22.511+0000] {taskmixin.py:205} WARNING - Dependency <Task(_PythonDecoratedOperator): print_the_context>, log_sql_query already registered for DAG: example_python_operator
[2023-05-21T15:00:22.511+0000] {logging_mixin.py:137} INFO - [2023-05-21T15:00:22.511+0000] {taskmixin.py:205} WARNING - Dependency <Task(_PythonDecoratedOperator): log_sql_query>, print_the_context already registered for DAG: example_python_operator
[2023-05-21T15:00:22.512+0000] {logging_mixin.py:137} INFO - [2023-05-21T15:00:22.512+0000] {taskmixin.py:205} WARNING - Dependency <Task(_PythonDecoratedOperator): print_the_context>, log_sql_query already registered for DAG: example_python_operator
[2023-05-21T15:00:22.512+0000] {logging_mixin.py:137} INFO - [2023-05-21T15:00:22.512+0000] {taskmixin.py:205} WARNING - Dependency <Task(_PythonDecoratedOperator): log_sql_query>, print_the_context already registered for DAG: example_python_operator
[2023-05-21T15:00:22.519+0000] {processor.py:753} INFO - DAG(s) dict_keys(['example_python_operator']) retrieved from /home/airflow/.local/lib/python3.7/site-packages/airflow/example_dags/example_python_operator.py
[2023-05-21T15:00:22.546+0000] {logging_mixin.py:137} INFO - [2023-05-21T15:00:22.545+0000] {dag.py:2690} INFO - Sync 1 DAGs
[2023-05-21T15:00:22.576+0000] {logging_mixin.py:137} INFO - [2023-05-21T15:00:22.576+0000] {dag.py:3441} INFO - Setting next_dagrun for example_python_operator to None, run_after=None
[2023-05-21T15:00:22.599+0000] {processor.py:175} INFO - Processing /home/airflow/.local/lib/python3.7/site-packages/airflow/example_dags/example_python_operator.py took 0.116 seconds
[2023-05-21T15:00:54.369+0000] {processor.py:153} INFO - Started process (PID=351) to work on /home/airflow/.local/lib/python3.7/site-packages/airflow/example_dags/example_python_operator.py
[2023-05-21T15:00:54.370+0000] {processor.py:743} INFO - Processing file /home/airflow/.local/lib/python3.7/site-packages/airflow/example_dags/example_python_operator.py for tasks to queue
[2023-05-21T15:00:54.371+0000] {logging_mixin.py:137} INFO - [2023-05-21T15:00:54.370+0000] {dagbag.py:538} INFO - Filling up the DagBag from /home/airflow/.local/lib/python3.7/site-packages/airflow/example_dags/example_python_operator.py
[2023-05-21T15:00:54.387+0000] {logging_mixin.py:137} INFO - [2023-05-21T15:00:54.387+0000] {taskmixin.py:205} WARNING - Dependency <Task(_PythonDecoratedOperator): print_the_context>, log_sql_query already registered for DAG: example_python_operator
[2023-05-21T15:00:54.387+0000] {logging_mixin.py:137} INFO - [2023-05-21T15:00:54.387+0000] {taskmixin.py:205} WARNING - Dependency <Task(_PythonDecoratedOperator): log_sql_query>, print_the_context already registered for DAG: example_python_operator
[2023-05-21T15:00:54.388+0000] {logging_mixin.py:137} INFO - [2023-05-21T15:00:54.388+0000] {taskmixin.py:205} WARNING - Dependency <Task(_PythonDecoratedOperator): print_the_context>, log_sql_query already registered for DAG: example_python_operator
[2023-05-21T15:00:54.388+0000] {logging_mixin.py:137} INFO - [2023-05-21T15:00:54.388+0000] {taskmixin.py:205} WARNING - Dependency <Task(_PythonDecoratedOperator): log_sql_query>, print_the_context already registered for DAG: example_python_operator
[2023-05-21T15:00:54.389+0000] {logging_mixin.py:137} INFO - [2023-05-21T15:00:54.388+0000] {taskmixin.py:205} WARNING - Dependency <Task(_PythonDecoratedOperator): print_the_context>, log_sql_query already registered for DAG: example_python_operator
[2023-05-21T15:00:54.389+0000] {logging_mixin.py:137} INFO - [2023-05-21T15:00:54.389+0000] {taskmixin.py:205} WARNING - Dependency <Task(_PythonDecoratedOperator): log_sql_query>, print_the_context already registered for DAG: example_python_operator
[2023-05-21T15:00:54.389+0000] {logging_mixin.py:137} INFO - [2023-05-21T15:00:54.389+0000] {taskmixin.py:205} WARNING - Dependency <Task(_PythonDecoratedOperator): print_the_context>, log_sql_query already registered for DAG: example_python_operator
[2023-05-21T15:00:54.389+0000] {logging_mixin.py:137} INFO - [2023-05-21T15:00:54.389+0000] {taskmixin.py:205} WARNING - Dependency <Task(_PythonDecoratedOperator): log_sql_query>, print_the_context already registered for DAG: example_python_operator
[2023-05-21T15:00:54.396+0000] {processor.py:753} INFO - DAG(s) dict_keys(['example_python_operator']) retrieved from /home/airflow/.local/lib/python3.7/site-packages/airflow/example_dags/example_python_operator.py
[2023-05-21T15:00:54.421+0000] {logging_mixin.py:137} INFO - [2023-05-21T15:00:54.420+0000] {dag.py:2690} INFO - Sync 1 DAGs
[2023-05-21T15:00:54.448+0000] {logging_mixin.py:137} INFO - [2023-05-21T15:00:54.448+0000] {dag.py:3441} INFO - Setting next_dagrun for example_python_operator to None, run_after=None
[2023-05-21T15:00:54.470+0000] {processor.py:175} INFO - Processing /home/airflow/.local/lib/python3.7/site-packages/airflow/example_dags/example_python_operator.py took 0.104 seconds
[2023-05-21T15:01:24.964+0000] {processor.py:153} INFO - Started process (PID=419) to work on /home/airflow/.local/lib/python3.7/site-packages/airflow/example_dags/example_python_operator.py
[2023-05-21T15:01:24.965+0000] {processor.py:743} INFO - Processing file /home/airflow/.local/lib/python3.7/site-packages/airflow/example_dags/example_python_operator.py for tasks to queue
[2023-05-21T15:01:24.965+0000] {logging_mixin.py:137} INFO - [2023-05-21T15:01:24.965+0000] {dagbag.py:538} INFO - Filling up the DagBag from /home/airflow/.local/lib/python3.7/site-packages/airflow/example_dags/example_python_operator.py
[2023-05-21T15:01:24.982+0000] {logging_mixin.py:137} INFO - [2023-05-21T15:01:24.982+0000] {taskmixin.py:205} WARNING - Dependency <Task(_PythonDecoratedOperator): print_the_context>, log_sql_query already registered for DAG: example_python_operator
[2023-05-21T15:01:24.982+0000] {logging_mixin.py:137} INFO - [2023-05-21T15:01:24.982+0000] {taskmixin.py:205} WARNING - Dependency <Task(_PythonDecoratedOperator): log_sql_query>, print_the_context already registered for DAG: example_python_operator
[2023-05-21T15:01:24.983+0000] {logging_mixin.py:137} INFO - [2023-05-21T15:01:24.983+0000] {taskmixin.py:205} WARNING - Dependency <Task(_PythonDecoratedOperator): print_the_context>, log_sql_query already registered for DAG: example_python_operator
[2023-05-21T15:01:24.983+0000] {logging_mixin.py:137} INFO - [2023-05-21T15:01:24.983+0000] {taskmixin.py:205} WARNING - Dependency <Task(_PythonDecoratedOperator): log_sql_query>, print_the_context already registered for DAG: example_python_operator
[2023-05-21T15:01:24.984+0000] {logging_mixin.py:137} INFO - [2023-05-21T15:01:24.983+0000] {taskmixin.py:205} WARNING - Dependency <Task(_PythonDecoratedOperator): print_the_context>, log_sql_query already registered for DAG: example_python_operator
[2023-05-21T15:01:24.984+0000] {logging_mixin.py:137} INFO - [2023-05-21T15:01:24.984+0000] {taskmixin.py:205} WARNING - Dependency <Task(_PythonDecoratedOperator): log_sql_query>, print_the_context already registered for DAG: example_python_operator
[2023-05-21T15:01:24.984+0000] {logging_mixin.py:137} INFO - [2023-05-21T15:01:24.984+0000] {taskmixin.py:205} WARNING - Dependency <Task(_PythonDecoratedOperator): print_the_context>, log_sql_query already registered for DAG: example_python_operator
[2023-05-21T15:01:24.984+0000] {logging_mixin.py:137} INFO - [2023-05-21T15:01:24.984+0000] {taskmixin.py:205} WARNING - Dependency <Task(_PythonDecoratedOperator): log_sql_query>, print_the_context already registered for DAG: example_python_operator
[2023-05-21T15:01:24.991+0000] {processor.py:753} INFO - DAG(s) dict_keys(['example_python_operator']) retrieved from /home/airflow/.local/lib/python3.7/site-packages/airflow/example_dags/example_python_operator.py
[2023-05-21T15:01:25.019+0000] {logging_mixin.py:137} INFO - [2023-05-21T15:01:25.018+0000] {dag.py:2690} INFO - Sync 1 DAGs
[2023-05-21T15:01:25.046+0000] {logging_mixin.py:137} INFO - [2023-05-21T15:01:25.046+0000] {dag.py:3441} INFO - Setting next_dagrun for example_python_operator to None, run_after=None
[2023-05-21T15:01:25.065+0000] {processor.py:175} INFO - Processing /home/airflow/.local/lib/python3.7/site-packages/airflow/example_dags/example_python_operator.py took 0.104 seconds
[2023-05-21T15:01:56.256+0000] {processor.py:153} INFO - Started process (PID=491) to work on /home/airflow/.local/lib/python3.7/site-packages/airflow/example_dags/example_python_operator.py
[2023-05-21T15:01:56.257+0000] {processor.py:743} INFO - Processing file /home/airflow/.local/lib/python3.7/site-packages/airflow/example_dags/example_python_operator.py for tasks to queue
[2023-05-21T15:01:56.258+0000] {logging_mixin.py:137} INFO - [2023-05-21T15:01:56.258+0000] {dagbag.py:538} INFO - Filling up the DagBag from /home/airflow/.local/lib/python3.7/site-packages/airflow/example_dags/example_python_operator.py
[2023-05-21T15:01:56.284+0000] {logging_mixin.py:137} INFO - [2023-05-21T15:01:56.284+0000] {taskmixin.py:205} WARNING - Dependency <Task(_PythonDecoratedOperator): print_the_context>, log_sql_query already registered for DAG: example_python_operator
[2023-05-21T15:01:56.284+0000] {logging_mixin.py:137} INFO - [2023-05-21T15:01:56.284+0000] {taskmixin.py:205} WARNING - Dependency <Task(_PythonDecoratedOperator): log_sql_query>, print_the_context already registered for DAG: example_python_operator
[2023-05-21T15:01:56.285+0000] {logging_mixin.py:137} INFO - [2023-05-21T15:01:56.285+0000] {taskmixin.py:205} WARNING - Dependency <Task(_PythonDecoratedOperator): print_the_context>, log_sql_query already registered for DAG: example_python_operator
[2023-05-21T15:01:56.285+0000] {logging_mixin.py:137} INFO - [2023-05-21T15:01:56.285+0000] {taskmixin.py:205} WARNING - Dependency <Task(_PythonDecoratedOperator): log_sql_query>, print_the_context already registered for DAG: example_python_operator
[2023-05-21T15:01:56.286+0000] {logging_mixin.py:137} INFO - [2023-05-21T15:01:56.286+0000] {taskmixin.py:205} WARNING - Dependency <Task(_PythonDecoratedOperator): print_the_context>, log_sql_query already registered for DAG: example_python_operator
[2023-05-21T15:01:56.287+0000] {logging_mixin.py:137} INFO - [2023-05-21T15:01:56.287+0000] {taskmixin.py:205} WARNING - Dependency <Task(_PythonDecoratedOperator): log_sql_query>, print_the_context already registered for DAG: example_python_operator
[2023-05-21T15:01:56.288+0000] {logging_mixin.py:137} INFO - [2023-05-21T15:01:56.288+0000] {taskmixin.py:205} WARNING - Dependency <Task(_PythonDecoratedOperator): print_the_context>, log_sql_query already registered for DAG: example_python_operator
[2023-05-21T15:01:56.288+0000] {logging_mixin.py:137} INFO - [2023-05-21T15:01:56.288+0000] {taskmixin.py:205} WARNING - Dependency <Task(_PythonDecoratedOperator): log_sql_query>, print_the_context already registered for DAG: example_python_operator
[2023-05-21T15:01:56.303+0000] {processor.py:753} INFO - DAG(s) dict_keys(['example_python_operator']) retrieved from /home/airflow/.local/lib/python3.7/site-packages/airflow/example_dags/example_python_operator.py
[2023-05-21T15:01:56.339+0000] {logging_mixin.py:137} INFO - [2023-05-21T15:01:56.339+0000] {dag.py:2690} INFO - Sync 1 DAGs
[2023-05-21T15:01:56.381+0000] {logging_mixin.py:137} INFO - [2023-05-21T15:01:56.380+0000] {dag.py:3441} INFO - Setting next_dagrun for example_python_operator to None, run_after=None
[2023-05-21T15:01:56.410+0000] {processor.py:175} INFO - Processing /home/airflow/.local/lib/python3.7/site-packages/airflow/example_dags/example_python_operator.py took 0.158 seconds
[2023-05-21T15:02:26.901+0000] {processor.py:153} INFO - Started process (PID=562) to work on /home/airflow/.local/lib/python3.7/site-packages/airflow/example_dags/example_python_operator.py
[2023-05-21T15:02:26.902+0000] {processor.py:743} INFO - Processing file /home/airflow/.local/lib/python3.7/site-packages/airflow/example_dags/example_python_operator.py for tasks to queue
[2023-05-21T15:02:26.902+0000] {logging_mixin.py:137} INFO - [2023-05-21T15:02:26.902+0000] {dagbag.py:538} INFO - Filling up the DagBag from /home/airflow/.local/lib/python3.7/site-packages/airflow/example_dags/example_python_operator.py
[2023-05-21T15:02:26.918+0000] {logging_mixin.py:137} INFO - [2023-05-21T15:02:26.918+0000] {taskmixin.py:205} WARNING - Dependency <Task(_PythonDecoratedOperator): print_the_context>, log_sql_query already registered for DAG: example_python_operator
[2023-05-21T15:02:26.918+0000] {logging_mixin.py:137} INFO - [2023-05-21T15:02:26.918+0000] {taskmixin.py:205} WARNING - Dependency <Task(_PythonDecoratedOperator): log_sql_query>, print_the_context already registered for DAG: example_python_operator
[2023-05-21T15:02:26.919+0000] {logging_mixin.py:137} INFO - [2023-05-21T15:02:26.919+0000] {taskmixin.py:205} WARNING - Dependency <Task(_PythonDecoratedOperator): print_the_context>, log_sql_query already registered for DAG: example_python_operator
[2023-05-21T15:02:26.919+0000] {logging_mixin.py:137} INFO - [2023-05-21T15:02:26.919+0000] {taskmixin.py:205} WARNING - Dependency <Task(_PythonDecoratedOperator): log_sql_query>, print_the_context already registered for DAG: example_python_operator
[2023-05-21T15:02:26.920+0000] {logging_mixin.py:137} INFO - [2023-05-21T15:02:26.920+0000] {taskmixin.py:205} WARNING - Dependency <Task(_PythonDecoratedOperator): print_the_context>, log_sql_query already registered for DAG: example_python_operator
[2023-05-21T15:02:26.920+0000] {logging_mixin.py:137} INFO - [2023-05-21T15:02:26.920+0000] {taskmixin.py:205} WARNING - Dependency <Task(_PythonDecoratedOperator): log_sql_query>, print_the_context already registered for DAG: example_python_operator
[2023-05-21T15:02:26.920+0000] {logging_mixin.py:137} INFO - [2023-05-21T15:02:26.920+0000] {taskmixin.py:205} WARNING - Dependency <Task(_PythonDecoratedOperator): print_the_context>, log_sql_query already registered for DAG: example_python_operator
[2023-05-21T15:02:26.921+0000] {logging_mixin.py:137} INFO - [2023-05-21T15:02:26.921+0000] {taskmixin.py:205} WARNING - Dependency <Task(_PythonDecoratedOperator): log_sql_query>, print_the_context already registered for DAG: example_python_operator
[2023-05-21T15:02:26.927+0000] {processor.py:753} INFO - DAG(s) dict_keys(['example_python_operator']) retrieved from /home/airflow/.local/lib/python3.7/site-packages/airflow/example_dags/example_python_operator.py
[2023-05-21T15:02:26.955+0000] {logging_mixin.py:137} INFO - [2023-05-21T15:02:26.955+0000] {dag.py:2690} INFO - Sync 1 DAGs
[2023-05-21T15:02:26.982+0000] {logging_mixin.py:137} INFO - [2023-05-21T15:02:26.981+0000] {dag.py:3441} INFO - Setting next_dagrun for example_python_operator to None, run_after=None
[2023-05-21T15:02:27.005+0000] {processor.py:175} INFO - Processing /home/airflow/.local/lib/python3.7/site-packages/airflow/example_dags/example_python_operator.py took 0.107 seconds
[2023-05-21T15:02:57.261+0000] {processor.py:153} INFO - Started process (PID=629) to work on /home/airflow/.local/lib/python3.7/site-packages/airflow/example_dags/example_python_operator.py
[2023-05-21T15:02:57.262+0000] {processor.py:743} INFO - Processing file /home/airflow/.local/lib/python3.7/site-packages/airflow/example_dags/example_python_operator.py for tasks to queue
[2023-05-21T15:02:57.262+0000] {logging_mixin.py:137} INFO - [2023-05-21T15:02:57.262+0000] {dagbag.py:538} INFO - Filling up the DagBag from /home/airflow/.local/lib/python3.7/site-packages/airflow/example_dags/example_python_operator.py
[2023-05-21T15:02:57.279+0000] {logging_mixin.py:137} INFO - [2023-05-21T15:02:57.278+0000] {taskmixin.py:205} WARNING - Dependency <Task(_PythonDecoratedOperator): print_the_context>, log_sql_query already registered for DAG: example_python_operator
[2023-05-21T15:02:57.279+0000] {logging_mixin.py:137} INFO - [2023-05-21T15:02:57.279+0000] {taskmixin.py:205} WARNING - Dependency <Task(_PythonDecoratedOperator): log_sql_query>, print_the_context already registered for DAG: example_python_operator
[2023-05-21T15:02:57.279+0000] {logging_mixin.py:137} INFO - [2023-05-21T15:02:57.279+0000] {taskmixin.py:205} WARNING - Dependency <Task(_PythonDecoratedOperator): print_the_context>, log_sql_query already registered for DAG: example_python_operator
[2023-05-21T15:02:57.279+0000] {logging_mixin.py:137} INFO - [2023-05-21T15:02:57.279+0000] {taskmixin.py:205} WARNING - Dependency <Task(_PythonDecoratedOperator): log_sql_query>, print_the_context already registered for DAG: example_python_operator
[2023-05-21T15:02:57.280+0000] {logging_mixin.py:137} INFO - [2023-05-21T15:02:57.280+0000] {taskmixin.py:205} WARNING - Dependency <Task(_PythonDecoratedOperator): print_the_context>, log_sql_query already registered for DAG: example_python_operator
[2023-05-21T15:02:57.280+0000] {logging_mixin.py:137} INFO - [2023-05-21T15:02:57.280+0000] {taskmixin.py:205} WARNING - Dependency <Task(_PythonDecoratedOperator): log_sql_query>, print_the_context already registered for DAG: example_python_operator
[2023-05-21T15:02:57.281+0000] {logging_mixin.py:137} INFO - [2023-05-21T15:02:57.281+0000] {taskmixin.py:205} WARNING - Dependency <Task(_PythonDecoratedOperator): print_the_context>, log_sql_query already registered for DAG: example_python_operator
[2023-05-21T15:02:57.282+0000] {logging_mixin.py:137} INFO - [2023-05-21T15:02:57.282+0000] {taskmixin.py:205} WARNING - Dependency <Task(_PythonDecoratedOperator): log_sql_query>, print_the_context already registered for DAG: example_python_operator
[2023-05-21T15:02:57.288+0000] {processor.py:753} INFO - DAG(s) dict_keys(['example_python_operator']) retrieved from /home/airflow/.local/lib/python3.7/site-packages/airflow/example_dags/example_python_operator.py
[2023-05-21T15:02:57.316+0000] {logging_mixin.py:137} INFO - [2023-05-21T15:02:57.316+0000] {dag.py:2690} INFO - Sync 1 DAGs
[2023-05-21T15:02:57.343+0000] {logging_mixin.py:137} INFO - [2023-05-21T15:02:57.343+0000] {dag.py:3441} INFO - Setting next_dagrun for example_python_operator to None, run_after=None
[2023-05-21T15:02:57.363+0000] {processor.py:175} INFO - Processing /home/airflow/.local/lib/python3.7/site-packages/airflow/example_dags/example_python_operator.py took 0.105 seconds
[2023-05-21T15:03:27.761+0000] {processor.py:153} INFO - Started process (PID=706) to work on /home/airflow/.local/lib/python3.7/site-packages/airflow/example_dags/example_python_operator.py
[2023-05-21T15:03:27.762+0000] {processor.py:743} INFO - Processing file /home/airflow/.local/lib/python3.7/site-packages/airflow/example_dags/example_python_operator.py for tasks to queue
[2023-05-21T15:03:27.762+0000] {logging_mixin.py:137} INFO - [2023-05-21T15:03:27.762+0000] {dagbag.py:538} INFO - Filling up the DagBag from /home/airflow/.local/lib/python3.7/site-packages/airflow/example_dags/example_python_operator.py
[2023-05-21T15:03:27.784+0000] {logging_mixin.py:137} INFO - [2023-05-21T15:03:27.783+0000] {taskmixin.py:205} WARNING - Dependency <Task(_PythonDecoratedOperator): print_the_context>, log_sql_query already registered for DAG: example_python_operator
[2023-05-21T15:03:27.784+0000] {logging_mixin.py:137} INFO - [2023-05-21T15:03:27.784+0000] {taskmixin.py:205} WARNING - Dependency <Task(_PythonDecoratedOperator): log_sql_query>, print_the_context already registered for DAG: example_python_operator
[2023-05-21T15:03:27.785+0000] {logging_mixin.py:137} INFO - [2023-05-21T15:03:27.785+0000] {taskmixin.py:205} WARNING - Dependency <Task(_PythonDecoratedOperator): print_the_context>, log_sql_query already registered for DAG: example_python_operator
[2023-05-21T15:03:27.785+0000] {logging_mixin.py:137} INFO - [2023-05-21T15:03:27.785+0000] {taskmixin.py:205} WARNING - Dependency <Task(_PythonDecoratedOperator): log_sql_query>, print_the_context already registered for DAG: example_python_operator
[2023-05-21T15:03:27.786+0000] {logging_mixin.py:137} INFO - [2023-05-21T15:03:27.786+0000] {taskmixin.py:205} WARNING - Dependency <Task(_PythonDecoratedOperator): print_the_context>, log_sql_query already registered for DAG: example_python_operator
[2023-05-21T15:03:27.786+0000] {logging_mixin.py:137} INFO - [2023-05-21T15:03:27.786+0000] {taskmixin.py:205} WARNING - Dependency <Task(_PythonDecoratedOperator): log_sql_query>, print_the_context already registered for DAG: example_python_operator
[2023-05-21T15:03:27.787+0000] {logging_mixin.py:137} INFO - [2023-05-21T15:03:27.787+0000] {taskmixin.py:205} WARNING - Dependency <Task(_PythonDecoratedOperator): print_the_context>, log_sql_query already registered for DAG: example_python_operator
[2023-05-21T15:03:27.787+0000] {logging_mixin.py:137} INFO - [2023-05-21T15:03:27.787+0000] {taskmixin.py:205} WARNING - Dependency <Task(_PythonDecoratedOperator): log_sql_query>, print_the_context already registered for DAG: example_python_operator
[2023-05-21T15:03:27.800+0000] {processor.py:753} INFO - DAG(s) dict_keys(['example_python_operator']) retrieved from /home/airflow/.local/lib/python3.7/site-packages/airflow/example_dags/example_python_operator.py
[2023-05-21T15:03:27.825+0000] {logging_mixin.py:137} INFO - [2023-05-21T15:03:27.825+0000] {dag.py:2690} INFO - Sync 1 DAGs
[2023-05-21T15:03:27.854+0000] {logging_mixin.py:137} INFO - [2023-05-21T15:03:27.854+0000] {dag.py:3441} INFO - Setting next_dagrun for example_python_operator to None, run_after=None
[2023-05-21T15:03:27.882+0000] {processor.py:175} INFO - Processing /home/airflow/.local/lib/python3.7/site-packages/airflow/example_dags/example_python_operator.py took 0.124 seconds
[2023-05-21T15:03:58.991+0000] {processor.py:153} INFO - Started process (PID=770) to work on /home/airflow/.local/lib/python3.7/site-packages/airflow/example_dags/example_python_operator.py
[2023-05-21T15:03:58.992+0000] {processor.py:743} INFO - Processing file /home/airflow/.local/lib/python3.7/site-packages/airflow/example_dags/example_python_operator.py for tasks to queue
[2023-05-21T15:03:58.993+0000] {logging_mixin.py:137} INFO - [2023-05-21T15:03:58.993+0000] {dagbag.py:538} INFO - Filling up the DagBag from /home/airflow/.local/lib/python3.7/site-packages/airflow/example_dags/example_python_operator.py
[2023-05-21T15:03:59.024+0000] {logging_mixin.py:137} INFO - [2023-05-21T15:03:59.023+0000] {taskmixin.py:205} WARNING - Dependency <Task(_PythonDecoratedOperator): print_the_context>, log_sql_query already registered for DAG: example_python_operator
[2023-05-21T15:03:59.024+0000] {logging_mixin.py:137} INFO - [2023-05-21T15:03:59.024+0000] {taskmixin.py:205} WARNING - Dependency <Task(_PythonDecoratedOperator): log_sql_query>, print_the_context already registered for DAG: example_python_operator
[2023-05-21T15:03:59.024+0000] {logging_mixin.py:137} INFO - [2023-05-21T15:03:59.024+0000] {taskmixin.py:205} WARNING - Dependency <Task(_PythonDecoratedOperator): print_the_context>, log_sql_query already registered for DAG: example_python_operator
[2023-05-21T15:03:59.025+0000] {logging_mixin.py:137} INFO - [2023-05-21T15:03:59.025+0000] {taskmixin.py:205} WARNING - Dependency <Task(_PythonDecoratedOperator): log_sql_query>, print_the_context already registered for DAG: example_python_operator
[2023-05-21T15:03:59.025+0000] {logging_mixin.py:137} INFO - [2023-05-21T15:03:59.025+0000] {taskmixin.py:205} WARNING - Dependency <Task(_PythonDecoratedOperator): print_the_context>, log_sql_query already registered for DAG: example_python_operator
[2023-05-21T15:03:59.026+0000] {logging_mixin.py:137} INFO - [2023-05-21T15:03:59.025+0000] {taskmixin.py:205} WARNING - Dependency <Task(_PythonDecoratedOperator): log_sql_query>, print_the_context already registered for DAG: example_python_operator
[2023-05-21T15:03:59.026+0000] {logging_mixin.py:137} INFO - [2023-05-21T15:03:59.026+0000] {taskmixin.py:205} WARNING - Dependency <Task(_PythonDecoratedOperator): print_the_context>, log_sql_query already registered for DAG: example_python_operator
[2023-05-21T15:03:59.027+0000] {logging_mixin.py:137} INFO - [2023-05-21T15:03:59.027+0000] {taskmixin.py:205} WARNING - Dependency <Task(_PythonDecoratedOperator): log_sql_query>, print_the_context already registered for DAG: example_python_operator
[2023-05-21T15:03:59.041+0000] {processor.py:753} INFO - DAG(s) dict_keys(['example_python_operator']) retrieved from /home/airflow/.local/lib/python3.7/site-packages/airflow/example_dags/example_python_operator.py
[2023-05-21T15:03:59.089+0000] {logging_mixin.py:137} INFO - [2023-05-21T15:03:59.089+0000] {dag.py:2690} INFO - Sync 1 DAGs
[2023-05-21T15:03:59.128+0000] {logging_mixin.py:137} INFO - [2023-05-21T15:03:59.127+0000] {dag.py:3441} INFO - Setting next_dagrun for example_python_operator to None, run_after=None
[2023-05-21T15:03:59.157+0000] {processor.py:175} INFO - Processing /home/airflow/.local/lib/python3.7/site-packages/airflow/example_dags/example_python_operator.py took 0.177 seconds
[2023-05-21T15:04:30.090+0000] {processor.py:153} INFO - Started process (PID=834) to work on /home/airflow/.local/lib/python3.7/site-packages/airflow/example_dags/example_python_operator.py
[2023-05-21T15:04:30.091+0000] {processor.py:743} INFO - Processing file /home/airflow/.local/lib/python3.7/site-packages/airflow/example_dags/example_python_operator.py for tasks to queue
[2023-05-21T15:04:30.092+0000] {logging_mixin.py:137} INFO - [2023-05-21T15:04:30.091+0000] {dagbag.py:538} INFO - Filling up the DagBag from /home/airflow/.local/lib/python3.7/site-packages/airflow/example_dags/example_python_operator.py
[2023-05-21T15:04:30.121+0000] {logging_mixin.py:137} INFO - [2023-05-21T15:04:30.121+0000] {taskmixin.py:205} WARNING - Dependency <Task(_PythonDecoratedOperator): print_the_context>, log_sql_query already registered for DAG: example_python_operator
[2023-05-21T15:04:30.121+0000] {logging_mixin.py:137} INFO - [2023-05-21T15:04:30.121+0000] {taskmixin.py:205} WARNING - Dependency <Task(_PythonDecoratedOperator): log_sql_query>, print_the_context already registered for DAG: example_python_operator
[2023-05-21T15:04:30.122+0000] {logging_mixin.py:137} INFO - [2023-05-21T15:04:30.122+0000] {taskmixin.py:205} WARNING - Dependency <Task(_PythonDecoratedOperator): print_the_context>, log_sql_query already registered for DAG: example_python_operator
[2023-05-21T15:04:30.122+0000] {logging_mixin.py:137} INFO - [2023-05-21T15:04:30.122+0000] {taskmixin.py:205} WARNING - Dependency <Task(_PythonDecoratedOperator): log_sql_query>, print_the_context already registered for DAG: example_python_operator
[2023-05-21T15:04:30.124+0000] {logging_mixin.py:137} INFO - [2023-05-21T15:04:30.123+0000] {taskmixin.py:205} WARNING - Dependency <Task(_PythonDecoratedOperator): print_the_context>, log_sql_query already registered for DAG: example_python_operator
[2023-05-21T15:04:30.124+0000] {logging_mixin.py:137} INFO - [2023-05-21T15:04:30.124+0000] {taskmixin.py:205} WARNING - Dependency <Task(_PythonDecoratedOperator): log_sql_query>, print_the_context already registered for DAG: example_python_operator
[2023-05-21T15:04:30.125+0000] {logging_mixin.py:137} INFO - [2023-05-21T15:04:30.125+0000] {taskmixin.py:205} WARNING - Dependency <Task(_PythonDecoratedOperator): print_the_context>, log_sql_query already registered for DAG: example_python_operator
[2023-05-21T15:04:30.125+0000] {logging_mixin.py:137} INFO - [2023-05-21T15:04:30.125+0000] {taskmixin.py:205} WARNING - Dependency <Task(_PythonDecoratedOperator): log_sql_query>, print_the_context already registered for DAG: example_python_operator
[2023-05-21T15:04:30.138+0000] {processor.py:753} INFO - DAG(s) dict_keys(['example_python_operator']) retrieved from /home/airflow/.local/lib/python3.7/site-packages/airflow/example_dags/example_python_operator.py
[2023-05-21T15:04:30.178+0000] {logging_mixin.py:137} INFO - [2023-05-21T15:04:30.177+0000] {dag.py:2690} INFO - Sync 1 DAGs
[2023-05-21T15:04:30.238+0000] {logging_mixin.py:137} INFO - [2023-05-21T15:04:30.238+0000] {dag.py:3441} INFO - Setting next_dagrun for example_python_operator to None, run_after=None
[2023-05-21T15:04:30.269+0000] {processor.py:175} INFO - Processing /home/airflow/.local/lib/python3.7/site-packages/airflow/example_dags/example_python_operator.py took 0.191 seconds
[2023-05-21T15:05:01.244+0000] {processor.py:153} INFO - Started process (PID=900) to work on /home/airflow/.local/lib/python3.7/site-packages/airflow/example_dags/example_python_operator.py
[2023-05-21T15:05:01.246+0000] {processor.py:743} INFO - Processing file /home/airflow/.local/lib/python3.7/site-packages/airflow/example_dags/example_python_operator.py for tasks to queue
[2023-05-21T15:05:01.246+0000] {logging_mixin.py:137} INFO - [2023-05-21T15:05:01.246+0000] {dagbag.py:538} INFO - Filling up the DagBag from /home/airflow/.local/lib/python3.7/site-packages/airflow/example_dags/example_python_operator.py
[2023-05-21T15:05:01.275+0000] {logging_mixin.py:137} INFO - [2023-05-21T15:05:01.275+0000] {taskmixin.py:205} WARNING - Dependency <Task(_PythonDecoratedOperator): print_the_context>, log_sql_query already registered for DAG: example_python_operator
[2023-05-21T15:05:01.275+0000] {logging_mixin.py:137} INFO - [2023-05-21T15:05:01.275+0000] {taskmixin.py:205} WARNING - Dependency <Task(_PythonDecoratedOperator): log_sql_query>, print_the_context already registered for DAG: example_python_operator
[2023-05-21T15:05:01.276+0000] {logging_mixin.py:137} INFO - [2023-05-21T15:05:01.276+0000] {taskmixin.py:205} WARNING - Dependency <Task(_PythonDecoratedOperator): print_the_context>, log_sql_query already registered for DAG: example_python_operator
[2023-05-21T15:05:01.276+0000] {logging_mixin.py:137} INFO - [2023-05-21T15:05:01.276+0000] {taskmixin.py:205} WARNING - Dependency <Task(_PythonDecoratedOperator): log_sql_query>, print_the_context already registered for DAG: example_python_operator
[2023-05-21T15:05:01.277+0000] {logging_mixin.py:137} INFO - [2023-05-21T15:05:01.277+0000] {taskmixin.py:205} WARNING - Dependency <Task(_PythonDecoratedOperator): print_the_context>, log_sql_query already registered for DAG: example_python_operator
[2023-05-21T15:05:01.277+0000] {logging_mixin.py:137} INFO - [2023-05-21T15:05:01.277+0000] {taskmixin.py:205} WARNING - Dependency <Task(_PythonDecoratedOperator): log_sql_query>, print_the_context already registered for DAG: example_python_operator
[2023-05-21T15:05:01.278+0000] {logging_mixin.py:137} INFO - [2023-05-21T15:05:01.278+0000] {taskmixin.py:205} WARNING - Dependency <Task(_PythonDecoratedOperator): print_the_context>, log_sql_query already registered for DAG: example_python_operator
[2023-05-21T15:05:01.278+0000] {logging_mixin.py:137} INFO - [2023-05-21T15:05:01.278+0000] {taskmixin.py:205} WARNING - Dependency <Task(_PythonDecoratedOperator): log_sql_query>, print_the_context already registered for DAG: example_python_operator
[2023-05-21T15:05:01.286+0000] {processor.py:753} INFO - DAG(s) dict_keys(['example_python_operator']) retrieved from /home/airflow/.local/lib/python3.7/site-packages/airflow/example_dags/example_python_operator.py
[2023-05-21T15:05:01.329+0000] {logging_mixin.py:137} INFO - [2023-05-21T15:05:01.328+0000] {dag.py:2690} INFO - Sync 1 DAGs
[2023-05-21T15:05:01.373+0000] {logging_mixin.py:137} INFO - [2023-05-21T15:05:01.372+0000] {dag.py:3441} INFO - Setting next_dagrun for example_python_operator to None, run_after=None
[2023-05-21T15:05:01.409+0000] {processor.py:175} INFO - Processing /home/airflow/.local/lib/python3.7/site-packages/airflow/example_dags/example_python_operator.py took 0.168 seconds
