[2023-05-21T14:58:48.893+0000] {processor.py:153} INFO - Started process (PID=59) to work on /home/airflow/.local/lib/python3.7/site-packages/airflow/example_dags/example_sensor_decorator.py
[2023-05-21T14:58:48.894+0000] {processor.py:743} INFO - Processing file /home/airflow/.local/lib/python3.7/site-packages/airflow/example_dags/example_sensor_decorator.py for tasks to queue
[2023-05-21T14:58:48.895+0000] {logging_mixin.py:137} INFO - [2023-05-21T14:58:48.895+0000] {dagbag.py:538} INFO - Filling up the DagBag from /home/airflow/.local/lib/python3.7/site-packages/airflow/example_dags/example_sensor_decorator.py
[2023-05-21T14:58:48.956+0000] {processor.py:753} INFO - DAG(s) dict_keys(['example_sensor_decorator']) retrieved from /home/airflow/.local/lib/python3.7/site-packages/airflow/example_dags/example_sensor_decorator.py
[2023-05-21T14:58:48.992+0000] {logging_mixin.py:137} INFO - [2023-05-21T14:58:48.992+0000] {dag.py:2690} INFO - Sync 1 DAGs
[2023-05-21T14:58:49.043+0000] {logging_mixin.py:137} INFO - [2023-05-21T14:58:49.042+0000] {dag.py:3441} INFO - Setting next_dagrun for example_sensor_decorator to None, run_after=None
[2023-05-21T14:58:49.125+0000] {processor.py:175} INFO - Processing /home/airflow/.local/lib/python3.7/site-packages/airflow/example_dags/example_sensor_decorator.py took 0.249 seconds
[2023-05-21T14:59:19.239+0000] {processor.py:153} INFO - Started process (PID=124) to work on /home/airflow/.local/lib/python3.7/site-packages/airflow/example_dags/example_sensor_decorator.py
[2023-05-21T14:59:19.240+0000] {processor.py:743} INFO - Processing file /home/airflow/.local/lib/python3.7/site-packages/airflow/example_dags/example_sensor_decorator.py for tasks to queue
[2023-05-21T14:59:19.241+0000] {logging_mixin.py:137} INFO - [2023-05-21T14:59:19.241+0000] {dagbag.py:538} INFO - Filling up the DagBag from /home/airflow/.local/lib/python3.7/site-packages/airflow/example_dags/example_sensor_decorator.py
[2023-05-21T14:59:19.274+0000] {processor.py:753} INFO - DAG(s) dict_keys(['example_sensor_decorator']) retrieved from /home/airflow/.local/lib/python3.7/site-packages/airflow/example_dags/example_sensor_decorator.py
[2023-05-21T14:59:19.297+0000] {logging_mixin.py:137} INFO - [2023-05-21T14:59:19.297+0000] {dag.py:2690} INFO - Sync 1 DAGs
[2023-05-21T14:59:19.331+0000] {logging_mixin.py:137} INFO - [2023-05-21T14:59:19.331+0000] {dag.py:3441} INFO - Setting next_dagrun for example_sensor_decorator to None, run_after=None
[2023-05-21T14:59:19.356+0000] {processor.py:175} INFO - Processing /home/airflow/.local/lib/python3.7/site-packages/airflow/example_dags/example_sensor_decorator.py took 0.124 seconds
[2023-05-21T14:59:50.036+0000] {processor.py:153} INFO - Started process (PID=201) to work on /home/airflow/.local/lib/python3.7/site-packages/airflow/example_dags/example_sensor_decorator.py
[2023-05-21T14:59:50.036+0000] {processor.py:743} INFO - Processing file /home/airflow/.local/lib/python3.7/site-packages/airflow/example_dags/example_sensor_decorator.py for tasks to queue
[2023-05-21T14:59:50.053+0000] {logging_mixin.py:137} INFO - [2023-05-21T14:59:50.052+0000] {dagbag.py:538} INFO - Filling up the DagBag from /home/airflow/.local/lib/python3.7/site-packages/airflow/example_dags/example_sensor_decorator.py
[2023-05-21T14:59:50.146+0000] {processor.py:753} INFO - DAG(s) dict_keys(['example_sensor_decorator']) retrieved from /home/airflow/.local/lib/python3.7/site-packages/airflow/example_dags/example_sensor_decorator.py
[2023-05-21T14:59:50.226+0000] {logging_mixin.py:137} INFO - [2023-05-21T14:59:50.226+0000] {dag.py:2690} INFO - Sync 1 DAGs
[2023-05-21T14:59:50.280+0000] {logging_mixin.py:137} INFO - [2023-05-21T14:59:50.280+0000] {dag.py:3441} INFO - Setting next_dagrun for example_sensor_decorator to None, run_after=None
[2023-05-21T14:59:50.320+0000] {processor.py:175} INFO - Processing /home/airflow/.local/lib/python3.7/site-packages/airflow/example_dags/example_sensor_decorator.py took 0.289 seconds
[2023-05-21T15:00:20.348+0000] {processor.py:153} INFO - Started process (PID=264) to work on /home/airflow/.local/lib/python3.7/site-packages/airflow/example_dags/example_sensor_decorator.py
[2023-05-21T15:00:20.349+0000] {processor.py:743} INFO - Processing file /home/airflow/.local/lib/python3.7/site-packages/airflow/example_dags/example_sensor_decorator.py for tasks to queue
[2023-05-21T15:00:20.349+0000] {logging_mixin.py:137} INFO - [2023-05-21T15:00:20.349+0000] {dagbag.py:538} INFO - Filling up the DagBag from /home/airflow/.local/lib/python3.7/site-packages/airflow/example_dags/example_sensor_decorator.py
[2023-05-21T15:00:20.370+0000] {processor.py:753} INFO - DAG(s) dict_keys(['example_sensor_decorator']) retrieved from /home/airflow/.local/lib/python3.7/site-packages/airflow/example_dags/example_sensor_decorator.py
[2023-05-21T15:00:20.392+0000] {logging_mixin.py:137} INFO - [2023-05-21T15:00:20.392+0000] {dag.py:2690} INFO - Sync 1 DAGs
[2023-05-21T15:00:20.416+0000] {logging_mixin.py:137} INFO - [2023-05-21T15:00:20.416+0000] {dag.py:3441} INFO - Setting next_dagrun for example_sensor_decorator to None, run_after=None
[2023-05-21T15:00:20.434+0000] {processor.py:175} INFO - Processing /home/airflow/.local/lib/python3.7/site-packages/airflow/example_dags/example_sensor_decorator.py took 0.089 seconds
[2023-05-21T15:00:50.508+0000] {processor.py:153} INFO - Started process (PID=329) to work on /home/airflow/.local/lib/python3.7/site-packages/airflow/example_dags/example_sensor_decorator.py
[2023-05-21T15:00:50.509+0000] {processor.py:743} INFO - Processing file /home/airflow/.local/lib/python3.7/site-packages/airflow/example_dags/example_sensor_decorator.py for tasks to queue
[2023-05-21T15:00:50.510+0000] {logging_mixin.py:137} INFO - [2023-05-21T15:00:50.510+0000] {dagbag.py:538} INFO - Filling up the DagBag from /home/airflow/.local/lib/python3.7/site-packages/airflow/example_dags/example_sensor_decorator.py
[2023-05-21T15:00:50.530+0000] {processor.py:753} INFO - DAG(s) dict_keys(['example_sensor_decorator']) retrieved from /home/airflow/.local/lib/python3.7/site-packages/airflow/example_dags/example_sensor_decorator.py
[2023-05-21T15:00:50.551+0000] {logging_mixin.py:137} INFO - [2023-05-21T15:00:50.551+0000] {dag.py:2690} INFO - Sync 1 DAGs
[2023-05-21T15:00:50.576+0000] {logging_mixin.py:137} INFO - [2023-05-21T15:00:50.576+0000] {dag.py:3441} INFO - Setting next_dagrun for example_sensor_decorator to None, run_after=None
[2023-05-21T15:00:50.596+0000] {processor.py:175} INFO - Processing /home/airflow/.local/lib/python3.7/site-packages/airflow/example_dags/example_sensor_decorator.py took 0.091 seconds
[2023-05-21T15:01:20.829+0000] {processor.py:153} INFO - Started process (PID=405) to work on /home/airflow/.local/lib/python3.7/site-packages/airflow/example_dags/example_sensor_decorator.py
[2023-05-21T15:01:20.831+0000] {processor.py:743} INFO - Processing file /home/airflow/.local/lib/python3.7/site-packages/airflow/example_dags/example_sensor_decorator.py for tasks to queue
[2023-05-21T15:01:20.832+0000] {logging_mixin.py:137} INFO - [2023-05-21T15:01:20.832+0000] {dagbag.py:538} INFO - Filling up the DagBag from /home/airflow/.local/lib/python3.7/site-packages/airflow/example_dags/example_sensor_decorator.py
[2023-05-21T15:01:20.866+0000] {processor.py:753} INFO - DAG(s) dict_keys(['example_sensor_decorator']) retrieved from /home/airflow/.local/lib/python3.7/site-packages/airflow/example_dags/example_sensor_decorator.py
[2023-05-21T15:01:20.901+0000] {logging_mixin.py:137} INFO - [2023-05-21T15:01:20.901+0000] {dag.py:2690} INFO - Sync 1 DAGs
[2023-05-21T15:01:20.945+0000] {logging_mixin.py:137} INFO - [2023-05-21T15:01:20.944+0000] {dag.py:3441} INFO - Setting next_dagrun for example_sensor_decorator to None, run_after=None
[2023-05-21T15:01:20.968+0000] {processor.py:175} INFO - Processing /home/airflow/.local/lib/python3.7/site-packages/airflow/example_dags/example_sensor_decorator.py took 0.144 seconds
[2023-05-21T15:01:51.856+0000] {processor.py:153} INFO - Started process (PID=470) to work on /home/airflow/.local/lib/python3.7/site-packages/airflow/example_dags/example_sensor_decorator.py
[2023-05-21T15:01:51.857+0000] {processor.py:743} INFO - Processing file /home/airflow/.local/lib/python3.7/site-packages/airflow/example_dags/example_sensor_decorator.py for tasks to queue
[2023-05-21T15:01:51.858+0000] {logging_mixin.py:137} INFO - [2023-05-21T15:01:51.858+0000] {dagbag.py:538} INFO - Filling up the DagBag from /home/airflow/.local/lib/python3.7/site-packages/airflow/example_dags/example_sensor_decorator.py
[2023-05-21T15:01:51.880+0000] {processor.py:753} INFO - DAG(s) dict_keys(['example_sensor_decorator']) retrieved from /home/airflow/.local/lib/python3.7/site-packages/airflow/example_dags/example_sensor_decorator.py
[2023-05-21T15:01:51.901+0000] {logging_mixin.py:137} INFO - [2023-05-21T15:01:51.901+0000] {dag.py:2690} INFO - Sync 1 DAGs
[2023-05-21T15:01:51.927+0000] {logging_mixin.py:137} INFO - [2023-05-21T15:01:51.927+0000] {dag.py:3441} INFO - Setting next_dagrun for example_sensor_decorator to None, run_after=None
[2023-05-21T15:01:51.947+0000] {processor.py:175} INFO - Processing /home/airflow/.local/lib/python3.7/site-packages/airflow/example_dags/example_sensor_decorator.py took 0.094 seconds
[2023-05-21T15:02:22.795+0000] {processor.py:153} INFO - Started process (PID=548) to work on /home/airflow/.local/lib/python3.7/site-packages/airflow/example_dags/example_sensor_decorator.py
[2023-05-21T15:02:22.796+0000] {processor.py:743} INFO - Processing file /home/airflow/.local/lib/python3.7/site-packages/airflow/example_dags/example_sensor_decorator.py for tasks to queue
[2023-05-21T15:02:22.797+0000] {logging_mixin.py:137} INFO - [2023-05-21T15:02:22.797+0000] {dagbag.py:538} INFO - Filling up the DagBag from /home/airflow/.local/lib/python3.7/site-packages/airflow/example_dags/example_sensor_decorator.py
[2023-05-21T15:02:22.817+0000] {processor.py:753} INFO - DAG(s) dict_keys(['example_sensor_decorator']) retrieved from /home/airflow/.local/lib/python3.7/site-packages/airflow/example_dags/example_sensor_decorator.py
[2023-05-21T15:02:22.840+0000] {logging_mixin.py:137} INFO - [2023-05-21T15:02:22.839+0000] {dag.py:2690} INFO - Sync 1 DAGs
[2023-05-21T15:02:22.871+0000] {logging_mixin.py:137} INFO - [2023-05-21T15:02:22.870+0000] {dag.py:3441} INFO - Setting next_dagrun for example_sensor_decorator to None, run_after=None
[2023-05-21T15:02:22.891+0000] {processor.py:175} INFO - Processing /home/airflow/.local/lib/python3.7/site-packages/airflow/example_dags/example_sensor_decorator.py took 0.099 seconds
[2023-05-21T15:02:53.047+0000] {processor.py:153} INFO - Started process (PID=615) to work on /home/airflow/.local/lib/python3.7/site-packages/airflow/example_dags/example_sensor_decorator.py
[2023-05-21T15:02:53.048+0000] {processor.py:743} INFO - Processing file /home/airflow/.local/lib/python3.7/site-packages/airflow/example_dags/example_sensor_decorator.py for tasks to queue
[2023-05-21T15:02:53.049+0000] {logging_mixin.py:137} INFO - [2023-05-21T15:02:53.049+0000] {dagbag.py:538} INFO - Filling up the DagBag from /home/airflow/.local/lib/python3.7/site-packages/airflow/example_dags/example_sensor_decorator.py
[2023-05-21T15:02:53.073+0000] {processor.py:753} INFO - DAG(s) dict_keys(['example_sensor_decorator']) retrieved from /home/airflow/.local/lib/python3.7/site-packages/airflow/example_dags/example_sensor_decorator.py
[2023-05-21T15:02:53.096+0000] {logging_mixin.py:137} INFO - [2023-05-21T15:02:53.096+0000] {dag.py:2690} INFO - Sync 1 DAGs
[2023-05-21T15:02:53.121+0000] {logging_mixin.py:137} INFO - [2023-05-21T15:02:53.121+0000] {dag.py:3441} INFO - Setting next_dagrun for example_sensor_decorator to None, run_after=None
[2023-05-21T15:02:53.139+0000] {processor.py:175} INFO - Processing /home/airflow/.local/lib/python3.7/site-packages/airflow/example_dags/example_sensor_decorator.py took 0.096 seconds
[2023-05-21T15:03:23.567+0000] {processor.py:153} INFO - Started process (PID=680) to work on /home/airflow/.local/lib/python3.7/site-packages/airflow/example_dags/example_sensor_decorator.py
[2023-05-21T15:03:23.568+0000] {processor.py:743} INFO - Processing file /home/airflow/.local/lib/python3.7/site-packages/airflow/example_dags/example_sensor_decorator.py for tasks to queue
[2023-05-21T15:03:23.569+0000] {logging_mixin.py:137} INFO - [2023-05-21T15:03:23.568+0000] {dagbag.py:538} INFO - Filling up the DagBag from /home/airflow/.local/lib/python3.7/site-packages/airflow/example_dags/example_sensor_decorator.py
[2023-05-21T15:03:23.600+0000] {processor.py:753} INFO - DAG(s) dict_keys(['example_sensor_decorator']) retrieved from /home/airflow/.local/lib/python3.7/site-packages/airflow/example_dags/example_sensor_decorator.py
[2023-05-21T15:03:23.629+0000] {logging_mixin.py:137} INFO - [2023-05-21T15:03:23.629+0000] {dag.py:2690} INFO - Sync 1 DAGs
[2023-05-21T15:03:23.669+0000] {logging_mixin.py:137} INFO - [2023-05-21T15:03:23.669+0000] {dag.py:3441} INFO - Setting next_dagrun for example_sensor_decorator to None, run_after=None
[2023-05-21T15:03:23.698+0000] {processor.py:175} INFO - Processing /home/airflow/.local/lib/python3.7/site-packages/airflow/example_dags/example_sensor_decorator.py took 0.136 seconds
[2023-05-21T15:03:54.275+0000] {processor.py:153} INFO - Started process (PID=756) to work on /home/airflow/.local/lib/python3.7/site-packages/airflow/example_dags/example_sensor_decorator.py
[2023-05-21T15:03:54.275+0000] {processor.py:743} INFO - Processing file /home/airflow/.local/lib/python3.7/site-packages/airflow/example_dags/example_sensor_decorator.py for tasks to queue
[2023-05-21T15:03:54.276+0000] {logging_mixin.py:137} INFO - [2023-05-21T15:03:54.276+0000] {dagbag.py:538} INFO - Filling up the DagBag from /home/airflow/.local/lib/python3.7/site-packages/airflow/example_dags/example_sensor_decorator.py
[2023-05-21T15:03:54.306+0000] {processor.py:753} INFO - DAG(s) dict_keys(['example_sensor_decorator']) retrieved from /home/airflow/.local/lib/python3.7/site-packages/airflow/example_dags/example_sensor_decorator.py
[2023-05-21T15:03:54.340+0000] {logging_mixin.py:137} INFO - [2023-05-21T15:03:54.340+0000] {dag.py:2690} INFO - Sync 1 DAGs
[2023-05-21T15:03:54.389+0000] {logging_mixin.py:137} INFO - [2023-05-21T15:03:54.389+0000] {dag.py:3441} INFO - Setting next_dagrun for example_sensor_decorator to None, run_after=None
[2023-05-21T15:03:54.424+0000] {processor.py:175} INFO - Processing /home/airflow/.local/lib/python3.7/site-packages/airflow/example_dags/example_sensor_decorator.py took 0.152 seconds
[2023-05-21T15:04:26.169+0000] {processor.py:153} INFO - Started process (PID=820) to work on /home/airflow/.local/lib/python3.7/site-packages/airflow/example_dags/example_sensor_decorator.py
[2023-05-21T15:04:26.172+0000] {processor.py:743} INFO - Processing file /home/airflow/.local/lib/python3.7/site-packages/airflow/example_dags/example_sensor_decorator.py for tasks to queue
[2023-05-21T15:04:26.174+0000] {logging_mixin.py:137} INFO - [2023-05-21T15:04:26.174+0000] {dagbag.py:538} INFO - Filling up the DagBag from /home/airflow/.local/lib/python3.7/site-packages/airflow/example_dags/example_sensor_decorator.py
[2023-05-21T15:04:26.253+0000] {processor.py:753} INFO - DAG(s) dict_keys(['example_sensor_decorator']) retrieved from /home/airflow/.local/lib/python3.7/site-packages/airflow/example_dags/example_sensor_decorator.py
[2023-05-21T15:04:26.324+0000] {logging_mixin.py:137} INFO - [2023-05-21T15:04:26.324+0000] {dag.py:2690} INFO - Sync 1 DAGs
[2023-05-21T15:04:26.406+0000] {logging_mixin.py:137} INFO - [2023-05-21T15:04:26.406+0000] {dag.py:3441} INFO - Setting next_dagrun for example_sensor_decorator to None, run_after=None
[2023-05-21T15:04:26.464+0000] {processor.py:175} INFO - Processing /home/airflow/.local/lib/python3.7/site-packages/airflow/example_dags/example_sensor_decorator.py took 0.309 seconds
[2023-05-21T15:04:57.538+0000] {processor.py:153} INFO - Started process (PID=886) to work on /home/airflow/.local/lib/python3.7/site-packages/airflow/example_dags/example_sensor_decorator.py
[2023-05-21T15:04:57.539+0000] {processor.py:743} INFO - Processing file /home/airflow/.local/lib/python3.7/site-packages/airflow/example_dags/example_sensor_decorator.py for tasks to queue
[2023-05-21T15:04:57.540+0000] {logging_mixin.py:137} INFO - [2023-05-21T15:04:57.540+0000] {dagbag.py:538} INFO - Filling up the DagBag from /home/airflow/.local/lib/python3.7/site-packages/airflow/example_dags/example_sensor_decorator.py
[2023-05-21T15:04:57.577+0000] {processor.py:753} INFO - DAG(s) dict_keys(['example_sensor_decorator']) retrieved from /home/airflow/.local/lib/python3.7/site-packages/airflow/example_dags/example_sensor_decorator.py
[2023-05-21T15:04:57.627+0000] {logging_mixin.py:137} INFO - [2023-05-21T15:04:57.626+0000] {dag.py:2690} INFO - Sync 1 DAGs
[2023-05-21T15:04:57.676+0000] {logging_mixin.py:137} INFO - [2023-05-21T15:04:57.676+0000] {dag.py:3441} INFO - Setting next_dagrun for example_sensor_decorator to None, run_after=None
[2023-05-21T15:04:57.712+0000] {processor.py:175} INFO - Processing /home/airflow/.local/lib/python3.7/site-packages/airflow/example_dags/example_sensor_decorator.py took 0.178 seconds
