[2023-05-21T14:45:23.913+0000] {processor.py:156} INFO - Started process (PID=346) to work on /home/airflow/.local/lib/python3.7/site-packages/airflow/example_dags/example_nested_branch_dag.py
[2023-05-21T14:45:23.914+0000] {processor.py:758} INFO - Processing file /home/airflow/.local/lib/python3.7/site-packages/airflow/example_dags/example_nested_branch_dag.py for tasks to queue
[2023-05-21T14:45:23.915+0000] {logging_mixin.py:117} INFO - [2023-05-21T14:45:23.914+0000] {dagbag.py:525} INFO - Filling up the DagBag from /home/airflow/.local/lib/python3.7/site-packages/airflow/example_dags/example_nested_branch_dag.py
[2023-05-21T14:45:23.940+0000] {processor.py:768} INFO - DAG(s) dict_keys(['example_nested_branch_dag']) retrieved from /home/airflow/.local/lib/python3.7/site-packages/airflow/example_dags/example_nested_branch_dag.py
[2023-05-21T14:45:23.969+0000] {logging_mixin.py:117} INFO - [2023-05-21T14:45:23.969+0000] {dag.py:2573} INFO - Sync 1 DAGs
[2023-05-21T14:45:23.998+0000] {logging_mixin.py:117} INFO - [2023-05-21T14:45:23.998+0000] {dag.py:3328} INFO - Setting next_dagrun for example_nested_branch_dag to 2023-05-20T00:00:00+00:00, run_after=2023-05-21T00:00:00+00:00
[2023-05-21T14:45:24.019+0000] {processor.py:178} INFO - Processing /home/airflow/.local/lib/python3.7/site-packages/airflow/example_dags/example_nested_branch_dag.py took 0.108 seconds
[2023-05-21T14:45:56.444+0000] {processor.py:156} INFO - Started process (PID=556) to work on /home/airflow/.local/lib/python3.7/site-packages/airflow/example_dags/example_nested_branch_dag.py
[2023-05-21T14:45:56.445+0000] {processor.py:758} INFO - Processing file /home/airflow/.local/lib/python3.7/site-packages/airflow/example_dags/example_nested_branch_dag.py for tasks to queue
[2023-05-21T14:45:56.446+0000] {logging_mixin.py:117} INFO - [2023-05-21T14:45:56.446+0000] {dagbag.py:525} INFO - Filling up the DagBag from /home/airflow/.local/lib/python3.7/site-packages/airflow/example_dags/example_nested_branch_dag.py
[2023-05-21T14:45:56.491+0000] {processor.py:768} INFO - DAG(s) dict_keys(['example_nested_branch_dag']) retrieved from /home/airflow/.local/lib/python3.7/site-packages/airflow/example_dags/example_nested_branch_dag.py
[2023-05-21T14:45:56.563+0000] {logging_mixin.py:117} INFO - [2023-05-21T14:45:56.562+0000] {dag.py:2573} INFO - Sync 1 DAGs
[2023-05-21T14:45:56.612+0000] {logging_mixin.py:117} INFO - [2023-05-21T14:45:56.612+0000] {dag.py:3328} INFO - Setting next_dagrun for example_nested_branch_dag to 2023-05-20T00:00:00+00:00, run_after=2023-05-21T00:00:00+00:00
[2023-05-21T14:45:56.779+0000] {processor.py:178} INFO - Processing /home/airflow/.local/lib/python3.7/site-packages/airflow/example_dags/example_nested_branch_dag.py took 0.338 seconds
[2023-05-21T14:46:27.682+0000] {processor.py:156} INFO - Started process (PID=762) to work on /home/airflow/.local/lib/python3.7/site-packages/airflow/example_dags/example_nested_branch_dag.py
[2023-05-21T14:46:27.684+0000] {processor.py:758} INFO - Processing file /home/airflow/.local/lib/python3.7/site-packages/airflow/example_dags/example_nested_branch_dag.py for tasks to queue
[2023-05-21T14:46:27.685+0000] {logging_mixin.py:117} INFO - [2023-05-21T14:46:27.685+0000] {dagbag.py:525} INFO - Filling up the DagBag from /home/airflow/.local/lib/python3.7/site-packages/airflow/example_dags/example_nested_branch_dag.py
[2023-05-21T14:46:27.723+0000] {processor.py:768} INFO - DAG(s) dict_keys(['example_nested_branch_dag']) retrieved from /home/airflow/.local/lib/python3.7/site-packages/airflow/example_dags/example_nested_branch_dag.py
[2023-05-21T14:46:27.970+0000] {logging_mixin.py:117} INFO - [2023-05-21T14:46:27.969+0000] {dag.py:2573} INFO - Sync 1 DAGs
[2023-05-21T14:46:28.013+0000] {logging_mixin.py:117} INFO - [2023-05-21T14:46:28.012+0000] {dag.py:3328} INFO - Setting next_dagrun for example_nested_branch_dag to 2023-05-20T00:00:00+00:00, run_after=2023-05-21T00:00:00+00:00
[2023-05-21T14:46:28.040+0000] {processor.py:178} INFO - Processing /home/airflow/.local/lib/python3.7/site-packages/airflow/example_dags/example_nested_branch_dag.py took 0.362 seconds
[2023-05-21T14:46:58.456+0000] {processor.py:156} INFO - Started process (PID=976) to work on /home/airflow/.local/lib/python3.7/site-packages/airflow/example_dags/example_nested_branch_dag.py
[2023-05-21T14:46:58.456+0000] {processor.py:758} INFO - Processing file /home/airflow/.local/lib/python3.7/site-packages/airflow/example_dags/example_nested_branch_dag.py for tasks to queue
[2023-05-21T14:46:58.457+0000] {logging_mixin.py:117} INFO - [2023-05-21T14:46:58.457+0000] {dagbag.py:525} INFO - Filling up the DagBag from /home/airflow/.local/lib/python3.7/site-packages/airflow/example_dags/example_nested_branch_dag.py
[2023-05-21T14:46:58.491+0000] {processor.py:768} INFO - DAG(s) dict_keys(['example_nested_branch_dag']) retrieved from /home/airflow/.local/lib/python3.7/site-packages/airflow/example_dags/example_nested_branch_dag.py
[2023-05-21T14:46:58.654+0000] {logging_mixin.py:117} INFO - [2023-05-21T14:46:58.654+0000] {dag.py:2573} INFO - Sync 1 DAGs
[2023-05-21T14:46:58.678+0000] {logging_mixin.py:117} INFO - [2023-05-21T14:46:58.678+0000] {dag.py:3328} INFO - Setting next_dagrun for example_nested_branch_dag to 2023-05-20T00:00:00+00:00, run_after=2023-05-21T00:00:00+00:00
[2023-05-21T14:46:58.699+0000] {processor.py:178} INFO - Processing /home/airflow/.local/lib/python3.7/site-packages/airflow/example_dags/example_nested_branch_dag.py took 0.247 seconds
[2023-05-21T14:47:29.434+0000] {processor.py:156} INFO - Started process (PID=1192) to work on /home/airflow/.local/lib/python3.7/site-packages/airflow/example_dags/example_nested_branch_dag.py
[2023-05-21T14:47:29.435+0000] {processor.py:758} INFO - Processing file /home/airflow/.local/lib/python3.7/site-packages/airflow/example_dags/example_nested_branch_dag.py for tasks to queue
[2023-05-21T14:47:29.436+0000] {logging_mixin.py:117} INFO - [2023-05-21T14:47:29.435+0000] {dagbag.py:525} INFO - Filling up the DagBag from /home/airflow/.local/lib/python3.7/site-packages/airflow/example_dags/example_nested_branch_dag.py
[2023-05-21T14:47:29.610+0000] {processor.py:768} INFO - DAG(s) dict_keys(['example_nested_branch_dag']) retrieved from /home/airflow/.local/lib/python3.7/site-packages/airflow/example_dags/example_nested_branch_dag.py
[2023-05-21T14:47:29.648+0000] {logging_mixin.py:117} INFO - [2023-05-21T14:47:29.648+0000] {dag.py:2573} INFO - Sync 1 DAGs
[2023-05-21T14:47:29.673+0000] {logging_mixin.py:117} INFO - [2023-05-21T14:47:29.673+0000] {dag.py:3328} INFO - Setting next_dagrun for example_nested_branch_dag to 2023-05-20T00:00:00+00:00, run_after=2023-05-21T00:00:00+00:00
[2023-05-21T14:47:29.691+0000] {processor.py:178} INFO - Processing /home/airflow/.local/lib/python3.7/site-packages/airflow/example_dags/example_nested_branch_dag.py took 0.261 seconds
[2023-05-21T14:48:00.284+0000] {processor.py:156} INFO - Started process (PID=1394) to work on /home/airflow/.local/lib/python3.7/site-packages/airflow/example_dags/example_nested_branch_dag.py
[2023-05-21T14:48:00.285+0000] {processor.py:758} INFO - Processing file /home/airflow/.local/lib/python3.7/site-packages/airflow/example_dags/example_nested_branch_dag.py for tasks to queue
[2023-05-21T14:48:00.286+0000] {logging_mixin.py:117} INFO - [2023-05-21T14:48:00.286+0000] {dagbag.py:525} INFO - Filling up the DagBag from /home/airflow/.local/lib/python3.7/site-packages/airflow/example_dags/example_nested_branch_dag.py
[2023-05-21T14:48:00.325+0000] {processor.py:768} INFO - DAG(s) dict_keys(['example_nested_branch_dag']) retrieved from /home/airflow/.local/lib/python3.7/site-packages/airflow/example_dags/example_nested_branch_dag.py
[2023-05-21T14:48:00.389+0000] {logging_mixin.py:117} INFO - [2023-05-21T14:48:00.388+0000] {dag.py:2573} INFO - Sync 1 DAGs
[2023-05-21T14:48:00.436+0000] {logging_mixin.py:117} INFO - [2023-05-21T14:48:00.436+0000] {dag.py:3328} INFO - Setting next_dagrun for example_nested_branch_dag to 2023-05-20T00:00:00+00:00, run_after=2023-05-21T00:00:00+00:00
[2023-05-21T14:48:00.469+0000] {processor.py:178} INFO - Processing /home/airflow/.local/lib/python3.7/site-packages/airflow/example_dags/example_nested_branch_dag.py took 0.190 seconds
[2023-05-21T14:50:31.073+0000] {processor.py:156} INFO - Started process (PID=346) to work on /home/airflow/.local/lib/python3.7/site-packages/airflow/example_dags/example_nested_branch_dag.py
[2023-05-21T14:50:31.074+0000] {processor.py:758} INFO - Processing file /home/airflow/.local/lib/python3.7/site-packages/airflow/example_dags/example_nested_branch_dag.py for tasks to queue
[2023-05-21T14:50:31.075+0000] {logging_mixin.py:117} INFO - [2023-05-21T14:50:31.075+0000] {dagbag.py:525} INFO - Filling up the DagBag from /home/airflow/.local/lib/python3.7/site-packages/airflow/example_dags/example_nested_branch_dag.py
[2023-05-21T14:50:31.109+0000] {processor.py:768} INFO - DAG(s) dict_keys(['example_nested_branch_dag']) retrieved from /home/airflow/.local/lib/python3.7/site-packages/airflow/example_dags/example_nested_branch_dag.py
[2023-05-21T14:50:31.142+0000] {logging_mixin.py:117} INFO - [2023-05-21T14:50:31.142+0000] {dag.py:2573} INFO - Sync 1 DAGs
[2023-05-21T14:50:31.193+0000] {logging_mixin.py:117} INFO - [2023-05-21T14:50:31.193+0000] {dag.py:3328} INFO - Setting next_dagrun for example_nested_branch_dag to 2023-05-20T00:00:00+00:00, run_after=2023-05-21T00:00:00+00:00
[2023-05-21T14:50:31.230+0000] {processor.py:178} INFO - Processing /home/airflow/.local/lib/python3.7/site-packages/airflow/example_dags/example_nested_branch_dag.py took 0.160 seconds
[2023-05-21T14:51:02.589+0000] {processor.py:156} INFO - Started process (PID=548) to work on /home/airflow/.local/lib/python3.7/site-packages/airflow/example_dags/example_nested_branch_dag.py
[2023-05-21T14:51:02.590+0000] {processor.py:758} INFO - Processing file /home/airflow/.local/lib/python3.7/site-packages/airflow/example_dags/example_nested_branch_dag.py for tasks to queue
[2023-05-21T14:51:02.591+0000] {logging_mixin.py:117} INFO - [2023-05-21T14:51:02.591+0000] {dagbag.py:525} INFO - Filling up the DagBag from /home/airflow/.local/lib/python3.7/site-packages/airflow/example_dags/example_nested_branch_dag.py
[2023-05-21T14:51:02.636+0000] {processor.py:768} INFO - DAG(s) dict_keys(['example_nested_branch_dag']) retrieved from /home/airflow/.local/lib/python3.7/site-packages/airflow/example_dags/example_nested_branch_dag.py
[2023-05-21T14:51:02.699+0000] {logging_mixin.py:117} INFO - [2023-05-21T14:51:02.699+0000] {dag.py:2573} INFO - Sync 1 DAGs
[2023-05-21T14:51:02.749+0000] {logging_mixin.py:117} INFO - [2023-05-21T14:51:02.748+0000] {dag.py:3328} INFO - Setting next_dagrun for example_nested_branch_dag to 2023-05-20T00:00:00+00:00, run_after=2023-05-21T00:00:00+00:00
[2023-05-21T14:51:02.879+0000] {processor.py:178} INFO - Processing /home/airflow/.local/lib/python3.7/site-packages/airflow/example_dags/example_nested_branch_dag.py took 0.294 seconds
[2023-05-21T14:51:34.386+0000] {processor.py:156} INFO - Started process (PID=764) to work on /home/airflow/.local/lib/python3.7/site-packages/airflow/example_dags/example_nested_branch_dag.py
[2023-05-21T14:51:34.387+0000] {processor.py:758} INFO - Processing file /home/airflow/.local/lib/python3.7/site-packages/airflow/example_dags/example_nested_branch_dag.py for tasks to queue
[2023-05-21T14:51:34.387+0000] {logging_mixin.py:117} INFO - [2023-05-21T14:51:34.387+0000] {dagbag.py:525} INFO - Filling up the DagBag from /home/airflow/.local/lib/python3.7/site-packages/airflow/example_dags/example_nested_branch_dag.py
[2023-05-21T14:51:34.431+0000] {processor.py:768} INFO - DAG(s) dict_keys(['example_nested_branch_dag']) retrieved from /home/airflow/.local/lib/python3.7/site-packages/airflow/example_dags/example_nested_branch_dag.py
[2023-05-21T14:51:34.653+0000] {logging_mixin.py:117} INFO - [2023-05-21T14:51:34.653+0000] {dag.py:2573} INFO - Sync 1 DAGs
[2023-05-21T14:51:34.708+0000] {logging_mixin.py:117} INFO - [2023-05-21T14:51:34.708+0000] {dag.py:3328} INFO - Setting next_dagrun for example_nested_branch_dag to 2023-05-20T00:00:00+00:00, run_after=2023-05-21T00:00:00+00:00
[2023-05-21T14:51:34.741+0000] {processor.py:178} INFO - Processing /home/airflow/.local/lib/python3.7/site-packages/airflow/example_dags/example_nested_branch_dag.py took 0.365 seconds
[2023-05-21T14:58:51.830+0000] {processor.py:153} INFO - Started process (PID=83) to work on /home/airflow/.local/lib/python3.7/site-packages/airflow/example_dags/example_nested_branch_dag.py
[2023-05-21T14:58:51.831+0000] {processor.py:743} INFO - Processing file /home/airflow/.local/lib/python3.7/site-packages/airflow/example_dags/example_nested_branch_dag.py for tasks to queue
[2023-05-21T14:58:51.832+0000] {logging_mixin.py:137} INFO - [2023-05-21T14:58:51.832+0000] {dagbag.py:538} INFO - Filling up the DagBag from /home/airflow/.local/lib/python3.7/site-packages/airflow/example_dags/example_nested_branch_dag.py
[2023-05-21T14:58:51.873+0000] {processor.py:753} INFO - DAG(s) dict_keys(['example_nested_branch_dag']) retrieved from /home/airflow/.local/lib/python3.7/site-packages/airflow/example_dags/example_nested_branch_dag.py
[2023-05-21T14:58:51.904+0000] {logging_mixin.py:137} INFO - [2023-05-21T14:58:51.904+0000] {dag.py:2690} INFO - Sync 1 DAGs
[2023-05-21T14:58:51.948+0000] {logging_mixin.py:137} INFO - [2023-05-21T14:58:51.948+0000] {dag.py:3441} INFO - Setting next_dagrun for example_nested_branch_dag to 2023-05-20T00:00:00+00:00, run_after=2023-05-21T00:00:00+00:00
[2023-05-21T14:58:51.973+0000] {processor.py:175} INFO - Processing /home/airflow/.local/lib/python3.7/site-packages/airflow/example_dags/example_nested_branch_dag.py took 0.146 seconds
[2023-05-21T14:59:22.465+0000] {processor.py:153} INFO - Started process (PID=158) to work on /home/airflow/.local/lib/python3.7/site-packages/airflow/example_dags/example_nested_branch_dag.py
[2023-05-21T14:59:22.478+0000] {processor.py:743} INFO - Processing file /home/airflow/.local/lib/python3.7/site-packages/airflow/example_dags/example_nested_branch_dag.py for tasks to queue
[2023-05-21T14:59:22.479+0000] {logging_mixin.py:137} INFO - [2023-05-21T14:59:22.479+0000] {dagbag.py:538} INFO - Filling up the DagBag from /home/airflow/.local/lib/python3.7/site-packages/airflow/example_dags/example_nested_branch_dag.py
[2023-05-21T14:59:22.547+0000] {processor.py:753} INFO - DAG(s) dict_keys(['example_nested_branch_dag']) retrieved from /home/airflow/.local/lib/python3.7/site-packages/airflow/example_dags/example_nested_branch_dag.py
[2023-05-21T14:59:22.594+0000] {logging_mixin.py:137} INFO - [2023-05-21T14:59:22.594+0000] {dag.py:2690} INFO - Sync 1 DAGs
[2023-05-21T14:59:22.644+0000] {logging_mixin.py:137} INFO - [2023-05-21T14:59:22.644+0000] {dag.py:3441} INFO - Setting next_dagrun for example_nested_branch_dag to 2023-05-20T00:00:00+00:00, run_after=2023-05-21T00:00:00+00:00
[2023-05-21T14:59:22.695+0000] {processor.py:175} INFO - Processing /home/airflow/.local/lib/python3.7/site-packages/airflow/example_dags/example_nested_branch_dag.py took 0.235 seconds
[2023-05-21T14:59:52.979+0000] {processor.py:153} INFO - Started process (PID=225) to work on /home/airflow/.local/lib/python3.7/site-packages/airflow/example_dags/example_nested_branch_dag.py
[2023-05-21T14:59:52.980+0000] {processor.py:743} INFO - Processing file /home/airflow/.local/lib/python3.7/site-packages/airflow/example_dags/example_nested_branch_dag.py for tasks to queue
[2023-05-21T14:59:52.981+0000] {logging_mixin.py:137} INFO - [2023-05-21T14:59:52.981+0000] {dagbag.py:538} INFO - Filling up the DagBag from /home/airflow/.local/lib/python3.7/site-packages/airflow/example_dags/example_nested_branch_dag.py
[2023-05-21T14:59:53.020+0000] {processor.py:753} INFO - DAG(s) dict_keys(['example_nested_branch_dag']) retrieved from /home/airflow/.local/lib/python3.7/site-packages/airflow/example_dags/example_nested_branch_dag.py
[2023-05-21T14:59:53.055+0000] {logging_mixin.py:137} INFO - [2023-05-21T14:59:53.054+0000] {dag.py:2690} INFO - Sync 1 DAGs
[2023-05-21T14:59:53.088+0000] {logging_mixin.py:137} INFO - [2023-05-21T14:59:53.088+0000] {dag.py:3441} INFO - Setting next_dagrun for example_nested_branch_dag to 2023-05-20T00:00:00+00:00, run_after=2023-05-21T00:00:00+00:00
[2023-05-21T14:59:53.108+0000] {processor.py:175} INFO - Processing /home/airflow/.local/lib/python3.7/site-packages/airflow/example_dags/example_nested_branch_dag.py took 0.134 seconds
[2023-05-21T15:00:23.233+0000] {processor.py:153} INFO - Started process (PID=290) to work on /home/airflow/.local/lib/python3.7/site-packages/airflow/example_dags/example_nested_branch_dag.py
[2023-05-21T15:00:23.234+0000] {processor.py:743} INFO - Processing file /home/airflow/.local/lib/python3.7/site-packages/airflow/example_dags/example_nested_branch_dag.py for tasks to queue
[2023-05-21T15:00:23.235+0000] {logging_mixin.py:137} INFO - [2023-05-21T15:00:23.235+0000] {dagbag.py:538} INFO - Filling up the DagBag from /home/airflow/.local/lib/python3.7/site-packages/airflow/example_dags/example_nested_branch_dag.py
[2023-05-21T15:00:23.258+0000] {processor.py:753} INFO - DAG(s) dict_keys(['example_nested_branch_dag']) retrieved from /home/airflow/.local/lib/python3.7/site-packages/airflow/example_dags/example_nested_branch_dag.py
[2023-05-21T15:00:23.285+0000] {logging_mixin.py:137} INFO - [2023-05-21T15:00:23.285+0000] {dag.py:2690} INFO - Sync 1 DAGs
[2023-05-21T15:00:23.317+0000] {logging_mixin.py:137} INFO - [2023-05-21T15:00:23.316+0000] {dag.py:3441} INFO - Setting next_dagrun for example_nested_branch_dag to 2023-05-20T00:00:00+00:00, run_after=2023-05-21T00:00:00+00:00
[2023-05-21T15:00:23.347+0000] {processor.py:175} INFO - Processing /home/airflow/.local/lib/python3.7/site-packages/airflow/example_dags/example_nested_branch_dag.py took 0.116 seconds
[2023-05-21T15:00:55.469+0000] {processor.py:153} INFO - Started process (PID=366) to work on /home/airflow/.local/lib/python3.7/site-packages/airflow/example_dags/example_nested_branch_dag.py
[2023-05-21T15:00:55.470+0000] {processor.py:743} INFO - Processing file /home/airflow/.local/lib/python3.7/site-packages/airflow/example_dags/example_nested_branch_dag.py for tasks to queue
[2023-05-21T15:00:55.471+0000] {logging_mixin.py:137} INFO - [2023-05-21T15:00:55.471+0000] {dagbag.py:538} INFO - Filling up the DagBag from /home/airflow/.local/lib/python3.7/site-packages/airflow/example_dags/example_nested_branch_dag.py
[2023-05-21T15:00:55.507+0000] {processor.py:753} INFO - DAG(s) dict_keys(['example_nested_branch_dag']) retrieved from /home/airflow/.local/lib/python3.7/site-packages/airflow/example_dags/example_nested_branch_dag.py
[2023-05-21T15:00:55.545+0000] {logging_mixin.py:137} INFO - [2023-05-21T15:00:55.545+0000] {dag.py:2690} INFO - Sync 1 DAGs
[2023-05-21T15:00:55.579+0000] {logging_mixin.py:137} INFO - [2023-05-21T15:00:55.579+0000] {dag.py:3441} INFO - Setting next_dagrun for example_nested_branch_dag to 2023-05-20T00:00:00+00:00, run_after=2023-05-21T00:00:00+00:00
[2023-05-21T15:00:55.599+0000] {processor.py:175} INFO - Processing /home/airflow/.local/lib/python3.7/site-packages/airflow/example_dags/example_nested_branch_dag.py took 0.134 seconds
[2023-05-21T15:01:25.814+0000] {processor.py:153} INFO - Started process (PID=433) to work on /home/airflow/.local/lib/python3.7/site-packages/airflow/example_dags/example_nested_branch_dag.py
[2023-05-21T15:01:25.814+0000] {processor.py:743} INFO - Processing file /home/airflow/.local/lib/python3.7/site-packages/airflow/example_dags/example_nested_branch_dag.py for tasks to queue
[2023-05-21T15:01:25.815+0000] {logging_mixin.py:137} INFO - [2023-05-21T15:01:25.815+0000] {dagbag.py:538} INFO - Filling up the DagBag from /home/airflow/.local/lib/python3.7/site-packages/airflow/example_dags/example_nested_branch_dag.py
[2023-05-21T15:01:25.837+0000] {processor.py:753} INFO - DAG(s) dict_keys(['example_nested_branch_dag']) retrieved from /home/airflow/.local/lib/python3.7/site-packages/airflow/example_dags/example_nested_branch_dag.py
[2023-05-21T15:01:25.860+0000] {logging_mixin.py:137} INFO - [2023-05-21T15:01:25.860+0000] {dag.py:2690} INFO - Sync 1 DAGs
[2023-05-21T15:01:25.885+0000] {logging_mixin.py:137} INFO - [2023-05-21T15:01:25.885+0000] {dag.py:3441} INFO - Setting next_dagrun for example_nested_branch_dag to 2023-05-20T00:00:00+00:00, run_after=2023-05-21T00:00:00+00:00
[2023-05-21T15:01:25.903+0000] {processor.py:175} INFO - Processing /home/airflow/.local/lib/python3.7/site-packages/airflow/example_dags/example_nested_branch_dag.py took 0.092 seconds
[2023-05-21T15:01:57.443+0000] {processor.py:153} INFO - Started process (PID=505) to work on /home/airflow/.local/lib/python3.7/site-packages/airflow/example_dags/example_nested_branch_dag.py
[2023-05-21T15:01:57.444+0000] {processor.py:743} INFO - Processing file /home/airflow/.local/lib/python3.7/site-packages/airflow/example_dags/example_nested_branch_dag.py for tasks to queue
[2023-05-21T15:01:57.444+0000] {logging_mixin.py:137} INFO - [2023-05-21T15:01:57.444+0000] {dagbag.py:538} INFO - Filling up the DagBag from /home/airflow/.local/lib/python3.7/site-packages/airflow/example_dags/example_nested_branch_dag.py
[2023-05-21T15:01:57.470+0000] {processor.py:753} INFO - DAG(s) dict_keys(['example_nested_branch_dag']) retrieved from /home/airflow/.local/lib/python3.7/site-packages/airflow/example_dags/example_nested_branch_dag.py
[2023-05-21T15:01:57.503+0000] {logging_mixin.py:137} INFO - [2023-05-21T15:01:57.503+0000] {dag.py:2690} INFO - Sync 1 DAGs
[2023-05-21T15:01:57.544+0000] {logging_mixin.py:137} INFO - [2023-05-21T15:01:57.544+0000] {dag.py:3441} INFO - Setting next_dagrun for example_nested_branch_dag to 2023-05-20T00:00:00+00:00, run_after=2023-05-21T00:00:00+00:00
[2023-05-21T15:01:57.567+0000] {processor.py:175} INFO - Processing /home/airflow/.local/lib/python3.7/site-packages/airflow/example_dags/example_nested_branch_dag.py took 0.128 seconds
[2023-05-21T15:02:27.750+0000] {processor.py:153} INFO - Started process (PID=574) to work on /home/airflow/.local/lib/python3.7/site-packages/airflow/example_dags/example_nested_branch_dag.py
[2023-05-21T15:02:27.750+0000] {processor.py:743} INFO - Processing file /home/airflow/.local/lib/python3.7/site-packages/airflow/example_dags/example_nested_branch_dag.py for tasks to queue
[2023-05-21T15:02:27.751+0000] {logging_mixin.py:137} INFO - [2023-05-21T15:02:27.751+0000] {dagbag.py:538} INFO - Filling up the DagBag from /home/airflow/.local/lib/python3.7/site-packages/airflow/example_dags/example_nested_branch_dag.py
[2023-05-21T15:02:27.777+0000] {processor.py:753} INFO - DAG(s) dict_keys(['example_nested_branch_dag']) retrieved from /home/airflow/.local/lib/python3.7/site-packages/airflow/example_dags/example_nested_branch_dag.py
[2023-05-21T15:02:27.800+0000] {logging_mixin.py:137} INFO - [2023-05-21T15:02:27.800+0000] {dag.py:2690} INFO - Sync 1 DAGs
[2023-05-21T15:02:27.826+0000] {logging_mixin.py:137} INFO - [2023-05-21T15:02:27.825+0000] {dag.py:3441} INFO - Setting next_dagrun for example_nested_branch_dag to 2023-05-20T00:00:00+00:00, run_after=2023-05-21T00:00:00+00:00
[2023-05-21T15:02:27.844+0000] {processor.py:175} INFO - Processing /home/airflow/.local/lib/python3.7/site-packages/airflow/example_dags/example_nested_branch_dag.py took 0.099 seconds
[2023-05-21T15:02:58.221+0000] {processor.py:153} INFO - Started process (PID=641) to work on /home/airflow/.local/lib/python3.7/site-packages/airflow/example_dags/example_nested_branch_dag.py
[2023-05-21T15:02:58.222+0000] {processor.py:743} INFO - Processing file /home/airflow/.local/lib/python3.7/site-packages/airflow/example_dags/example_nested_branch_dag.py for tasks to queue
[2023-05-21T15:02:58.222+0000] {logging_mixin.py:137} INFO - [2023-05-21T15:02:58.222+0000] {dagbag.py:538} INFO - Filling up the DagBag from /home/airflow/.local/lib/python3.7/site-packages/airflow/example_dags/example_nested_branch_dag.py
[2023-05-21T15:02:58.247+0000] {processor.py:753} INFO - DAG(s) dict_keys(['example_nested_branch_dag']) retrieved from /home/airflow/.local/lib/python3.7/site-packages/airflow/example_dags/example_nested_branch_dag.py
[2023-05-21T15:02:58.282+0000] {logging_mixin.py:137} INFO - [2023-05-21T15:02:58.282+0000] {dag.py:2690} INFO - Sync 1 DAGs
[2023-05-21T15:02:58.324+0000] {logging_mixin.py:137} INFO - [2023-05-21T15:02:58.324+0000] {dag.py:3441} INFO - Setting next_dagrun for example_nested_branch_dag to 2023-05-20T00:00:00+00:00, run_after=2023-05-21T00:00:00+00:00
[2023-05-21T15:02:58.373+0000] {processor.py:175} INFO - Processing /home/airflow/.local/lib/python3.7/site-packages/airflow/example_dags/example_nested_branch_dag.py took 0.155 seconds
[2023-05-21T15:03:28.641+0000] {processor.py:153} INFO - Started process (PID=718) to work on /home/airflow/.local/lib/python3.7/site-packages/airflow/example_dags/example_nested_branch_dag.py
[2023-05-21T15:03:28.642+0000] {processor.py:743} INFO - Processing file /home/airflow/.local/lib/python3.7/site-packages/airflow/example_dags/example_nested_branch_dag.py for tasks to queue
[2023-05-21T15:03:28.643+0000] {logging_mixin.py:137} INFO - [2023-05-21T15:03:28.642+0000] {dagbag.py:538} INFO - Filling up the DagBag from /home/airflow/.local/lib/python3.7/site-packages/airflow/example_dags/example_nested_branch_dag.py
[2023-05-21T15:03:28.672+0000] {processor.py:753} INFO - DAG(s) dict_keys(['example_nested_branch_dag']) retrieved from /home/airflow/.local/lib/python3.7/site-packages/airflow/example_dags/example_nested_branch_dag.py
[2023-05-21T15:03:28.710+0000] {logging_mixin.py:137} INFO - [2023-05-21T15:03:28.710+0000] {dag.py:2690} INFO - Sync 1 DAGs
[2023-05-21T15:03:28.743+0000] {logging_mixin.py:137} INFO - [2023-05-21T15:03:28.743+0000] {dag.py:3441} INFO - Setting next_dagrun for example_nested_branch_dag to 2023-05-20T00:00:00+00:00, run_after=2023-05-21T00:00:00+00:00
[2023-05-21T15:03:28.769+0000] {processor.py:175} INFO - Processing /home/airflow/.local/lib/python3.7/site-packages/airflow/example_dags/example_nested_branch_dag.py took 0.132 seconds
[2023-05-21T15:04:00.427+0000] {processor.py:153} INFO - Started process (PID=782) to work on /home/airflow/.local/lib/python3.7/site-packages/airflow/example_dags/example_nested_branch_dag.py
[2023-05-21T15:04:00.428+0000] {processor.py:743} INFO - Processing file /home/airflow/.local/lib/python3.7/site-packages/airflow/example_dags/example_nested_branch_dag.py for tasks to queue
[2023-05-21T15:04:00.428+0000] {logging_mixin.py:137} INFO - [2023-05-21T15:04:00.428+0000] {dagbag.py:538} INFO - Filling up the DagBag from /home/airflow/.local/lib/python3.7/site-packages/airflow/example_dags/example_nested_branch_dag.py
[2023-05-21T15:04:00.464+0000] {processor.py:753} INFO - DAG(s) dict_keys(['example_nested_branch_dag']) retrieved from /home/airflow/.local/lib/python3.7/site-packages/airflow/example_dags/example_nested_branch_dag.py
[2023-05-21T15:04:00.510+0000] {logging_mixin.py:137} INFO - [2023-05-21T15:04:00.510+0000] {dag.py:2690} INFO - Sync 1 DAGs
[2023-05-21T15:04:00.582+0000] {logging_mixin.py:137} INFO - [2023-05-21T15:04:00.582+0000] {dag.py:3441} INFO - Setting next_dagrun for example_nested_branch_dag to 2023-05-20T00:00:00+00:00, run_after=2023-05-21T00:00:00+00:00
[2023-05-21T15:04:00.614+0000] {processor.py:175} INFO - Processing /home/airflow/.local/lib/python3.7/site-packages/airflow/example_dags/example_nested_branch_dag.py took 0.191 seconds
[2023-05-21T15:04:31.783+0000] {processor.py:153} INFO - Started process (PID=846) to work on /home/airflow/.local/lib/python3.7/site-packages/airflow/example_dags/example_nested_branch_dag.py
[2023-05-21T15:04:31.787+0000] {processor.py:743} INFO - Processing file /home/airflow/.local/lib/python3.7/site-packages/airflow/example_dags/example_nested_branch_dag.py for tasks to queue
[2023-05-21T15:04:31.788+0000] {logging_mixin.py:137} INFO - [2023-05-21T15:04:31.788+0000] {dagbag.py:538} INFO - Filling up the DagBag from /home/airflow/.local/lib/python3.7/site-packages/airflow/example_dags/example_nested_branch_dag.py
[2023-05-21T15:04:31.876+0000] {processor.py:753} INFO - DAG(s) dict_keys(['example_nested_branch_dag']) retrieved from /home/airflow/.local/lib/python3.7/site-packages/airflow/example_dags/example_nested_branch_dag.py
[2023-05-21T15:04:31.950+0000] {logging_mixin.py:137} INFO - [2023-05-21T15:04:31.950+0000] {dag.py:2690} INFO - Sync 1 DAGs
[2023-05-21T15:04:32.059+0000] {logging_mixin.py:137} INFO - [2023-05-21T15:04:32.058+0000] {dag.py:3441} INFO - Setting next_dagrun for example_nested_branch_dag to 2023-05-20T00:00:00+00:00, run_after=2023-05-21T00:00:00+00:00
[2023-05-21T15:04:32.159+0000] {processor.py:175} INFO - Processing /home/airflow/.local/lib/python3.7/site-packages/airflow/example_dags/example_nested_branch_dag.py took 0.388 seconds
[2023-05-21T15:05:02.483+0000] {processor.py:153} INFO - Started process (PID=912) to work on /home/airflow/.local/lib/python3.7/site-packages/airflow/example_dags/example_nested_branch_dag.py
[2023-05-21T15:05:02.485+0000] {processor.py:743} INFO - Processing file /home/airflow/.local/lib/python3.7/site-packages/airflow/example_dags/example_nested_branch_dag.py for tasks to queue
[2023-05-21T15:05:02.486+0000] {logging_mixin.py:137} INFO - [2023-05-21T15:05:02.486+0000] {dagbag.py:538} INFO - Filling up the DagBag from /home/airflow/.local/lib/python3.7/site-packages/airflow/example_dags/example_nested_branch_dag.py
[2023-05-21T15:05:02.520+0000] {processor.py:753} INFO - DAG(s) dict_keys(['example_nested_branch_dag']) retrieved from /home/airflow/.local/lib/python3.7/site-packages/airflow/example_dags/example_nested_branch_dag.py
[2023-05-21T15:05:02.559+0000] {logging_mixin.py:137} INFO - [2023-05-21T15:05:02.559+0000] {dag.py:2690} INFO - Sync 1 DAGs
[2023-05-21T15:05:02.604+0000] {logging_mixin.py:137} INFO - [2023-05-21T15:05:02.604+0000] {dag.py:3441} INFO - Setting next_dagrun for example_nested_branch_dag to 2023-05-20T00:00:00+00:00, run_after=2023-05-21T00:00:00+00:00
[2023-05-21T15:05:02.626+0000] {processor.py:175} INFO - Processing /home/airflow/.local/lib/python3.7/site-packages/airflow/example_dags/example_nested_branch_dag.py took 0.148 seconds
