[2023-05-21T14:45:23.773+0000] {processor.py:156} INFO - Started process (PID=339) to work on /home/airflow/.local/lib/python3.7/site-packages/airflow/example_dags/example_latest_only_with_trigger.py
[2023-05-21T14:45:23.774+0000] {processor.py:758} INFO - Processing file /home/airflow/.local/lib/python3.7/site-packages/airflow/example_dags/example_latest_only_with_trigger.py for tasks to queue
[2023-05-21T14:45:23.774+0000] {logging_mixin.py:117} INFO - [2023-05-21T14:45:23.774+0000] {dagbag.py:525} INFO - Filling up the DagBag from /home/airflow/.local/lib/python3.7/site-packages/airflow/example_dags/example_latest_only_with_trigger.py
[2023-05-21T14:45:23.788+0000] {processor.py:768} INFO - DAG(s) dict_keys(['latest_only_with_trigger']) retrieved from /home/airflow/.local/lib/python3.7/site-packages/airflow/example_dags/example_latest_only_with_trigger.py
[2023-05-21T14:45:23.819+0000] {logging_mixin.py:117} INFO - [2023-05-21T14:45:23.819+0000] {dag.py:2573} INFO - Sync 1 DAGs
[2023-05-21T14:45:23.858+0000] {logging_mixin.py:117} INFO - [2023-05-21T14:45:23.858+0000] {dag.py:3328} INFO - Setting next_dagrun for latest_only_with_trigger to 2023-05-21T10:45:23.858402+00:00, run_after=2023-05-21T14:45:23.858402+00:00
[2023-05-21T14:45:23.885+0000] {processor.py:178} INFO - Processing /home/airflow/.local/lib/python3.7/site-packages/airflow/example_dags/example_latest_only_with_trigger.py took 0.115 seconds
[2023-05-21T14:45:56.079+0000] {processor.py:156} INFO - Started process (PID=545) to work on /home/airflow/.local/lib/python3.7/site-packages/airflow/example_dags/example_latest_only_with_trigger.py
[2023-05-21T14:45:56.080+0000] {processor.py:758} INFO - Processing file /home/airflow/.local/lib/python3.7/site-packages/airflow/example_dags/example_latest_only_with_trigger.py for tasks to queue
[2023-05-21T14:45:56.081+0000] {logging_mixin.py:117} INFO - [2023-05-21T14:45:56.081+0000] {dagbag.py:525} INFO - Filling up the DagBag from /home/airflow/.local/lib/python3.7/site-packages/airflow/example_dags/example_latest_only_with_trigger.py
[2023-05-21T14:45:56.111+0000] {processor.py:768} INFO - DAG(s) dict_keys(['latest_only_with_trigger']) retrieved from /home/airflow/.local/lib/python3.7/site-packages/airflow/example_dags/example_latest_only_with_trigger.py
[2023-05-21T14:45:56.193+0000] {logging_mixin.py:117} INFO - [2023-05-21T14:45:56.185+0000] {dag.py:2573} INFO - Sync 1 DAGs
[2023-05-21T14:45:56.227+0000] {logging_mixin.py:117} INFO - [2023-05-21T14:45:56.227+0000] {dag.py:3328} INFO - Setting next_dagrun for latest_only_with_trigger to 2023-05-21T10:45:56.227228+00:00, run_after=2023-05-21T14:45:56.227228+00:00
[2023-05-21T14:45:56.410+0000] {processor.py:178} INFO - Processing /home/airflow/.local/lib/python3.7/site-packages/airflow/example_dags/example_latest_only_with_trigger.py took 0.338 seconds
[2023-05-21T14:46:27.592+0000] {processor.py:156} INFO - Started process (PID=757) to work on /home/airflow/.local/lib/python3.7/site-packages/airflow/example_dags/example_latest_only_with_trigger.py
[2023-05-21T14:46:27.593+0000] {processor.py:758} INFO - Processing file /home/airflow/.local/lib/python3.7/site-packages/airflow/example_dags/example_latest_only_with_trigger.py for tasks to queue
[2023-05-21T14:46:27.594+0000] {logging_mixin.py:117} INFO - [2023-05-21T14:46:27.594+0000] {dagbag.py:525} INFO - Filling up the DagBag from /home/airflow/.local/lib/python3.7/site-packages/airflow/example_dags/example_latest_only_with_trigger.py
[2023-05-21T14:46:27.612+0000] {processor.py:768} INFO - DAG(s) dict_keys(['latest_only_with_trigger']) retrieved from /home/airflow/.local/lib/python3.7/site-packages/airflow/example_dags/example_latest_only_with_trigger.py
[2023-05-21T14:46:27.657+0000] {logging_mixin.py:117} INFO - [2023-05-21T14:46:27.657+0000] {dag.py:2573} INFO - Sync 1 DAGs
[2023-05-21T14:46:27.855+0000] {logging_mixin.py:117} INFO - [2023-05-21T14:46:27.855+0000] {dag.py:3328} INFO - Setting next_dagrun for latest_only_with_trigger to 2023-05-21T10:46:27.854912+00:00, run_after=2023-05-21T14:46:27.854912+00:00
[2023-05-21T14:46:27.891+0000] {processor.py:178} INFO - Processing /home/airflow/.local/lib/python3.7/site-packages/airflow/example_dags/example_latest_only_with_trigger.py took 0.303 seconds
[2023-05-21T14:46:58.161+0000] {processor.py:156} INFO - Started process (PID=971) to work on /home/airflow/.local/lib/python3.7/site-packages/airflow/example_dags/example_latest_only_with_trigger.py
[2023-05-21T14:46:58.161+0000] {processor.py:758} INFO - Processing file /home/airflow/.local/lib/python3.7/site-packages/airflow/example_dags/example_latest_only_with_trigger.py for tasks to queue
[2023-05-21T14:46:58.162+0000] {logging_mixin.py:117} INFO - [2023-05-21T14:46:58.162+0000] {dagbag.py:525} INFO - Filling up the DagBag from /home/airflow/.local/lib/python3.7/site-packages/airflow/example_dags/example_latest_only_with_trigger.py
[2023-05-21T14:46:58.184+0000] {processor.py:768} INFO - DAG(s) dict_keys(['latest_only_with_trigger']) retrieved from /home/airflow/.local/lib/python3.7/site-packages/airflow/example_dags/example_latest_only_with_trigger.py
[2023-05-21T14:46:58.377+0000] {logging_mixin.py:117} INFO - [2023-05-21T14:46:58.377+0000] {dag.py:2573} INFO - Sync 1 DAGs
[2023-05-21T14:46:58.402+0000] {logging_mixin.py:117} INFO - [2023-05-21T14:46:58.402+0000] {dag.py:3328} INFO - Setting next_dagrun for latest_only_with_trigger to 2023-05-21T10:46:58.401833+00:00, run_after=2023-05-21T14:46:58.401833+00:00
[2023-05-21T14:46:58.425+0000] {processor.py:178} INFO - Processing /home/airflow/.local/lib/python3.7/site-packages/airflow/example_dags/example_latest_only_with_trigger.py took 0.269 seconds
[2023-05-21T14:47:29.118+0000] {processor.py:156} INFO - Started process (PID=1185) to work on /home/airflow/.local/lib/python3.7/site-packages/airflow/example_dags/example_latest_only_with_trigger.py
[2023-05-21T14:47:29.119+0000] {processor.py:758} INFO - Processing file /home/airflow/.local/lib/python3.7/site-packages/airflow/example_dags/example_latest_only_with_trigger.py for tasks to queue
[2023-05-21T14:47:29.119+0000] {logging_mixin.py:117} INFO - [2023-05-21T14:47:29.119+0000] {dagbag.py:525} INFO - Filling up the DagBag from /home/airflow/.local/lib/python3.7/site-packages/airflow/example_dags/example_latest_only_with_trigger.py
[2023-05-21T14:47:29.297+0000] {processor.py:768} INFO - DAG(s) dict_keys(['latest_only_with_trigger']) retrieved from /home/airflow/.local/lib/python3.7/site-packages/airflow/example_dags/example_latest_only_with_trigger.py
[2023-05-21T14:47:29.342+0000] {logging_mixin.py:117} INFO - [2023-05-21T14:47:29.342+0000] {dag.py:2573} INFO - Sync 1 DAGs
[2023-05-21T14:47:29.378+0000] {logging_mixin.py:117} INFO - [2023-05-21T14:47:29.378+0000] {dag.py:3328} INFO - Setting next_dagrun for latest_only_with_trigger to 2023-05-21T10:47:29.378006+00:00, run_after=2023-05-21T14:47:29.378006+00:00
[2023-05-21T14:47:29.407+0000] {processor.py:178} INFO - Processing /home/airflow/.local/lib/python3.7/site-packages/airflow/example_dags/example_latest_only_with_trigger.py took 0.293 seconds
[2023-05-21T14:48:00.162+0000] {processor.py:156} INFO - Started process (PID=1389) to work on /home/airflow/.local/lib/python3.7/site-packages/airflow/example_dags/example_latest_only_with_trigger.py
[2023-05-21T14:48:00.162+0000] {processor.py:758} INFO - Processing file /home/airflow/.local/lib/python3.7/site-packages/airflow/example_dags/example_latest_only_with_trigger.py for tasks to queue
[2023-05-21T14:48:00.163+0000] {logging_mixin.py:117} INFO - [2023-05-21T14:48:00.163+0000] {dagbag.py:525} INFO - Filling up the DagBag from /home/airflow/.local/lib/python3.7/site-packages/airflow/example_dags/example_latest_only_with_trigger.py
[2023-05-21T14:48:00.182+0000] {processor.py:768} INFO - DAG(s) dict_keys(['latest_only_with_trigger']) retrieved from /home/airflow/.local/lib/python3.7/site-packages/airflow/example_dags/example_latest_only_with_trigger.py
[2023-05-21T14:48:00.241+0000] {logging_mixin.py:117} INFO - [2023-05-21T14:48:00.241+0000] {dag.py:2573} INFO - Sync 1 DAGs
[2023-05-21T14:48:00.285+0000] {logging_mixin.py:117} INFO - [2023-05-21T14:48:00.285+0000] {dag.py:3328} INFO - Setting next_dagrun for latest_only_with_trigger to 2023-05-21T10:48:00.284853+00:00, run_after=2023-05-21T14:48:00.284853+00:00
[2023-05-21T14:48:00.317+0000] {processor.py:178} INFO - Processing /home/airflow/.local/lib/python3.7/site-packages/airflow/example_dags/example_latest_only_with_trigger.py took 0.159 seconds
[2023-05-21T14:50:30.925+0000] {processor.py:156} INFO - Started process (PID=339) to work on /home/airflow/.local/lib/python3.7/site-packages/airflow/example_dags/example_latest_only_with_trigger.py
[2023-05-21T14:50:30.926+0000] {processor.py:758} INFO - Processing file /home/airflow/.local/lib/python3.7/site-packages/airflow/example_dags/example_latest_only_with_trigger.py for tasks to queue
[2023-05-21T14:50:30.927+0000] {logging_mixin.py:117} INFO - [2023-05-21T14:50:30.927+0000] {dagbag.py:525} INFO - Filling up the DagBag from /home/airflow/.local/lib/python3.7/site-packages/airflow/example_dags/example_latest_only_with_trigger.py
[2023-05-21T14:50:30.946+0000] {processor.py:768} INFO - DAG(s) dict_keys(['latest_only_with_trigger']) retrieved from /home/airflow/.local/lib/python3.7/site-packages/airflow/example_dags/example_latest_only_with_trigger.py
[2023-05-21T14:50:30.990+0000] {logging_mixin.py:117} INFO - [2023-05-21T14:50:30.990+0000] {dag.py:2573} INFO - Sync 1 DAGs
[2023-05-21T14:50:31.018+0000] {logging_mixin.py:117} INFO - [2023-05-21T14:50:31.018+0000] {dag.py:3328} INFO - Setting next_dagrun for latest_only_with_trigger to 2023-05-21T10:50:31.018134+00:00, run_after=2023-05-21T14:50:31.018134+00:00
[2023-05-21T14:50:31.043+0000] {processor.py:178} INFO - Processing /home/airflow/.local/lib/python3.7/site-packages/airflow/example_dags/example_latest_only_with_trigger.py took 0.121 seconds
[2023-05-21T14:51:02.314+0000] {processor.py:156} INFO - Started process (PID=543) to work on /home/airflow/.local/lib/python3.7/site-packages/airflow/example_dags/example_latest_only_with_trigger.py
[2023-05-21T14:51:02.315+0000] {processor.py:758} INFO - Processing file /home/airflow/.local/lib/python3.7/site-packages/airflow/example_dags/example_latest_only_with_trigger.py for tasks to queue
[2023-05-21T14:51:02.315+0000] {logging_mixin.py:117} INFO - [2023-05-21T14:51:02.315+0000] {dagbag.py:525} INFO - Filling up the DagBag from /home/airflow/.local/lib/python3.7/site-packages/airflow/example_dags/example_latest_only_with_trigger.py
[2023-05-21T14:51:02.334+0000] {processor.py:768} INFO - DAG(s) dict_keys(['latest_only_with_trigger']) retrieved from /home/airflow/.local/lib/python3.7/site-packages/airflow/example_dags/example_latest_only_with_trigger.py
[2023-05-21T14:51:02.384+0000] {logging_mixin.py:117} INFO - [2023-05-21T14:51:02.384+0000] {dag.py:2573} INFO - Sync 1 DAGs
[2023-05-21T14:51:02.419+0000] {logging_mixin.py:117} INFO - [2023-05-21T14:51:02.418+0000] {dag.py:3328} INFO - Setting next_dagrun for latest_only_with_trigger to 2023-05-21T10:51:02.418567+00:00, run_after=2023-05-21T14:51:02.418567+00:00
[2023-05-21T14:51:02.605+0000] {processor.py:178} INFO - Processing /home/airflow/.local/lib/python3.7/site-packages/airflow/example_dags/example_latest_only_with_trigger.py took 0.295 seconds
[2023-05-21T14:51:33.865+0000] {processor.py:156} INFO - Started process (PID=757) to work on /home/airflow/.local/lib/python3.7/site-packages/airflow/example_dags/example_latest_only_with_trigger.py
[2023-05-21T14:51:33.867+0000] {processor.py:758} INFO - Processing file /home/airflow/.local/lib/python3.7/site-packages/airflow/example_dags/example_latest_only_with_trigger.py for tasks to queue
[2023-05-21T14:51:33.867+0000] {logging_mixin.py:117} INFO - [2023-05-21T14:51:33.867+0000] {dagbag.py:525} INFO - Filling up the DagBag from /home/airflow/.local/lib/python3.7/site-packages/airflow/example_dags/example_latest_only_with_trigger.py
[2023-05-21T14:51:33.895+0000] {processor.py:768} INFO - DAG(s) dict_keys(['latest_only_with_trigger']) retrieved from /home/airflow/.local/lib/python3.7/site-packages/airflow/example_dags/example_latest_only_with_trigger.py
[2023-05-21T14:51:33.983+0000] {logging_mixin.py:117} INFO - [2023-05-21T14:51:33.983+0000] {dag.py:2573} INFO - Sync 1 DAGs
[2023-05-21T14:51:34.273+0000] {logging_mixin.py:117} INFO - [2023-05-21T14:51:34.272+0000] {dag.py:3328} INFO - Setting next_dagrun for latest_only_with_trigger to 2023-05-21T10:51:34.272617+00:00, run_after=2023-05-21T14:51:34.272617+00:00
[2023-05-21T14:51:34.329+0000] {processor.py:178} INFO - Processing /home/airflow/.local/lib/python3.7/site-packages/airflow/example_dags/example_latest_only_with_trigger.py took 0.472 seconds
[2023-05-21T14:58:51.706+0000] {processor.py:153} INFO - Started process (PID=82) to work on /home/airflow/.local/lib/python3.7/site-packages/airflow/example_dags/example_latest_only_with_trigger.py
[2023-05-21T14:58:51.707+0000] {processor.py:743} INFO - Processing file /home/airflow/.local/lib/python3.7/site-packages/airflow/example_dags/example_latest_only_with_trigger.py for tasks to queue
[2023-05-21T14:58:51.707+0000] {logging_mixin.py:137} INFO - [2023-05-21T14:58:51.707+0000] {dagbag.py:538} INFO - Filling up the DagBag from /home/airflow/.local/lib/python3.7/site-packages/airflow/example_dags/example_latest_only_with_trigger.py
[2023-05-21T14:58:51.727+0000] {processor.py:753} INFO - DAG(s) dict_keys(['latest_only_with_trigger']) retrieved from /home/airflow/.local/lib/python3.7/site-packages/airflow/example_dags/example_latest_only_with_trigger.py
[2023-05-21T14:58:51.752+0000] {logging_mixin.py:137} INFO - [2023-05-21T14:58:51.752+0000] {dag.py:2690} INFO - Sync 1 DAGs
[2023-05-21T14:58:51.781+0000] {logging_mixin.py:137} INFO - [2023-05-21T14:58:51.781+0000] {dag.py:3441} INFO - Setting next_dagrun for latest_only_with_trigger to 2023-05-21T10:58:51.781107+00:00, run_after=2023-05-21T14:58:51.781107+00:00
[2023-05-21T14:58:51.804+0000] {processor.py:175} INFO - Processing /home/airflow/.local/lib/python3.7/site-packages/airflow/example_dags/example_latest_only_with_trigger.py took 0.101 seconds
[2023-05-21T14:59:22.122+0000] {processor.py:153} INFO - Started process (PID=155) to work on /home/airflow/.local/lib/python3.7/site-packages/airflow/example_dags/example_latest_only_with_trigger.py
[2023-05-21T14:59:22.129+0000] {processor.py:743} INFO - Processing file /home/airflow/.local/lib/python3.7/site-packages/airflow/example_dags/example_latest_only_with_trigger.py for tasks to queue
[2023-05-21T14:59:22.130+0000] {logging_mixin.py:137} INFO - [2023-05-21T14:59:22.130+0000] {dagbag.py:538} INFO - Filling up the DagBag from /home/airflow/.local/lib/python3.7/site-packages/airflow/example_dags/example_latest_only_with_trigger.py
[2023-05-21T14:59:22.149+0000] {processor.py:753} INFO - DAG(s) dict_keys(['latest_only_with_trigger']) retrieved from /home/airflow/.local/lib/python3.7/site-packages/airflow/example_dags/example_latest_only_with_trigger.py
[2023-05-21T14:59:22.206+0000] {logging_mixin.py:137} INFO - [2023-05-21T14:59:22.205+0000] {dag.py:2690} INFO - Sync 1 DAGs
[2023-05-21T14:59:22.311+0000] {logging_mixin.py:137} INFO - [2023-05-21T14:59:22.311+0000] {dag.py:3441} INFO - Setting next_dagrun for latest_only_with_trigger to 2023-05-21T10:59:22.311399+00:00, run_after=2023-05-21T14:59:22.311399+00:00
[2023-05-21T14:59:22.374+0000] {processor.py:175} INFO - Processing /home/airflow/.local/lib/python3.7/site-packages/airflow/example_dags/example_latest_only_with_trigger.py took 0.283 seconds
[2023-05-21T14:59:52.856+0000] {processor.py:153} INFO - Started process (PID=224) to work on /home/airflow/.local/lib/python3.7/site-packages/airflow/example_dags/example_latest_only_with_trigger.py
[2023-05-21T14:59:52.856+0000] {processor.py:743} INFO - Processing file /home/airflow/.local/lib/python3.7/site-packages/airflow/example_dags/example_latest_only_with_trigger.py for tasks to queue
[2023-05-21T14:59:52.857+0000] {logging_mixin.py:137} INFO - [2023-05-21T14:59:52.857+0000] {dagbag.py:538} INFO - Filling up the DagBag from /home/airflow/.local/lib/python3.7/site-packages/airflow/example_dags/example_latest_only_with_trigger.py
[2023-05-21T14:59:52.870+0000] {processor.py:753} INFO - DAG(s) dict_keys(['latest_only_with_trigger']) retrieved from /home/airflow/.local/lib/python3.7/site-packages/airflow/example_dags/example_latest_only_with_trigger.py
[2023-05-21T14:59:52.901+0000] {logging_mixin.py:137} INFO - [2023-05-21T14:59:52.901+0000] {dag.py:2690} INFO - Sync 1 DAGs
[2023-05-21T14:59:52.933+0000] {logging_mixin.py:137} INFO - [2023-05-21T14:59:52.933+0000] {dag.py:3441} INFO - Setting next_dagrun for latest_only_with_trigger to 2023-05-21T10:59:52.933318+00:00, run_after=2023-05-21T14:59:52.933318+00:00
[2023-05-21T14:59:52.952+0000] {processor.py:175} INFO - Processing /home/airflow/.local/lib/python3.7/site-packages/airflow/example_dags/example_latest_only_with_trigger.py took 0.100 seconds
[2023-05-21T15:00:23.124+0000] {processor.py:153} INFO - Started process (PID=288) to work on /home/airflow/.local/lib/python3.7/site-packages/airflow/example_dags/example_latest_only_with_trigger.py
[2023-05-21T15:00:23.125+0000] {processor.py:743} INFO - Processing file /home/airflow/.local/lib/python3.7/site-packages/airflow/example_dags/example_latest_only_with_trigger.py for tasks to queue
[2023-05-21T15:00:23.125+0000] {logging_mixin.py:137} INFO - [2023-05-21T15:00:23.125+0000] {dagbag.py:538} INFO - Filling up the DagBag from /home/airflow/.local/lib/python3.7/site-packages/airflow/example_dags/example_latest_only_with_trigger.py
[2023-05-21T15:00:23.139+0000] {processor.py:753} INFO - DAG(s) dict_keys(['latest_only_with_trigger']) retrieved from /home/airflow/.local/lib/python3.7/site-packages/airflow/example_dags/example_latest_only_with_trigger.py
[2023-05-21T15:00:23.163+0000] {logging_mixin.py:137} INFO - [2023-05-21T15:00:23.163+0000] {dag.py:2690} INFO - Sync 1 DAGs
[2023-05-21T15:00:23.189+0000] {logging_mixin.py:137} INFO - [2023-05-21T15:00:23.189+0000] {dag.py:3441} INFO - Setting next_dagrun for latest_only_with_trigger to 2023-05-21T11:00:23.189082+00:00, run_after=2023-05-21T15:00:23.189082+00:00
[2023-05-21T15:00:23.209+0000] {processor.py:175} INFO - Processing /home/airflow/.local/lib/python3.7/site-packages/airflow/example_dags/example_latest_only_with_trigger.py took 0.088 seconds
[2023-05-21T15:00:55.326+0000] {processor.py:153} INFO - Started process (PID=365) to work on /home/airflow/.local/lib/python3.7/site-packages/airflow/example_dags/example_latest_only_with_trigger.py
[2023-05-21T15:00:55.327+0000] {processor.py:743} INFO - Processing file /home/airflow/.local/lib/python3.7/site-packages/airflow/example_dags/example_latest_only_with_trigger.py for tasks to queue
[2023-05-21T15:00:55.328+0000] {logging_mixin.py:137} INFO - [2023-05-21T15:00:55.327+0000] {dagbag.py:538} INFO - Filling up the DagBag from /home/airflow/.local/lib/python3.7/site-packages/airflow/example_dags/example_latest_only_with_trigger.py
[2023-05-21T15:00:55.346+0000] {processor.py:753} INFO - DAG(s) dict_keys(['latest_only_with_trigger']) retrieved from /home/airflow/.local/lib/python3.7/site-packages/airflow/example_dags/example_latest_only_with_trigger.py
[2023-05-21T15:00:55.380+0000] {logging_mixin.py:137} INFO - [2023-05-21T15:00:55.380+0000] {dag.py:2690} INFO - Sync 1 DAGs
[2023-05-21T15:00:55.421+0000] {logging_mixin.py:137} INFO - [2023-05-21T15:00:55.421+0000] {dag.py:3441} INFO - Setting next_dagrun for latest_only_with_trigger to 2023-05-21T11:00:55.421316+00:00, run_after=2023-05-21T15:00:55.421316+00:00
[2023-05-21T15:00:55.451+0000] {processor.py:175} INFO - Processing /home/airflow/.local/lib/python3.7/site-packages/airflow/example_dags/example_latest_only_with_trigger.py took 0.129 seconds
[2023-05-21T15:01:25.615+0000] {processor.py:153} INFO - Started process (PID=430) to work on /home/airflow/.local/lib/python3.7/site-packages/airflow/example_dags/example_latest_only_with_trigger.py
[2023-05-21T15:01:25.616+0000] {processor.py:743} INFO - Processing file /home/airflow/.local/lib/python3.7/site-packages/airflow/example_dags/example_latest_only_with_trigger.py for tasks to queue
[2023-05-21T15:01:25.616+0000] {logging_mixin.py:137} INFO - [2023-05-21T15:01:25.616+0000] {dagbag.py:538} INFO - Filling up the DagBag from /home/airflow/.local/lib/python3.7/site-packages/airflow/example_dags/example_latest_only_with_trigger.py
[2023-05-21T15:01:25.630+0000] {processor.py:753} INFO - DAG(s) dict_keys(['latest_only_with_trigger']) retrieved from /home/airflow/.local/lib/python3.7/site-packages/airflow/example_dags/example_latest_only_with_trigger.py
[2023-05-21T15:01:25.660+0000] {logging_mixin.py:137} INFO - [2023-05-21T15:01:25.660+0000] {dag.py:2690} INFO - Sync 1 DAGs
[2023-05-21T15:01:25.696+0000] {logging_mixin.py:137} INFO - [2023-05-21T15:01:25.696+0000] {dag.py:3441} INFO - Setting next_dagrun for latest_only_with_trigger to 2023-05-21T11:01:25.696143+00:00, run_after=2023-05-21T15:01:25.696143+00:00
[2023-05-21T15:01:25.721+0000] {processor.py:175} INFO - Processing /home/airflow/.local/lib/python3.7/site-packages/airflow/example_dags/example_latest_only_with_trigger.py took 0.109 seconds
[2023-05-21T15:01:57.320+0000] {processor.py:153} INFO - Started process (PID=504) to work on /home/airflow/.local/lib/python3.7/site-packages/airflow/example_dags/example_latest_only_with_trigger.py
[2023-05-21T15:01:57.321+0000] {processor.py:743} INFO - Processing file /home/airflow/.local/lib/python3.7/site-packages/airflow/example_dags/example_latest_only_with_trigger.py for tasks to queue
[2023-05-21T15:01:57.322+0000] {logging_mixin.py:137} INFO - [2023-05-21T15:01:57.321+0000] {dagbag.py:538} INFO - Filling up the DagBag from /home/airflow/.local/lib/python3.7/site-packages/airflow/example_dags/example_latest_only_with_trigger.py
[2023-05-21T15:01:57.344+0000] {processor.py:753} INFO - DAG(s) dict_keys(['latest_only_with_trigger']) retrieved from /home/airflow/.local/lib/python3.7/site-packages/airflow/example_dags/example_latest_only_with_trigger.py
[2023-05-21T15:01:57.369+0000] {logging_mixin.py:137} INFO - [2023-05-21T15:01:57.368+0000] {dag.py:2690} INFO - Sync 1 DAGs
[2023-05-21T15:01:57.394+0000] {logging_mixin.py:137} INFO - [2023-05-21T15:01:57.394+0000] {dag.py:3441} INFO - Setting next_dagrun for latest_only_with_trigger to 2023-05-21T11:01:57.394408+00:00, run_after=2023-05-21T15:01:57.394408+00:00
[2023-05-21T15:01:57.419+0000] {processor.py:175} INFO - Processing /home/airflow/.local/lib/python3.7/site-packages/airflow/example_dags/example_latest_only_with_trigger.py took 0.104 seconds
[2023-05-21T15:02:27.598+0000] {processor.py:153} INFO - Started process (PID=573) to work on /home/airflow/.local/lib/python3.7/site-packages/airflow/example_dags/example_latest_only_with_trigger.py
[2023-05-21T15:02:27.599+0000] {processor.py:743} INFO - Processing file /home/airflow/.local/lib/python3.7/site-packages/airflow/example_dags/example_latest_only_with_trigger.py for tasks to queue
[2023-05-21T15:02:27.599+0000] {logging_mixin.py:137} INFO - [2023-05-21T15:02:27.599+0000] {dagbag.py:538} INFO - Filling up the DagBag from /home/airflow/.local/lib/python3.7/site-packages/airflow/example_dags/example_latest_only_with_trigger.py
[2023-05-21T15:02:27.612+0000] {processor.py:753} INFO - DAG(s) dict_keys(['latest_only_with_trigger']) retrieved from /home/airflow/.local/lib/python3.7/site-packages/airflow/example_dags/example_latest_only_with_trigger.py
[2023-05-21T15:02:27.661+0000] {logging_mixin.py:137} INFO - [2023-05-21T15:02:27.660+0000] {dag.py:2690} INFO - Sync 1 DAGs
[2023-05-21T15:02:27.695+0000] {logging_mixin.py:137} INFO - [2023-05-21T15:02:27.695+0000] {dag.py:3441} INFO - Setting next_dagrun for latest_only_with_trigger to 2023-05-21T11:02:27.695561+00:00, run_after=2023-05-21T15:02:27.695561+00:00
[2023-05-21T15:02:27.718+0000] {processor.py:175} INFO - Processing /home/airflow/.local/lib/python3.7/site-packages/airflow/example_dags/example_latest_only_with_trigger.py took 0.124 seconds
[2023-05-21T15:02:58.118+0000] {processor.py:153} INFO - Started process (PID=640) to work on /home/airflow/.local/lib/python3.7/site-packages/airflow/example_dags/example_latest_only_with_trigger.py
[2023-05-21T15:02:58.119+0000] {processor.py:743} INFO - Processing file /home/airflow/.local/lib/python3.7/site-packages/airflow/example_dags/example_latest_only_with_trigger.py for tasks to queue
[2023-05-21T15:02:58.121+0000] {logging_mixin.py:137} INFO - [2023-05-21T15:02:58.120+0000] {dagbag.py:538} INFO - Filling up the DagBag from /home/airflow/.local/lib/python3.7/site-packages/airflow/example_dags/example_latest_only_with_trigger.py
[2023-05-21T15:02:58.139+0000] {processor.py:753} INFO - DAG(s) dict_keys(['latest_only_with_trigger']) retrieved from /home/airflow/.local/lib/python3.7/site-packages/airflow/example_dags/example_latest_only_with_trigger.py
[2023-05-21T15:02:58.170+0000] {logging_mixin.py:137} INFO - [2023-05-21T15:02:58.170+0000] {dag.py:2690} INFO - Sync 1 DAGs
[2023-05-21T15:02:58.207+0000] {logging_mixin.py:137} INFO - [2023-05-21T15:02:58.207+0000] {dag.py:3441} INFO - Setting next_dagrun for latest_only_with_trigger to 2023-05-21T11:02:58.207000+00:00, run_after=2023-05-21T15:02:58.207000+00:00
[2023-05-21T15:02:58.233+0000] {processor.py:175} INFO - Processing /home/airflow/.local/lib/python3.7/site-packages/airflow/example_dags/example_latest_only_with_trigger.py took 0.118 seconds
[2023-05-21T15:03:28.520+0000] {processor.py:153} INFO - Started process (PID=717) to work on /home/airflow/.local/lib/python3.7/site-packages/airflow/example_dags/example_latest_only_with_trigger.py
[2023-05-21T15:03:28.521+0000] {processor.py:743} INFO - Processing file /home/airflow/.local/lib/python3.7/site-packages/airflow/example_dags/example_latest_only_with_trigger.py for tasks to queue
[2023-05-21T15:03:28.521+0000] {logging_mixin.py:137} INFO - [2023-05-21T15:03:28.521+0000] {dagbag.py:538} INFO - Filling up the DagBag from /home/airflow/.local/lib/python3.7/site-packages/airflow/example_dags/example_latest_only_with_trigger.py
[2023-05-21T15:03:28.541+0000] {processor.py:753} INFO - DAG(s) dict_keys(['latest_only_with_trigger']) retrieved from /home/airflow/.local/lib/python3.7/site-packages/airflow/example_dags/example_latest_only_with_trigger.py
[2023-05-21T15:03:28.574+0000] {logging_mixin.py:137} INFO - [2023-05-21T15:03:28.574+0000] {dag.py:2690} INFO - Sync 1 DAGs
[2023-05-21T15:03:28.609+0000] {logging_mixin.py:137} INFO - [2023-05-21T15:03:28.609+0000] {dag.py:3441} INFO - Setting next_dagrun for latest_only_with_trigger to 2023-05-21T11:03:28.608919+00:00, run_after=2023-05-21T15:03:28.608919+00:00
[2023-05-21T15:03:28.638+0000] {processor.py:175} INFO - Processing /home/airflow/.local/lib/python3.7/site-packages/airflow/example_dags/example_latest_only_with_trigger.py took 0.122 seconds
[2023-05-21T15:04:00.323+0000] {processor.py:153} INFO - Started process (PID=781) to work on /home/airflow/.local/lib/python3.7/site-packages/airflow/example_dags/example_latest_only_with_trigger.py
[2023-05-21T15:04:00.324+0000] {processor.py:743} INFO - Processing file /home/airflow/.local/lib/python3.7/site-packages/airflow/example_dags/example_latest_only_with_trigger.py for tasks to queue
[2023-05-21T15:04:00.325+0000] {logging_mixin.py:137} INFO - [2023-05-21T15:04:00.325+0000] {dagbag.py:538} INFO - Filling up the DagBag from /home/airflow/.local/lib/python3.7/site-packages/airflow/example_dags/example_latest_only_with_trigger.py
[2023-05-21T15:04:00.350+0000] {processor.py:753} INFO - DAG(s) dict_keys(['latest_only_with_trigger']) retrieved from /home/airflow/.local/lib/python3.7/site-packages/airflow/example_dags/example_latest_only_with_trigger.py
[2023-05-21T15:04:00.382+0000] {logging_mixin.py:137} INFO - [2023-05-21T15:04:00.382+0000] {dag.py:2690} INFO - Sync 1 DAGs
[2023-05-21T15:04:00.427+0000] {logging_mixin.py:137} INFO - [2023-05-21T15:04:00.427+0000] {dag.py:3441} INFO - Setting next_dagrun for latest_only_with_trigger to 2023-05-21T11:04:00.426907+00:00, run_after=2023-05-21T15:04:00.426907+00:00
[2023-05-21T15:04:00.458+0000] {processor.py:175} INFO - Processing /home/airflow/.local/lib/python3.7/site-packages/airflow/example_dags/example_latest_only_with_trigger.py took 0.140 seconds
[2023-05-21T15:04:31.436+0000] {processor.py:153} INFO - Started process (PID=845) to work on /home/airflow/.local/lib/python3.7/site-packages/airflow/example_dags/example_latest_only_with_trigger.py
[2023-05-21T15:04:31.445+0000] {processor.py:743} INFO - Processing file /home/airflow/.local/lib/python3.7/site-packages/airflow/example_dags/example_latest_only_with_trigger.py for tasks to queue
[2023-05-21T15:04:31.446+0000] {logging_mixin.py:137} INFO - [2023-05-21T15:04:31.446+0000] {dagbag.py:538} INFO - Filling up the DagBag from /home/airflow/.local/lib/python3.7/site-packages/airflow/example_dags/example_latest_only_with_trigger.py
[2023-05-21T15:04:31.473+0000] {processor.py:753} INFO - DAG(s) dict_keys(['latest_only_with_trigger']) retrieved from /home/airflow/.local/lib/python3.7/site-packages/airflow/example_dags/example_latest_only_with_trigger.py
[2023-05-21T15:04:31.519+0000] {logging_mixin.py:137} INFO - [2023-05-21T15:04:31.519+0000] {dag.py:2690} INFO - Sync 1 DAGs
[2023-05-21T15:04:31.610+0000] {logging_mixin.py:137} INFO - [2023-05-21T15:04:31.610+0000] {dag.py:3441} INFO - Setting next_dagrun for latest_only_with_trigger to 2023-05-21T11:04:31.608910+00:00, run_after=2023-05-21T15:04:31.608910+00:00
[2023-05-21T15:04:31.715+0000] {processor.py:175} INFO - Processing /home/airflow/.local/lib/python3.7/site-packages/airflow/example_dags/example_latest_only_with_trigger.py took 0.287 seconds
[2023-05-21T15:05:02.282+0000] {processor.py:153} INFO - Started process (PID=911) to work on /home/airflow/.local/lib/python3.7/site-packages/airflow/example_dags/example_latest_only_with_trigger.py
[2023-05-21T15:05:02.284+0000] {processor.py:743} INFO - Processing file /home/airflow/.local/lib/python3.7/site-packages/airflow/example_dags/example_latest_only_with_trigger.py for tasks to queue
[2023-05-21T15:05:02.286+0000] {logging_mixin.py:137} INFO - [2023-05-21T15:05:02.285+0000] {dagbag.py:538} INFO - Filling up the DagBag from /home/airflow/.local/lib/python3.7/site-packages/airflow/example_dags/example_latest_only_with_trigger.py
[2023-05-21T15:05:02.338+0000] {processor.py:753} INFO - DAG(s) dict_keys(['latest_only_with_trigger']) retrieved from /home/airflow/.local/lib/python3.7/site-packages/airflow/example_dags/example_latest_only_with_trigger.py
[2023-05-21T15:05:02.377+0000] {logging_mixin.py:137} INFO - [2023-05-21T15:05:02.377+0000] {dag.py:2690} INFO - Sync 1 DAGs
[2023-05-21T15:05:02.425+0000] {logging_mixin.py:137} INFO - [2023-05-21T15:05:02.425+0000] {dag.py:3441} INFO - Setting next_dagrun for latest_only_with_trigger to 2023-05-21T11:05:02.424971+00:00, run_after=2023-05-21T15:05:02.424971+00:00
[2023-05-21T15:05:02.454+0000] {processor.py:175} INFO - Processing /home/airflow/.local/lib/python3.7/site-packages/airflow/example_dags/example_latest_only_with_trigger.py took 0.177 seconds
