[2023-05-21T14:45:20.095+0000] {processor.py:156} INFO - Started process (PID=180) to work on /home/airflow/.local/lib/python3.7/site-packages/airflow/example_dags/example_branch_labels.py
[2023-05-21T14:45:20.096+0000] {processor.py:758} INFO - Processing file /home/airflow/.local/lib/python3.7/site-packages/airflow/example_dags/example_branch_labels.py for tasks to queue
[2023-05-21T14:45:20.097+0000] {logging_mixin.py:117} INFO - [2023-05-21T14:45:20.096+0000] {dagbag.py:525} INFO - Filling up the DagBag from /home/airflow/.local/lib/python3.7/site-packages/airflow/example_dags/example_branch_labels.py
[2023-05-21T14:45:20.123+0000] {processor.py:768} INFO - DAG(s) dict_keys(['example_branch_labels']) retrieved from /home/airflow/.local/lib/python3.7/site-packages/airflow/example_dags/example_branch_labels.py
[2023-05-21T14:45:20.148+0000] {logging_mixin.py:117} INFO - [2023-05-21T14:45:20.148+0000] {dag.py:2573} INFO - Sync 1 DAGs
[2023-05-21T14:45:20.187+0000] {logging_mixin.py:117} INFO - [2023-05-21T14:45:20.187+0000] {dag.py:3328} INFO - Setting next_dagrun for example_branch_labels to 2023-05-20T00:00:00+00:00, run_after=2023-05-21T00:00:00+00:00
[2023-05-21T14:45:20.208+0000] {processor.py:178} INFO - Processing /home/airflow/.local/lib/python3.7/site-packages/airflow/example_dags/example_branch_labels.py took 0.116 seconds
[2023-05-21T14:45:50.479+0000] {processor.py:156} INFO - Started process (PID=389) to work on /home/airflow/.local/lib/python3.7/site-packages/airflow/example_dags/example_branch_labels.py
[2023-05-21T14:45:50.480+0000] {processor.py:758} INFO - Processing file /home/airflow/.local/lib/python3.7/site-packages/airflow/example_dags/example_branch_labels.py for tasks to queue
[2023-05-21T14:45:50.481+0000] {logging_mixin.py:117} INFO - [2023-05-21T14:45:50.481+0000] {dagbag.py:525} INFO - Filling up the DagBag from /home/airflow/.local/lib/python3.7/site-packages/airflow/example_dags/example_branch_labels.py
[2023-05-21T14:45:50.496+0000] {processor.py:768} INFO - DAG(s) dict_keys(['example_branch_labels']) retrieved from /home/airflow/.local/lib/python3.7/site-packages/airflow/example_dags/example_branch_labels.py
[2023-05-21T14:45:50.537+0000] {logging_mixin.py:117} INFO - [2023-05-21T14:45:50.537+0000] {dag.py:2573} INFO - Sync 1 DAGs
[2023-05-21T14:45:50.565+0000] {logging_mixin.py:117} INFO - [2023-05-21T14:45:50.564+0000] {dag.py:3328} INFO - Setting next_dagrun for example_branch_labels to 2023-05-20T00:00:00+00:00, run_after=2023-05-21T00:00:00+00:00
[2023-05-21T14:45:50.588+0000] {processor.py:178} INFO - Processing /home/airflow/.local/lib/python3.7/site-packages/airflow/example_dags/example_branch_labels.py took 0.112 seconds
[2023-05-21T14:46:21.280+0000] {processor.py:156} INFO - Started process (PID=601) to work on /home/airflow/.local/lib/python3.7/site-packages/airflow/example_dags/example_branch_labels.py
[2023-05-21T14:46:21.281+0000] {processor.py:758} INFO - Processing file /home/airflow/.local/lib/python3.7/site-packages/airflow/example_dags/example_branch_labels.py for tasks to queue
[2023-05-21T14:46:21.281+0000] {logging_mixin.py:117} INFO - [2023-05-21T14:46:21.281+0000] {dagbag.py:525} INFO - Filling up the DagBag from /home/airflow/.local/lib/python3.7/site-packages/airflow/example_dags/example_branch_labels.py
[2023-05-21T14:46:21.299+0000] {processor.py:768} INFO - DAG(s) dict_keys(['example_branch_labels']) retrieved from /home/airflow/.local/lib/python3.7/site-packages/airflow/example_dags/example_branch_labels.py
[2023-05-21T14:46:21.352+0000] {logging_mixin.py:117} INFO - [2023-05-21T14:46:21.352+0000] {dag.py:2573} INFO - Sync 1 DAGs
[2023-05-21T14:46:21.527+0000] {logging_mixin.py:117} INFO - [2023-05-21T14:46:21.527+0000] {dag.py:3328} INFO - Setting next_dagrun for example_branch_labels to 2023-05-20T00:00:00+00:00, run_after=2023-05-21T00:00:00+00:00
[2023-05-21T14:46:21.551+0000] {processor.py:178} INFO - Processing /home/airflow/.local/lib/python3.7/site-packages/airflow/example_dags/example_branch_labels.py took 0.275 seconds
[2023-05-21T14:46:51.630+0000] {processor.py:156} INFO - Started process (PID=806) to work on /home/airflow/.local/lib/python3.7/site-packages/airflow/example_dags/example_branch_labels.py
[2023-05-21T14:46:51.631+0000] {processor.py:758} INFO - Processing file /home/airflow/.local/lib/python3.7/site-packages/airflow/example_dags/example_branch_labels.py for tasks to queue
[2023-05-21T14:46:51.632+0000] {logging_mixin.py:117} INFO - [2023-05-21T14:46:51.632+0000] {dagbag.py:525} INFO - Filling up the DagBag from /home/airflow/.local/lib/python3.7/site-packages/airflow/example_dags/example_branch_labels.py
[2023-05-21T14:46:51.649+0000] {processor.py:768} INFO - DAG(s) dict_keys(['example_branch_labels']) retrieved from /home/airflow/.local/lib/python3.7/site-packages/airflow/example_dags/example_branch_labels.py
[2023-05-21T14:46:51.800+0000] {logging_mixin.py:117} INFO - [2023-05-21T14:46:51.800+0000] {dag.py:2573} INFO - Sync 1 DAGs
[2023-05-21T14:46:51.827+0000] {logging_mixin.py:117} INFO - [2023-05-21T14:46:51.827+0000] {dag.py:3328} INFO - Setting next_dagrun for example_branch_labels to 2023-05-20T00:00:00+00:00, run_after=2023-05-21T00:00:00+00:00
[2023-05-21T14:46:51.845+0000] {processor.py:178} INFO - Processing /home/airflow/.local/lib/python3.7/site-packages/airflow/example_dags/example_branch_labels.py took 0.219 seconds
[2023-05-21T14:47:22.119+0000] {processor.py:156} INFO - Started process (PID=1020) to work on /home/airflow/.local/lib/python3.7/site-packages/airflow/example_dags/example_branch_labels.py
[2023-05-21T14:47:22.120+0000] {processor.py:758} INFO - Processing file /home/airflow/.local/lib/python3.7/site-packages/airflow/example_dags/example_branch_labels.py for tasks to queue
[2023-05-21T14:47:22.121+0000] {logging_mixin.py:117} INFO - [2023-05-21T14:47:22.121+0000] {dagbag.py:525} INFO - Filling up the DagBag from /home/airflow/.local/lib/python3.7/site-packages/airflow/example_dags/example_branch_labels.py
[2023-05-21T14:47:22.144+0000] {processor.py:768} INFO - DAG(s) dict_keys(['example_branch_labels']) retrieved from /home/airflow/.local/lib/python3.7/site-packages/airflow/example_dags/example_branch_labels.py
[2023-05-21T14:47:22.331+0000] {logging_mixin.py:117} INFO - [2023-05-21T14:47:22.331+0000] {dag.py:2573} INFO - Sync 1 DAGs
[2023-05-21T14:47:22.357+0000] {logging_mixin.py:117} INFO - [2023-05-21T14:47:22.357+0000] {dag.py:3328} INFO - Setting next_dagrun for example_branch_labels to 2023-05-20T00:00:00+00:00, run_after=2023-05-21T00:00:00+00:00
[2023-05-21T14:47:22.382+0000] {processor.py:178} INFO - Processing /home/airflow/.local/lib/python3.7/site-packages/airflow/example_dags/example_branch_labels.py took 0.266 seconds
[2023-05-21T14:47:53.400+0000] {processor.py:156} INFO - Started process (PID=1235) to work on /home/airflow/.local/lib/python3.7/site-packages/airflow/example_dags/example_branch_labels.py
[2023-05-21T14:47:53.401+0000] {processor.py:758} INFO - Processing file /home/airflow/.local/lib/python3.7/site-packages/airflow/example_dags/example_branch_labels.py for tasks to queue
[2023-05-21T14:47:53.401+0000] {logging_mixin.py:117} INFO - [2023-05-21T14:47:53.401+0000] {dagbag.py:525} INFO - Filling up the DagBag from /home/airflow/.local/lib/python3.7/site-packages/airflow/example_dags/example_branch_labels.py
[2023-05-21T14:47:53.565+0000] {processor.py:768} INFO - DAG(s) dict_keys(['example_branch_labels']) retrieved from /home/airflow/.local/lib/python3.7/site-packages/airflow/example_dags/example_branch_labels.py
[2023-05-21T14:47:53.609+0000] {logging_mixin.py:117} INFO - [2023-05-21T14:47:53.609+0000] {dag.py:2573} INFO - Sync 1 DAGs
[2023-05-21T14:47:53.637+0000] {logging_mixin.py:117} INFO - [2023-05-21T14:47:53.637+0000] {dag.py:3328} INFO - Setting next_dagrun for example_branch_labels to 2023-05-20T00:00:00+00:00, run_after=2023-05-21T00:00:00+00:00
[2023-05-21T14:47:53.658+0000] {processor.py:178} INFO - Processing /home/airflow/.local/lib/python3.7/site-packages/airflow/example_dags/example_branch_labels.py took 0.262 seconds
[2023-05-21T14:50:26.161+0000] {processor.py:156} INFO - Started process (PID=180) to work on /home/airflow/.local/lib/python3.7/site-packages/airflow/example_dags/example_branch_labels.py
[2023-05-21T14:50:26.162+0000] {processor.py:758} INFO - Processing file /home/airflow/.local/lib/python3.7/site-packages/airflow/example_dags/example_branch_labels.py for tasks to queue
[2023-05-21T14:50:26.162+0000] {logging_mixin.py:117} INFO - [2023-05-21T14:50:26.162+0000] {dagbag.py:525} INFO - Filling up the DagBag from /home/airflow/.local/lib/python3.7/site-packages/airflow/example_dags/example_branch_labels.py
[2023-05-21T14:50:26.186+0000] {processor.py:768} INFO - DAG(s) dict_keys(['example_branch_labels']) retrieved from /home/airflow/.local/lib/python3.7/site-packages/airflow/example_dags/example_branch_labels.py
[2023-05-21T14:50:26.220+0000] {logging_mixin.py:117} INFO - [2023-05-21T14:50:26.219+0000] {dag.py:2573} INFO - Sync 1 DAGs
[2023-05-21T14:50:26.263+0000] {logging_mixin.py:117} INFO - [2023-05-21T14:50:26.263+0000] {dag.py:3328} INFO - Setting next_dagrun for example_branch_labels to 2023-05-20T00:00:00+00:00, run_after=2023-05-21T00:00:00+00:00
[2023-05-21T14:50:26.290+0000] {processor.py:178} INFO - Processing /home/airflow/.local/lib/python3.7/site-packages/airflow/example_dags/example_branch_labels.py took 0.133 seconds
[2023-05-21T14:50:56.791+0000] {processor.py:156} INFO - Started process (PID=387) to work on /home/airflow/.local/lib/python3.7/site-packages/airflow/example_dags/example_branch_labels.py
[2023-05-21T14:50:56.792+0000] {processor.py:758} INFO - Processing file /home/airflow/.local/lib/python3.7/site-packages/airflow/example_dags/example_branch_labels.py for tasks to queue
[2023-05-21T14:50:56.793+0000] {logging_mixin.py:117} INFO - [2023-05-21T14:50:56.793+0000] {dagbag.py:525} INFO - Filling up the DagBag from /home/airflow/.local/lib/python3.7/site-packages/airflow/example_dags/example_branch_labels.py
[2023-05-21T14:50:56.813+0000] {processor.py:768} INFO - DAG(s) dict_keys(['example_branch_labels']) retrieved from /home/airflow/.local/lib/python3.7/site-packages/airflow/example_dags/example_branch_labels.py
[2023-05-21T14:50:56.872+0000] {logging_mixin.py:117} INFO - [2023-05-21T14:50:56.872+0000] {dag.py:2573} INFO - Sync 1 DAGs
[2023-05-21T14:50:56.903+0000] {logging_mixin.py:117} INFO - [2023-05-21T14:50:56.903+0000] {dag.py:3328} INFO - Setting next_dagrun for example_branch_labels to 2023-05-20T00:00:00+00:00, run_after=2023-05-21T00:00:00+00:00
[2023-05-21T14:50:56.927+0000] {processor.py:178} INFO - Processing /home/airflow/.local/lib/python3.7/site-packages/airflow/example_dags/example_branch_labels.py took 0.140 seconds
[2023-05-21T14:51:27.679+0000] {processor.py:156} INFO - Started process (PID=601) to work on /home/airflow/.local/lib/python3.7/site-packages/airflow/example_dags/example_branch_labels.py
[2023-05-21T14:51:27.681+0000] {processor.py:758} INFO - Processing file /home/airflow/.local/lib/python3.7/site-packages/airflow/example_dags/example_branch_labels.py for tasks to queue
[2023-05-21T14:51:27.682+0000] {logging_mixin.py:117} INFO - [2023-05-21T14:51:27.682+0000] {dagbag.py:525} INFO - Filling up the DagBag from /home/airflow/.local/lib/python3.7/site-packages/airflow/example_dags/example_branch_labels.py
[2023-05-21T14:51:27.771+0000] {processor.py:768} INFO - DAG(s) dict_keys(['example_branch_labels']) retrieved from /home/airflow/.local/lib/python3.7/site-packages/airflow/example_dags/example_branch_labels.py
[2023-05-21T14:51:27.850+0000] {logging_mixin.py:117} INFO - [2023-05-21T14:51:27.850+0000] {dag.py:2573} INFO - Sync 1 DAGs
[2023-05-21T14:51:28.074+0000] {logging_mixin.py:117} INFO - [2023-05-21T14:51:28.073+0000] {dag.py:3328} INFO - Setting next_dagrun for example_branch_labels to 2023-05-20T00:00:00+00:00, run_after=2023-05-21T00:00:00+00:00
[2023-05-21T14:51:28.108+0000] {processor.py:178} INFO - Processing /home/airflow/.local/lib/python3.7/site-packages/airflow/example_dags/example_branch_labels.py took 0.436 seconds
[2023-05-21T14:51:58.396+0000] {processor.py:156} INFO - Started process (PID=806) to work on /home/airflow/.local/lib/python3.7/site-packages/airflow/example_dags/example_branch_labels.py
[2023-05-21T14:51:58.397+0000] {processor.py:758} INFO - Processing file /home/airflow/.local/lib/python3.7/site-packages/airflow/example_dags/example_branch_labels.py for tasks to queue
[2023-05-21T14:51:58.397+0000] {logging_mixin.py:117} INFO - [2023-05-21T14:51:58.397+0000] {dagbag.py:525} INFO - Filling up the DagBag from /home/airflow/.local/lib/python3.7/site-packages/airflow/example_dags/example_branch_labels.py
[2023-05-21T14:51:58.414+0000] {processor.py:768} INFO - DAG(s) dict_keys(['example_branch_labels']) retrieved from /home/airflow/.local/lib/python3.7/site-packages/airflow/example_dags/example_branch_labels.py
[2023-05-21T14:51:58.554+0000] {logging_mixin.py:117} INFO - [2023-05-21T14:51:58.554+0000] {dag.py:2573} INFO - Sync 1 DAGs
[2023-05-21T14:51:58.580+0000] {logging_mixin.py:117} INFO - [2023-05-21T14:51:58.580+0000] {dag.py:3328} INFO - Setting next_dagrun for example_branch_labels to 2023-05-20T00:00:00+00:00, run_after=2023-05-21T00:00:00+00:00
[2023-05-21T14:51:58.597+0000] {processor.py:178} INFO - Processing /home/airflow/.local/lib/python3.7/site-packages/airflow/example_dags/example_branch_labels.py took 0.205 seconds
[2023-05-21T14:58:46.747+0000] {processor.py:153} INFO - Started process (PID=49) to work on /home/airflow/.local/lib/python3.7/site-packages/airflow/example_dags/example_branch_labels.py
[2023-05-21T14:58:46.748+0000] {processor.py:743} INFO - Processing file /home/airflow/.local/lib/python3.7/site-packages/airflow/example_dags/example_branch_labels.py for tasks to queue
[2023-05-21T14:58:46.749+0000] {logging_mixin.py:137} INFO - [2023-05-21T14:58:46.749+0000] {dagbag.py:538} INFO - Filling up the DagBag from /home/airflow/.local/lib/python3.7/site-packages/airflow/example_dags/example_branch_labels.py
[2023-05-21T14:58:46.772+0000] {processor.py:753} INFO - DAG(s) dict_keys(['example_branch_labels']) retrieved from /home/airflow/.local/lib/python3.7/site-packages/airflow/example_dags/example_branch_labels.py
[2023-05-21T14:58:46.815+0000] {logging_mixin.py:137} INFO - [2023-05-21T14:58:46.815+0000] {dag.py:2690} INFO - Sync 1 DAGs
[2023-05-21T14:58:46.863+0000] {logging_mixin.py:137} INFO - [2023-05-21T14:58:46.862+0000] {dag.py:3441} INFO - Setting next_dagrun for example_branch_labels to 2023-05-20T00:00:00+00:00, run_after=2023-05-21T00:00:00+00:00
[2023-05-21T14:58:46.892+0000] {processor.py:175} INFO - Processing /home/airflow/.local/lib/python3.7/site-packages/airflow/example_dags/example_branch_labels.py took 0.150 seconds
[2023-05-21T14:59:17.372+0000] {processor.py:153} INFO - Started process (PID=112) to work on /home/airflow/.local/lib/python3.7/site-packages/airflow/example_dags/example_branch_labels.py
[2023-05-21T14:59:17.374+0000] {processor.py:743} INFO - Processing file /home/airflow/.local/lib/python3.7/site-packages/airflow/example_dags/example_branch_labels.py for tasks to queue
[2023-05-21T14:59:17.374+0000] {logging_mixin.py:137} INFO - [2023-05-21T14:59:17.374+0000] {dagbag.py:538} INFO - Filling up the DagBag from /home/airflow/.local/lib/python3.7/site-packages/airflow/example_dags/example_branch_labels.py
[2023-05-21T14:59:17.390+0000] {processor.py:753} INFO - DAG(s) dict_keys(['example_branch_labels']) retrieved from /home/airflow/.local/lib/python3.7/site-packages/airflow/example_dags/example_branch_labels.py
[2023-05-21T14:59:17.417+0000] {logging_mixin.py:137} INFO - [2023-05-21T14:59:17.416+0000] {dag.py:2690} INFO - Sync 1 DAGs
[2023-05-21T14:59:17.444+0000] {logging_mixin.py:137} INFO - [2023-05-21T14:59:17.444+0000] {dag.py:3441} INFO - Setting next_dagrun for example_branch_labels to 2023-05-20T00:00:00+00:00, run_after=2023-05-21T00:00:00+00:00
[2023-05-21T14:59:17.465+0000] {processor.py:175} INFO - Processing /home/airflow/.local/lib/python3.7/site-packages/airflow/example_dags/example_branch_labels.py took 0.097 seconds
[2023-05-21T14:59:48.357+0000] {processor.py:153} INFO - Started process (PID=186) to work on /home/airflow/.local/lib/python3.7/site-packages/airflow/example_dags/example_branch_labels.py
[2023-05-21T14:59:48.357+0000] {processor.py:743} INFO - Processing file /home/airflow/.local/lib/python3.7/site-packages/airflow/example_dags/example_branch_labels.py for tasks to queue
[2023-05-21T14:59:48.358+0000] {logging_mixin.py:137} INFO - [2023-05-21T14:59:48.358+0000] {dagbag.py:538} INFO - Filling up the DagBag from /home/airflow/.local/lib/python3.7/site-packages/airflow/example_dags/example_branch_labels.py
[2023-05-21T14:59:48.381+0000] {processor.py:753} INFO - DAG(s) dict_keys(['example_branch_labels']) retrieved from /home/airflow/.local/lib/python3.7/site-packages/airflow/example_dags/example_branch_labels.py
[2023-05-21T14:59:48.445+0000] {logging_mixin.py:137} INFO - [2023-05-21T14:59:48.445+0000] {dag.py:2690} INFO - Sync 1 DAGs
[2023-05-21T14:59:48.557+0000] {logging_mixin.py:137} INFO - [2023-05-21T14:59:48.557+0000] {dag.py:3441} INFO - Setting next_dagrun for example_branch_labels to 2023-05-20T00:00:00+00:00, run_after=2023-05-21T00:00:00+00:00
[2023-05-21T14:59:48.593+0000] {processor.py:175} INFO - Processing /home/airflow/.local/lib/python3.7/site-packages/airflow/example_dags/example_branch_labels.py took 0.240 seconds
[2023-05-21T15:00:19.542+0000] {processor.py:153} INFO - Started process (PID=254) to work on /home/airflow/.local/lib/python3.7/site-packages/airflow/example_dags/example_branch_labels.py
[2023-05-21T15:00:19.544+0000] {processor.py:743} INFO - Processing file /home/airflow/.local/lib/python3.7/site-packages/airflow/example_dags/example_branch_labels.py for tasks to queue
[2023-05-21T15:00:19.545+0000] {logging_mixin.py:137} INFO - [2023-05-21T15:00:19.545+0000] {dagbag.py:538} INFO - Filling up the DagBag from /home/airflow/.local/lib/python3.7/site-packages/airflow/example_dags/example_branch_labels.py
[2023-05-21T15:00:19.561+0000] {processor.py:753} INFO - DAG(s) dict_keys(['example_branch_labels']) retrieved from /home/airflow/.local/lib/python3.7/site-packages/airflow/example_dags/example_branch_labels.py
[2023-05-21T15:00:19.589+0000] {logging_mixin.py:137} INFO - [2023-05-21T15:00:19.589+0000] {dag.py:2690} INFO - Sync 1 DAGs
[2023-05-21T15:00:19.617+0000] {logging_mixin.py:137} INFO - [2023-05-21T15:00:19.617+0000] {dag.py:3441} INFO - Setting next_dagrun for example_branch_labels to 2023-05-20T00:00:00+00:00, run_after=2023-05-21T00:00:00+00:00
[2023-05-21T15:00:19.636+0000] {processor.py:175} INFO - Processing /home/airflow/.local/lib/python3.7/site-packages/airflow/example_dags/example_branch_labels.py took 0.105 seconds
[2023-05-21T15:00:49.778+0000] {processor.py:153} INFO - Started process (PID=319) to work on /home/airflow/.local/lib/python3.7/site-packages/airflow/example_dags/example_branch_labels.py
[2023-05-21T15:00:49.779+0000] {processor.py:743} INFO - Processing file /home/airflow/.local/lib/python3.7/site-packages/airflow/example_dags/example_branch_labels.py for tasks to queue
[2023-05-21T15:00:49.779+0000] {logging_mixin.py:137} INFO - [2023-05-21T15:00:49.779+0000] {dagbag.py:538} INFO - Filling up the DagBag from /home/airflow/.local/lib/python3.7/site-packages/airflow/example_dags/example_branch_labels.py
[2023-05-21T15:00:49.793+0000] {processor.py:753} INFO - DAG(s) dict_keys(['example_branch_labels']) retrieved from /home/airflow/.local/lib/python3.7/site-packages/airflow/example_dags/example_branch_labels.py
[2023-05-21T15:00:49.818+0000] {logging_mixin.py:137} INFO - [2023-05-21T15:00:49.818+0000] {dag.py:2690} INFO - Sync 1 DAGs
[2023-05-21T15:00:49.847+0000] {logging_mixin.py:137} INFO - [2023-05-21T15:00:49.847+0000] {dag.py:3441} INFO - Setting next_dagrun for example_branch_labels to 2023-05-20T00:00:00+00:00, run_after=2023-05-21T00:00:00+00:00
[2023-05-21T15:00:49.868+0000] {processor.py:175} INFO - Processing /home/airflow/.local/lib/python3.7/site-packages/airflow/example_dags/example_branch_labels.py took 0.093 seconds
[2023-05-21T15:01:19.926+0000] {processor.py:153} INFO - Started process (PID=395) to work on /home/airflow/.local/lib/python3.7/site-packages/airflow/example_dags/example_branch_labels.py
[2023-05-21T15:01:19.927+0000] {processor.py:743} INFO - Processing file /home/airflow/.local/lib/python3.7/site-packages/airflow/example_dags/example_branch_labels.py for tasks to queue
[2023-05-21T15:01:19.928+0000] {logging_mixin.py:137} INFO - [2023-05-21T15:01:19.928+0000] {dagbag.py:538} INFO - Filling up the DagBag from /home/airflow/.local/lib/python3.7/site-packages/airflow/example_dags/example_branch_labels.py
[2023-05-21T15:01:19.948+0000] {processor.py:753} INFO - DAG(s) dict_keys(['example_branch_labels']) retrieved from /home/airflow/.local/lib/python3.7/site-packages/airflow/example_dags/example_branch_labels.py
[2023-05-21T15:01:19.983+0000] {logging_mixin.py:137} INFO - [2023-05-21T15:01:19.982+0000] {dag.py:2690} INFO - Sync 1 DAGs
[2023-05-21T15:01:20.025+0000] {logging_mixin.py:137} INFO - [2023-05-21T15:01:20.024+0000] {dag.py:3441} INFO - Setting next_dagrun for example_branch_labels to 2023-05-20T00:00:00+00:00, run_after=2023-05-21T00:00:00+00:00
[2023-05-21T15:01:20.051+0000] {processor.py:175} INFO - Processing /home/airflow/.local/lib/python3.7/site-packages/airflow/example_dags/example_branch_labels.py took 0.129 seconds
[2023-05-21T15:01:50.206+0000] {processor.py:153} INFO - Started process (PID=460) to work on /home/airflow/.local/lib/python3.7/site-packages/airflow/example_dags/example_branch_labels.py
[2023-05-21T15:01:50.207+0000] {processor.py:743} INFO - Processing file /home/airflow/.local/lib/python3.7/site-packages/airflow/example_dags/example_branch_labels.py for tasks to queue
[2023-05-21T15:01:50.208+0000] {logging_mixin.py:137} INFO - [2023-05-21T15:01:50.207+0000] {dagbag.py:538} INFO - Filling up the DagBag from /home/airflow/.local/lib/python3.7/site-packages/airflow/example_dags/example_branch_labels.py
[2023-05-21T15:01:50.221+0000] {processor.py:753} INFO - DAG(s) dict_keys(['example_branch_labels']) retrieved from /home/airflow/.local/lib/python3.7/site-packages/airflow/example_dags/example_branch_labels.py
[2023-05-21T15:01:50.248+0000] {logging_mixin.py:137} INFO - [2023-05-21T15:01:50.248+0000] {dag.py:2690} INFO - Sync 1 DAGs
[2023-05-21T15:01:50.277+0000] {logging_mixin.py:137} INFO - [2023-05-21T15:01:50.277+0000] {dag.py:3441} INFO - Setting next_dagrun for example_branch_labels to 2023-05-20T00:00:00+00:00, run_after=2023-05-21T00:00:00+00:00
[2023-05-21T15:01:50.297+0000] {processor.py:175} INFO - Processing /home/airflow/.local/lib/python3.7/site-packages/airflow/example_dags/example_branch_labels.py took 0.093 seconds
[2023-05-21T15:02:20.864+0000] {processor.py:153} INFO - Started process (PID=526) to work on /home/airflow/.local/lib/python3.7/site-packages/airflow/example_dags/example_branch_labels.py
[2023-05-21T15:02:20.865+0000] {processor.py:743} INFO - Processing file /home/airflow/.local/lib/python3.7/site-packages/airflow/example_dags/example_branch_labels.py for tasks to queue
[2023-05-21T15:02:20.865+0000] {logging_mixin.py:137} INFO - [2023-05-21T15:02:20.865+0000] {dagbag.py:538} INFO - Filling up the DagBag from /home/airflow/.local/lib/python3.7/site-packages/airflow/example_dags/example_branch_labels.py
[2023-05-21T15:02:20.885+0000] {processor.py:753} INFO - DAG(s) dict_keys(['example_branch_labels']) retrieved from /home/airflow/.local/lib/python3.7/site-packages/airflow/example_dags/example_branch_labels.py
[2023-05-21T15:02:20.923+0000] {logging_mixin.py:137} INFO - [2023-05-21T15:02:20.922+0000] {dag.py:2690} INFO - Sync 1 DAGs
[2023-05-21T15:02:20.982+0000] {logging_mixin.py:137} INFO - [2023-05-21T15:02:20.982+0000] {dag.py:3441} INFO - Setting next_dagrun for example_branch_labels to 2023-05-20T00:00:00+00:00, run_after=2023-05-21T00:00:00+00:00
[2023-05-21T15:02:21.011+0000] {processor.py:175} INFO - Processing /home/airflow/.local/lib/python3.7/site-packages/airflow/example_dags/example_branch_labels.py took 0.152 seconds
[2023-05-21T15:02:51.233+0000] {processor.py:153} INFO - Started process (PID=605) to work on /home/airflow/.local/lib/python3.7/site-packages/airflow/example_dags/example_branch_labels.py
[2023-05-21T15:02:51.234+0000] {processor.py:743} INFO - Processing file /home/airflow/.local/lib/python3.7/site-packages/airflow/example_dags/example_branch_labels.py for tasks to queue
[2023-05-21T15:02:51.235+0000] {logging_mixin.py:137} INFO - [2023-05-21T15:02:51.235+0000] {dagbag.py:538} INFO - Filling up the DagBag from /home/airflow/.local/lib/python3.7/site-packages/airflow/example_dags/example_branch_labels.py
[2023-05-21T15:02:51.252+0000] {processor.py:753} INFO - DAG(s) dict_keys(['example_branch_labels']) retrieved from /home/airflow/.local/lib/python3.7/site-packages/airflow/example_dags/example_branch_labels.py
[2023-05-21T15:02:51.277+0000] {logging_mixin.py:137} INFO - [2023-05-21T15:02:51.277+0000] {dag.py:2690} INFO - Sync 1 DAGs
[2023-05-21T15:02:51.307+0000] {logging_mixin.py:137} INFO - [2023-05-21T15:02:51.307+0000] {dag.py:3441} INFO - Setting next_dagrun for example_branch_labels to 2023-05-20T00:00:00+00:00, run_after=2023-05-21T00:00:00+00:00
[2023-05-21T15:02:51.325+0000] {processor.py:175} INFO - Processing /home/airflow/.local/lib/python3.7/site-packages/airflow/example_dags/example_branch_labels.py took 0.095 seconds
[2023-05-21T15:03:21.816+0000] {processor.py:153} INFO - Started process (PID=670) to work on /home/airflow/.local/lib/python3.7/site-packages/airflow/example_dags/example_branch_labels.py
[2023-05-21T15:03:21.817+0000] {processor.py:743} INFO - Processing file /home/airflow/.local/lib/python3.7/site-packages/airflow/example_dags/example_branch_labels.py for tasks to queue
[2023-05-21T15:03:21.817+0000] {logging_mixin.py:137} INFO - [2023-05-21T15:03:21.817+0000] {dagbag.py:538} INFO - Filling up the DagBag from /home/airflow/.local/lib/python3.7/site-packages/airflow/example_dags/example_branch_labels.py
[2023-05-21T15:03:21.831+0000] {processor.py:753} INFO - DAG(s) dict_keys(['example_branch_labels']) retrieved from /home/airflow/.local/lib/python3.7/site-packages/airflow/example_dags/example_branch_labels.py
[2023-05-21T15:03:21.863+0000] {logging_mixin.py:137} INFO - [2023-05-21T15:03:21.863+0000] {dag.py:2690} INFO - Sync 1 DAGs
[2023-05-21T15:03:21.898+0000] {logging_mixin.py:137} INFO - [2023-05-21T15:03:21.898+0000] {dag.py:3441} INFO - Setting next_dagrun for example_branch_labels to 2023-05-20T00:00:00+00:00, run_after=2023-05-21T00:00:00+00:00
[2023-05-21T15:03:21.917+0000] {processor.py:175} INFO - Processing /home/airflow/.local/lib/python3.7/site-packages/airflow/example_dags/example_branch_labels.py took 0.105 seconds
[2023-05-21T15:03:52.195+0000] {processor.py:153} INFO - Started process (PID=746) to work on /home/airflow/.local/lib/python3.7/site-packages/airflow/example_dags/example_branch_labels.py
[2023-05-21T15:03:52.197+0000] {processor.py:743} INFO - Processing file /home/airflow/.local/lib/python3.7/site-packages/airflow/example_dags/example_branch_labels.py for tasks to queue
[2023-05-21T15:03:52.198+0000] {logging_mixin.py:137} INFO - [2023-05-21T15:03:52.198+0000] {dagbag.py:538} INFO - Filling up the DagBag from /home/airflow/.local/lib/python3.7/site-packages/airflow/example_dags/example_branch_labels.py
[2023-05-21T15:03:52.238+0000] {processor.py:753} INFO - DAG(s) dict_keys(['example_branch_labels']) retrieved from /home/airflow/.local/lib/python3.7/site-packages/airflow/example_dags/example_branch_labels.py
[2023-05-21T15:03:52.295+0000] {logging_mixin.py:137} INFO - [2023-05-21T15:03:52.295+0000] {dag.py:2690} INFO - Sync 1 DAGs
[2023-05-21T15:03:52.364+0000] {logging_mixin.py:137} INFO - [2023-05-21T15:03:52.364+0000] {dag.py:3441} INFO - Setting next_dagrun for example_branch_labels to 2023-05-20T00:00:00+00:00, run_after=2023-05-21T00:00:00+00:00
[2023-05-21T15:03:52.410+0000] {processor.py:175} INFO - Processing /home/airflow/.local/lib/python3.7/site-packages/airflow/example_dags/example_branch_labels.py took 0.221 seconds
[2023-05-21T15:04:23.389+0000] {processor.py:153} INFO - Started process (PID=810) to work on /home/airflow/.local/lib/python3.7/site-packages/airflow/example_dags/example_branch_labels.py
[2023-05-21T15:04:23.397+0000] {processor.py:743} INFO - Processing file /home/airflow/.local/lib/python3.7/site-packages/airflow/example_dags/example_branch_labels.py for tasks to queue
[2023-05-21T15:04:23.398+0000] {logging_mixin.py:137} INFO - [2023-05-21T15:04:23.398+0000] {dagbag.py:538} INFO - Filling up the DagBag from /home/airflow/.local/lib/python3.7/site-packages/airflow/example_dags/example_branch_labels.py
[2023-05-21T15:04:23.426+0000] {processor.py:753} INFO - DAG(s) dict_keys(['example_branch_labels']) retrieved from /home/airflow/.local/lib/python3.7/site-packages/airflow/example_dags/example_branch_labels.py
[2023-05-21T15:04:23.578+0000] {logging_mixin.py:137} INFO - [2023-05-21T15:04:23.578+0000] {dag.py:2690} INFO - Sync 1 DAGs
[2023-05-21T15:04:23.982+0000] {logging_mixin.py:137} INFO - [2023-05-21T15:04:23.975+0000] {dag.py:3441} INFO - Setting next_dagrun for example_branch_labels to 2023-05-20T00:00:00+00:00, run_after=2023-05-21T00:00:00+00:00
[2023-05-21T15:04:24.137+0000] {processor.py:175} INFO - Processing /home/airflow/.local/lib/python3.7/site-packages/airflow/example_dags/example_branch_labels.py took 0.758 seconds
[2023-05-21T15:04:54.234+0000] {processor.py:153} INFO - Started process (PID=876) to work on /home/airflow/.local/lib/python3.7/site-packages/airflow/example_dags/example_branch_labels.py
[2023-05-21T15:04:54.238+0000] {processor.py:743} INFO - Processing file /home/airflow/.local/lib/python3.7/site-packages/airflow/example_dags/example_branch_labels.py for tasks to queue
[2023-05-21T15:04:54.239+0000] {logging_mixin.py:137} INFO - [2023-05-21T15:04:54.239+0000] {dagbag.py:538} INFO - Filling up the DagBag from /home/airflow/.local/lib/python3.7/site-packages/airflow/example_dags/example_branch_labels.py
[2023-05-21T15:04:54.293+0000] {processor.py:753} INFO - DAG(s) dict_keys(['example_branch_labels']) retrieved from /home/airflow/.local/lib/python3.7/site-packages/airflow/example_dags/example_branch_labels.py
[2023-05-21T15:04:54.379+0000] {logging_mixin.py:137} INFO - [2023-05-21T15:04:54.378+0000] {dag.py:2690} INFO - Sync 1 DAGs
[2023-05-21T15:04:54.486+0000] {logging_mixin.py:137} INFO - [2023-05-21T15:04:54.484+0000] {dag.py:3441} INFO - Setting next_dagrun for example_branch_labels to 2023-05-20T00:00:00+00:00, run_after=2023-05-21T00:00:00+00:00
[2023-05-21T15:04:54.554+0000] {processor.py:175} INFO - Processing /home/airflow/.local/lib/python3.7/site-packages/airflow/example_dags/example_branch_labels.py took 0.326 seconds
