[2023-05-21T14:45:20.943+0000] {processor.py:156} INFO - Started process (PID=210) to work on /home/airflow/.local/lib/python3.7/site-packages/airflow/example_dags/example_branch_day_of_week_operator.py
[2023-05-21T14:45:20.944+0000] {processor.py:758} INFO - Processing file /home/airflow/.local/lib/python3.7/site-packages/airflow/example_dags/example_branch_day_of_week_operator.py for tasks to queue
[2023-05-21T14:45:20.944+0000] {logging_mixin.py:117} INFO - [2023-05-21T14:45:20.944+0000] {dagbag.py:525} INFO - Filling up the DagBag from /home/airflow/.local/lib/python3.7/site-packages/airflow/example_dags/example_branch_day_of_week_operator.py
[2023-05-21T14:45:20.987+0000] {processor.py:768} INFO - DAG(s) dict_keys(['example_weekday_branch_operator']) retrieved from /home/airflow/.local/lib/python3.7/site-packages/airflow/example_dags/example_branch_day_of_week_operator.py
[2023-05-21T14:45:21.040+0000] {logging_mixin.py:117} INFO - [2023-05-21T14:45:21.040+0000] {dag.py:2573} INFO - Sync 1 DAGs
[2023-05-21T14:45:21.089+0000] {logging_mixin.py:117} INFO - [2023-05-21T14:45:21.089+0000] {dag.py:3328} INFO - Setting next_dagrun for example_weekday_branch_operator to 2023-05-20T00:00:00+00:00, run_after=2023-05-21T00:00:00+00:00
[2023-05-21T14:45:21.177+0000] {processor.py:178} INFO - Processing /home/airflow/.local/lib/python3.7/site-packages/airflow/example_dags/example_branch_day_of_week_operator.py took 0.240 seconds
[2023-05-21T14:45:51.508+0000] {processor.py:156} INFO - Started process (PID=419) to work on /home/airflow/.local/lib/python3.7/site-packages/airflow/example_dags/example_branch_day_of_week_operator.py
[2023-05-21T14:45:51.509+0000] {processor.py:758} INFO - Processing file /home/airflow/.local/lib/python3.7/site-packages/airflow/example_dags/example_branch_day_of_week_operator.py for tasks to queue
[2023-05-21T14:45:51.510+0000] {logging_mixin.py:117} INFO - [2023-05-21T14:45:51.509+0000] {dagbag.py:525} INFO - Filling up the DagBag from /home/airflow/.local/lib/python3.7/site-packages/airflow/example_dags/example_branch_day_of_week_operator.py
[2023-05-21T14:45:51.530+0000] {processor.py:768} INFO - DAG(s) dict_keys(['example_weekday_branch_operator']) retrieved from /home/airflow/.local/lib/python3.7/site-packages/airflow/example_dags/example_branch_day_of_week_operator.py
[2023-05-21T14:45:51.580+0000] {logging_mixin.py:117} INFO - [2023-05-21T14:45:51.580+0000] {dag.py:2573} INFO - Sync 1 DAGs
[2023-05-21T14:45:51.617+0000] {logging_mixin.py:117} INFO - [2023-05-21T14:45:51.617+0000] {dag.py:3328} INFO - Setting next_dagrun for example_weekday_branch_operator to 2023-05-20T00:00:00+00:00, run_after=2023-05-21T00:00:00+00:00
[2023-05-21T14:45:51.646+0000] {processor.py:178} INFO - Processing /home/airflow/.local/lib/python3.7/site-packages/airflow/example_dags/example_branch_day_of_week_operator.py took 0.142 seconds
[2023-05-21T14:46:22.321+0000] {processor.py:156} INFO - Started process (PID=631) to work on /home/airflow/.local/lib/python3.7/site-packages/airflow/example_dags/example_branch_day_of_week_operator.py
[2023-05-21T14:46:22.322+0000] {processor.py:758} INFO - Processing file /home/airflow/.local/lib/python3.7/site-packages/airflow/example_dags/example_branch_day_of_week_operator.py for tasks to queue
[2023-05-21T14:46:22.323+0000] {logging_mixin.py:117} INFO - [2023-05-21T14:46:22.323+0000] {dagbag.py:525} INFO - Filling up the DagBag from /home/airflow/.local/lib/python3.7/site-packages/airflow/example_dags/example_branch_day_of_week_operator.py
[2023-05-21T14:46:22.362+0000] {processor.py:768} INFO - DAG(s) dict_keys(['example_weekday_branch_operator']) retrieved from /home/airflow/.local/lib/python3.7/site-packages/airflow/example_dags/example_branch_day_of_week_operator.py
[2023-05-21T14:46:22.459+0000] {logging_mixin.py:117} INFO - [2023-05-21T14:46:22.459+0000] {dag.py:2573} INFO - Sync 1 DAGs
[2023-05-21T14:46:22.651+0000] {logging_mixin.py:117} INFO - [2023-05-21T14:46:22.650+0000] {dag.py:3328} INFO - Setting next_dagrun for example_weekday_branch_operator to 2023-05-20T00:00:00+00:00, run_after=2023-05-21T00:00:00+00:00
[2023-05-21T14:46:22.690+0000] {processor.py:178} INFO - Processing /home/airflow/.local/lib/python3.7/site-packages/airflow/example_dags/example_branch_day_of_week_operator.py took 0.373 seconds
[2023-05-21T14:46:52.766+0000] {processor.py:156} INFO - Started process (PID=836) to work on /home/airflow/.local/lib/python3.7/site-packages/airflow/example_dags/example_branch_day_of_week_operator.py
[2023-05-21T14:46:52.767+0000] {processor.py:758} INFO - Processing file /home/airflow/.local/lib/python3.7/site-packages/airflow/example_dags/example_branch_day_of_week_operator.py for tasks to queue
[2023-05-21T14:46:52.768+0000] {logging_mixin.py:117} INFO - [2023-05-21T14:46:52.767+0000] {dagbag.py:525} INFO - Filling up the DagBag from /home/airflow/.local/lib/python3.7/site-packages/airflow/example_dags/example_branch_day_of_week_operator.py
[2023-05-21T14:46:52.782+0000] {processor.py:768} INFO - DAG(s) dict_keys(['example_weekday_branch_operator']) retrieved from /home/airflow/.local/lib/python3.7/site-packages/airflow/example_dags/example_branch_day_of_week_operator.py
[2023-05-21T14:46:52.970+0000] {logging_mixin.py:117} INFO - [2023-05-21T14:46:52.969+0000] {dag.py:2573} INFO - Sync 1 DAGs
[2023-05-21T14:46:53.009+0000] {logging_mixin.py:117} INFO - [2023-05-21T14:46:53.009+0000] {dag.py:3328} INFO - Setting next_dagrun for example_weekday_branch_operator to 2023-05-20T00:00:00+00:00, run_after=2023-05-21T00:00:00+00:00
[2023-05-21T14:46:53.036+0000] {processor.py:178} INFO - Processing /home/airflow/.local/lib/python3.7/site-packages/airflow/example_dags/example_branch_day_of_week_operator.py took 0.274 seconds
[2023-05-21T14:47:23.328+0000] {processor.py:156} INFO - Started process (PID=1050) to work on /home/airflow/.local/lib/python3.7/site-packages/airflow/example_dags/example_branch_day_of_week_operator.py
[2023-05-21T14:47:23.329+0000] {processor.py:758} INFO - Processing file /home/airflow/.local/lib/python3.7/site-packages/airflow/example_dags/example_branch_day_of_week_operator.py for tasks to queue
[2023-05-21T14:47:23.330+0000] {logging_mixin.py:117} INFO - [2023-05-21T14:47:23.330+0000] {dagbag.py:525} INFO - Filling up the DagBag from /home/airflow/.local/lib/python3.7/site-packages/airflow/example_dags/example_branch_day_of_week_operator.py
[2023-05-21T14:47:23.355+0000] {processor.py:768} INFO - DAG(s) dict_keys(['example_weekday_branch_operator']) retrieved from /home/airflow/.local/lib/python3.7/site-packages/airflow/example_dags/example_branch_day_of_week_operator.py
[2023-05-21T14:47:23.567+0000] {logging_mixin.py:117} INFO - [2023-05-21T14:47:23.567+0000] {dag.py:2573} INFO - Sync 1 DAGs
[2023-05-21T14:47:23.605+0000] {logging_mixin.py:117} INFO - [2023-05-21T14:47:23.605+0000] {dag.py:3328} INFO - Setting next_dagrun for example_weekday_branch_operator to 2023-05-20T00:00:00+00:00, run_after=2023-05-21T00:00:00+00:00
[2023-05-21T14:47:23.629+0000] {processor.py:178} INFO - Processing /home/airflow/.local/lib/python3.7/site-packages/airflow/example_dags/example_branch_day_of_week_operator.py took 0.305 seconds
[2023-05-21T14:47:54.707+0000] {processor.py:156} INFO - Started process (PID=1263) to work on /home/airflow/.local/lib/python3.7/site-packages/airflow/example_dags/example_branch_day_of_week_operator.py
[2023-05-21T14:47:54.708+0000] {processor.py:758} INFO - Processing file /home/airflow/.local/lib/python3.7/site-packages/airflow/example_dags/example_branch_day_of_week_operator.py for tasks to queue
[2023-05-21T14:47:54.708+0000] {logging_mixin.py:117} INFO - [2023-05-21T14:47:54.708+0000] {dagbag.py:525} INFO - Filling up the DagBag from /home/airflow/.local/lib/python3.7/site-packages/airflow/example_dags/example_branch_day_of_week_operator.py
[2023-05-21T14:47:54.727+0000] {processor.py:768} INFO - DAG(s) dict_keys(['example_weekday_branch_operator']) retrieved from /home/airflow/.local/lib/python3.7/site-packages/airflow/example_dags/example_branch_day_of_week_operator.py
[2023-05-21T14:47:54.778+0000] {logging_mixin.py:117} INFO - [2023-05-21T14:47:54.778+0000] {dag.py:2573} INFO - Sync 1 DAGs
[2023-05-21T14:47:54.820+0000] {logging_mixin.py:117} INFO - [2023-05-21T14:47:54.820+0000] {dag.py:3328} INFO - Setting next_dagrun for example_weekday_branch_operator to 2023-05-20T00:00:00+00:00, run_after=2023-05-21T00:00:00+00:00
[2023-05-21T14:47:54.842+0000] {processor.py:178} INFO - Processing /home/airflow/.local/lib/python3.7/site-packages/airflow/example_dags/example_branch_day_of_week_operator.py took 0.140 seconds
[2023-05-21T14:50:27.851+0000] {processor.py:156} INFO - Started process (PID=219) to work on /home/airflow/.local/lib/python3.7/site-packages/airflow/example_dags/example_branch_day_of_week_operator.py
[2023-05-21T14:50:27.852+0000] {processor.py:758} INFO - Processing file /home/airflow/.local/lib/python3.7/site-packages/airflow/example_dags/example_branch_day_of_week_operator.py for tasks to queue
[2023-05-21T14:50:27.853+0000] {logging_mixin.py:117} INFO - [2023-05-21T14:50:27.853+0000] {dagbag.py:525} INFO - Filling up the DagBag from /home/airflow/.local/lib/python3.7/site-packages/airflow/example_dags/example_branch_day_of_week_operator.py
[2023-05-21T14:50:27.910+0000] {processor.py:768} INFO - DAG(s) dict_keys(['example_weekday_branch_operator']) retrieved from /home/airflow/.local/lib/python3.7/site-packages/airflow/example_dags/example_branch_day_of_week_operator.py
[2023-05-21T14:50:27.967+0000] {logging_mixin.py:117} INFO - [2023-05-21T14:50:27.967+0000] {dag.py:2573} INFO - Sync 1 DAGs
[2023-05-21T14:50:28.121+0000] {logging_mixin.py:117} INFO - [2023-05-21T14:50:28.121+0000] {dag.py:3328} INFO - Setting next_dagrun for example_weekday_branch_operator to 2023-05-20T00:00:00+00:00, run_after=2023-05-21T00:00:00+00:00
[2023-05-21T14:50:28.202+0000] {processor.py:178} INFO - Processing /home/airflow/.local/lib/python3.7/site-packages/airflow/example_dags/example_branch_day_of_week_operator.py took 0.356 seconds
[2023-05-21T14:50:58.487+0000] {processor.py:156} INFO - Started process (PID=425) to work on /home/airflow/.local/lib/python3.7/site-packages/airflow/example_dags/example_branch_day_of_week_operator.py
[2023-05-21T14:50:58.488+0000] {processor.py:758} INFO - Processing file /home/airflow/.local/lib/python3.7/site-packages/airflow/example_dags/example_branch_day_of_week_operator.py for tasks to queue
[2023-05-21T14:50:58.489+0000] {logging_mixin.py:117} INFO - [2023-05-21T14:50:58.489+0000] {dagbag.py:525} INFO - Filling up the DagBag from /home/airflow/.local/lib/python3.7/site-packages/airflow/example_dags/example_branch_day_of_week_operator.py
[2023-05-21T14:50:58.540+0000] {processor.py:768} INFO - DAG(s) dict_keys(['example_weekday_branch_operator']) retrieved from /home/airflow/.local/lib/python3.7/site-packages/airflow/example_dags/example_branch_day_of_week_operator.py
[2023-05-21T14:50:58.613+0000] {logging_mixin.py:117} INFO - [2023-05-21T14:50:58.613+0000] {dag.py:2573} INFO - Sync 1 DAGs
[2023-05-21T14:50:58.670+0000] {logging_mixin.py:117} INFO - [2023-05-21T14:50:58.669+0000] {dag.py:3328} INFO - Setting next_dagrun for example_weekday_branch_operator to 2023-05-20T00:00:00+00:00, run_after=2023-05-21T00:00:00+00:00
[2023-05-21T14:50:58.690+0000] {processor.py:178} INFO - Processing /home/airflow/.local/lib/python3.7/site-packages/airflow/example_dags/example_branch_day_of_week_operator.py took 0.208 seconds
[2023-05-21T14:51:29.297+0000] {processor.py:156} INFO - Started process (PID=637) to work on /home/airflow/.local/lib/python3.7/site-packages/airflow/example_dags/example_branch_day_of_week_operator.py
[2023-05-21T14:51:29.298+0000] {processor.py:758} INFO - Processing file /home/airflow/.local/lib/python3.7/site-packages/airflow/example_dags/example_branch_day_of_week_operator.py for tasks to queue
[2023-05-21T14:51:29.299+0000] {logging_mixin.py:117} INFO - [2023-05-21T14:51:29.299+0000] {dagbag.py:525} INFO - Filling up the DagBag from /home/airflow/.local/lib/python3.7/site-packages/airflow/example_dags/example_branch_day_of_week_operator.py
[2023-05-21T14:51:29.324+0000] {processor.py:768} INFO - DAG(s) dict_keys(['example_weekday_branch_operator']) retrieved from /home/airflow/.local/lib/python3.7/site-packages/airflow/example_dags/example_branch_day_of_week_operator.py
[2023-05-21T14:51:29.384+0000] {logging_mixin.py:117} INFO - [2023-05-21T14:51:29.384+0000] {dag.py:2573} INFO - Sync 1 DAGs
[2023-05-21T14:51:29.567+0000] {logging_mixin.py:117} INFO - [2023-05-21T14:51:29.567+0000] {dag.py:3328} INFO - Setting next_dagrun for example_weekday_branch_operator to 2023-05-20T00:00:00+00:00, run_after=2023-05-21T00:00:00+00:00
[2023-05-21T14:51:29.594+0000] {processor.py:178} INFO - Processing /home/airflow/.local/lib/python3.7/site-packages/airflow/example_dags/example_branch_day_of_week_operator.py took 0.301 seconds
[2023-05-21T14:52:00.008+0000] {processor.py:156} INFO - Started process (PID=844) to work on /home/airflow/.local/lib/python3.7/site-packages/airflow/example_dags/example_branch_day_of_week_operator.py
[2023-05-21T14:52:00.009+0000] {processor.py:758} INFO - Processing file /home/airflow/.local/lib/python3.7/site-packages/airflow/example_dags/example_branch_day_of_week_operator.py for tasks to queue
[2023-05-21T14:52:00.010+0000] {logging_mixin.py:117} INFO - [2023-05-21T14:52:00.010+0000] {dagbag.py:525} INFO - Filling up the DagBag from /home/airflow/.local/lib/python3.7/site-packages/airflow/example_dags/example_branch_day_of_week_operator.py
[2023-05-21T14:52:00.026+0000] {processor.py:768} INFO - DAG(s) dict_keys(['example_weekday_branch_operator']) retrieved from /home/airflow/.local/lib/python3.7/site-packages/airflow/example_dags/example_branch_day_of_week_operator.py
[2023-05-21T14:52:00.166+0000] {logging_mixin.py:117} INFO - [2023-05-21T14:52:00.166+0000] {dag.py:2573} INFO - Sync 1 DAGs
[2023-05-21T14:52:00.191+0000] {logging_mixin.py:117} INFO - [2023-05-21T14:52:00.191+0000] {dag.py:3328} INFO - Setting next_dagrun for example_weekday_branch_operator to 2023-05-20T00:00:00+00:00, run_after=2023-05-21T00:00:00+00:00
[2023-05-21T14:52:00.209+0000] {processor.py:178} INFO - Processing /home/airflow/.local/lib/python3.7/site-packages/airflow/example_dags/example_branch_day_of_week_operator.py took 0.204 seconds
[2023-05-21T14:58:48.571+0000] {processor.py:153} INFO - Started process (PID=56) to work on /home/airflow/.local/lib/python3.7/site-packages/airflow/example_dags/example_branch_day_of_week_operator.py
[2023-05-21T14:58:48.574+0000] {processor.py:743} INFO - Processing file /home/airflow/.local/lib/python3.7/site-packages/airflow/example_dags/example_branch_day_of_week_operator.py for tasks to queue
[2023-05-21T14:58:48.575+0000] {logging_mixin.py:137} INFO - [2023-05-21T14:58:48.574+0000] {dagbag.py:538} INFO - Filling up the DagBag from /home/airflow/.local/lib/python3.7/site-packages/airflow/example_dags/example_branch_day_of_week_operator.py
[2023-05-21T14:58:48.605+0000] {processor.py:753} INFO - DAG(s) dict_keys(['example_weekday_branch_operator']) retrieved from /home/airflow/.local/lib/python3.7/site-packages/airflow/example_dags/example_branch_day_of_week_operator.py
[2023-05-21T14:58:48.642+0000] {logging_mixin.py:137} INFO - [2023-05-21T14:58:48.642+0000] {dag.py:2690} INFO - Sync 1 DAGs
[2023-05-21T14:58:48.691+0000] {logging_mixin.py:137} INFO - [2023-05-21T14:58:48.690+0000] {dag.py:3441} INFO - Setting next_dagrun for example_weekday_branch_operator to 2023-05-20T00:00:00+00:00, run_after=2023-05-21T00:00:00+00:00
[2023-05-21T14:58:48.750+0000] {processor.py:175} INFO - Processing /home/airflow/.local/lib/python3.7/site-packages/airflow/example_dags/example_branch_day_of_week_operator.py took 0.196 seconds
[2023-05-21T14:59:18.872+0000] {processor.py:153} INFO - Started process (PID=121) to work on /home/airflow/.local/lib/python3.7/site-packages/airflow/example_dags/example_branch_day_of_week_operator.py
[2023-05-21T14:59:18.873+0000] {processor.py:743} INFO - Processing file /home/airflow/.local/lib/python3.7/site-packages/airflow/example_dags/example_branch_day_of_week_operator.py for tasks to queue
[2023-05-21T14:59:18.873+0000] {logging_mixin.py:137} INFO - [2023-05-21T14:59:18.873+0000] {dagbag.py:538} INFO - Filling up the DagBag from /home/airflow/.local/lib/python3.7/site-packages/airflow/example_dags/example_branch_day_of_week_operator.py
[2023-05-21T14:59:18.888+0000] {processor.py:753} INFO - DAG(s) dict_keys(['example_weekday_branch_operator']) retrieved from /home/airflow/.local/lib/python3.7/site-packages/airflow/example_dags/example_branch_day_of_week_operator.py
[2023-05-21T14:59:18.913+0000] {logging_mixin.py:137} INFO - [2023-05-21T14:59:18.913+0000] {dag.py:2690} INFO - Sync 1 DAGs
[2023-05-21T14:59:18.941+0000] {logging_mixin.py:137} INFO - [2023-05-21T14:59:18.940+0000] {dag.py:3441} INFO - Setting next_dagrun for example_weekday_branch_operator to 2023-05-20T00:00:00+00:00, run_after=2023-05-21T00:00:00+00:00
[2023-05-21T14:59:18.960+0000] {processor.py:175} INFO - Processing /home/airflow/.local/lib/python3.7/site-packages/airflow/example_dags/example_branch_day_of_week_operator.py took 0.091 seconds
[2023-05-21T14:59:49.335+0000] {processor.py:153} INFO - Started process (PID=193) to work on /home/airflow/.local/lib/python3.7/site-packages/airflow/example_dags/example_branch_day_of_week_operator.py
[2023-05-21T14:59:49.336+0000] {processor.py:743} INFO - Processing file /home/airflow/.local/lib/python3.7/site-packages/airflow/example_dags/example_branch_day_of_week_operator.py for tasks to queue
[2023-05-21T14:59:49.337+0000] {logging_mixin.py:137} INFO - [2023-05-21T14:59:49.336+0000] {dagbag.py:538} INFO - Filling up the DagBag from /home/airflow/.local/lib/python3.7/site-packages/airflow/example_dags/example_branch_day_of_week_operator.py
[2023-05-21T14:59:49.371+0000] {processor.py:753} INFO - DAG(s) dict_keys(['example_weekday_branch_operator']) retrieved from /home/airflow/.local/lib/python3.7/site-packages/airflow/example_dags/example_branch_day_of_week_operator.py
[2023-05-21T14:59:49.405+0000] {logging_mixin.py:137} INFO - [2023-05-21T14:59:49.405+0000] {dag.py:2690} INFO - Sync 1 DAGs
[2023-05-21T14:59:49.449+0000] {logging_mixin.py:137} INFO - [2023-05-21T14:59:49.449+0000] {dag.py:3441} INFO - Setting next_dagrun for example_weekday_branch_operator to 2023-05-20T00:00:00+00:00, run_after=2023-05-21T00:00:00+00:00
[2023-05-21T14:59:49.492+0000] {processor.py:175} INFO - Processing /home/airflow/.local/lib/python3.7/site-packages/airflow/example_dags/example_branch_day_of_week_operator.py took 0.162 seconds
[2023-05-21T15:00:20.098+0000] {processor.py:153} INFO - Started process (PID=261) to work on /home/airflow/.local/lib/python3.7/site-packages/airflow/example_dags/example_branch_day_of_week_operator.py
[2023-05-21T15:00:20.098+0000] {processor.py:743} INFO - Processing file /home/airflow/.local/lib/python3.7/site-packages/airflow/example_dags/example_branch_day_of_week_operator.py for tasks to queue
[2023-05-21T15:00:20.099+0000] {logging_mixin.py:137} INFO - [2023-05-21T15:00:20.099+0000] {dagbag.py:538} INFO - Filling up the DagBag from /home/airflow/.local/lib/python3.7/site-packages/airflow/example_dags/example_branch_day_of_week_operator.py
[2023-05-21T15:00:20.114+0000] {processor.py:753} INFO - DAG(s) dict_keys(['example_weekday_branch_operator']) retrieved from /home/airflow/.local/lib/python3.7/site-packages/airflow/example_dags/example_branch_day_of_week_operator.py
[2023-05-21T15:00:20.146+0000] {logging_mixin.py:137} INFO - [2023-05-21T15:00:20.146+0000] {dag.py:2690} INFO - Sync 1 DAGs
[2023-05-21T15:00:20.185+0000] {logging_mixin.py:137} INFO - [2023-05-21T15:00:20.185+0000] {dag.py:3441} INFO - Setting next_dagrun for example_weekday_branch_operator to 2023-05-20T00:00:00+00:00, run_after=2023-05-21T00:00:00+00:00
[2023-05-21T15:00:20.205+0000] {processor.py:175} INFO - Processing /home/airflow/.local/lib/python3.7/site-packages/airflow/example_dags/example_branch_day_of_week_operator.py took 0.110 seconds
[2023-05-21T15:00:50.270+0000] {processor.py:153} INFO - Started process (PID=326) to work on /home/airflow/.local/lib/python3.7/site-packages/airflow/example_dags/example_branch_day_of_week_operator.py
[2023-05-21T15:00:50.271+0000] {processor.py:743} INFO - Processing file /home/airflow/.local/lib/python3.7/site-packages/airflow/example_dags/example_branch_day_of_week_operator.py for tasks to queue
[2023-05-21T15:00:50.271+0000] {logging_mixin.py:137} INFO - [2023-05-21T15:00:50.271+0000] {dagbag.py:538} INFO - Filling up the DagBag from /home/airflow/.local/lib/python3.7/site-packages/airflow/example_dags/example_branch_day_of_week_operator.py
[2023-05-21T15:00:50.286+0000] {processor.py:753} INFO - DAG(s) dict_keys(['example_weekday_branch_operator']) retrieved from /home/airflow/.local/lib/python3.7/site-packages/airflow/example_dags/example_branch_day_of_week_operator.py
[2023-05-21T15:00:50.311+0000] {logging_mixin.py:137} INFO - [2023-05-21T15:00:50.310+0000] {dag.py:2690} INFO - Sync 1 DAGs
[2023-05-21T15:00:50.337+0000] {logging_mixin.py:137} INFO - [2023-05-21T15:00:50.337+0000] {dag.py:3441} INFO - Setting next_dagrun for example_weekday_branch_operator to 2023-05-20T00:00:00+00:00, run_after=2023-05-21T00:00:00+00:00
[2023-05-21T15:00:50.361+0000] {processor.py:175} INFO - Processing /home/airflow/.local/lib/python3.7/site-packages/airflow/example_dags/example_branch_day_of_week_operator.py took 0.094 seconds
[2023-05-21T15:01:20.527+0000] {processor.py:153} INFO - Started process (PID=402) to work on /home/airflow/.local/lib/python3.7/site-packages/airflow/example_dags/example_branch_day_of_week_operator.py
[2023-05-21T15:01:20.528+0000] {processor.py:743} INFO - Processing file /home/airflow/.local/lib/python3.7/site-packages/airflow/example_dags/example_branch_day_of_week_operator.py for tasks to queue
[2023-05-21T15:01:20.528+0000] {logging_mixin.py:137} INFO - [2023-05-21T15:01:20.528+0000] {dagbag.py:538} INFO - Filling up the DagBag from /home/airflow/.local/lib/python3.7/site-packages/airflow/example_dags/example_branch_day_of_week_operator.py
[2023-05-21T15:01:20.543+0000] {processor.py:753} INFO - DAG(s) dict_keys(['example_weekday_branch_operator']) retrieved from /home/airflow/.local/lib/python3.7/site-packages/airflow/example_dags/example_branch_day_of_week_operator.py
[2023-05-21T15:01:20.573+0000] {logging_mixin.py:137} INFO - [2023-05-21T15:01:20.573+0000] {dag.py:2690} INFO - Sync 1 DAGs
[2023-05-21T15:01:20.608+0000] {logging_mixin.py:137} INFO - [2023-05-21T15:01:20.608+0000] {dag.py:3441} INFO - Setting next_dagrun for example_weekday_branch_operator to 2023-05-20T00:00:00+00:00, run_after=2023-05-21T00:00:00+00:00
[2023-05-21T15:01:20.628+0000] {processor.py:175} INFO - Processing /home/airflow/.local/lib/python3.7/site-packages/airflow/example_dags/example_branch_day_of_week_operator.py took 0.104 seconds
[2023-05-21T15:01:50.668+0000] {processor.py:153} INFO - Started process (PID=467) to work on /home/airflow/.local/lib/python3.7/site-packages/airflow/example_dags/example_branch_day_of_week_operator.py
[2023-05-21T15:01:50.669+0000] {processor.py:743} INFO - Processing file /home/airflow/.local/lib/python3.7/site-packages/airflow/example_dags/example_branch_day_of_week_operator.py for tasks to queue
[2023-05-21T15:01:50.670+0000] {logging_mixin.py:137} INFO - [2023-05-21T15:01:50.669+0000] {dagbag.py:538} INFO - Filling up the DagBag from /home/airflow/.local/lib/python3.7/site-packages/airflow/example_dags/example_branch_day_of_week_operator.py
[2023-05-21T15:01:50.686+0000] {processor.py:753} INFO - DAG(s) dict_keys(['example_weekday_branch_operator']) retrieved from /home/airflow/.local/lib/python3.7/site-packages/airflow/example_dags/example_branch_day_of_week_operator.py
[2023-05-21T15:01:50.712+0000] {logging_mixin.py:137} INFO - [2023-05-21T15:01:50.712+0000] {dag.py:2690} INFO - Sync 1 DAGs
[2023-05-21T15:01:50.737+0000] {logging_mixin.py:137} INFO - [2023-05-21T15:01:50.737+0000] {dag.py:3441} INFO - Setting next_dagrun for example_weekday_branch_operator to 2023-05-20T00:00:00+00:00, run_after=2023-05-21T00:00:00+00:00
[2023-05-21T15:01:50.756+0000] {processor.py:175} INFO - Processing /home/airflow/.local/lib/python3.7/site-packages/airflow/example_dags/example_branch_day_of_week_operator.py took 0.091 seconds
[2023-05-21T15:02:21.449+0000] {processor.py:153} INFO - Started process (PID=533) to work on /home/airflow/.local/lib/python3.7/site-packages/airflow/example_dags/example_branch_day_of_week_operator.py
[2023-05-21T15:02:21.450+0000] {processor.py:743} INFO - Processing file /home/airflow/.local/lib/python3.7/site-packages/airflow/example_dags/example_branch_day_of_week_operator.py for tasks to queue
[2023-05-21T15:02:21.451+0000] {logging_mixin.py:137} INFO - [2023-05-21T15:02:21.451+0000] {dagbag.py:538} INFO - Filling up the DagBag from /home/airflow/.local/lib/python3.7/site-packages/airflow/example_dags/example_branch_day_of_week_operator.py
[2023-05-21T15:02:21.491+0000] {processor.py:753} INFO - DAG(s) dict_keys(['example_weekday_branch_operator']) retrieved from /home/airflow/.local/lib/python3.7/site-packages/airflow/example_dags/example_branch_day_of_week_operator.py
[2023-05-21T15:02:21.549+0000] {logging_mixin.py:137} INFO - [2023-05-21T15:02:21.548+0000] {dag.py:2690} INFO - Sync 1 DAGs
[2023-05-21T15:02:21.592+0000] {logging_mixin.py:137} INFO - [2023-05-21T15:02:21.592+0000] {dag.py:3441} INFO - Setting next_dagrun for example_weekday_branch_operator to 2023-05-20T00:00:00+00:00, run_after=2023-05-21T00:00:00+00:00
[2023-05-21T15:02:21.622+0000] {processor.py:175} INFO - Processing /home/airflow/.local/lib/python3.7/site-packages/airflow/example_dags/example_branch_day_of_week_operator.py took 0.177 seconds
[2023-05-21T15:02:51.774+0000] {processor.py:153} INFO - Started process (PID=612) to work on /home/airflow/.local/lib/python3.7/site-packages/airflow/example_dags/example_branch_day_of_week_operator.py
[2023-05-21T15:02:51.774+0000] {processor.py:743} INFO - Processing file /home/airflow/.local/lib/python3.7/site-packages/airflow/example_dags/example_branch_day_of_week_operator.py for tasks to queue
[2023-05-21T15:02:51.775+0000] {logging_mixin.py:137} INFO - [2023-05-21T15:02:51.775+0000] {dagbag.py:538} INFO - Filling up the DagBag from /home/airflow/.local/lib/python3.7/site-packages/airflow/example_dags/example_branch_day_of_week_operator.py
[2023-05-21T15:02:51.791+0000] {processor.py:753} INFO - DAG(s) dict_keys(['example_weekday_branch_operator']) retrieved from /home/airflow/.local/lib/python3.7/site-packages/airflow/example_dags/example_branch_day_of_week_operator.py
[2023-05-21T15:02:51.816+0000] {logging_mixin.py:137} INFO - [2023-05-21T15:02:51.816+0000] {dag.py:2690} INFO - Sync 1 DAGs
[2023-05-21T15:02:51.845+0000] {logging_mixin.py:137} INFO - [2023-05-21T15:02:51.845+0000] {dag.py:3441} INFO - Setting next_dagrun for example_weekday_branch_operator to 2023-05-20T00:00:00+00:00, run_after=2023-05-21T00:00:00+00:00
[2023-05-21T15:02:51.868+0000] {processor.py:175} INFO - Processing /home/airflow/.local/lib/python3.7/site-packages/airflow/example_dags/example_branch_day_of_week_operator.py took 0.097 seconds
[2023-05-21T15:03:22.328+0000] {processor.py:153} INFO - Started process (PID=677) to work on /home/airflow/.local/lib/python3.7/site-packages/airflow/example_dags/example_branch_day_of_week_operator.py
[2023-05-21T15:03:22.328+0000] {processor.py:743} INFO - Processing file /home/airflow/.local/lib/python3.7/site-packages/airflow/example_dags/example_branch_day_of_week_operator.py for tasks to queue
[2023-05-21T15:03:22.329+0000] {logging_mixin.py:137} INFO - [2023-05-21T15:03:22.329+0000] {dagbag.py:538} INFO - Filling up the DagBag from /home/airflow/.local/lib/python3.7/site-packages/airflow/example_dags/example_branch_day_of_week_operator.py
[2023-05-21T15:03:22.347+0000] {processor.py:753} INFO - DAG(s) dict_keys(['example_weekday_branch_operator']) retrieved from /home/airflow/.local/lib/python3.7/site-packages/airflow/example_dags/example_branch_day_of_week_operator.py
[2023-05-21T15:03:22.378+0000] {logging_mixin.py:137} INFO - [2023-05-21T15:03:22.378+0000] {dag.py:2690} INFO - Sync 1 DAGs
[2023-05-21T15:03:22.416+0000] {logging_mixin.py:137} INFO - [2023-05-21T15:03:22.416+0000] {dag.py:3441} INFO - Setting next_dagrun for example_weekday_branch_operator to 2023-05-20T00:00:00+00:00, run_after=2023-05-21T00:00:00+00:00
[2023-05-21T15:03:22.443+0000] {processor.py:175} INFO - Processing /home/airflow/.local/lib/python3.7/site-packages/airflow/example_dags/example_branch_day_of_week_operator.py took 0.119 seconds
[2023-05-21T15:03:52.897+0000] {processor.py:153} INFO - Started process (PID=753) to work on /home/airflow/.local/lib/python3.7/site-packages/airflow/example_dags/example_branch_day_of_week_operator.py
[2023-05-21T15:03:52.898+0000] {processor.py:743} INFO - Processing file /home/airflow/.local/lib/python3.7/site-packages/airflow/example_dags/example_branch_day_of_week_operator.py for tasks to queue
[2023-05-21T15:03:52.899+0000] {logging_mixin.py:137} INFO - [2023-05-21T15:03:52.898+0000] {dagbag.py:538} INFO - Filling up the DagBag from /home/airflow/.local/lib/python3.7/site-packages/airflow/example_dags/example_branch_day_of_week_operator.py
[2023-05-21T15:03:52.925+0000] {processor.py:753} INFO - DAG(s) dict_keys(['example_weekday_branch_operator']) retrieved from /home/airflow/.local/lib/python3.7/site-packages/airflow/example_dags/example_branch_day_of_week_operator.py
[2023-05-21T15:03:52.963+0000] {logging_mixin.py:137} INFO - [2023-05-21T15:03:52.963+0000] {dag.py:2690} INFO - Sync 1 DAGs
[2023-05-21T15:03:53.015+0000] {logging_mixin.py:137} INFO - [2023-05-21T15:03:53.015+0000] {dag.py:3441} INFO - Setting next_dagrun for example_weekday_branch_operator to 2023-05-20T00:00:00+00:00, run_after=2023-05-21T00:00:00+00:00
[2023-05-21T15:03:53.038+0000] {processor.py:175} INFO - Processing /home/airflow/.local/lib/python3.7/site-packages/airflow/example_dags/example_branch_day_of_week_operator.py took 0.151 seconds
[2023-05-21T15:04:25.643+0000] {processor.py:153} INFO - Started process (PID=817) to work on /home/airflow/.local/lib/python3.7/site-packages/airflow/example_dags/example_branch_day_of_week_operator.py
[2023-05-21T15:04:25.644+0000] {processor.py:743} INFO - Processing file /home/airflow/.local/lib/python3.7/site-packages/airflow/example_dags/example_branch_day_of_week_operator.py for tasks to queue
[2023-05-21T15:04:25.647+0000] {logging_mixin.py:137} INFO - [2023-05-21T15:04:25.646+0000] {dagbag.py:538} INFO - Filling up the DagBag from /home/airflow/.local/lib/python3.7/site-packages/airflow/example_dags/example_branch_day_of_week_operator.py
[2023-05-21T15:04:25.692+0000] {processor.py:753} INFO - DAG(s) dict_keys(['example_weekday_branch_operator']) retrieved from /home/airflow/.local/lib/python3.7/site-packages/airflow/example_dags/example_branch_day_of_week_operator.py
[2023-05-21T15:04:25.764+0000] {logging_mixin.py:137} INFO - [2023-05-21T15:04:25.764+0000] {dag.py:2690} INFO - Sync 1 DAGs
[2023-05-21T15:04:25.838+0000] {logging_mixin.py:137} INFO - [2023-05-21T15:04:25.838+0000] {dag.py:3441} INFO - Setting next_dagrun for example_weekday_branch_operator to 2023-05-20T00:00:00+00:00, run_after=2023-05-21T00:00:00+00:00
[2023-05-21T15:04:25.895+0000] {processor.py:175} INFO - Processing /home/airflow/.local/lib/python3.7/site-packages/airflow/example_dags/example_branch_day_of_week_operator.py took 0.257 seconds
[2023-05-21T15:04:57.209+0000] {processor.py:153} INFO - Started process (PID=883) to work on /home/airflow/.local/lib/python3.7/site-packages/airflow/example_dags/example_branch_day_of_week_operator.py
[2023-05-21T15:04:57.210+0000] {processor.py:743} INFO - Processing file /home/airflow/.local/lib/python3.7/site-packages/airflow/example_dags/example_branch_day_of_week_operator.py for tasks to queue
[2023-05-21T15:04:57.215+0000] {logging_mixin.py:137} INFO - [2023-05-21T15:04:57.215+0000] {dagbag.py:538} INFO - Filling up the DagBag from /home/airflow/.local/lib/python3.7/site-packages/airflow/example_dags/example_branch_day_of_week_operator.py
[2023-05-21T15:04:57.270+0000] {processor.py:753} INFO - DAG(s) dict_keys(['example_weekday_branch_operator']) retrieved from /home/airflow/.local/lib/python3.7/site-packages/airflow/example_dags/example_branch_day_of_week_operator.py
[2023-05-21T15:04:57.325+0000] {logging_mixin.py:137} INFO - [2023-05-21T15:04:57.325+0000] {dag.py:2690} INFO - Sync 1 DAGs
[2023-05-21T15:04:57.374+0000] {logging_mixin.py:137} INFO - [2023-05-21T15:04:57.374+0000] {dag.py:3441} INFO - Setting next_dagrun for example_weekday_branch_operator to 2023-05-20T00:00:00+00:00, run_after=2023-05-21T00:00:00+00:00
[2023-05-21T15:04:57.408+0000] {processor.py:175} INFO - Processing /home/airflow/.local/lib/python3.7/site-packages/airflow/example_dags/example_branch_day_of_week_operator.py took 0.229 seconds
