[2023-05-21T14:45:22.582+0000] {processor.py:156} INFO - Started process (PID=274) to work on /home/airflow/.local/lib/python3.7/site-packages/airflow/example_dags/example_branch_datetime_operator.py
[2023-05-21T14:45:22.583+0000] {processor.py:758} INFO - Processing file /home/airflow/.local/lib/python3.7/site-packages/airflow/example_dags/example_branch_datetime_operator.py for tasks to queue
[2023-05-21T14:45:22.584+0000] {logging_mixin.py:117} INFO - [2023-05-21T14:45:22.584+0000] {dagbag.py:525} INFO - Filling up the DagBag from /home/airflow/.local/lib/python3.7/site-packages/airflow/example_dags/example_branch_datetime_operator.py
[2023-05-21T14:45:22.615+0000] {processor.py:768} INFO - DAG(s) dict_keys(['example_branch_datetime_operator_2', 'example_branch_datetime_operator_3', 'example_branch_datetime_operator']) retrieved from /home/airflow/.local/lib/python3.7/site-packages/airflow/example_dags/example_branch_datetime_operator.py
[2023-05-21T14:45:22.656+0000] {logging_mixin.py:117} INFO - [2023-05-21T14:45:22.656+0000] {dag.py:2573} INFO - Sync 3 DAGs
[2023-05-21T14:45:22.700+0000] {logging_mixin.py:117} INFO - [2023-05-21T14:45:22.699+0000] {dag.py:3328} INFO - Setting next_dagrun for example_branch_datetime_operator to 2023-05-20T00:00:00+00:00, run_after=2023-05-21T00:00:00+00:00
[2023-05-21T14:45:22.707+0000] {logging_mixin.py:117} INFO - [2023-05-21T14:45:22.707+0000] {dag.py:3328} INFO - Setting next_dagrun for example_branch_datetime_operator_2 to 2023-05-20T00:00:00+00:00, run_after=2023-05-21T00:00:00+00:00
[2023-05-21T14:45:22.712+0000] {logging_mixin.py:117} INFO - [2023-05-21T14:45:22.711+0000] {dag.py:3328} INFO - Setting next_dagrun for example_branch_datetime_operator_3 to 2023-05-20T00:00:00+00:00, run_after=2023-05-21T00:00:00+00:00
[2023-05-21T14:45:22.738+0000] {processor.py:178} INFO - Processing /home/airflow/.local/lib/python3.7/site-packages/airflow/example_dags/example_branch_datetime_operator.py took 0.160 seconds
[2023-05-21T14:45:53.599+0000] {processor.py:156} INFO - Started process (PID=480) to work on /home/airflow/.local/lib/python3.7/site-packages/airflow/example_dags/example_branch_datetime_operator.py
[2023-05-21T14:45:53.601+0000] {processor.py:758} INFO - Processing file /home/airflow/.local/lib/python3.7/site-packages/airflow/example_dags/example_branch_datetime_operator.py for tasks to queue
[2023-05-21T14:45:53.602+0000] {logging_mixin.py:117} INFO - [2023-05-21T14:45:53.601+0000] {dagbag.py:525} INFO - Filling up the DagBag from /home/airflow/.local/lib/python3.7/site-packages/airflow/example_dags/example_branch_datetime_operator.py
[2023-05-21T14:45:53.638+0000] {processor.py:768} INFO - DAG(s) dict_keys(['example_branch_datetime_operator_3', 'example_branch_datetime_operator', 'example_branch_datetime_operator_2']) retrieved from /home/airflow/.local/lib/python3.7/site-packages/airflow/example_dags/example_branch_datetime_operator.py
[2023-05-21T14:45:53.738+0000] {logging_mixin.py:117} INFO - [2023-05-21T14:45:53.738+0000] {dag.py:2573} INFO - Sync 3 DAGs
[2023-05-21T14:45:53.781+0000] {logging_mixin.py:117} INFO - [2023-05-21T14:45:53.781+0000] {dag.py:3328} INFO - Setting next_dagrun for example_branch_datetime_operator to 2023-05-20T00:00:00+00:00, run_after=2023-05-21T00:00:00+00:00
[2023-05-21T14:45:53.791+0000] {logging_mixin.py:117} INFO - [2023-05-21T14:45:53.791+0000] {dag.py:3328} INFO - Setting next_dagrun for example_branch_datetime_operator_2 to 2023-05-20T00:00:00+00:00, run_after=2023-05-21T00:00:00+00:00
[2023-05-21T14:45:53.794+0000] {logging_mixin.py:117} INFO - [2023-05-21T14:45:53.794+0000] {dag.py:3328} INFO - Setting next_dagrun for example_branch_datetime_operator_3 to 2023-05-20T00:00:00+00:00, run_after=2023-05-21T00:00:00+00:00
[2023-05-21T14:45:53.830+0000] {processor.py:178} INFO - Processing /home/airflow/.local/lib/python3.7/site-packages/airflow/example_dags/example_branch_datetime_operator.py took 0.236 seconds
[2023-05-21T14:46:25.032+0000] {processor.py:156} INFO - Started process (PID=692) to work on /home/airflow/.local/lib/python3.7/site-packages/airflow/example_dags/example_branch_datetime_operator.py
[2023-05-21T14:46:25.032+0000] {processor.py:758} INFO - Processing file /home/airflow/.local/lib/python3.7/site-packages/airflow/example_dags/example_branch_datetime_operator.py for tasks to queue
[2023-05-21T14:46:25.033+0000] {logging_mixin.py:117} INFO - [2023-05-21T14:46:25.033+0000] {dagbag.py:525} INFO - Filling up the DagBag from /home/airflow/.local/lib/python3.7/site-packages/airflow/example_dags/example_branch_datetime_operator.py
[2023-05-21T14:46:25.051+0000] {processor.py:768} INFO - DAG(s) dict_keys(['example_branch_datetime_operator_3', 'example_branch_datetime_operator', 'example_branch_datetime_operator_2']) retrieved from /home/airflow/.local/lib/python3.7/site-packages/airflow/example_dags/example_branch_datetime_operator.py
[2023-05-21T14:46:25.097+0000] {logging_mixin.py:117} INFO - [2023-05-21T14:46:25.097+0000] {dag.py:2573} INFO - Sync 3 DAGs
[2023-05-21T14:46:25.335+0000] {logging_mixin.py:117} INFO - [2023-05-21T14:46:25.334+0000] {dag.py:3328} INFO - Setting next_dagrun for example_branch_datetime_operator to 2023-05-20T00:00:00+00:00, run_after=2023-05-21T00:00:00+00:00
[2023-05-21T14:46:25.349+0000] {logging_mixin.py:117} INFO - [2023-05-21T14:46:25.348+0000] {dag.py:3328} INFO - Setting next_dagrun for example_branch_datetime_operator_2 to 2023-05-20T00:00:00+00:00, run_after=2023-05-21T00:00:00+00:00
[2023-05-21T14:46:25.356+0000] {logging_mixin.py:117} INFO - [2023-05-21T14:46:25.355+0000] {dag.py:3328} INFO - Setting next_dagrun for example_branch_datetime_operator_3 to 2023-05-20T00:00:00+00:00, run_after=2023-05-21T00:00:00+00:00
[2023-05-21T14:46:25.418+0000] {processor.py:178} INFO - Processing /home/airflow/.local/lib/python3.7/site-packages/airflow/example_dags/example_branch_datetime_operator.py took 0.391 seconds
[2023-05-21T14:46:56.070+0000] {processor.py:156} INFO - Started process (PID=908) to work on /home/airflow/.local/lib/python3.7/site-packages/airflow/example_dags/example_branch_datetime_operator.py
[2023-05-21T14:46:56.071+0000] {processor.py:758} INFO - Processing file /home/airflow/.local/lib/python3.7/site-packages/airflow/example_dags/example_branch_datetime_operator.py for tasks to queue
[2023-05-21T14:46:56.071+0000] {logging_mixin.py:117} INFO - [2023-05-21T14:46:56.071+0000] {dagbag.py:525} INFO - Filling up the DagBag from /home/airflow/.local/lib/python3.7/site-packages/airflow/example_dags/example_branch_datetime_operator.py
[2023-05-21T14:46:56.088+0000] {processor.py:768} INFO - DAG(s) dict_keys(['example_branch_datetime_operator', 'example_branch_datetime_operator_2', 'example_branch_datetime_operator_3']) retrieved from /home/airflow/.local/lib/python3.7/site-packages/airflow/example_dags/example_branch_datetime_operator.py
[2023-05-21T14:46:56.234+0000] {logging_mixin.py:117} INFO - [2023-05-21T14:46:56.234+0000] {dag.py:2573} INFO - Sync 3 DAGs
[2023-05-21T14:46:56.259+0000] {logging_mixin.py:117} INFO - [2023-05-21T14:46:56.259+0000] {dag.py:3328} INFO - Setting next_dagrun for example_branch_datetime_operator to 2023-05-20T00:00:00+00:00, run_after=2023-05-21T00:00:00+00:00
[2023-05-21T14:46:56.263+0000] {logging_mixin.py:117} INFO - [2023-05-21T14:46:56.263+0000] {dag.py:3328} INFO - Setting next_dagrun for example_branch_datetime_operator_2 to 2023-05-20T00:00:00+00:00, run_after=2023-05-21T00:00:00+00:00
[2023-05-21T14:46:56.265+0000] {logging_mixin.py:117} INFO - [2023-05-21T14:46:56.265+0000] {dag.py:3328} INFO - Setting next_dagrun for example_branch_datetime_operator_3 to 2023-05-20T00:00:00+00:00, run_after=2023-05-21T00:00:00+00:00
[2023-05-21T14:46:56.282+0000] {processor.py:178} INFO - Processing /home/airflow/.local/lib/python3.7/site-packages/airflow/example_dags/example_branch_datetime_operator.py took 0.214 seconds
[2023-05-21T14:47:26.601+0000] {processor.py:156} INFO - Started process (PID=1111) to work on /home/airflow/.local/lib/python3.7/site-packages/airflow/example_dags/example_branch_datetime_operator.py
[2023-05-21T14:47:26.603+0000] {processor.py:758} INFO - Processing file /home/airflow/.local/lib/python3.7/site-packages/airflow/example_dags/example_branch_datetime_operator.py for tasks to queue
[2023-05-21T14:47:26.604+0000] {logging_mixin.py:117} INFO - [2023-05-21T14:47:26.604+0000] {dagbag.py:525} INFO - Filling up the DagBag from /home/airflow/.local/lib/python3.7/site-packages/airflow/example_dags/example_branch_datetime_operator.py
[2023-05-21T14:47:26.633+0000] {processor.py:768} INFO - DAG(s) dict_keys(['example_branch_datetime_operator_3', 'example_branch_datetime_operator_2', 'example_branch_datetime_operator']) retrieved from /home/airflow/.local/lib/python3.7/site-packages/airflow/example_dags/example_branch_datetime_operator.py
[2023-05-21T14:47:26.893+0000] {logging_mixin.py:117} INFO - [2023-05-21T14:47:26.892+0000] {dag.py:2573} INFO - Sync 3 DAGs
[2023-05-21T14:47:26.940+0000] {logging_mixin.py:117} INFO - [2023-05-21T14:47:26.940+0000] {dag.py:3328} INFO - Setting next_dagrun for example_branch_datetime_operator to 2023-05-20T00:00:00+00:00, run_after=2023-05-21T00:00:00+00:00
[2023-05-21T14:47:26.950+0000] {logging_mixin.py:117} INFO - [2023-05-21T14:47:26.949+0000] {dag.py:3328} INFO - Setting next_dagrun for example_branch_datetime_operator_2 to 2023-05-20T00:00:00+00:00, run_after=2023-05-21T00:00:00+00:00
[2023-05-21T14:47:26.957+0000] {logging_mixin.py:117} INFO - [2023-05-21T14:47:26.957+0000] {dag.py:3328} INFO - Setting next_dagrun for example_branch_datetime_operator_3 to 2023-05-20T00:00:00+00:00, run_after=2023-05-21T00:00:00+00:00
[2023-05-21T14:47:26.994+0000] {processor.py:178} INFO - Processing /home/airflow/.local/lib/python3.7/site-packages/airflow/example_dags/example_branch_datetime_operator.py took 0.398 seconds
[2023-05-21T14:47:57.325+0000] {processor.py:156} INFO - Started process (PID=1324) to work on /home/airflow/.local/lib/python3.7/site-packages/airflow/example_dags/example_branch_datetime_operator.py
[2023-05-21T14:47:57.326+0000] {processor.py:758} INFO - Processing file /home/airflow/.local/lib/python3.7/site-packages/airflow/example_dags/example_branch_datetime_operator.py for tasks to queue
[2023-05-21T14:47:57.327+0000] {logging_mixin.py:117} INFO - [2023-05-21T14:47:57.327+0000] {dagbag.py:525} INFO - Filling up the DagBag from /home/airflow/.local/lib/python3.7/site-packages/airflow/example_dags/example_branch_datetime_operator.py
[2023-05-21T14:47:57.359+0000] {processor.py:768} INFO - DAG(s) dict_keys(['example_branch_datetime_operator_2', 'example_branch_datetime_operator_3', 'example_branch_datetime_operator']) retrieved from /home/airflow/.local/lib/python3.7/site-packages/airflow/example_dags/example_branch_datetime_operator.py
[2023-05-21T14:47:57.429+0000] {logging_mixin.py:117} INFO - [2023-05-21T14:47:57.429+0000] {dag.py:2573} INFO - Sync 3 DAGs
[2023-05-21T14:47:57.473+0000] {logging_mixin.py:117} INFO - [2023-05-21T14:47:57.472+0000] {dag.py:3328} INFO - Setting next_dagrun for example_branch_datetime_operator to 2023-05-20T00:00:00+00:00, run_after=2023-05-21T00:00:00+00:00
[2023-05-21T14:47:57.480+0000] {logging_mixin.py:117} INFO - [2023-05-21T14:47:57.480+0000] {dag.py:3328} INFO - Setting next_dagrun for example_branch_datetime_operator_2 to 2023-05-20T00:00:00+00:00, run_after=2023-05-21T00:00:00+00:00
[2023-05-21T14:47:57.485+0000] {logging_mixin.py:117} INFO - [2023-05-21T14:47:57.485+0000] {dag.py:3328} INFO - Setting next_dagrun for example_branch_datetime_operator_3 to 2023-05-20T00:00:00+00:00, run_after=2023-05-21T00:00:00+00:00
[2023-05-21T14:47:57.510+0000] {processor.py:178} INFO - Processing /home/airflow/.local/lib/python3.7/site-packages/airflow/example_dags/example_branch_datetime_operator.py took 0.189 seconds
[2023-05-21T14:50:29.842+0000] {processor.py:156} INFO - Started process (PID=274) to work on /home/airflow/.local/lib/python3.7/site-packages/airflow/example_dags/example_branch_datetime_operator.py
[2023-05-21T14:50:29.843+0000] {processor.py:758} INFO - Processing file /home/airflow/.local/lib/python3.7/site-packages/airflow/example_dags/example_branch_datetime_operator.py for tasks to queue
[2023-05-21T14:50:29.843+0000] {logging_mixin.py:117} INFO - [2023-05-21T14:50:29.843+0000] {dagbag.py:525} INFO - Filling up the DagBag from /home/airflow/.local/lib/python3.7/site-packages/airflow/example_dags/example_branch_datetime_operator.py
[2023-05-21T14:50:29.872+0000] {processor.py:768} INFO - DAG(s) dict_keys(['example_branch_datetime_operator', 'example_branch_datetime_operator_3', 'example_branch_datetime_operator_2']) retrieved from /home/airflow/.local/lib/python3.7/site-packages/airflow/example_dags/example_branch_datetime_operator.py
[2023-05-21T14:50:29.917+0000] {logging_mixin.py:117} INFO - [2023-05-21T14:50:29.916+0000] {dag.py:2573} INFO - Sync 3 DAGs
[2023-05-21T14:50:29.955+0000] {logging_mixin.py:117} INFO - [2023-05-21T14:50:29.955+0000] {dag.py:3328} INFO - Setting next_dagrun for example_branch_datetime_operator to 2023-05-20T00:00:00+00:00, run_after=2023-05-21T00:00:00+00:00
[2023-05-21T14:50:29.962+0000] {logging_mixin.py:117} INFO - [2023-05-21T14:50:29.962+0000] {dag.py:3328} INFO - Setting next_dagrun for example_branch_datetime_operator_2 to 2023-05-20T00:00:00+00:00, run_after=2023-05-21T00:00:00+00:00
[2023-05-21T14:50:29.966+0000] {logging_mixin.py:117} INFO - [2023-05-21T14:50:29.965+0000] {dag.py:3328} INFO - Setting next_dagrun for example_branch_datetime_operator_3 to 2023-05-20T00:00:00+00:00, run_after=2023-05-21T00:00:00+00:00
[2023-05-21T14:50:29.991+0000] {processor.py:178} INFO - Processing /home/airflow/.local/lib/python3.7/site-packages/airflow/example_dags/example_branch_datetime_operator.py took 0.153 seconds
[2023-05-21T14:51:00.562+0000] {processor.py:156} INFO - Started process (PID=480) to work on /home/airflow/.local/lib/python3.7/site-packages/airflow/example_dags/example_branch_datetime_operator.py
[2023-05-21T14:51:00.563+0000] {processor.py:758} INFO - Processing file /home/airflow/.local/lib/python3.7/site-packages/airflow/example_dags/example_branch_datetime_operator.py for tasks to queue
[2023-05-21T14:51:00.564+0000] {logging_mixin.py:117} INFO - [2023-05-21T14:51:00.564+0000] {dagbag.py:525} INFO - Filling up the DagBag from /home/airflow/.local/lib/python3.7/site-packages/airflow/example_dags/example_branch_datetime_operator.py
[2023-05-21T14:51:00.593+0000] {processor.py:768} INFO - DAG(s) dict_keys(['example_branch_datetime_operator_3', 'example_branch_datetime_operator_2', 'example_branch_datetime_operator']) retrieved from /home/airflow/.local/lib/python3.7/site-packages/airflow/example_dags/example_branch_datetime_operator.py
[2023-05-21T14:51:00.647+0000] {logging_mixin.py:117} INFO - [2023-05-21T14:51:00.647+0000] {dag.py:2573} INFO - Sync 3 DAGs
[2023-05-21T14:51:00.684+0000] {logging_mixin.py:117} INFO - [2023-05-21T14:51:00.683+0000] {dag.py:3328} INFO - Setting next_dagrun for example_branch_datetime_operator to 2023-05-20T00:00:00+00:00, run_after=2023-05-21T00:00:00+00:00
[2023-05-21T14:51:00.688+0000] {logging_mixin.py:117} INFO - [2023-05-21T14:51:00.688+0000] {dag.py:3328} INFO - Setting next_dagrun for example_branch_datetime_operator_2 to 2023-05-20T00:00:00+00:00, run_after=2023-05-21T00:00:00+00:00
[2023-05-21T14:51:00.693+0000] {logging_mixin.py:117} INFO - [2023-05-21T14:51:00.693+0000] {dag.py:3328} INFO - Setting next_dagrun for example_branch_datetime_operator_3 to 2023-05-20T00:00:00+00:00, run_after=2023-05-21T00:00:00+00:00
[2023-05-21T14:51:00.722+0000] {processor.py:178} INFO - Processing /home/airflow/.local/lib/python3.7/site-packages/airflow/example_dags/example_branch_datetime_operator.py took 0.164 seconds
[2023-05-21T14:51:31.483+0000] {processor.py:156} INFO - Started process (PID=692) to work on /home/airflow/.local/lib/python3.7/site-packages/airflow/example_dags/example_branch_datetime_operator.py
[2023-05-21T14:51:31.484+0000] {processor.py:758} INFO - Processing file /home/airflow/.local/lib/python3.7/site-packages/airflow/example_dags/example_branch_datetime_operator.py for tasks to queue
[2023-05-21T14:51:31.485+0000] {logging_mixin.py:117} INFO - [2023-05-21T14:51:31.485+0000] {dagbag.py:525} INFO - Filling up the DagBag from /home/airflow/.local/lib/python3.7/site-packages/airflow/example_dags/example_branch_datetime_operator.py
[2023-05-21T14:51:31.514+0000] {processor.py:768} INFO - DAG(s) dict_keys(['example_branch_datetime_operator', 'example_branch_datetime_operator_3', 'example_branch_datetime_operator_2']) retrieved from /home/airflow/.local/lib/python3.7/site-packages/airflow/example_dags/example_branch_datetime_operator.py
[2023-05-21T14:51:31.569+0000] {logging_mixin.py:117} INFO - [2023-05-21T14:51:31.569+0000] {dag.py:2573} INFO - Sync 3 DAGs
[2023-05-21T14:51:31.721+0000] {logging_mixin.py:117} INFO - [2023-05-21T14:51:31.721+0000] {dag.py:3328} INFO - Setting next_dagrun for example_branch_datetime_operator to 2023-05-20T00:00:00+00:00, run_after=2023-05-21T00:00:00+00:00
[2023-05-21T14:51:31.730+0000] {logging_mixin.py:117} INFO - [2023-05-21T14:51:31.729+0000] {dag.py:3328} INFO - Setting next_dagrun for example_branch_datetime_operator_2 to 2023-05-20T00:00:00+00:00, run_after=2023-05-21T00:00:00+00:00
[2023-05-21T14:51:31.735+0000] {logging_mixin.py:117} INFO - [2023-05-21T14:51:31.735+0000] {dag.py:3328} INFO - Setting next_dagrun for example_branch_datetime_operator_3 to 2023-05-20T00:00:00+00:00, run_after=2023-05-21T00:00:00+00:00
[2023-05-21T14:51:31.756+0000] {processor.py:178} INFO - Processing /home/airflow/.local/lib/python3.7/site-packages/airflow/example_dags/example_branch_datetime_operator.py took 0.278 seconds
[2023-05-21T14:52:02.235+0000] {processor.py:156} INFO - Started process (PID=906) to work on /home/airflow/.local/lib/python3.7/site-packages/airflow/example_dags/example_branch_datetime_operator.py
[2023-05-21T14:52:02.237+0000] {processor.py:758} INFO - Processing file /home/airflow/.local/lib/python3.7/site-packages/airflow/example_dags/example_branch_datetime_operator.py for tasks to queue
[2023-05-21T14:52:02.239+0000] {logging_mixin.py:117} INFO - [2023-05-21T14:52:02.239+0000] {dagbag.py:525} INFO - Filling up the DagBag from /home/airflow/.local/lib/python3.7/site-packages/airflow/example_dags/example_branch_datetime_operator.py
[2023-05-21T14:52:02.282+0000] {processor.py:768} INFO - DAG(s) dict_keys(['example_branch_datetime_operator_3', 'example_branch_datetime_operator_2', 'example_branch_datetime_operator']) retrieved from /home/airflow/.local/lib/python3.7/site-packages/airflow/example_dags/example_branch_datetime_operator.py
[2023-05-21T14:52:02.554+0000] {logging_mixin.py:117} INFO - [2023-05-21T14:52:02.554+0000] {dag.py:2573} INFO - Sync 3 DAGs
[2023-05-21T14:52:02.599+0000] {logging_mixin.py:117} INFO - [2023-05-21T14:52:02.599+0000] {dag.py:3328} INFO - Setting next_dagrun for example_branch_datetime_operator to 2023-05-20T00:00:00+00:00, run_after=2023-05-21T00:00:00+00:00
[2023-05-21T14:52:02.608+0000] {logging_mixin.py:117} INFO - [2023-05-21T14:52:02.608+0000] {dag.py:3328} INFO - Setting next_dagrun for example_branch_datetime_operator_2 to 2023-05-20T00:00:00+00:00, run_after=2023-05-21T00:00:00+00:00
[2023-05-21T14:52:02.613+0000] {logging_mixin.py:117} INFO - [2023-05-21T14:52:02.613+0000] {dag.py:3328} INFO - Setting next_dagrun for example_branch_datetime_operator_3 to 2023-05-20T00:00:00+00:00, run_after=2023-05-21T00:00:00+00:00
[2023-05-21T14:52:02.637+0000] {processor.py:178} INFO - Processing /home/airflow/.local/lib/python3.7/site-packages/airflow/example_dags/example_branch_datetime_operator.py took 0.408 seconds
[2023-05-21T14:58:50.417+0000] {processor.py:153} INFO - Started process (PID=68) to work on /home/airflow/.local/lib/python3.7/site-packages/airflow/example_dags/example_branch_datetime_operator.py
[2023-05-21T14:58:50.418+0000] {processor.py:743} INFO - Processing file /home/airflow/.local/lib/python3.7/site-packages/airflow/example_dags/example_branch_datetime_operator.py for tasks to queue
[2023-05-21T14:58:50.419+0000] {logging_mixin.py:137} INFO - [2023-05-21T14:58:50.419+0000] {dagbag.py:538} INFO - Filling up the DagBag from /home/airflow/.local/lib/python3.7/site-packages/airflow/example_dags/example_branch_datetime_operator.py
[2023-05-21T14:58:50.451+0000] {processor.py:753} INFO - DAG(s) dict_keys(['example_branch_datetime_operator_2', 'example_branch_datetime_operator_3', 'example_branch_datetime_operator']) retrieved from /home/airflow/.local/lib/python3.7/site-packages/airflow/example_dags/example_branch_datetime_operator.py
[2023-05-21T14:58:50.485+0000] {logging_mixin.py:137} INFO - [2023-05-21T14:58:50.485+0000] {dag.py:2690} INFO - Sync 3 DAGs
[2023-05-21T14:58:50.515+0000] {logging_mixin.py:137} INFO - [2023-05-21T14:58:50.515+0000] {dag.py:3441} INFO - Setting next_dagrun for example_branch_datetime_operator to 2023-05-20T00:00:00+00:00, run_after=2023-05-21T00:00:00+00:00
[2023-05-21T14:58:50.526+0000] {logging_mixin.py:137} INFO - [2023-05-21T14:58:50.525+0000] {dag.py:3441} INFO - Setting next_dagrun for example_branch_datetime_operator_2 to 2023-05-20T00:00:00+00:00, run_after=2023-05-21T00:00:00+00:00
[2023-05-21T14:58:50.528+0000] {logging_mixin.py:137} INFO - [2023-05-21T14:58:50.528+0000] {dag.py:3441} INFO - Setting next_dagrun for example_branch_datetime_operator_3 to 2023-05-20T00:00:00+00:00, run_after=2023-05-21T00:00:00+00:00
[2023-05-21T14:58:50.547+0000] {processor.py:175} INFO - Processing /home/airflow/.local/lib/python3.7/site-packages/airflow/example_dags/example_branch_datetime_operator.py took 0.134 seconds
[2023-05-21T14:59:20.958+0000] {processor.py:153} INFO - Started process (PID=133) to work on /home/airflow/.local/lib/python3.7/site-packages/airflow/example_dags/example_branch_datetime_operator.py
[2023-05-21T14:59:20.959+0000] {processor.py:743} INFO - Processing file /home/airflow/.local/lib/python3.7/site-packages/airflow/example_dags/example_branch_datetime_operator.py for tasks to queue
[2023-05-21T14:59:20.959+0000] {logging_mixin.py:137} INFO - [2023-05-21T14:59:20.959+0000] {dagbag.py:538} INFO - Filling up the DagBag from /home/airflow/.local/lib/python3.7/site-packages/airflow/example_dags/example_branch_datetime_operator.py
[2023-05-21T14:59:20.977+0000] {processor.py:753} INFO - DAG(s) dict_keys(['example_branch_datetime_operator_3', 'example_branch_datetime_operator_2', 'example_branch_datetime_operator']) retrieved from /home/airflow/.local/lib/python3.7/site-packages/airflow/example_dags/example_branch_datetime_operator.py
[2023-05-21T14:59:21.016+0000] {logging_mixin.py:137} INFO - [2023-05-21T14:59:21.016+0000] {dag.py:2690} INFO - Sync 3 DAGs
[2023-05-21T14:59:21.060+0000] {logging_mixin.py:137} INFO - [2023-05-21T14:59:21.060+0000] {dag.py:3441} INFO - Setting next_dagrun for example_branch_datetime_operator to 2023-05-20T00:00:00+00:00, run_after=2023-05-21T00:00:00+00:00
[2023-05-21T14:59:21.068+0000] {logging_mixin.py:137} INFO - [2023-05-21T14:59:21.068+0000] {dag.py:3441} INFO - Setting next_dagrun for example_branch_datetime_operator_2 to 2023-05-20T00:00:00+00:00, run_after=2023-05-21T00:00:00+00:00
[2023-05-21T14:59:21.072+0000] {logging_mixin.py:137} INFO - [2023-05-21T14:59:21.072+0000] {dag.py:3441} INFO - Setting next_dagrun for example_branch_datetime_operator_3 to 2023-05-20T00:00:00+00:00, run_after=2023-05-21T00:00:00+00:00
[2023-05-21T14:59:21.096+0000] {processor.py:175} INFO - Processing /home/airflow/.local/lib/python3.7/site-packages/airflow/example_dags/example_branch_datetime_operator.py took 0.141 seconds
[2023-05-21T14:59:51.951+0000] {processor.py:153} INFO - Started process (PID=210) to work on /home/airflow/.local/lib/python3.7/site-packages/airflow/example_dags/example_branch_datetime_operator.py
[2023-05-21T14:59:51.951+0000] {processor.py:743} INFO - Processing file /home/airflow/.local/lib/python3.7/site-packages/airflow/example_dags/example_branch_datetime_operator.py for tasks to queue
[2023-05-21T14:59:51.952+0000] {logging_mixin.py:137} INFO - [2023-05-21T14:59:51.952+0000] {dagbag.py:538} INFO - Filling up the DagBag from /home/airflow/.local/lib/python3.7/site-packages/airflow/example_dags/example_branch_datetime_operator.py
[2023-05-21T14:59:51.971+0000] {processor.py:753} INFO - DAG(s) dict_keys(['example_branch_datetime_operator', 'example_branch_datetime_operator_3', 'example_branch_datetime_operator_2']) retrieved from /home/airflow/.local/lib/python3.7/site-packages/airflow/example_dags/example_branch_datetime_operator.py
[2023-05-21T14:59:52.011+0000] {logging_mixin.py:137} INFO - [2023-05-21T14:59:52.011+0000] {dag.py:2690} INFO - Sync 3 DAGs
[2023-05-21T14:59:52.044+0000] {logging_mixin.py:137} INFO - [2023-05-21T14:59:52.044+0000] {dag.py:3441} INFO - Setting next_dagrun for example_branch_datetime_operator to 2023-05-20T00:00:00+00:00, run_after=2023-05-21T00:00:00+00:00
[2023-05-21T14:59:52.050+0000] {logging_mixin.py:137} INFO - [2023-05-21T14:59:52.050+0000] {dag.py:3441} INFO - Setting next_dagrun for example_branch_datetime_operator_2 to 2023-05-20T00:00:00+00:00, run_after=2023-05-21T00:00:00+00:00
[2023-05-21T14:59:52.053+0000] {logging_mixin.py:137} INFO - [2023-05-21T14:59:52.053+0000] {dag.py:3441} INFO - Setting next_dagrun for example_branch_datetime_operator_3 to 2023-05-20T00:00:00+00:00, run_after=2023-05-21T00:00:00+00:00
[2023-05-21T14:59:52.073+0000] {processor.py:175} INFO - Processing /home/airflow/.local/lib/python3.7/site-packages/airflow/example_dags/example_branch_datetime_operator.py took 0.125 seconds
[2023-05-21T15:00:22.255+0000] {processor.py:153} INFO - Started process (PID=275) to work on /home/airflow/.local/lib/python3.7/site-packages/airflow/example_dags/example_branch_datetime_operator.py
[2023-05-21T15:00:22.256+0000] {processor.py:743} INFO - Processing file /home/airflow/.local/lib/python3.7/site-packages/airflow/example_dags/example_branch_datetime_operator.py for tasks to queue
[2023-05-21T15:00:22.256+0000] {logging_mixin.py:137} INFO - [2023-05-21T15:00:22.256+0000] {dagbag.py:538} INFO - Filling up the DagBag from /home/airflow/.local/lib/python3.7/site-packages/airflow/example_dags/example_branch_datetime_operator.py
[2023-05-21T15:00:22.281+0000] {processor.py:753} INFO - DAG(s) dict_keys(['example_branch_datetime_operator_3', 'example_branch_datetime_operator', 'example_branch_datetime_operator_2']) retrieved from /home/airflow/.local/lib/python3.7/site-packages/airflow/example_dags/example_branch_datetime_operator.py
[2023-05-21T15:00:22.316+0000] {logging_mixin.py:137} INFO - [2023-05-21T15:00:22.316+0000] {dag.py:2690} INFO - Sync 3 DAGs
[2023-05-21T15:00:22.346+0000] {logging_mixin.py:137} INFO - [2023-05-21T15:00:22.346+0000] {dag.py:3441} INFO - Setting next_dagrun for example_branch_datetime_operator to 2023-05-20T00:00:00+00:00, run_after=2023-05-21T00:00:00+00:00
[2023-05-21T15:00:22.351+0000] {logging_mixin.py:137} INFO - [2023-05-21T15:00:22.351+0000] {dag.py:3441} INFO - Setting next_dagrun for example_branch_datetime_operator_2 to 2023-05-20T00:00:00+00:00, run_after=2023-05-21T00:00:00+00:00
[2023-05-21T15:00:22.353+0000] {logging_mixin.py:137} INFO - [2023-05-21T15:00:22.353+0000] {dag.py:3441} INFO - Setting next_dagrun for example_branch_datetime_operator_3 to 2023-05-20T00:00:00+00:00, run_after=2023-05-21T00:00:00+00:00
[2023-05-21T15:00:22.371+0000] {processor.py:175} INFO - Processing /home/airflow/.local/lib/python3.7/site-packages/airflow/example_dags/example_branch_datetime_operator.py took 0.119 seconds
[2023-05-21T15:00:54.006+0000] {processor.py:153} INFO - Started process (PID=348) to work on /home/airflow/.local/lib/python3.7/site-packages/airflow/example_dags/example_branch_datetime_operator.py
[2023-05-21T15:00:54.007+0000] {processor.py:743} INFO - Processing file /home/airflow/.local/lib/python3.7/site-packages/airflow/example_dags/example_branch_datetime_operator.py for tasks to queue
[2023-05-21T15:00:54.008+0000] {logging_mixin.py:137} INFO - [2023-05-21T15:00:54.008+0000] {dagbag.py:538} INFO - Filling up the DagBag from /home/airflow/.local/lib/python3.7/site-packages/airflow/example_dags/example_branch_datetime_operator.py
[2023-05-21T15:00:54.035+0000] {processor.py:753} INFO - DAG(s) dict_keys(['example_branch_datetime_operator_2', 'example_branch_datetime_operator', 'example_branch_datetime_operator_3']) retrieved from /home/airflow/.local/lib/python3.7/site-packages/airflow/example_dags/example_branch_datetime_operator.py
[2023-05-21T15:00:54.082+0000] {logging_mixin.py:137} INFO - [2023-05-21T15:00:54.082+0000] {dag.py:2690} INFO - Sync 3 DAGs
[2023-05-21T15:00:54.130+0000] {logging_mixin.py:137} INFO - [2023-05-21T15:00:54.130+0000] {dag.py:3441} INFO - Setting next_dagrun for example_branch_datetime_operator to 2023-05-20T00:00:00+00:00, run_after=2023-05-21T00:00:00+00:00
[2023-05-21T15:00:54.138+0000] {logging_mixin.py:137} INFO - [2023-05-21T15:00:54.138+0000] {dag.py:3441} INFO - Setting next_dagrun for example_branch_datetime_operator_2 to 2023-05-20T00:00:00+00:00, run_after=2023-05-21T00:00:00+00:00
[2023-05-21T15:00:54.143+0000] {logging_mixin.py:137} INFO - [2023-05-21T15:00:54.143+0000] {dag.py:3441} INFO - Setting next_dagrun for example_branch_datetime_operator_3 to 2023-05-20T00:00:00+00:00, run_after=2023-05-21T00:00:00+00:00
[2023-05-21T15:00:54.170+0000] {processor.py:175} INFO - Processing /home/airflow/.local/lib/python3.7/site-packages/airflow/example_dags/example_branch_datetime_operator.py took 0.170 seconds
[2023-05-21T15:01:24.730+0000] {processor.py:153} INFO - Started process (PID=416) to work on /home/airflow/.local/lib/python3.7/site-packages/airflow/example_dags/example_branch_datetime_operator.py
[2023-05-21T15:01:24.730+0000] {processor.py:743} INFO - Processing file /home/airflow/.local/lib/python3.7/site-packages/airflow/example_dags/example_branch_datetime_operator.py for tasks to queue
[2023-05-21T15:01:24.731+0000] {logging_mixin.py:137} INFO - [2023-05-21T15:01:24.731+0000] {dagbag.py:538} INFO - Filling up the DagBag from /home/airflow/.local/lib/python3.7/site-packages/airflow/example_dags/example_branch_datetime_operator.py
[2023-05-21T15:01:24.747+0000] {processor.py:753} INFO - DAG(s) dict_keys(['example_branch_datetime_operator_2', 'example_branch_datetime_operator_3', 'example_branch_datetime_operator']) retrieved from /home/airflow/.local/lib/python3.7/site-packages/airflow/example_dags/example_branch_datetime_operator.py
[2023-05-21T15:01:24.777+0000] {logging_mixin.py:137} INFO - [2023-05-21T15:01:24.777+0000] {dag.py:2690} INFO - Sync 3 DAGs
[2023-05-21T15:01:24.810+0000] {logging_mixin.py:137} INFO - [2023-05-21T15:01:24.810+0000] {dag.py:3441} INFO - Setting next_dagrun for example_branch_datetime_operator to 2023-05-20T00:00:00+00:00, run_after=2023-05-21T00:00:00+00:00
[2023-05-21T15:01:24.819+0000] {logging_mixin.py:137} INFO - [2023-05-21T15:01:24.819+0000] {dag.py:3441} INFO - Setting next_dagrun for example_branch_datetime_operator_2 to 2023-05-20T00:00:00+00:00, run_after=2023-05-21T00:00:00+00:00
[2023-05-21T15:01:24.824+0000] {logging_mixin.py:137} INFO - [2023-05-21T15:01:24.824+0000] {dag.py:3441} INFO - Setting next_dagrun for example_branch_datetime_operator_3 to 2023-05-20T00:00:00+00:00, run_after=2023-05-21T00:00:00+00:00
[2023-05-21T15:01:24.864+0000] {processor.py:175} INFO - Processing /home/airflow/.local/lib/python3.7/site-packages/airflow/example_dags/example_branch_datetime_operator.py took 0.138 seconds
[2023-05-21T15:01:55.932+0000] {processor.py:153} INFO - Started process (PID=488) to work on /home/airflow/.local/lib/python3.7/site-packages/airflow/example_dags/example_branch_datetime_operator.py
[2023-05-21T15:01:55.933+0000] {processor.py:743} INFO - Processing file /home/airflow/.local/lib/python3.7/site-packages/airflow/example_dags/example_branch_datetime_operator.py for tasks to queue
[2023-05-21T15:01:55.934+0000] {logging_mixin.py:137} INFO - [2023-05-21T15:01:55.933+0000] {dagbag.py:538} INFO - Filling up the DagBag from /home/airflow/.local/lib/python3.7/site-packages/airflow/example_dags/example_branch_datetime_operator.py
[2023-05-21T15:01:55.959+0000] {processor.py:753} INFO - DAG(s) dict_keys(['example_branch_datetime_operator', 'example_branch_datetime_operator_3', 'example_branch_datetime_operator_2']) retrieved from /home/airflow/.local/lib/python3.7/site-packages/airflow/example_dags/example_branch_datetime_operator.py
[2023-05-21T15:01:56.018+0000] {logging_mixin.py:137} INFO - [2023-05-21T15:01:56.018+0000] {dag.py:2690} INFO - Sync 3 DAGs
[2023-05-21T15:01:56.063+0000] {logging_mixin.py:137} INFO - [2023-05-21T15:01:56.063+0000] {dag.py:3441} INFO - Setting next_dagrun for example_branch_datetime_operator to 2023-05-20T00:00:00+00:00, run_after=2023-05-21T00:00:00+00:00
[2023-05-21T15:01:56.070+0000] {logging_mixin.py:137} INFO - [2023-05-21T15:01:56.070+0000] {dag.py:3441} INFO - Setting next_dagrun for example_branch_datetime_operator_2 to 2023-05-20T00:00:00+00:00, run_after=2023-05-21T00:00:00+00:00
[2023-05-21T15:01:56.075+0000] {logging_mixin.py:137} INFO - [2023-05-21T15:01:56.074+0000] {dag.py:3441} INFO - Setting next_dagrun for example_branch_datetime_operator_3 to 2023-05-20T00:00:00+00:00, run_after=2023-05-21T00:00:00+00:00
[2023-05-21T15:01:56.100+0000] {processor.py:175} INFO - Processing /home/airflow/.local/lib/python3.7/site-packages/airflow/example_dags/example_branch_datetime_operator.py took 0.173 seconds
[2023-05-21T15:02:26.700+0000] {processor.py:153} INFO - Started process (PID=559) to work on /home/airflow/.local/lib/python3.7/site-packages/airflow/example_dags/example_branch_datetime_operator.py
[2023-05-21T15:02:26.701+0000] {processor.py:743} INFO - Processing file /home/airflow/.local/lib/python3.7/site-packages/airflow/example_dags/example_branch_datetime_operator.py for tasks to queue
[2023-05-21T15:02:26.701+0000] {logging_mixin.py:137} INFO - [2023-05-21T15:02:26.701+0000] {dagbag.py:538} INFO - Filling up the DagBag from /home/airflow/.local/lib/python3.7/site-packages/airflow/example_dags/example_branch_datetime_operator.py
[2023-05-21T15:02:26.717+0000] {processor.py:753} INFO - DAG(s) dict_keys(['example_branch_datetime_operator', 'example_branch_datetime_operator_3', 'example_branch_datetime_operator_2']) retrieved from /home/airflow/.local/lib/python3.7/site-packages/airflow/example_dags/example_branch_datetime_operator.py
[2023-05-21T15:02:26.752+0000] {logging_mixin.py:137} INFO - [2023-05-21T15:02:26.751+0000] {dag.py:2690} INFO - Sync 3 DAGs
[2023-05-21T15:02:26.784+0000] {logging_mixin.py:137} INFO - [2023-05-21T15:02:26.784+0000] {dag.py:3441} INFO - Setting next_dagrun for example_branch_datetime_operator to 2023-05-20T00:00:00+00:00, run_after=2023-05-21T00:00:00+00:00
[2023-05-21T15:02:26.788+0000] {logging_mixin.py:137} INFO - [2023-05-21T15:02:26.788+0000] {dag.py:3441} INFO - Setting next_dagrun for example_branch_datetime_operator_2 to 2023-05-20T00:00:00+00:00, run_after=2023-05-21T00:00:00+00:00
[2023-05-21T15:02:26.791+0000] {logging_mixin.py:137} INFO - [2023-05-21T15:02:26.791+0000] {dag.py:3441} INFO - Setting next_dagrun for example_branch_datetime_operator_3 to 2023-05-20T00:00:00+00:00, run_after=2023-05-21T00:00:00+00:00
[2023-05-21T15:02:26.813+0000] {processor.py:175} INFO - Processing /home/airflow/.local/lib/python3.7/site-packages/airflow/example_dags/example_branch_datetime_operator.py took 0.117 seconds
[2023-05-21T15:02:57.081+0000] {processor.py:153} INFO - Started process (PID=626) to work on /home/airflow/.local/lib/python3.7/site-packages/airflow/example_dags/example_branch_datetime_operator.py
[2023-05-21T15:02:57.082+0000] {processor.py:743} INFO - Processing file /home/airflow/.local/lib/python3.7/site-packages/airflow/example_dags/example_branch_datetime_operator.py for tasks to queue
[2023-05-21T15:02:57.083+0000] {logging_mixin.py:137} INFO - [2023-05-21T15:02:57.083+0000] {dagbag.py:538} INFO - Filling up the DagBag from /home/airflow/.local/lib/python3.7/site-packages/airflow/example_dags/example_branch_datetime_operator.py
[2023-05-21T15:02:57.105+0000] {processor.py:753} INFO - DAG(s) dict_keys(['example_branch_datetime_operator_2', 'example_branch_datetime_operator_3', 'example_branch_datetime_operator']) retrieved from /home/airflow/.local/lib/python3.7/site-packages/airflow/example_dags/example_branch_datetime_operator.py
[2023-05-21T15:02:57.139+0000] {logging_mixin.py:137} INFO - [2023-05-21T15:02:57.139+0000] {dag.py:2690} INFO - Sync 3 DAGs
[2023-05-21T15:02:57.168+0000] {logging_mixin.py:137} INFO - [2023-05-21T15:02:57.168+0000] {dag.py:3441} INFO - Setting next_dagrun for example_branch_datetime_operator to 2023-05-20T00:00:00+00:00, run_after=2023-05-21T00:00:00+00:00
[2023-05-21T15:02:57.173+0000] {logging_mixin.py:137} INFO - [2023-05-21T15:02:57.173+0000] {dag.py:3441} INFO - Setting next_dagrun for example_branch_datetime_operator_2 to 2023-05-20T00:00:00+00:00, run_after=2023-05-21T00:00:00+00:00
[2023-05-21T15:02:57.176+0000] {logging_mixin.py:137} INFO - [2023-05-21T15:02:57.176+0000] {dag.py:3441} INFO - Setting next_dagrun for example_branch_datetime_operator_3 to 2023-05-20T00:00:00+00:00, run_after=2023-05-21T00:00:00+00:00
[2023-05-21T15:02:57.193+0000] {processor.py:175} INFO - Processing /home/airflow/.local/lib/python3.7/site-packages/airflow/example_dags/example_branch_datetime_operator.py took 0.116 seconds
[2023-05-21T15:03:27.414+0000] {processor.py:153} INFO - Started process (PID=703) to work on /home/airflow/.local/lib/python3.7/site-packages/airflow/example_dags/example_branch_datetime_operator.py
[2023-05-21T15:03:27.414+0000] {processor.py:743} INFO - Processing file /home/airflow/.local/lib/python3.7/site-packages/airflow/example_dags/example_branch_datetime_operator.py for tasks to queue
[2023-05-21T15:03:27.415+0000] {logging_mixin.py:137} INFO - [2023-05-21T15:03:27.415+0000] {dagbag.py:538} INFO - Filling up the DagBag from /home/airflow/.local/lib/python3.7/site-packages/airflow/example_dags/example_branch_datetime_operator.py
[2023-05-21T15:03:27.431+0000] {processor.py:753} INFO - DAG(s) dict_keys(['example_branch_datetime_operator_2', 'example_branch_datetime_operator', 'example_branch_datetime_operator_3']) retrieved from /home/airflow/.local/lib/python3.7/site-packages/airflow/example_dags/example_branch_datetime_operator.py
[2023-05-21T15:03:27.462+0000] {logging_mixin.py:137} INFO - [2023-05-21T15:03:27.462+0000] {dag.py:2690} INFO - Sync 3 DAGs
[2023-05-21T15:03:27.489+0000] {logging_mixin.py:137} INFO - [2023-05-21T15:03:27.489+0000] {dag.py:3441} INFO - Setting next_dagrun for example_branch_datetime_operator to 2023-05-20T00:00:00+00:00, run_after=2023-05-21T00:00:00+00:00
[2023-05-21T15:03:27.494+0000] {logging_mixin.py:137} INFO - [2023-05-21T15:03:27.494+0000] {dag.py:3441} INFO - Setting next_dagrun for example_branch_datetime_operator_2 to 2023-05-20T00:00:00+00:00, run_after=2023-05-21T00:00:00+00:00
[2023-05-21T15:03:27.496+0000] {logging_mixin.py:137} INFO - [2023-05-21T15:03:27.496+0000] {dag.py:3441} INFO - Setting next_dagrun for example_branch_datetime_operator_3 to 2023-05-20T00:00:00+00:00, run_after=2023-05-21T00:00:00+00:00
[2023-05-21T15:03:27.515+0000] {processor.py:175} INFO - Processing /home/airflow/.local/lib/python3.7/site-packages/airflow/example_dags/example_branch_datetime_operator.py took 0.105 seconds
[2023-05-21T15:03:58.331+0000] {processor.py:153} INFO - Started process (PID=767) to work on /home/airflow/.local/lib/python3.7/site-packages/airflow/example_dags/example_branch_datetime_operator.py
[2023-05-21T15:03:58.335+0000] {processor.py:743} INFO - Processing file /home/airflow/.local/lib/python3.7/site-packages/airflow/example_dags/example_branch_datetime_operator.py for tasks to queue
[2023-05-21T15:03:58.336+0000] {logging_mixin.py:137} INFO - [2023-05-21T15:03:58.335+0000] {dagbag.py:538} INFO - Filling up the DagBag from /home/airflow/.local/lib/python3.7/site-packages/airflow/example_dags/example_branch_datetime_operator.py
[2023-05-21T15:03:58.375+0000] {processor.py:753} INFO - DAG(s) dict_keys(['example_branch_datetime_operator_2', 'example_branch_datetime_operator_3', 'example_branch_datetime_operator']) retrieved from /home/airflow/.local/lib/python3.7/site-packages/airflow/example_dags/example_branch_datetime_operator.py
[2023-05-21T15:03:58.431+0000] {logging_mixin.py:137} INFO - [2023-05-21T15:03:58.431+0000] {dag.py:2690} INFO - Sync 3 DAGs
[2023-05-21T15:03:58.482+0000] {logging_mixin.py:137} INFO - [2023-05-21T15:03:58.482+0000] {dag.py:3441} INFO - Setting next_dagrun for example_branch_datetime_operator to 2023-05-20T00:00:00+00:00, run_after=2023-05-21T00:00:00+00:00
[2023-05-21T15:03:58.496+0000] {logging_mixin.py:137} INFO - [2023-05-21T15:03:58.495+0000] {dag.py:3441} INFO - Setting next_dagrun for example_branch_datetime_operator_2 to 2023-05-20T00:00:00+00:00, run_after=2023-05-21T00:00:00+00:00
[2023-05-21T15:03:58.502+0000] {logging_mixin.py:137} INFO - [2023-05-21T15:03:58.502+0000] {dag.py:3441} INFO - Setting next_dagrun for example_branch_datetime_operator_3 to 2023-05-20T00:00:00+00:00, run_after=2023-05-21T00:00:00+00:00
[2023-05-21T15:03:58.524+0000] {processor.py:175} INFO - Processing /home/airflow/.local/lib/python3.7/site-packages/airflow/example_dags/example_branch_datetime_operator.py took 0.198 seconds
[2023-05-21T15:04:29.427+0000] {processor.py:153} INFO - Started process (PID=831) to work on /home/airflow/.local/lib/python3.7/site-packages/airflow/example_dags/example_branch_datetime_operator.py
[2023-05-21T15:04:29.428+0000] {processor.py:743} INFO - Processing file /home/airflow/.local/lib/python3.7/site-packages/airflow/example_dags/example_branch_datetime_operator.py for tasks to queue
[2023-05-21T15:04:29.430+0000] {logging_mixin.py:137} INFO - [2023-05-21T15:04:29.429+0000] {dagbag.py:538} INFO - Filling up the DagBag from /home/airflow/.local/lib/python3.7/site-packages/airflow/example_dags/example_branch_datetime_operator.py
[2023-05-21T15:04:29.465+0000] {processor.py:753} INFO - DAG(s) dict_keys(['example_branch_datetime_operator', 'example_branch_datetime_operator_2', 'example_branch_datetime_operator_3']) retrieved from /home/airflow/.local/lib/python3.7/site-packages/airflow/example_dags/example_branch_datetime_operator.py
[2023-05-21T15:04:29.507+0000] {logging_mixin.py:137} INFO - [2023-05-21T15:04:29.507+0000] {dag.py:2690} INFO - Sync 3 DAGs
[2023-05-21T15:04:29.567+0000] {logging_mixin.py:137} INFO - [2023-05-21T15:04:29.567+0000] {dag.py:3441} INFO - Setting next_dagrun for example_branch_datetime_operator to 2023-05-20T00:00:00+00:00, run_after=2023-05-21T00:00:00+00:00
[2023-05-21T15:04:29.573+0000] {logging_mixin.py:137} INFO - [2023-05-21T15:04:29.572+0000] {dag.py:3441} INFO - Setting next_dagrun for example_branch_datetime_operator_2 to 2023-05-20T00:00:00+00:00, run_after=2023-05-21T00:00:00+00:00
[2023-05-21T15:04:29.577+0000] {logging_mixin.py:137} INFO - [2023-05-21T15:04:29.576+0000] {dag.py:3441} INFO - Setting next_dagrun for example_branch_datetime_operator_3 to 2023-05-20T00:00:00+00:00, run_after=2023-05-21T00:00:00+00:00
[2023-05-21T15:04:29.605+0000] {processor.py:175} INFO - Processing /home/airflow/.local/lib/python3.7/site-packages/airflow/example_dags/example_branch_datetime_operator.py took 0.184 seconds
[2023-05-21T15:05:00.597+0000] {processor.py:153} INFO - Started process (PID=897) to work on /home/airflow/.local/lib/python3.7/site-packages/airflow/example_dags/example_branch_datetime_operator.py
[2023-05-21T15:05:00.598+0000] {processor.py:743} INFO - Processing file /home/airflow/.local/lib/python3.7/site-packages/airflow/example_dags/example_branch_datetime_operator.py for tasks to queue
[2023-05-21T15:05:00.598+0000] {logging_mixin.py:137} INFO - [2023-05-21T15:05:00.598+0000] {dagbag.py:538} INFO - Filling up the DagBag from /home/airflow/.local/lib/python3.7/site-packages/airflow/example_dags/example_branch_datetime_operator.py
[2023-05-21T15:05:00.627+0000] {processor.py:753} INFO - DAG(s) dict_keys(['example_branch_datetime_operator_2', 'example_branch_datetime_operator_3', 'example_branch_datetime_operator']) retrieved from /home/airflow/.local/lib/python3.7/site-packages/airflow/example_dags/example_branch_datetime_operator.py
[2023-05-21T15:05:00.679+0000] {logging_mixin.py:137} INFO - [2023-05-21T15:05:00.679+0000] {dag.py:2690} INFO - Sync 3 DAGs
[2023-05-21T15:05:00.720+0000] {logging_mixin.py:137} INFO - [2023-05-21T15:05:00.720+0000] {dag.py:3441} INFO - Setting next_dagrun for example_branch_datetime_operator to 2023-05-20T00:00:00+00:00, run_after=2023-05-21T00:00:00+00:00
[2023-05-21T15:05:00.731+0000] {logging_mixin.py:137} INFO - [2023-05-21T15:05:00.731+0000] {dag.py:3441} INFO - Setting next_dagrun for example_branch_datetime_operator_2 to 2023-05-20T00:00:00+00:00, run_after=2023-05-21T00:00:00+00:00
[2023-05-21T15:05:00.735+0000] {logging_mixin.py:137} INFO - [2023-05-21T15:05:00.735+0000] {dag.py:3441} INFO - Setting next_dagrun for example_branch_datetime_operator_3 to 2023-05-20T00:00:00+00:00, run_after=2023-05-21T00:00:00+00:00
[2023-05-21T15:05:00.777+0000] {processor.py:175} INFO - Processing /home/airflow/.local/lib/python3.7/site-packages/airflow/example_dags/example_branch_datetime_operator.py took 0.183 seconds
