[2023-05-21T14:45:23.594+0000] {processor.py:156} INFO - Started process (PID=324) to work on /home/airflow/.local/lib/python3.7/site-packages/airflow/example_dags/example_skip_dag.py
[2023-05-21T14:45:23.594+0000] {processor.py:758} INFO - Processing file /home/airflow/.local/lib/python3.7/site-packages/airflow/example_dags/example_skip_dag.py for tasks to queue
[2023-05-21T14:45:23.595+0000] {logging_mixin.py:117} INFO - [2023-05-21T14:45:23.595+0000] {dagbag.py:525} INFO - Filling up the DagBag from /home/airflow/.local/lib/python3.7/site-packages/airflow/example_dags/example_skip_dag.py
[2023-05-21T14:45:23.613+0000] {processor.py:768} INFO - DAG(s) dict_keys(['example_skip_dag']) retrieved from /home/airflow/.local/lib/python3.7/site-packages/airflow/example_dags/example_skip_dag.py
[2023-05-21T14:45:23.646+0000] {logging_mixin.py:117} INFO - [2023-05-21T14:45:23.646+0000] {dag.py:2573} INFO - Sync 1 DAGs
[2023-05-21T14:45:23.679+0000] {logging_mixin.py:117} INFO - [2023-05-21T14:45:23.679+0000] {dag.py:3328} INFO - Setting next_dagrun for example_skip_dag to 2023-05-20T14:45:23.679003+00:00, run_after=2023-05-21T14:45:23.679003+00:00
[2023-05-21T14:45:23.701+0000] {processor.py:178} INFO - Processing /home/airflow/.local/lib/python3.7/site-packages/airflow/example_dags/example_skip_dag.py took 0.111 seconds
[2023-05-21T14:45:55.816+0000] {processor.py:156} INFO - Started process (PID=530) to work on /home/airflow/.local/lib/python3.7/site-packages/airflow/example_dags/example_skip_dag.py
[2023-05-21T14:45:55.817+0000] {processor.py:758} INFO - Processing file /home/airflow/.local/lib/python3.7/site-packages/airflow/example_dags/example_skip_dag.py for tasks to queue
[2023-05-21T14:45:55.818+0000] {logging_mixin.py:117} INFO - [2023-05-21T14:45:55.818+0000] {dagbag.py:525} INFO - Filling up the DagBag from /home/airflow/.local/lib/python3.7/site-packages/airflow/example_dags/example_skip_dag.py
[2023-05-21T14:45:55.842+0000] {processor.py:768} INFO - DAG(s) dict_keys(['example_skip_dag']) retrieved from /home/airflow/.local/lib/python3.7/site-packages/airflow/example_dags/example_skip_dag.py
[2023-05-21T14:45:55.899+0000] {logging_mixin.py:117} INFO - [2023-05-21T14:45:55.899+0000] {dag.py:2573} INFO - Sync 1 DAGs
[2023-05-21T14:45:55.939+0000] {logging_mixin.py:117} INFO - [2023-05-21T14:45:55.938+0000] {dag.py:3328} INFO - Setting next_dagrun for example_skip_dag to 2023-05-20T14:45:55.938359+00:00, run_after=2023-05-21T14:45:55.938359+00:00
[2023-05-21T14:45:55.968+0000] {processor.py:178} INFO - Processing /home/airflow/.local/lib/python3.7/site-packages/airflow/example_dags/example_skip_dag.py took 0.156 seconds
[2023-05-21T14:46:27.025+0000] {processor.py:156} INFO - Started process (PID=744) to work on /home/airflow/.local/lib/python3.7/site-packages/airflow/example_dags/example_skip_dag.py
[2023-05-21T14:46:27.026+0000] {processor.py:758} INFO - Processing file /home/airflow/.local/lib/python3.7/site-packages/airflow/example_dags/example_skip_dag.py for tasks to queue
[2023-05-21T14:46:27.026+0000] {logging_mixin.py:117} INFO - [2023-05-21T14:46:27.026+0000] {dagbag.py:525} INFO - Filling up the DagBag from /home/airflow/.local/lib/python3.7/site-packages/airflow/example_dags/example_skip_dag.py
[2023-05-21T14:46:27.040+0000] {processor.py:768} INFO - DAG(s) dict_keys(['example_skip_dag']) retrieved from /home/airflow/.local/lib/python3.7/site-packages/airflow/example_dags/example_skip_dag.py
[2023-05-21T14:46:27.081+0000] {logging_mixin.py:117} INFO - [2023-05-21T14:46:27.080+0000] {dag.py:2573} INFO - Sync 1 DAGs
[2023-05-21T14:46:27.213+0000] {logging_mixin.py:117} INFO - [2023-05-21T14:46:27.213+0000] {dag.py:3328} INFO - Setting next_dagrun for example_skip_dag to 2023-05-20T14:46:27.213192+00:00, run_after=2023-05-21T14:46:27.213192+00:00
[2023-05-21T14:46:27.241+0000] {processor.py:178} INFO - Processing /home/airflow/.local/lib/python3.7/site-packages/airflow/example_dags/example_skip_dag.py took 0.219 seconds
[2023-05-21T14:46:57.836+0000] {processor.py:156} INFO - Started process (PID=956) to work on /home/airflow/.local/lib/python3.7/site-packages/airflow/example_dags/example_skip_dag.py
[2023-05-21T14:46:57.836+0000] {processor.py:758} INFO - Processing file /home/airflow/.local/lib/python3.7/site-packages/airflow/example_dags/example_skip_dag.py for tasks to queue
[2023-05-21T14:46:57.837+0000] {logging_mixin.py:117} INFO - [2023-05-21T14:46:57.837+0000] {dagbag.py:525} INFO - Filling up the DagBag from /home/airflow/.local/lib/python3.7/site-packages/airflow/example_dags/example_skip_dag.py
[2023-05-21T14:46:57.853+0000] {processor.py:768} INFO - DAG(s) dict_keys(['example_skip_dag']) retrieved from /home/airflow/.local/lib/python3.7/site-packages/airflow/example_dags/example_skip_dag.py
[2023-05-21T14:46:58.012+0000] {logging_mixin.py:117} INFO - [2023-05-21T14:46:58.012+0000] {dag.py:2573} INFO - Sync 1 DAGs
[2023-05-21T14:46:58.046+0000] {logging_mixin.py:117} INFO - [2023-05-21T14:46:58.046+0000] {dag.py:3328} INFO - Setting next_dagrun for example_skip_dag to 2023-05-20T14:46:58.046495+00:00, run_after=2023-05-21T14:46:58.046495+00:00
[2023-05-21T14:46:58.076+0000] {processor.py:178} INFO - Processing /home/airflow/.local/lib/python3.7/site-packages/airflow/example_dags/example_skip_dag.py took 0.243 seconds
[2023-05-21T14:47:28.495+0000] {processor.py:156} INFO - Started process (PID=1161) to work on /home/airflow/.local/lib/python3.7/site-packages/airflow/example_dags/example_skip_dag.py
[2023-05-21T14:47:28.496+0000] {processor.py:758} INFO - Processing file /home/airflow/.local/lib/python3.7/site-packages/airflow/example_dags/example_skip_dag.py for tasks to queue
[2023-05-21T14:47:28.496+0000] {logging_mixin.py:117} INFO - [2023-05-21T14:47:28.496+0000] {dagbag.py:525} INFO - Filling up the DagBag from /home/airflow/.local/lib/python3.7/site-packages/airflow/example_dags/example_skip_dag.py
[2023-05-21T14:47:28.510+0000] {processor.py:768} INFO - DAG(s) dict_keys(['example_skip_dag']) retrieved from /home/airflow/.local/lib/python3.7/site-packages/airflow/example_dags/example_skip_dag.py
[2023-05-21T14:47:28.738+0000] {logging_mixin.py:117} INFO - [2023-05-21T14:47:28.738+0000] {dag.py:2573} INFO - Sync 1 DAGs
[2023-05-21T14:47:28.776+0000] {logging_mixin.py:117} INFO - [2023-05-21T14:47:28.776+0000] {dag.py:3328} INFO - Setting next_dagrun for example_skip_dag to 2023-05-20T14:47:28.775908+00:00, run_after=2023-05-21T14:47:28.775908+00:00
[2023-05-21T14:47:28.806+0000] {processor.py:178} INFO - Processing /home/airflow/.local/lib/python3.7/site-packages/airflow/example_dags/example_skip_dag.py took 0.314 seconds
[2023-05-21T14:47:59.678+0000] {processor.py:156} INFO - Started process (PID=1372) to work on /home/airflow/.local/lib/python3.7/site-packages/airflow/example_dags/example_skip_dag.py
[2023-05-21T14:47:59.679+0000] {processor.py:758} INFO - Processing file /home/airflow/.local/lib/python3.7/site-packages/airflow/example_dags/example_skip_dag.py for tasks to queue
[2023-05-21T14:47:59.679+0000] {logging_mixin.py:117} INFO - [2023-05-21T14:47:59.679+0000] {dagbag.py:525} INFO - Filling up the DagBag from /home/airflow/.local/lib/python3.7/site-packages/airflow/example_dags/example_skip_dag.py
[2023-05-21T14:47:59.713+0000] {processor.py:768} INFO - DAG(s) dict_keys(['example_skip_dag']) retrieved from /home/airflow/.local/lib/python3.7/site-packages/airflow/example_dags/example_skip_dag.py
[2023-05-21T14:47:59.802+0000] {logging_mixin.py:117} INFO - [2023-05-21T14:47:59.802+0000] {dag.py:2573} INFO - Sync 1 DAGs
[2023-05-21T14:47:59.859+0000] {logging_mixin.py:117} INFO - [2023-05-21T14:47:59.859+0000] {dag.py:3328} INFO - Setting next_dagrun for example_skip_dag to 2023-05-20T14:47:59.859133+00:00, run_after=2023-05-21T14:47:59.859133+00:00
[2023-05-21T14:47:59.907+0000] {processor.py:178} INFO - Processing /home/airflow/.local/lib/python3.7/site-packages/airflow/example_dags/example_skip_dag.py took 0.236 seconds
[2023-05-21T14:50:30.676+0000] {processor.py:156} INFO - Started process (PID=324) to work on /home/airflow/.local/lib/python3.7/site-packages/airflow/example_dags/example_skip_dag.py
[2023-05-21T14:50:30.677+0000] {processor.py:758} INFO - Processing file /home/airflow/.local/lib/python3.7/site-packages/airflow/example_dags/example_skip_dag.py for tasks to queue
[2023-05-21T14:50:30.678+0000] {logging_mixin.py:117} INFO - [2023-05-21T14:50:30.678+0000] {dagbag.py:525} INFO - Filling up the DagBag from /home/airflow/.local/lib/python3.7/site-packages/airflow/example_dags/example_skip_dag.py
[2023-05-21T14:50:30.691+0000] {processor.py:768} INFO - DAG(s) dict_keys(['example_skip_dag']) retrieved from /home/airflow/.local/lib/python3.7/site-packages/airflow/example_dags/example_skip_dag.py
[2023-05-21T14:50:30.720+0000] {logging_mixin.py:117} INFO - [2023-05-21T14:50:30.720+0000] {dag.py:2573} INFO - Sync 1 DAGs
[2023-05-21T14:50:30.746+0000] {logging_mixin.py:117} INFO - [2023-05-21T14:50:30.746+0000] {dag.py:3328} INFO - Setting next_dagrun for example_skip_dag to 2023-05-20T14:50:30.746428+00:00, run_after=2023-05-21T14:50:30.746428+00:00
[2023-05-21T14:50:30.768+0000] {processor.py:178} INFO - Processing /home/airflow/.local/lib/python3.7/site-packages/airflow/example_dags/example_skip_dag.py took 0.095 seconds
[2023-05-21T14:51:02.000+0000] {processor.py:156} INFO - Started process (PID=528) to work on /home/airflow/.local/lib/python3.7/site-packages/airflow/example_dags/example_skip_dag.py
[2023-05-21T14:51:02.001+0000] {processor.py:758} INFO - Processing file /home/airflow/.local/lib/python3.7/site-packages/airflow/example_dags/example_skip_dag.py for tasks to queue
[2023-05-21T14:51:02.003+0000] {logging_mixin.py:117} INFO - [2023-05-21T14:51:02.002+0000] {dagbag.py:525} INFO - Filling up the DagBag from /home/airflow/.local/lib/python3.7/site-packages/airflow/example_dags/example_skip_dag.py
[2023-05-21T14:51:02.029+0000] {processor.py:768} INFO - DAG(s) dict_keys(['example_skip_dag']) retrieved from /home/airflow/.local/lib/python3.7/site-packages/airflow/example_dags/example_skip_dag.py
[2023-05-21T14:51:02.084+0000] {logging_mixin.py:117} INFO - [2023-05-21T14:51:02.084+0000] {dag.py:2573} INFO - Sync 1 DAGs
[2023-05-21T14:51:02.113+0000] {logging_mixin.py:117} INFO - [2023-05-21T14:51:02.113+0000] {dag.py:3328} INFO - Setting next_dagrun for example_skip_dag to 2023-05-20T14:51:02.113607+00:00, run_after=2023-05-21T14:51:02.113607+00:00
[2023-05-21T14:51:02.135+0000] {processor.py:178} INFO - Processing /home/airflow/.local/lib/python3.7/site-packages/airflow/example_dags/example_skip_dag.py took 0.139 seconds
[2023-05-21T14:51:33.302+0000] {processor.py:156} INFO - Started process (PID=742) to work on /home/airflow/.local/lib/python3.7/site-packages/airflow/example_dags/example_skip_dag.py
[2023-05-21T14:51:33.304+0000] {processor.py:758} INFO - Processing file /home/airflow/.local/lib/python3.7/site-packages/airflow/example_dags/example_skip_dag.py for tasks to queue
[2023-05-21T14:51:33.306+0000] {logging_mixin.py:117} INFO - [2023-05-21T14:51:33.306+0000] {dagbag.py:525} INFO - Filling up the DagBag from /home/airflow/.local/lib/python3.7/site-packages/airflow/example_dags/example_skip_dag.py
[2023-05-21T14:51:33.334+0000] {processor.py:768} INFO - DAG(s) dict_keys(['example_skip_dag']) retrieved from /home/airflow/.local/lib/python3.7/site-packages/airflow/example_dags/example_skip_dag.py
[2023-05-21T14:51:33.393+0000] {logging_mixin.py:117} INFO - [2023-05-21T14:51:33.393+0000] {dag.py:2573} INFO - Sync 1 DAGs
[2023-05-21T14:51:33.610+0000] {logging_mixin.py:117} INFO - [2023-05-21T14:51:33.610+0000] {dag.py:3328} INFO - Setting next_dagrun for example_skip_dag to 2023-05-20T14:51:33.609793+00:00, run_after=2023-05-21T14:51:33.609793+00:00
[2023-05-21T14:51:33.663+0000] {processor.py:178} INFO - Processing /home/airflow/.local/lib/python3.7/site-packages/airflow/example_dags/example_skip_dag.py took 0.366 seconds
[2023-05-21T14:52:04.690+0000] {processor.py:156} INFO - Started process (PID=946) to work on /home/airflow/.local/lib/python3.7/site-packages/airflow/example_dags/example_skip_dag.py
[2023-05-21T14:52:04.692+0000] {processor.py:758} INFO - Processing file /home/airflow/.local/lib/python3.7/site-packages/airflow/example_dags/example_skip_dag.py for tasks to queue
[2023-05-21T14:52:04.693+0000] {logging_mixin.py:117} INFO - [2023-05-21T14:52:04.693+0000] {dagbag.py:525} INFO - Filling up the DagBag from /home/airflow/.local/lib/python3.7/site-packages/airflow/example_dags/example_skip_dag.py
[2023-05-21T14:52:04.741+0000] {processor.py:768} INFO - DAG(s) dict_keys(['example_skip_dag']) retrieved from /home/airflow/.local/lib/python3.7/site-packages/airflow/example_dags/example_skip_dag.py
[2023-05-21T14:52:05.186+0000] {logging_mixin.py:117} INFO - [2023-05-21T14:52:05.186+0000] {dag.py:2573} INFO - Sync 1 DAGs
[2023-05-21T14:52:05.254+0000] {logging_mixin.py:117} INFO - [2023-05-21T14:52:05.254+0000] {dag.py:3328} INFO - Setting next_dagrun for example_skip_dag to 2023-05-20T14:52:05.254125+00:00, run_after=2023-05-21T14:52:05.254125+00:00
[2023-05-21T14:52:05.331+0000] {processor.py:178} INFO - Processing /home/airflow/.local/lib/python3.7/site-packages/airflow/example_dags/example_skip_dag.py took 0.655 seconds
[2023-05-21T14:58:51.328+0000] {processor.py:153} INFO - Started process (PID=79) to work on /home/airflow/.local/lib/python3.7/site-packages/airflow/example_dags/example_skip_dag.py
[2023-05-21T14:58:51.329+0000] {processor.py:743} INFO - Processing file /home/airflow/.local/lib/python3.7/site-packages/airflow/example_dags/example_skip_dag.py for tasks to queue
[2023-05-21T14:58:51.330+0000] {logging_mixin.py:137} INFO - [2023-05-21T14:58:51.330+0000] {dagbag.py:538} INFO - Filling up the DagBag from /home/airflow/.local/lib/python3.7/site-packages/airflow/example_dags/example_skip_dag.py
[2023-05-21T14:58:51.353+0000] {processor.py:753} INFO - DAG(s) dict_keys(['example_skip_dag']) retrieved from /home/airflow/.local/lib/python3.7/site-packages/airflow/example_dags/example_skip_dag.py
[2023-05-21T14:58:51.393+0000] {logging_mixin.py:137} INFO - [2023-05-21T14:58:51.392+0000] {dag.py:2690} INFO - Sync 1 DAGs
[2023-05-21T14:58:51.461+0000] {logging_mixin.py:137} INFO - [2023-05-21T14:58:51.461+0000] {dag.py:3441} INFO - Setting next_dagrun for example_skip_dag to 2023-05-20T14:58:51.461128+00:00, run_after=2023-05-21T14:58:51.461128+00:00
[2023-05-21T14:58:51.504+0000] {processor.py:175} INFO - Processing /home/airflow/.local/lib/python3.7/site-packages/airflow/example_dags/example_skip_dag.py took 0.181 seconds
[2023-05-21T14:59:21.847+0000] {processor.py:153} INFO - Started process (PID=152) to work on /home/airflow/.local/lib/python3.7/site-packages/airflow/example_dags/example_skip_dag.py
[2023-05-21T14:59:21.848+0000] {processor.py:743} INFO - Processing file /home/airflow/.local/lib/python3.7/site-packages/airflow/example_dags/example_skip_dag.py for tasks to queue
[2023-05-21T14:59:21.849+0000] {logging_mixin.py:137} INFO - [2023-05-21T14:59:21.849+0000] {dagbag.py:538} INFO - Filling up the DagBag from /home/airflow/.local/lib/python3.7/site-packages/airflow/example_dags/example_skip_dag.py
[2023-05-21T14:59:21.868+0000] {processor.py:753} INFO - DAG(s) dict_keys(['example_skip_dag']) retrieved from /home/airflow/.local/lib/python3.7/site-packages/airflow/example_dags/example_skip_dag.py
[2023-05-21T14:59:21.907+0000] {logging_mixin.py:137} INFO - [2023-05-21T14:59:21.906+0000] {dag.py:2690} INFO - Sync 1 DAGs
[2023-05-21T14:59:21.953+0000] {logging_mixin.py:137} INFO - [2023-05-21T14:59:21.953+0000] {dag.py:3441} INFO - Setting next_dagrun for example_skip_dag to 2023-05-20T14:59:21.952960+00:00, run_after=2023-05-21T14:59:21.952960+00:00
[2023-05-21T14:59:21.983+0000] {processor.py:175} INFO - Processing /home/airflow/.local/lib/python3.7/site-packages/airflow/example_dags/example_skip_dag.py took 0.140 seconds
[2023-05-21T14:59:52.683+0000] {processor.py:153} INFO - Started process (PID=221) to work on /home/airflow/.local/lib/python3.7/site-packages/airflow/example_dags/example_skip_dag.py
[2023-05-21T14:59:52.684+0000] {processor.py:743} INFO - Processing file /home/airflow/.local/lib/python3.7/site-packages/airflow/example_dags/example_skip_dag.py for tasks to queue
[2023-05-21T14:59:52.685+0000] {logging_mixin.py:137} INFO - [2023-05-21T14:59:52.685+0000] {dagbag.py:538} INFO - Filling up the DagBag from /home/airflow/.local/lib/python3.7/site-packages/airflow/example_dags/example_skip_dag.py
[2023-05-21T14:59:52.704+0000] {processor.py:753} INFO - DAG(s) dict_keys(['example_skip_dag']) retrieved from /home/airflow/.local/lib/python3.7/site-packages/airflow/example_dags/example_skip_dag.py
[2023-05-21T14:59:52.737+0000] {logging_mixin.py:137} INFO - [2023-05-21T14:59:52.737+0000] {dag.py:2690} INFO - Sync 1 DAGs
[2023-05-21T14:59:52.772+0000] {logging_mixin.py:137} INFO - [2023-05-21T14:59:52.772+0000] {dag.py:3441} INFO - Setting next_dagrun for example_skip_dag to 2023-05-20T14:59:52.772001+00:00, run_after=2023-05-21T14:59:52.772001+00:00
[2023-05-21T14:59:52.798+0000] {processor.py:175} INFO - Processing /home/airflow/.local/lib/python3.7/site-packages/airflow/example_dags/example_skip_dag.py took 0.119 seconds
[2023-05-21T15:00:23.007+0000] {processor.py:153} INFO - Started process (PID=286) to work on /home/airflow/.local/lib/python3.7/site-packages/airflow/example_dags/example_skip_dag.py
[2023-05-21T15:00:23.008+0000] {processor.py:743} INFO - Processing file /home/airflow/.local/lib/python3.7/site-packages/airflow/example_dags/example_skip_dag.py for tasks to queue
[2023-05-21T15:00:23.009+0000] {logging_mixin.py:137} INFO - [2023-05-21T15:00:23.009+0000] {dagbag.py:538} INFO - Filling up the DagBag from /home/airflow/.local/lib/python3.7/site-packages/airflow/example_dags/example_skip_dag.py
[2023-05-21T15:00:23.024+0000] {processor.py:753} INFO - DAG(s) dict_keys(['example_skip_dag']) retrieved from /home/airflow/.local/lib/python3.7/site-packages/airflow/example_dags/example_skip_dag.py
[2023-05-21T15:00:23.052+0000] {logging_mixin.py:137} INFO - [2023-05-21T15:00:23.052+0000] {dag.py:2690} INFO - Sync 1 DAGs
[2023-05-21T15:00:23.079+0000] {logging_mixin.py:137} INFO - [2023-05-21T15:00:23.079+0000] {dag.py:3441} INFO - Setting next_dagrun for example_skip_dag to 2023-05-20T15:00:23.079453+00:00, run_after=2023-05-21T15:00:23.079453+00:00
[2023-05-21T15:00:23.100+0000] {processor.py:175} INFO - Processing /home/airflow/.local/lib/python3.7/site-packages/airflow/example_dags/example_skip_dag.py took 0.096 seconds
[2023-05-21T15:00:55.158+0000] {processor.py:153} INFO - Started process (PID=362) to work on /home/airflow/.local/lib/python3.7/site-packages/airflow/example_dags/example_skip_dag.py
[2023-05-21T15:00:55.159+0000] {processor.py:743} INFO - Processing file /home/airflow/.local/lib/python3.7/site-packages/airflow/example_dags/example_skip_dag.py for tasks to queue
[2023-05-21T15:00:55.159+0000] {logging_mixin.py:137} INFO - [2023-05-21T15:00:55.159+0000] {dagbag.py:538} INFO - Filling up the DagBag from /home/airflow/.local/lib/python3.7/site-packages/airflow/example_dags/example_skip_dag.py
[2023-05-21T15:00:55.182+0000] {processor.py:753} INFO - DAG(s) dict_keys(['example_skip_dag']) retrieved from /home/airflow/.local/lib/python3.7/site-packages/airflow/example_dags/example_skip_dag.py
[2023-05-21T15:00:55.210+0000] {logging_mixin.py:137} INFO - [2023-05-21T15:00:55.210+0000] {dag.py:2690} INFO - Sync 1 DAGs
[2023-05-21T15:00:55.243+0000] {logging_mixin.py:137} INFO - [2023-05-21T15:00:55.242+0000] {dag.py:3441} INFO - Setting next_dagrun for example_skip_dag to 2023-05-20T15:00:55.242621+00:00, run_after=2023-05-21T15:00:55.242621+00:00
[2023-05-21T15:00:55.264+0000] {processor.py:175} INFO - Processing /home/airflow/.local/lib/python3.7/site-packages/airflow/example_dags/example_skip_dag.py took 0.111 seconds
[2023-05-21T15:01:25.455+0000] {processor.py:153} INFO - Started process (PID=427) to work on /home/airflow/.local/lib/python3.7/site-packages/airflow/example_dags/example_skip_dag.py
[2023-05-21T15:01:25.456+0000] {processor.py:743} INFO - Processing file /home/airflow/.local/lib/python3.7/site-packages/airflow/example_dags/example_skip_dag.py for tasks to queue
[2023-05-21T15:01:25.457+0000] {logging_mixin.py:137} INFO - [2023-05-21T15:01:25.457+0000] {dagbag.py:538} INFO - Filling up the DagBag from /home/airflow/.local/lib/python3.7/site-packages/airflow/example_dags/example_skip_dag.py
[2023-05-21T15:01:25.470+0000] {processor.py:753} INFO - DAG(s) dict_keys(['example_skip_dag']) retrieved from /home/airflow/.local/lib/python3.7/site-packages/airflow/example_dags/example_skip_dag.py
[2023-05-21T15:01:25.500+0000] {logging_mixin.py:137} INFO - [2023-05-21T15:01:25.499+0000] {dag.py:2690} INFO - Sync 1 DAGs
[2023-05-21T15:01:25.528+0000] {logging_mixin.py:137} INFO - [2023-05-21T15:01:25.528+0000] {dag.py:3441} INFO - Setting next_dagrun for example_skip_dag to 2023-05-20T15:01:25.528285+00:00, run_after=2023-05-21T15:01:25.528285+00:00
[2023-05-21T15:01:25.548+0000] {processor.py:175} INFO - Processing /home/airflow/.local/lib/python3.7/site-packages/airflow/example_dags/example_skip_dag.py took 0.095 seconds
[2023-05-21T15:01:57.038+0000] {processor.py:153} INFO - Started process (PID=501) to work on /home/airflow/.local/lib/python3.7/site-packages/airflow/example_dags/example_skip_dag.py
[2023-05-21T15:01:57.041+0000] {processor.py:743} INFO - Processing file /home/airflow/.local/lib/python3.7/site-packages/airflow/example_dags/example_skip_dag.py for tasks to queue
[2023-05-21T15:01:57.042+0000] {logging_mixin.py:137} INFO - [2023-05-21T15:01:57.041+0000] {dagbag.py:538} INFO - Filling up the DagBag from /home/airflow/.local/lib/python3.7/site-packages/airflow/example_dags/example_skip_dag.py
[2023-05-21T15:01:57.061+0000] {processor.py:753} INFO - DAG(s) dict_keys(['example_skip_dag']) retrieved from /home/airflow/.local/lib/python3.7/site-packages/airflow/example_dags/example_skip_dag.py
[2023-05-21T15:01:57.097+0000] {logging_mixin.py:137} INFO - [2023-05-21T15:01:57.097+0000] {dag.py:2690} INFO - Sync 1 DAGs
[2023-05-21T15:01:57.138+0000] {logging_mixin.py:137} INFO - [2023-05-21T15:01:57.138+0000] {dag.py:3441} INFO - Setting next_dagrun for example_skip_dag to 2023-05-20T15:01:57.137767+00:00, run_after=2023-05-21T15:01:57.137767+00:00
[2023-05-21T15:01:57.168+0000] {processor.py:175} INFO - Processing /home/airflow/.local/lib/python3.7/site-packages/airflow/example_dags/example_skip_dag.py took 0.135 seconds
[2023-05-21T15:02:27.393+0000] {processor.py:153} INFO - Started process (PID=570) to work on /home/airflow/.local/lib/python3.7/site-packages/airflow/example_dags/example_skip_dag.py
[2023-05-21T15:02:27.394+0000] {processor.py:743} INFO - Processing file /home/airflow/.local/lib/python3.7/site-packages/airflow/example_dags/example_skip_dag.py for tasks to queue
[2023-05-21T15:02:27.395+0000] {logging_mixin.py:137} INFO - [2023-05-21T15:02:27.395+0000] {dagbag.py:538} INFO - Filling up the DagBag from /home/airflow/.local/lib/python3.7/site-packages/airflow/example_dags/example_skip_dag.py
[2023-05-21T15:02:27.407+0000] {processor.py:753} INFO - DAG(s) dict_keys(['example_skip_dag']) retrieved from /home/airflow/.local/lib/python3.7/site-packages/airflow/example_dags/example_skip_dag.py
[2023-05-21T15:02:27.437+0000] {logging_mixin.py:137} INFO - [2023-05-21T15:02:27.437+0000] {dag.py:2690} INFO - Sync 1 DAGs
[2023-05-21T15:02:27.477+0000] {logging_mixin.py:137} INFO - [2023-05-21T15:02:27.477+0000] {dag.py:3441} INFO - Setting next_dagrun for example_skip_dag to 2023-05-20T15:02:27.477220+00:00, run_after=2023-05-21T15:02:27.477220+00:00
[2023-05-21T15:02:27.496+0000] {processor.py:175} INFO - Processing /home/airflow/.local/lib/python3.7/site-packages/airflow/example_dags/example_skip_dag.py took 0.106 seconds
[2023-05-21T15:02:57.836+0000] {processor.py:153} INFO - Started process (PID=637) to work on /home/airflow/.local/lib/python3.7/site-packages/airflow/example_dags/example_skip_dag.py
[2023-05-21T15:02:57.837+0000] {processor.py:743} INFO - Processing file /home/airflow/.local/lib/python3.7/site-packages/airflow/example_dags/example_skip_dag.py for tasks to queue
[2023-05-21T15:02:57.838+0000] {logging_mixin.py:137} INFO - [2023-05-21T15:02:57.838+0000] {dagbag.py:538} INFO - Filling up the DagBag from /home/airflow/.local/lib/python3.7/site-packages/airflow/example_dags/example_skip_dag.py
[2023-05-21T15:02:57.857+0000] {processor.py:753} INFO - DAG(s) dict_keys(['example_skip_dag']) retrieved from /home/airflow/.local/lib/python3.7/site-packages/airflow/example_dags/example_skip_dag.py
[2023-05-21T15:02:57.892+0000] {logging_mixin.py:137} INFO - [2023-05-21T15:02:57.891+0000] {dag.py:2690} INFO - Sync 1 DAGs
[2023-05-21T15:02:57.929+0000] {logging_mixin.py:137} INFO - [2023-05-21T15:02:57.929+0000] {dag.py:3441} INFO - Setting next_dagrun for example_skip_dag to 2023-05-20T15:02:57.929239+00:00, run_after=2023-05-21T15:02:57.929239+00:00
[2023-05-21T15:02:57.958+0000] {processor.py:175} INFO - Processing /home/airflow/.local/lib/python3.7/site-packages/airflow/example_dags/example_skip_dag.py took 0.126 seconds
[2023-05-21T15:03:28.293+0000] {processor.py:153} INFO - Started process (PID=714) to work on /home/airflow/.local/lib/python3.7/site-packages/airflow/example_dags/example_skip_dag.py
[2023-05-21T15:03:28.294+0000] {processor.py:743} INFO - Processing file /home/airflow/.local/lib/python3.7/site-packages/airflow/example_dags/example_skip_dag.py for tasks to queue
[2023-05-21T15:03:28.294+0000] {logging_mixin.py:137} INFO - [2023-05-21T15:03:28.294+0000] {dagbag.py:538} INFO - Filling up the DagBag from /home/airflow/.local/lib/python3.7/site-packages/airflow/example_dags/example_skip_dag.py
[2023-05-21T15:03:28.308+0000] {processor.py:753} INFO - DAG(s) dict_keys(['example_skip_dag']) retrieved from /home/airflow/.local/lib/python3.7/site-packages/airflow/example_dags/example_skip_dag.py
[2023-05-21T15:03:28.332+0000] {logging_mixin.py:137} INFO - [2023-05-21T15:03:28.332+0000] {dag.py:2690} INFO - Sync 1 DAGs
[2023-05-21T15:03:28.360+0000] {logging_mixin.py:137} INFO - [2023-05-21T15:03:28.360+0000] {dag.py:3441} INFO - Setting next_dagrun for example_skip_dag to 2023-05-20T15:03:28.359891+00:00, run_after=2023-05-21T15:03:28.359891+00:00
[2023-05-21T15:03:28.400+0000] {processor.py:175} INFO - Processing /home/airflow/.local/lib/python3.7/site-packages/airflow/example_dags/example_skip_dag.py took 0.110 seconds
[2023-05-21T15:03:59.924+0000] {processor.py:153} INFO - Started process (PID=778) to work on /home/airflow/.local/lib/python3.7/site-packages/airflow/example_dags/example_skip_dag.py
[2023-05-21T15:03:59.925+0000] {processor.py:743} INFO - Processing file /home/airflow/.local/lib/python3.7/site-packages/airflow/example_dags/example_skip_dag.py for tasks to queue
[2023-05-21T15:03:59.925+0000] {logging_mixin.py:137} INFO - [2023-05-21T15:03:59.925+0000] {dagbag.py:538} INFO - Filling up the DagBag from /home/airflow/.local/lib/python3.7/site-packages/airflow/example_dags/example_skip_dag.py
[2023-05-21T15:03:59.943+0000] {processor.py:753} INFO - DAG(s) dict_keys(['example_skip_dag']) retrieved from /home/airflow/.local/lib/python3.7/site-packages/airflow/example_dags/example_skip_dag.py
[2023-05-21T15:03:59.974+0000] {logging_mixin.py:137} INFO - [2023-05-21T15:03:59.973+0000] {dag.py:2690} INFO - Sync 1 DAGs
[2023-05-21T15:04:00.010+0000] {logging_mixin.py:137} INFO - [2023-05-21T15:04:00.010+0000] {dag.py:3441} INFO - Setting next_dagrun for example_skip_dag to 2023-05-20T15:04:00.010142+00:00, run_after=2023-05-21T15:04:00.010142+00:00
[2023-05-21T15:04:00.049+0000] {processor.py:175} INFO - Processing /home/airflow/.local/lib/python3.7/site-packages/airflow/example_dags/example_skip_dag.py took 0.129 seconds
[2023-05-21T15:04:31.071+0000] {processor.py:153} INFO - Started process (PID=842) to work on /home/airflow/.local/lib/python3.7/site-packages/airflow/example_dags/example_skip_dag.py
[2023-05-21T15:04:31.079+0000] {processor.py:743} INFO - Processing file /home/airflow/.local/lib/python3.7/site-packages/airflow/example_dags/example_skip_dag.py for tasks to queue
[2023-05-21T15:04:31.082+0000] {logging_mixin.py:137} INFO - [2023-05-21T15:04:31.082+0000] {dagbag.py:538} INFO - Filling up the DagBag from /home/airflow/.local/lib/python3.7/site-packages/airflow/example_dags/example_skip_dag.py
[2023-05-21T15:04:31.117+0000] {processor.py:753} INFO - DAG(s) dict_keys(['example_skip_dag']) retrieved from /home/airflow/.local/lib/python3.7/site-packages/airflow/example_dags/example_skip_dag.py
[2023-05-21T15:04:31.182+0000] {logging_mixin.py:137} INFO - [2023-05-21T15:04:31.181+0000] {dag.py:2690} INFO - Sync 1 DAGs
[2023-05-21T15:04:31.275+0000] {logging_mixin.py:137} INFO - [2023-05-21T15:04:31.275+0000] {dag.py:3441} INFO - Setting next_dagrun for example_skip_dag to 2023-05-20T15:04:31.274543+00:00, run_after=2023-05-21T15:04:31.274543+00:00
[2023-05-21T15:04:31.330+0000] {processor.py:175} INFO - Processing /home/airflow/.local/lib/python3.7/site-packages/airflow/example_dags/example_skip_dag.py took 0.265 seconds
[2023-05-21T15:05:02.074+0000] {processor.py:153} INFO - Started process (PID=908) to work on /home/airflow/.local/lib/python3.7/site-packages/airflow/example_dags/example_skip_dag.py
[2023-05-21T15:05:02.076+0000] {processor.py:743} INFO - Processing file /home/airflow/.local/lib/python3.7/site-packages/airflow/example_dags/example_skip_dag.py for tasks to queue
[2023-05-21T15:05:02.076+0000] {logging_mixin.py:137} INFO - [2023-05-21T15:05:02.076+0000] {dagbag.py:538} INFO - Filling up the DagBag from /home/airflow/.local/lib/python3.7/site-packages/airflow/example_dags/example_skip_dag.py
[2023-05-21T15:05:02.094+0000] {processor.py:753} INFO - DAG(s) dict_keys(['example_skip_dag']) retrieved from /home/airflow/.local/lib/python3.7/site-packages/airflow/example_dags/example_skip_dag.py
[2023-05-21T15:05:02.128+0000] {logging_mixin.py:137} INFO - [2023-05-21T15:05:02.128+0000] {dag.py:2690} INFO - Sync 1 DAGs
[2023-05-21T15:05:02.172+0000] {logging_mixin.py:137} INFO - [2023-05-21T15:05:02.172+0000] {dag.py:3441} INFO - Setting next_dagrun for example_skip_dag to 2023-05-20T15:05:02.171959+00:00, run_after=2023-05-21T15:05:02.171959+00:00
[2023-05-21T15:05:02.196+0000] {processor.py:175} INFO - Processing /home/airflow/.local/lib/python3.7/site-packages/airflow/example_dags/example_skip_dag.py took 0.126 seconds
