[2023-05-21T14:45:21.249+0000] {processor.py:156} INFO - Started process (PID=222) to work on /home/airflow/.local/lib/python3.7/site-packages/airflow/example_dags/example_task_group_decorator.py
[2023-05-21T14:45:21.250+0000] {processor.py:758} INFO - Processing file /home/airflow/.local/lib/python3.7/site-packages/airflow/example_dags/example_task_group_decorator.py for tasks to queue
[2023-05-21T14:45:21.250+0000] {logging_mixin.py:117} INFO - [2023-05-21T14:45:21.250+0000] {dagbag.py:525} INFO - Filling up the DagBag from /home/airflow/.local/lib/python3.7/site-packages/airflow/example_dags/example_task_group_decorator.py
[2023-05-21T14:45:21.306+0000] {processor.py:768} INFO - DAG(s) dict_keys(['example_task_group_decorator']) retrieved from /home/airflow/.local/lib/python3.7/site-packages/airflow/example_dags/example_task_group_decorator.py
[2023-05-21T14:45:21.345+0000] {logging_mixin.py:117} INFO - [2023-05-21T14:45:21.345+0000] {dag.py:2573} INFO - Sync 1 DAGs
[2023-05-21T14:45:21.389+0000] {logging_mixin.py:117} INFO - [2023-05-21T14:45:21.389+0000] {dag.py:3328} INFO - Setting next_dagrun for example_task_group_decorator to 2023-05-20T14:45:21.388784+00:00, run_after=2023-05-21T14:45:21.388784+00:00
[2023-05-21T14:45:21.444+0000] {processor.py:178} INFO - Processing /home/airflow/.local/lib/python3.7/site-packages/airflow/example_dags/example_task_group_decorator.py took 0.202 seconds
[2023-05-21T14:45:51.631+0000] {processor.py:156} INFO - Started process (PID=424) to work on /home/airflow/.local/lib/python3.7/site-packages/airflow/example_dags/example_task_group_decorator.py
[2023-05-21T14:45:51.633+0000] {processor.py:758} INFO - Processing file /home/airflow/.local/lib/python3.7/site-packages/airflow/example_dags/example_task_group_decorator.py for tasks to queue
[2023-05-21T14:45:51.634+0000] {logging_mixin.py:117} INFO - [2023-05-21T14:45:51.633+0000] {dagbag.py:525} INFO - Filling up the DagBag from /home/airflow/.local/lib/python3.7/site-packages/airflow/example_dags/example_task_group_decorator.py
[2023-05-21T14:45:51.678+0000] {processor.py:768} INFO - DAG(s) dict_keys(['example_task_group_decorator']) retrieved from /home/airflow/.local/lib/python3.7/site-packages/airflow/example_dags/example_task_group_decorator.py
[2023-05-21T14:45:51.717+0000] {logging_mixin.py:117} INFO - [2023-05-21T14:45:51.716+0000] {dag.py:2573} INFO - Sync 1 DAGs
[2023-05-21T14:45:51.750+0000] {logging_mixin.py:117} INFO - [2023-05-21T14:45:51.750+0000] {dag.py:3328} INFO - Setting next_dagrun for example_task_group_decorator to 2023-05-20T14:45:51.749751+00:00, run_after=2023-05-21T14:45:51.749751+00:00
[2023-05-21T14:45:51.937+0000] {processor.py:178} INFO - Processing /home/airflow/.local/lib/python3.7/site-packages/airflow/example_dags/example_task_group_decorator.py took 0.309 seconds
[2023-05-21T14:46:22.804+0000] {processor.py:156} INFO - Started process (PID=641) to work on /home/airflow/.local/lib/python3.7/site-packages/airflow/example_dags/example_task_group_decorator.py
[2023-05-21T14:46:22.805+0000] {processor.py:758} INFO - Processing file /home/airflow/.local/lib/python3.7/site-packages/airflow/example_dags/example_task_group_decorator.py for tasks to queue
[2023-05-21T14:46:22.806+0000] {logging_mixin.py:117} INFO - [2023-05-21T14:46:22.806+0000] {dagbag.py:525} INFO - Filling up the DagBag from /home/airflow/.local/lib/python3.7/site-packages/airflow/example_dags/example_task_group_decorator.py
[2023-05-21T14:46:22.880+0000] {processor.py:768} INFO - DAG(s) dict_keys(['example_task_group_decorator']) retrieved from /home/airflow/.local/lib/python3.7/site-packages/airflow/example_dags/example_task_group_decorator.py
[2023-05-21T14:46:22.981+0000] {logging_mixin.py:117} INFO - [2023-05-21T14:46:22.981+0000] {dag.py:2573} INFO - Sync 1 DAGs
[2023-05-21T14:46:23.177+0000] {logging_mixin.py:117} INFO - [2023-05-21T14:46:23.177+0000] {dag.py:3328} INFO - Setting next_dagrun for example_task_group_decorator to 2023-05-20T14:46:23.176760+00:00, run_after=2023-05-21T14:46:23.176760+00:00
[2023-05-21T14:46:23.207+0000] {processor.py:178} INFO - Processing /home/airflow/.local/lib/python3.7/site-packages/airflow/example_dags/example_task_group_decorator.py took 0.407 seconds
[2023-05-21T14:46:54.068+0000] {processor.py:156} INFO - Started process (PID=855) to work on /home/airflow/.local/lib/python3.7/site-packages/airflow/example_dags/example_task_group_decorator.py
[2023-05-21T14:46:54.069+0000] {processor.py:758} INFO - Processing file /home/airflow/.local/lib/python3.7/site-packages/airflow/example_dags/example_task_group_decorator.py for tasks to queue
[2023-05-21T14:46:54.069+0000] {logging_mixin.py:117} INFO - [2023-05-21T14:46:54.069+0000] {dagbag.py:525} INFO - Filling up the DagBag from /home/airflow/.local/lib/python3.7/site-packages/airflow/example_dags/example_task_group_decorator.py
[2023-05-21T14:46:54.141+0000] {processor.py:768} INFO - DAG(s) dict_keys(['example_task_group_decorator']) retrieved from /home/airflow/.local/lib/python3.7/site-packages/airflow/example_dags/example_task_group_decorator.py
[2023-05-21T14:46:54.366+0000] {logging_mixin.py:117} INFO - [2023-05-21T14:46:54.366+0000] {dag.py:2573} INFO - Sync 1 DAGs
[2023-05-21T14:46:54.419+0000] {logging_mixin.py:117} INFO - [2023-05-21T14:46:54.419+0000] {dag.py:3328} INFO - Setting next_dagrun for example_task_group_decorator to 2023-05-20T14:46:54.418732+00:00, run_after=2023-05-21T14:46:54.418732+00:00
[2023-05-21T14:46:54.452+0000] {processor.py:178} INFO - Processing /home/airflow/.local/lib/python3.7/site-packages/airflow/example_dags/example_task_group_decorator.py took 0.387 seconds
[2023-05-21T14:47:24.712+0000] {processor.py:156} INFO - Started process (PID=1057) to work on /home/airflow/.local/lib/python3.7/site-packages/airflow/example_dags/example_task_group_decorator.py
[2023-05-21T14:47:24.713+0000] {processor.py:758} INFO - Processing file /home/airflow/.local/lib/python3.7/site-packages/airflow/example_dags/example_task_group_decorator.py for tasks to queue
[2023-05-21T14:47:24.715+0000] {logging_mixin.py:117} INFO - [2023-05-21T14:47:24.714+0000] {dagbag.py:525} INFO - Filling up the DagBag from /home/airflow/.local/lib/python3.7/site-packages/airflow/example_dags/example_task_group_decorator.py
[2023-05-21T14:47:24.887+0000] {processor.py:768} INFO - DAG(s) dict_keys(['example_task_group_decorator']) retrieved from /home/airflow/.local/lib/python3.7/site-packages/airflow/example_dags/example_task_group_decorator.py
[2023-05-21T14:47:24.925+0000] {logging_mixin.py:117} INFO - [2023-05-21T14:47:24.925+0000] {dag.py:2573} INFO - Sync 1 DAGs
[2023-05-21T14:47:24.955+0000] {logging_mixin.py:117} INFO - [2023-05-21T14:47:24.954+0000] {dag.py:3328} INFO - Setting next_dagrun for example_task_group_decorator to 2023-05-20T14:47:24.954575+00:00, run_after=2023-05-21T14:47:24.954575+00:00
[2023-05-21T14:47:24.990+0000] {processor.py:178} INFO - Processing /home/airflow/.local/lib/python3.7/site-packages/airflow/example_dags/example_task_group_decorator.py took 0.285 seconds
[2023-05-21T14:47:55.808+0000] {processor.py:156} INFO - Started process (PID=1273) to work on /home/airflow/.local/lib/python3.7/site-packages/airflow/example_dags/example_task_group_decorator.py
[2023-05-21T14:47:55.809+0000] {processor.py:758} INFO - Processing file /home/airflow/.local/lib/python3.7/site-packages/airflow/example_dags/example_task_group_decorator.py for tasks to queue
[2023-05-21T14:47:55.810+0000] {logging_mixin.py:117} INFO - [2023-05-21T14:47:55.810+0000] {dagbag.py:525} INFO - Filling up the DagBag from /home/airflow/.local/lib/python3.7/site-packages/airflow/example_dags/example_task_group_decorator.py
[2023-05-21T14:47:55.871+0000] {processor.py:768} INFO - DAG(s) dict_keys(['example_task_group_decorator']) retrieved from /home/airflow/.local/lib/python3.7/site-packages/airflow/example_dags/example_task_group_decorator.py
[2023-05-21T14:47:55.930+0000] {logging_mixin.py:117} INFO - [2023-05-21T14:47:55.929+0000] {dag.py:2573} INFO - Sync 1 DAGs
[2023-05-21T14:47:55.967+0000] {logging_mixin.py:117} INFO - [2023-05-21T14:47:55.967+0000] {dag.py:3328} INFO - Setting next_dagrun for example_task_group_decorator to 2023-05-20T14:47:55.966747+00:00, run_after=2023-05-21T14:47:55.966747+00:00
[2023-05-21T14:47:56.000+0000] {processor.py:178} INFO - Processing /home/airflow/.local/lib/python3.7/site-packages/airflow/example_dags/example_task_group_decorator.py took 0.196 seconds
[2023-05-21T14:50:27.945+0000] {processor.py:156} INFO - Started process (PID=224) to work on /home/airflow/.local/lib/python3.7/site-packages/airflow/example_dags/example_task_group_decorator.py
[2023-05-21T14:50:27.947+0000] {processor.py:758} INFO - Processing file /home/airflow/.local/lib/python3.7/site-packages/airflow/example_dags/example_task_group_decorator.py for tasks to queue
[2023-05-21T14:50:27.948+0000] {logging_mixin.py:117} INFO - [2023-05-21T14:50:27.947+0000] {dagbag.py:525} INFO - Filling up the DagBag from /home/airflow/.local/lib/python3.7/site-packages/airflow/example_dags/example_task_group_decorator.py
[2023-05-21T14:50:28.030+0000] {processor.py:768} INFO - DAG(s) dict_keys(['example_task_group_decorator']) retrieved from /home/airflow/.local/lib/python3.7/site-packages/airflow/example_dags/example_task_group_decorator.py
[2023-05-21T14:50:28.082+0000] {logging_mixin.py:117} INFO - [2023-05-21T14:50:28.081+0000] {dag.py:2573} INFO - Sync 1 DAGs
[2023-05-21T14:50:28.152+0000] {logging_mixin.py:117} INFO - [2023-05-21T14:50:28.152+0000] {dag.py:3328} INFO - Setting next_dagrun for example_task_group_decorator to 2023-05-20T14:50:28.151092+00:00, run_after=2023-05-21T14:50:28.151092+00:00
[2023-05-21T14:50:28.208+0000] {processor.py:178} INFO - Processing /home/airflow/.local/lib/python3.7/site-packages/airflow/example_dags/example_task_group_decorator.py took 0.271 seconds
[2023-05-21T14:50:58.501+0000] {processor.py:156} INFO - Started process (PID=428) to work on /home/airflow/.local/lib/python3.7/site-packages/airflow/example_dags/example_task_group_decorator.py
[2023-05-21T14:50:58.502+0000] {processor.py:758} INFO - Processing file /home/airflow/.local/lib/python3.7/site-packages/airflow/example_dags/example_task_group_decorator.py for tasks to queue
[2023-05-21T14:50:58.503+0000] {logging_mixin.py:117} INFO - [2023-05-21T14:50:58.503+0000] {dagbag.py:525} INFO - Filling up the DagBag from /home/airflow/.local/lib/python3.7/site-packages/airflow/example_dags/example_task_group_decorator.py
[2023-05-21T14:50:58.567+0000] {processor.py:768} INFO - DAG(s) dict_keys(['example_task_group_decorator']) retrieved from /home/airflow/.local/lib/python3.7/site-packages/airflow/example_dags/example_task_group_decorator.py
[2023-05-21T14:50:58.655+0000] {logging_mixin.py:117} INFO - [2023-05-21T14:50:58.654+0000] {dag.py:2573} INFO - Sync 1 DAGs
[2023-05-21T14:50:58.684+0000] {logging_mixin.py:117} INFO - [2023-05-21T14:50:58.683+0000] {dag.py:3328} INFO - Setting next_dagrun for example_task_group_decorator to 2023-05-20T14:50:58.683669+00:00, run_after=2023-05-21T14:50:58.683669+00:00
[2023-05-21T14:50:58.819+0000] {processor.py:178} INFO - Processing /home/airflow/.local/lib/python3.7/site-packages/airflow/example_dags/example_task_group_decorator.py took 0.322 seconds
[2023-05-21T14:51:29.587+0000] {processor.py:156} INFO - Started process (PID=642) to work on /home/airflow/.local/lib/python3.7/site-packages/airflow/example_dags/example_task_group_decorator.py
[2023-05-21T14:51:29.588+0000] {processor.py:758} INFO - Processing file /home/airflow/.local/lib/python3.7/site-packages/airflow/example_dags/example_task_group_decorator.py for tasks to queue
[2023-05-21T14:51:29.589+0000] {logging_mixin.py:117} INFO - [2023-05-21T14:51:29.589+0000] {dagbag.py:525} INFO - Filling up the DagBag from /home/airflow/.local/lib/python3.7/site-packages/airflow/example_dags/example_task_group_decorator.py
[2023-05-21T14:51:29.654+0000] {processor.py:768} INFO - DAG(s) dict_keys(['example_task_group_decorator']) retrieved from /home/airflow/.local/lib/python3.7/site-packages/airflow/example_dags/example_task_group_decorator.py
[2023-05-21T14:51:29.739+0000] {logging_mixin.py:117} INFO - [2023-05-21T14:51:29.738+0000] {dag.py:2573} INFO - Sync 1 DAGs
[2023-05-21T14:51:29.985+0000] {logging_mixin.py:117} INFO - [2023-05-21T14:51:29.985+0000] {dag.py:3328} INFO - Setting next_dagrun for example_task_group_decorator to 2023-05-20T14:51:29.984762+00:00, run_after=2023-05-21T14:51:29.984762+00:00
[2023-05-21T14:51:30.019+0000] {processor.py:178} INFO - Processing /home/airflow/.local/lib/python3.7/site-packages/airflow/example_dags/example_task_group_decorator.py took 0.437 seconds
[2023-05-21T14:52:00.234+0000] {processor.py:156} INFO - Started process (PID=849) to work on /home/airflow/.local/lib/python3.7/site-packages/airflow/example_dags/example_task_group_decorator.py
[2023-05-21T14:52:00.235+0000] {processor.py:758} INFO - Processing file /home/airflow/.local/lib/python3.7/site-packages/airflow/example_dags/example_task_group_decorator.py for tasks to queue
[2023-05-21T14:52:00.235+0000] {logging_mixin.py:117} INFO - [2023-05-21T14:52:00.235+0000] {dagbag.py:525} INFO - Filling up the DagBag from /home/airflow/.local/lib/python3.7/site-packages/airflow/example_dags/example_task_group_decorator.py
[2023-05-21T14:52:00.265+0000] {processor.py:768} INFO - DAG(s) dict_keys(['example_task_group_decorator']) retrieved from /home/airflow/.local/lib/python3.7/site-packages/airflow/example_dags/example_task_group_decorator.py
[2023-05-21T14:52:00.427+0000] {logging_mixin.py:117} INFO - [2023-05-21T14:52:00.427+0000] {dag.py:2573} INFO - Sync 1 DAGs
[2023-05-21T14:52:00.454+0000] {logging_mixin.py:117} INFO - [2023-05-21T14:52:00.454+0000] {dag.py:3328} INFO - Setting next_dagrun for example_task_group_decorator to 2023-05-20T14:52:00.453893+00:00, run_after=2023-05-21T14:52:00.453893+00:00
[2023-05-21T14:52:00.471+0000] {processor.py:178} INFO - Processing /home/airflow/.local/lib/python3.7/site-packages/airflow/example_dags/example_task_group_decorator.py took 0.239 seconds
[2023-05-21T14:58:48.610+0000] {processor.py:153} INFO - Started process (PID=57) to work on /home/airflow/.local/lib/python3.7/site-packages/airflow/example_dags/example_task_group_decorator.py
[2023-05-21T14:58:48.613+0000] {processor.py:743} INFO - Processing file /home/airflow/.local/lib/python3.7/site-packages/airflow/example_dags/example_task_group_decorator.py for tasks to queue
[2023-05-21T14:58:48.614+0000] {logging_mixin.py:137} INFO - [2023-05-21T14:58:48.614+0000] {dagbag.py:538} INFO - Filling up the DagBag from /home/airflow/.local/lib/python3.7/site-packages/airflow/example_dags/example_task_group_decorator.py
[2023-05-21T14:58:48.692+0000] {processor.py:753} INFO - DAG(s) dict_keys(['example_task_group_decorator']) retrieved from /home/airflow/.local/lib/python3.7/site-packages/airflow/example_dags/example_task_group_decorator.py
[2023-05-21T14:58:48.745+0000] {logging_mixin.py:137} INFO - [2023-05-21T14:58:48.745+0000] {dag.py:2690} INFO - Sync 1 DAGs
[2023-05-21T14:58:48.792+0000] {logging_mixin.py:137} INFO - [2023-05-21T14:58:48.792+0000] {dag.py:3441} INFO - Setting next_dagrun for example_task_group_decorator to 2023-05-20T14:58:48.791662+00:00, run_after=2023-05-21T14:58:48.791662+00:00
[2023-05-21T14:58:48.833+0000] {processor.py:175} INFO - Processing /home/airflow/.local/lib/python3.7/site-packages/airflow/example_dags/example_task_group_decorator.py took 0.228 seconds
[2023-05-21T14:59:18.985+0000] {processor.py:153} INFO - Started process (PID=122) to work on /home/airflow/.local/lib/python3.7/site-packages/airflow/example_dags/example_task_group_decorator.py
[2023-05-21T14:59:18.985+0000] {processor.py:743} INFO - Processing file /home/airflow/.local/lib/python3.7/site-packages/airflow/example_dags/example_task_group_decorator.py for tasks to queue
[2023-05-21T14:59:18.986+0000] {logging_mixin.py:137} INFO - [2023-05-21T14:59:18.986+0000] {dagbag.py:538} INFO - Filling up the DagBag from /home/airflow/.local/lib/python3.7/site-packages/airflow/example_dags/example_task_group_decorator.py
[2023-05-21T14:59:19.014+0000] {processor.py:753} INFO - DAG(s) dict_keys(['example_task_group_decorator']) retrieved from /home/airflow/.local/lib/python3.7/site-packages/airflow/example_dags/example_task_group_decorator.py
[2023-05-21T14:59:19.041+0000] {logging_mixin.py:137} INFO - [2023-05-21T14:59:19.041+0000] {dag.py:2690} INFO - Sync 1 DAGs
[2023-05-21T14:59:19.070+0000] {logging_mixin.py:137} INFO - [2023-05-21T14:59:19.070+0000] {dag.py:3441} INFO - Setting next_dagrun for example_task_group_decorator to 2023-05-20T14:59:19.070364+00:00, run_after=2023-05-21T14:59:19.070364+00:00
[2023-05-21T14:59:19.093+0000] {processor.py:175} INFO - Processing /home/airflow/.local/lib/python3.7/site-packages/airflow/example_dags/example_task_group_decorator.py took 0.111 seconds
[2023-05-21T14:59:49.378+0000] {processor.py:153} INFO - Started process (PID=194) to work on /home/airflow/.local/lib/python3.7/site-packages/airflow/example_dags/example_task_group_decorator.py
[2023-05-21T14:59:49.379+0000] {processor.py:743} INFO - Processing file /home/airflow/.local/lib/python3.7/site-packages/airflow/example_dags/example_task_group_decorator.py for tasks to queue
[2023-05-21T14:59:49.380+0000] {logging_mixin.py:137} INFO - [2023-05-21T14:59:49.379+0000] {dagbag.py:538} INFO - Filling up the DagBag from /home/airflow/.local/lib/python3.7/site-packages/airflow/example_dags/example_task_group_decorator.py
[2023-05-21T14:59:49.469+0000] {processor.py:753} INFO - DAG(s) dict_keys(['example_task_group_decorator']) retrieved from /home/airflow/.local/lib/python3.7/site-packages/airflow/example_dags/example_task_group_decorator.py
[2023-05-21T14:59:49.508+0000] {logging_mixin.py:137} INFO - [2023-05-21T14:59:49.508+0000] {dag.py:2690} INFO - Sync 1 DAGs
[2023-05-21T14:59:49.567+0000] {logging_mixin.py:137} INFO - [2023-05-21T14:59:49.567+0000] {dag.py:3441} INFO - Setting next_dagrun for example_task_group_decorator to 2023-05-20T14:59:49.567154+00:00, run_after=2023-05-21T14:59:49.567154+00:00
[2023-05-21T14:59:49.621+0000] {processor.py:175} INFO - Processing /home/airflow/.local/lib/python3.7/site-packages/airflow/example_dags/example_task_group_decorator.py took 0.247 seconds
[2023-05-21T15:00:20.103+0000] {processor.py:153} INFO - Started process (PID=262) to work on /home/airflow/.local/lib/python3.7/site-packages/airflow/example_dags/example_task_group_decorator.py
[2023-05-21T15:00:20.104+0000] {processor.py:743} INFO - Processing file /home/airflow/.local/lib/python3.7/site-packages/airflow/example_dags/example_task_group_decorator.py for tasks to queue
[2023-05-21T15:00:20.104+0000] {logging_mixin.py:137} INFO - [2023-05-21T15:00:20.104+0000] {dagbag.py:538} INFO - Filling up the DagBag from /home/airflow/.local/lib/python3.7/site-packages/airflow/example_dags/example_task_group_decorator.py
[2023-05-21T15:00:20.140+0000] {processor.py:753} INFO - DAG(s) dict_keys(['example_task_group_decorator']) retrieved from /home/airflow/.local/lib/python3.7/site-packages/airflow/example_dags/example_task_group_decorator.py
[2023-05-21T15:00:20.175+0000] {logging_mixin.py:137} INFO - [2023-05-21T15:00:20.175+0000] {dag.py:2690} INFO - Sync 1 DAGs
[2023-05-21T15:00:20.203+0000] {logging_mixin.py:137} INFO - [2023-05-21T15:00:20.203+0000] {dag.py:3441} INFO - Setting next_dagrun for example_task_group_decorator to 2023-05-20T15:00:20.202981+00:00, run_after=2023-05-21T15:00:20.202981+00:00
[2023-05-21T15:00:20.225+0000] {processor.py:175} INFO - Processing /home/airflow/.local/lib/python3.7/site-packages/airflow/example_dags/example_task_group_decorator.py took 0.125 seconds
[2023-05-21T15:00:50.372+0000] {processor.py:153} INFO - Started process (PID=327) to work on /home/airflow/.local/lib/python3.7/site-packages/airflow/example_dags/example_task_group_decorator.py
[2023-05-21T15:00:50.373+0000] {processor.py:743} INFO - Processing file /home/airflow/.local/lib/python3.7/site-packages/airflow/example_dags/example_task_group_decorator.py for tasks to queue
[2023-05-21T15:00:50.374+0000] {logging_mixin.py:137} INFO - [2023-05-21T15:00:50.373+0000] {dagbag.py:538} INFO - Filling up the DagBag from /home/airflow/.local/lib/python3.7/site-packages/airflow/example_dags/example_task_group_decorator.py
[2023-05-21T15:00:50.405+0000] {processor.py:753} INFO - DAG(s) dict_keys(['example_task_group_decorator']) retrieved from /home/airflow/.local/lib/python3.7/site-packages/airflow/example_dags/example_task_group_decorator.py
[2023-05-21T15:00:50.432+0000] {logging_mixin.py:137} INFO - [2023-05-21T15:00:50.432+0000] {dag.py:2690} INFO - Sync 1 DAGs
[2023-05-21T15:00:50.463+0000] {logging_mixin.py:137} INFO - [2023-05-21T15:00:50.463+0000] {dag.py:3441} INFO - Setting next_dagrun for example_task_group_decorator to 2023-05-20T15:00:50.463358+00:00, run_after=2023-05-21T15:00:50.463358+00:00
[2023-05-21T15:00:50.483+0000] {processor.py:175} INFO - Processing /home/airflow/.local/lib/python3.7/site-packages/airflow/example_dags/example_task_group_decorator.py took 0.115 seconds
[2023-05-21T15:01:20.651+0000] {processor.py:153} INFO - Started process (PID=403) to work on /home/airflow/.local/lib/python3.7/site-packages/airflow/example_dags/example_task_group_decorator.py
[2023-05-21T15:01:20.652+0000] {processor.py:743} INFO - Processing file /home/airflow/.local/lib/python3.7/site-packages/airflow/example_dags/example_task_group_decorator.py for tasks to queue
[2023-05-21T15:01:20.652+0000] {logging_mixin.py:137} INFO - [2023-05-21T15:01:20.652+0000] {dagbag.py:538} INFO - Filling up the DagBag from /home/airflow/.local/lib/python3.7/site-packages/airflow/example_dags/example_task_group_decorator.py
[2023-05-21T15:01:20.697+0000] {processor.py:753} INFO - DAG(s) dict_keys(['example_task_group_decorator']) retrieved from /home/airflow/.local/lib/python3.7/site-packages/airflow/example_dags/example_task_group_decorator.py
[2023-05-21T15:01:20.739+0000] {logging_mixin.py:137} INFO - [2023-05-21T15:01:20.738+0000] {dag.py:2690} INFO - Sync 1 DAGs
[2023-05-21T15:01:20.775+0000] {logging_mixin.py:137} INFO - [2023-05-21T15:01:20.775+0000] {dag.py:3441} INFO - Setting next_dagrun for example_task_group_decorator to 2023-05-20T15:01:20.775056+00:00, run_after=2023-05-21T15:01:20.775056+00:00
[2023-05-21T15:01:20.794+0000] {processor.py:175} INFO - Processing /home/airflow/.local/lib/python3.7/site-packages/airflow/example_dags/example_task_group_decorator.py took 0.146 seconds
[2023-05-21T15:01:51.724+0000] {processor.py:153} INFO - Started process (PID=468) to work on /home/airflow/.local/lib/python3.7/site-packages/airflow/example_dags/example_task_group_decorator.py
[2023-05-21T15:01:51.726+0000] {processor.py:743} INFO - Processing file /home/airflow/.local/lib/python3.7/site-packages/airflow/example_dags/example_task_group_decorator.py for tasks to queue
[2023-05-21T15:01:51.727+0000] {logging_mixin.py:137} INFO - [2023-05-21T15:01:51.726+0000] {dagbag.py:538} INFO - Filling up the DagBag from /home/airflow/.local/lib/python3.7/site-packages/airflow/example_dags/example_task_group_decorator.py
[2023-05-21T15:01:51.756+0000] {processor.py:753} INFO - DAG(s) dict_keys(['example_task_group_decorator']) retrieved from /home/airflow/.local/lib/python3.7/site-packages/airflow/example_dags/example_task_group_decorator.py
[2023-05-21T15:01:51.784+0000] {logging_mixin.py:137} INFO - [2023-05-21T15:01:51.784+0000] {dag.py:2690} INFO - Sync 1 DAGs
[2023-05-21T15:01:51.811+0000] {logging_mixin.py:137} INFO - [2023-05-21T15:01:51.811+0000] {dag.py:3441} INFO - Setting next_dagrun for example_task_group_decorator to 2023-05-20T15:01:51.811192+00:00, run_after=2023-05-21T15:01:51.811192+00:00
[2023-05-21T15:01:51.835+0000] {processor.py:175} INFO - Processing /home/airflow/.local/lib/python3.7/site-packages/airflow/example_dags/example_task_group_decorator.py took 0.116 seconds
[2023-05-21T15:02:22.551+0000] {processor.py:153} INFO - Started process (PID=543) to work on /home/airflow/.local/lib/python3.7/site-packages/airflow/example_dags/example_task_group_decorator.py
[2023-05-21T15:02:22.573+0000] {processor.py:743} INFO - Processing file /home/airflow/.local/lib/python3.7/site-packages/airflow/example_dags/example_task_group_decorator.py for tasks to queue
[2023-05-21T15:02:22.574+0000] {logging_mixin.py:137} INFO - [2023-05-21T15:02:22.574+0000] {dagbag.py:538} INFO - Filling up the DagBag from /home/airflow/.local/lib/python3.7/site-packages/airflow/example_dags/example_task_group_decorator.py
[2023-05-21T15:02:22.636+0000] {processor.py:753} INFO - DAG(s) dict_keys(['example_task_group_decorator']) retrieved from /home/airflow/.local/lib/python3.7/site-packages/airflow/example_dags/example_task_group_decorator.py
[2023-05-21T15:02:22.679+0000] {logging_mixin.py:137} INFO - [2023-05-21T15:02:22.679+0000] {dag.py:2690} INFO - Sync 1 DAGs
[2023-05-21T15:02:22.724+0000] {logging_mixin.py:137} INFO - [2023-05-21T15:02:22.723+0000] {dag.py:3441} INFO - Setting next_dagrun for example_task_group_decorator to 2023-05-20T15:02:22.723585+00:00, run_after=2023-05-21T15:02:22.723585+00:00
[2023-05-21T15:02:22.768+0000] {processor.py:175} INFO - Processing /home/airflow/.local/lib/python3.7/site-packages/airflow/example_dags/example_task_group_decorator.py took 0.221 seconds
[2023-05-21T15:02:52.884+0000] {processor.py:153} INFO - Started process (PID=613) to work on /home/airflow/.local/lib/python3.7/site-packages/airflow/example_dags/example_task_group_decorator.py
[2023-05-21T15:02:52.885+0000] {processor.py:743} INFO - Processing file /home/airflow/.local/lib/python3.7/site-packages/airflow/example_dags/example_task_group_decorator.py for tasks to queue
[2023-05-21T15:02:52.886+0000] {logging_mixin.py:137} INFO - [2023-05-21T15:02:52.886+0000] {dagbag.py:538} INFO - Filling up the DagBag from /home/airflow/.local/lib/python3.7/site-packages/airflow/example_dags/example_task_group_decorator.py
[2023-05-21T15:02:52.915+0000] {processor.py:753} INFO - DAG(s) dict_keys(['example_task_group_decorator']) retrieved from /home/airflow/.local/lib/python3.7/site-packages/airflow/example_dags/example_task_group_decorator.py
[2023-05-21T15:02:52.956+0000] {logging_mixin.py:137} INFO - [2023-05-21T15:02:52.956+0000] {dag.py:2690} INFO - Sync 1 DAGs
[2023-05-21T15:02:52.997+0000] {logging_mixin.py:137} INFO - [2023-05-21T15:02:52.997+0000] {dag.py:3441} INFO - Setting next_dagrun for example_task_group_decorator to 2023-05-20T15:02:52.997041+00:00, run_after=2023-05-21T15:02:52.997041+00:00
[2023-05-21T15:02:53.023+0000] {processor.py:175} INFO - Processing /home/airflow/.local/lib/python3.7/site-packages/airflow/example_dags/example_task_group_decorator.py took 0.144 seconds
[2023-05-21T15:03:23.428+0000] {processor.py:153} INFO - Started process (PID=678) to work on /home/airflow/.local/lib/python3.7/site-packages/airflow/example_dags/example_task_group_decorator.py
[2023-05-21T15:03:23.429+0000] {processor.py:743} INFO - Processing file /home/airflow/.local/lib/python3.7/site-packages/airflow/example_dags/example_task_group_decorator.py for tasks to queue
[2023-05-21T15:03:23.429+0000] {logging_mixin.py:137} INFO - [2023-05-21T15:03:23.429+0000] {dagbag.py:538} INFO - Filling up the DagBag from /home/airflow/.local/lib/python3.7/site-packages/airflow/example_dags/example_task_group_decorator.py
[2023-05-21T15:03:23.459+0000] {processor.py:753} INFO - DAG(s) dict_keys(['example_task_group_decorator']) retrieved from /home/airflow/.local/lib/python3.7/site-packages/airflow/example_dags/example_task_group_decorator.py
[2023-05-21T15:03:23.487+0000] {logging_mixin.py:137} INFO - [2023-05-21T15:03:23.487+0000] {dag.py:2690} INFO - Sync 1 DAGs
[2023-05-21T15:03:23.516+0000] {logging_mixin.py:137} INFO - [2023-05-21T15:03:23.516+0000] {dag.py:3441} INFO - Setting next_dagrun for example_task_group_decorator to 2023-05-20T15:03:23.516109+00:00, run_after=2023-05-21T15:03:23.516109+00:00
[2023-05-21T15:03:23.538+0000] {processor.py:175} INFO - Processing /home/airflow/.local/lib/python3.7/site-packages/airflow/example_dags/example_task_group_decorator.py took 0.115 seconds
[2023-05-21T15:03:54.030+0000] {processor.py:153} INFO - Started process (PID=754) to work on /home/airflow/.local/lib/python3.7/site-packages/airflow/example_dags/example_task_group_decorator.py
[2023-05-21T15:03:54.030+0000] {processor.py:743} INFO - Processing file /home/airflow/.local/lib/python3.7/site-packages/airflow/example_dags/example_task_group_decorator.py for tasks to queue
[2023-05-21T15:03:54.031+0000] {logging_mixin.py:137} INFO - [2023-05-21T15:03:54.031+0000] {dagbag.py:538} INFO - Filling up the DagBag from /home/airflow/.local/lib/python3.7/site-packages/airflow/example_dags/example_task_group_decorator.py
[2023-05-21T15:03:54.119+0000] {processor.py:753} INFO - DAG(s) dict_keys(['example_task_group_decorator']) retrieved from /home/airflow/.local/lib/python3.7/site-packages/airflow/example_dags/example_task_group_decorator.py
[2023-05-21T15:03:54.164+0000] {logging_mixin.py:137} INFO - [2023-05-21T15:03:54.163+0000] {dag.py:2690} INFO - Sync 1 DAGs
[2023-05-21T15:03:54.212+0000] {logging_mixin.py:137} INFO - [2023-05-21T15:03:54.212+0000] {dag.py:3441} INFO - Setting next_dagrun for example_task_group_decorator to 2023-05-20T15:03:54.211851+00:00, run_after=2023-05-21T15:03:54.211851+00:00
[2023-05-21T15:03:54.246+0000] {processor.py:175} INFO - Processing /home/airflow/.local/lib/python3.7/site-packages/airflow/example_dags/example_task_group_decorator.py took 0.221 seconds
[2023-05-21T15:04:25.746+0000] {processor.py:153} INFO - Started process (PID=818) to work on /home/airflow/.local/lib/python3.7/site-packages/airflow/example_dags/example_task_group_decorator.py
[2023-05-21T15:04:25.747+0000] {processor.py:743} INFO - Processing file /home/airflow/.local/lib/python3.7/site-packages/airflow/example_dags/example_task_group_decorator.py for tasks to queue
[2023-05-21T15:04:25.748+0000] {logging_mixin.py:137} INFO - [2023-05-21T15:04:25.748+0000] {dagbag.py:538} INFO - Filling up the DagBag from /home/airflow/.local/lib/python3.7/site-packages/airflow/example_dags/example_task_group_decorator.py
[2023-05-21T15:04:25.840+0000] {processor.py:753} INFO - DAG(s) dict_keys(['example_task_group_decorator']) retrieved from /home/airflow/.local/lib/python3.7/site-packages/airflow/example_dags/example_task_group_decorator.py
[2023-05-21T15:04:25.925+0000] {logging_mixin.py:137} INFO - [2023-05-21T15:04:25.925+0000] {dag.py:2690} INFO - Sync 1 DAGs
[2023-05-21T15:04:26.014+0000] {logging_mixin.py:137} INFO - [2023-05-21T15:04:26.013+0000] {dag.py:3441} INFO - Setting next_dagrun for example_task_group_decorator to 2023-05-20T15:04:26.013371+00:00, run_after=2023-05-21T15:04:26.013371+00:00
[2023-05-21T15:04:26.086+0000] {processor.py:175} INFO - Processing /home/airflow/.local/lib/python3.7/site-packages/airflow/example_dags/example_task_group_decorator.py took 0.347 seconds
[2023-05-21T15:04:57.329+0000] {processor.py:153} INFO - Started process (PID=884) to work on /home/airflow/.local/lib/python3.7/site-packages/airflow/example_dags/example_task_group_decorator.py
[2023-05-21T15:04:57.332+0000] {processor.py:743} INFO - Processing file /home/airflow/.local/lib/python3.7/site-packages/airflow/example_dags/example_task_group_decorator.py for tasks to queue
[2023-05-21T15:04:57.333+0000] {logging_mixin.py:137} INFO - [2023-05-21T15:04:57.333+0000] {dagbag.py:538} INFO - Filling up the DagBag from /home/airflow/.local/lib/python3.7/site-packages/airflow/example_dags/example_task_group_decorator.py
[2023-05-21T15:04:57.386+0000] {processor.py:753} INFO - DAG(s) dict_keys(['example_task_group_decorator']) retrieved from /home/airflow/.local/lib/python3.7/site-packages/airflow/example_dags/example_task_group_decorator.py
[2023-05-21T15:04:57.430+0000] {logging_mixin.py:137} INFO - [2023-05-21T15:04:57.430+0000] {dag.py:2690} INFO - Sync 1 DAGs
[2023-05-21T15:04:57.478+0000] {logging_mixin.py:137} INFO - [2023-05-21T15:04:57.478+0000] {dag.py:3441} INFO - Setting next_dagrun for example_task_group_decorator to 2023-05-20T15:04:57.477927+00:00, run_after=2023-05-21T15:04:57.477927+00:00
[2023-05-21T15:04:57.504+0000] {processor.py:175} INFO - Processing /home/airflow/.local/lib/python3.7/site-packages/airflow/example_dags/example_task_group_decorator.py took 0.181 seconds
