[2023-05-21T14:45:21.924+0000] {processor.py:156} INFO - Started process (PID=244) to work on /home/airflow/.local/lib/python3.7/site-packages/airflow/example_dags/example_complex.py
[2023-05-21T14:45:21.925+0000] {processor.py:758} INFO - Processing file /home/airflow/.local/lib/python3.7/site-packages/airflow/example_dags/example_complex.py for tasks to queue
[2023-05-21T14:45:21.925+0000] {logging_mixin.py:117} INFO - [2023-05-21T14:45:21.925+0000] {dagbag.py:525} INFO - Filling up the DagBag from /home/airflow/.local/lib/python3.7/site-packages/airflow/example_dags/example_complex.py
[2023-05-21T14:45:21.957+0000] {processor.py:768} INFO - DAG(s) dict_keys(['example_complex']) retrieved from /home/airflow/.local/lib/python3.7/site-packages/airflow/example_dags/example_complex.py
[2023-05-21T14:45:21.994+0000] {logging_mixin.py:117} INFO - [2023-05-21T14:45:21.994+0000] {dag.py:2573} INFO - Sync 1 DAGs
[2023-05-21T14:45:22.036+0000] {logging_mixin.py:117} INFO - [2023-05-21T14:45:22.035+0000] {dag.py:3328} INFO - Setting next_dagrun for example_complex to None, run_after=None
[2023-05-21T14:45:22.067+0000] {processor.py:178} INFO - Processing /home/airflow/.local/lib/python3.7/site-packages/airflow/example_dags/example_complex.py took 0.147 seconds
[2023-05-21T14:45:52.714+0000] {processor.py:156} INFO - Started process (PID=450) to work on /home/airflow/.local/lib/python3.7/site-packages/airflow/example_dags/example_complex.py
[2023-05-21T14:45:52.714+0000] {processor.py:758} INFO - Processing file /home/airflow/.local/lib/python3.7/site-packages/airflow/example_dags/example_complex.py for tasks to queue
[2023-05-21T14:45:52.715+0000] {logging_mixin.py:117} INFO - [2023-05-21T14:45:52.715+0000] {dagbag.py:525} INFO - Filling up the DagBag from /home/airflow/.local/lib/python3.7/site-packages/airflow/example_dags/example_complex.py
[2023-05-21T14:45:52.745+0000] {processor.py:768} INFO - DAG(s) dict_keys(['example_complex']) retrieved from /home/airflow/.local/lib/python3.7/site-packages/airflow/example_dags/example_complex.py
[2023-05-21T14:45:52.792+0000] {logging_mixin.py:117} INFO - [2023-05-21T14:45:52.791+0000] {dag.py:2573} INFO - Sync 1 DAGs
[2023-05-21T14:45:52.826+0000] {logging_mixin.py:117} INFO - [2023-05-21T14:45:52.826+0000] {dag.py:3328} INFO - Setting next_dagrun for example_complex to None, run_after=None
[2023-05-21T14:45:52.884+0000] {processor.py:178} INFO - Processing /home/airflow/.local/lib/python3.7/site-packages/airflow/example_dags/example_complex.py took 0.174 seconds
[2023-05-21T14:46:23.912+0000] {processor.py:156} INFO - Started process (PID=662) to work on /home/airflow/.local/lib/python3.7/site-packages/airflow/example_dags/example_complex.py
[2023-05-21T14:46:23.913+0000] {processor.py:758} INFO - Processing file /home/airflow/.local/lib/python3.7/site-packages/airflow/example_dags/example_complex.py for tasks to queue
[2023-05-21T14:46:23.914+0000] {logging_mixin.py:117} INFO - [2023-05-21T14:46:23.914+0000] {dagbag.py:525} INFO - Filling up the DagBag from /home/airflow/.local/lib/python3.7/site-packages/airflow/example_dags/example_complex.py
[2023-05-21T14:46:23.944+0000] {processor.py:768} INFO - DAG(s) dict_keys(['example_complex']) retrieved from /home/airflow/.local/lib/python3.7/site-packages/airflow/example_dags/example_complex.py
[2023-05-21T14:46:24.007+0000] {logging_mixin.py:117} INFO - [2023-05-21T14:46:24.006+0000] {dag.py:2573} INFO - Sync 1 DAGs
[2023-05-21T14:46:24.216+0000] {logging_mixin.py:117} INFO - [2023-05-21T14:46:24.216+0000] {dag.py:3328} INFO - Setting next_dagrun for example_complex to None, run_after=None
[2023-05-21T14:46:24.245+0000] {processor.py:178} INFO - Processing /home/airflow/.local/lib/python3.7/site-packages/airflow/example_dags/example_complex.py took 0.336 seconds
[2023-05-21T14:46:55.050+0000] {processor.py:156} INFO - Started process (PID=876) to work on /home/airflow/.local/lib/python3.7/site-packages/airflow/example_dags/example_complex.py
[2023-05-21T14:46:55.051+0000] {processor.py:758} INFO - Processing file /home/airflow/.local/lib/python3.7/site-packages/airflow/example_dags/example_complex.py for tasks to queue
[2023-05-21T14:46:55.051+0000] {logging_mixin.py:117} INFO - [2023-05-21T14:46:55.051+0000] {dagbag.py:525} INFO - Filling up the DagBag from /home/airflow/.local/lib/python3.7/site-packages/airflow/example_dags/example_complex.py
[2023-05-21T14:46:55.072+0000] {processor.py:768} INFO - DAG(s) dict_keys(['example_complex']) retrieved from /home/airflow/.local/lib/python3.7/site-packages/airflow/example_dags/example_complex.py
[2023-05-21T14:46:55.233+0000] {logging_mixin.py:117} INFO - [2023-05-21T14:46:55.233+0000] {dag.py:2573} INFO - Sync 1 DAGs
[2023-05-21T14:46:55.256+0000] {logging_mixin.py:117} INFO - [2023-05-21T14:46:55.256+0000] {dag.py:3328} INFO - Setting next_dagrun for example_complex to None, run_after=None
[2023-05-21T14:46:55.275+0000] {processor.py:178} INFO - Processing /home/airflow/.local/lib/python3.7/site-packages/airflow/example_dags/example_complex.py took 0.228 seconds
[2023-05-21T14:47:25.682+0000] {processor.py:156} INFO - Started process (PID=1081) to work on /home/airflow/.local/lib/python3.7/site-packages/airflow/example_dags/example_complex.py
[2023-05-21T14:47:25.684+0000] {processor.py:758} INFO - Processing file /home/airflow/.local/lib/python3.7/site-packages/airflow/example_dags/example_complex.py for tasks to queue
[2023-05-21T14:47:25.684+0000] {logging_mixin.py:117} INFO - [2023-05-21T14:47:25.684+0000] {dagbag.py:525} INFO - Filling up the DagBag from /home/airflow/.local/lib/python3.7/site-packages/airflow/example_dags/example_complex.py
[2023-05-21T14:47:25.720+0000] {processor.py:768} INFO - DAG(s) dict_keys(['example_complex']) retrieved from /home/airflow/.local/lib/python3.7/site-packages/airflow/example_dags/example_complex.py
[2023-05-21T14:47:25.926+0000] {logging_mixin.py:117} INFO - [2023-05-21T14:47:25.926+0000] {dag.py:2573} INFO - Sync 1 DAGs
[2023-05-21T14:47:25.961+0000] {logging_mixin.py:117} INFO - [2023-05-21T14:47:25.961+0000] {dag.py:3328} INFO - Setting next_dagrun for example_complex to None, run_after=None
[2023-05-21T14:47:25.988+0000] {processor.py:178} INFO - Processing /home/airflow/.local/lib/python3.7/site-packages/airflow/example_dags/example_complex.py took 0.310 seconds
[2023-05-21T14:47:56.498+0000] {processor.py:156} INFO - Started process (PID=1294) to work on /home/airflow/.local/lib/python3.7/site-packages/airflow/example_dags/example_complex.py
[2023-05-21T14:47:56.499+0000] {processor.py:758} INFO - Processing file /home/airflow/.local/lib/python3.7/site-packages/airflow/example_dags/example_complex.py for tasks to queue
[2023-05-21T14:47:56.501+0000] {logging_mixin.py:117} INFO - [2023-05-21T14:47:56.500+0000] {dagbag.py:525} INFO - Filling up the DagBag from /home/airflow/.local/lib/python3.7/site-packages/airflow/example_dags/example_complex.py
[2023-05-21T14:47:56.533+0000] {processor.py:768} INFO - DAG(s) dict_keys(['example_complex']) retrieved from /home/airflow/.local/lib/python3.7/site-packages/airflow/example_dags/example_complex.py
[2023-05-21T14:47:56.602+0000] {logging_mixin.py:117} INFO - [2023-05-21T14:47:56.602+0000] {dag.py:2573} INFO - Sync 1 DAGs
[2023-05-21T14:47:56.645+0000] {logging_mixin.py:117} INFO - [2023-05-21T14:47:56.644+0000] {dag.py:3328} INFO - Setting next_dagrun for example_complex to None, run_after=None
[2023-05-21T14:47:56.678+0000] {processor.py:178} INFO - Processing /home/airflow/.local/lib/python3.7/site-packages/airflow/example_dags/example_complex.py took 0.183 seconds
[2023-05-21T14:50:28.935+0000] {processor.py:156} INFO - Started process (PID=244) to work on /home/airflow/.local/lib/python3.7/site-packages/airflow/example_dags/example_complex.py
[2023-05-21T14:50:28.942+0000] {processor.py:758} INFO - Processing file /home/airflow/.local/lib/python3.7/site-packages/airflow/example_dags/example_complex.py for tasks to queue
[2023-05-21T14:50:28.943+0000] {logging_mixin.py:117} INFO - [2023-05-21T14:50:28.943+0000] {dagbag.py:525} INFO - Filling up the DagBag from /home/airflow/.local/lib/python3.7/site-packages/airflow/example_dags/example_complex.py
[2023-05-21T14:50:29.035+0000] {processor.py:768} INFO - DAG(s) dict_keys(['example_complex']) retrieved from /home/airflow/.local/lib/python3.7/site-packages/airflow/example_dags/example_complex.py
[2023-05-21T14:50:29.154+0000] {logging_mixin.py:117} INFO - [2023-05-21T14:50:29.153+0000] {dag.py:2573} INFO - Sync 1 DAGs
[2023-05-21T14:50:29.250+0000] {logging_mixin.py:117} INFO - [2023-05-21T14:50:29.249+0000] {dag.py:3328} INFO - Setting next_dagrun for example_complex to None, run_after=None
[2023-05-21T14:50:29.335+0000] {processor.py:178} INFO - Processing /home/airflow/.local/lib/python3.7/site-packages/airflow/example_dags/example_complex.py took 0.405 seconds
[2023-05-21T14:50:59.390+0000] {processor.py:156} INFO - Started process (PID=445) to work on /home/airflow/.local/lib/python3.7/site-packages/airflow/example_dags/example_complex.py
[2023-05-21T14:50:59.391+0000] {processor.py:758} INFO - Processing file /home/airflow/.local/lib/python3.7/site-packages/airflow/example_dags/example_complex.py for tasks to queue
[2023-05-21T14:50:59.391+0000] {logging_mixin.py:117} INFO - [2023-05-21T14:50:59.391+0000] {dagbag.py:525} INFO - Filling up the DagBag from /home/airflow/.local/lib/python3.7/site-packages/airflow/example_dags/example_complex.py
[2023-05-21T14:50:59.411+0000] {processor.py:768} INFO - DAG(s) dict_keys(['example_complex']) retrieved from /home/airflow/.local/lib/python3.7/site-packages/airflow/example_dags/example_complex.py
[2023-05-21T14:50:59.451+0000] {logging_mixin.py:117} INFO - [2023-05-21T14:50:59.451+0000] {dag.py:2573} INFO - Sync 1 DAGs
[2023-05-21T14:50:59.475+0000] {logging_mixin.py:117} INFO - [2023-05-21T14:50:59.475+0000] {dag.py:3328} INFO - Setting next_dagrun for example_complex to None, run_after=None
[2023-05-21T14:50:59.498+0000] {processor.py:178} INFO - Processing /home/airflow/.local/lib/python3.7/site-packages/airflow/example_dags/example_complex.py took 0.111 seconds
[2023-05-21T14:51:30.559+0000] {processor.py:156} INFO - Started process (PID=662) to work on /home/airflow/.local/lib/python3.7/site-packages/airflow/example_dags/example_complex.py
[2023-05-21T14:51:30.560+0000] {processor.py:758} INFO - Processing file /home/airflow/.local/lib/python3.7/site-packages/airflow/example_dags/example_complex.py for tasks to queue
[2023-05-21T14:51:30.561+0000] {logging_mixin.py:117} INFO - [2023-05-21T14:51:30.561+0000] {dagbag.py:525} INFO - Filling up the DagBag from /home/airflow/.local/lib/python3.7/site-packages/airflow/example_dags/example_complex.py
[2023-05-21T14:51:30.590+0000] {processor.py:768} INFO - DAG(s) dict_keys(['example_complex']) retrieved from /home/airflow/.local/lib/python3.7/site-packages/airflow/example_dags/example_complex.py
[2023-05-21T14:51:30.652+0000] {logging_mixin.py:117} INFO - [2023-05-21T14:51:30.652+0000] {dag.py:2573} INFO - Sync 1 DAGs
[2023-05-21T14:51:30.828+0000] {logging_mixin.py:117} INFO - [2023-05-21T14:51:30.828+0000] {dag.py:3328} INFO - Setting next_dagrun for example_complex to None, run_after=None
[2023-05-21T14:51:30.848+0000] {processor.py:178} INFO - Processing /home/airflow/.local/lib/python3.7/site-packages/airflow/example_dags/example_complex.py took 0.293 seconds
[2023-05-21T14:52:01.215+0000] {processor.py:156} INFO - Started process (PID=867) to work on /home/airflow/.local/lib/python3.7/site-packages/airflow/example_dags/example_complex.py
[2023-05-21T14:52:01.216+0000] {processor.py:758} INFO - Processing file /home/airflow/.local/lib/python3.7/site-packages/airflow/example_dags/example_complex.py for tasks to queue
[2023-05-21T14:52:01.216+0000] {logging_mixin.py:117} INFO - [2023-05-21T14:52:01.216+0000] {dagbag.py:525} INFO - Filling up the DagBag from /home/airflow/.local/lib/python3.7/site-packages/airflow/example_dags/example_complex.py
[2023-05-21T14:52:01.243+0000] {processor.py:768} INFO - DAG(s) dict_keys(['example_complex']) retrieved from /home/airflow/.local/lib/python3.7/site-packages/airflow/example_dags/example_complex.py
[2023-05-21T14:52:01.454+0000] {logging_mixin.py:117} INFO - [2023-05-21T14:52:01.454+0000] {dag.py:2573} INFO - Sync 1 DAGs
[2023-05-21T14:52:01.499+0000] {logging_mixin.py:117} INFO - [2023-05-21T14:52:01.499+0000] {dag.py:3328} INFO - Setting next_dagrun for example_complex to None, run_after=None
[2023-05-21T14:52:01.528+0000] {processor.py:178} INFO - Processing /home/airflow/.local/lib/python3.7/site-packages/airflow/example_dags/example_complex.py took 0.316 seconds
[2023-05-21T14:58:49.387+0000] {processor.py:153} INFO - Started process (PID=62) to work on /home/airflow/.local/lib/python3.7/site-packages/airflow/example_dags/example_complex.py
[2023-05-21T14:58:49.388+0000] {processor.py:743} INFO - Processing file /home/airflow/.local/lib/python3.7/site-packages/airflow/example_dags/example_complex.py for tasks to queue
[2023-05-21T14:58:49.389+0000] {logging_mixin.py:137} INFO - [2023-05-21T14:58:49.389+0000] {dagbag.py:538} INFO - Filling up the DagBag from /home/airflow/.local/lib/python3.7/site-packages/airflow/example_dags/example_complex.py
[2023-05-21T14:58:49.424+0000] {logging_mixin.py:137} INFO - [2023-05-21T14:58:49.424+0000] {taskmixin.py:205} WARNING - Dependency <Task(BashOperator): create_entry_group>, delete_entry_group already registered for DAG: example_complex
[2023-05-21T14:58:49.425+0000] {logging_mixin.py:137} INFO - [2023-05-21T14:58:49.425+0000] {taskmixin.py:205} WARNING - Dependency <Task(BashOperator): delete_entry_group>, create_entry_group already registered for DAG: example_complex
[2023-05-21T14:58:49.426+0000] {logging_mixin.py:137} INFO - [2023-05-21T14:58:49.426+0000] {taskmixin.py:205} WARNING - Dependency <Task(BashOperator): create_entry_gcs>, delete_entry already registered for DAG: example_complex
[2023-05-21T14:58:49.427+0000] {logging_mixin.py:137} INFO - [2023-05-21T14:58:49.427+0000] {taskmixin.py:205} WARNING - Dependency <Task(BashOperator): delete_entry>, create_entry_gcs already registered for DAG: example_complex
[2023-05-21T14:58:49.428+0000] {logging_mixin.py:137} INFO - [2023-05-21T14:58:49.427+0000] {taskmixin.py:205} WARNING - Dependency <Task(BashOperator): create_tag>, delete_tag already registered for DAG: example_complex
[2023-05-21T14:58:49.428+0000] {logging_mixin.py:137} INFO - [2023-05-21T14:58:49.428+0000] {taskmixin.py:205} WARNING - Dependency <Task(BashOperator): delete_tag>, create_tag already registered for DAG: example_complex
[2023-05-21T14:58:49.473+0000] {processor.py:753} INFO - DAG(s) dict_keys(['example_complex']) retrieved from /home/airflow/.local/lib/python3.7/site-packages/airflow/example_dags/example_complex.py
[2023-05-21T14:58:49.584+0000] {logging_mixin.py:137} INFO - [2023-05-21T14:58:49.584+0000] {dag.py:2690} INFO - Sync 1 DAGs
[2023-05-21T14:58:49.630+0000] {logging_mixin.py:137} INFO - [2023-05-21T14:58:49.629+0000] {dag.py:3441} INFO - Setting next_dagrun for example_complex to None, run_after=None
[2023-05-21T14:58:49.701+0000] {processor.py:175} INFO - Processing /home/airflow/.local/lib/python3.7/site-packages/airflow/example_dags/example_complex.py took 0.320 seconds
[2023-05-21T14:59:20.428+0000] {processor.py:153} INFO - Started process (PID=127) to work on /home/airflow/.local/lib/python3.7/site-packages/airflow/example_dags/example_complex.py
[2023-05-21T14:59:20.429+0000] {processor.py:743} INFO - Processing file /home/airflow/.local/lib/python3.7/site-packages/airflow/example_dags/example_complex.py for tasks to queue
[2023-05-21T14:59:20.429+0000] {logging_mixin.py:137} INFO - [2023-05-21T14:59:20.429+0000] {dagbag.py:538} INFO - Filling up the DagBag from /home/airflow/.local/lib/python3.7/site-packages/airflow/example_dags/example_complex.py
[2023-05-21T14:59:20.442+0000] {logging_mixin.py:137} INFO - [2023-05-21T14:59:20.441+0000] {taskmixin.py:205} WARNING - Dependency <Task(BashOperator): create_entry_group>, delete_entry_group already registered for DAG: example_complex
[2023-05-21T14:59:20.442+0000] {logging_mixin.py:137} INFO - [2023-05-21T14:59:20.442+0000] {taskmixin.py:205} WARNING - Dependency <Task(BashOperator): delete_entry_group>, create_entry_group already registered for DAG: example_complex
[2023-05-21T14:59:20.442+0000] {logging_mixin.py:137} INFO - [2023-05-21T14:59:20.442+0000] {taskmixin.py:205} WARNING - Dependency <Task(BashOperator): create_entry_gcs>, delete_entry already registered for DAG: example_complex
[2023-05-21T14:59:20.442+0000] {logging_mixin.py:137} INFO - [2023-05-21T14:59:20.442+0000] {taskmixin.py:205} WARNING - Dependency <Task(BashOperator): delete_entry>, create_entry_gcs already registered for DAG: example_complex
[2023-05-21T14:59:20.442+0000] {logging_mixin.py:137} INFO - [2023-05-21T14:59:20.442+0000] {taskmixin.py:205} WARNING - Dependency <Task(BashOperator): create_tag>, delete_tag already registered for DAG: example_complex
[2023-05-21T14:59:20.443+0000] {logging_mixin.py:137} INFO - [2023-05-21T14:59:20.443+0000] {taskmixin.py:205} WARNING - Dependency <Task(BashOperator): delete_tag>, create_tag already registered for DAG: example_complex
[2023-05-21T14:59:20.450+0000] {processor.py:753} INFO - DAG(s) dict_keys(['example_complex']) retrieved from /home/airflow/.local/lib/python3.7/site-packages/airflow/example_dags/example_complex.py
[2023-05-21T14:59:20.513+0000] {logging_mixin.py:137} INFO - [2023-05-21T14:59:20.513+0000] {dag.py:2690} INFO - Sync 1 DAGs
[2023-05-21T14:59:20.539+0000] {logging_mixin.py:137} INFO - [2023-05-21T14:59:20.539+0000] {dag.py:3441} INFO - Setting next_dagrun for example_complex to None, run_after=None
[2023-05-21T14:59:20.567+0000] {processor.py:175} INFO - Processing /home/airflow/.local/lib/python3.7/site-packages/airflow/example_dags/example_complex.py took 0.144 seconds
[2023-05-21T14:59:51.481+0000] {processor.py:153} INFO - Started process (PID=204) to work on /home/airflow/.local/lib/python3.7/site-packages/airflow/example_dags/example_complex.py
[2023-05-21T14:59:51.482+0000] {processor.py:743} INFO - Processing file /home/airflow/.local/lib/python3.7/site-packages/airflow/example_dags/example_complex.py for tasks to queue
[2023-05-21T14:59:51.482+0000] {logging_mixin.py:137} INFO - [2023-05-21T14:59:51.482+0000] {dagbag.py:538} INFO - Filling up the DagBag from /home/airflow/.local/lib/python3.7/site-packages/airflow/example_dags/example_complex.py
[2023-05-21T14:59:51.495+0000] {logging_mixin.py:137} INFO - [2023-05-21T14:59:51.495+0000] {taskmixin.py:205} WARNING - Dependency <Task(BashOperator): create_entry_group>, delete_entry_group already registered for DAG: example_complex
[2023-05-21T14:59:51.496+0000] {logging_mixin.py:137} INFO - [2023-05-21T14:59:51.496+0000] {taskmixin.py:205} WARNING - Dependency <Task(BashOperator): delete_entry_group>, create_entry_group already registered for DAG: example_complex
[2023-05-21T14:59:51.496+0000] {logging_mixin.py:137} INFO - [2023-05-21T14:59:51.496+0000] {taskmixin.py:205} WARNING - Dependency <Task(BashOperator): create_entry_gcs>, delete_entry already registered for DAG: example_complex
[2023-05-21T14:59:51.496+0000] {logging_mixin.py:137} INFO - [2023-05-21T14:59:51.496+0000] {taskmixin.py:205} WARNING - Dependency <Task(BashOperator): delete_entry>, create_entry_gcs already registered for DAG: example_complex
[2023-05-21T14:59:51.496+0000] {logging_mixin.py:137} INFO - [2023-05-21T14:59:51.496+0000] {taskmixin.py:205} WARNING - Dependency <Task(BashOperator): create_tag>, delete_tag already registered for DAG: example_complex
[2023-05-21T14:59:51.497+0000] {logging_mixin.py:137} INFO - [2023-05-21T14:59:51.496+0000] {taskmixin.py:205} WARNING - Dependency <Task(BashOperator): delete_tag>, create_tag already registered for DAG: example_complex
[2023-05-21T14:59:51.505+0000] {processor.py:753} INFO - DAG(s) dict_keys(['example_complex']) retrieved from /home/airflow/.local/lib/python3.7/site-packages/airflow/example_dags/example_complex.py
[2023-05-21T14:59:51.550+0000] {logging_mixin.py:137} INFO - [2023-05-21T14:59:51.550+0000] {dag.py:2690} INFO - Sync 1 DAGs
[2023-05-21T14:59:51.575+0000] {logging_mixin.py:137} INFO - [2023-05-21T14:59:51.575+0000] {dag.py:3441} INFO - Setting next_dagrun for example_complex to None, run_after=None
[2023-05-21T14:59:51.595+0000] {processor.py:175} INFO - Processing /home/airflow/.local/lib/python3.7/site-packages/airflow/example_dags/example_complex.py took 0.118 seconds
[2023-05-21T15:00:21.827+0000] {processor.py:153} INFO - Started process (PID=269) to work on /home/airflow/.local/lib/python3.7/site-packages/airflow/example_dags/example_complex.py
[2023-05-21T15:00:21.828+0000] {processor.py:743} INFO - Processing file /home/airflow/.local/lib/python3.7/site-packages/airflow/example_dags/example_complex.py for tasks to queue
[2023-05-21T15:00:21.828+0000] {logging_mixin.py:137} INFO - [2023-05-21T15:00:21.828+0000] {dagbag.py:538} INFO - Filling up the DagBag from /home/airflow/.local/lib/python3.7/site-packages/airflow/example_dags/example_complex.py
[2023-05-21T15:00:21.839+0000] {logging_mixin.py:137} INFO - [2023-05-21T15:00:21.839+0000] {taskmixin.py:205} WARNING - Dependency <Task(BashOperator): create_entry_group>, delete_entry_group already registered for DAG: example_complex
[2023-05-21T15:00:21.839+0000] {logging_mixin.py:137} INFO - [2023-05-21T15:00:21.839+0000] {taskmixin.py:205} WARNING - Dependency <Task(BashOperator): delete_entry_group>, create_entry_group already registered for DAG: example_complex
[2023-05-21T15:00:21.839+0000] {logging_mixin.py:137} INFO - [2023-05-21T15:00:21.839+0000] {taskmixin.py:205} WARNING - Dependency <Task(BashOperator): create_entry_gcs>, delete_entry already registered for DAG: example_complex
[2023-05-21T15:00:21.839+0000] {logging_mixin.py:137} INFO - [2023-05-21T15:00:21.839+0000] {taskmixin.py:205} WARNING - Dependency <Task(BashOperator): delete_entry>, create_entry_gcs already registered for DAG: example_complex
[2023-05-21T15:00:21.840+0000] {logging_mixin.py:137} INFO - [2023-05-21T15:00:21.840+0000] {taskmixin.py:205} WARNING - Dependency <Task(BashOperator): create_tag>, delete_tag already registered for DAG: example_complex
[2023-05-21T15:00:21.840+0000] {logging_mixin.py:137} INFO - [2023-05-21T15:00:21.840+0000] {taskmixin.py:205} WARNING - Dependency <Task(BashOperator): delete_tag>, create_tag already registered for DAG: example_complex
[2023-05-21T15:00:21.848+0000] {processor.py:753} INFO - DAG(s) dict_keys(['example_complex']) retrieved from /home/airflow/.local/lib/python3.7/site-packages/airflow/example_dags/example_complex.py
[2023-05-21T15:00:21.880+0000] {logging_mixin.py:137} INFO - [2023-05-21T15:00:21.879+0000] {dag.py:2690} INFO - Sync 1 DAGs
[2023-05-21T15:00:21.912+0000] {logging_mixin.py:137} INFO - [2023-05-21T15:00:21.912+0000] {dag.py:3441} INFO - Setting next_dagrun for example_complex to None, run_after=None
[2023-05-21T15:00:21.934+0000] {processor.py:175} INFO - Processing /home/airflow/.local/lib/python3.7/site-packages/airflow/example_dags/example_complex.py took 0.110 seconds
[2023-05-21T15:00:53.147+0000] {processor.py:153} INFO - Started process (PID=340) to work on /home/airflow/.local/lib/python3.7/site-packages/airflow/example_dags/example_complex.py
[2023-05-21T15:00:53.148+0000] {processor.py:743} INFO - Processing file /home/airflow/.local/lib/python3.7/site-packages/airflow/example_dags/example_complex.py for tasks to queue
[2023-05-21T15:00:53.149+0000] {logging_mixin.py:137} INFO - [2023-05-21T15:00:53.149+0000] {dagbag.py:538} INFO - Filling up the DagBag from /home/airflow/.local/lib/python3.7/site-packages/airflow/example_dags/example_complex.py
[2023-05-21T15:00:53.178+0000] {logging_mixin.py:137} INFO - [2023-05-21T15:00:53.178+0000] {taskmixin.py:205} WARNING - Dependency <Task(BashOperator): create_entry_group>, delete_entry_group already registered for DAG: example_complex
[2023-05-21T15:00:53.179+0000] {logging_mixin.py:137} INFO - [2023-05-21T15:00:53.178+0000] {taskmixin.py:205} WARNING - Dependency <Task(BashOperator): delete_entry_group>, create_entry_group already registered for DAG: example_complex
[2023-05-21T15:00:53.179+0000] {logging_mixin.py:137} INFO - [2023-05-21T15:00:53.179+0000] {taskmixin.py:205} WARNING - Dependency <Task(BashOperator): create_entry_gcs>, delete_entry already registered for DAG: example_complex
[2023-05-21T15:00:53.179+0000] {logging_mixin.py:137} INFO - [2023-05-21T15:00:53.179+0000] {taskmixin.py:205} WARNING - Dependency <Task(BashOperator): delete_entry>, create_entry_gcs already registered for DAG: example_complex
[2023-05-21T15:00:53.180+0000] {logging_mixin.py:137} INFO - [2023-05-21T15:00:53.180+0000] {taskmixin.py:205} WARNING - Dependency <Task(BashOperator): create_tag>, delete_tag already registered for DAG: example_complex
[2023-05-21T15:00:53.180+0000] {logging_mixin.py:137} INFO - [2023-05-21T15:00:53.180+0000] {taskmixin.py:205} WARNING - Dependency <Task(BashOperator): delete_tag>, create_tag already registered for DAG: example_complex
[2023-05-21T15:00:53.191+0000] {processor.py:753} INFO - DAG(s) dict_keys(['example_complex']) retrieved from /home/airflow/.local/lib/python3.7/site-packages/airflow/example_dags/example_complex.py
[2023-05-21T15:00:53.236+0000] {logging_mixin.py:137} INFO - [2023-05-21T15:00:53.236+0000] {dag.py:2690} INFO - Sync 1 DAGs
[2023-05-21T15:00:53.285+0000] {logging_mixin.py:137} INFO - [2023-05-21T15:00:53.284+0000] {dag.py:3441} INFO - Setting next_dagrun for example_complex to None, run_after=None
[2023-05-21T15:00:53.345+0000] {processor.py:175} INFO - Processing /home/airflow/.local/lib/python3.7/site-packages/airflow/example_dags/example_complex.py took 0.215 seconds
[2023-05-21T15:01:24.239+0000] {processor.py:153} INFO - Started process (PID=410) to work on /home/airflow/.local/lib/python3.7/site-packages/airflow/example_dags/example_complex.py
[2023-05-21T15:01:24.240+0000] {processor.py:743} INFO - Processing file /home/airflow/.local/lib/python3.7/site-packages/airflow/example_dags/example_complex.py for tasks to queue
[2023-05-21T15:01:24.241+0000] {logging_mixin.py:137} INFO - [2023-05-21T15:01:24.240+0000] {dagbag.py:538} INFO - Filling up the DagBag from /home/airflow/.local/lib/python3.7/site-packages/airflow/example_dags/example_complex.py
[2023-05-21T15:01:24.253+0000] {logging_mixin.py:137} INFO - [2023-05-21T15:01:24.253+0000] {taskmixin.py:205} WARNING - Dependency <Task(BashOperator): create_entry_group>, delete_entry_group already registered for DAG: example_complex
[2023-05-21T15:01:24.253+0000] {logging_mixin.py:137} INFO - [2023-05-21T15:01:24.253+0000] {taskmixin.py:205} WARNING - Dependency <Task(BashOperator): delete_entry_group>, create_entry_group already registered for DAG: example_complex
[2023-05-21T15:01:24.254+0000] {logging_mixin.py:137} INFO - [2023-05-21T15:01:24.254+0000] {taskmixin.py:205} WARNING - Dependency <Task(BashOperator): create_entry_gcs>, delete_entry already registered for DAG: example_complex
[2023-05-21T15:01:24.254+0000] {logging_mixin.py:137} INFO - [2023-05-21T15:01:24.254+0000] {taskmixin.py:205} WARNING - Dependency <Task(BashOperator): delete_entry>, create_entry_gcs already registered for DAG: example_complex
[2023-05-21T15:01:24.254+0000] {logging_mixin.py:137} INFO - [2023-05-21T15:01:24.254+0000] {taskmixin.py:205} WARNING - Dependency <Task(BashOperator): create_tag>, delete_tag already registered for DAG: example_complex
[2023-05-21T15:01:24.254+0000] {logging_mixin.py:137} INFO - [2023-05-21T15:01:24.254+0000] {taskmixin.py:205} WARNING - Dependency <Task(BashOperator): delete_tag>, create_tag already registered for DAG: example_complex
[2023-05-21T15:01:24.261+0000] {processor.py:753} INFO - DAG(s) dict_keys(['example_complex']) retrieved from /home/airflow/.local/lib/python3.7/site-packages/airflow/example_dags/example_complex.py
[2023-05-21T15:01:24.290+0000] {logging_mixin.py:137} INFO - [2023-05-21T15:01:24.290+0000] {dag.py:2690} INFO - Sync 1 DAGs
[2023-05-21T15:01:24.318+0000] {logging_mixin.py:137} INFO - [2023-05-21T15:01:24.317+0000] {dag.py:3441} INFO - Setting next_dagrun for example_complex to None, run_after=None
[2023-05-21T15:01:24.342+0000] {processor.py:175} INFO - Processing /home/airflow/.local/lib/python3.7/site-packages/airflow/example_dags/example_complex.py took 0.107 seconds
[2023-05-21T15:01:55.211+0000] {processor.py:153} INFO - Started process (PID=475) to work on /home/airflow/.local/lib/python3.7/site-packages/airflow/example_dags/example_complex.py
[2023-05-21T15:01:55.212+0000] {processor.py:743} INFO - Processing file /home/airflow/.local/lib/python3.7/site-packages/airflow/example_dags/example_complex.py for tasks to queue
[2023-05-21T15:01:55.213+0000] {logging_mixin.py:137} INFO - [2023-05-21T15:01:55.213+0000] {dagbag.py:538} INFO - Filling up the DagBag from /home/airflow/.local/lib/python3.7/site-packages/airflow/example_dags/example_complex.py
[2023-05-21T15:01:55.229+0000] {logging_mixin.py:137} INFO - [2023-05-21T15:01:55.229+0000] {taskmixin.py:205} WARNING - Dependency <Task(BashOperator): create_entry_group>, delete_entry_group already registered for DAG: example_complex
[2023-05-21T15:01:55.230+0000] {logging_mixin.py:137} INFO - [2023-05-21T15:01:55.230+0000] {taskmixin.py:205} WARNING - Dependency <Task(BashOperator): delete_entry_group>, create_entry_group already registered for DAG: example_complex
[2023-05-21T15:01:55.230+0000] {logging_mixin.py:137} INFO - [2023-05-21T15:01:55.230+0000] {taskmixin.py:205} WARNING - Dependency <Task(BashOperator): create_entry_gcs>, delete_entry already registered for DAG: example_complex
[2023-05-21T15:01:55.230+0000] {logging_mixin.py:137} INFO - [2023-05-21T15:01:55.230+0000] {taskmixin.py:205} WARNING - Dependency <Task(BashOperator): delete_entry>, create_entry_gcs already registered for DAG: example_complex
[2023-05-21T15:01:55.231+0000] {logging_mixin.py:137} INFO - [2023-05-21T15:01:55.231+0000] {taskmixin.py:205} WARNING - Dependency <Task(BashOperator): create_tag>, delete_tag already registered for DAG: example_complex
[2023-05-21T15:01:55.231+0000] {logging_mixin.py:137} INFO - [2023-05-21T15:01:55.231+0000] {taskmixin.py:205} WARNING - Dependency <Task(BashOperator): delete_tag>, create_tag already registered for DAG: example_complex
[2023-05-21T15:01:55.242+0000] {processor.py:753} INFO - DAG(s) dict_keys(['example_complex']) retrieved from /home/airflow/.local/lib/python3.7/site-packages/airflow/example_dags/example_complex.py
[2023-05-21T15:01:55.289+0000] {logging_mixin.py:137} INFO - [2023-05-21T15:01:55.288+0000] {dag.py:2690} INFO - Sync 1 DAGs
[2023-05-21T15:01:55.333+0000] {logging_mixin.py:137} INFO - [2023-05-21T15:01:55.333+0000] {dag.py:3441} INFO - Setting next_dagrun for example_complex to None, run_after=None
[2023-05-21T15:01:55.368+0000] {processor.py:175} INFO - Processing /home/airflow/.local/lib/python3.7/site-packages/airflow/example_dags/example_complex.py took 0.161 seconds
[2023-05-21T15:02:26.162+0000] {processor.py:153} INFO - Started process (PID=553) to work on /home/airflow/.local/lib/python3.7/site-packages/airflow/example_dags/example_complex.py
[2023-05-21T15:02:26.163+0000] {processor.py:743} INFO - Processing file /home/airflow/.local/lib/python3.7/site-packages/airflow/example_dags/example_complex.py for tasks to queue
[2023-05-21T15:02:26.163+0000] {logging_mixin.py:137} INFO - [2023-05-21T15:02:26.163+0000] {dagbag.py:538} INFO - Filling up the DagBag from /home/airflow/.local/lib/python3.7/site-packages/airflow/example_dags/example_complex.py
[2023-05-21T15:02:26.174+0000] {logging_mixin.py:137} INFO - [2023-05-21T15:02:26.174+0000] {taskmixin.py:205} WARNING - Dependency <Task(BashOperator): create_entry_group>, delete_entry_group already registered for DAG: example_complex
[2023-05-21T15:02:26.174+0000] {logging_mixin.py:137} INFO - [2023-05-21T15:02:26.174+0000] {taskmixin.py:205} WARNING - Dependency <Task(BashOperator): delete_entry_group>, create_entry_group already registered for DAG: example_complex
[2023-05-21T15:02:26.174+0000] {logging_mixin.py:137} INFO - [2023-05-21T15:02:26.174+0000] {taskmixin.py:205} WARNING - Dependency <Task(BashOperator): create_entry_gcs>, delete_entry already registered for DAG: example_complex
[2023-05-21T15:02:26.175+0000] {logging_mixin.py:137} INFO - [2023-05-21T15:02:26.174+0000] {taskmixin.py:205} WARNING - Dependency <Task(BashOperator): delete_entry>, create_entry_gcs already registered for DAG: example_complex
[2023-05-21T15:02:26.175+0000] {logging_mixin.py:137} INFO - [2023-05-21T15:02:26.175+0000] {taskmixin.py:205} WARNING - Dependency <Task(BashOperator): create_tag>, delete_tag already registered for DAG: example_complex
[2023-05-21T15:02:26.175+0000] {logging_mixin.py:137} INFO - [2023-05-21T15:02:26.175+0000] {taskmixin.py:205} WARNING - Dependency <Task(BashOperator): delete_tag>, create_tag already registered for DAG: example_complex
[2023-05-21T15:02:26.185+0000] {processor.py:753} INFO - DAG(s) dict_keys(['example_complex']) retrieved from /home/airflow/.local/lib/python3.7/site-packages/airflow/example_dags/example_complex.py
[2023-05-21T15:02:26.219+0000] {logging_mixin.py:137} INFO - [2023-05-21T15:02:26.219+0000] {dag.py:2690} INFO - Sync 1 DAGs
[2023-05-21T15:02:26.247+0000] {logging_mixin.py:137} INFO - [2023-05-21T15:02:26.247+0000] {dag.py:3441} INFO - Setting next_dagrun for example_complex to None, run_after=None
[2023-05-21T15:02:26.270+0000] {processor.py:175} INFO - Processing /home/airflow/.local/lib/python3.7/site-packages/airflow/example_dags/example_complex.py took 0.110 seconds
[2023-05-21T15:02:56.349+0000] {processor.py:153} INFO - Started process (PID=618) to work on /home/airflow/.local/lib/python3.7/site-packages/airflow/example_dags/example_complex.py
[2023-05-21T15:02:56.349+0000] {processor.py:743} INFO - Processing file /home/airflow/.local/lib/python3.7/site-packages/airflow/example_dags/example_complex.py for tasks to queue
[2023-05-21T15:02:56.350+0000] {logging_mixin.py:137} INFO - [2023-05-21T15:02:56.350+0000] {dagbag.py:538} INFO - Filling up the DagBag from /home/airflow/.local/lib/python3.7/site-packages/airflow/example_dags/example_complex.py
[2023-05-21T15:02:56.360+0000] {logging_mixin.py:137} INFO - [2023-05-21T15:02:56.360+0000] {taskmixin.py:205} WARNING - Dependency <Task(BashOperator): create_entry_group>, delete_entry_group already registered for DAG: example_complex
[2023-05-21T15:02:56.360+0000] {logging_mixin.py:137} INFO - [2023-05-21T15:02:56.360+0000] {taskmixin.py:205} WARNING - Dependency <Task(BashOperator): delete_entry_group>, create_entry_group already registered for DAG: example_complex
[2023-05-21T15:02:56.360+0000] {logging_mixin.py:137} INFO - [2023-05-21T15:02:56.360+0000] {taskmixin.py:205} WARNING - Dependency <Task(BashOperator): create_entry_gcs>, delete_entry already registered for DAG: example_complex
[2023-05-21T15:02:56.360+0000] {logging_mixin.py:137} INFO - [2023-05-21T15:02:56.360+0000] {taskmixin.py:205} WARNING - Dependency <Task(BashOperator): delete_entry>, create_entry_gcs already registered for DAG: example_complex
[2023-05-21T15:02:56.361+0000] {logging_mixin.py:137} INFO - [2023-05-21T15:02:56.361+0000] {taskmixin.py:205} WARNING - Dependency <Task(BashOperator): create_tag>, delete_tag already registered for DAG: example_complex
[2023-05-21T15:02:56.361+0000] {logging_mixin.py:137} INFO - [2023-05-21T15:02:56.361+0000] {taskmixin.py:205} WARNING - Dependency <Task(BashOperator): delete_tag>, create_tag already registered for DAG: example_complex
[2023-05-21T15:02:56.367+0000] {processor.py:753} INFO - DAG(s) dict_keys(['example_complex']) retrieved from /home/airflow/.local/lib/python3.7/site-packages/airflow/example_dags/example_complex.py
[2023-05-21T15:02:56.395+0000] {logging_mixin.py:137} INFO - [2023-05-21T15:02:56.395+0000] {dag.py:2690} INFO - Sync 1 DAGs
[2023-05-21T15:02:56.424+0000] {logging_mixin.py:137} INFO - [2023-05-21T15:02:56.424+0000] {dag.py:3441} INFO - Setting next_dagrun for example_complex to None, run_after=None
[2023-05-21T15:02:56.443+0000] {processor.py:175} INFO - Processing /home/airflow/.local/lib/python3.7/site-packages/airflow/example_dags/example_complex.py took 0.098 seconds
[2023-05-21T15:03:26.779+0000] {processor.py:153} INFO - Started process (PID=695) to work on /home/airflow/.local/lib/python3.7/site-packages/airflow/example_dags/example_complex.py
[2023-05-21T15:03:26.780+0000] {processor.py:743} INFO - Processing file /home/airflow/.local/lib/python3.7/site-packages/airflow/example_dags/example_complex.py for tasks to queue
[2023-05-21T15:03:26.781+0000] {logging_mixin.py:137} INFO - [2023-05-21T15:03:26.780+0000] {dagbag.py:538} INFO - Filling up the DagBag from /home/airflow/.local/lib/python3.7/site-packages/airflow/example_dags/example_complex.py
[2023-05-21T15:03:26.794+0000] {logging_mixin.py:137} INFO - [2023-05-21T15:03:26.794+0000] {taskmixin.py:205} WARNING - Dependency <Task(BashOperator): create_entry_group>, delete_entry_group already registered for DAG: example_complex
[2023-05-21T15:03:26.794+0000] {logging_mixin.py:137} INFO - [2023-05-21T15:03:26.794+0000] {taskmixin.py:205} WARNING - Dependency <Task(BashOperator): delete_entry_group>, create_entry_group already registered for DAG: example_complex
[2023-05-21T15:03:26.794+0000] {logging_mixin.py:137} INFO - [2023-05-21T15:03:26.794+0000] {taskmixin.py:205} WARNING - Dependency <Task(BashOperator): create_entry_gcs>, delete_entry already registered for DAG: example_complex
[2023-05-21T15:03:26.794+0000] {logging_mixin.py:137} INFO - [2023-05-21T15:03:26.794+0000] {taskmixin.py:205} WARNING - Dependency <Task(BashOperator): delete_entry>, create_entry_gcs already registered for DAG: example_complex
[2023-05-21T15:03:26.795+0000] {logging_mixin.py:137} INFO - [2023-05-21T15:03:26.794+0000] {taskmixin.py:205} WARNING - Dependency <Task(BashOperator): create_tag>, delete_tag already registered for DAG: example_complex
[2023-05-21T15:03:26.795+0000] {logging_mixin.py:137} INFO - [2023-05-21T15:03:26.795+0000] {taskmixin.py:205} WARNING - Dependency <Task(BashOperator): delete_tag>, create_tag already registered for DAG: example_complex
[2023-05-21T15:03:26.805+0000] {processor.py:753} INFO - DAG(s) dict_keys(['example_complex']) retrieved from /home/airflow/.local/lib/python3.7/site-packages/airflow/example_dags/example_complex.py
[2023-05-21T15:03:26.846+0000] {logging_mixin.py:137} INFO - [2023-05-21T15:03:26.845+0000] {dag.py:2690} INFO - Sync 1 DAGs
[2023-05-21T15:03:26.884+0000] {logging_mixin.py:137} INFO - [2023-05-21T15:03:26.883+0000] {dag.py:3441} INFO - Setting next_dagrun for example_complex to None, run_after=None
[2023-05-21T15:03:26.910+0000] {processor.py:175} INFO - Processing /home/airflow/.local/lib/python3.7/site-packages/airflow/example_dags/example_complex.py took 0.136 seconds
[2023-05-21T15:03:57.494+0000] {processor.py:153} INFO - Started process (PID=759) to work on /home/airflow/.local/lib/python3.7/site-packages/airflow/example_dags/example_complex.py
[2023-05-21T15:03:57.494+0000] {processor.py:743} INFO - Processing file /home/airflow/.local/lib/python3.7/site-packages/airflow/example_dags/example_complex.py for tasks to queue
[2023-05-21T15:03:57.495+0000] {logging_mixin.py:137} INFO - [2023-05-21T15:03:57.495+0000] {dagbag.py:538} INFO - Filling up the DagBag from /home/airflow/.local/lib/python3.7/site-packages/airflow/example_dags/example_complex.py
[2023-05-21T15:03:57.558+0000] {logging_mixin.py:137} INFO - [2023-05-21T15:03:57.557+0000] {taskmixin.py:205} WARNING - Dependency <Task(BashOperator): create_entry_group>, delete_entry_group already registered for DAG: example_complex
[2023-05-21T15:03:57.558+0000] {logging_mixin.py:137} INFO - [2023-05-21T15:03:57.558+0000] {taskmixin.py:205} WARNING - Dependency <Task(BashOperator): delete_entry_group>, create_entry_group already registered for DAG: example_complex
[2023-05-21T15:03:57.558+0000] {logging_mixin.py:137} INFO - [2023-05-21T15:03:57.558+0000] {taskmixin.py:205} WARNING - Dependency <Task(BashOperator): create_entry_gcs>, delete_entry already registered for DAG: example_complex
[2023-05-21T15:03:57.559+0000] {logging_mixin.py:137} INFO - [2023-05-21T15:03:57.559+0000] {taskmixin.py:205} WARNING - Dependency <Task(BashOperator): delete_entry>, create_entry_gcs already registered for DAG: example_complex
[2023-05-21T15:03:57.560+0000] {logging_mixin.py:137} INFO - [2023-05-21T15:03:57.560+0000] {taskmixin.py:205} WARNING - Dependency <Task(BashOperator): create_tag>, delete_tag already registered for DAG: example_complex
[2023-05-21T15:03:57.560+0000] {logging_mixin.py:137} INFO - [2023-05-21T15:03:57.560+0000] {taskmixin.py:205} WARNING - Dependency <Task(BashOperator): delete_tag>, create_tag already registered for DAG: example_complex
[2023-05-21T15:03:57.578+0000] {processor.py:753} INFO - DAG(s) dict_keys(['example_complex']) retrieved from /home/airflow/.local/lib/python3.7/site-packages/airflow/example_dags/example_complex.py
[2023-05-21T15:03:57.631+0000] {logging_mixin.py:137} INFO - [2023-05-21T15:03:57.630+0000] {dag.py:2690} INFO - Sync 1 DAGs
[2023-05-21T15:03:57.670+0000] {logging_mixin.py:137} INFO - [2023-05-21T15:03:57.670+0000] {dag.py:3441} INFO - Setting next_dagrun for example_complex to None, run_after=None
[2023-05-21T15:03:57.695+0000] {processor.py:175} INFO - Processing /home/airflow/.local/lib/python3.7/site-packages/airflow/example_dags/example_complex.py took 0.208 seconds
[2023-05-21T15:04:28.562+0000] {processor.py:153} INFO - Started process (PID=823) to work on /home/airflow/.local/lib/python3.7/site-packages/airflow/example_dags/example_complex.py
[2023-05-21T15:04:28.564+0000] {processor.py:743} INFO - Processing file /home/airflow/.local/lib/python3.7/site-packages/airflow/example_dags/example_complex.py for tasks to queue
[2023-05-21T15:04:28.565+0000] {logging_mixin.py:137} INFO - [2023-05-21T15:04:28.565+0000] {dagbag.py:538} INFO - Filling up the DagBag from /home/airflow/.local/lib/python3.7/site-packages/airflow/example_dags/example_complex.py
[2023-05-21T15:04:28.589+0000] {logging_mixin.py:137} INFO - [2023-05-21T15:04:28.589+0000] {taskmixin.py:205} WARNING - Dependency <Task(BashOperator): create_entry_group>, delete_entry_group already registered for DAG: example_complex
[2023-05-21T15:04:28.590+0000] {logging_mixin.py:137} INFO - [2023-05-21T15:04:28.590+0000] {taskmixin.py:205} WARNING - Dependency <Task(BashOperator): delete_entry_group>, create_entry_group already registered for DAG: example_complex
[2023-05-21T15:04:28.590+0000] {logging_mixin.py:137} INFO - [2023-05-21T15:04:28.590+0000] {taskmixin.py:205} WARNING - Dependency <Task(BashOperator): create_entry_gcs>, delete_entry already registered for DAG: example_complex
[2023-05-21T15:04:28.590+0000] {logging_mixin.py:137} INFO - [2023-05-21T15:04:28.590+0000] {taskmixin.py:205} WARNING - Dependency <Task(BashOperator): delete_entry>, create_entry_gcs already registered for DAG: example_complex
[2023-05-21T15:04:28.591+0000] {logging_mixin.py:137} INFO - [2023-05-21T15:04:28.591+0000] {taskmixin.py:205} WARNING - Dependency <Task(BashOperator): create_tag>, delete_tag already registered for DAG: example_complex
[2023-05-21T15:04:28.591+0000] {logging_mixin.py:137} INFO - [2023-05-21T15:04:28.591+0000] {taskmixin.py:205} WARNING - Dependency <Task(BashOperator): delete_tag>, create_tag already registered for DAG: example_complex
[2023-05-21T15:04:28.606+0000] {processor.py:753} INFO - DAG(s) dict_keys(['example_complex']) retrieved from /home/airflow/.local/lib/python3.7/site-packages/airflow/example_dags/example_complex.py
[2023-05-21T15:04:28.660+0000] {logging_mixin.py:137} INFO - [2023-05-21T15:04:28.660+0000] {dag.py:2690} INFO - Sync 1 DAGs
[2023-05-21T15:04:28.701+0000] {logging_mixin.py:137} INFO - [2023-05-21T15:04:28.701+0000] {dag.py:3441} INFO - Setting next_dagrun for example_complex to None, run_after=None
[2023-05-21T15:04:28.733+0000] {processor.py:175} INFO - Processing /home/airflow/.local/lib/python3.7/site-packages/airflow/example_dags/example_complex.py took 0.184 seconds
[2023-05-21T15:04:58.912+0000] {processor.py:153} INFO - Started process (PID=889) to work on /home/airflow/.local/lib/python3.7/site-packages/airflow/example_dags/example_complex.py
[2023-05-21T15:04:58.915+0000] {processor.py:743} INFO - Processing file /home/airflow/.local/lib/python3.7/site-packages/airflow/example_dags/example_complex.py for tasks to queue
[2023-05-21T15:04:58.918+0000] {logging_mixin.py:137} INFO - [2023-05-21T15:04:58.917+0000] {dagbag.py:538} INFO - Filling up the DagBag from /home/airflow/.local/lib/python3.7/site-packages/airflow/example_dags/example_complex.py
[2023-05-21T15:04:58.947+0000] {logging_mixin.py:137} INFO - [2023-05-21T15:04:58.947+0000] {taskmixin.py:205} WARNING - Dependency <Task(BashOperator): create_entry_group>, delete_entry_group already registered for DAG: example_complex
[2023-05-21T15:04:58.947+0000] {logging_mixin.py:137} INFO - [2023-05-21T15:04:58.947+0000] {taskmixin.py:205} WARNING - Dependency <Task(BashOperator): delete_entry_group>, create_entry_group already registered for DAG: example_complex
[2023-05-21T15:04:58.947+0000] {logging_mixin.py:137} INFO - [2023-05-21T15:04:58.947+0000] {taskmixin.py:205} WARNING - Dependency <Task(BashOperator): create_entry_gcs>, delete_entry already registered for DAG: example_complex
[2023-05-21T15:04:58.948+0000] {logging_mixin.py:137} INFO - [2023-05-21T15:04:58.948+0000] {taskmixin.py:205} WARNING - Dependency <Task(BashOperator): delete_entry>, create_entry_gcs already registered for DAG: example_complex
[2023-05-21T15:04:58.948+0000] {logging_mixin.py:137} INFO - [2023-05-21T15:04:58.948+0000] {taskmixin.py:205} WARNING - Dependency <Task(BashOperator): create_tag>, delete_tag already registered for DAG: example_complex
[2023-05-21T15:04:58.948+0000] {logging_mixin.py:137} INFO - [2023-05-21T15:04:58.948+0000] {taskmixin.py:205} WARNING - Dependency <Task(BashOperator): delete_tag>, create_tag already registered for DAG: example_complex
[2023-05-21T15:04:58.961+0000] {processor.py:753} INFO - DAG(s) dict_keys(['example_complex']) retrieved from /home/airflow/.local/lib/python3.7/site-packages/airflow/example_dags/example_complex.py
[2023-05-21T15:04:58.998+0000] {logging_mixin.py:137} INFO - [2023-05-21T15:04:58.998+0000] {dag.py:2690} INFO - Sync 1 DAGs
[2023-05-21T15:04:59.032+0000] {logging_mixin.py:137} INFO - [2023-05-21T15:04:59.032+0000] {dag.py:3441} INFO - Setting next_dagrun for example_complex to None, run_after=None
[2023-05-21T15:04:59.059+0000] {processor.py:175} INFO - Processing /home/airflow/.local/lib/python3.7/site-packages/airflow/example_dags/example_complex.py took 0.164 seconds
