[2023-05-21T14:45:23.463+0000] {processor.py:156} INFO - Started process (PID=319) to work on /home/airflow/.local/lib/python3.7/site-packages/airflow/example_dags/example_branch_operator.py
[2023-05-21T14:45:23.464+0000] {processor.py:758} INFO - Processing file /home/airflow/.local/lib/python3.7/site-packages/airflow/example_dags/example_branch_operator.py for tasks to queue
[2023-05-21T14:45:23.464+0000] {logging_mixin.py:117} INFO - [2023-05-21T14:45:23.464+0000] {dagbag.py:525} INFO - Filling up the DagBag from /home/airflow/.local/lib/python3.7/site-packages/airflow/example_dags/example_branch_operator.py
[2023-05-21T14:45:23.492+0000] {processor.py:768} INFO - DAG(s) dict_keys(['example_branch_operator']) retrieved from /home/airflow/.local/lib/python3.7/site-packages/airflow/example_dags/example_branch_operator.py
[2023-05-21T14:45:23.521+0000] {logging_mixin.py:117} INFO - [2023-05-21T14:45:23.520+0000] {dag.py:2573} INFO - Sync 1 DAGs
[2023-05-21T14:45:23.548+0000] {logging_mixin.py:117} INFO - [2023-05-21T14:45:23.548+0000] {dag.py:3328} INFO - Setting next_dagrun for example_branch_operator to 2023-05-20T00:00:00+00:00, run_after=2023-05-21T00:00:00+00:00
[2023-05-21T14:45:23.568+0000] {processor.py:178} INFO - Processing /home/airflow/.local/lib/python3.7/site-packages/airflow/example_dags/example_branch_operator.py took 0.110 seconds
[2023-05-21T14:45:55.671+0000] {processor.py:156} INFO - Started process (PID=525) to work on /home/airflow/.local/lib/python3.7/site-packages/airflow/example_dags/example_branch_operator.py
[2023-05-21T14:45:55.671+0000] {processor.py:758} INFO - Processing file /home/airflow/.local/lib/python3.7/site-packages/airflow/example_dags/example_branch_operator.py for tasks to queue
[2023-05-21T14:45:55.672+0000] {logging_mixin.py:117} INFO - [2023-05-21T14:45:55.672+0000] {dagbag.py:525} INFO - Filling up the DagBag from /home/airflow/.local/lib/python3.7/site-packages/airflow/example_dags/example_branch_operator.py
[2023-05-21T14:45:55.692+0000] {processor.py:768} INFO - DAG(s) dict_keys(['example_branch_operator']) retrieved from /home/airflow/.local/lib/python3.7/site-packages/airflow/example_dags/example_branch_operator.py
[2023-05-21T14:45:55.733+0000] {logging_mixin.py:117} INFO - [2023-05-21T14:45:55.733+0000] {dag.py:2573} INFO - Sync 1 DAGs
[2023-05-21T14:45:55.761+0000] {logging_mixin.py:117} INFO - [2023-05-21T14:45:55.761+0000] {dag.py:3328} INFO - Setting next_dagrun for example_branch_operator to 2023-05-20T00:00:00+00:00, run_after=2023-05-21T00:00:00+00:00
[2023-05-21T14:45:55.787+0000] {processor.py:178} INFO - Processing /home/airflow/.local/lib/python3.7/site-packages/airflow/example_dags/example_branch_operator.py took 0.120 seconds
[2023-05-21T14:46:26.759+0000] {processor.py:156} INFO - Started process (PID=737) to work on /home/airflow/.local/lib/python3.7/site-packages/airflow/example_dags/example_branch_operator.py
[2023-05-21T14:46:26.760+0000] {processor.py:758} INFO - Processing file /home/airflow/.local/lib/python3.7/site-packages/airflow/example_dags/example_branch_operator.py for tasks to queue
[2023-05-21T14:46:26.760+0000] {logging_mixin.py:117} INFO - [2023-05-21T14:46:26.760+0000] {dagbag.py:525} INFO - Filling up the DagBag from /home/airflow/.local/lib/python3.7/site-packages/airflow/example_dags/example_branch_operator.py
[2023-05-21T14:46:26.780+0000] {processor.py:768} INFO - DAG(s) dict_keys(['example_branch_operator']) retrieved from /home/airflow/.local/lib/python3.7/site-packages/airflow/example_dags/example_branch_operator.py
[2023-05-21T14:46:26.819+0000] {logging_mixin.py:117} INFO - [2023-05-21T14:46:26.819+0000] {dag.py:2573} INFO - Sync 1 DAGs
[2023-05-21T14:46:26.973+0000] {logging_mixin.py:117} INFO - [2023-05-21T14:46:26.973+0000] {dag.py:3328} INFO - Setting next_dagrun for example_branch_operator to 2023-05-20T00:00:00+00:00, run_after=2023-05-21T00:00:00+00:00
[2023-05-21T14:46:26.997+0000] {processor.py:178} INFO - Processing /home/airflow/.local/lib/python3.7/site-packages/airflow/example_dags/example_branch_operator.py took 0.242 seconds
[2023-05-21T14:46:57.598+0000] {processor.py:156} INFO - Started process (PID=951) to work on /home/airflow/.local/lib/python3.7/site-packages/airflow/example_dags/example_branch_operator.py
[2023-05-21T14:46:57.599+0000] {processor.py:758} INFO - Processing file /home/airflow/.local/lib/python3.7/site-packages/airflow/example_dags/example_branch_operator.py for tasks to queue
[2023-05-21T14:46:57.599+0000] {logging_mixin.py:117} INFO - [2023-05-21T14:46:57.599+0000] {dagbag.py:525} INFO - Filling up the DagBag from /home/airflow/.local/lib/python3.7/site-packages/airflow/example_dags/example_branch_operator.py
[2023-05-21T14:46:57.631+0000] {processor.py:768} INFO - DAG(s) dict_keys(['example_branch_operator']) retrieved from /home/airflow/.local/lib/python3.7/site-packages/airflow/example_dags/example_branch_operator.py
[2023-05-21T14:46:57.800+0000] {logging_mixin.py:117} INFO - [2023-05-21T14:46:57.800+0000] {dag.py:2573} INFO - Sync 1 DAGs
[2023-05-21T14:46:57.832+0000] {logging_mixin.py:117} INFO - [2023-05-21T14:46:57.831+0000] {dag.py:3328} INFO - Setting next_dagrun for example_branch_operator to 2023-05-20T00:00:00+00:00, run_after=2023-05-21T00:00:00+00:00
[2023-05-21T14:46:57.851+0000] {processor.py:178} INFO - Processing /home/airflow/.local/lib/python3.7/site-packages/airflow/example_dags/example_branch_operator.py took 0.258 seconds
[2023-05-21T14:47:28.490+0000] {processor.py:156} INFO - Started process (PID=1158) to work on /home/airflow/.local/lib/python3.7/site-packages/airflow/example_dags/example_branch_operator.py
[2023-05-21T14:47:28.491+0000] {processor.py:758} INFO - Processing file /home/airflow/.local/lib/python3.7/site-packages/airflow/example_dags/example_branch_operator.py for tasks to queue
[2023-05-21T14:47:28.491+0000] {logging_mixin.py:117} INFO - [2023-05-21T14:47:28.491+0000] {dagbag.py:525} INFO - Filling up the DagBag from /home/airflow/.local/lib/python3.7/site-packages/airflow/example_dags/example_branch_operator.py
[2023-05-21T14:47:28.692+0000] {processor.py:768} INFO - DAG(s) dict_keys(['example_branch_operator']) retrieved from /home/airflow/.local/lib/python3.7/site-packages/airflow/example_dags/example_branch_operator.py
[2023-05-21T14:47:28.744+0000] {logging_mixin.py:117} INFO - [2023-05-21T14:47:28.744+0000] {dag.py:2573} INFO - Sync 1 DAGs
[2023-05-21T14:47:28.784+0000] {logging_mixin.py:117} INFO - [2023-05-21T14:47:28.784+0000] {dag.py:3328} INFO - Setting next_dagrun for example_branch_operator to 2023-05-20T00:00:00+00:00, run_after=2023-05-21T00:00:00+00:00
[2023-05-21T14:47:28.809+0000] {processor.py:178} INFO - Processing /home/airflow/.local/lib/python3.7/site-packages/airflow/example_dags/example_branch_operator.py took 0.323 seconds
[2023-05-21T14:47:59.678+0000] {processor.py:156} INFO - Started process (PID=1371) to work on /home/airflow/.local/lib/python3.7/site-packages/airflow/example_dags/example_branch_operator.py
[2023-05-21T14:47:59.679+0000] {processor.py:758} INFO - Processing file /home/airflow/.local/lib/python3.7/site-packages/airflow/example_dags/example_branch_operator.py for tasks to queue
[2023-05-21T14:47:59.679+0000] {logging_mixin.py:117} INFO - [2023-05-21T14:47:59.679+0000] {dagbag.py:525} INFO - Filling up the DagBag from /home/airflow/.local/lib/python3.7/site-packages/airflow/example_dags/example_branch_operator.py
[2023-05-21T14:47:59.728+0000] {processor.py:768} INFO - DAG(s) dict_keys(['example_branch_operator']) retrieved from /home/airflow/.local/lib/python3.7/site-packages/airflow/example_dags/example_branch_operator.py
[2023-05-21T14:47:59.816+0000] {logging_mixin.py:117} INFO - [2023-05-21T14:47:59.816+0000] {dag.py:2573} INFO - Sync 1 DAGs
[2023-05-21T14:47:59.883+0000] {logging_mixin.py:117} INFO - [2023-05-21T14:47:59.883+0000] {dag.py:3328} INFO - Setting next_dagrun for example_branch_operator to 2023-05-20T00:00:00+00:00, run_after=2023-05-21T00:00:00+00:00
[2023-05-21T14:47:59.926+0000] {processor.py:178} INFO - Processing /home/airflow/.local/lib/python3.7/site-packages/airflow/example_dags/example_branch_operator.py took 0.260 seconds
[2023-05-21T14:50:30.640+0000] {processor.py:156} INFO - Started process (PID=319) to work on /home/airflow/.local/lib/python3.7/site-packages/airflow/example_dags/example_branch_operator.py
[2023-05-21T14:50:30.641+0000] {processor.py:758} INFO - Processing file /home/airflow/.local/lib/python3.7/site-packages/airflow/example_dags/example_branch_operator.py for tasks to queue
[2023-05-21T14:50:30.642+0000] {logging_mixin.py:117} INFO - [2023-05-21T14:50:30.642+0000] {dagbag.py:525} INFO - Filling up the DagBag from /home/airflow/.local/lib/python3.7/site-packages/airflow/example_dags/example_branch_operator.py
[2023-05-21T14:50:30.667+0000] {processor.py:768} INFO - DAG(s) dict_keys(['example_branch_operator']) retrieved from /home/airflow/.local/lib/python3.7/site-packages/airflow/example_dags/example_branch_operator.py
[2023-05-21T14:50:30.702+0000] {logging_mixin.py:117} INFO - [2023-05-21T14:50:30.702+0000] {dag.py:2573} INFO - Sync 1 DAGs
[2023-05-21T14:50:30.743+0000] {logging_mixin.py:117} INFO - [2023-05-21T14:50:30.742+0000] {dag.py:3328} INFO - Setting next_dagrun for example_branch_operator to 2023-05-20T00:00:00+00:00, run_after=2023-05-21T00:00:00+00:00
[2023-05-21T14:50:30.769+0000] {processor.py:178} INFO - Processing /home/airflow/.local/lib/python3.7/site-packages/airflow/example_dags/example_branch_operator.py took 0.134 seconds
[2023-05-21T14:51:01.803+0000] {processor.py:156} INFO - Started process (PID=523) to work on /home/airflow/.local/lib/python3.7/site-packages/airflow/example_dags/example_branch_operator.py
[2023-05-21T14:51:01.803+0000] {processor.py:758} INFO - Processing file /home/airflow/.local/lib/python3.7/site-packages/airflow/example_dags/example_branch_operator.py for tasks to queue
[2023-05-21T14:51:01.804+0000] {logging_mixin.py:117} INFO - [2023-05-21T14:51:01.804+0000] {dagbag.py:525} INFO - Filling up the DagBag from /home/airflow/.local/lib/python3.7/site-packages/airflow/example_dags/example_branch_operator.py
[2023-05-21T14:51:01.831+0000] {processor.py:768} INFO - DAG(s) dict_keys(['example_branch_operator']) retrieved from /home/airflow/.local/lib/python3.7/site-packages/airflow/example_dags/example_branch_operator.py
[2023-05-21T14:51:01.891+0000] {logging_mixin.py:117} INFO - [2023-05-21T14:51:01.891+0000] {dag.py:2573} INFO - Sync 1 DAGs
[2023-05-21T14:51:01.932+0000] {logging_mixin.py:117} INFO - [2023-05-21T14:51:01.932+0000] {dag.py:3328} INFO - Setting next_dagrun for example_branch_operator to 2023-05-20T00:00:00+00:00, run_after=2023-05-21T00:00:00+00:00
[2023-05-21T14:51:01.963+0000] {processor.py:178} INFO - Processing /home/airflow/.local/lib/python3.7/site-packages/airflow/example_dags/example_branch_operator.py took 0.164 seconds
[2023-05-21T14:51:32.966+0000] {processor.py:156} INFO - Started process (PID=732) to work on /home/airflow/.local/lib/python3.7/site-packages/airflow/example_dags/example_branch_operator.py
[2023-05-21T14:51:32.967+0000] {processor.py:758} INFO - Processing file /home/airflow/.local/lib/python3.7/site-packages/airflow/example_dags/example_branch_operator.py for tasks to queue
[2023-05-21T14:51:32.967+0000] {logging_mixin.py:117} INFO - [2023-05-21T14:51:32.967+0000] {dagbag.py:525} INFO - Filling up the DagBag from /home/airflow/.local/lib/python3.7/site-packages/airflow/example_dags/example_branch_operator.py
[2023-05-21T14:51:32.995+0000] {processor.py:768} INFO - DAG(s) dict_keys(['example_branch_operator']) retrieved from /home/airflow/.local/lib/python3.7/site-packages/airflow/example_dags/example_branch_operator.py
[2023-05-21T14:51:33.047+0000] {logging_mixin.py:117} INFO - [2023-05-21T14:51:33.047+0000] {dag.py:2573} INFO - Sync 1 DAGs
[2023-05-21T14:51:33.230+0000] {logging_mixin.py:117} INFO - [2023-05-21T14:51:33.230+0000] {dag.py:3328} INFO - Setting next_dagrun for example_branch_operator to 2023-05-20T00:00:00+00:00, run_after=2023-05-21T00:00:00+00:00
[2023-05-21T14:51:33.260+0000] {processor.py:178} INFO - Processing /home/airflow/.local/lib/python3.7/site-packages/airflow/example_dags/example_branch_operator.py took 0.298 seconds
[2023-05-21T14:52:04.424+0000] {processor.py:156} INFO - Started process (PID=945) to work on /home/airflow/.local/lib/python3.7/site-packages/airflow/example_dags/example_branch_operator.py
[2023-05-21T14:52:04.432+0000] {processor.py:758} INFO - Processing file /home/airflow/.local/lib/python3.7/site-packages/airflow/example_dags/example_branch_operator.py for tasks to queue
[2023-05-21T14:52:04.433+0000] {logging_mixin.py:117} INFO - [2023-05-21T14:52:04.433+0000] {dagbag.py:525} INFO - Filling up the DagBag from /home/airflow/.local/lib/python3.7/site-packages/airflow/example_dags/example_branch_operator.py
[2023-05-21T14:52:04.466+0000] {processor.py:768} INFO - DAG(s) dict_keys(['example_branch_operator']) retrieved from /home/airflow/.local/lib/python3.7/site-packages/airflow/example_dags/example_branch_operator.py
[2023-05-21T14:52:05.387+0000] {logging_mixin.py:117} INFO - [2023-05-21T14:52:05.387+0000] {process_utils.py:256} INFO - Waiting up to 5 seconds for processes to exit...
[2023-05-21T14:52:05.402+0000] {logging_mixin.py:117} INFO - [2023-05-21T14:52:05.402+0000] {process_utils.py:256} INFO - Waiting up to 5 seconds for processes to exit...
[2023-05-21T14:52:05.404+0000] {logging_mixin.py:117} WARNING - Exception ignored in: <function WeakKeyDictionary.__init__.<locals>.remove at 0x7fd747f58d40>
[2023-05-21T14:52:05.404+0000] {logging_mixin.py:117} WARNING - Traceback (most recent call last):
[2023-05-21T14:52:05.404+0000] {logging_mixin.py:117} WARNING -   File "/usr/local/lib/python3.7/weakref.py", line 358, in remove
[2023-05-21T14:52:05.405+0000] {logging_mixin.py:117} WARNING -     def remove(k, selfref=ref(self)):
[2023-05-21T14:52:05.405+0000] {logging_mixin.py:117} WARNING -   File "/home/airflow/.local/lib/python3.7/site-packages/airflow/dag_processing/manager.py", line 468, in _exit_gracefully
[2023-05-21T14:52:05.405+0000] {logging_mixin.py:117} WARNING -     self.end()
[2023-05-21T14:52:05.405+0000] {logging_mixin.py:117} WARNING -   File "/home/airflow/.local/lib/python3.7/site-packages/airflow/dag_processing/manager.py", line 1180, in end
[2023-05-21T14:52:05.405+0000] {logging_mixin.py:117} WARNING -     kill_child_processes_by_pids(pids_to_kill)
[2023-05-21T14:52:05.405+0000] {logging_mixin.py:117} WARNING -   File "/home/airflow/.local/lib/python3.7/site-packages/airflow/utils/process_utils.py", line 266, in kill_child_processes_by_pids
[2023-05-21T14:52:05.405+0000] {logging_mixin.py:117} WARNING -     x for x in this_process.children(recursive=True) if x.is_running() and x.pid in pids_to_kill
[2023-05-21T14:52:05.406+0000] {logging_mixin.py:117} WARNING -   File "/home/airflow/.local/lib/python3.7/site-packages/psutil/__init__.py", line 278, in wrapper
[2023-05-21T14:52:05.406+0000] {logging_mixin.py:117} WARNING -     return fun(self, *args, **kwargs)
[2023-05-21T14:52:05.406+0000] {logging_mixin.py:117} WARNING -   File "/home/airflow/.local/lib/python3.7/site-packages/psutil/__init__.py", line 903, in children
[2023-05-21T14:52:05.406+0000] {logging_mixin.py:117} WARNING -     ppid_map = _ppid_map()
[2023-05-21T14:52:05.406+0000] {logging_mixin.py:117} WARNING -   File "/home/airflow/.local/lib/python3.7/site-packages/psutil/_pslinux.py", line 1621, in ppid_map
[2023-05-21T14:52:05.407+0000] {logging_mixin.py:117} WARNING -     with open_binary("%s/%s/stat" % (procfs_path, pid)) as f:
[2023-05-21T14:52:05.407+0000] {logging_mixin.py:117} WARNING -   File "/home/airflow/.local/lib/python3.7/site-packages/airflow/dag_processing/manager.py", line 470, in _exit_gracefully
[2023-05-21T14:52:05.407+0000] {logging_mixin.py:117} WARNING -     sys.exit(os.EX_OK)
[2023-05-21T14:52:05.407+0000] {logging_mixin.py:117} WARNING - SystemExit: 0
[2023-05-21T14:52:05.419+0000] {logging_mixin.py:117} INFO - [2023-05-21T14:52:05.419+0000] {dag.py:2573} INFO - Sync 1 DAGs
[2023-05-21T14:52:05.442+0000] {logging_mixin.py:117} INFO - [2023-05-21T14:52:05.442+0000] {dag.py:3328} INFO - Setting next_dagrun for example_branch_operator to 2023-05-20T00:00:00+00:00, run_after=2023-05-21T00:00:00+00:00
[2023-05-21T14:52:05.480+0000] {processor.py:178} INFO - Processing /home/airflow/.local/lib/python3.7/site-packages/airflow/example_dags/example_branch_operator.py took 1.061 seconds
[2023-05-21T14:58:51.296+0000] {processor.py:153} INFO - Started process (PID=78) to work on /home/airflow/.local/lib/python3.7/site-packages/airflow/example_dags/example_branch_operator.py
[2023-05-21T14:58:51.297+0000] {processor.py:743} INFO - Processing file /home/airflow/.local/lib/python3.7/site-packages/airflow/example_dags/example_branch_operator.py for tasks to queue
[2023-05-21T14:58:51.299+0000] {logging_mixin.py:137} INFO - [2023-05-21T14:58:51.298+0000] {dagbag.py:538} INFO - Filling up the DagBag from /home/airflow/.local/lib/python3.7/site-packages/airflow/example_dags/example_branch_operator.py
[2023-05-21T14:58:51.324+0000] {processor.py:753} INFO - DAG(s) dict_keys(['example_branch_operator']) retrieved from /home/airflow/.local/lib/python3.7/site-packages/airflow/example_dags/example_branch_operator.py
[2023-05-21T14:58:51.350+0000] {logging_mixin.py:137} INFO - [2023-05-21T14:58:51.350+0000] {dag.py:2690} INFO - Sync 1 DAGs
[2023-05-21T14:58:51.400+0000] {logging_mixin.py:137} INFO - [2023-05-21T14:58:51.400+0000] {dag.py:3441} INFO - Setting next_dagrun for example_branch_operator to 2023-05-20T00:00:00+00:00, run_after=2023-05-21T00:00:00+00:00
[2023-05-21T14:58:51.443+0000] {processor.py:175} INFO - Processing /home/airflow/.local/lib/python3.7/site-packages/airflow/example_dags/example_branch_operator.py took 0.150 seconds
[2023-05-21T14:59:21.736+0000] {processor.py:153} INFO - Started process (PID=150) to work on /home/airflow/.local/lib/python3.7/site-packages/airflow/example_dags/example_branch_operator.py
[2023-05-21T14:59:21.738+0000] {processor.py:743} INFO - Processing file /home/airflow/.local/lib/python3.7/site-packages/airflow/example_dags/example_branch_operator.py for tasks to queue
[2023-05-21T14:59:21.739+0000] {logging_mixin.py:137} INFO - [2023-05-21T14:59:21.738+0000] {dagbag.py:538} INFO - Filling up the DagBag from /home/airflow/.local/lib/python3.7/site-packages/airflow/example_dags/example_branch_operator.py
[2023-05-21T14:59:21.763+0000] {processor.py:753} INFO - DAG(s) dict_keys(['example_branch_operator']) retrieved from /home/airflow/.local/lib/python3.7/site-packages/airflow/example_dags/example_branch_operator.py
[2023-05-21T14:59:21.799+0000] {logging_mixin.py:137} INFO - [2023-05-21T14:59:21.798+0000] {dag.py:2690} INFO - Sync 1 DAGs
[2023-05-21T14:59:21.845+0000] {logging_mixin.py:137} INFO - [2023-05-21T14:59:21.845+0000] {dag.py:3441} INFO - Setting next_dagrun for example_branch_operator to 2023-05-20T00:00:00+00:00, run_after=2023-05-21T00:00:00+00:00
[2023-05-21T14:59:21.874+0000] {processor.py:175} INFO - Processing /home/airflow/.local/lib/python3.7/site-packages/airflow/example_dags/example_branch_operator.py took 0.142 seconds
[2023-05-21T14:59:52.592+0000] {processor.py:153} INFO - Started process (PID=220) to work on /home/airflow/.local/lib/python3.7/site-packages/airflow/example_dags/example_branch_operator.py
[2023-05-21T14:59:52.593+0000] {processor.py:743} INFO - Processing file /home/airflow/.local/lib/python3.7/site-packages/airflow/example_dags/example_branch_operator.py for tasks to queue
[2023-05-21T14:59:52.594+0000] {logging_mixin.py:137} INFO - [2023-05-21T14:59:52.594+0000] {dagbag.py:538} INFO - Filling up the DagBag from /home/airflow/.local/lib/python3.7/site-packages/airflow/example_dags/example_branch_operator.py
[2023-05-21T14:59:52.610+0000] {processor.py:753} INFO - DAG(s) dict_keys(['example_branch_operator']) retrieved from /home/airflow/.local/lib/python3.7/site-packages/airflow/example_dags/example_branch_operator.py
[2023-05-21T14:59:52.636+0000] {logging_mixin.py:137} INFO - [2023-05-21T14:59:52.635+0000] {dag.py:2690} INFO - Sync 1 DAGs
[2023-05-21T14:59:52.662+0000] {logging_mixin.py:137} INFO - [2023-05-21T14:59:52.662+0000] {dag.py:3441} INFO - Setting next_dagrun for example_branch_operator to 2023-05-20T00:00:00+00:00, run_after=2023-05-21T00:00:00+00:00
[2023-05-21T14:59:52.689+0000] {processor.py:175} INFO - Processing /home/airflow/.local/lib/python3.7/site-packages/airflow/example_dags/example_branch_operator.py took 0.101 seconds
[2023-05-21T15:00:22.888+0000] {processor.py:153} INFO - Started process (PID=285) to work on /home/airflow/.local/lib/python3.7/site-packages/airflow/example_dags/example_branch_operator.py
[2023-05-21T15:00:22.889+0000] {processor.py:743} INFO - Processing file /home/airflow/.local/lib/python3.7/site-packages/airflow/example_dags/example_branch_operator.py for tasks to queue
[2023-05-21T15:00:22.890+0000] {logging_mixin.py:137} INFO - [2023-05-21T15:00:22.890+0000] {dagbag.py:538} INFO - Filling up the DagBag from /home/airflow/.local/lib/python3.7/site-packages/airflow/example_dags/example_branch_operator.py
[2023-05-21T15:00:22.914+0000] {processor.py:753} INFO - DAG(s) dict_keys(['example_branch_operator']) retrieved from /home/airflow/.local/lib/python3.7/site-packages/airflow/example_dags/example_branch_operator.py
[2023-05-21T15:00:22.947+0000] {logging_mixin.py:137} INFO - [2023-05-21T15:00:22.947+0000] {dag.py:2690} INFO - Sync 1 DAGs
[2023-05-21T15:00:22.987+0000] {logging_mixin.py:137} INFO - [2023-05-21T15:00:22.987+0000] {dag.py:3441} INFO - Setting next_dagrun for example_branch_operator to 2023-05-20T00:00:00+00:00, run_after=2023-05-21T00:00:00+00:00
[2023-05-21T15:00:23.013+0000] {processor.py:175} INFO - Processing /home/airflow/.local/lib/python3.7/site-packages/airflow/example_dags/example_branch_operator.py took 0.129 seconds
[2023-05-21T15:00:54.987+0000] {processor.py:153} INFO - Started process (PID=361) to work on /home/airflow/.local/lib/python3.7/site-packages/airflow/example_dags/example_branch_operator.py
[2023-05-21T15:00:54.987+0000] {processor.py:743} INFO - Processing file /home/airflow/.local/lib/python3.7/site-packages/airflow/example_dags/example_branch_operator.py for tasks to queue
[2023-05-21T15:00:54.988+0000] {logging_mixin.py:137} INFO - [2023-05-21T15:00:54.988+0000] {dagbag.py:538} INFO - Filling up the DagBag from /home/airflow/.local/lib/python3.7/site-packages/airflow/example_dags/example_branch_operator.py
[2023-05-21T15:00:55.003+0000] {processor.py:753} INFO - DAG(s) dict_keys(['example_branch_operator']) retrieved from /home/airflow/.local/lib/python3.7/site-packages/airflow/example_dags/example_branch_operator.py
[2023-05-21T15:00:55.036+0000] {logging_mixin.py:137} INFO - [2023-05-21T15:00:55.036+0000] {dag.py:2690} INFO - Sync 1 DAGs
[2023-05-21T15:00:55.096+0000] {logging_mixin.py:137} INFO - [2023-05-21T15:00:55.096+0000] {dag.py:3441} INFO - Setting next_dagrun for example_branch_operator to 2023-05-20T00:00:00+00:00, run_after=2023-05-21T00:00:00+00:00
[2023-05-21T15:00:55.127+0000] {processor.py:175} INFO - Processing /home/airflow/.local/lib/python3.7/site-packages/airflow/example_dags/example_branch_operator.py took 0.144 seconds
[2023-05-21T15:01:25.387+0000] {processor.py:153} INFO - Started process (PID=426) to work on /home/airflow/.local/lib/python3.7/site-packages/airflow/example_dags/example_branch_operator.py
[2023-05-21T15:01:25.388+0000] {processor.py:743} INFO - Processing file /home/airflow/.local/lib/python3.7/site-packages/airflow/example_dags/example_branch_operator.py for tasks to queue
[2023-05-21T15:01:25.388+0000] {logging_mixin.py:137} INFO - [2023-05-21T15:01:25.388+0000] {dagbag.py:538} INFO - Filling up the DagBag from /home/airflow/.local/lib/python3.7/site-packages/airflow/example_dags/example_branch_operator.py
[2023-05-21T15:01:25.404+0000] {processor.py:753} INFO - DAG(s) dict_keys(['example_branch_operator']) retrieved from /home/airflow/.local/lib/python3.7/site-packages/airflow/example_dags/example_branch_operator.py
[2023-05-21T15:01:25.431+0000] {logging_mixin.py:137} INFO - [2023-05-21T15:01:25.431+0000] {dag.py:2690} INFO - Sync 1 DAGs
[2023-05-21T15:01:25.459+0000] {logging_mixin.py:137} INFO - [2023-05-21T15:01:25.459+0000] {dag.py:3441} INFO - Setting next_dagrun for example_branch_operator to 2023-05-20T00:00:00+00:00, run_after=2023-05-21T00:00:00+00:00
[2023-05-21T15:01:25.481+0000] {processor.py:175} INFO - Processing /home/airflow/.local/lib/python3.7/site-packages/airflow/example_dags/example_branch_operator.py took 0.096 seconds
[2023-05-21T15:01:56.954+0000] {processor.py:153} INFO - Started process (PID=500) to work on /home/airflow/.local/lib/python3.7/site-packages/airflow/example_dags/example_branch_operator.py
[2023-05-21T15:01:56.955+0000] {processor.py:743} INFO - Processing file /home/airflow/.local/lib/python3.7/site-packages/airflow/example_dags/example_branch_operator.py for tasks to queue
[2023-05-21T15:01:56.956+0000] {logging_mixin.py:137} INFO - [2023-05-21T15:01:56.956+0000] {dagbag.py:538} INFO - Filling up the DagBag from /home/airflow/.local/lib/python3.7/site-packages/airflow/example_dags/example_branch_operator.py
[2023-05-21T15:01:56.981+0000] {processor.py:753} INFO - DAG(s) dict_keys(['example_branch_operator']) retrieved from /home/airflow/.local/lib/python3.7/site-packages/airflow/example_dags/example_branch_operator.py
[2023-05-21T15:01:57.029+0000] {logging_mixin.py:137} INFO - [2023-05-21T15:01:57.029+0000] {dag.py:2690} INFO - Sync 1 DAGs
[2023-05-21T15:01:57.075+0000] {logging_mixin.py:137} INFO - [2023-05-21T15:01:57.075+0000] {dag.py:3441} INFO - Setting next_dagrun for example_branch_operator to 2023-05-20T00:00:00+00:00, run_after=2023-05-21T00:00:00+00:00
[2023-05-21T15:01:57.105+0000] {processor.py:175} INFO - Processing /home/airflow/.local/lib/python3.7/site-packages/airflow/example_dags/example_branch_operator.py took 0.154 seconds
[2023-05-21T15:02:27.350+0000] {processor.py:153} INFO - Started process (PID=569) to work on /home/airflow/.local/lib/python3.7/site-packages/airflow/example_dags/example_branch_operator.py
[2023-05-21T15:02:27.351+0000] {processor.py:743} INFO - Processing file /home/airflow/.local/lib/python3.7/site-packages/airflow/example_dags/example_branch_operator.py for tasks to queue
[2023-05-21T15:02:27.351+0000] {logging_mixin.py:137} INFO - [2023-05-21T15:02:27.351+0000] {dagbag.py:538} INFO - Filling up the DagBag from /home/airflow/.local/lib/python3.7/site-packages/airflow/example_dags/example_branch_operator.py
[2023-05-21T15:02:27.367+0000] {processor.py:753} INFO - DAG(s) dict_keys(['example_branch_operator']) retrieved from /home/airflow/.local/lib/python3.7/site-packages/airflow/example_dags/example_branch_operator.py
[2023-05-21T15:02:27.395+0000] {logging_mixin.py:137} INFO - [2023-05-21T15:02:27.395+0000] {dag.py:2690} INFO - Sync 1 DAGs
[2023-05-21T15:02:27.428+0000] {logging_mixin.py:137} INFO - [2023-05-21T15:02:27.428+0000] {dag.py:3441} INFO - Setting next_dagrun for example_branch_operator to 2023-05-20T00:00:00+00:00, run_after=2023-05-21T00:00:00+00:00
[2023-05-21T15:02:27.453+0000] {processor.py:175} INFO - Processing /home/airflow/.local/lib/python3.7/site-packages/airflow/example_dags/example_branch_operator.py took 0.106 seconds
[2023-05-21T15:02:57.810+0000] {processor.py:153} INFO - Started process (PID=636) to work on /home/airflow/.local/lib/python3.7/site-packages/airflow/example_dags/example_branch_operator.py
[2023-05-21T15:02:57.811+0000] {processor.py:743} INFO - Processing file /home/airflow/.local/lib/python3.7/site-packages/airflow/example_dags/example_branch_operator.py for tasks to queue
[2023-05-21T15:02:57.812+0000] {logging_mixin.py:137} INFO - [2023-05-21T15:02:57.812+0000] {dagbag.py:538} INFO - Filling up the DagBag from /home/airflow/.local/lib/python3.7/site-packages/airflow/example_dags/example_branch_operator.py
[2023-05-21T15:02:57.837+0000] {processor.py:753} INFO - DAG(s) dict_keys(['example_branch_operator']) retrieved from /home/airflow/.local/lib/python3.7/site-packages/airflow/example_dags/example_branch_operator.py
[2023-05-21T15:02:57.862+0000] {logging_mixin.py:137} INFO - [2023-05-21T15:02:57.862+0000] {dag.py:2690} INFO - Sync 1 DAGs
[2023-05-21T15:02:57.907+0000] {logging_mixin.py:137} INFO - [2023-05-21T15:02:57.907+0000] {dag.py:3441} INFO - Setting next_dagrun for example_branch_operator to 2023-05-20T00:00:00+00:00, run_after=2023-05-21T00:00:00+00:00
[2023-05-21T15:02:57.932+0000] {processor.py:175} INFO - Processing /home/airflow/.local/lib/python3.7/site-packages/airflow/example_dags/example_branch_operator.py took 0.127 seconds
[2023-05-21T15:03:28.225+0000] {processor.py:153} INFO - Started process (PID=713) to work on /home/airflow/.local/lib/python3.7/site-packages/airflow/example_dags/example_branch_operator.py
[2023-05-21T15:03:28.226+0000] {processor.py:743} INFO - Processing file /home/airflow/.local/lib/python3.7/site-packages/airflow/example_dags/example_branch_operator.py for tasks to queue
[2023-05-21T15:03:28.227+0000] {logging_mixin.py:137} INFO - [2023-05-21T15:03:28.227+0000] {dagbag.py:538} INFO - Filling up the DagBag from /home/airflow/.local/lib/python3.7/site-packages/airflow/example_dags/example_branch_operator.py
[2023-05-21T15:03:28.244+0000] {processor.py:753} INFO - DAG(s) dict_keys(['example_branch_operator']) retrieved from /home/airflow/.local/lib/python3.7/site-packages/airflow/example_dags/example_branch_operator.py
[2023-05-21T15:03:28.276+0000] {logging_mixin.py:137} INFO - [2023-05-21T15:03:28.276+0000] {dag.py:2690} INFO - Sync 1 DAGs
[2023-05-21T15:03:28.308+0000] {logging_mixin.py:137} INFO - [2023-05-21T15:03:28.307+0000] {dag.py:3441} INFO - Setting next_dagrun for example_branch_operator to 2023-05-20T00:00:00+00:00, run_after=2023-05-21T00:00:00+00:00
[2023-05-21T15:03:28.329+0000] {processor.py:175} INFO - Processing /home/airflow/.local/lib/python3.7/site-packages/airflow/example_dags/example_branch_operator.py took 0.107 seconds
[2023-05-21T15:03:59.756+0000] {processor.py:153} INFO - Started process (PID=777) to work on /home/airflow/.local/lib/python3.7/site-packages/airflow/example_dags/example_branch_operator.py
[2023-05-21T15:03:59.757+0000] {processor.py:743} INFO - Processing file /home/airflow/.local/lib/python3.7/site-packages/airflow/example_dags/example_branch_operator.py for tasks to queue
[2023-05-21T15:03:59.758+0000] {logging_mixin.py:137} INFO - [2023-05-21T15:03:59.758+0000] {dagbag.py:538} INFO - Filling up the DagBag from /home/airflow/.local/lib/python3.7/site-packages/airflow/example_dags/example_branch_operator.py
[2023-05-21T15:03:59.788+0000] {processor.py:753} INFO - DAG(s) dict_keys(['example_branch_operator']) retrieved from /home/airflow/.local/lib/python3.7/site-packages/airflow/example_dags/example_branch_operator.py
[2023-05-21T15:03:59.825+0000] {logging_mixin.py:137} INFO - [2023-05-21T15:03:59.825+0000] {dag.py:2690} INFO - Sync 1 DAGs
[2023-05-21T15:03:59.863+0000] {logging_mixin.py:137} INFO - [2023-05-21T15:03:59.863+0000] {dag.py:3441} INFO - Setting next_dagrun for example_branch_operator to 2023-05-20T00:00:00+00:00, run_after=2023-05-21T00:00:00+00:00
[2023-05-21T15:03:59.892+0000] {processor.py:175} INFO - Processing /home/airflow/.local/lib/python3.7/site-packages/airflow/example_dags/example_branch_operator.py took 0.141 seconds
[2023-05-21T15:04:30.845+0000] {processor.py:153} INFO - Started process (PID=841) to work on /home/airflow/.local/lib/python3.7/site-packages/airflow/example_dags/example_branch_operator.py
[2023-05-21T15:04:30.848+0000] {processor.py:743} INFO - Processing file /home/airflow/.local/lib/python3.7/site-packages/airflow/example_dags/example_branch_operator.py for tasks to queue
[2023-05-21T15:04:30.849+0000] {logging_mixin.py:137} INFO - [2023-05-21T15:04:30.849+0000] {dagbag.py:538} INFO - Filling up the DagBag from /home/airflow/.local/lib/python3.7/site-packages/airflow/example_dags/example_branch_operator.py
[2023-05-21T15:04:30.891+0000] {processor.py:753} INFO - DAG(s) dict_keys(['example_branch_operator']) retrieved from /home/airflow/.local/lib/python3.7/site-packages/airflow/example_dags/example_branch_operator.py
[2023-05-21T15:04:30.948+0000] {logging_mixin.py:137} INFO - [2023-05-21T15:04:30.948+0000] {dag.py:2690} INFO - Sync 1 DAGs
[2023-05-21T15:04:31.010+0000] {logging_mixin.py:137} INFO - [2023-05-21T15:04:31.010+0000] {dag.py:3441} INFO - Setting next_dagrun for example_branch_operator to 2023-05-20T00:00:00+00:00, run_after=2023-05-21T00:00:00+00:00
[2023-05-21T15:04:31.071+0000] {processor.py:175} INFO - Processing /home/airflow/.local/lib/python3.7/site-packages/airflow/example_dags/example_branch_operator.py took 0.233 seconds
[2023-05-21T15:05:01.957+0000] {processor.py:153} INFO - Started process (PID=907) to work on /home/airflow/.local/lib/python3.7/site-packages/airflow/example_dags/example_branch_operator.py
[2023-05-21T15:05:01.958+0000] {processor.py:743} INFO - Processing file /home/airflow/.local/lib/python3.7/site-packages/airflow/example_dags/example_branch_operator.py for tasks to queue
[2023-05-21T15:05:01.959+0000] {logging_mixin.py:137} INFO - [2023-05-21T15:05:01.959+0000] {dagbag.py:538} INFO - Filling up the DagBag from /home/airflow/.local/lib/python3.7/site-packages/airflow/example_dags/example_branch_operator.py
[2023-05-21T15:05:01.987+0000] {processor.py:753} INFO - DAG(s) dict_keys(['example_branch_operator']) retrieved from /home/airflow/.local/lib/python3.7/site-packages/airflow/example_dags/example_branch_operator.py
[2023-05-21T15:05:02.021+0000] {logging_mixin.py:137} INFO - [2023-05-21T15:05:02.021+0000] {dag.py:2690} INFO - Sync 1 DAGs
[2023-05-21T15:05:02.059+0000] {logging_mixin.py:137} INFO - [2023-05-21T15:05:02.058+0000] {dag.py:3441} INFO - Setting next_dagrun for example_branch_operator to 2023-05-20T00:00:00+00:00, run_after=2023-05-21T00:00:00+00:00
[2023-05-21T15:05:02.089+0000] {processor.py:175} INFO - Processing /home/airflow/.local/lib/python3.7/site-packages/airflow/example_dags/example_branch_operator.py took 0.138 seconds
