[2023-05-21T14:58:50.571+0000] {processor.py:153} INFO - Started process (PID=70) to work on /home/airflow/.local/lib/python3.7/site-packages/airflow/example_dags/example_sensors.py
[2023-05-21T14:58:50.571+0000] {processor.py:743} INFO - Processing file /home/airflow/.local/lib/python3.7/site-packages/airflow/example_dags/example_sensors.py for tasks to queue
[2023-05-21T14:58:50.572+0000] {logging_mixin.py:137} INFO - [2023-05-21T14:58:50.572+0000] {dagbag.py:538} INFO - Filling up the DagBag from /home/airflow/.local/lib/python3.7/site-packages/airflow/example_dags/example_sensors.py
[2023-05-21T14:58:50.598+0000] {processor.py:753} INFO - DAG(s) dict_keys(['example_sensors']) retrieved from /home/airflow/.local/lib/python3.7/site-packages/airflow/example_dags/example_sensors.py
[2023-05-21T14:58:50.634+0000] {logging_mixin.py:137} INFO - [2023-05-21T14:58:50.634+0000] {dag.py:2690} INFO - Sync 1 DAGs
[2023-05-21T14:58:50.676+0000] {logging_mixin.py:137} INFO - [2023-05-21T14:58:50.676+0000] {dag.py:3441} INFO - Setting next_dagrun for example_sensors to None, run_after=None
[2023-05-21T14:58:50.710+0000] {processor.py:175} INFO - Processing /home/airflow/.local/lib/python3.7/site-packages/airflow/example_dags/example_sensors.py took 0.142 seconds
[2023-05-21T14:59:21.123+0000] {processor.py:153} INFO - Started process (PID=135) to work on /home/airflow/.local/lib/python3.7/site-packages/airflow/example_dags/example_sensors.py
[2023-05-21T14:59:21.124+0000] {processor.py:743} INFO - Processing file /home/airflow/.local/lib/python3.7/site-packages/airflow/example_dags/example_sensors.py for tasks to queue
[2023-05-21T14:59:21.124+0000] {logging_mixin.py:137} INFO - [2023-05-21T14:59:21.124+0000] {dagbag.py:538} INFO - Filling up the DagBag from /home/airflow/.local/lib/python3.7/site-packages/airflow/example_dags/example_sensors.py
[2023-05-21T14:59:21.146+0000] {processor.py:753} INFO - DAG(s) dict_keys(['example_sensors']) retrieved from /home/airflow/.local/lib/python3.7/site-packages/airflow/example_dags/example_sensors.py
[2023-05-21T14:59:21.175+0000] {logging_mixin.py:137} INFO - [2023-05-21T14:59:21.174+0000] {dag.py:2690} INFO - Sync 1 DAGs
[2023-05-21T14:59:21.201+0000] {logging_mixin.py:137} INFO - [2023-05-21T14:59:21.200+0000] {dag.py:3441} INFO - Setting next_dagrun for example_sensors to None, run_after=None
[2023-05-21T14:59:21.226+0000] {processor.py:175} INFO - Processing /home/airflow/.local/lib/python3.7/site-packages/airflow/example_dags/example_sensors.py took 0.106 seconds
[2023-05-21T14:59:52.098+0000] {processor.py:153} INFO - Started process (PID=212) to work on /home/airflow/.local/lib/python3.7/site-packages/airflow/example_dags/example_sensors.py
[2023-05-21T14:59:52.099+0000] {processor.py:743} INFO - Processing file /home/airflow/.local/lib/python3.7/site-packages/airflow/example_dags/example_sensors.py for tasks to queue
[2023-05-21T14:59:52.099+0000] {logging_mixin.py:137} INFO - [2023-05-21T14:59:52.099+0000] {dagbag.py:538} INFO - Filling up the DagBag from /home/airflow/.local/lib/python3.7/site-packages/airflow/example_dags/example_sensors.py
[2023-05-21T14:59:52.117+0000] {processor.py:753} INFO - DAG(s) dict_keys(['example_sensors']) retrieved from /home/airflow/.local/lib/python3.7/site-packages/airflow/example_dags/example_sensors.py
[2023-05-21T14:59:52.146+0000] {logging_mixin.py:137} INFO - [2023-05-21T14:59:52.146+0000] {dag.py:2690} INFO - Sync 1 DAGs
[2023-05-21T14:59:52.171+0000] {logging_mixin.py:137} INFO - [2023-05-21T14:59:52.171+0000] {dag.py:3441} INFO - Setting next_dagrun for example_sensors to None, run_after=None
[2023-05-21T14:59:52.190+0000] {processor.py:175} INFO - Processing /home/airflow/.local/lib/python3.7/site-packages/airflow/example_dags/example_sensors.py took 0.096 seconds
[2023-05-21T15:00:22.395+0000] {processor.py:153} INFO - Started process (PID=277) to work on /home/airflow/.local/lib/python3.7/site-packages/airflow/example_dags/example_sensors.py
[2023-05-21T15:00:22.396+0000] {processor.py:743} INFO - Processing file /home/airflow/.local/lib/python3.7/site-packages/airflow/example_dags/example_sensors.py for tasks to queue
[2023-05-21T15:00:22.396+0000] {logging_mixin.py:137} INFO - [2023-05-21T15:00:22.396+0000] {dagbag.py:538} INFO - Filling up the DagBag from /home/airflow/.local/lib/python3.7/site-packages/airflow/example_dags/example_sensors.py
[2023-05-21T15:00:22.415+0000] {processor.py:753} INFO - DAG(s) dict_keys(['example_sensors']) retrieved from /home/airflow/.local/lib/python3.7/site-packages/airflow/example_dags/example_sensors.py
[2023-05-21T15:00:22.442+0000] {logging_mixin.py:137} INFO - [2023-05-21T15:00:22.442+0000] {dag.py:2690} INFO - Sync 1 DAGs
[2023-05-21T15:00:22.468+0000] {logging_mixin.py:137} INFO - [2023-05-21T15:00:22.468+0000] {dag.py:3441} INFO - Setting next_dagrun for example_sensors to None, run_after=None
[2023-05-21T15:00:22.487+0000] {processor.py:175} INFO - Processing /home/airflow/.local/lib/python3.7/site-packages/airflow/example_dags/example_sensors.py took 0.095 seconds
[2023-05-21T15:00:54.205+0000] {processor.py:153} INFO - Started process (PID=350) to work on /home/airflow/.local/lib/python3.7/site-packages/airflow/example_dags/example_sensors.py
[2023-05-21T15:00:54.206+0000] {processor.py:743} INFO - Processing file /home/airflow/.local/lib/python3.7/site-packages/airflow/example_dags/example_sensors.py for tasks to queue
[2023-05-21T15:00:54.207+0000] {logging_mixin.py:137} INFO - [2023-05-21T15:00:54.207+0000] {dagbag.py:538} INFO - Filling up the DagBag from /home/airflow/.local/lib/python3.7/site-packages/airflow/example_dags/example_sensors.py
[2023-05-21T15:00:54.236+0000] {processor.py:753} INFO - DAG(s) dict_keys(['example_sensors']) retrieved from /home/airflow/.local/lib/python3.7/site-packages/airflow/example_dags/example_sensors.py
[2023-05-21T15:00:54.286+0000] {logging_mixin.py:137} INFO - [2023-05-21T15:00:54.286+0000] {dag.py:2690} INFO - Sync 1 DAGs
[2023-05-21T15:00:54.316+0000] {logging_mixin.py:137} INFO - [2023-05-21T15:00:54.316+0000] {dag.py:3441} INFO - Setting next_dagrun for example_sensors to None, run_after=None
[2023-05-21T15:00:54.342+0000] {processor.py:175} INFO - Processing /home/airflow/.local/lib/python3.7/site-packages/airflow/example_dags/example_sensors.py took 0.141 seconds
[2023-05-21T15:01:24.893+0000] {processor.py:153} INFO - Started process (PID=418) to work on /home/airflow/.local/lib/python3.7/site-packages/airflow/example_dags/example_sensors.py
[2023-05-21T15:01:24.894+0000] {processor.py:743} INFO - Processing file /home/airflow/.local/lib/python3.7/site-packages/airflow/example_dags/example_sensors.py for tasks to queue
[2023-05-21T15:01:24.895+0000] {logging_mixin.py:137} INFO - [2023-05-21T15:01:24.894+0000] {dagbag.py:538} INFO - Filling up the DagBag from /home/airflow/.local/lib/python3.7/site-packages/airflow/example_dags/example_sensors.py
[2023-05-21T15:01:24.913+0000] {processor.py:753} INFO - DAG(s) dict_keys(['example_sensors']) retrieved from /home/airflow/.local/lib/python3.7/site-packages/airflow/example_dags/example_sensors.py
[2023-05-21T15:01:24.939+0000] {logging_mixin.py:137} INFO - [2023-05-21T15:01:24.939+0000] {dag.py:2690} INFO - Sync 1 DAGs
[2023-05-21T15:01:24.968+0000] {logging_mixin.py:137} INFO - [2023-05-21T15:01:24.968+0000] {dag.py:3441} INFO - Setting next_dagrun for example_sensors to None, run_after=None
[2023-05-21T15:01:24.987+0000] {processor.py:175} INFO - Processing /home/airflow/.local/lib/python3.7/site-packages/airflow/example_dags/example_sensors.py took 0.097 seconds
[2023-05-21T15:01:56.136+0000] {processor.py:153} INFO - Started process (PID=490) to work on /home/airflow/.local/lib/python3.7/site-packages/airflow/example_dags/example_sensors.py
[2023-05-21T15:01:56.137+0000] {processor.py:743} INFO - Processing file /home/airflow/.local/lib/python3.7/site-packages/airflow/example_dags/example_sensors.py for tasks to queue
[2023-05-21T15:01:56.138+0000] {logging_mixin.py:137} INFO - [2023-05-21T15:01:56.137+0000] {dagbag.py:538} INFO - Filling up the DagBag from /home/airflow/.local/lib/python3.7/site-packages/airflow/example_dags/example_sensors.py
[2023-05-21T15:01:56.165+0000] {processor.py:753} INFO - DAG(s) dict_keys(['example_sensors']) retrieved from /home/airflow/.local/lib/python3.7/site-packages/airflow/example_dags/example_sensors.py
[2023-05-21T15:01:56.204+0000] {logging_mixin.py:137} INFO - [2023-05-21T15:01:56.204+0000] {dag.py:2690} INFO - Sync 1 DAGs
[2023-05-21T15:01:56.248+0000] {logging_mixin.py:137} INFO - [2023-05-21T15:01:56.247+0000] {dag.py:3441} INFO - Setting next_dagrun for example_sensors to None, run_after=None
[2023-05-21T15:01:56.277+0000] {processor.py:175} INFO - Processing /home/airflow/.local/lib/python3.7/site-packages/airflow/example_dags/example_sensors.py took 0.145 seconds
[2023-05-21T15:02:26.838+0000] {processor.py:153} INFO - Started process (PID=561) to work on /home/airflow/.local/lib/python3.7/site-packages/airflow/example_dags/example_sensors.py
[2023-05-21T15:02:26.839+0000] {processor.py:743} INFO - Processing file /home/airflow/.local/lib/python3.7/site-packages/airflow/example_dags/example_sensors.py for tasks to queue
[2023-05-21T15:02:26.840+0000] {logging_mixin.py:137} INFO - [2023-05-21T15:02:26.840+0000] {dagbag.py:538} INFO - Filling up the DagBag from /home/airflow/.local/lib/python3.7/site-packages/airflow/example_dags/example_sensors.py
[2023-05-21T15:02:26.860+0000] {processor.py:753} INFO - DAG(s) dict_keys(['example_sensors']) retrieved from /home/airflow/.local/lib/python3.7/site-packages/airflow/example_dags/example_sensors.py
[2023-05-21T15:02:26.893+0000] {logging_mixin.py:137} INFO - [2023-05-21T15:02:26.892+0000] {dag.py:2690} INFO - Sync 1 DAGs
[2023-05-21T15:02:26.922+0000] {logging_mixin.py:137} INFO - [2023-05-21T15:02:26.922+0000] {dag.py:3441} INFO - Setting next_dagrun for example_sensors to None, run_after=None
[2023-05-21T15:02:26.943+0000] {processor.py:175} INFO - Processing /home/airflow/.local/lib/python3.7/site-packages/airflow/example_dags/example_sensors.py took 0.109 seconds
[2023-05-21T15:02:57.216+0000] {processor.py:153} INFO - Started process (PID=628) to work on /home/airflow/.local/lib/python3.7/site-packages/airflow/example_dags/example_sensors.py
[2023-05-21T15:02:57.217+0000] {processor.py:743} INFO - Processing file /home/airflow/.local/lib/python3.7/site-packages/airflow/example_dags/example_sensors.py for tasks to queue
[2023-05-21T15:02:57.218+0000] {logging_mixin.py:137} INFO - [2023-05-21T15:02:57.218+0000] {dagbag.py:538} INFO - Filling up the DagBag from /home/airflow/.local/lib/python3.7/site-packages/airflow/example_dags/example_sensors.py
[2023-05-21T15:02:57.240+0000] {processor.py:753} INFO - DAG(s) dict_keys(['example_sensors']) retrieved from /home/airflow/.local/lib/python3.7/site-packages/airflow/example_dags/example_sensors.py
[2023-05-21T15:02:57.269+0000] {logging_mixin.py:137} INFO - [2023-05-21T15:02:57.269+0000] {dag.py:2690} INFO - Sync 1 DAGs
[2023-05-21T15:02:57.297+0000] {logging_mixin.py:137} INFO - [2023-05-21T15:02:57.296+0000] {dag.py:3441} INFO - Setting next_dagrun for example_sensors to None, run_after=None
[2023-05-21T15:02:57.318+0000] {processor.py:175} INFO - Processing /home/airflow/.local/lib/python3.7/site-packages/airflow/example_dags/example_sensors.py took 0.105 seconds
[2023-05-21T15:03:27.684+0000] {processor.py:153} INFO - Started process (PID=705) to work on /home/airflow/.local/lib/python3.7/site-packages/airflow/example_dags/example_sensors.py
[2023-05-21T15:03:27.685+0000] {processor.py:743} INFO - Processing file /home/airflow/.local/lib/python3.7/site-packages/airflow/example_dags/example_sensors.py for tasks to queue
[2023-05-21T15:03:27.685+0000] {logging_mixin.py:137} INFO - [2023-05-21T15:03:27.685+0000] {dagbag.py:538} INFO - Filling up the DagBag from /home/airflow/.local/lib/python3.7/site-packages/airflow/example_dags/example_sensors.py
[2023-05-21T15:03:27.704+0000] {processor.py:753} INFO - DAG(s) dict_keys(['example_sensors']) retrieved from /home/airflow/.local/lib/python3.7/site-packages/airflow/example_dags/example_sensors.py
[2023-05-21T15:03:27.735+0000] {logging_mixin.py:137} INFO - [2023-05-21T15:03:27.734+0000] {dag.py:2690} INFO - Sync 1 DAGs
[2023-05-21T15:03:27.765+0000] {logging_mixin.py:137} INFO - [2023-05-21T15:03:27.765+0000] {dag.py:3441} INFO - Setting next_dagrun for example_sensors to None, run_after=None
[2023-05-21T15:03:27.789+0000] {processor.py:175} INFO - Processing /home/airflow/.local/lib/python3.7/site-packages/airflow/example_dags/example_sensors.py took 0.108 seconds
[2023-05-21T15:03:58.753+0000] {processor.py:153} INFO - Started process (PID=769) to work on /home/airflow/.local/lib/python3.7/site-packages/airflow/example_dags/example_sensors.py
[2023-05-21T15:03:58.754+0000] {processor.py:743} INFO - Processing file /home/airflow/.local/lib/python3.7/site-packages/airflow/example_dags/example_sensors.py for tasks to queue
[2023-05-21T15:03:58.754+0000] {logging_mixin.py:137} INFO - [2023-05-21T15:03:58.754+0000] {dagbag.py:538} INFO - Filling up the DagBag from /home/airflow/.local/lib/python3.7/site-packages/airflow/example_dags/example_sensors.py
[2023-05-21T15:03:58.796+0000] {processor.py:753} INFO - DAG(s) dict_keys(['example_sensors']) retrieved from /home/airflow/.local/lib/python3.7/site-packages/airflow/example_dags/example_sensors.py
[2023-05-21T15:03:58.855+0000] {logging_mixin.py:137} INFO - [2023-05-21T15:03:58.854+0000] {dag.py:2690} INFO - Sync 1 DAGs
[2023-05-21T15:03:58.905+0000] {logging_mixin.py:137} INFO - [2023-05-21T15:03:58.905+0000] {dag.py:3441} INFO - Setting next_dagrun for example_sensors to None, run_after=None
[2023-05-21T15:03:58.967+0000] {processor.py:175} INFO - Processing /home/airflow/.local/lib/python3.7/site-packages/airflow/example_dags/example_sensors.py took 0.218 seconds
[2023-05-21T15:04:29.865+0000] {processor.py:153} INFO - Started process (PID=833) to work on /home/airflow/.local/lib/python3.7/site-packages/airflow/example_dags/example_sensors.py
[2023-05-21T15:04:29.866+0000] {processor.py:743} INFO - Processing file /home/airflow/.local/lib/python3.7/site-packages/airflow/example_dags/example_sensors.py for tasks to queue
[2023-05-21T15:04:29.867+0000] {logging_mixin.py:137} INFO - [2023-05-21T15:04:29.867+0000] {dagbag.py:538} INFO - Filling up the DagBag from /home/airflow/.local/lib/python3.7/site-packages/airflow/example_dags/example_sensors.py
[2023-05-21T15:04:29.911+0000] {processor.py:753} INFO - DAG(s) dict_keys(['example_sensors']) retrieved from /home/airflow/.local/lib/python3.7/site-packages/airflow/example_dags/example_sensors.py
[2023-05-21T15:04:29.968+0000] {logging_mixin.py:137} INFO - [2023-05-21T15:04:29.968+0000] {dag.py:2690} INFO - Sync 1 DAGs
[2023-05-21T15:04:30.013+0000] {logging_mixin.py:137} INFO - [2023-05-21T15:04:30.013+0000] {dag.py:3441} INFO - Setting next_dagrun for example_sensors to None, run_after=None
[2023-05-21T15:04:30.046+0000] {processor.py:175} INFO - Processing /home/airflow/.local/lib/python3.7/site-packages/airflow/example_dags/example_sensors.py took 0.187 seconds
[2023-05-21T15:05:01.070+0000] {processor.py:153} INFO - Started process (PID=899) to work on /home/airflow/.local/lib/python3.7/site-packages/airflow/example_dags/example_sensors.py
[2023-05-21T15:05:01.071+0000] {processor.py:743} INFO - Processing file /home/airflow/.local/lib/python3.7/site-packages/airflow/example_dags/example_sensors.py for tasks to queue
[2023-05-21T15:05:01.072+0000] {logging_mixin.py:137} INFO - [2023-05-21T15:05:01.072+0000] {dagbag.py:538} INFO - Filling up the DagBag from /home/airflow/.local/lib/python3.7/site-packages/airflow/example_dags/example_sensors.py
[2023-05-21T15:05:01.120+0000] {processor.py:753} INFO - DAG(s) dict_keys(['example_sensors']) retrieved from /home/airflow/.local/lib/python3.7/site-packages/airflow/example_dags/example_sensors.py
[2023-05-21T15:05:01.166+0000] {logging_mixin.py:137} INFO - [2023-05-21T15:05:01.165+0000] {dag.py:2690} INFO - Sync 1 DAGs
[2023-05-21T15:05:01.226+0000] {logging_mixin.py:137} INFO - [2023-05-21T15:05:01.226+0000] {dag.py:3441} INFO - Setting next_dagrun for example_sensors to None, run_after=None
[2023-05-21T15:05:01.259+0000] {processor.py:175} INFO - Processing /home/airflow/.local/lib/python3.7/site-packages/airflow/example_dags/example_sensors.py took 0.195 seconds
