[2023-05-21T14:45:22.543+0000] {processor.py:156} INFO - Started process (PID=269) to work on /home/airflow/.local/lib/python3.7/site-packages/airflow/example_dags/example_local_kubernetes_executor.py
[2023-05-21T14:45:22.544+0000] {processor.py:758} INFO - Processing file /home/airflow/.local/lib/python3.7/site-packages/airflow/example_dags/example_local_kubernetes_executor.py for tasks to queue
[2023-05-21T14:45:22.545+0000] {logging_mixin.py:117} INFO - [2023-05-21T14:45:22.544+0000] {dagbag.py:525} INFO - Filling up the DagBag from /home/airflow/.local/lib/python3.7/site-packages/airflow/example_dags/example_local_kubernetes_executor.py
[2023-05-21T14:45:22.579+0000] {processor.py:768} INFO - DAG(s) dict_keys(['example_local_kubernetes_executor']) retrieved from /home/airflow/.local/lib/python3.7/site-packages/airflow/example_dags/example_local_kubernetes_executor.py
[2023-05-21T14:45:22.615+0000] {logging_mixin.py:117} INFO - [2023-05-21T14:45:22.615+0000] {dag.py:2573} INFO - Sync 1 DAGs
[2023-05-21T14:45:22.658+0000] {logging_mixin.py:117} INFO - [2023-05-21T14:45:22.658+0000] {dag.py:3328} INFO - Setting next_dagrun for example_local_kubernetes_executor to None, run_after=None
[2023-05-21T14:45:22.689+0000] {processor.py:178} INFO - Processing /home/airflow/.local/lib/python3.7/site-packages/airflow/example_dags/example_local_kubernetes_executor.py took 0.149 seconds
[2023-05-21T14:45:53.470+0000] {processor.py:156} INFO - Started process (PID=475) to work on /home/airflow/.local/lib/python3.7/site-packages/airflow/example_dags/example_local_kubernetes_executor.py
[2023-05-21T14:45:53.471+0000] {processor.py:758} INFO - Processing file /home/airflow/.local/lib/python3.7/site-packages/airflow/example_dags/example_local_kubernetes_executor.py for tasks to queue
[2023-05-21T14:45:53.472+0000] {logging_mixin.py:117} INFO - [2023-05-21T14:45:53.472+0000] {dagbag.py:525} INFO - Filling up the DagBag from /home/airflow/.local/lib/python3.7/site-packages/airflow/example_dags/example_local_kubernetes_executor.py
[2023-05-21T14:45:53.508+0000] {processor.py:768} INFO - DAG(s) dict_keys(['example_local_kubernetes_executor']) retrieved from /home/airflow/.local/lib/python3.7/site-packages/airflow/example_dags/example_local_kubernetes_executor.py
[2023-05-21T14:45:53.572+0000] {logging_mixin.py:117} INFO - [2023-05-21T14:45:53.572+0000] {dag.py:2573} INFO - Sync 1 DAGs
[2023-05-21T14:45:53.643+0000] {logging_mixin.py:117} INFO - [2023-05-21T14:45:53.642+0000] {dag.py:3328} INFO - Setting next_dagrun for example_local_kubernetes_executor to None, run_after=None
[2023-05-21T14:45:53.844+0000] {processor.py:178} INFO - Processing /home/airflow/.local/lib/python3.7/site-packages/airflow/example_dags/example_local_kubernetes_executor.py took 0.378 seconds
[2023-05-21T14:46:24.975+0000] {processor.py:156} INFO - Started process (PID=687) to work on /home/airflow/.local/lib/python3.7/site-packages/airflow/example_dags/example_local_kubernetes_executor.py
[2023-05-21T14:46:24.975+0000] {processor.py:758} INFO - Processing file /home/airflow/.local/lib/python3.7/site-packages/airflow/example_dags/example_local_kubernetes_executor.py for tasks to queue
[2023-05-21T14:46:24.976+0000] {logging_mixin.py:117} INFO - [2023-05-21T14:46:24.976+0000] {dagbag.py:525} INFO - Filling up the DagBag from /home/airflow/.local/lib/python3.7/site-packages/airflow/example_dags/example_local_kubernetes_executor.py
[2023-05-21T14:46:25.006+0000] {processor.py:768} INFO - DAG(s) dict_keys(['example_local_kubernetes_executor']) retrieved from /home/airflow/.local/lib/python3.7/site-packages/airflow/example_dags/example_local_kubernetes_executor.py
[2023-05-21T14:46:25.043+0000] {logging_mixin.py:117} INFO - [2023-05-21T14:46:25.043+0000] {dag.py:2573} INFO - Sync 1 DAGs
[2023-05-21T14:46:25.230+0000] {logging_mixin.py:117} INFO - [2023-05-21T14:46:25.230+0000] {dag.py:3328} INFO - Setting next_dagrun for example_local_kubernetes_executor to None, run_after=None
[2023-05-21T14:46:25.278+0000] {processor.py:178} INFO - Processing /home/airflow/.local/lib/python3.7/site-packages/airflow/example_dags/example_local_kubernetes_executor.py took 0.307 seconds
[2023-05-21T14:46:55.818+0000] {processor.py:156} INFO - Started process (PID=901) to work on /home/airflow/.local/lib/python3.7/site-packages/airflow/example_dags/example_local_kubernetes_executor.py
[2023-05-21T14:46:55.818+0000] {processor.py:758} INFO - Processing file /home/airflow/.local/lib/python3.7/site-packages/airflow/example_dags/example_local_kubernetes_executor.py for tasks to queue
[2023-05-21T14:46:55.819+0000] {logging_mixin.py:117} INFO - [2023-05-21T14:46:55.819+0000] {dagbag.py:525} INFO - Filling up the DagBag from /home/airflow/.local/lib/python3.7/site-packages/airflow/example_dags/example_local_kubernetes_executor.py
[2023-05-21T14:46:55.841+0000] {processor.py:768} INFO - DAG(s) dict_keys(['example_local_kubernetes_executor']) retrieved from /home/airflow/.local/lib/python3.7/site-packages/airflow/example_dags/example_local_kubernetes_executor.py
[2023-05-21T14:46:56.004+0000] {logging_mixin.py:117} INFO - [2023-05-21T14:46:56.004+0000] {dag.py:2573} INFO - Sync 1 DAGs
[2023-05-21T14:46:56.031+0000] {logging_mixin.py:117} INFO - [2023-05-21T14:46:56.031+0000] {dag.py:3328} INFO - Setting next_dagrun for example_local_kubernetes_executor to None, run_after=None
[2023-05-21T14:46:56.051+0000] {processor.py:178} INFO - Processing /home/airflow/.local/lib/python3.7/site-packages/airflow/example_dags/example_local_kubernetes_executor.py took 0.236 seconds
[2023-05-21T14:47:26.397+0000] {processor.py:156} INFO - Started process (PID=1106) to work on /home/airflow/.local/lib/python3.7/site-packages/airflow/example_dags/example_local_kubernetes_executor.py
[2023-05-21T14:47:26.398+0000] {processor.py:758} INFO - Processing file /home/airflow/.local/lib/python3.7/site-packages/airflow/example_dags/example_local_kubernetes_executor.py for tasks to queue
[2023-05-21T14:47:26.398+0000] {logging_mixin.py:117} INFO - [2023-05-21T14:47:26.398+0000] {dagbag.py:525} INFO - Filling up the DagBag from /home/airflow/.local/lib/python3.7/site-packages/airflow/example_dags/example_local_kubernetes_executor.py
[2023-05-21T14:47:26.552+0000] {processor.py:768} INFO - DAG(s) dict_keys(['example_local_kubernetes_executor']) retrieved from /home/airflow/.local/lib/python3.7/site-packages/airflow/example_dags/example_local_kubernetes_executor.py
[2023-05-21T14:47:26.606+0000] {logging_mixin.py:117} INFO - [2023-05-21T14:47:26.605+0000] {dag.py:2573} INFO - Sync 1 DAGs
[2023-05-21T14:47:26.650+0000] {logging_mixin.py:117} INFO - [2023-05-21T14:47:26.650+0000] {dag.py:3328} INFO - Setting next_dagrun for example_local_kubernetes_executor to None, run_after=None
[2023-05-21T14:47:26.694+0000] {processor.py:178} INFO - Processing /home/airflow/.local/lib/python3.7/site-packages/airflow/example_dags/example_local_kubernetes_executor.py took 0.302 seconds
[2023-05-21T14:47:57.147+0000] {processor.py:156} INFO - Started process (PID=1319) to work on /home/airflow/.local/lib/python3.7/site-packages/airflow/example_dags/example_local_kubernetes_executor.py
[2023-05-21T14:47:57.148+0000] {processor.py:758} INFO - Processing file /home/airflow/.local/lib/python3.7/site-packages/airflow/example_dags/example_local_kubernetes_executor.py for tasks to queue
[2023-05-21T14:47:57.149+0000] {logging_mixin.py:117} INFO - [2023-05-21T14:47:57.149+0000] {dagbag.py:525} INFO - Filling up the DagBag from /home/airflow/.local/lib/python3.7/site-packages/airflow/example_dags/example_local_kubernetes_executor.py
[2023-05-21T14:47:57.189+0000] {processor.py:768} INFO - DAG(s) dict_keys(['example_local_kubernetes_executor']) retrieved from /home/airflow/.local/lib/python3.7/site-packages/airflow/example_dags/example_local_kubernetes_executor.py
[2023-05-21T14:47:57.251+0000] {logging_mixin.py:117} INFO - [2023-05-21T14:47:57.251+0000] {dag.py:2573} INFO - Sync 1 DAGs
[2023-05-21T14:47:57.292+0000] {logging_mixin.py:117} INFO - [2023-05-21T14:47:57.292+0000] {dag.py:3328} INFO - Setting next_dagrun for example_local_kubernetes_executor to None, run_after=None
[2023-05-21T14:47:57.320+0000] {processor.py:178} INFO - Processing /home/airflow/.local/lib/python3.7/site-packages/airflow/example_dags/example_local_kubernetes_executor.py took 0.178 seconds
[2023-05-21T14:50:29.829+0000] {processor.py:156} INFO - Started process (PID=271) to work on /home/airflow/.local/lib/python3.7/site-packages/airflow/example_dags/example_local_kubernetes_executor.py
[2023-05-21T14:50:29.830+0000] {processor.py:758} INFO - Processing file /home/airflow/.local/lib/python3.7/site-packages/airflow/example_dags/example_local_kubernetes_executor.py for tasks to queue
[2023-05-21T14:50:29.831+0000] {logging_mixin.py:117} INFO - [2023-05-21T14:50:29.831+0000] {dagbag.py:525} INFO - Filling up the DagBag from /home/airflow/.local/lib/python3.7/site-packages/airflow/example_dags/example_local_kubernetes_executor.py
[2023-05-21T14:50:29.866+0000] {processor.py:768} INFO - DAG(s) dict_keys(['example_local_kubernetes_executor']) retrieved from /home/airflow/.local/lib/python3.7/site-packages/airflow/example_dags/example_local_kubernetes_executor.py
[2023-05-21T14:50:29.909+0000] {logging_mixin.py:117} INFO - [2023-05-21T14:50:29.908+0000] {dag.py:2573} INFO - Sync 1 DAGs
[2023-05-21T14:50:29.950+0000] {logging_mixin.py:117} INFO - [2023-05-21T14:50:29.949+0000] {dag.py:3328} INFO - Setting next_dagrun for example_local_kubernetes_executor to None, run_after=None
[2023-05-21T14:50:29.976+0000] {processor.py:178} INFO - Processing /home/airflow/.local/lib/python3.7/site-packages/airflow/example_dags/example_local_kubernetes_executor.py took 0.150 seconds
[2023-05-21T14:51:00.314+0000] {processor.py:156} INFO - Started process (PID=475) to work on /home/airflow/.local/lib/python3.7/site-packages/airflow/example_dags/example_local_kubernetes_executor.py
[2023-05-21T14:51:00.314+0000] {processor.py:758} INFO - Processing file /home/airflow/.local/lib/python3.7/site-packages/airflow/example_dags/example_local_kubernetes_executor.py for tasks to queue
[2023-05-21T14:51:00.315+0000] {logging_mixin.py:117} INFO - [2023-05-21T14:51:00.315+0000] {dagbag.py:525} INFO - Filling up the DagBag from /home/airflow/.local/lib/python3.7/site-packages/airflow/example_dags/example_local_kubernetes_executor.py
[2023-05-21T14:51:00.337+0000] {processor.py:768} INFO - DAG(s) dict_keys(['example_local_kubernetes_executor']) retrieved from /home/airflow/.local/lib/python3.7/site-packages/airflow/example_dags/example_local_kubernetes_executor.py
[2023-05-21T14:51:00.370+0000] {logging_mixin.py:117} INFO - [2023-05-21T14:51:00.370+0000] {dag.py:2573} INFO - Sync 1 DAGs
[2023-05-21T14:51:00.393+0000] {logging_mixin.py:117} INFO - [2023-05-21T14:51:00.393+0000] {dag.py:3328} INFO - Setting next_dagrun for example_local_kubernetes_executor to None, run_after=None
[2023-05-21T14:51:00.531+0000] {processor.py:178} INFO - Processing /home/airflow/.local/lib/python3.7/site-packages/airflow/example_dags/example_local_kubernetes_executor.py took 0.220 seconds
[2023-05-21T14:51:31.460+0000] {processor.py:156} INFO - Started process (PID=689) to work on /home/airflow/.local/lib/python3.7/site-packages/airflow/example_dags/example_local_kubernetes_executor.py
[2023-05-21T14:51:31.461+0000] {processor.py:758} INFO - Processing file /home/airflow/.local/lib/python3.7/site-packages/airflow/example_dags/example_local_kubernetes_executor.py for tasks to queue
[2023-05-21T14:51:31.462+0000] {logging_mixin.py:117} INFO - [2023-05-21T14:51:31.462+0000] {dagbag.py:525} INFO - Filling up the DagBag from /home/airflow/.local/lib/python3.7/site-packages/airflow/example_dags/example_local_kubernetes_executor.py
[2023-05-21T14:51:31.490+0000] {processor.py:768} INFO - DAG(s) dict_keys(['example_local_kubernetes_executor']) retrieved from /home/airflow/.local/lib/python3.7/site-packages/airflow/example_dags/example_local_kubernetes_executor.py
[2023-05-21T14:51:31.538+0000] {logging_mixin.py:117} INFO - [2023-05-21T14:51:31.537+0000] {dag.py:2573} INFO - Sync 1 DAGs
[2023-05-21T14:51:31.688+0000] {logging_mixin.py:117} INFO - [2023-05-21T14:51:31.688+0000] {dag.py:3328} INFO - Setting next_dagrun for example_local_kubernetes_executor to None, run_after=None
[2023-05-21T14:51:31.709+0000] {processor.py:178} INFO - Processing /home/airflow/.local/lib/python3.7/site-packages/airflow/example_dags/example_local_kubernetes_executor.py took 0.253 seconds
[2023-05-21T14:52:02.123+0000] {processor.py:156} INFO - Started process (PID=901) to work on /home/airflow/.local/lib/python3.7/site-packages/airflow/example_dags/example_local_kubernetes_executor.py
[2023-05-21T14:52:02.123+0000] {processor.py:758} INFO - Processing file /home/airflow/.local/lib/python3.7/site-packages/airflow/example_dags/example_local_kubernetes_executor.py for tasks to queue
[2023-05-21T14:52:02.124+0000] {logging_mixin.py:117} INFO - [2023-05-21T14:52:02.124+0000] {dagbag.py:525} INFO - Filling up the DagBag from /home/airflow/.local/lib/python3.7/site-packages/airflow/example_dags/example_local_kubernetes_executor.py
[2023-05-21T14:52:02.147+0000] {processor.py:768} INFO - DAG(s) dict_keys(['example_local_kubernetes_executor']) retrieved from /home/airflow/.local/lib/python3.7/site-packages/airflow/example_dags/example_local_kubernetes_executor.py
[2023-05-21T14:52:02.396+0000] {logging_mixin.py:117} INFO - [2023-05-21T14:52:02.396+0000] {dag.py:2573} INFO - Sync 1 DAGs
[2023-05-21T14:52:02.431+0000] {logging_mixin.py:117} INFO - [2023-05-21T14:52:02.431+0000] {dag.py:3328} INFO - Setting next_dagrun for example_local_kubernetes_executor to None, run_after=None
[2023-05-21T14:52:02.461+0000] {processor.py:178} INFO - Processing /home/airflow/.local/lib/python3.7/site-packages/airflow/example_dags/example_local_kubernetes_executor.py took 0.342 seconds
[2023-05-21T14:58:50.266+0000] {processor.py:153} INFO - Started process (PID=67) to work on /home/airflow/.local/lib/python3.7/site-packages/airflow/example_dags/example_local_kubernetes_executor.py
[2023-05-21T14:58:50.268+0000] {processor.py:743} INFO - Processing file /home/airflow/.local/lib/python3.7/site-packages/airflow/example_dags/example_local_kubernetes_executor.py for tasks to queue
[2023-05-21T14:58:50.269+0000] {logging_mixin.py:137} INFO - [2023-05-21T14:58:50.268+0000] {dagbag.py:538} INFO - Filling up the DagBag from /home/airflow/.local/lib/python3.7/site-packages/airflow/example_dags/example_local_kubernetes_executor.py
[2023-05-21T14:58:50.319+0000] {processor.py:753} INFO - DAG(s) dict_keys(['example_local_kubernetes_executor']) retrieved from /home/airflow/.local/lib/python3.7/site-packages/airflow/example_dags/example_local_kubernetes_executor.py
[2023-05-21T14:58:50.380+0000] {logging_mixin.py:137} INFO - [2023-05-21T14:58:50.380+0000] {dag.py:2690} INFO - Sync 1 DAGs
[2023-05-21T14:58:50.418+0000] {logging_mixin.py:137} INFO - [2023-05-21T14:58:50.417+0000] {dag.py:3441} INFO - Setting next_dagrun for example_local_kubernetes_executor to None, run_after=None
[2023-05-21T14:58:50.440+0000] {processor.py:175} INFO - Processing /home/airflow/.local/lib/python3.7/site-packages/airflow/example_dags/example_local_kubernetes_executor.py took 0.178 seconds
[2023-05-21T14:59:20.869+0000] {processor.py:153} INFO - Started process (PID=132) to work on /home/airflow/.local/lib/python3.7/site-packages/airflow/example_dags/example_local_kubernetes_executor.py
[2023-05-21T14:59:20.870+0000] {processor.py:743} INFO - Processing file /home/airflow/.local/lib/python3.7/site-packages/airflow/example_dags/example_local_kubernetes_executor.py for tasks to queue
[2023-05-21T14:59:20.870+0000] {logging_mixin.py:137} INFO - [2023-05-21T14:59:20.870+0000] {dagbag.py:538} INFO - Filling up the DagBag from /home/airflow/.local/lib/python3.7/site-packages/airflow/example_dags/example_local_kubernetes_executor.py
[2023-05-21T14:59:20.892+0000] {processor.py:753} INFO - DAG(s) dict_keys(['example_local_kubernetes_executor']) retrieved from /home/airflow/.local/lib/python3.7/site-packages/airflow/example_dags/example_local_kubernetes_executor.py
[2023-05-21T14:59:20.927+0000] {logging_mixin.py:137} INFO - [2023-05-21T14:59:20.927+0000] {dag.py:2690} INFO - Sync 1 DAGs
[2023-05-21T14:59:20.969+0000] {logging_mixin.py:137} INFO - [2023-05-21T14:59:20.969+0000] {dag.py:3441} INFO - Setting next_dagrun for example_local_kubernetes_executor to None, run_after=None
[2023-05-21T14:59:20.996+0000] {processor.py:175} INFO - Processing /home/airflow/.local/lib/python3.7/site-packages/airflow/example_dags/example_local_kubernetes_executor.py took 0.130 seconds
[2023-05-21T14:59:51.921+0000] {processor.py:153} INFO - Started process (PID=209) to work on /home/airflow/.local/lib/python3.7/site-packages/airflow/example_dags/example_local_kubernetes_executor.py
[2023-05-21T14:59:51.922+0000] {processor.py:743} INFO - Processing file /home/airflow/.local/lib/python3.7/site-packages/airflow/example_dags/example_local_kubernetes_executor.py for tasks to queue
[2023-05-21T14:59:51.922+0000] {logging_mixin.py:137} INFO - [2023-05-21T14:59:51.922+0000] {dagbag.py:538} INFO - Filling up the DagBag from /home/airflow/.local/lib/python3.7/site-packages/airflow/example_dags/example_local_kubernetes_executor.py
[2023-05-21T14:59:51.949+0000] {processor.py:753} INFO - DAG(s) dict_keys(['example_local_kubernetes_executor']) retrieved from /home/airflow/.local/lib/python3.7/site-packages/airflow/example_dags/example_local_kubernetes_executor.py
[2023-05-21T14:59:51.976+0000] {logging_mixin.py:137} INFO - [2023-05-21T14:59:51.976+0000] {dag.py:2690} INFO - Sync 1 DAGs
[2023-05-21T14:59:52.016+0000] {logging_mixin.py:137} INFO - [2023-05-21T14:59:52.015+0000] {dag.py:3441} INFO - Setting next_dagrun for example_local_kubernetes_executor to None, run_after=None
[2023-05-21T14:59:52.037+0000] {processor.py:175} INFO - Processing /home/airflow/.local/lib/python3.7/site-packages/airflow/example_dags/example_local_kubernetes_executor.py took 0.119 seconds
[2023-05-21T15:00:22.227+0000] {processor.py:153} INFO - Started process (PID=274) to work on /home/airflow/.local/lib/python3.7/site-packages/airflow/example_dags/example_local_kubernetes_executor.py
[2023-05-21T15:00:22.228+0000] {processor.py:743} INFO - Processing file /home/airflow/.local/lib/python3.7/site-packages/airflow/example_dags/example_local_kubernetes_executor.py for tasks to queue
[2023-05-21T15:00:22.229+0000] {logging_mixin.py:137} INFO - [2023-05-21T15:00:22.228+0000] {dagbag.py:538} INFO - Filling up the DagBag from /home/airflow/.local/lib/python3.7/site-packages/airflow/example_dags/example_local_kubernetes_executor.py
[2023-05-21T15:00:22.252+0000] {processor.py:753} INFO - DAG(s) dict_keys(['example_local_kubernetes_executor']) retrieved from /home/airflow/.local/lib/python3.7/site-packages/airflow/example_dags/example_local_kubernetes_executor.py
[2023-05-21T15:00:22.279+0000] {logging_mixin.py:137} INFO - [2023-05-21T15:00:22.279+0000] {dag.py:2690} INFO - Sync 1 DAGs
[2023-05-21T15:00:22.309+0000] {logging_mixin.py:137} INFO - [2023-05-21T15:00:22.309+0000] {dag.py:3441} INFO - Setting next_dagrun for example_local_kubernetes_executor to None, run_after=None
[2023-05-21T15:00:22.331+0000] {processor.py:175} INFO - Processing /home/airflow/.local/lib/python3.7/site-packages/airflow/example_dags/example_local_kubernetes_executor.py took 0.107 seconds
[2023-05-21T15:00:53.840+0000] {processor.py:153} INFO - Started process (PID=347) to work on /home/airflow/.local/lib/python3.7/site-packages/airflow/example_dags/example_local_kubernetes_executor.py
[2023-05-21T15:00:53.841+0000] {processor.py:743} INFO - Processing file /home/airflow/.local/lib/python3.7/site-packages/airflow/example_dags/example_local_kubernetes_executor.py for tasks to queue
[2023-05-21T15:00:53.842+0000] {logging_mixin.py:137} INFO - [2023-05-21T15:00:53.842+0000] {dagbag.py:538} INFO - Filling up the DagBag from /home/airflow/.local/lib/python3.7/site-packages/airflow/example_dags/example_local_kubernetes_executor.py
[2023-05-21T15:00:53.878+0000] {processor.py:753} INFO - DAG(s) dict_keys(['example_local_kubernetes_executor']) retrieved from /home/airflow/.local/lib/python3.7/site-packages/airflow/example_dags/example_local_kubernetes_executor.py
[2023-05-21T15:00:53.915+0000] {logging_mixin.py:137} INFO - [2023-05-21T15:00:53.915+0000] {dag.py:2690} INFO - Sync 1 DAGs
[2023-05-21T15:00:53.961+0000] {logging_mixin.py:137} INFO - [2023-05-21T15:00:53.961+0000] {dag.py:3441} INFO - Setting next_dagrun for example_local_kubernetes_executor to None, run_after=None
[2023-05-21T15:00:53.991+0000] {processor.py:175} INFO - Processing /home/airflow/.local/lib/python3.7/site-packages/airflow/example_dags/example_local_kubernetes_executor.py took 0.155 seconds
[2023-05-21T15:01:24.683+0000] {processor.py:153} INFO - Started process (PID=415) to work on /home/airflow/.local/lib/python3.7/site-packages/airflow/example_dags/example_local_kubernetes_executor.py
[2023-05-21T15:01:24.684+0000] {processor.py:743} INFO - Processing file /home/airflow/.local/lib/python3.7/site-packages/airflow/example_dags/example_local_kubernetes_executor.py for tasks to queue
[2023-05-21T15:01:24.684+0000] {logging_mixin.py:137} INFO - [2023-05-21T15:01:24.684+0000] {dagbag.py:538} INFO - Filling up the DagBag from /home/airflow/.local/lib/python3.7/site-packages/airflow/example_dags/example_local_kubernetes_executor.py
[2023-05-21T15:01:24.706+0000] {processor.py:753} INFO - DAG(s) dict_keys(['example_local_kubernetes_executor']) retrieved from /home/airflow/.local/lib/python3.7/site-packages/airflow/example_dags/example_local_kubernetes_executor.py
[2023-05-21T15:01:24.732+0000] {logging_mixin.py:137} INFO - [2023-05-21T15:01:24.732+0000] {dag.py:2690} INFO - Sync 1 DAGs
[2023-05-21T15:01:24.760+0000] {logging_mixin.py:137} INFO - [2023-05-21T15:01:24.759+0000] {dag.py:3441} INFO - Setting next_dagrun for example_local_kubernetes_executor to None, run_after=None
[2023-05-21T15:01:24.778+0000] {processor.py:175} INFO - Processing /home/airflow/.local/lib/python3.7/site-packages/airflow/example_dags/example_local_kubernetes_executor.py took 0.099 seconds
[2023-05-21T15:01:55.901+0000] {processor.py:153} INFO - Started process (PID=486) to work on /home/airflow/.local/lib/python3.7/site-packages/airflow/example_dags/example_local_kubernetes_executor.py
[2023-05-21T15:01:55.902+0000] {processor.py:743} INFO - Processing file /home/airflow/.local/lib/python3.7/site-packages/airflow/example_dags/example_local_kubernetes_executor.py for tasks to queue
[2023-05-21T15:01:55.903+0000] {logging_mixin.py:137} INFO - [2023-05-21T15:01:55.903+0000] {dagbag.py:538} INFO - Filling up the DagBag from /home/airflow/.local/lib/python3.7/site-packages/airflow/example_dags/example_local_kubernetes_executor.py
[2023-05-21T15:01:55.937+0000] {processor.py:753} INFO - DAG(s) dict_keys(['example_local_kubernetes_executor']) retrieved from /home/airflow/.local/lib/python3.7/site-packages/airflow/example_dags/example_local_kubernetes_executor.py
[2023-05-21T15:01:55.974+0000] {logging_mixin.py:137} INFO - [2023-05-21T15:01:55.973+0000] {dag.py:2690} INFO - Sync 1 DAGs
[2023-05-21T15:01:56.015+0000] {logging_mixin.py:137} INFO - [2023-05-21T15:01:56.015+0000] {dag.py:3441} INFO - Setting next_dagrun for example_local_kubernetes_executor to None, run_after=None
[2023-05-21T15:01:56.044+0000] {processor.py:175} INFO - Processing /home/airflow/.local/lib/python3.7/site-packages/airflow/example_dags/example_local_kubernetes_executor.py took 0.147 seconds
[2023-05-21T15:02:26.638+0000] {processor.py:153} INFO - Started process (PID=558) to work on /home/airflow/.local/lib/python3.7/site-packages/airflow/example_dags/example_local_kubernetes_executor.py
[2023-05-21T15:02:26.639+0000] {processor.py:743} INFO - Processing file /home/airflow/.local/lib/python3.7/site-packages/airflow/example_dags/example_local_kubernetes_executor.py for tasks to queue
[2023-05-21T15:02:26.640+0000] {logging_mixin.py:137} INFO - [2023-05-21T15:02:26.640+0000] {dagbag.py:538} INFO - Filling up the DagBag from /home/airflow/.local/lib/python3.7/site-packages/airflow/example_dags/example_local_kubernetes_executor.py
[2023-05-21T15:02:26.665+0000] {processor.py:753} INFO - DAG(s) dict_keys(['example_local_kubernetes_executor']) retrieved from /home/airflow/.local/lib/python3.7/site-packages/airflow/example_dags/example_local_kubernetes_executor.py
[2023-05-21T15:02:26.693+0000] {logging_mixin.py:137} INFO - [2023-05-21T15:02:26.693+0000] {dag.py:2690} INFO - Sync 1 DAGs
[2023-05-21T15:02:26.719+0000] {logging_mixin.py:137} INFO - [2023-05-21T15:02:26.719+0000] {dag.py:3441} INFO - Setting next_dagrun for example_local_kubernetes_executor to None, run_after=None
[2023-05-21T15:02:26.742+0000] {processor.py:175} INFO - Processing /home/airflow/.local/lib/python3.7/site-packages/airflow/example_dags/example_local_kubernetes_executor.py took 0.106 seconds
[2023-05-21T15:02:56.999+0000] {processor.py:153} INFO - Started process (PID=625) to work on /home/airflow/.local/lib/python3.7/site-packages/airflow/example_dags/example_local_kubernetes_executor.py
[2023-05-21T15:02:57.000+0000] {processor.py:743} INFO - Processing file /home/airflow/.local/lib/python3.7/site-packages/airflow/example_dags/example_local_kubernetes_executor.py for tasks to queue
[2023-05-21T15:02:57.000+0000] {logging_mixin.py:137} INFO - [2023-05-21T15:02:57.000+0000] {dagbag.py:538} INFO - Filling up the DagBag from /home/airflow/.local/lib/python3.7/site-packages/airflow/example_dags/example_local_kubernetes_executor.py
[2023-05-21T15:02:57.021+0000] {processor.py:753} INFO - DAG(s) dict_keys(['example_local_kubernetes_executor']) retrieved from /home/airflow/.local/lib/python3.7/site-packages/airflow/example_dags/example_local_kubernetes_executor.py
[2023-05-21T15:02:57.049+0000] {logging_mixin.py:137} INFO - [2023-05-21T15:02:57.049+0000] {dag.py:2690} INFO - Sync 1 DAGs
[2023-05-21T15:02:57.080+0000] {logging_mixin.py:137} INFO - [2023-05-21T15:02:57.080+0000] {dag.py:3441} INFO - Setting next_dagrun for example_local_kubernetes_executor to None, run_after=None
[2023-05-21T15:02:57.108+0000] {processor.py:175} INFO - Processing /home/airflow/.local/lib/python3.7/site-packages/airflow/example_dags/example_local_kubernetes_executor.py took 0.112 seconds
[2023-05-21T15:03:27.285+0000] {processor.py:153} INFO - Started process (PID=701) to work on /home/airflow/.local/lib/python3.7/site-packages/airflow/example_dags/example_local_kubernetes_executor.py
[2023-05-21T15:03:27.286+0000] {processor.py:743} INFO - Processing file /home/airflow/.local/lib/python3.7/site-packages/airflow/example_dags/example_local_kubernetes_executor.py for tasks to queue
[2023-05-21T15:03:27.287+0000] {logging_mixin.py:137} INFO - [2023-05-21T15:03:27.287+0000] {dagbag.py:538} INFO - Filling up the DagBag from /home/airflow/.local/lib/python3.7/site-packages/airflow/example_dags/example_local_kubernetes_executor.py
[2023-05-21T15:03:27.309+0000] {processor.py:753} INFO - DAG(s) dict_keys(['example_local_kubernetes_executor']) retrieved from /home/airflow/.local/lib/python3.7/site-packages/airflow/example_dags/example_local_kubernetes_executor.py
[2023-05-21T15:03:27.342+0000] {logging_mixin.py:137} INFO - [2023-05-21T15:03:27.342+0000] {dag.py:2690} INFO - Sync 1 DAGs
[2023-05-21T15:03:27.370+0000] {logging_mixin.py:137} INFO - [2023-05-21T15:03:27.369+0000] {dag.py:3441} INFO - Setting next_dagrun for example_local_kubernetes_executor to None, run_after=None
[2023-05-21T15:03:27.390+0000] {processor.py:175} INFO - Processing /home/airflow/.local/lib/python3.7/site-packages/airflow/example_dags/example_local_kubernetes_executor.py took 0.110 seconds
[2023-05-21T15:03:58.142+0000] {processor.py:153} INFO - Started process (PID=764) to work on /home/airflow/.local/lib/python3.7/site-packages/airflow/example_dags/example_local_kubernetes_executor.py
[2023-05-21T15:03:58.143+0000] {processor.py:743} INFO - Processing file /home/airflow/.local/lib/python3.7/site-packages/airflow/example_dags/example_local_kubernetes_executor.py for tasks to queue
[2023-05-21T15:03:58.144+0000] {logging_mixin.py:137} INFO - [2023-05-21T15:03:58.144+0000] {dagbag.py:538} INFO - Filling up the DagBag from /home/airflow/.local/lib/python3.7/site-packages/airflow/example_dags/example_local_kubernetes_executor.py
[2023-05-21T15:03:58.179+0000] {processor.py:753} INFO - DAG(s) dict_keys(['example_local_kubernetes_executor']) retrieved from /home/airflow/.local/lib/python3.7/site-packages/airflow/example_dags/example_local_kubernetes_executor.py
[2023-05-21T15:03:58.215+0000] {logging_mixin.py:137} INFO - [2023-05-21T15:03:58.214+0000] {dag.py:2690} INFO - Sync 1 DAGs
[2023-05-21T15:03:58.252+0000] {logging_mixin.py:137} INFO - [2023-05-21T15:03:58.252+0000] {dag.py:3441} INFO - Setting next_dagrun for example_local_kubernetes_executor to None, run_after=None
[2023-05-21T15:03:58.289+0000] {processor.py:175} INFO - Processing /home/airflow/.local/lib/python3.7/site-packages/airflow/example_dags/example_local_kubernetes_executor.py took 0.152 seconds
[2023-05-21T15:04:29.197+0000] {processor.py:153} INFO - Started process (PID=828) to work on /home/airflow/.local/lib/python3.7/site-packages/airflow/example_dags/example_local_kubernetes_executor.py
[2023-05-21T15:04:29.198+0000] {processor.py:743} INFO - Processing file /home/airflow/.local/lib/python3.7/site-packages/airflow/example_dags/example_local_kubernetes_executor.py for tasks to queue
[2023-05-21T15:04:29.199+0000] {logging_mixin.py:137} INFO - [2023-05-21T15:04:29.199+0000] {dagbag.py:538} INFO - Filling up the DagBag from /home/airflow/.local/lib/python3.7/site-packages/airflow/example_dags/example_local_kubernetes_executor.py
[2023-05-21T15:04:29.234+0000] {processor.py:753} INFO - DAG(s) dict_keys(['example_local_kubernetes_executor']) retrieved from /home/airflow/.local/lib/python3.7/site-packages/airflow/example_dags/example_local_kubernetes_executor.py
[2023-05-21T15:04:29.284+0000] {logging_mixin.py:137} INFO - [2023-05-21T15:04:29.284+0000] {dag.py:2690} INFO - Sync 1 DAGs
[2023-05-21T15:04:29.352+0000] {logging_mixin.py:137} INFO - [2023-05-21T15:04:29.352+0000] {dag.py:3441} INFO - Setting next_dagrun for example_local_kubernetes_executor to None, run_after=None
[2023-05-21T15:04:29.384+0000] {processor.py:175} INFO - Processing /home/airflow/.local/lib/python3.7/site-packages/airflow/example_dags/example_local_kubernetes_executor.py took 0.192 seconds
[2023-05-21T15:05:00.402+0000] {processor.py:153} INFO - Started process (PID=895) to work on /home/airflow/.local/lib/python3.7/site-packages/airflow/example_dags/example_local_kubernetes_executor.py
[2023-05-21T15:05:00.403+0000] {processor.py:743} INFO - Processing file /home/airflow/.local/lib/python3.7/site-packages/airflow/example_dags/example_local_kubernetes_executor.py for tasks to queue
[2023-05-21T15:05:00.405+0000] {logging_mixin.py:137} INFO - [2023-05-21T15:05:00.404+0000] {dagbag.py:538} INFO - Filling up the DagBag from /home/airflow/.local/lib/python3.7/site-packages/airflow/example_dags/example_local_kubernetes_executor.py
[2023-05-21T15:05:00.436+0000] {processor.py:753} INFO - DAG(s) dict_keys(['example_local_kubernetes_executor']) retrieved from /home/airflow/.local/lib/python3.7/site-packages/airflow/example_dags/example_local_kubernetes_executor.py
[2023-05-21T15:05:00.476+0000] {logging_mixin.py:137} INFO - [2023-05-21T15:05:00.476+0000] {dag.py:2690} INFO - Sync 1 DAGs
[2023-05-21T15:05:00.519+0000] {logging_mixin.py:137} INFO - [2023-05-21T15:05:00.518+0000] {dag.py:3441} INFO - Setting next_dagrun for example_local_kubernetes_executor to None, run_after=None
[2023-05-21T15:05:00.560+0000] {processor.py:175} INFO - Processing /home/airflow/.local/lib/python3.7/site-packages/airflow/example_dags/example_local_kubernetes_executor.py took 0.163 seconds
