[2023-05-21T14:45:20.787+0000] {processor.py:156} INFO - Started process (PID=205) to work on /home/airflow/.local/lib/python3.7/site-packages/airflow/example_dags/example_latest_only.py
[2023-05-21T14:45:20.788+0000] {processor.py:758} INFO - Processing file /home/airflow/.local/lib/python3.7/site-packages/airflow/example_dags/example_latest_only.py for tasks to queue
[2023-05-21T14:45:20.789+0000] {logging_mixin.py:117} INFO - [2023-05-21T14:45:20.789+0000] {dagbag.py:525} INFO - Filling up the DagBag from /home/airflow/.local/lib/python3.7/site-packages/airflow/example_dags/example_latest_only.py
[2023-05-21T14:45:20.808+0000] {processor.py:768} INFO - DAG(s) dict_keys(['latest_only']) retrieved from /home/airflow/.local/lib/python3.7/site-packages/airflow/example_dags/example_latest_only.py
[2023-05-21T14:45:20.841+0000] {logging_mixin.py:117} INFO - [2023-05-21T14:45:20.841+0000] {dag.py:2573} INFO - Sync 1 DAGs
[2023-05-21T14:45:20.884+0000] {logging_mixin.py:117} INFO - [2023-05-21T14:45:20.884+0000] {dag.py:3328} INFO - Setting next_dagrun for latest_only to 2023-05-21T10:45:20.883919+00:00, run_after=2023-05-21T14:45:20.883919+00:00
[2023-05-21T14:45:20.909+0000] {processor.py:178} INFO - Processing /home/airflow/.local/lib/python3.7/site-packages/airflow/example_dags/example_latest_only.py took 0.125 seconds
[2023-05-21T14:45:51.359+0000] {processor.py:156} INFO - Started process (PID=414) to work on /home/airflow/.local/lib/python3.7/site-packages/airflow/example_dags/example_latest_only.py
[2023-05-21T14:45:51.360+0000] {processor.py:758} INFO - Processing file /home/airflow/.local/lib/python3.7/site-packages/airflow/example_dags/example_latest_only.py for tasks to queue
[2023-05-21T14:45:51.360+0000] {logging_mixin.py:117} INFO - [2023-05-21T14:45:51.360+0000] {dagbag.py:525} INFO - Filling up the DagBag from /home/airflow/.local/lib/python3.7/site-packages/airflow/example_dags/example_latest_only.py
[2023-05-21T14:45:51.376+0000] {processor.py:768} INFO - DAG(s) dict_keys(['latest_only']) retrieved from /home/airflow/.local/lib/python3.7/site-packages/airflow/example_dags/example_latest_only.py
[2023-05-21T14:45:51.421+0000] {logging_mixin.py:117} INFO - [2023-05-21T14:45:51.421+0000] {dag.py:2573} INFO - Sync 1 DAGs
[2023-05-21T14:45:51.456+0000] {logging_mixin.py:117} INFO - [2023-05-21T14:45:51.456+0000] {dag.py:3328} INFO - Setting next_dagrun for latest_only to 2023-05-21T10:45:51.456213+00:00, run_after=2023-05-21T14:45:51.456213+00:00
[2023-05-21T14:45:51.480+0000] {processor.py:178} INFO - Processing /home/airflow/.local/lib/python3.7/site-packages/airflow/example_dags/example_latest_only.py took 0.125 seconds
[2023-05-21T14:46:22.204+0000] {processor.py:156} INFO - Started process (PID=626) to work on /home/airflow/.local/lib/python3.7/site-packages/airflow/example_dags/example_latest_only.py
[2023-05-21T14:46:22.205+0000] {processor.py:758} INFO - Processing file /home/airflow/.local/lib/python3.7/site-packages/airflow/example_dags/example_latest_only.py for tasks to queue
[2023-05-21T14:46:22.205+0000] {logging_mixin.py:117} INFO - [2023-05-21T14:46:22.205+0000] {dagbag.py:525} INFO - Filling up the DagBag from /home/airflow/.local/lib/python3.7/site-packages/airflow/example_dags/example_latest_only.py
[2023-05-21T14:46:22.234+0000] {processor.py:768} INFO - DAG(s) dict_keys(['latest_only']) retrieved from /home/airflow/.local/lib/python3.7/site-packages/airflow/example_dags/example_latest_only.py
[2023-05-21T14:46:22.301+0000] {logging_mixin.py:117} INFO - [2023-05-21T14:46:22.301+0000] {dag.py:2573} INFO - Sync 1 DAGs
[2023-05-21T14:46:22.553+0000] {logging_mixin.py:117} INFO - [2023-05-21T14:46:22.553+0000] {dag.py:3328} INFO - Setting next_dagrun for latest_only to 2023-05-21T10:46:22.553631+00:00, run_after=2023-05-21T14:46:22.553631+00:00
[2023-05-21T14:46:22.575+0000] {processor.py:178} INFO - Processing /home/airflow/.local/lib/python3.7/site-packages/airflow/example_dags/example_latest_only.py took 0.376 seconds
[2023-05-21T14:46:52.759+0000] {processor.py:156} INFO - Started process (PID=833) to work on /home/airflow/.local/lib/python3.7/site-packages/airflow/example_dags/example_latest_only.py
[2023-05-21T14:46:52.760+0000] {processor.py:758} INFO - Processing file /home/airflow/.local/lib/python3.7/site-packages/airflow/example_dags/example_latest_only.py for tasks to queue
[2023-05-21T14:46:52.761+0000] {logging_mixin.py:117} INFO - [2023-05-21T14:46:52.761+0000] {dagbag.py:525} INFO - Filling up the DagBag from /home/airflow/.local/lib/python3.7/site-packages/airflow/example_dags/example_latest_only.py
[2023-05-21T14:46:52.776+0000] {processor.py:768} INFO - DAG(s) dict_keys(['latest_only']) retrieved from /home/airflow/.local/lib/python3.7/site-packages/airflow/example_dags/example_latest_only.py
[2023-05-21T14:46:52.954+0000] {logging_mixin.py:117} INFO - [2023-05-21T14:46:52.954+0000] {dag.py:2573} INFO - Sync 1 DAGs
[2023-05-21T14:46:53.001+0000] {logging_mixin.py:117} INFO - [2023-05-21T14:46:53.001+0000] {dag.py:3328} INFO - Setting next_dagrun for latest_only to 2023-05-21T10:46:53.001223+00:00, run_after=2023-05-21T14:46:53.001223+00:00
[2023-05-21T14:46:53.027+0000] {processor.py:178} INFO - Processing /home/airflow/.local/lib/python3.7/site-packages/airflow/example_dags/example_latest_only.py took 0.272 seconds
[2023-05-21T14:47:23.322+0000] {processor.py:156} INFO - Started process (PID=1047) to work on /home/airflow/.local/lib/python3.7/site-packages/airflow/example_dags/example_latest_only.py
[2023-05-21T14:47:23.323+0000] {processor.py:758} INFO - Processing file /home/airflow/.local/lib/python3.7/site-packages/airflow/example_dags/example_latest_only.py for tasks to queue
[2023-05-21T14:47:23.324+0000] {logging_mixin.py:117} INFO - [2023-05-21T14:47:23.323+0000] {dagbag.py:525} INFO - Filling up the DagBag from /home/airflow/.local/lib/python3.7/site-packages/airflow/example_dags/example_latest_only.py
[2023-05-21T14:47:23.344+0000] {processor.py:768} INFO - DAG(s) dict_keys(['latest_only']) retrieved from /home/airflow/.local/lib/python3.7/site-packages/airflow/example_dags/example_latest_only.py
[2023-05-21T14:47:23.573+0000] {logging_mixin.py:117} INFO - [2023-05-21T14:47:23.573+0000] {dag.py:2573} INFO - Sync 1 DAGs
[2023-05-21T14:47:23.610+0000] {logging_mixin.py:117} INFO - [2023-05-21T14:47:23.610+0000] {dag.py:3328} INFO - Setting next_dagrun for latest_only to 2023-05-21T10:47:23.609832+00:00, run_after=2023-05-21T14:47:23.609832+00:00
[2023-05-21T14:47:23.636+0000] {processor.py:178} INFO - Processing /home/airflow/.local/lib/python3.7/site-packages/airflow/example_dags/example_latest_only.py took 0.318 seconds
[2023-05-21T14:47:54.610+0000] {processor.py:156} INFO - Started process (PID=1258) to work on /home/airflow/.local/lib/python3.7/site-packages/airflow/example_dags/example_latest_only.py
[2023-05-21T14:47:54.610+0000] {processor.py:758} INFO - Processing file /home/airflow/.local/lib/python3.7/site-packages/airflow/example_dags/example_latest_only.py for tasks to queue
[2023-05-21T14:47:54.611+0000] {logging_mixin.py:117} INFO - [2023-05-21T14:47:54.611+0000] {dagbag.py:525} INFO - Filling up the DagBag from /home/airflow/.local/lib/python3.7/site-packages/airflow/example_dags/example_latest_only.py
[2023-05-21T14:47:54.629+0000] {processor.py:768} INFO - DAG(s) dict_keys(['latest_only']) retrieved from /home/airflow/.local/lib/python3.7/site-packages/airflow/example_dags/example_latest_only.py
[2023-05-21T14:47:54.685+0000] {logging_mixin.py:117} INFO - [2023-05-21T14:47:54.684+0000] {dag.py:2573} INFO - Sync 1 DAGs
[2023-05-21T14:47:54.730+0000] {logging_mixin.py:117} INFO - [2023-05-21T14:47:54.730+0000] {dag.py:3328} INFO - Setting next_dagrun for latest_only to 2023-05-21T10:47:54.729912+00:00, run_after=2023-05-21T14:47:54.729912+00:00
[2023-05-21T14:47:54.757+0000] {processor.py:178} INFO - Processing /home/airflow/.local/lib/python3.7/site-packages/airflow/example_dags/example_latest_only.py took 0.150 seconds
[2023-05-21T14:50:27.368+0000] {processor.py:156} INFO - Started process (PID=212) to work on /home/airflow/.local/lib/python3.7/site-packages/airflow/example_dags/example_latest_only.py
[2023-05-21T14:50:27.369+0000] {processor.py:758} INFO - Processing file /home/airflow/.local/lib/python3.7/site-packages/airflow/example_dags/example_latest_only.py for tasks to queue
[2023-05-21T14:50:27.370+0000] {logging_mixin.py:117} INFO - [2023-05-21T14:50:27.370+0000] {dagbag.py:525} INFO - Filling up the DagBag from /home/airflow/.local/lib/python3.7/site-packages/airflow/example_dags/example_latest_only.py
[2023-05-21T14:50:27.419+0000] {processor.py:768} INFO - DAG(s) dict_keys(['latest_only']) retrieved from /home/airflow/.local/lib/python3.7/site-packages/airflow/example_dags/example_latest_only.py
[2023-05-21T14:50:27.537+0000] {logging_mixin.py:117} INFO - [2023-05-21T14:50:27.536+0000] {dag.py:2573} INFO - Sync 1 DAGs
[2023-05-21T14:50:27.701+0000] {logging_mixin.py:117} INFO - [2023-05-21T14:50:27.701+0000] {dag.py:3328} INFO - Setting next_dagrun for latest_only to 2023-05-21T10:50:27.701222+00:00, run_after=2023-05-21T14:50:27.701222+00:00
[2023-05-21T14:50:27.782+0000] {processor.py:178} INFO - Processing /home/airflow/.local/lib/python3.7/site-packages/airflow/example_dags/example_latest_only.py took 0.422 seconds
[2023-05-21T14:50:57.973+0000] {processor.py:156} INFO - Started process (PID=417) to work on /home/airflow/.local/lib/python3.7/site-packages/airflow/example_dags/example_latest_only.py
[2023-05-21T14:50:57.974+0000] {processor.py:758} INFO - Processing file /home/airflow/.local/lib/python3.7/site-packages/airflow/example_dags/example_latest_only.py for tasks to queue
[2023-05-21T14:50:57.975+0000] {logging_mixin.py:117} INFO - [2023-05-21T14:50:57.975+0000] {dagbag.py:525} INFO - Filling up the DagBag from /home/airflow/.local/lib/python3.7/site-packages/airflow/example_dags/example_latest_only.py
[2023-05-21T14:50:57.996+0000] {processor.py:768} INFO - DAG(s) dict_keys(['latest_only']) retrieved from /home/airflow/.local/lib/python3.7/site-packages/airflow/example_dags/example_latest_only.py
[2023-05-21T14:50:58.043+0000] {logging_mixin.py:117} INFO - [2023-05-21T14:50:58.042+0000] {dag.py:2573} INFO - Sync 1 DAGs
[2023-05-21T14:50:58.074+0000] {logging_mixin.py:117} INFO - [2023-05-21T14:50:58.074+0000] {dag.py:3328} INFO - Setting next_dagrun for latest_only to 2023-05-21T10:50:58.073300+00:00, run_after=2023-05-21T14:50:58.073300+00:00
[2023-05-21T14:50:58.099+0000] {processor.py:178} INFO - Processing /home/airflow/.local/lib/python3.7/site-packages/airflow/example_dags/example_latest_only.py took 0.129 seconds
[2023-05-21T14:51:29.233+0000] {processor.py:156} INFO - Started process (PID=632) to work on /home/airflow/.local/lib/python3.7/site-packages/airflow/example_dags/example_latest_only.py
[2023-05-21T14:51:29.234+0000] {processor.py:758} INFO - Processing file /home/airflow/.local/lib/python3.7/site-packages/airflow/example_dags/example_latest_only.py for tasks to queue
[2023-05-21T14:51:29.235+0000] {logging_mixin.py:117} INFO - [2023-05-21T14:51:29.235+0000] {dagbag.py:525} INFO - Filling up the DagBag from /home/airflow/.local/lib/python3.7/site-packages/airflow/example_dags/example_latest_only.py
[2023-05-21T14:51:29.248+0000] {processor.py:768} INFO - DAG(s) dict_keys(['latest_only']) retrieved from /home/airflow/.local/lib/python3.7/site-packages/airflow/example_dags/example_latest_only.py
[2023-05-21T14:51:29.297+0000] {logging_mixin.py:117} INFO - [2023-05-21T14:51:29.297+0000] {dag.py:2573} INFO - Sync 1 DAGs
[2023-05-21T14:51:29.494+0000] {logging_mixin.py:117} INFO - [2023-05-21T14:51:29.494+0000] {dag.py:3328} INFO - Setting next_dagrun for latest_only to 2023-05-21T10:51:29.493899+00:00, run_after=2023-05-21T14:51:29.493899+00:00
[2023-05-21T14:51:29.528+0000] {processor.py:178} INFO - Processing /home/airflow/.local/lib/python3.7/site-packages/airflow/example_dags/example_latest_only.py took 0.298 seconds
[2023-05-21T14:51:59.687+0000] {processor.py:156} INFO - Started process (PID=837) to work on /home/airflow/.local/lib/python3.7/site-packages/airflow/example_dags/example_latest_only.py
[2023-05-21T14:51:59.688+0000] {processor.py:758} INFO - Processing file /home/airflow/.local/lib/python3.7/site-packages/airflow/example_dags/example_latest_only.py for tasks to queue
[2023-05-21T14:51:59.689+0000] {logging_mixin.py:117} INFO - [2023-05-21T14:51:59.689+0000] {dagbag.py:525} INFO - Filling up the DagBag from /home/airflow/.local/lib/python3.7/site-packages/airflow/example_dags/example_latest_only.py
[2023-05-21T14:51:59.706+0000] {processor.py:768} INFO - DAG(s) dict_keys(['latest_only']) retrieved from /home/airflow/.local/lib/python3.7/site-packages/airflow/example_dags/example_latest_only.py
[2023-05-21T14:51:59.917+0000] {logging_mixin.py:117} INFO - [2023-05-21T14:51:59.916+0000] {dag.py:2573} INFO - Sync 1 DAGs
[2023-05-21T14:51:59.952+0000] {logging_mixin.py:117} INFO - [2023-05-21T14:51:59.952+0000] {dag.py:3328} INFO - Setting next_dagrun for latest_only to 2023-05-21T10:51:59.952458+00:00, run_after=2023-05-21T14:51:59.952458+00:00
[2023-05-21T14:51:59.976+0000] {processor.py:178} INFO - Processing /home/airflow/.local/lib/python3.7/site-packages/airflow/example_dags/example_latest_only.py took 0.294 seconds
[2023-05-21T14:58:48.343+0000] {processor.py:153} INFO - Started process (PID=55) to work on /home/airflow/.local/lib/python3.7/site-packages/airflow/example_dags/example_latest_only.py
[2023-05-21T14:58:48.345+0000] {processor.py:743} INFO - Processing file /home/airflow/.local/lib/python3.7/site-packages/airflow/example_dags/example_latest_only.py for tasks to queue
[2023-05-21T14:58:48.346+0000] {logging_mixin.py:137} INFO - [2023-05-21T14:58:48.345+0000] {dagbag.py:538} INFO - Filling up the DagBag from /home/airflow/.local/lib/python3.7/site-packages/airflow/example_dags/example_latest_only.py
[2023-05-21T14:58:48.371+0000] {processor.py:753} INFO - DAG(s) dict_keys(['latest_only']) retrieved from /home/airflow/.local/lib/python3.7/site-packages/airflow/example_dags/example_latest_only.py
[2023-05-21T14:58:48.407+0000] {logging_mixin.py:137} INFO - [2023-05-21T14:58:48.406+0000] {dag.py:2690} INFO - Sync 1 DAGs
[2023-05-21T14:58:48.453+0000] {logging_mixin.py:137} INFO - [2023-05-21T14:58:48.453+0000] {dag.py:3441} INFO - Setting next_dagrun for latest_only to 2023-05-21T10:58:48.453335+00:00, run_after=2023-05-21T14:58:48.453335+00:00
[2023-05-21T14:58:48.506+0000] {processor.py:175} INFO - Processing /home/airflow/.local/lib/python3.7/site-packages/airflow/example_dags/example_latest_only.py took 0.167 seconds
[2023-05-21T14:59:18.767+0000] {processor.py:153} INFO - Started process (PID=119) to work on /home/airflow/.local/lib/python3.7/site-packages/airflow/example_dags/example_latest_only.py
[2023-05-21T14:59:18.768+0000] {processor.py:743} INFO - Processing file /home/airflow/.local/lib/python3.7/site-packages/airflow/example_dags/example_latest_only.py for tasks to queue
[2023-05-21T14:59:18.768+0000] {logging_mixin.py:137} INFO - [2023-05-21T14:59:18.768+0000] {dagbag.py:538} INFO - Filling up the DagBag from /home/airflow/.local/lib/python3.7/site-packages/airflow/example_dags/example_latest_only.py
[2023-05-21T14:59:18.781+0000] {processor.py:753} INFO - DAG(s) dict_keys(['latest_only']) retrieved from /home/airflow/.local/lib/python3.7/site-packages/airflow/example_dags/example_latest_only.py
[2023-05-21T14:59:18.804+0000] {logging_mixin.py:137} INFO - [2023-05-21T14:59:18.803+0000] {dag.py:2690} INFO - Sync 1 DAGs
[2023-05-21T14:59:18.831+0000] {logging_mixin.py:137} INFO - [2023-05-21T14:59:18.831+0000] {dag.py:3441} INFO - Setting next_dagrun for latest_only to 2023-05-21T10:59:18.831319+00:00, run_after=2023-05-21T14:59:18.831319+00:00
[2023-05-21T14:59:18.851+0000] {processor.py:175} INFO - Processing /home/airflow/.local/lib/python3.7/site-packages/airflow/example_dags/example_latest_only.py took 0.087 seconds
[2023-05-21T14:59:49.164+0000] {processor.py:153} INFO - Started process (PID=192) to work on /home/airflow/.local/lib/python3.7/site-packages/airflow/example_dags/example_latest_only.py
[2023-05-21T14:59:49.165+0000] {processor.py:743} INFO - Processing file /home/airflow/.local/lib/python3.7/site-packages/airflow/example_dags/example_latest_only.py for tasks to queue
[2023-05-21T14:59:49.166+0000] {logging_mixin.py:137} INFO - [2023-05-21T14:59:49.166+0000] {dagbag.py:538} INFO - Filling up the DagBag from /home/airflow/.local/lib/python3.7/site-packages/airflow/example_dags/example_latest_only.py
[2023-05-21T14:59:49.187+0000] {processor.py:753} INFO - DAG(s) dict_keys(['latest_only']) retrieved from /home/airflow/.local/lib/python3.7/site-packages/airflow/example_dags/example_latest_only.py
[2023-05-21T14:59:49.220+0000] {logging_mixin.py:137} INFO - [2023-05-21T14:59:49.220+0000] {dag.py:2690} INFO - Sync 1 DAGs
[2023-05-21T14:59:49.263+0000] {logging_mixin.py:137} INFO - [2023-05-21T14:59:49.263+0000] {dag.py:3441} INFO - Setting next_dagrun for latest_only to 2023-05-21T10:59:49.263004+00:00, run_after=2023-05-21T14:59:49.263004+00:00
[2023-05-21T14:59:49.303+0000] {processor.py:175} INFO - Processing /home/airflow/.local/lib/python3.7/site-packages/airflow/example_dags/example_latest_only.py took 0.142 seconds
[2023-05-21T15:00:19.998+0000] {processor.py:153} INFO - Started process (PID=260) to work on /home/airflow/.local/lib/python3.7/site-packages/airflow/example_dags/example_latest_only.py
[2023-05-21T15:00:19.999+0000] {processor.py:743} INFO - Processing file /home/airflow/.local/lib/python3.7/site-packages/airflow/example_dags/example_latest_only.py for tasks to queue
[2023-05-21T15:00:19.999+0000] {logging_mixin.py:137} INFO - [2023-05-21T15:00:19.999+0000] {dagbag.py:538} INFO - Filling up the DagBag from /home/airflow/.local/lib/python3.7/site-packages/airflow/example_dags/example_latest_only.py
[2023-05-21T15:00:20.012+0000] {processor.py:753} INFO - DAG(s) dict_keys(['latest_only']) retrieved from /home/airflow/.local/lib/python3.7/site-packages/airflow/example_dags/example_latest_only.py
[2023-05-21T15:00:20.034+0000] {logging_mixin.py:137} INFO - [2023-05-21T15:00:20.033+0000] {dag.py:2690} INFO - Sync 1 DAGs
[2023-05-21T15:00:20.058+0000] {logging_mixin.py:137} INFO - [2023-05-21T15:00:20.058+0000] {dag.py:3441} INFO - Setting next_dagrun for latest_only to 2023-05-21T11:00:20.057863+00:00, run_after=2023-05-21T15:00:20.057863+00:00
[2023-05-21T15:00:20.077+0000] {processor.py:175} INFO - Processing /home/airflow/.local/lib/python3.7/site-packages/airflow/example_dags/example_latest_only.py took 0.082 seconds
[2023-05-21T15:00:50.265+0000] {processor.py:153} INFO - Started process (PID=325) to work on /home/airflow/.local/lib/python3.7/site-packages/airflow/example_dags/example_latest_only.py
[2023-05-21T15:00:50.265+0000] {processor.py:743} INFO - Processing file /home/airflow/.local/lib/python3.7/site-packages/airflow/example_dags/example_latest_only.py for tasks to queue
[2023-05-21T15:00:50.266+0000] {logging_mixin.py:137} INFO - [2023-05-21T15:00:50.266+0000] {dagbag.py:538} INFO - Filling up the DagBag from /home/airflow/.local/lib/python3.7/site-packages/airflow/example_dags/example_latest_only.py
[2023-05-21T15:00:50.278+0000] {processor.py:753} INFO - DAG(s) dict_keys(['latest_only']) retrieved from /home/airflow/.local/lib/python3.7/site-packages/airflow/example_dags/example_latest_only.py
[2023-05-21T15:00:50.302+0000] {logging_mixin.py:137} INFO - [2023-05-21T15:00:50.302+0000] {dag.py:2690} INFO - Sync 1 DAGs
[2023-05-21T15:00:50.327+0000] {logging_mixin.py:137} INFO - [2023-05-21T15:00:50.327+0000] {dag.py:3441} INFO - Setting next_dagrun for latest_only to 2023-05-21T11:00:50.327251+00:00, run_after=2023-05-21T15:00:50.327251+00:00
[2023-05-21T15:00:50.348+0000] {processor.py:175} INFO - Processing /home/airflow/.local/lib/python3.7/site-packages/airflow/example_dags/example_latest_only.py took 0.086 seconds
[2023-05-21T15:01:20.381+0000] {processor.py:153} INFO - Started process (PID=401) to work on /home/airflow/.local/lib/python3.7/site-packages/airflow/example_dags/example_latest_only.py
[2023-05-21T15:01:20.382+0000] {processor.py:743} INFO - Processing file /home/airflow/.local/lib/python3.7/site-packages/airflow/example_dags/example_latest_only.py for tasks to queue
[2023-05-21T15:01:20.382+0000] {logging_mixin.py:137} INFO - [2023-05-21T15:01:20.382+0000] {dagbag.py:538} INFO - Filling up the DagBag from /home/airflow/.local/lib/python3.7/site-packages/airflow/example_dags/example_latest_only.py
[2023-05-21T15:01:20.400+0000] {processor.py:753} INFO - DAG(s) dict_keys(['latest_only']) retrieved from /home/airflow/.local/lib/python3.7/site-packages/airflow/example_dags/example_latest_only.py
[2023-05-21T15:01:20.432+0000] {logging_mixin.py:137} INFO - [2023-05-21T15:01:20.432+0000] {dag.py:2690} INFO - Sync 1 DAGs
[2023-05-21T15:01:20.472+0000] {logging_mixin.py:137} INFO - [2023-05-21T15:01:20.472+0000] {dag.py:3441} INFO - Setting next_dagrun for latest_only to 2023-05-21T11:01:20.471810+00:00, run_after=2023-05-21T15:01:20.471810+00:00
[2023-05-21T15:01:20.501+0000] {processor.py:175} INFO - Processing /home/airflow/.local/lib/python3.7/site-packages/airflow/example_dags/example_latest_only.py took 0.124 seconds
[2023-05-21T15:01:50.595+0000] {processor.py:153} INFO - Started process (PID=466) to work on /home/airflow/.local/lib/python3.7/site-packages/airflow/example_dags/example_latest_only.py
[2023-05-21T15:01:50.596+0000] {processor.py:743} INFO - Processing file /home/airflow/.local/lib/python3.7/site-packages/airflow/example_dags/example_latest_only.py for tasks to queue
[2023-05-21T15:01:50.597+0000] {logging_mixin.py:137} INFO - [2023-05-21T15:01:50.597+0000] {dagbag.py:538} INFO - Filling up the DagBag from /home/airflow/.local/lib/python3.7/site-packages/airflow/example_dags/example_latest_only.py
[2023-05-21T15:01:50.611+0000] {processor.py:753} INFO - DAG(s) dict_keys(['latest_only']) retrieved from /home/airflow/.local/lib/python3.7/site-packages/airflow/example_dags/example_latest_only.py
[2023-05-21T15:01:50.642+0000] {logging_mixin.py:137} INFO - [2023-05-21T15:01:50.642+0000] {dag.py:2690} INFO - Sync 1 DAGs
[2023-05-21T15:01:50.674+0000] {logging_mixin.py:137} INFO - [2023-05-21T15:01:50.674+0000] {dag.py:3441} INFO - Setting next_dagrun for latest_only to 2023-05-21T11:01:50.674207+00:00, run_after=2023-05-21T15:01:50.674207+00:00
[2023-05-21T15:01:50.696+0000] {processor.py:175} INFO - Processing /home/airflow/.local/lib/python3.7/site-packages/airflow/example_dags/example_latest_only.py took 0.103 seconds
[2023-05-21T15:02:21.390+0000] {processor.py:153} INFO - Started process (PID=532) to work on /home/airflow/.local/lib/python3.7/site-packages/airflow/example_dags/example_latest_only.py
[2023-05-21T15:02:21.391+0000] {processor.py:743} INFO - Processing file /home/airflow/.local/lib/python3.7/site-packages/airflow/example_dags/example_latest_only.py for tasks to queue
[2023-05-21T15:02:21.391+0000] {logging_mixin.py:137} INFO - [2023-05-21T15:02:21.391+0000] {dagbag.py:538} INFO - Filling up the DagBag from /home/airflow/.local/lib/python3.7/site-packages/airflow/example_dags/example_latest_only.py
[2023-05-21T15:02:21.404+0000] {processor.py:753} INFO - DAG(s) dict_keys(['latest_only']) retrieved from /home/airflow/.local/lib/python3.7/site-packages/airflow/example_dags/example_latest_only.py
[2023-05-21T15:02:21.433+0000] {logging_mixin.py:137} INFO - [2023-05-21T15:02:21.432+0000] {dag.py:2690} INFO - Sync 1 DAGs
[2023-05-21T15:02:21.490+0000] {logging_mixin.py:137} INFO - [2023-05-21T15:02:21.490+0000] {dag.py:3441} INFO - Setting next_dagrun for latest_only to 2023-05-21T11:02:21.490196+00:00, run_after=2023-05-21T15:02:21.490196+00:00
[2023-05-21T15:02:21.514+0000] {processor.py:175} INFO - Processing /home/airflow/.local/lib/python3.7/site-packages/airflow/example_dags/example_latest_only.py took 0.128 seconds
[2023-05-21T15:02:51.768+0000] {processor.py:153} INFO - Started process (PID=611) to work on /home/airflow/.local/lib/python3.7/site-packages/airflow/example_dags/example_latest_only.py
[2023-05-21T15:02:51.769+0000] {processor.py:743} INFO - Processing file /home/airflow/.local/lib/python3.7/site-packages/airflow/example_dags/example_latest_only.py for tasks to queue
[2023-05-21T15:02:51.769+0000] {logging_mixin.py:137} INFO - [2023-05-21T15:02:51.769+0000] {dagbag.py:538} INFO - Filling up the DagBag from /home/airflow/.local/lib/python3.7/site-packages/airflow/example_dags/example_latest_only.py
[2023-05-21T15:02:51.782+0000] {processor.py:753} INFO - DAG(s) dict_keys(['latest_only']) retrieved from /home/airflow/.local/lib/python3.7/site-packages/airflow/example_dags/example_latest_only.py
[2023-05-21T15:02:51.806+0000] {logging_mixin.py:137} INFO - [2023-05-21T15:02:51.806+0000] {dag.py:2690} INFO - Sync 1 DAGs
[2023-05-21T15:02:51.833+0000] {logging_mixin.py:137} INFO - [2023-05-21T15:02:51.833+0000] {dag.py:3441} INFO - Setting next_dagrun for latest_only to 2023-05-21T11:02:51.833134+00:00, run_after=2023-05-21T15:02:51.833134+00:00
[2023-05-21T15:02:51.853+0000] {processor.py:175} INFO - Processing /home/airflow/.local/lib/python3.7/site-packages/airflow/example_dags/example_latest_only.py took 0.088 seconds
[2023-05-21T15:03:22.285+0000] {processor.py:153} INFO - Started process (PID=676) to work on /home/airflow/.local/lib/python3.7/site-packages/airflow/example_dags/example_latest_only.py
[2023-05-21T15:03:22.286+0000] {processor.py:743} INFO - Processing file /home/airflow/.local/lib/python3.7/site-packages/airflow/example_dags/example_latest_only.py for tasks to queue
[2023-05-21T15:03:22.287+0000] {logging_mixin.py:137} INFO - [2023-05-21T15:03:22.287+0000] {dagbag.py:538} INFO - Filling up the DagBag from /home/airflow/.local/lib/python3.7/site-packages/airflow/example_dags/example_latest_only.py
[2023-05-21T15:03:22.305+0000] {processor.py:753} INFO - DAG(s) dict_keys(['latest_only']) retrieved from /home/airflow/.local/lib/python3.7/site-packages/airflow/example_dags/example_latest_only.py
[2023-05-21T15:03:22.337+0000] {logging_mixin.py:137} INFO - [2023-05-21T15:03:22.336+0000] {dag.py:2690} INFO - Sync 1 DAGs
[2023-05-21T15:03:22.371+0000] {logging_mixin.py:137} INFO - [2023-05-21T15:03:22.370+0000] {dag.py:3441} INFO - Setting next_dagrun for latest_only to 2023-05-21T11:03:22.370577+00:00, run_after=2023-05-21T15:03:22.370577+00:00
[2023-05-21T15:03:22.396+0000] {processor.py:175} INFO - Processing /home/airflow/.local/lib/python3.7/site-packages/airflow/example_dags/example_latest_only.py took 0.114 seconds
[2023-05-21T15:03:52.873+0000] {processor.py:153} INFO - Started process (PID=752) to work on /home/airflow/.local/lib/python3.7/site-packages/airflow/example_dags/example_latest_only.py
[2023-05-21T15:03:52.874+0000] {processor.py:743} INFO - Processing file /home/airflow/.local/lib/python3.7/site-packages/airflow/example_dags/example_latest_only.py for tasks to queue
[2023-05-21T15:03:52.875+0000] {logging_mixin.py:137} INFO - [2023-05-21T15:03:52.875+0000] {dagbag.py:538} INFO - Filling up the DagBag from /home/airflow/.local/lib/python3.7/site-packages/airflow/example_dags/example_latest_only.py
[2023-05-21T15:03:52.899+0000] {processor.py:753} INFO - DAG(s) dict_keys(['latest_only']) retrieved from /home/airflow/.local/lib/python3.7/site-packages/airflow/example_dags/example_latest_only.py
[2023-05-21T15:03:52.927+0000] {logging_mixin.py:137} INFO - [2023-05-21T15:03:52.927+0000] {dag.py:2690} INFO - Sync 1 DAGs
[2023-05-21T15:03:52.963+0000] {logging_mixin.py:137} INFO - [2023-05-21T15:03:52.962+0000] {dag.py:3441} INFO - Setting next_dagrun for latest_only to 2023-05-21T11:03:52.961948+00:00, run_after=2023-05-21T15:03:52.961948+00:00
[2023-05-21T15:03:52.986+0000] {processor.py:175} INFO - Processing /home/airflow/.local/lib/python3.7/site-packages/airflow/example_dags/example_latest_only.py took 0.117 seconds
[2023-05-21T15:04:25.420+0000] {processor.py:153} INFO - Started process (PID=816) to work on /home/airflow/.local/lib/python3.7/site-packages/airflow/example_dags/example_latest_only.py
[2023-05-21T15:04:25.426+0000] {processor.py:743} INFO - Processing file /home/airflow/.local/lib/python3.7/site-packages/airflow/example_dags/example_latest_only.py for tasks to queue
[2023-05-21T15:04:25.428+0000] {logging_mixin.py:137} INFO - [2023-05-21T15:04:25.427+0000] {dagbag.py:538} INFO - Filling up the DagBag from /home/airflow/.local/lib/python3.7/site-packages/airflow/example_dags/example_latest_only.py
[2023-05-21T15:04:25.476+0000] {processor.py:753} INFO - DAG(s) dict_keys(['latest_only']) retrieved from /home/airflow/.local/lib/python3.7/site-packages/airflow/example_dags/example_latest_only.py
[2023-05-21T15:04:25.549+0000] {logging_mixin.py:137} INFO - [2023-05-21T15:04:25.549+0000] {dag.py:2690} INFO - Sync 1 DAGs
[2023-05-21T15:04:25.631+0000] {logging_mixin.py:137} INFO - [2023-05-21T15:04:25.631+0000] {dag.py:3441} INFO - Setting next_dagrun for latest_only to 2023-05-21T11:04:25.631356+00:00, run_after=2023-05-21T15:04:25.631356+00:00
[2023-05-21T15:04:25.691+0000] {processor.py:175} INFO - Processing /home/airflow/.local/lib/python3.7/site-packages/airflow/example_dags/example_latest_only.py took 0.282 seconds
[2023-05-21T15:04:56.983+0000] {processor.py:153} INFO - Started process (PID=882) to work on /home/airflow/.local/lib/python3.7/site-packages/airflow/example_dags/example_latest_only.py
[2023-05-21T15:04:56.985+0000] {processor.py:743} INFO - Processing file /home/airflow/.local/lib/python3.7/site-packages/airflow/example_dags/example_latest_only.py for tasks to queue
[2023-05-21T15:04:56.986+0000] {logging_mixin.py:137} INFO - [2023-05-21T15:04:56.985+0000] {dagbag.py:538} INFO - Filling up the DagBag from /home/airflow/.local/lib/python3.7/site-packages/airflow/example_dags/example_latest_only.py
[2023-05-21T15:04:57.025+0000] {processor.py:753} INFO - DAG(s) dict_keys(['latest_only']) retrieved from /home/airflow/.local/lib/python3.7/site-packages/airflow/example_dags/example_latest_only.py
[2023-05-21T15:04:57.096+0000] {logging_mixin.py:137} INFO - [2023-05-21T15:04:57.095+0000] {dag.py:2690} INFO - Sync 1 DAGs
[2023-05-21T15:04:57.202+0000] {logging_mixin.py:137} INFO - [2023-05-21T15:04:57.202+0000] {dag.py:3441} INFO - Setting next_dagrun for latest_only to 2023-05-21T11:04:57.201202+00:00, run_after=2023-05-21T15:04:57.201202+00:00
[2023-05-21T15:04:57.279+0000] {processor.py:175} INFO - Processing /home/airflow/.local/lib/python3.7/site-packages/airflow/example_dags/example_latest_only.py took 0.301 seconds
