[2023-05-21T14:45:23.631+0000] {processor.py:156} INFO - Started process (PID=329) to work on /home/airflow/.local/lib/python3.7/site-packages/airflow/example_dags/example_short_circuit_operator.py
[2023-05-21T14:45:23.631+0000] {processor.py:758} INFO - Processing file /home/airflow/.local/lib/python3.7/site-packages/airflow/example_dags/example_short_circuit_operator.py for tasks to queue
[2023-05-21T14:45:23.632+0000] {logging_mixin.py:117} INFO - [2023-05-21T14:45:23.632+0000] {dagbag.py:525} INFO - Filling up the DagBag from /home/airflow/.local/lib/python3.7/site-packages/airflow/example_dags/example_short_circuit_operator.py
[2023-05-21T14:45:23.655+0000] {processor.py:768} INFO - DAG(s) dict_keys(['example_short_circuit_operator']) retrieved from /home/airflow/.local/lib/python3.7/site-packages/airflow/example_dags/example_short_circuit_operator.py
[2023-05-21T14:45:23.691+0000] {logging_mixin.py:117} INFO - [2023-05-21T14:45:23.691+0000] {dag.py:2573} INFO - Sync 1 DAGs
[2023-05-21T14:45:23.727+0000] {logging_mixin.py:117} INFO - [2023-05-21T14:45:23.726+0000] {dag.py:3328} INFO - Setting next_dagrun for example_short_circuit_operator to 2023-05-20T14:45:23.726677+00:00, run_after=2023-05-21T14:45:23.726677+00:00
[2023-05-21T14:45:23.746+0000] {processor.py:178} INFO - Processing /home/airflow/.local/lib/python3.7/site-packages/airflow/example_dags/example_short_circuit_operator.py took 0.120 seconds
[2023-05-21T14:45:55.862+0000] {processor.py:156} INFO - Started process (PID=535) to work on /home/airflow/.local/lib/python3.7/site-packages/airflow/example_dags/example_short_circuit_operator.py
[2023-05-21T14:45:55.863+0000] {processor.py:758} INFO - Processing file /home/airflow/.local/lib/python3.7/site-packages/airflow/example_dags/example_short_circuit_operator.py for tasks to queue
[2023-05-21T14:45:55.864+0000] {logging_mixin.py:117} INFO - [2023-05-21T14:45:55.863+0000] {dagbag.py:525} INFO - Filling up the DagBag from /home/airflow/.local/lib/python3.7/site-packages/airflow/example_dags/example_short_circuit_operator.py
[2023-05-21T14:45:55.895+0000] {processor.py:768} INFO - DAG(s) dict_keys(['example_short_circuit_operator']) retrieved from /home/airflow/.local/lib/python3.7/site-packages/airflow/example_dags/example_short_circuit_operator.py
[2023-05-21T14:45:55.951+0000] {logging_mixin.py:117} INFO - [2023-05-21T14:45:55.951+0000] {dag.py:2573} INFO - Sync 1 DAGs
[2023-05-21T14:45:55.994+0000] {logging_mixin.py:117} INFO - [2023-05-21T14:45:55.994+0000] {dag.py:3328} INFO - Setting next_dagrun for example_short_circuit_operator to 2023-05-20T14:45:55.993968+00:00, run_after=2023-05-21T14:45:55.993968+00:00
[2023-05-21T14:45:56.034+0000] {processor.py:178} INFO - Processing /home/airflow/.local/lib/python3.7/site-packages/airflow/example_dags/example_short_circuit_operator.py took 0.179 seconds
[2023-05-21T14:46:27.271+0000] {processor.py:156} INFO - Started process (PID=749) to work on /home/airflow/.local/lib/python3.7/site-packages/airflow/example_dags/example_short_circuit_operator.py
[2023-05-21T14:46:27.272+0000] {processor.py:758} INFO - Processing file /home/airflow/.local/lib/python3.7/site-packages/airflow/example_dags/example_short_circuit_operator.py for tasks to queue
[2023-05-21T14:46:27.273+0000] {logging_mixin.py:117} INFO - [2023-05-21T14:46:27.273+0000] {dagbag.py:525} INFO - Filling up the DagBag from /home/airflow/.local/lib/python3.7/site-packages/airflow/example_dags/example_short_circuit_operator.py
[2023-05-21T14:46:27.298+0000] {processor.py:768} INFO - DAG(s) dict_keys(['example_short_circuit_operator']) retrieved from /home/airflow/.local/lib/python3.7/site-packages/airflow/example_dags/example_short_circuit_operator.py
[2023-05-21T14:46:27.347+0000] {logging_mixin.py:117} INFO - [2023-05-21T14:46:27.347+0000] {dag.py:2573} INFO - Sync 1 DAGs
[2023-05-21T14:46:27.537+0000] {logging_mixin.py:117} INFO - [2023-05-21T14:46:27.537+0000] {dag.py:3328} INFO - Setting next_dagrun for example_short_circuit_operator to 2023-05-20T14:46:27.537590+00:00, run_after=2023-05-21T14:46:27.537590+00:00
[2023-05-21T14:46:27.563+0000] {processor.py:178} INFO - Processing /home/airflow/.local/lib/python3.7/site-packages/airflow/example_dags/example_short_circuit_operator.py took 0.296 seconds
[2023-05-21T14:46:57.880+0000] {processor.py:156} INFO - Started process (PID=961) to work on /home/airflow/.local/lib/python3.7/site-packages/airflow/example_dags/example_short_circuit_operator.py
[2023-05-21T14:46:57.880+0000] {processor.py:758} INFO - Processing file /home/airflow/.local/lib/python3.7/site-packages/airflow/example_dags/example_short_circuit_operator.py for tasks to queue
[2023-05-21T14:46:57.881+0000] {logging_mixin.py:117} INFO - [2023-05-21T14:46:57.881+0000] {dagbag.py:525} INFO - Filling up the DagBag from /home/airflow/.local/lib/python3.7/site-packages/airflow/example_dags/example_short_circuit_operator.py
[2023-05-21T14:46:57.896+0000] {processor.py:768} INFO - DAG(s) dict_keys(['example_short_circuit_operator']) retrieved from /home/airflow/.local/lib/python3.7/site-packages/airflow/example_dags/example_short_circuit_operator.py
[2023-05-21T14:46:58.075+0000] {logging_mixin.py:117} INFO - [2023-05-21T14:46:58.075+0000] {dag.py:2573} INFO - Sync 1 DAGs
[2023-05-21T14:46:58.100+0000] {logging_mixin.py:117} INFO - [2023-05-21T14:46:58.100+0000] {dag.py:3328} INFO - Setting next_dagrun for example_short_circuit_operator to 2023-05-20T14:46:58.100241+00:00, run_after=2023-05-21T14:46:58.100241+00:00
[2023-05-21T14:46:58.130+0000] {processor.py:178} INFO - Processing /home/airflow/.local/lib/python3.7/site-packages/airflow/example_dags/example_short_circuit_operator.py took 0.254 seconds
[2023-05-21T14:47:28.839+0000] {processor.py:156} INFO - Started process (PID=1175) to work on /home/airflow/.local/lib/python3.7/site-packages/airflow/example_dags/example_short_circuit_operator.py
[2023-05-21T14:47:28.840+0000] {processor.py:758} INFO - Processing file /home/airflow/.local/lib/python3.7/site-packages/airflow/example_dags/example_short_circuit_operator.py for tasks to queue
[2023-05-21T14:47:28.840+0000] {logging_mixin.py:117} INFO - [2023-05-21T14:47:28.840+0000] {dagbag.py:525} INFO - Filling up the DagBag from /home/airflow/.local/lib/python3.7/site-packages/airflow/example_dags/example_short_circuit_operator.py
[2023-05-21T14:47:29.001+0000] {processor.py:768} INFO - DAG(s) dict_keys(['example_short_circuit_operator']) retrieved from /home/airflow/.local/lib/python3.7/site-packages/airflow/example_dags/example_short_circuit_operator.py
[2023-05-21T14:47:29.039+0000] {logging_mixin.py:117} INFO - [2023-05-21T14:47:29.039+0000] {dag.py:2573} INFO - Sync 1 DAGs
[2023-05-21T14:47:29.063+0000] {logging_mixin.py:117} INFO - [2023-05-21T14:47:29.063+0000] {dag.py:3328} INFO - Setting next_dagrun for example_short_circuit_operator to 2023-05-20T14:47:29.063063+00:00, run_after=2023-05-21T14:47:29.063063+00:00
[2023-05-21T14:47:29.082+0000] {processor.py:178} INFO - Processing /home/airflow/.local/lib/python3.7/site-packages/airflow/example_dags/example_short_circuit_operator.py took 0.247 seconds
[2023-05-21T14:47:59.959+0000] {processor.py:156} INFO - Started process (PID=1381) to work on /home/airflow/.local/lib/python3.7/site-packages/airflow/example_dags/example_short_circuit_operator.py
[2023-05-21T14:47:59.960+0000] {processor.py:758} INFO - Processing file /home/airflow/.local/lib/python3.7/site-packages/airflow/example_dags/example_short_circuit_operator.py for tasks to queue
[2023-05-21T14:47:59.961+0000] {logging_mixin.py:117} INFO - [2023-05-21T14:47:59.961+0000] {dagbag.py:525} INFO - Filling up the DagBag from /home/airflow/.local/lib/python3.7/site-packages/airflow/example_dags/example_short_circuit_operator.py
[2023-05-21T14:47:59.988+0000] {processor.py:768} INFO - DAG(s) dict_keys(['example_short_circuit_operator']) retrieved from /home/airflow/.local/lib/python3.7/site-packages/airflow/example_dags/example_short_circuit_operator.py
[2023-05-21T14:48:00.056+0000] {logging_mixin.py:117} INFO - [2023-05-21T14:48:00.055+0000] {dag.py:2573} INFO - Sync 1 DAGs
[2023-05-21T14:48:00.098+0000] {logging_mixin.py:117} INFO - [2023-05-21T14:48:00.098+0000] {dag.py:3328} INFO - Setting next_dagrun for example_short_circuit_operator to 2023-05-20T14:48:00.097924+00:00, run_after=2023-05-21T14:48:00.097924+00:00
[2023-05-21T14:48:00.127+0000] {processor.py:178} INFO - Processing /home/airflow/.local/lib/python3.7/site-packages/airflow/example_dags/example_short_circuit_operator.py took 0.172 seconds
[2023-05-21T14:50:30.802+0000] {processor.py:156} INFO - Started process (PID=331) to work on /home/airflow/.local/lib/python3.7/site-packages/airflow/example_dags/example_short_circuit_operator.py
[2023-05-21T14:50:30.803+0000] {processor.py:758} INFO - Processing file /home/airflow/.local/lib/python3.7/site-packages/airflow/example_dags/example_short_circuit_operator.py for tasks to queue
[2023-05-21T14:50:30.804+0000] {logging_mixin.py:117} INFO - [2023-05-21T14:50:30.804+0000] {dagbag.py:525} INFO - Filling up the DagBag from /home/airflow/.local/lib/python3.7/site-packages/airflow/example_dags/example_short_circuit_operator.py
[2023-05-21T14:50:30.821+0000] {processor.py:768} INFO - DAG(s) dict_keys(['example_short_circuit_operator']) retrieved from /home/airflow/.local/lib/python3.7/site-packages/airflow/example_dags/example_short_circuit_operator.py
[2023-05-21T14:50:30.847+0000] {logging_mixin.py:117} INFO - [2023-05-21T14:50:30.847+0000] {dag.py:2573} INFO - Sync 1 DAGs
[2023-05-21T14:50:30.871+0000] {logging_mixin.py:117} INFO - [2023-05-21T14:50:30.871+0000] {dag.py:3328} INFO - Setting next_dagrun for example_short_circuit_operator to 2023-05-20T14:50:30.870980+00:00, run_after=2023-05-21T14:50:30.870980+00:00
[2023-05-21T14:50:30.889+0000] {processor.py:178} INFO - Processing /home/airflow/.local/lib/python3.7/site-packages/airflow/example_dags/example_short_circuit_operator.py took 0.091 seconds
[2023-05-21T14:51:02.131+0000] {processor.py:156} INFO - Started process (PID=533) to work on /home/airflow/.local/lib/python3.7/site-packages/airflow/example_dags/example_short_circuit_operator.py
[2023-05-21T14:51:02.131+0000] {processor.py:758} INFO - Processing file /home/airflow/.local/lib/python3.7/site-packages/airflow/example_dags/example_short_circuit_operator.py for tasks to queue
[2023-05-21T14:51:02.132+0000] {logging_mixin.py:117} INFO - [2023-05-21T14:51:02.132+0000] {dagbag.py:525} INFO - Filling up the DagBag from /home/airflow/.local/lib/python3.7/site-packages/airflow/example_dags/example_short_circuit_operator.py
[2023-05-21T14:51:02.159+0000] {processor.py:768} INFO - DAG(s) dict_keys(['example_short_circuit_operator']) retrieved from /home/airflow/.local/lib/python3.7/site-packages/airflow/example_dags/example_short_circuit_operator.py
[2023-05-21T14:51:02.217+0000] {logging_mixin.py:117} INFO - [2023-05-21T14:51:02.216+0000] {dag.py:2573} INFO - Sync 1 DAGs
[2023-05-21T14:51:02.255+0000] {logging_mixin.py:117} INFO - [2023-05-21T14:51:02.254+0000] {dag.py:3328} INFO - Setting next_dagrun for example_short_circuit_operator to 2023-05-20T14:51:02.253767+00:00, run_after=2023-05-21T14:51:02.253767+00:00
[2023-05-21T14:51:02.282+0000] {processor.py:178} INFO - Processing /home/airflow/.local/lib/python3.7/site-packages/airflow/example_dags/example_short_circuit_operator.py took 0.154 seconds
[2023-05-21T14:51:33.434+0000] {processor.py:156} INFO - Started process (PID=747) to work on /home/airflow/.local/lib/python3.7/site-packages/airflow/example_dags/example_short_circuit_operator.py
[2023-05-21T14:51:33.435+0000] {processor.py:758} INFO - Processing file /home/airflow/.local/lib/python3.7/site-packages/airflow/example_dags/example_short_circuit_operator.py for tasks to queue
[2023-05-21T14:51:33.436+0000] {logging_mixin.py:117} INFO - [2023-05-21T14:51:33.436+0000] {dagbag.py:525} INFO - Filling up the DagBag from /home/airflow/.local/lib/python3.7/site-packages/airflow/example_dags/example_short_circuit_operator.py
[2023-05-21T14:51:33.463+0000] {processor.py:768} INFO - DAG(s) dict_keys(['example_short_circuit_operator']) retrieved from /home/airflow/.local/lib/python3.7/site-packages/airflow/example_dags/example_short_circuit_operator.py
[2023-05-21T14:51:33.524+0000] {logging_mixin.py:117} INFO - [2023-05-21T14:51:33.524+0000] {dag.py:2573} INFO - Sync 1 DAGs
[2023-05-21T14:51:33.783+0000] {logging_mixin.py:117} INFO - [2023-05-21T14:51:33.783+0000] {dag.py:3328} INFO - Setting next_dagrun for example_short_circuit_operator to 2023-05-20T14:51:33.782843+00:00, run_after=2023-05-21T14:51:33.782843+00:00
[2023-05-21T14:51:33.812+0000] {processor.py:178} INFO - Processing /home/airflow/.local/lib/python3.7/site-packages/airflow/example_dags/example_short_circuit_operator.py took 0.382 seconds
[2023-05-21T14:58:51.506+0000] {processor.py:153} INFO - Started process (PID=80) to work on /home/airflow/.local/lib/python3.7/site-packages/airflow/example_dags/example_short_circuit_operator.py
[2023-05-21T14:58:51.513+0000] {processor.py:743} INFO - Processing file /home/airflow/.local/lib/python3.7/site-packages/airflow/example_dags/example_short_circuit_operator.py for tasks to queue
[2023-05-21T14:58:51.515+0000] {logging_mixin.py:137} INFO - [2023-05-21T14:58:51.514+0000] {dagbag.py:538} INFO - Filling up the DagBag from /home/airflow/.local/lib/python3.7/site-packages/airflow/example_dags/example_short_circuit_operator.py
[2023-05-21T14:58:51.556+0000] {processor.py:753} INFO - DAG(s) dict_keys(['example_short_circuit_operator']) retrieved from /home/airflow/.local/lib/python3.7/site-packages/airflow/example_dags/example_short_circuit_operator.py
[2023-05-21T14:58:51.602+0000] {logging_mixin.py:137} INFO - [2023-05-21T14:58:51.602+0000] {dag.py:2690} INFO - Sync 1 DAGs
[2023-05-21T14:58:51.654+0000] {logging_mixin.py:137} INFO - [2023-05-21T14:58:51.654+0000] {dag.py:3441} INFO - Setting next_dagrun for example_short_circuit_operator to 2023-05-20T14:58:51.654270+00:00, run_after=2023-05-21T14:58:51.654270+00:00
[2023-05-21T14:58:51.681+0000] {processor.py:175} INFO - Processing /home/airflow/.local/lib/python3.7/site-packages/airflow/example_dags/example_short_circuit_operator.py took 0.198 seconds
[2023-05-21T14:59:21.908+0000] {processor.py:153} INFO - Started process (PID=153) to work on /home/airflow/.local/lib/python3.7/site-packages/airflow/example_dags/example_short_circuit_operator.py
[2023-05-21T14:59:21.909+0000] {processor.py:743} INFO - Processing file /home/airflow/.local/lib/python3.7/site-packages/airflow/example_dags/example_short_circuit_operator.py for tasks to queue
[2023-05-21T14:59:21.909+0000] {logging_mixin.py:137} INFO - [2023-05-21T14:59:21.909+0000] {dagbag.py:538} INFO - Filling up the DagBag from /home/airflow/.local/lib/python3.7/site-packages/airflow/example_dags/example_short_circuit_operator.py
[2023-05-21T14:59:21.933+0000] {processor.py:753} INFO - DAG(s) dict_keys(['example_short_circuit_operator']) retrieved from /home/airflow/.local/lib/python3.7/site-packages/airflow/example_dags/example_short_circuit_operator.py
[2023-05-21T14:59:21.968+0000] {logging_mixin.py:137} INFO - [2023-05-21T14:59:21.968+0000] {dag.py:2690} INFO - Sync 1 DAGs
[2023-05-21T14:59:22.019+0000] {logging_mixin.py:137} INFO - [2023-05-21T14:59:22.019+0000] {dag.py:3441} INFO - Setting next_dagrun for example_short_circuit_operator to 2023-05-20T14:59:22.018817+00:00, run_after=2023-05-21T14:59:22.018817+00:00
[2023-05-21T14:59:22.052+0000] {processor.py:175} INFO - Processing /home/airflow/.local/lib/python3.7/site-packages/airflow/example_dags/example_short_circuit_operator.py took 0.148 seconds
[2023-05-21T14:59:52.715+0000] {processor.py:153} INFO - Started process (PID=222) to work on /home/airflow/.local/lib/python3.7/site-packages/airflow/example_dags/example_short_circuit_operator.py
[2023-05-21T14:59:52.716+0000] {processor.py:743} INFO - Processing file /home/airflow/.local/lib/python3.7/site-packages/airflow/example_dags/example_short_circuit_operator.py for tasks to queue
[2023-05-21T14:59:52.716+0000] {logging_mixin.py:137} INFO - [2023-05-21T14:59:52.716+0000] {dagbag.py:538} INFO - Filling up the DagBag from /home/airflow/.local/lib/python3.7/site-packages/airflow/example_dags/example_short_circuit_operator.py
[2023-05-21T14:59:52.739+0000] {processor.py:753} INFO - DAG(s) dict_keys(['example_short_circuit_operator']) retrieved from /home/airflow/.local/lib/python3.7/site-packages/airflow/example_dags/example_short_circuit_operator.py
[2023-05-21T14:59:52.771+0000] {logging_mixin.py:137} INFO - [2023-05-21T14:59:52.771+0000] {dag.py:2690} INFO - Sync 1 DAGs
[2023-05-21T14:59:52.810+0000] {logging_mixin.py:137} INFO - [2023-05-21T14:59:52.810+0000] {dag.py:3441} INFO - Setting next_dagrun for example_short_circuit_operator to 2023-05-20T14:59:52.810072+00:00, run_after=2023-05-21T14:59:52.810072+00:00
[2023-05-21T14:59:52.831+0000] {processor.py:175} INFO - Processing /home/airflow/.local/lib/python3.7/site-packages/airflow/example_dags/example_short_circuit_operator.py took 0.120 seconds
[2023-05-21T15:00:23.037+0000] {processor.py:153} INFO - Started process (PID=287) to work on /home/airflow/.local/lib/python3.7/site-packages/airflow/example_dags/example_short_circuit_operator.py
[2023-05-21T15:00:23.038+0000] {processor.py:743} INFO - Processing file /home/airflow/.local/lib/python3.7/site-packages/airflow/example_dags/example_short_circuit_operator.py for tasks to queue
[2023-05-21T15:00:23.039+0000] {logging_mixin.py:137} INFO - [2023-05-21T15:00:23.039+0000] {dagbag.py:538} INFO - Filling up the DagBag from /home/airflow/.local/lib/python3.7/site-packages/airflow/example_dags/example_short_circuit_operator.py
[2023-05-21T15:00:23.056+0000] {processor.py:753} INFO - DAG(s) dict_keys(['example_short_circuit_operator']) retrieved from /home/airflow/.local/lib/python3.7/site-packages/airflow/example_dags/example_short_circuit_operator.py
[2023-05-21T15:00:23.081+0000] {logging_mixin.py:137} INFO - [2023-05-21T15:00:23.081+0000] {dag.py:2690} INFO - Sync 1 DAGs
[2023-05-21T15:00:23.113+0000] {logging_mixin.py:137} INFO - [2023-05-21T15:00:23.112+0000] {dag.py:3441} INFO - Setting next_dagrun for example_short_circuit_operator to 2023-05-20T15:00:23.112648+00:00, run_after=2023-05-21T15:00:23.112648+00:00
[2023-05-21T15:00:23.136+0000] {processor.py:175} INFO - Processing /home/airflow/.local/lib/python3.7/site-packages/airflow/example_dags/example_short_circuit_operator.py took 0.103 seconds
[2023-05-21T15:00:55.166+0000] {processor.py:153} INFO - Started process (PID=363) to work on /home/airflow/.local/lib/python3.7/site-packages/airflow/example_dags/example_short_circuit_operator.py
[2023-05-21T15:00:55.167+0000] {processor.py:743} INFO - Processing file /home/airflow/.local/lib/python3.7/site-packages/airflow/example_dags/example_short_circuit_operator.py for tasks to queue
[2023-05-21T15:00:55.168+0000] {logging_mixin.py:137} INFO - [2023-05-21T15:00:55.168+0000] {dagbag.py:538} INFO - Filling up the DagBag from /home/airflow/.local/lib/python3.7/site-packages/airflow/example_dags/example_short_circuit_operator.py
[2023-05-21T15:00:55.191+0000] {processor.py:753} INFO - DAG(s) dict_keys(['example_short_circuit_operator']) retrieved from /home/airflow/.local/lib/python3.7/site-packages/airflow/example_dags/example_short_circuit_operator.py
[2023-05-21T15:00:55.226+0000] {logging_mixin.py:137} INFO - [2023-05-21T15:00:55.226+0000] {dag.py:2690} INFO - Sync 1 DAGs
[2023-05-21T15:00:55.268+0000] {logging_mixin.py:137} INFO - [2023-05-21T15:00:55.268+0000] {dag.py:3441} INFO - Setting next_dagrun for example_short_circuit_operator to 2023-05-20T15:00:55.268009+00:00, run_after=2023-05-21T15:00:55.268009+00:00
[2023-05-21T15:00:55.297+0000] {processor.py:175} INFO - Processing /home/airflow/.local/lib/python3.7/site-packages/airflow/example_dags/example_short_circuit_operator.py took 0.135 seconds
[2023-05-21T15:01:25.504+0000] {processor.py:153} INFO - Started process (PID=428) to work on /home/airflow/.local/lib/python3.7/site-packages/airflow/example_dags/example_short_circuit_operator.py
[2023-05-21T15:01:25.504+0000] {processor.py:743} INFO - Processing file /home/airflow/.local/lib/python3.7/site-packages/airflow/example_dags/example_short_circuit_operator.py for tasks to queue
[2023-05-21T15:01:25.505+0000] {logging_mixin.py:137} INFO - [2023-05-21T15:01:25.505+0000] {dagbag.py:538} INFO - Filling up the DagBag from /home/airflow/.local/lib/python3.7/site-packages/airflow/example_dags/example_short_circuit_operator.py
[2023-05-21T15:01:25.521+0000] {processor.py:753} INFO - DAG(s) dict_keys(['example_short_circuit_operator']) retrieved from /home/airflow/.local/lib/python3.7/site-packages/airflow/example_dags/example_short_circuit_operator.py
[2023-05-21T15:01:25.546+0000] {logging_mixin.py:137} INFO - [2023-05-21T15:01:25.546+0000] {dag.py:2690} INFO - Sync 1 DAGs
[2023-05-21T15:01:25.572+0000] {logging_mixin.py:137} INFO - [2023-05-21T15:01:25.572+0000] {dag.py:3441} INFO - Setting next_dagrun for example_short_circuit_operator to 2023-05-20T15:01:25.572074+00:00, run_after=2023-05-21T15:01:25.572074+00:00
[2023-05-21T15:01:25.592+0000] {processor.py:175} INFO - Processing /home/airflow/.local/lib/python3.7/site-packages/airflow/example_dags/example_short_circuit_operator.py took 0.091 seconds
[2023-05-21T15:01:57.140+0000] {processor.py:153} INFO - Started process (PID=502) to work on /home/airflow/.local/lib/python3.7/site-packages/airflow/example_dags/example_short_circuit_operator.py
[2023-05-21T15:01:57.141+0000] {processor.py:743} INFO - Processing file /home/airflow/.local/lib/python3.7/site-packages/airflow/example_dags/example_short_circuit_operator.py for tasks to queue
[2023-05-21T15:01:57.142+0000] {logging_mixin.py:137} INFO - [2023-05-21T15:01:57.142+0000] {dagbag.py:538} INFO - Filling up the DagBag from /home/airflow/.local/lib/python3.7/site-packages/airflow/example_dags/example_short_circuit_operator.py
[2023-05-21T15:01:57.167+0000] {processor.py:753} INFO - DAG(s) dict_keys(['example_short_circuit_operator']) retrieved from /home/airflow/.local/lib/python3.7/site-packages/airflow/example_dags/example_short_circuit_operator.py
[2023-05-21T15:01:57.206+0000] {logging_mixin.py:137} INFO - [2023-05-21T15:01:57.206+0000] {dag.py:2690} INFO - Sync 1 DAGs
[2023-05-21T15:01:57.249+0000] {logging_mixin.py:137} INFO - [2023-05-21T15:01:57.249+0000] {dag.py:3441} INFO - Setting next_dagrun for example_short_circuit_operator to 2023-05-20T15:01:57.249138+00:00, run_after=2023-05-21T15:01:57.249138+00:00
[2023-05-21T15:01:57.281+0000] {processor.py:175} INFO - Processing /home/airflow/.local/lib/python3.7/site-packages/airflow/example_dags/example_short_circuit_operator.py took 0.145 seconds
[2023-05-21T15:02:27.477+0000] {processor.py:153} INFO - Started process (PID=571) to work on /home/airflow/.local/lib/python3.7/site-packages/airflow/example_dags/example_short_circuit_operator.py
[2023-05-21T15:02:27.478+0000] {processor.py:743} INFO - Processing file /home/airflow/.local/lib/python3.7/site-packages/airflow/example_dags/example_short_circuit_operator.py for tasks to queue
[2023-05-21T15:02:27.478+0000] {logging_mixin.py:137} INFO - [2023-05-21T15:02:27.478+0000] {dagbag.py:538} INFO - Filling up the DagBag from /home/airflow/.local/lib/python3.7/site-packages/airflow/example_dags/example_short_circuit_operator.py
[2023-05-21T15:02:27.493+0000] {processor.py:753} INFO - DAG(s) dict_keys(['example_short_circuit_operator']) retrieved from /home/airflow/.local/lib/python3.7/site-packages/airflow/example_dags/example_short_circuit_operator.py
[2023-05-21T15:02:27.525+0000] {logging_mixin.py:137} INFO - [2023-05-21T15:02:27.524+0000] {dag.py:2690} INFO - Sync 1 DAGs
[2023-05-21T15:02:27.552+0000] {logging_mixin.py:137} INFO - [2023-05-21T15:02:27.552+0000] {dag.py:3441} INFO - Setting next_dagrun for example_short_circuit_operator to 2023-05-20T15:02:27.551798+00:00, run_after=2023-05-21T15:02:27.551798+00:00
[2023-05-21T15:02:27.573+0000] {processor.py:175} INFO - Processing /home/airflow/.local/lib/python3.7/site-packages/airflow/example_dags/example_short_circuit_operator.py took 0.100 seconds
[2023-05-21T15:02:57.961+0000] {processor.py:153} INFO - Started process (PID=638) to work on /home/airflow/.local/lib/python3.7/site-packages/airflow/example_dags/example_short_circuit_operator.py
[2023-05-21T15:02:57.962+0000] {processor.py:743} INFO - Processing file /home/airflow/.local/lib/python3.7/site-packages/airflow/example_dags/example_short_circuit_operator.py for tasks to queue
[2023-05-21T15:02:57.963+0000] {logging_mixin.py:137} INFO - [2023-05-21T15:02:57.963+0000] {dagbag.py:538} INFO - Filling up the DagBag from /home/airflow/.local/lib/python3.7/site-packages/airflow/example_dags/example_short_circuit_operator.py
[2023-05-21T15:02:57.986+0000] {processor.py:753} INFO - DAG(s) dict_keys(['example_short_circuit_operator']) retrieved from /home/airflow/.local/lib/python3.7/site-packages/airflow/example_dags/example_short_circuit_operator.py
[2023-05-21T15:02:58.022+0000] {logging_mixin.py:137} INFO - [2023-05-21T15:02:58.022+0000] {dag.py:2690} INFO - Sync 1 DAGs
[2023-05-21T15:02:58.062+0000] {logging_mixin.py:137} INFO - [2023-05-21T15:02:58.062+0000] {dag.py:3441} INFO - Setting next_dagrun for example_short_circuit_operator to 2023-05-20T15:02:58.061993+00:00, run_after=2023-05-21T15:02:58.061993+00:00
[2023-05-21T15:02:58.091+0000] {processor.py:175} INFO - Processing /home/airflow/.local/lib/python3.7/site-packages/airflow/example_dags/example_short_circuit_operator.py took 0.134 seconds
[2023-05-21T15:03:28.352+0000] {processor.py:153} INFO - Started process (PID=715) to work on /home/airflow/.local/lib/python3.7/site-packages/airflow/example_dags/example_short_circuit_operator.py
[2023-05-21T15:03:28.352+0000] {processor.py:743} INFO - Processing file /home/airflow/.local/lib/python3.7/site-packages/airflow/example_dags/example_short_circuit_operator.py for tasks to queue
[2023-05-21T15:03:28.353+0000] {logging_mixin.py:137} INFO - [2023-05-21T15:03:28.353+0000] {dagbag.py:538} INFO - Filling up the DagBag from /home/airflow/.local/lib/python3.7/site-packages/airflow/example_dags/example_short_circuit_operator.py
[2023-05-21T15:03:28.378+0000] {processor.py:753} INFO - DAG(s) dict_keys(['example_short_circuit_operator']) retrieved from /home/airflow/.local/lib/python3.7/site-packages/airflow/example_dags/example_short_circuit_operator.py
[2023-05-21T15:03:28.414+0000] {logging_mixin.py:137} INFO - [2023-05-21T15:03:28.414+0000] {dag.py:2690} INFO - Sync 1 DAGs
[2023-05-21T15:03:28.459+0000] {logging_mixin.py:137} INFO - [2023-05-21T15:03:28.459+0000] {dag.py:3441} INFO - Setting next_dagrun for example_short_circuit_operator to 2023-05-20T15:03:28.458880+00:00, run_after=2023-05-21T15:03:28.458880+00:00
[2023-05-21T15:03:28.490+0000] {processor.py:175} INFO - Processing /home/airflow/.local/lib/python3.7/site-packages/airflow/example_dags/example_short_circuit_operator.py took 0.141 seconds
[2023-05-21T15:04:00.100+0000] {processor.py:153} INFO - Started process (PID=779) to work on /home/airflow/.local/lib/python3.7/site-packages/airflow/example_dags/example_short_circuit_operator.py
[2023-05-21T15:04:00.104+0000] {processor.py:743} INFO - Processing file /home/airflow/.local/lib/python3.7/site-packages/airflow/example_dags/example_short_circuit_operator.py for tasks to queue
[2023-05-21T15:04:00.105+0000] {logging_mixin.py:137} INFO - [2023-05-21T15:04:00.105+0000] {dagbag.py:538} INFO - Filling up the DagBag from /home/airflow/.local/lib/python3.7/site-packages/airflow/example_dags/example_short_circuit_operator.py
[2023-05-21T15:04:00.135+0000] {processor.py:753} INFO - DAG(s) dict_keys(['example_short_circuit_operator']) retrieved from /home/airflow/.local/lib/python3.7/site-packages/airflow/example_dags/example_short_circuit_operator.py
[2023-05-21T15:04:00.198+0000] {logging_mixin.py:137} INFO - [2023-05-21T15:04:00.197+0000] {dag.py:2690} INFO - Sync 1 DAGs
[2023-05-21T15:04:00.240+0000] {logging_mixin.py:137} INFO - [2023-05-21T15:04:00.240+0000] {dag.py:3441} INFO - Setting next_dagrun for example_short_circuit_operator to 2023-05-20T15:04:00.240381+00:00, run_after=2023-05-21T15:04:00.240381+00:00
[2023-05-21T15:04:00.279+0000] {processor.py:175} INFO - Processing /home/airflow/.local/lib/python3.7/site-packages/airflow/example_dags/example_short_circuit_operator.py took 0.184 seconds
[2023-05-21T15:04:31.139+0000] {processor.py:153} INFO - Started process (PID=843) to work on /home/airflow/.local/lib/python3.7/site-packages/airflow/example_dags/example_short_circuit_operator.py
[2023-05-21T15:04:31.145+0000] {processor.py:743} INFO - Processing file /home/airflow/.local/lib/python3.7/site-packages/airflow/example_dags/example_short_circuit_operator.py for tasks to queue
[2023-05-21T15:04:31.146+0000] {logging_mixin.py:137} INFO - [2023-05-21T15:04:31.146+0000] {dagbag.py:538} INFO - Filling up the DagBag from /home/airflow/.local/lib/python3.7/site-packages/airflow/example_dags/example_short_circuit_operator.py
[2023-05-21T15:04:31.188+0000] {processor.py:753} INFO - DAG(s) dict_keys(['example_short_circuit_operator']) retrieved from /home/airflow/.local/lib/python3.7/site-packages/airflow/example_dags/example_short_circuit_operator.py
[2023-05-21T15:04:31.257+0000] {logging_mixin.py:137} INFO - [2023-05-21T15:04:31.256+0000] {dag.py:2690} INFO - Sync 1 DAGs
[2023-05-21T15:04:31.326+0000] {logging_mixin.py:137} INFO - [2023-05-21T15:04:31.326+0000] {dag.py:3441} INFO - Setting next_dagrun for example_short_circuit_operator to 2023-05-20T15:04:31.325743+00:00, run_after=2023-05-21T15:04:31.325743+00:00
[2023-05-21T15:04:31.379+0000] {processor.py:175} INFO - Processing /home/airflow/.local/lib/python3.7/site-packages/airflow/example_dags/example_short_circuit_operator.py took 0.245 seconds
[2023-05-21T15:05:02.117+0000] {processor.py:153} INFO - Started process (PID=909) to work on /home/airflow/.local/lib/python3.7/site-packages/airflow/example_dags/example_short_circuit_operator.py
[2023-05-21T15:05:02.118+0000] {processor.py:743} INFO - Processing file /home/airflow/.local/lib/python3.7/site-packages/airflow/example_dags/example_short_circuit_operator.py for tasks to queue
[2023-05-21T15:05:02.119+0000] {logging_mixin.py:137} INFO - [2023-05-21T15:05:02.118+0000] {dagbag.py:538} INFO - Filling up the DagBag from /home/airflow/.local/lib/python3.7/site-packages/airflow/example_dags/example_short_circuit_operator.py
[2023-05-21T15:05:02.146+0000] {processor.py:753} INFO - DAG(s) dict_keys(['example_short_circuit_operator']) retrieved from /home/airflow/.local/lib/python3.7/site-packages/airflow/example_dags/example_short_circuit_operator.py
[2023-05-21T15:05:02.183+0000] {logging_mixin.py:137} INFO - [2023-05-21T15:05:02.182+0000] {dag.py:2690} INFO - Sync 1 DAGs
[2023-05-21T15:05:02.221+0000] {logging_mixin.py:137} INFO - [2023-05-21T15:05:02.221+0000] {dag.py:3441} INFO - Setting next_dagrun for example_short_circuit_operator to 2023-05-20T15:05:02.221173+00:00, run_after=2023-05-21T15:05:02.221173+00:00
[2023-05-21T15:05:02.250+0000] {processor.py:175} INFO - Processing /home/airflow/.local/lib/python3.7/site-packages/airflow/example_dags/example_short_circuit_operator.py took 0.137 seconds
