[2023-05-21T14:45:22.357+0000] {processor.py:156} INFO - Started process (PID=264) to work on /home/airflow/.local/lib/python3.7/site-packages/airflow/example_dags/example_short_circuit_decorator.py
[2023-05-21T14:45:22.358+0000] {processor.py:758} INFO - Processing file /home/airflow/.local/lib/python3.7/site-packages/airflow/example_dags/example_short_circuit_decorator.py for tasks to queue
[2023-05-21T14:45:22.358+0000] {logging_mixin.py:117} INFO - [2023-05-21T14:45:22.358+0000] {dagbag.py:525} INFO - Filling up the DagBag from /home/airflow/.local/lib/python3.7/site-packages/airflow/example_dags/example_short_circuit_decorator.py
[2023-05-21T14:45:22.424+0000] {processor.py:768} INFO - DAG(s) dict_keys(['example_short_circuit_decorator']) retrieved from /home/airflow/.local/lib/python3.7/site-packages/airflow/example_dags/example_short_circuit_decorator.py
[2023-05-21T14:45:22.473+0000] {logging_mixin.py:117} INFO - [2023-05-21T14:45:22.473+0000] {dag.py:2573} INFO - Sync 1 DAGs
[2023-05-21T14:45:22.518+0000] {logging_mixin.py:117} INFO - [2023-05-21T14:45:22.518+0000] {dag.py:3328} INFO - Setting next_dagrun for example_short_circuit_decorator to 2023-05-20T14:45:22.518037+00:00, run_after=2023-05-21T14:45:22.518037+00:00
[2023-05-21T14:45:22.547+0000] {processor.py:178} INFO - Processing /home/airflow/.local/lib/python3.7/site-packages/airflow/example_dags/example_short_circuit_decorator.py took 0.194 seconds
[2023-05-21T14:45:53.276+0000] {processor.py:156} INFO - Started process (PID=470) to work on /home/airflow/.local/lib/python3.7/site-packages/airflow/example_dags/example_short_circuit_decorator.py
[2023-05-21T14:45:53.277+0000] {processor.py:758} INFO - Processing file /home/airflow/.local/lib/python3.7/site-packages/airflow/example_dags/example_short_circuit_decorator.py for tasks to queue
[2023-05-21T14:45:53.278+0000] {logging_mixin.py:117} INFO - [2023-05-21T14:45:53.277+0000] {dagbag.py:525} INFO - Filling up the DagBag from /home/airflow/.local/lib/python3.7/site-packages/airflow/example_dags/example_short_circuit_decorator.py
[2023-05-21T14:45:53.306+0000] {processor.py:768} INFO - DAG(s) dict_keys(['example_short_circuit_decorator']) retrieved from /home/airflow/.local/lib/python3.7/site-packages/airflow/example_dags/example_short_circuit_decorator.py
[2023-05-21T14:45:53.349+0000] {logging_mixin.py:117} INFO - [2023-05-21T14:45:53.348+0000] {dag.py:2573} INFO - Sync 1 DAGs
[2023-05-21T14:45:53.380+0000] {logging_mixin.py:117} INFO - [2023-05-21T14:45:53.380+0000] {dag.py:3328} INFO - Setting next_dagrun for example_short_circuit_decorator to 2023-05-20T14:45:53.380216+00:00, run_after=2023-05-21T14:45:53.380216+00:00
[2023-05-21T14:45:53.557+0000] {processor.py:178} INFO - Processing /home/airflow/.local/lib/python3.7/site-packages/airflow/example_dags/example_short_circuit_decorator.py took 0.284 seconds
[2023-05-21T14:46:24.656+0000] {processor.py:156} INFO - Started process (PID=682) to work on /home/airflow/.local/lib/python3.7/site-packages/airflow/example_dags/example_short_circuit_decorator.py
[2023-05-21T14:46:24.657+0000] {processor.py:758} INFO - Processing file /home/airflow/.local/lib/python3.7/site-packages/airflow/example_dags/example_short_circuit_decorator.py for tasks to queue
[2023-05-21T14:46:24.658+0000] {logging_mixin.py:117} INFO - [2023-05-21T14:46:24.658+0000] {dagbag.py:525} INFO - Filling up the DagBag from /home/airflow/.local/lib/python3.7/site-packages/airflow/example_dags/example_short_circuit_decorator.py
[2023-05-21T14:46:24.705+0000] {processor.py:768} INFO - DAG(s) dict_keys(['example_short_circuit_decorator']) retrieved from /home/airflow/.local/lib/python3.7/site-packages/airflow/example_dags/example_short_circuit_decorator.py
[2023-05-21T14:46:24.778+0000] {logging_mixin.py:117} INFO - [2023-05-21T14:46:24.778+0000] {dag.py:2573} INFO - Sync 1 DAGs
[2023-05-21T14:46:24.974+0000] {logging_mixin.py:117} INFO - [2023-05-21T14:46:24.973+0000] {dag.py:3328} INFO - Setting next_dagrun for example_short_circuit_decorator to 2023-05-20T14:46:24.973600+00:00, run_after=2023-05-21T14:46:24.973600+00:00
[2023-05-21T14:46:25.001+0000] {processor.py:178} INFO - Processing /home/airflow/.local/lib/python3.7/site-packages/airflow/example_dags/example_short_circuit_decorator.py took 0.350 seconds
[2023-05-21T14:46:55.794+0000] {processor.py:156} INFO - Started process (PID=896) to work on /home/airflow/.local/lib/python3.7/site-packages/airflow/example_dags/example_short_circuit_decorator.py
[2023-05-21T14:46:55.795+0000] {processor.py:758} INFO - Processing file /home/airflow/.local/lib/python3.7/site-packages/airflow/example_dags/example_short_circuit_decorator.py for tasks to queue
[2023-05-21T14:46:55.795+0000] {logging_mixin.py:117} INFO - [2023-05-21T14:46:55.795+0000] {dagbag.py:525} INFO - Filling up the DagBag from /home/airflow/.local/lib/python3.7/site-packages/airflow/example_dags/example_short_circuit_decorator.py
[2023-05-21T14:46:55.823+0000] {processor.py:768} INFO - DAG(s) dict_keys(['example_short_circuit_decorator']) retrieved from /home/airflow/.local/lib/python3.7/site-packages/airflow/example_dags/example_short_circuit_decorator.py
[2023-05-21T14:46:55.999+0000] {logging_mixin.py:117} INFO - [2023-05-21T14:46:55.998+0000] {dag.py:2573} INFO - Sync 1 DAGs
[2023-05-21T14:46:56.025+0000] {logging_mixin.py:117} INFO - [2023-05-21T14:46:56.025+0000] {dag.py:3328} INFO - Setting next_dagrun for example_short_circuit_decorator to 2023-05-20T14:46:56.025129+00:00, run_after=2023-05-21T14:46:56.025129+00:00
[2023-05-21T14:46:56.044+0000] {processor.py:178} INFO - Processing /home/airflow/.local/lib/python3.7/site-packages/airflow/example_dags/example_short_circuit_decorator.py took 0.252 seconds
[2023-05-21T14:47:26.264+0000] {processor.py:156} INFO - Started process (PID=1101) to work on /home/airflow/.local/lib/python3.7/site-packages/airflow/example_dags/example_short_circuit_decorator.py
[2023-05-21T14:47:26.265+0000] {processor.py:758} INFO - Processing file /home/airflow/.local/lib/python3.7/site-packages/airflow/example_dags/example_short_circuit_decorator.py for tasks to queue
[2023-05-21T14:47:26.265+0000] {logging_mixin.py:117} INFO - [2023-05-21T14:47:26.265+0000] {dagbag.py:525} INFO - Filling up the DagBag from /home/airflow/.local/lib/python3.7/site-packages/airflow/example_dags/example_short_circuit_decorator.py
[2023-05-21T14:47:26.430+0000] {processor.py:768} INFO - DAG(s) dict_keys(['example_short_circuit_decorator']) retrieved from /home/airflow/.local/lib/python3.7/site-packages/airflow/example_dags/example_short_circuit_decorator.py
[2023-05-21T14:47:26.477+0000] {logging_mixin.py:117} INFO - [2023-05-21T14:47:26.477+0000] {dag.py:2573} INFO - Sync 1 DAGs
[2023-05-21T14:47:26.518+0000] {logging_mixin.py:117} INFO - [2023-05-21T14:47:26.517+0000] {dag.py:3328} INFO - Setting next_dagrun for example_short_circuit_decorator to 2023-05-20T14:47:26.517739+00:00, run_after=2023-05-21T14:47:26.517739+00:00
[2023-05-21T14:47:26.550+0000] {processor.py:178} INFO - Processing /home/airflow/.local/lib/python3.7/site-packages/airflow/example_dags/example_short_circuit_decorator.py took 0.290 seconds
[2023-05-21T14:47:57.076+0000] {processor.py:156} INFO - Started process (PID=1314) to work on /home/airflow/.local/lib/python3.7/site-packages/airflow/example_dags/example_short_circuit_decorator.py
[2023-05-21T14:47:57.077+0000] {processor.py:758} INFO - Processing file /home/airflow/.local/lib/python3.7/site-packages/airflow/example_dags/example_short_circuit_decorator.py for tasks to queue
[2023-05-21T14:47:57.078+0000] {logging_mixin.py:117} INFO - [2023-05-21T14:47:57.078+0000] {dagbag.py:525} INFO - Filling up the DagBag from /home/airflow/.local/lib/python3.7/site-packages/airflow/example_dags/example_short_circuit_decorator.py
[2023-05-21T14:47:57.127+0000] {processor.py:768} INFO - DAG(s) dict_keys(['example_short_circuit_decorator']) retrieved from /home/airflow/.local/lib/python3.7/site-packages/airflow/example_dags/example_short_circuit_decorator.py
[2023-05-21T14:47:57.199+0000] {logging_mixin.py:117} INFO - [2023-05-21T14:47:57.199+0000] {dag.py:2573} INFO - Sync 1 DAGs
[2023-05-21T14:47:57.242+0000] {logging_mixin.py:117} INFO - [2023-05-21T14:47:57.242+0000] {dag.py:3328} INFO - Setting next_dagrun for example_short_circuit_decorator to 2023-05-20T14:47:57.241671+00:00, run_after=2023-05-21T14:47:57.241671+00:00
[2023-05-21T14:47:57.275+0000] {processor.py:178} INFO - Processing /home/airflow/.local/lib/python3.7/site-packages/airflow/example_dags/example_short_circuit_decorator.py took 0.202 seconds
[2023-05-21T14:50:29.654+0000] {processor.py:156} INFO - Started process (PID=264) to work on /home/airflow/.local/lib/python3.7/site-packages/airflow/example_dags/example_short_circuit_decorator.py
[2023-05-21T14:50:29.655+0000] {processor.py:758} INFO - Processing file /home/airflow/.local/lib/python3.7/site-packages/airflow/example_dags/example_short_circuit_decorator.py for tasks to queue
[2023-05-21T14:50:29.656+0000] {logging_mixin.py:117} INFO - [2023-05-21T14:50:29.656+0000] {dagbag.py:525} INFO - Filling up the DagBag from /home/airflow/.local/lib/python3.7/site-packages/airflow/example_dags/example_short_circuit_decorator.py
[2023-05-21T14:50:29.693+0000] {processor.py:768} INFO - DAG(s) dict_keys(['example_short_circuit_decorator']) retrieved from /home/airflow/.local/lib/python3.7/site-packages/airflow/example_dags/example_short_circuit_decorator.py
[2023-05-21T14:50:29.732+0000] {logging_mixin.py:117} INFO - [2023-05-21T14:50:29.732+0000] {dag.py:2573} INFO - Sync 1 DAGs
[2023-05-21T14:50:29.771+0000] {logging_mixin.py:117} INFO - [2023-05-21T14:50:29.770+0000] {dag.py:3328} INFO - Setting next_dagrun for example_short_circuit_decorator to 2023-05-20T14:50:29.770635+00:00, run_after=2023-05-21T14:50:29.770635+00:00
[2023-05-21T14:50:29.801+0000] {processor.py:178} INFO - Processing /home/airflow/.local/lib/python3.7/site-packages/airflow/example_dags/example_short_circuit_decorator.py took 0.151 seconds
[2023-05-21T14:51:00.008+0000] {processor.py:156} INFO - Started process (PID=468) to work on /home/airflow/.local/lib/python3.7/site-packages/airflow/example_dags/example_short_circuit_decorator.py
[2023-05-21T14:51:00.009+0000] {processor.py:758} INFO - Processing file /home/airflow/.local/lib/python3.7/site-packages/airflow/example_dags/example_short_circuit_decorator.py for tasks to queue
[2023-05-21T14:51:00.010+0000] {logging_mixin.py:117} INFO - [2023-05-21T14:51:00.010+0000] {dagbag.py:525} INFO - Filling up the DagBag from /home/airflow/.local/lib/python3.7/site-packages/airflow/example_dags/example_short_circuit_decorator.py
[2023-05-21T14:51:00.047+0000] {processor.py:768} INFO - DAG(s) dict_keys(['example_short_circuit_decorator']) retrieved from /home/airflow/.local/lib/python3.7/site-packages/airflow/example_dags/example_short_circuit_decorator.py
[2023-05-21T14:51:00.096+0000] {logging_mixin.py:117} INFO - [2023-05-21T14:51:00.096+0000] {dag.py:2573} INFO - Sync 1 DAGs
[2023-05-21T14:51:00.130+0000] {logging_mixin.py:117} INFO - [2023-05-21T14:51:00.130+0000] {dag.py:3328} INFO - Setting next_dagrun for example_short_circuit_decorator to 2023-05-20T14:51:00.130329+00:00, run_after=2023-05-21T14:51:00.130329+00:00
[2023-05-21T14:51:00.282+0000] {processor.py:178} INFO - Processing /home/airflow/.local/lib/python3.7/site-packages/airflow/example_dags/example_short_circuit_decorator.py took 0.280 seconds
[2023-05-21T14:51:31.178+0000] {processor.py:156} INFO - Started process (PID=682) to work on /home/airflow/.local/lib/python3.7/site-packages/airflow/example_dags/example_short_circuit_decorator.py
[2023-05-21T14:51:31.179+0000] {processor.py:758} INFO - Processing file /home/airflow/.local/lib/python3.7/site-packages/airflow/example_dags/example_short_circuit_decorator.py for tasks to queue
[2023-05-21T14:51:31.179+0000] {logging_mixin.py:117} INFO - [2023-05-21T14:51:31.179+0000] {dagbag.py:525} INFO - Filling up the DagBag from /home/airflow/.local/lib/python3.7/site-packages/airflow/example_dags/example_short_circuit_decorator.py
[2023-05-21T14:51:31.217+0000] {processor.py:768} INFO - DAG(s) dict_keys(['example_short_circuit_decorator']) retrieved from /home/airflow/.local/lib/python3.7/site-packages/airflow/example_dags/example_short_circuit_decorator.py
[2023-05-21T14:51:31.264+0000] {logging_mixin.py:117} INFO - [2023-05-21T14:51:31.263+0000] {dag.py:2573} INFO - Sync 1 DAGs
[2023-05-21T14:51:31.423+0000] {logging_mixin.py:117} INFO - [2023-05-21T14:51:31.423+0000] {dag.py:3328} INFO - Setting next_dagrun for example_short_circuit_decorator to 2023-05-20T14:51:31.423005+00:00, run_after=2023-05-21T14:51:31.423005+00:00
[2023-05-21T14:51:31.448+0000] {processor.py:178} INFO - Processing /home/airflow/.local/lib/python3.7/site-packages/airflow/example_dags/example_short_circuit_decorator.py took 0.274 seconds
[2023-05-21T14:52:01.859+0000] {processor.py:156} INFO - Started process (PID=896) to work on /home/airflow/.local/lib/python3.7/site-packages/airflow/example_dags/example_short_circuit_decorator.py
[2023-05-21T14:52:01.860+0000] {processor.py:758} INFO - Processing file /home/airflow/.local/lib/python3.7/site-packages/airflow/example_dags/example_short_circuit_decorator.py for tasks to queue
[2023-05-21T14:52:01.860+0000] {logging_mixin.py:117} INFO - [2023-05-21T14:52:01.860+0000] {dagbag.py:525} INFO - Filling up the DagBag from /home/airflow/.local/lib/python3.7/site-packages/airflow/example_dags/example_short_circuit_decorator.py
[2023-05-21T14:52:01.884+0000] {processor.py:768} INFO - DAG(s) dict_keys(['example_short_circuit_decorator']) retrieved from /home/airflow/.local/lib/python3.7/site-packages/airflow/example_dags/example_short_circuit_decorator.py
[2023-05-21T14:52:02.048+0000] {logging_mixin.py:117} INFO - [2023-05-21T14:52:02.048+0000] {dag.py:2573} INFO - Sync 1 DAGs
[2023-05-21T14:52:02.074+0000] {logging_mixin.py:117} INFO - [2023-05-21T14:52:02.074+0000] {dag.py:3328} INFO - Setting next_dagrun for example_short_circuit_decorator to 2023-05-20T14:52:02.073928+00:00, run_after=2023-05-21T14:52:02.073928+00:00
[2023-05-21T14:52:02.094+0000] {processor.py:178} INFO - Processing /home/airflow/.local/lib/python3.7/site-packages/airflow/example_dags/example_short_circuit_decorator.py took 0.238 seconds
[2023-05-21T14:58:50.196+0000] {processor.py:153} INFO - Started process (PID=66) to work on /home/airflow/.local/lib/python3.7/site-packages/airflow/example_dags/example_short_circuit_decorator.py
[2023-05-21T14:58:50.197+0000] {processor.py:743} INFO - Processing file /home/airflow/.local/lib/python3.7/site-packages/airflow/example_dags/example_short_circuit_decorator.py for tasks to queue
[2023-05-21T14:58:50.199+0000] {logging_mixin.py:137} INFO - [2023-05-21T14:58:50.198+0000] {dagbag.py:538} INFO - Filling up the DagBag from /home/airflow/.local/lib/python3.7/site-packages/airflow/example_dags/example_short_circuit_decorator.py
[2023-05-21T14:58:50.251+0000] {processor.py:753} INFO - DAG(s) dict_keys(['example_short_circuit_decorator']) retrieved from /home/airflow/.local/lib/python3.7/site-packages/airflow/example_dags/example_short_circuit_decorator.py
[2023-05-21T14:58:50.289+0000] {logging_mixin.py:137} INFO - [2023-05-21T14:58:50.289+0000] {dag.py:2690} INFO - Sync 1 DAGs
[2023-05-21T14:58:50.345+0000] {logging_mixin.py:137} INFO - [2023-05-21T14:58:50.345+0000] {dag.py:3441} INFO - Setting next_dagrun for example_short_circuit_decorator to 2023-05-20T14:58:50.345137+00:00, run_after=2023-05-21T14:58:50.345137+00:00
[2023-05-21T14:58:50.384+0000] {processor.py:175} INFO - Processing /home/airflow/.local/lib/python3.7/site-packages/airflow/example_dags/example_short_circuit_decorator.py took 0.194 seconds
[2023-05-21T14:59:20.805+0000] {processor.py:153} INFO - Started process (PID=131) to work on /home/airflow/.local/lib/python3.7/site-packages/airflow/example_dags/example_short_circuit_decorator.py
[2023-05-21T14:59:20.806+0000] {processor.py:743} INFO - Processing file /home/airflow/.local/lib/python3.7/site-packages/airflow/example_dags/example_short_circuit_decorator.py for tasks to queue
[2023-05-21T14:59:20.807+0000] {logging_mixin.py:137} INFO - [2023-05-21T14:59:20.807+0000] {dagbag.py:538} INFO - Filling up the DagBag from /home/airflow/.local/lib/python3.7/site-packages/airflow/example_dags/example_short_circuit_decorator.py
[2023-05-21T14:59:20.844+0000] {processor.py:753} INFO - DAG(s) dict_keys(['example_short_circuit_decorator']) retrieved from /home/airflow/.local/lib/python3.7/site-packages/airflow/example_dags/example_short_circuit_decorator.py
[2023-05-21T14:59:20.880+0000] {logging_mixin.py:137} INFO - [2023-05-21T14:59:20.880+0000] {dag.py:2690} INFO - Sync 1 DAGs
[2023-05-21T14:59:20.915+0000] {logging_mixin.py:137} INFO - [2023-05-21T14:59:20.915+0000] {dag.py:3441} INFO - Setting next_dagrun for example_short_circuit_decorator to 2023-05-20T14:59:20.915268+00:00, run_after=2023-05-21T14:59:20.915268+00:00
[2023-05-21T14:59:20.935+0000] {processor.py:175} INFO - Processing /home/airflow/.local/lib/python3.7/site-packages/airflow/example_dags/example_short_circuit_decorator.py took 0.134 seconds
[2023-05-21T14:59:51.801+0000] {processor.py:153} INFO - Started process (PID=208) to work on /home/airflow/.local/lib/python3.7/site-packages/airflow/example_dags/example_short_circuit_decorator.py
[2023-05-21T14:59:51.802+0000] {processor.py:743} INFO - Processing file /home/airflow/.local/lib/python3.7/site-packages/airflow/example_dags/example_short_circuit_decorator.py for tasks to queue
[2023-05-21T14:59:51.803+0000] {logging_mixin.py:137} INFO - [2023-05-21T14:59:51.803+0000] {dagbag.py:538} INFO - Filling up the DagBag from /home/airflow/.local/lib/python3.7/site-packages/airflow/example_dags/example_short_circuit_decorator.py
[2023-05-21T14:59:51.832+0000] {processor.py:753} INFO - DAG(s) dict_keys(['example_short_circuit_decorator']) retrieved from /home/airflow/.local/lib/python3.7/site-packages/airflow/example_dags/example_short_circuit_decorator.py
[2023-05-21T14:59:51.865+0000] {logging_mixin.py:137} INFO - [2023-05-21T14:59:51.865+0000] {dag.py:2690} INFO - Sync 1 DAGs
[2023-05-21T14:59:51.904+0000] {logging_mixin.py:137} INFO - [2023-05-21T14:59:51.904+0000] {dag.py:3441} INFO - Setting next_dagrun for example_short_circuit_decorator to 2023-05-20T14:59:51.903927+00:00, run_after=2023-05-21T14:59:51.903927+00:00
[2023-05-21T14:59:51.925+0000] {processor.py:175} INFO - Processing /home/airflow/.local/lib/python3.7/site-packages/airflow/example_dags/example_short_circuit_decorator.py took 0.127 seconds
[2023-05-21T15:00:22.103+0000] {processor.py:153} INFO - Started process (PID=273) to work on /home/airflow/.local/lib/python3.7/site-packages/airflow/example_dags/example_short_circuit_decorator.py
[2023-05-21T15:00:22.104+0000] {processor.py:743} INFO - Processing file /home/airflow/.local/lib/python3.7/site-packages/airflow/example_dags/example_short_circuit_decorator.py for tasks to queue
[2023-05-21T15:00:22.104+0000] {logging_mixin.py:137} INFO - [2023-05-21T15:00:22.104+0000] {dagbag.py:538} INFO - Filling up the DagBag from /home/airflow/.local/lib/python3.7/site-packages/airflow/example_dags/example_short_circuit_decorator.py
[2023-05-21T15:00:22.140+0000] {processor.py:753} INFO - DAG(s) dict_keys(['example_short_circuit_decorator']) retrieved from /home/airflow/.local/lib/python3.7/site-packages/airflow/example_dags/example_short_circuit_decorator.py
[2023-05-21T15:00:22.172+0000] {logging_mixin.py:137} INFO - [2023-05-21T15:00:22.172+0000] {dag.py:2690} INFO - Sync 1 DAGs
[2023-05-21T15:00:22.209+0000] {logging_mixin.py:137} INFO - [2023-05-21T15:00:22.209+0000] {dag.py:3441} INFO - Setting next_dagrun for example_short_circuit_decorator to 2023-05-20T15:00:22.209244+00:00, run_after=2023-05-21T15:00:22.209244+00:00
[2023-05-21T15:00:22.231+0000] {processor.py:175} INFO - Processing /home/airflow/.local/lib/python3.7/site-packages/airflow/example_dags/example_short_circuit_decorator.py took 0.131 seconds
[2023-05-21T15:00:53.796+0000] {processor.py:153} INFO - Started process (PID=346) to work on /home/airflow/.local/lib/python3.7/site-packages/airflow/example_dags/example_short_circuit_decorator.py
[2023-05-21T15:00:53.797+0000] {processor.py:743} INFO - Processing file /home/airflow/.local/lib/python3.7/site-packages/airflow/example_dags/example_short_circuit_decorator.py for tasks to queue
[2023-05-21T15:00:53.798+0000] {logging_mixin.py:137} INFO - [2023-05-21T15:00:53.798+0000] {dagbag.py:538} INFO - Filling up the DagBag from /home/airflow/.local/lib/python3.7/site-packages/airflow/example_dags/example_short_circuit_decorator.py
[2023-05-21T15:00:53.852+0000] {processor.py:753} INFO - DAG(s) dict_keys(['example_short_circuit_decorator']) retrieved from /home/airflow/.local/lib/python3.7/site-packages/airflow/example_dags/example_short_circuit_decorator.py
[2023-05-21T15:00:53.887+0000] {logging_mixin.py:137} INFO - [2023-05-21T15:00:53.887+0000] {dag.py:2690} INFO - Sync 1 DAGs
[2023-05-21T15:00:53.934+0000] {logging_mixin.py:137} INFO - [2023-05-21T15:00:53.933+0000] {dag.py:3441} INFO - Setting next_dagrun for example_short_circuit_decorator to 2023-05-20T15:00:53.933565+00:00, run_after=2023-05-21T15:00:53.933565+00:00
[2023-05-21T15:00:53.971+0000] {processor.py:175} INFO - Processing /home/airflow/.local/lib/python3.7/site-packages/airflow/example_dags/example_short_circuit_decorator.py took 0.179 seconds
[2023-05-21T15:01:24.602+0000] {processor.py:153} INFO - Started process (PID=414) to work on /home/airflow/.local/lib/python3.7/site-packages/airflow/example_dags/example_short_circuit_decorator.py
[2023-05-21T15:01:24.603+0000] {processor.py:743} INFO - Processing file /home/airflow/.local/lib/python3.7/site-packages/airflow/example_dags/example_short_circuit_decorator.py for tasks to queue
[2023-05-21T15:01:24.603+0000] {logging_mixin.py:137} INFO - [2023-05-21T15:01:24.603+0000] {dagbag.py:538} INFO - Filling up the DagBag from /home/airflow/.local/lib/python3.7/site-packages/airflow/example_dags/example_short_circuit_decorator.py
[2023-05-21T15:01:24.627+0000] {processor.py:753} INFO - DAG(s) dict_keys(['example_short_circuit_decorator']) retrieved from /home/airflow/.local/lib/python3.7/site-packages/airflow/example_dags/example_short_circuit_decorator.py
[2023-05-21T15:01:24.653+0000] {logging_mixin.py:137} INFO - [2023-05-21T15:01:24.653+0000] {dag.py:2690} INFO - Sync 1 DAGs
[2023-05-21T15:01:24.685+0000] {logging_mixin.py:137} INFO - [2023-05-21T15:01:24.685+0000] {dag.py:3441} INFO - Setting next_dagrun for example_short_circuit_decorator to 2023-05-20T15:01:24.684898+00:00, run_after=2023-05-21T15:01:24.684898+00:00
[2023-05-21T15:01:24.704+0000] {processor.py:175} INFO - Processing /home/airflow/.local/lib/python3.7/site-packages/airflow/example_dags/example_short_circuit_decorator.py took 0.105 seconds
[2023-05-21T15:01:55.739+0000] {processor.py:153} INFO - Started process (PID=479) to work on /home/airflow/.local/lib/python3.7/site-packages/airflow/example_dags/example_short_circuit_decorator.py
[2023-05-21T15:01:55.740+0000] {processor.py:743} INFO - Processing file /home/airflow/.local/lib/python3.7/site-packages/airflow/example_dags/example_short_circuit_decorator.py for tasks to queue
[2023-05-21T15:01:55.741+0000] {logging_mixin.py:137} INFO - [2023-05-21T15:01:55.741+0000] {dagbag.py:538} INFO - Filling up the DagBag from /home/airflow/.local/lib/python3.7/site-packages/airflow/example_dags/example_short_circuit_decorator.py
[2023-05-21T15:01:55.777+0000] {processor.py:753} INFO - DAG(s) dict_keys(['example_short_circuit_decorator']) retrieved from /home/airflow/.local/lib/python3.7/site-packages/airflow/example_dags/example_short_circuit_decorator.py
[2023-05-21T15:01:55.811+0000] {logging_mixin.py:137} INFO - [2023-05-21T15:01:55.811+0000] {dag.py:2690} INFO - Sync 1 DAGs
[2023-05-21T15:01:55.857+0000] {logging_mixin.py:137} INFO - [2023-05-21T15:01:55.857+0000] {dag.py:3441} INFO - Setting next_dagrun for example_short_circuit_decorator to 2023-05-20T15:01:55.857087+00:00, run_after=2023-05-21T15:01:55.857087+00:00
[2023-05-21T15:01:55.896+0000] {processor.py:175} INFO - Processing /home/airflow/.local/lib/python3.7/site-packages/airflow/example_dags/example_short_circuit_decorator.py took 0.161 seconds
[2023-05-21T15:02:26.558+0000] {processor.py:153} INFO - Started process (PID=557) to work on /home/airflow/.local/lib/python3.7/site-packages/airflow/example_dags/example_short_circuit_decorator.py
[2023-05-21T15:02:26.559+0000] {processor.py:743} INFO - Processing file /home/airflow/.local/lib/python3.7/site-packages/airflow/example_dags/example_short_circuit_decorator.py for tasks to queue
[2023-05-21T15:02:26.560+0000] {logging_mixin.py:137} INFO - [2023-05-21T15:02:26.560+0000] {dagbag.py:538} INFO - Filling up the DagBag from /home/airflow/.local/lib/python3.7/site-packages/airflow/example_dags/example_short_circuit_decorator.py
[2023-05-21T15:02:26.594+0000] {processor.py:753} INFO - DAG(s) dict_keys(['example_short_circuit_decorator']) retrieved from /home/airflow/.local/lib/python3.7/site-packages/airflow/example_dags/example_short_circuit_decorator.py
[2023-05-21T15:02:26.623+0000] {logging_mixin.py:137} INFO - [2023-05-21T15:02:26.623+0000] {dag.py:2690} INFO - Sync 1 DAGs
[2023-05-21T15:02:26.655+0000] {logging_mixin.py:137} INFO - [2023-05-21T15:02:26.655+0000] {dag.py:3441} INFO - Setting next_dagrun for example_short_circuit_decorator to 2023-05-20T15:02:26.655503+00:00, run_after=2023-05-21T15:02:26.655503+00:00
[2023-05-21T15:02:26.677+0000] {processor.py:175} INFO - Processing /home/airflow/.local/lib/python3.7/site-packages/airflow/example_dags/example_short_circuit_decorator.py took 0.123 seconds
[2023-05-21T15:02:56.872+0000] {processor.py:153} INFO - Started process (PID=624) to work on /home/airflow/.local/lib/python3.7/site-packages/airflow/example_dags/example_short_circuit_decorator.py
[2023-05-21T15:02:56.873+0000] {processor.py:743} INFO - Processing file /home/airflow/.local/lib/python3.7/site-packages/airflow/example_dags/example_short_circuit_decorator.py for tasks to queue
[2023-05-21T15:02:56.873+0000] {logging_mixin.py:137} INFO - [2023-05-21T15:02:56.873+0000] {dagbag.py:538} INFO - Filling up the DagBag from /home/airflow/.local/lib/python3.7/site-packages/airflow/example_dags/example_short_circuit_decorator.py
[2023-05-21T15:02:56.898+0000] {processor.py:753} INFO - DAG(s) dict_keys(['example_short_circuit_decorator']) retrieved from /home/airflow/.local/lib/python3.7/site-packages/airflow/example_dags/example_short_circuit_decorator.py
[2023-05-21T15:02:56.925+0000] {logging_mixin.py:137} INFO - [2023-05-21T15:02:56.925+0000] {dag.py:2690} INFO - Sync 1 DAGs
[2023-05-21T15:02:56.954+0000] {logging_mixin.py:137} INFO - [2023-05-21T15:02:56.954+0000] {dag.py:3441} INFO - Setting next_dagrun for example_short_circuit_decorator to 2023-05-20T15:02:56.953772+00:00, run_after=2023-05-21T15:02:56.953772+00:00
[2023-05-21T15:02:56.975+0000] {processor.py:175} INFO - Processing /home/airflow/.local/lib/python3.7/site-packages/airflow/example_dags/example_short_circuit_decorator.py took 0.106 seconds
[2023-05-21T15:03:27.099+0000] {processor.py:153} INFO - Started process (PID=699) to work on /home/airflow/.local/lib/python3.7/site-packages/airflow/example_dags/example_short_circuit_decorator.py
[2023-05-21T15:03:27.100+0000] {processor.py:743} INFO - Processing file /home/airflow/.local/lib/python3.7/site-packages/airflow/example_dags/example_short_circuit_decorator.py for tasks to queue
[2023-05-21T15:03:27.100+0000] {logging_mixin.py:137} INFO - [2023-05-21T15:03:27.100+0000] {dagbag.py:538} INFO - Filling up the DagBag from /home/airflow/.local/lib/python3.7/site-packages/airflow/example_dags/example_short_circuit_decorator.py
[2023-05-21T15:03:27.129+0000] {processor.py:753} INFO - DAG(s) dict_keys(['example_short_circuit_decorator']) retrieved from /home/airflow/.local/lib/python3.7/site-packages/airflow/example_dags/example_short_circuit_decorator.py
[2023-05-21T15:03:27.156+0000] {logging_mixin.py:137} INFO - [2023-05-21T15:03:27.156+0000] {dag.py:2690} INFO - Sync 1 DAGs
[2023-05-21T15:03:27.196+0000] {logging_mixin.py:137} INFO - [2023-05-21T15:03:27.195+0000] {dag.py:3441} INFO - Setting next_dagrun for example_short_circuit_decorator to 2023-05-20T15:03:27.195442+00:00, run_after=2023-05-21T15:03:27.195442+00:00
[2023-05-21T15:03:27.253+0000] {processor.py:175} INFO - Processing /home/airflow/.local/lib/python3.7/site-packages/airflow/example_dags/example_short_circuit_decorator.py took 0.157 seconds
[2023-05-21T15:03:57.978+0000] {processor.py:153} INFO - Started process (PID=763) to work on /home/airflow/.local/lib/python3.7/site-packages/airflow/example_dags/example_short_circuit_decorator.py
[2023-05-21T15:03:57.979+0000] {processor.py:743} INFO - Processing file /home/airflow/.local/lib/python3.7/site-packages/airflow/example_dags/example_short_circuit_decorator.py for tasks to queue
[2023-05-21T15:03:57.980+0000] {logging_mixin.py:137} INFO - [2023-05-21T15:03:57.980+0000] {dagbag.py:538} INFO - Filling up the DagBag from /home/airflow/.local/lib/python3.7/site-packages/airflow/example_dags/example_short_circuit_decorator.py
[2023-05-21T15:03:58.026+0000] {processor.py:753} INFO - DAG(s) dict_keys(['example_short_circuit_decorator']) retrieved from /home/airflow/.local/lib/python3.7/site-packages/airflow/example_dags/example_short_circuit_decorator.py
[2023-05-21T15:03:58.062+0000] {logging_mixin.py:137} INFO - [2023-05-21T15:03:58.061+0000] {dag.py:2690} INFO - Sync 1 DAGs
[2023-05-21T15:03:58.108+0000] {logging_mixin.py:137} INFO - [2023-05-21T15:03:58.108+0000] {dag.py:3441} INFO - Setting next_dagrun for example_short_circuit_decorator to 2023-05-20T15:03:58.108218+00:00, run_after=2023-05-21T15:03:58.108218+00:00
[2023-05-21T15:03:58.141+0000] {processor.py:175} INFO - Processing /home/airflow/.local/lib/python3.7/site-packages/airflow/example_dags/example_short_circuit_decorator.py took 0.170 seconds
[2023-05-21T15:04:29.067+0000] {processor.py:153} INFO - Started process (PID=827) to work on /home/airflow/.local/lib/python3.7/site-packages/airflow/example_dags/example_short_circuit_decorator.py
[2023-05-21T15:04:29.068+0000] {processor.py:743} INFO - Processing file /home/airflow/.local/lib/python3.7/site-packages/airflow/example_dags/example_short_circuit_decorator.py for tasks to queue
[2023-05-21T15:04:29.069+0000] {logging_mixin.py:137} INFO - [2023-05-21T15:04:29.069+0000] {dagbag.py:538} INFO - Filling up the DagBag from /home/airflow/.local/lib/python3.7/site-packages/airflow/example_dags/example_short_circuit_decorator.py
[2023-05-21T15:04:29.105+0000] {processor.py:753} INFO - DAG(s) dict_keys(['example_short_circuit_decorator']) retrieved from /home/airflow/.local/lib/python3.7/site-packages/airflow/example_dags/example_short_circuit_decorator.py
[2023-05-21T15:04:29.157+0000] {logging_mixin.py:137} INFO - [2023-05-21T15:04:29.157+0000] {dag.py:2690} INFO - Sync 1 DAGs
[2023-05-21T15:04:29.212+0000] {logging_mixin.py:137} INFO - [2023-05-21T15:04:29.212+0000] {dag.py:3441} INFO - Setting next_dagrun for example_short_circuit_decorator to 2023-05-20T15:04:29.211739+00:00, run_after=2023-05-21T15:04:29.211739+00:00
[2023-05-21T15:04:29.240+0000] {processor.py:175} INFO - Processing /home/airflow/.local/lib/python3.7/site-packages/airflow/example_dags/example_short_circuit_decorator.py took 0.178 seconds
[2023-05-21T15:04:59.273+0000] {processor.py:153} INFO - Started process (PID=893) to work on /home/airflow/.local/lib/python3.7/site-packages/airflow/example_dags/example_short_circuit_decorator.py
[2023-05-21T15:04:59.273+0000] {processor.py:743} INFO - Processing file /home/airflow/.local/lib/python3.7/site-packages/airflow/example_dags/example_short_circuit_decorator.py for tasks to queue
[2023-05-21T15:04:59.274+0000] {logging_mixin.py:137} INFO - [2023-05-21T15:04:59.274+0000] {dagbag.py:538} INFO - Filling up the DagBag from /home/airflow/.local/lib/python3.7/site-packages/airflow/example_dags/example_short_circuit_decorator.py
[2023-05-21T15:04:59.301+0000] {processor.py:753} INFO - DAG(s) dict_keys(['example_short_circuit_decorator']) retrieved from /home/airflow/.local/lib/python3.7/site-packages/airflow/example_dags/example_short_circuit_decorator.py
[2023-05-21T15:04:59.331+0000] {logging_mixin.py:137} INFO - [2023-05-21T15:04:59.331+0000] {dag.py:2690} INFO - Sync 1 DAGs
[2023-05-21T15:04:59.360+0000] {logging_mixin.py:137} INFO - [2023-05-21T15:04:59.360+0000] {dag.py:3441} INFO - Setting next_dagrun for example_short_circuit_decorator to 2023-05-20T15:04:59.359858+00:00, run_after=2023-05-21T15:04:59.359858+00:00
[2023-05-21T15:04:59.382+0000] {processor.py:175} INFO - Processing /home/airflow/.local/lib/python3.7/site-packages/airflow/example_dags/example_short_circuit_decorator.py took 0.113 seconds
