[2023-05-21T14:45:23.120+0000] {processor.py:156} INFO - Started process (PID=304) to work on /home/airflow/.local/lib/python3.7/site-packages/airflow/example_dags/example_external_task_marker_dag.py
[2023-05-21T14:45:23.121+0000] {processor.py:758} INFO - Processing file /home/airflow/.local/lib/python3.7/site-packages/airflow/example_dags/example_external_task_marker_dag.py for tasks to queue
[2023-05-21T14:45:23.122+0000] {logging_mixin.py:117} INFO - [2023-05-21T14:45:23.121+0000] {dagbag.py:525} INFO - Filling up the DagBag from /home/airflow/.local/lib/python3.7/site-packages/airflow/example_dags/example_external_task_marker_dag.py
[2023-05-21T14:45:23.143+0000] {processor.py:768} INFO - DAG(s) dict_keys(['example_external_task_marker_parent', 'example_external_task_marker_child']) retrieved from /home/airflow/.local/lib/python3.7/site-packages/airflow/example_dags/example_external_task_marker_dag.py
[2023-05-21T14:45:23.183+0000] {logging_mixin.py:117} INFO - [2023-05-21T14:45:23.183+0000] {dag.py:2573} INFO - Sync 2 DAGs
[2023-05-21T14:45:23.222+0000] {logging_mixin.py:117} INFO - [2023-05-21T14:45:23.222+0000] {dag.py:3328} INFO - Setting next_dagrun for example_external_task_marker_child to None, run_after=None
[2023-05-21T14:45:23.227+0000] {logging_mixin.py:117} INFO - [2023-05-21T14:45:23.227+0000] {dag.py:3328} INFO - Setting next_dagrun for example_external_task_marker_parent to None, run_after=None
[2023-05-21T14:45:23.252+0000] {processor.py:178} INFO - Processing /home/airflow/.local/lib/python3.7/site-packages/airflow/example_dags/example_external_task_marker_dag.py took 0.136 seconds
[2023-05-21T14:45:54.895+0000] {processor.py:156} INFO - Started process (PID=510) to work on /home/airflow/.local/lib/python3.7/site-packages/airflow/example_dags/example_external_task_marker_dag.py
[2023-05-21T14:45:54.897+0000] {processor.py:758} INFO - Processing file /home/airflow/.local/lib/python3.7/site-packages/airflow/example_dags/example_external_task_marker_dag.py for tasks to queue
[2023-05-21T14:45:54.898+0000] {logging_mixin.py:117} INFO - [2023-05-21T14:45:54.898+0000] {dagbag.py:525} INFO - Filling up the DagBag from /home/airflow/.local/lib/python3.7/site-packages/airflow/example_dags/example_external_task_marker_dag.py
[2023-05-21T14:45:54.939+0000] {processor.py:768} INFO - DAG(s) dict_keys(['example_external_task_marker_child', 'example_external_task_marker_parent']) retrieved from /home/airflow/.local/lib/python3.7/site-packages/airflow/example_dags/example_external_task_marker_dag.py
[2023-05-21T14:45:55.379+0000] {logging_mixin.py:117} INFO - [2023-05-21T14:45:55.379+0000] {dag.py:2573} INFO - Sync 2 DAGs
[2023-05-21T14:45:55.610+0000] {logging_mixin.py:117} INFO - [2023-05-21T14:45:55.610+0000] {dag.py:3328} INFO - Setting next_dagrun for example_external_task_marker_child to None, run_after=None
[2023-05-21T14:45:55.616+0000] {logging_mixin.py:117} INFO - [2023-05-21T14:45:55.616+0000] {dag.py:3328} INFO - Setting next_dagrun for example_external_task_marker_parent to None, run_after=None
[2023-05-21T14:45:55.641+0000] {processor.py:178} INFO - Processing /home/airflow/.local/lib/python3.7/site-packages/airflow/example_dags/example_external_task_marker_dag.py took 0.752 seconds
[2023-05-21T14:46:26.255+0000] {processor.py:156} INFO - Started process (PID=722) to work on /home/airflow/.local/lib/python3.7/site-packages/airflow/example_dags/example_external_task_marker_dag.py
[2023-05-21T14:46:26.257+0000] {processor.py:758} INFO - Processing file /home/airflow/.local/lib/python3.7/site-packages/airflow/example_dags/example_external_task_marker_dag.py for tasks to queue
[2023-05-21T14:46:26.257+0000] {logging_mixin.py:117} INFO - [2023-05-21T14:46:26.257+0000] {dagbag.py:525} INFO - Filling up the DagBag from /home/airflow/.local/lib/python3.7/site-packages/airflow/example_dags/example_external_task_marker_dag.py
[2023-05-21T14:46:26.284+0000] {processor.py:768} INFO - DAG(s) dict_keys(['example_external_task_marker_parent', 'example_external_task_marker_child']) retrieved from /home/airflow/.local/lib/python3.7/site-packages/airflow/example_dags/example_external_task_marker_dag.py
[2023-05-21T14:46:26.675+0000] {logging_mixin.py:117} INFO - [2023-05-21T14:46:26.674+0000] {dag.py:2573} INFO - Sync 2 DAGs
[2023-05-21T14:46:26.701+0000] {logging_mixin.py:117} INFO - [2023-05-21T14:46:26.701+0000] {dag.py:3328} INFO - Setting next_dagrun for example_external_task_marker_child to None, run_after=None
[2023-05-21T14:46:26.704+0000] {logging_mixin.py:117} INFO - [2023-05-21T14:46:26.704+0000] {dag.py:3328} INFO - Setting next_dagrun for example_external_task_marker_parent to None, run_after=None
[2023-05-21T14:46:26.727+0000] {processor.py:178} INFO - Processing /home/airflow/.local/lib/python3.7/site-packages/airflow/example_dags/example_external_task_marker_dag.py took 0.476 seconds
[2023-05-21T14:46:57.043+0000] {processor.py:156} INFO - Started process (PID=936) to work on /home/airflow/.local/lib/python3.7/site-packages/airflow/example_dags/example_external_task_marker_dag.py
[2023-05-21T14:46:57.044+0000] {processor.py:758} INFO - Processing file /home/airflow/.local/lib/python3.7/site-packages/airflow/example_dags/example_external_task_marker_dag.py for tasks to queue
[2023-05-21T14:46:57.045+0000] {logging_mixin.py:117} INFO - [2023-05-21T14:46:57.044+0000] {dagbag.py:525} INFO - Filling up the DagBag from /home/airflow/.local/lib/python3.7/site-packages/airflow/example_dags/example_external_task_marker_dag.py
[2023-05-21T14:46:57.059+0000] {processor.py:768} INFO - DAG(s) dict_keys(['example_external_task_marker_parent', 'example_external_task_marker_child']) retrieved from /home/airflow/.local/lib/python3.7/site-packages/airflow/example_dags/example_external_task_marker_dag.py
[2023-05-21T14:46:57.461+0000] {logging_mixin.py:117} INFO - [2023-05-21T14:46:57.460+0000] {dag.py:2573} INFO - Sync 2 DAGs
[2023-05-21T14:46:57.494+0000] {logging_mixin.py:117} INFO - [2023-05-21T14:46:57.493+0000] {dag.py:3328} INFO - Setting next_dagrun for example_external_task_marker_child to None, run_after=None
[2023-05-21T14:46:57.499+0000] {logging_mixin.py:117} INFO - [2023-05-21T14:46:57.499+0000] {dag.py:3328} INFO - Setting next_dagrun for example_external_task_marker_parent to None, run_after=None
[2023-05-21T14:46:57.514+0000] {processor.py:178} INFO - Processing /home/airflow/.local/lib/python3.7/site-packages/airflow/example_dags/example_external_task_marker_dag.py took 0.474 seconds
[2023-05-21T14:47:27.804+0000] {processor.py:156} INFO - Started process (PID=1141) to work on /home/airflow/.local/lib/python3.7/site-packages/airflow/example_dags/example_external_task_marker_dag.py
[2023-05-21T14:47:27.806+0000] {processor.py:758} INFO - Processing file /home/airflow/.local/lib/python3.7/site-packages/airflow/example_dags/example_external_task_marker_dag.py for tasks to queue
[2023-05-21T14:47:27.806+0000] {logging_mixin.py:117} INFO - [2023-05-21T14:47:27.806+0000] {dagbag.py:525} INFO - Filling up the DagBag from /home/airflow/.local/lib/python3.7/site-packages/airflow/example_dags/example_external_task_marker_dag.py
[2023-05-21T14:47:27.979+0000] {processor.py:768} INFO - DAG(s) dict_keys(['example_external_task_marker_child', 'example_external_task_marker_parent']) retrieved from /home/airflow/.local/lib/python3.7/site-packages/airflow/example_dags/example_external_task_marker_dag.py
[2023-05-21T14:47:28.178+0000] {logging_mixin.py:117} INFO - [2023-05-21T14:47:28.178+0000] {dag.py:2573} INFO - Sync 2 DAGs
[2023-05-21T14:47:28.201+0000] {logging_mixin.py:117} INFO - [2023-05-21T14:47:28.200+0000] {dag.py:3328} INFO - Setting next_dagrun for example_external_task_marker_child to None, run_after=None
[2023-05-21T14:47:28.204+0000] {logging_mixin.py:117} INFO - [2023-05-21T14:47:28.204+0000] {dag.py:3328} INFO - Setting next_dagrun for example_external_task_marker_parent to None, run_after=None
[2023-05-21T14:47:28.225+0000] {processor.py:178} INFO - Processing /home/airflow/.local/lib/python3.7/site-packages/airflow/example_dags/example_external_task_marker_dag.py took 0.425 seconds
[2023-05-21T14:47:58.299+0000] {processor.py:156} INFO - Started process (PID=1356) to work on /home/airflow/.local/lib/python3.7/site-packages/airflow/example_dags/example_external_task_marker_dag.py
[2023-05-21T14:47:58.300+0000] {processor.py:758} INFO - Processing file /home/airflow/.local/lib/python3.7/site-packages/airflow/example_dags/example_external_task_marker_dag.py for tasks to queue
[2023-05-21T14:47:58.301+0000] {logging_mixin.py:117} INFO - [2023-05-21T14:47:58.301+0000] {dagbag.py:525} INFO - Filling up the DagBag from /home/airflow/.local/lib/python3.7/site-packages/airflow/example_dags/example_external_task_marker_dag.py
[2023-05-21T14:47:58.315+0000] {processor.py:768} INFO - DAG(s) dict_keys(['example_external_task_marker_child', 'example_external_task_marker_parent']) retrieved from /home/airflow/.local/lib/python3.7/site-packages/airflow/example_dags/example_external_task_marker_dag.py
[2023-05-21T14:47:58.557+0000] {logging_mixin.py:117} INFO - [2023-05-21T14:47:58.557+0000] {dag.py:2573} INFO - Sync 2 DAGs
[2023-05-21T14:47:58.589+0000] {logging_mixin.py:117} INFO - [2023-05-21T14:47:58.589+0000] {dag.py:3328} INFO - Setting next_dagrun for example_external_task_marker_child to None, run_after=None
[2023-05-21T14:47:58.592+0000] {logging_mixin.py:117} INFO - [2023-05-21T14:47:58.592+0000] {dag.py:3328} INFO - Setting next_dagrun for example_external_task_marker_parent to None, run_after=None
[2023-05-21T14:47:58.610+0000] {processor.py:178} INFO - Processing /home/airflow/.local/lib/python3.7/site-packages/airflow/example_dags/example_external_task_marker_dag.py took 0.315 seconds
[2023-05-21T14:50:30.337+0000] {processor.py:156} INFO - Started process (PID=304) to work on /home/airflow/.local/lib/python3.7/site-packages/airflow/example_dags/example_external_task_marker_dag.py
[2023-05-21T14:50:30.338+0000] {processor.py:758} INFO - Processing file /home/airflow/.local/lib/python3.7/site-packages/airflow/example_dags/example_external_task_marker_dag.py for tasks to queue
[2023-05-21T14:50:30.339+0000] {logging_mixin.py:117} INFO - [2023-05-21T14:50:30.339+0000] {dagbag.py:525} INFO - Filling up the DagBag from /home/airflow/.local/lib/python3.7/site-packages/airflow/example_dags/example_external_task_marker_dag.py
[2023-05-21T14:50:30.360+0000] {processor.py:768} INFO - DAG(s) dict_keys(['example_external_task_marker_parent', 'example_external_task_marker_child']) retrieved from /home/airflow/.local/lib/python3.7/site-packages/airflow/example_dags/example_external_task_marker_dag.py
[2023-05-21T14:50:30.399+0000] {logging_mixin.py:117} INFO - [2023-05-21T14:50:30.399+0000] {dag.py:2573} INFO - Sync 2 DAGs
[2023-05-21T14:50:30.442+0000] {logging_mixin.py:117} INFO - [2023-05-21T14:50:30.441+0000] {dag.py:3328} INFO - Setting next_dagrun for example_external_task_marker_child to None, run_after=None
[2023-05-21T14:50:30.447+0000] {logging_mixin.py:117} INFO - [2023-05-21T14:50:30.447+0000] {dag.py:3328} INFO - Setting next_dagrun for example_external_task_marker_parent to None, run_after=None
[2023-05-21T14:50:30.479+0000] {processor.py:178} INFO - Processing /home/airflow/.local/lib/python3.7/site-packages/airflow/example_dags/example_external_task_marker_dag.py took 0.145 seconds
[2023-05-21T14:51:01.228+0000] {processor.py:156} INFO - Started process (PID=508) to work on /home/airflow/.local/lib/python3.7/site-packages/airflow/example_dags/example_external_task_marker_dag.py
[2023-05-21T14:51:01.229+0000] {processor.py:758} INFO - Processing file /home/airflow/.local/lib/python3.7/site-packages/airflow/example_dags/example_external_task_marker_dag.py for tasks to queue
[2023-05-21T14:51:01.230+0000] {logging_mixin.py:117} INFO - [2023-05-21T14:51:01.230+0000] {dagbag.py:525} INFO - Filling up the DagBag from /home/airflow/.local/lib/python3.7/site-packages/airflow/example_dags/example_external_task_marker_dag.py
[2023-05-21T14:51:01.258+0000] {processor.py:768} INFO - DAG(s) dict_keys(['example_external_task_marker_child', 'example_external_task_marker_parent']) retrieved from /home/airflow/.local/lib/python3.7/site-packages/airflow/example_dags/example_external_task_marker_dag.py
[2023-05-21T14:51:01.693+0000] {logging_mixin.py:117} INFO - [2023-05-21T14:51:01.692+0000] {dag.py:2573} INFO - Sync 2 DAGs
[2023-05-21T14:51:01.724+0000] {logging_mixin.py:117} INFO - [2023-05-21T14:51:01.724+0000] {dag.py:3328} INFO - Setting next_dagrun for example_external_task_marker_child to None, run_after=None
[2023-05-21T14:51:01.730+0000] {logging_mixin.py:117} INFO - [2023-05-21T14:51:01.730+0000] {dag.py:3328} INFO - Setting next_dagrun for example_external_task_marker_parent to None, run_after=None
[2023-05-21T14:51:01.754+0000] {processor.py:178} INFO - Processing /home/airflow/.local/lib/python3.7/site-packages/airflow/example_dags/example_external_task_marker_dag.py took 0.529 seconds
[2023-05-21T14:51:32.404+0000] {processor.py:156} INFO - Started process (PID=722) to work on /home/airflow/.local/lib/python3.7/site-packages/airflow/example_dags/example_external_task_marker_dag.py
[2023-05-21T14:51:32.405+0000] {processor.py:758} INFO - Processing file /home/airflow/.local/lib/python3.7/site-packages/airflow/example_dags/example_external_task_marker_dag.py for tasks to queue
[2023-05-21T14:51:32.406+0000] {logging_mixin.py:117} INFO - [2023-05-21T14:51:32.405+0000] {dagbag.py:525} INFO - Filling up the DagBag from /home/airflow/.local/lib/python3.7/site-packages/airflow/example_dags/example_external_task_marker_dag.py
[2023-05-21T14:51:32.432+0000] {processor.py:768} INFO - DAG(s) dict_keys(['example_external_task_marker_child', 'example_external_task_marker_parent']) retrieved from /home/airflow/.local/lib/python3.7/site-packages/airflow/example_dags/example_external_task_marker_dag.py
[2023-05-21T14:51:32.853+0000] {logging_mixin.py:117} INFO - [2023-05-21T14:51:32.853+0000] {dag.py:2573} INFO - Sync 2 DAGs
[2023-05-21T14:51:32.891+0000] {logging_mixin.py:117} INFO - [2023-05-21T14:51:32.891+0000] {dag.py:3328} INFO - Setting next_dagrun for example_external_task_marker_child to None, run_after=None
[2023-05-21T14:51:32.896+0000] {logging_mixin.py:117} INFO - [2023-05-21T14:51:32.896+0000] {dag.py:3328} INFO - Setting next_dagrun for example_external_task_marker_parent to None, run_after=None
[2023-05-21T14:51:32.922+0000] {processor.py:178} INFO - Processing /home/airflow/.local/lib/python3.7/site-packages/airflow/example_dags/example_external_task_marker_dag.py took 0.522 seconds
[2023-05-21T14:52:03.320+0000] {processor.py:156} INFO - Started process (PID=936) to work on /home/airflow/.local/lib/python3.7/site-packages/airflow/example_dags/example_external_task_marker_dag.py
[2023-05-21T14:52:03.321+0000] {processor.py:758} INFO - Processing file /home/airflow/.local/lib/python3.7/site-packages/airflow/example_dags/example_external_task_marker_dag.py for tasks to queue
[2023-05-21T14:52:03.321+0000] {logging_mixin.py:117} INFO - [2023-05-21T14:52:03.321+0000] {dagbag.py:525} INFO - Filling up the DagBag from /home/airflow/.local/lib/python3.7/site-packages/airflow/example_dags/example_external_task_marker_dag.py
[2023-05-21T14:52:03.347+0000] {processor.py:768} INFO - DAG(s) dict_keys(['example_external_task_marker_parent', 'example_external_task_marker_child']) retrieved from /home/airflow/.local/lib/python3.7/site-packages/airflow/example_dags/example_external_task_marker_dag.py
[2023-05-21T14:52:04.198+0000] {logging_mixin.py:117} INFO - [2023-05-21T14:52:04.198+0000] {dag.py:2573} INFO - Sync 2 DAGs
[2023-05-21T14:52:04.278+0000] {logging_mixin.py:117} INFO - [2023-05-21T14:52:04.278+0000] {dag.py:3328} INFO - Setting next_dagrun for example_external_task_marker_child to None, run_after=None
[2023-05-21T14:52:04.287+0000] {logging_mixin.py:117} INFO - [2023-05-21T14:52:04.287+0000] {dag.py:3328} INFO - Setting next_dagrun for example_external_task_marker_parent to None, run_after=None
[2023-05-21T14:52:04.355+0000] {processor.py:178} INFO - Processing /home/airflow/.local/lib/python3.7/site-packages/airflow/example_dags/example_external_task_marker_dag.py took 1.039 seconds
[2023-05-21T14:58:51.008+0000] {processor.py:153} INFO - Started process (PID=75) to work on /home/airflow/.local/lib/python3.7/site-packages/airflow/example_dags/example_external_task_marker_dag.py
[2023-05-21T14:58:51.009+0000] {processor.py:743} INFO - Processing file /home/airflow/.local/lib/python3.7/site-packages/airflow/example_dags/example_external_task_marker_dag.py for tasks to queue
[2023-05-21T14:58:51.009+0000] {logging_mixin.py:137} INFO - [2023-05-21T14:58:51.009+0000] {dagbag.py:538} INFO - Filling up the DagBag from /home/airflow/.local/lib/python3.7/site-packages/airflow/example_dags/example_external_task_marker_dag.py
[2023-05-21T14:58:51.025+0000] {processor.py:753} INFO - DAG(s) dict_keys(['example_external_task_marker_parent', 'example_external_task_marker_child']) retrieved from /home/airflow/.local/lib/python3.7/site-packages/airflow/example_dags/example_external_task_marker_dag.py
[2023-05-21T14:58:51.054+0000] {logging_mixin.py:137} INFO - [2023-05-21T14:58:51.054+0000] {dag.py:2690} INFO - Sync 2 DAGs
[2023-05-21T14:58:51.097+0000] {logging_mixin.py:137} INFO - [2023-05-21T14:58:51.097+0000] {dag.py:3441} INFO - Setting next_dagrun for example_external_task_marker_child to None, run_after=None
[2023-05-21T14:58:51.103+0000] {logging_mixin.py:137} INFO - [2023-05-21T14:58:51.102+0000] {dag.py:3441} INFO - Setting next_dagrun for example_external_task_marker_parent to None, run_after=None
[2023-05-21T14:58:51.127+0000] {processor.py:175} INFO - Processing /home/airflow/.local/lib/python3.7/site-packages/airflow/example_dags/example_external_task_marker_dag.py took 0.122 seconds
[2023-05-21T14:59:21.493+0000] {processor.py:153} INFO - Started process (PID=140) to work on /home/airflow/.local/lib/python3.7/site-packages/airflow/example_dags/example_external_task_marker_dag.py
[2023-05-21T14:59:21.494+0000] {processor.py:743} INFO - Processing file /home/airflow/.local/lib/python3.7/site-packages/airflow/example_dags/example_external_task_marker_dag.py for tasks to queue
[2023-05-21T14:59:21.495+0000] {logging_mixin.py:137} INFO - [2023-05-21T14:59:21.495+0000] {dagbag.py:538} INFO - Filling up the DagBag from /home/airflow/.local/lib/python3.7/site-packages/airflow/example_dags/example_external_task_marker_dag.py
[2023-05-21T14:59:21.512+0000] {processor.py:753} INFO - DAG(s) dict_keys(['example_external_task_marker_child', 'example_external_task_marker_parent']) retrieved from /home/airflow/.local/lib/python3.7/site-packages/airflow/example_dags/example_external_task_marker_dag.py
[2023-05-21T14:59:21.538+0000] {logging_mixin.py:137} INFO - [2023-05-21T14:59:21.538+0000] {dag.py:2690} INFO - Sync 2 DAGs
[2023-05-21T14:59:21.575+0000] {logging_mixin.py:137} INFO - [2023-05-21T14:59:21.574+0000] {dag.py:3441} INFO - Setting next_dagrun for example_external_task_marker_child to None, run_after=None
[2023-05-21T14:59:21.580+0000] {logging_mixin.py:137} INFO - [2023-05-21T14:59:21.580+0000] {dag.py:3441} INFO - Setting next_dagrun for example_external_task_marker_parent to None, run_after=None
[2023-05-21T14:59:21.606+0000] {processor.py:175} INFO - Processing /home/airflow/.local/lib/python3.7/site-packages/airflow/example_dags/example_external_task_marker_dag.py took 0.116 seconds
[2023-05-21T14:59:52.430+0000] {processor.py:153} INFO - Started process (PID=217) to work on /home/airflow/.local/lib/python3.7/site-packages/airflow/example_dags/example_external_task_marker_dag.py
[2023-05-21T14:59:52.431+0000] {processor.py:743} INFO - Processing file /home/airflow/.local/lib/python3.7/site-packages/airflow/example_dags/example_external_task_marker_dag.py for tasks to queue
[2023-05-21T14:59:52.432+0000] {logging_mixin.py:137} INFO - [2023-05-21T14:59:52.432+0000] {dagbag.py:538} INFO - Filling up the DagBag from /home/airflow/.local/lib/python3.7/site-packages/airflow/example_dags/example_external_task_marker_dag.py
[2023-05-21T14:59:52.445+0000] {processor.py:753} INFO - DAG(s) dict_keys(['example_external_task_marker_child', 'example_external_task_marker_parent']) retrieved from /home/airflow/.local/lib/python3.7/site-packages/airflow/example_dags/example_external_task_marker_dag.py
[2023-05-21T14:59:52.474+0000] {logging_mixin.py:137} INFO - [2023-05-21T14:59:52.474+0000] {dag.py:2690} INFO - Sync 2 DAGs
[2023-05-21T14:59:52.507+0000] {logging_mixin.py:137} INFO - [2023-05-21T14:59:52.506+0000] {dag.py:3441} INFO - Setting next_dagrun for example_external_task_marker_child to None, run_after=None
[2023-05-21T14:59:52.512+0000] {logging_mixin.py:137} INFO - [2023-05-21T14:59:52.511+0000] {dag.py:3441} INFO - Setting next_dagrun for example_external_task_marker_parent to None, run_after=None
[2023-05-21T14:59:52.535+0000] {processor.py:175} INFO - Processing /home/airflow/.local/lib/python3.7/site-packages/airflow/example_dags/example_external_task_marker_dag.py took 0.107 seconds
[2023-05-21T15:00:22.733+0000] {processor.py:153} INFO - Started process (PID=282) to work on /home/airflow/.local/lib/python3.7/site-packages/airflow/example_dags/example_external_task_marker_dag.py
[2023-05-21T15:00:22.734+0000] {processor.py:743} INFO - Processing file /home/airflow/.local/lib/python3.7/site-packages/airflow/example_dags/example_external_task_marker_dag.py for tasks to queue
[2023-05-21T15:00:22.735+0000] {logging_mixin.py:137} INFO - [2023-05-21T15:00:22.735+0000] {dagbag.py:538} INFO - Filling up the DagBag from /home/airflow/.local/lib/python3.7/site-packages/airflow/example_dags/example_external_task_marker_dag.py
[2023-05-21T15:00:22.753+0000] {processor.py:753} INFO - DAG(s) dict_keys(['example_external_task_marker_child', 'example_external_task_marker_parent']) retrieved from /home/airflow/.local/lib/python3.7/site-packages/airflow/example_dags/example_external_task_marker_dag.py
[2023-05-21T15:00:22.778+0000] {logging_mixin.py:137} INFO - [2023-05-21T15:00:22.778+0000] {dag.py:2690} INFO - Sync 2 DAGs
[2023-05-21T15:00:22.808+0000] {logging_mixin.py:137} INFO - [2023-05-21T15:00:22.807+0000] {dag.py:3441} INFO - Setting next_dagrun for example_external_task_marker_child to None, run_after=None
[2023-05-21T15:00:22.811+0000] {logging_mixin.py:137} INFO - [2023-05-21T15:00:22.811+0000] {dag.py:3441} INFO - Setting next_dagrun for example_external_task_marker_parent to None, run_after=None
[2023-05-21T15:00:22.829+0000] {processor.py:175} INFO - Processing /home/airflow/.local/lib/python3.7/site-packages/airflow/example_dags/example_external_task_marker_dag.py took 0.099 seconds
[2023-05-21T15:00:54.816+0000] {processor.py:153} INFO - Started process (PID=358) to work on /home/airflow/.local/lib/python3.7/site-packages/airflow/example_dags/example_external_task_marker_dag.py
[2023-05-21T15:00:54.817+0000] {processor.py:743} INFO - Processing file /home/airflow/.local/lib/python3.7/site-packages/airflow/example_dags/example_external_task_marker_dag.py for tasks to queue
[2023-05-21T15:00:54.817+0000] {logging_mixin.py:137} INFO - [2023-05-21T15:00:54.817+0000] {dagbag.py:538} INFO - Filling up the DagBag from /home/airflow/.local/lib/python3.7/site-packages/airflow/example_dags/example_external_task_marker_dag.py
[2023-05-21T15:00:54.830+0000] {processor.py:753} INFO - DAG(s) dict_keys(['example_external_task_marker_parent', 'example_external_task_marker_child']) retrieved from /home/airflow/.local/lib/python3.7/site-packages/airflow/example_dags/example_external_task_marker_dag.py
[2023-05-21T15:00:54.864+0000] {logging_mixin.py:137} INFO - [2023-05-21T15:00:54.864+0000] {dag.py:2690} INFO - Sync 2 DAGs
[2023-05-21T15:00:54.909+0000] {logging_mixin.py:137} INFO - [2023-05-21T15:00:54.909+0000] {dag.py:3441} INFO - Setting next_dagrun for example_external_task_marker_child to None, run_after=None
[2023-05-21T15:00:54.914+0000] {logging_mixin.py:137} INFO - [2023-05-21T15:00:54.914+0000] {dag.py:3441} INFO - Setting next_dagrun for example_external_task_marker_parent to None, run_after=None
[2023-05-21T15:00:54.951+0000] {processor.py:175} INFO - Processing /home/airflow/.local/lib/python3.7/site-packages/airflow/example_dags/example_external_task_marker_dag.py took 0.140 seconds
[2023-05-21T15:01:25.205+0000] {processor.py:153} INFO - Started process (PID=423) to work on /home/airflow/.local/lib/python3.7/site-packages/airflow/example_dags/example_external_task_marker_dag.py
[2023-05-21T15:01:25.206+0000] {processor.py:743} INFO - Processing file /home/airflow/.local/lib/python3.7/site-packages/airflow/example_dags/example_external_task_marker_dag.py for tasks to queue
[2023-05-21T15:01:25.207+0000] {logging_mixin.py:137} INFO - [2023-05-21T15:01:25.206+0000] {dagbag.py:538} INFO - Filling up the DagBag from /home/airflow/.local/lib/python3.7/site-packages/airflow/example_dags/example_external_task_marker_dag.py
[2023-05-21T15:01:25.219+0000] {processor.py:753} INFO - DAG(s) dict_keys(['example_external_task_marker_child', 'example_external_task_marker_parent']) retrieved from /home/airflow/.local/lib/python3.7/site-packages/airflow/example_dags/example_external_task_marker_dag.py
[2023-05-21T15:01:25.247+0000] {logging_mixin.py:137} INFO - [2023-05-21T15:01:25.247+0000] {dag.py:2690} INFO - Sync 2 DAGs
[2023-05-21T15:01:25.275+0000] {logging_mixin.py:137} INFO - [2023-05-21T15:01:25.275+0000] {dag.py:3441} INFO - Setting next_dagrun for example_external_task_marker_child to None, run_after=None
[2023-05-21T15:01:25.279+0000] {logging_mixin.py:137} INFO - [2023-05-21T15:01:25.279+0000] {dag.py:3441} INFO - Setting next_dagrun for example_external_task_marker_parent to None, run_after=None
[2023-05-21T15:01:25.303+0000] {processor.py:175} INFO - Processing /home/airflow/.local/lib/python3.7/site-packages/airflow/example_dags/example_external_task_marker_dag.py took 0.100 seconds
[2023-05-21T15:01:56.599+0000] {processor.py:153} INFO - Started process (PID=497) to work on /home/airflow/.local/lib/python3.7/site-packages/airflow/example_dags/example_external_task_marker_dag.py
[2023-05-21T15:01:56.600+0000] {processor.py:743} INFO - Processing file /home/airflow/.local/lib/python3.7/site-packages/airflow/example_dags/example_external_task_marker_dag.py for tasks to queue
[2023-05-21T15:01:56.601+0000] {logging_mixin.py:137} INFO - [2023-05-21T15:01:56.601+0000] {dagbag.py:538} INFO - Filling up the DagBag from /home/airflow/.local/lib/python3.7/site-packages/airflow/example_dags/example_external_task_marker_dag.py
[2023-05-21T15:01:56.621+0000] {processor.py:753} INFO - DAG(s) dict_keys(['example_external_task_marker_parent', 'example_external_task_marker_child']) retrieved from /home/airflow/.local/lib/python3.7/site-packages/airflow/example_dags/example_external_task_marker_dag.py
[2023-05-21T15:01:56.672+0000] {logging_mixin.py:137} INFO - [2023-05-21T15:01:56.672+0000] {dag.py:2690} INFO - Sync 2 DAGs
[2023-05-21T15:01:56.713+0000] {logging_mixin.py:137} INFO - [2023-05-21T15:01:56.712+0000] {dag.py:3441} INFO - Setting next_dagrun for example_external_task_marker_child to None, run_after=None
[2023-05-21T15:01:56.718+0000] {logging_mixin.py:137} INFO - [2023-05-21T15:01:56.718+0000] {dag.py:3441} INFO - Setting next_dagrun for example_external_task_marker_parent to None, run_after=None
[2023-05-21T15:01:56.760+0000] {processor.py:175} INFO - Processing /home/airflow/.local/lib/python3.7/site-packages/airflow/example_dags/example_external_task_marker_dag.py took 0.165 seconds
[2023-05-21T15:02:27.149+0000] {processor.py:153} INFO - Started process (PID=566) to work on /home/airflow/.local/lib/python3.7/site-packages/airflow/example_dags/example_external_task_marker_dag.py
[2023-05-21T15:02:27.150+0000] {processor.py:743} INFO - Processing file /home/airflow/.local/lib/python3.7/site-packages/airflow/example_dags/example_external_task_marker_dag.py for tasks to queue
[2023-05-21T15:02:27.151+0000] {logging_mixin.py:137} INFO - [2023-05-21T15:02:27.151+0000] {dagbag.py:538} INFO - Filling up the DagBag from /home/airflow/.local/lib/python3.7/site-packages/airflow/example_dags/example_external_task_marker_dag.py
[2023-05-21T15:02:27.163+0000] {processor.py:753} INFO - DAG(s) dict_keys(['example_external_task_marker_parent', 'example_external_task_marker_child']) retrieved from /home/airflow/.local/lib/python3.7/site-packages/airflow/example_dags/example_external_task_marker_dag.py
[2023-05-21T15:02:27.191+0000] {logging_mixin.py:137} INFO - [2023-05-21T15:02:27.191+0000] {dag.py:2690} INFO - Sync 2 DAGs
[2023-05-21T15:02:27.220+0000] {logging_mixin.py:137} INFO - [2023-05-21T15:02:27.220+0000] {dag.py:3441} INFO - Setting next_dagrun for example_external_task_marker_child to None, run_after=None
[2023-05-21T15:02:27.223+0000] {logging_mixin.py:137} INFO - [2023-05-21T15:02:27.223+0000] {dag.py:3441} INFO - Setting next_dagrun for example_external_task_marker_parent to None, run_after=None
[2023-05-21T15:02:27.240+0000] {processor.py:175} INFO - Processing /home/airflow/.local/lib/python3.7/site-packages/airflow/example_dags/example_external_task_marker_dag.py took 0.094 seconds
[2023-05-21T15:02:57.499+0000] {processor.py:153} INFO - Started process (PID=633) to work on /home/airflow/.local/lib/python3.7/site-packages/airflow/example_dags/example_external_task_marker_dag.py
[2023-05-21T15:02:57.499+0000] {processor.py:743} INFO - Processing file /home/airflow/.local/lib/python3.7/site-packages/airflow/example_dags/example_external_task_marker_dag.py for tasks to queue
[2023-05-21T15:02:57.500+0000] {logging_mixin.py:137} INFO - [2023-05-21T15:02:57.500+0000] {dagbag.py:538} INFO - Filling up the DagBag from /home/airflow/.local/lib/python3.7/site-packages/airflow/example_dags/example_external_task_marker_dag.py
[2023-05-21T15:02:57.518+0000] {processor.py:753} INFO - DAG(s) dict_keys(['example_external_task_marker_child', 'example_external_task_marker_parent']) retrieved from /home/airflow/.local/lib/python3.7/site-packages/airflow/example_dags/example_external_task_marker_dag.py
[2023-05-21T15:02:57.555+0000] {logging_mixin.py:137} INFO - [2023-05-21T15:02:57.555+0000] {dag.py:2690} INFO - Sync 2 DAGs
[2023-05-21T15:02:57.589+0000] {logging_mixin.py:137} INFO - [2023-05-21T15:02:57.589+0000] {dag.py:3441} INFO - Setting next_dagrun for example_external_task_marker_child to None, run_after=None
[2023-05-21T15:02:57.596+0000] {logging_mixin.py:137} INFO - [2023-05-21T15:02:57.596+0000] {dag.py:3441} INFO - Setting next_dagrun for example_external_task_marker_parent to None, run_after=None
[2023-05-21T15:02:57.629+0000] {processor.py:175} INFO - Processing /home/airflow/.local/lib/python3.7/site-packages/airflow/example_dags/example_external_task_marker_dag.py took 0.133 seconds
[2023-05-21T15:03:28.034+0000] {processor.py:153} INFO - Started process (PID=710) to work on /home/airflow/.local/lib/python3.7/site-packages/airflow/example_dags/example_external_task_marker_dag.py
[2023-05-21T15:03:28.034+0000] {processor.py:743} INFO - Processing file /home/airflow/.local/lib/python3.7/site-packages/airflow/example_dags/example_external_task_marker_dag.py for tasks to queue
[2023-05-21T15:03:28.035+0000] {logging_mixin.py:137} INFO - [2023-05-21T15:03:28.035+0000] {dagbag.py:538} INFO - Filling up the DagBag from /home/airflow/.local/lib/python3.7/site-packages/airflow/example_dags/example_external_task_marker_dag.py
[2023-05-21T15:03:28.048+0000] {processor.py:753} INFO - DAG(s) dict_keys(['example_external_task_marker_parent', 'example_external_task_marker_child']) retrieved from /home/airflow/.local/lib/python3.7/site-packages/airflow/example_dags/example_external_task_marker_dag.py
[2023-05-21T15:03:28.076+0000] {logging_mixin.py:137} INFO - [2023-05-21T15:03:28.076+0000] {dag.py:2690} INFO - Sync 2 DAGs
[2023-05-21T15:03:28.101+0000] {logging_mixin.py:137} INFO - [2023-05-21T15:03:28.101+0000] {dag.py:3441} INFO - Setting next_dagrun for example_external_task_marker_child to None, run_after=None
[2023-05-21T15:03:28.105+0000] {logging_mixin.py:137} INFO - [2023-05-21T15:03:28.105+0000] {dag.py:3441} INFO - Setting next_dagrun for example_external_task_marker_parent to None, run_after=None
[2023-05-21T15:03:28.125+0000] {processor.py:175} INFO - Processing /home/airflow/.local/lib/python3.7/site-packages/airflow/example_dags/example_external_task_marker_dag.py took 0.094 seconds
[2023-05-21T15:03:59.358+0000] {processor.py:153} INFO - Started process (PID=774) to work on /home/airflow/.local/lib/python3.7/site-packages/airflow/example_dags/example_external_task_marker_dag.py
[2023-05-21T15:03:59.358+0000] {processor.py:743} INFO - Processing file /home/airflow/.local/lib/python3.7/site-packages/airflow/example_dags/example_external_task_marker_dag.py for tasks to queue
[2023-05-21T15:03:59.359+0000] {logging_mixin.py:137} INFO - [2023-05-21T15:03:59.359+0000] {dagbag.py:538} INFO - Filling up the DagBag from /home/airflow/.local/lib/python3.7/site-packages/airflow/example_dags/example_external_task_marker_dag.py
[2023-05-21T15:03:59.387+0000] {processor.py:753} INFO - DAG(s) dict_keys(['example_external_task_marker_child', 'example_external_task_marker_parent']) retrieved from /home/airflow/.local/lib/python3.7/site-packages/airflow/example_dags/example_external_task_marker_dag.py
[2023-05-21T15:03:59.430+0000] {logging_mixin.py:137} INFO - [2023-05-21T15:03:59.430+0000] {dag.py:2690} INFO - Sync 2 DAGs
[2023-05-21T15:03:59.489+0000] {logging_mixin.py:137} INFO - [2023-05-21T15:03:59.488+0000] {dag.py:3441} INFO - Setting next_dagrun for example_external_task_marker_child to None, run_after=None
[2023-05-21T15:03:59.502+0000] {logging_mixin.py:137} INFO - [2023-05-21T15:03:59.501+0000] {dag.py:3441} INFO - Setting next_dagrun for example_external_task_marker_parent to None, run_after=None
[2023-05-21T15:03:59.542+0000] {processor.py:175} INFO - Processing /home/airflow/.local/lib/python3.7/site-packages/airflow/example_dags/example_external_task_marker_dag.py took 0.188 seconds
[2023-05-21T15:04:30.497+0000] {processor.py:153} INFO - Started process (PID=838) to work on /home/airflow/.local/lib/python3.7/site-packages/airflow/example_dags/example_external_task_marker_dag.py
[2023-05-21T15:04:30.498+0000] {processor.py:743} INFO - Processing file /home/airflow/.local/lib/python3.7/site-packages/airflow/example_dags/example_external_task_marker_dag.py for tasks to queue
[2023-05-21T15:04:30.499+0000] {logging_mixin.py:137} INFO - [2023-05-21T15:04:30.499+0000] {dagbag.py:538} INFO - Filling up the DagBag from /home/airflow/.local/lib/python3.7/site-packages/airflow/example_dags/example_external_task_marker_dag.py
[2023-05-21T15:04:30.518+0000] {processor.py:753} INFO - DAG(s) dict_keys(['example_external_task_marker_child', 'example_external_task_marker_parent']) retrieved from /home/airflow/.local/lib/python3.7/site-packages/airflow/example_dags/example_external_task_marker_dag.py
[2023-05-21T15:04:30.573+0000] {logging_mixin.py:137} INFO - [2023-05-21T15:04:30.572+0000] {dag.py:2690} INFO - Sync 2 DAGs
[2023-05-21T15:04:30.634+0000] {logging_mixin.py:137} INFO - [2023-05-21T15:04:30.634+0000] {dag.py:3441} INFO - Setting next_dagrun for example_external_task_marker_child to None, run_after=None
[2023-05-21T15:04:30.640+0000] {logging_mixin.py:137} INFO - [2023-05-21T15:04:30.640+0000] {dag.py:3441} INFO - Setting next_dagrun for example_external_task_marker_parent to None, run_after=None
[2023-05-21T15:04:30.674+0000] {processor.py:175} INFO - Processing /home/airflow/.local/lib/python3.7/site-packages/airflow/example_dags/example_external_task_marker_dag.py took 0.182 seconds
[2023-05-21T15:05:01.616+0000] {processor.py:153} INFO - Started process (PID=904) to work on /home/airflow/.local/lib/python3.7/site-packages/airflow/example_dags/example_external_task_marker_dag.py
[2023-05-21T15:05:01.617+0000] {processor.py:743} INFO - Processing file /home/airflow/.local/lib/python3.7/site-packages/airflow/example_dags/example_external_task_marker_dag.py for tasks to queue
[2023-05-21T15:05:01.618+0000] {logging_mixin.py:137} INFO - [2023-05-21T15:05:01.618+0000] {dagbag.py:538} INFO - Filling up the DagBag from /home/airflow/.local/lib/python3.7/site-packages/airflow/example_dags/example_external_task_marker_dag.py
[2023-05-21T15:05:01.635+0000] {processor.py:753} INFO - DAG(s) dict_keys(['example_external_task_marker_parent', 'example_external_task_marker_child']) retrieved from /home/airflow/.local/lib/python3.7/site-packages/airflow/example_dags/example_external_task_marker_dag.py
[2023-05-21T15:05:01.694+0000] {logging_mixin.py:137} INFO - [2023-05-21T15:05:01.694+0000] {dag.py:2690} INFO - Sync 2 DAGs
[2023-05-21T15:05:01.756+0000] {logging_mixin.py:137} INFO - [2023-05-21T15:05:01.756+0000] {dag.py:3441} INFO - Setting next_dagrun for example_external_task_marker_child to None, run_after=None
[2023-05-21T15:05:01.765+0000] {logging_mixin.py:137} INFO - [2023-05-21T15:05:01.765+0000] {dag.py:3441} INFO - Setting next_dagrun for example_external_task_marker_parent to None, run_after=None
[2023-05-21T15:05:01.815+0000] {processor.py:175} INFO - Processing /home/airflow/.local/lib/python3.7/site-packages/airflow/example_dags/example_external_task_marker_dag.py took 0.203 seconds
