[2023-05-21T14:45:22.092+0000] {processor.py:156} INFO - Started process (PID=249) to work on /home/airflow/.local/lib/python3.7/site-packages/airflow/example_dags/tutorial.py
[2023-05-21T14:45:22.093+0000] {processor.py:758} INFO - Processing file /home/airflow/.local/lib/python3.7/site-packages/airflow/example_dags/tutorial.py for tasks to queue
[2023-05-21T14:45:22.094+0000] {logging_mixin.py:117} INFO - [2023-05-21T14:45:22.094+0000] {dagbag.py:525} INFO - Filling up the DagBag from /home/airflow/.local/lib/python3.7/site-packages/airflow/example_dags/tutorial.py
[2023-05-21T14:45:22.129+0000] {processor.py:768} INFO - DAG(s) dict_keys(['tutorial']) retrieved from /home/airflow/.local/lib/python3.7/site-packages/airflow/example_dags/tutorial.py
[2023-05-21T14:45:22.191+0000] {logging_mixin.py:117} INFO - [2023-05-21T14:45:22.190+0000] {dag.py:2573} INFO - Sync 1 DAGs
[2023-05-21T14:45:22.233+0000] {logging_mixin.py:117} INFO - [2023-05-21T14:45:22.233+0000] {dag.py:3328} INFO - Setting next_dagrun for tutorial to 2023-05-20T14:45:22.233356+00:00, run_after=2023-05-21T14:45:22.233356+00:00
[2023-05-21T14:45:22.262+0000] {processor.py:178} INFO - Processing /home/airflow/.local/lib/python3.7/site-packages/airflow/example_dags/tutorial.py took 0.173 seconds
[2023-05-21T14:45:52.928+0000] {processor.py:156} INFO - Started process (PID=455) to work on /home/airflow/.local/lib/python3.7/site-packages/airflow/example_dags/tutorial.py
[2023-05-21T14:45:52.930+0000] {processor.py:758} INFO - Processing file /home/airflow/.local/lib/python3.7/site-packages/airflow/example_dags/tutorial.py for tasks to queue
[2023-05-21T14:45:52.930+0000] {logging_mixin.py:117} INFO - [2023-05-21T14:45:52.930+0000] {dagbag.py:525} INFO - Filling up the DagBag from /home/airflow/.local/lib/python3.7/site-packages/airflow/example_dags/tutorial.py
[2023-05-21T14:45:52.959+0000] {processor.py:768} INFO - DAG(s) dict_keys(['tutorial']) retrieved from /home/airflow/.local/lib/python3.7/site-packages/airflow/example_dags/tutorial.py
[2023-05-21T14:45:53.021+0000] {logging_mixin.py:117} INFO - [2023-05-21T14:45:53.020+0000] {dag.py:2573} INFO - Sync 1 DAGs
[2023-05-21T14:45:53.069+0000] {logging_mixin.py:117} INFO - [2023-05-21T14:45:53.068+0000] {dag.py:3328} INFO - Setting next_dagrun for tutorial to 2023-05-20T14:45:53.067975+00:00, run_after=2023-05-21T14:45:53.067975+00:00
[2023-05-21T14:45:53.110+0000] {processor.py:178} INFO - Processing /home/airflow/.local/lib/python3.7/site-packages/airflow/example_dags/tutorial.py took 0.186 seconds
[2023-05-21T14:46:24.201+0000] {processor.py:156} INFO - Started process (PID=667) to work on /home/airflow/.local/lib/python3.7/site-packages/airflow/example_dags/tutorial.py
[2023-05-21T14:46:24.202+0000] {processor.py:758} INFO - Processing file /home/airflow/.local/lib/python3.7/site-packages/airflow/example_dags/tutorial.py for tasks to queue
[2023-05-21T14:46:24.203+0000] {logging_mixin.py:117} INFO - [2023-05-21T14:46:24.203+0000] {dagbag.py:525} INFO - Filling up the DagBag from /home/airflow/.local/lib/python3.7/site-packages/airflow/example_dags/tutorial.py
[2023-05-21T14:46:24.226+0000] {processor.py:768} INFO - DAG(s) dict_keys(['tutorial']) retrieved from /home/airflow/.local/lib/python3.7/site-packages/airflow/example_dags/tutorial.py
[2023-05-21T14:46:24.282+0000] {logging_mixin.py:117} INFO - [2023-05-21T14:46:24.282+0000] {dag.py:2573} INFO - Sync 1 DAGs
[2023-05-21T14:46:24.501+0000] {logging_mixin.py:117} INFO - [2023-05-21T14:46:24.500+0000] {dag.py:3328} INFO - Setting next_dagrun for tutorial to 2023-05-20T14:46:24.500407+00:00, run_after=2023-05-21T14:46:24.500407+00:00
[2023-05-21T14:46:24.538+0000] {processor.py:178} INFO - Processing /home/airflow/.local/lib/python3.7/site-packages/airflow/example_dags/tutorial.py took 0.341 seconds
[2023-05-21T14:46:55.296+0000] {processor.py:156} INFO - Started process (PID=883) to work on /home/airflow/.local/lib/python3.7/site-packages/airflow/example_dags/tutorial.py
[2023-05-21T14:46:55.297+0000] {processor.py:758} INFO - Processing file /home/airflow/.local/lib/python3.7/site-packages/airflow/example_dags/tutorial.py for tasks to queue
[2023-05-21T14:46:55.297+0000] {logging_mixin.py:117} INFO - [2023-05-21T14:46:55.297+0000] {dagbag.py:525} INFO - Filling up the DagBag from /home/airflow/.local/lib/python3.7/site-packages/airflow/example_dags/tutorial.py
[2023-05-21T14:46:55.310+0000] {processor.py:768} INFO - DAG(s) dict_keys(['tutorial']) retrieved from /home/airflow/.local/lib/python3.7/site-packages/airflow/example_dags/tutorial.py
[2023-05-21T14:46:55.457+0000] {logging_mixin.py:117} INFO - [2023-05-21T14:46:55.457+0000] {dag.py:2573} INFO - Sync 1 DAGs
[2023-05-21T14:46:55.481+0000] {logging_mixin.py:117} INFO - [2023-05-21T14:46:55.481+0000] {dag.py:3328} INFO - Setting next_dagrun for tutorial to 2023-05-20T14:46:55.481399+00:00, run_after=2023-05-21T14:46:55.481399+00:00
[2023-05-21T14:46:55.499+0000] {processor.py:178} INFO - Processing /home/airflow/.local/lib/python3.7/site-packages/airflow/example_dags/tutorial.py took 0.205 seconds
[2023-05-21T14:47:25.817+0000] {processor.py:156} INFO - Started process (PID=1086) to work on /home/airflow/.local/lib/python3.7/site-packages/airflow/example_dags/tutorial.py
[2023-05-21T14:47:25.817+0000] {processor.py:758} INFO - Processing file /home/airflow/.local/lib/python3.7/site-packages/airflow/example_dags/tutorial.py for tasks to queue
[2023-05-21T14:47:25.818+0000] {logging_mixin.py:117} INFO - [2023-05-21T14:47:25.818+0000] {dagbag.py:525} INFO - Filling up the DagBag from /home/airflow/.local/lib/python3.7/site-packages/airflow/example_dags/tutorial.py
[2023-05-21T14:47:25.839+0000] {processor.py:768} INFO - DAG(s) dict_keys(['tutorial']) retrieved from /home/airflow/.local/lib/python3.7/site-packages/airflow/example_dags/tutorial.py
[2023-05-21T14:47:26.004+0000] {logging_mixin.py:117} INFO - [2023-05-21T14:47:26.004+0000] {dag.py:2573} INFO - Sync 1 DAGs
[2023-05-21T14:47:26.039+0000] {logging_mixin.py:117} INFO - [2023-05-21T14:47:26.039+0000] {dag.py:3328} INFO - Setting next_dagrun for tutorial to 2023-05-20T14:47:26.038955+00:00, run_after=2023-05-21T14:47:26.038955+00:00
[2023-05-21T14:47:26.066+0000] {processor.py:178} INFO - Processing /home/airflow/.local/lib/python3.7/site-packages/airflow/example_dags/tutorial.py took 0.253 seconds
[2023-05-21T14:47:56.712+0000] {processor.py:156} INFO - Started process (PID=1299) to work on /home/airflow/.local/lib/python3.7/site-packages/airflow/example_dags/tutorial.py
[2023-05-21T14:47:56.714+0000] {processor.py:758} INFO - Processing file /home/airflow/.local/lib/python3.7/site-packages/airflow/example_dags/tutorial.py for tasks to queue
[2023-05-21T14:47:56.715+0000] {logging_mixin.py:117} INFO - [2023-05-21T14:47:56.714+0000] {dagbag.py:525} INFO - Filling up the DagBag from /home/airflow/.local/lib/python3.7/site-packages/airflow/example_dags/tutorial.py
[2023-05-21T14:47:56.735+0000] {processor.py:768} INFO - DAG(s) dict_keys(['tutorial']) retrieved from /home/airflow/.local/lib/python3.7/site-packages/airflow/example_dags/tutorial.py
[2023-05-21T14:47:56.794+0000] {logging_mixin.py:117} INFO - [2023-05-21T14:47:56.793+0000] {dag.py:2573} INFO - Sync 1 DAGs
[2023-05-21T14:47:56.835+0000] {logging_mixin.py:117} INFO - [2023-05-21T14:47:56.835+0000] {dag.py:3328} INFO - Setting next_dagrun for tutorial to 2023-05-20T14:47:56.834740+00:00, run_after=2023-05-21T14:47:56.834740+00:00
[2023-05-21T14:47:56.865+0000] {processor.py:178} INFO - Processing /home/airflow/.local/lib/python3.7/site-packages/airflow/example_dags/tutorial.py took 0.157 seconds
[2023-05-21T14:50:29.433+0000] {processor.py:156} INFO - Started process (PID=250) to work on /home/airflow/.local/lib/python3.7/site-packages/airflow/example_dags/tutorial.py
[2023-05-21T14:50:29.434+0000] {processor.py:758} INFO - Processing file /home/airflow/.local/lib/python3.7/site-packages/airflow/example_dags/tutorial.py for tasks to queue
[2023-05-21T14:50:29.435+0000] {logging_mixin.py:117} INFO - [2023-05-21T14:50:29.435+0000] {dagbag.py:525} INFO - Filling up the DagBag from /home/airflow/.local/lib/python3.7/site-packages/airflow/example_dags/tutorial.py
[2023-05-21T14:50:29.466+0000] {processor.py:768} INFO - DAG(s) dict_keys(['tutorial']) retrieved from /home/airflow/.local/lib/python3.7/site-packages/airflow/example_dags/tutorial.py
[2023-05-21T14:50:29.515+0000] {logging_mixin.py:117} INFO - [2023-05-21T14:50:29.515+0000] {dag.py:2573} INFO - Sync 1 DAGs
[2023-05-21T14:50:29.560+0000] {logging_mixin.py:117} INFO - [2023-05-21T14:50:29.560+0000] {dag.py:3328} INFO - Setting next_dagrun for tutorial to 2023-05-20T14:50:29.559783+00:00, run_after=2023-05-21T14:50:29.559783+00:00
[2023-05-21T14:50:29.590+0000] {processor.py:178} INFO - Processing /home/airflow/.local/lib/python3.7/site-packages/airflow/example_dags/tutorial.py took 0.164 seconds
[2023-05-21T14:50:59.847+0000] {processor.py:156} INFO - Started process (PID=455) to work on /home/airflow/.local/lib/python3.7/site-packages/airflow/example_dags/tutorial.py
[2023-05-21T14:50:59.847+0000] {processor.py:758} INFO - Processing file /home/airflow/.local/lib/python3.7/site-packages/airflow/example_dags/tutorial.py for tasks to queue
[2023-05-21T14:50:59.848+0000] {logging_mixin.py:117} INFO - [2023-05-21T14:50:59.848+0000] {dagbag.py:525} INFO - Filling up the DagBag from /home/airflow/.local/lib/python3.7/site-packages/airflow/example_dags/tutorial.py
[2023-05-21T14:50:59.877+0000] {processor.py:768} INFO - DAG(s) dict_keys(['tutorial']) retrieved from /home/airflow/.local/lib/python3.7/site-packages/airflow/example_dags/tutorial.py
[2023-05-21T14:50:59.923+0000] {logging_mixin.py:117} INFO - [2023-05-21T14:50:59.922+0000] {dag.py:2573} INFO - Sync 1 DAGs
[2023-05-21T14:50:59.946+0000] {logging_mixin.py:117} INFO - [2023-05-21T14:50:59.945+0000] {dag.py:3328} INFO - Setting next_dagrun for tutorial to 2023-05-20T14:50:59.945725+00:00, run_after=2023-05-21T14:50:59.945725+00:00
[2023-05-21T14:50:59.966+0000] {processor.py:178} INFO - Processing /home/airflow/.local/lib/python3.7/site-packages/airflow/example_dags/tutorial.py took 0.123 seconds
[2023-05-21T14:51:30.851+0000] {processor.py:156} INFO - Started process (PID=667) to work on /home/airflow/.local/lib/python3.7/site-packages/airflow/example_dags/tutorial.py
[2023-05-21T14:51:30.852+0000] {processor.py:758} INFO - Processing file /home/airflow/.local/lib/python3.7/site-packages/airflow/example_dags/tutorial.py for tasks to queue
[2023-05-21T14:51:30.853+0000] {logging_mixin.py:117} INFO - [2023-05-21T14:51:30.852+0000] {dagbag.py:525} INFO - Filling up the DagBag from /home/airflow/.local/lib/python3.7/site-packages/airflow/example_dags/tutorial.py
[2023-05-21T14:51:30.871+0000] {processor.py:768} INFO - DAG(s) dict_keys(['tutorial']) retrieved from /home/airflow/.local/lib/python3.7/site-packages/airflow/example_dags/tutorial.py
[2023-05-21T14:51:30.915+0000] {logging_mixin.py:117} INFO - [2023-05-21T14:51:30.915+0000] {dag.py:2573} INFO - Sync 1 DAGs
[2023-05-21T14:51:31.083+0000] {logging_mixin.py:117} INFO - [2023-05-21T14:51:31.083+0000] {dag.py:3328} INFO - Setting next_dagrun for tutorial to 2023-05-20T14:51:31.082957+00:00, run_after=2023-05-21T14:51:31.082957+00:00
[2023-05-21T14:51:31.109+0000] {processor.py:178} INFO - Processing /home/airflow/.local/lib/python3.7/site-packages/airflow/example_dags/tutorial.py took 0.262 seconds
[2023-05-21T14:52:01.259+0000] {processor.py:156} INFO - Started process (PID=872) to work on /home/airflow/.local/lib/python3.7/site-packages/airflow/example_dags/tutorial.py
[2023-05-21T14:52:01.259+0000] {processor.py:758} INFO - Processing file /home/airflow/.local/lib/python3.7/site-packages/airflow/example_dags/tutorial.py for tasks to queue
[2023-05-21T14:52:01.260+0000] {logging_mixin.py:117} INFO - [2023-05-21T14:52:01.260+0000] {dagbag.py:525} INFO - Filling up the DagBag from /home/airflow/.local/lib/python3.7/site-packages/airflow/example_dags/tutorial.py
[2023-05-21T14:52:01.280+0000] {processor.py:768} INFO - DAG(s) dict_keys(['tutorial']) retrieved from /home/airflow/.local/lib/python3.7/site-packages/airflow/example_dags/tutorial.py
[2023-05-21T14:52:01.483+0000] {logging_mixin.py:117} INFO - [2023-05-21T14:52:01.483+0000] {dag.py:2573} INFO - Sync 1 DAGs
[2023-05-21T14:52:01.508+0000] {logging_mixin.py:117} INFO - [2023-05-21T14:52:01.508+0000] {dag.py:3328} INFO - Setting next_dagrun for tutorial to 2023-05-20T14:52:01.508114+00:00, run_after=2023-05-21T14:52:01.508114+00:00
[2023-05-21T14:52:01.530+0000] {processor.py:178} INFO - Processing /home/airflow/.local/lib/python3.7/site-packages/airflow/example_dags/tutorial.py took 0.275 seconds
[2023-05-21T14:58:49.738+0000] {processor.py:153} INFO - Started process (PID=63) to work on /home/airflow/.local/lib/python3.7/site-packages/airflow/example_dags/tutorial.py
[2023-05-21T14:58:49.739+0000] {processor.py:743} INFO - Processing file /home/airflow/.local/lib/python3.7/site-packages/airflow/example_dags/tutorial.py for tasks to queue
[2023-05-21T14:58:49.740+0000] {logging_mixin.py:137} INFO - [2023-05-21T14:58:49.740+0000] {dagbag.py:538} INFO - Filling up the DagBag from /home/airflow/.local/lib/python3.7/site-packages/airflow/example_dags/tutorial.py
[2023-05-21T14:58:49.766+0000] {processor.py:753} INFO - DAG(s) dict_keys(['tutorial']) retrieved from /home/airflow/.local/lib/python3.7/site-packages/airflow/example_dags/tutorial.py
[2023-05-21T14:58:49.803+0000] {logging_mixin.py:137} INFO - [2023-05-21T14:58:49.803+0000] {dag.py:2690} INFO - Sync 1 DAGs
[2023-05-21T14:58:49.870+0000] {logging_mixin.py:137} INFO - [2023-05-21T14:58:49.868+0000] {dag.py:3441} INFO - Setting next_dagrun for tutorial to 2023-05-20T14:58:49.857584+00:00, run_after=2023-05-21T14:58:49.857584+00:00
[2023-05-21T14:58:49.983+0000] {processor.py:175} INFO - Processing /home/airflow/.local/lib/python3.7/site-packages/airflow/example_dags/tutorial.py took 0.250 seconds
[2023-05-21T14:59:20.595+0000] {processor.py:153} INFO - Started process (PID=128) to work on /home/airflow/.local/lib/python3.7/site-packages/airflow/example_dags/tutorial.py
[2023-05-21T14:59:20.596+0000] {processor.py:743} INFO - Processing file /home/airflow/.local/lib/python3.7/site-packages/airflow/example_dags/tutorial.py for tasks to queue
[2023-05-21T14:59:20.597+0000] {logging_mixin.py:137} INFO - [2023-05-21T14:59:20.597+0000] {dagbag.py:538} INFO - Filling up the DagBag from /home/airflow/.local/lib/python3.7/site-packages/airflow/example_dags/tutorial.py
[2023-05-21T14:59:20.616+0000] {processor.py:753} INFO - DAG(s) dict_keys(['tutorial']) retrieved from /home/airflow/.local/lib/python3.7/site-packages/airflow/example_dags/tutorial.py
[2023-05-21T14:59:20.650+0000] {logging_mixin.py:137} INFO - [2023-05-21T14:59:20.650+0000] {dag.py:2690} INFO - Sync 1 DAGs
[2023-05-21T14:59:20.689+0000] {logging_mixin.py:137} INFO - [2023-05-21T14:59:20.689+0000] {dag.py:3441} INFO - Setting next_dagrun for tutorial to 2023-05-20T14:59:20.688952+00:00, run_after=2023-05-21T14:59:20.688952+00:00
[2023-05-21T14:59:20.709+0000] {processor.py:175} INFO - Processing /home/airflow/.local/lib/python3.7/site-packages/airflow/example_dags/tutorial.py took 0.118 seconds
[2023-05-21T14:59:51.617+0000] {processor.py:153} INFO - Started process (PID=205) to work on /home/airflow/.local/lib/python3.7/site-packages/airflow/example_dags/tutorial.py
[2023-05-21T14:59:51.619+0000] {processor.py:743} INFO - Processing file /home/airflow/.local/lib/python3.7/site-packages/airflow/example_dags/tutorial.py for tasks to queue
[2023-05-21T14:59:51.620+0000] {logging_mixin.py:137} INFO - [2023-05-21T14:59:51.620+0000] {dagbag.py:538} INFO - Filling up the DagBag from /home/airflow/.local/lib/python3.7/site-packages/airflow/example_dags/tutorial.py
[2023-05-21T14:59:51.634+0000] {processor.py:753} INFO - DAG(s) dict_keys(['tutorial']) retrieved from /home/airflow/.local/lib/python3.7/site-packages/airflow/example_dags/tutorial.py
[2023-05-21T14:59:51.675+0000] {logging_mixin.py:137} INFO - [2023-05-21T14:59:51.674+0000] {dag.py:2690} INFO - Sync 1 DAGs
[2023-05-21T14:59:51.718+0000] {logging_mixin.py:137} INFO - [2023-05-21T14:59:51.718+0000] {dag.py:3441} INFO - Setting next_dagrun for tutorial to 2023-05-20T14:59:51.717785+00:00, run_after=2023-05-21T14:59:51.717785+00:00
[2023-05-21T14:59:51.744+0000] {processor.py:175} INFO - Processing /home/airflow/.local/lib/python3.7/site-packages/airflow/example_dags/tutorial.py took 0.130 seconds
[2023-05-21T15:00:21.959+0000] {processor.py:153} INFO - Started process (PID=270) to work on /home/airflow/.local/lib/python3.7/site-packages/airflow/example_dags/tutorial.py
[2023-05-21T15:00:21.960+0000] {processor.py:743} INFO - Processing file /home/airflow/.local/lib/python3.7/site-packages/airflow/example_dags/tutorial.py for tasks to queue
[2023-05-21T15:00:21.960+0000] {logging_mixin.py:137} INFO - [2023-05-21T15:00:21.960+0000] {dagbag.py:538} INFO - Filling up the DagBag from /home/airflow/.local/lib/python3.7/site-packages/airflow/example_dags/tutorial.py
[2023-05-21T15:00:21.974+0000] {processor.py:753} INFO - DAG(s) dict_keys(['tutorial']) retrieved from /home/airflow/.local/lib/python3.7/site-packages/airflow/example_dags/tutorial.py
[2023-05-21T15:00:21.998+0000] {logging_mixin.py:137} INFO - [2023-05-21T15:00:21.998+0000] {dag.py:2690} INFO - Sync 1 DAGs
[2023-05-21T15:00:22.024+0000] {logging_mixin.py:137} INFO - [2023-05-21T15:00:22.024+0000] {dag.py:3441} INFO - Setting next_dagrun for tutorial to 2023-05-20T15:00:22.023951+00:00, run_after=2023-05-21T15:00:22.023951+00:00
[2023-05-21T15:00:22.043+0000] {processor.py:175} INFO - Processing /home/airflow/.local/lib/python3.7/site-packages/airflow/example_dags/tutorial.py took 0.087 seconds
[2023-05-21T15:00:53.391+0000] {processor.py:153} INFO - Started process (PID=343) to work on /home/airflow/.local/lib/python3.7/site-packages/airflow/example_dags/tutorial.py
[2023-05-21T15:00:53.401+0000] {processor.py:743} INFO - Processing file /home/airflow/.local/lib/python3.7/site-packages/airflow/example_dags/tutorial.py for tasks to queue
[2023-05-21T15:00:53.402+0000] {logging_mixin.py:137} INFO - [2023-05-21T15:00:53.402+0000] {dagbag.py:538} INFO - Filling up the DagBag from /home/airflow/.local/lib/python3.7/site-packages/airflow/example_dags/tutorial.py
[2023-05-21T15:00:53.447+0000] {processor.py:753} INFO - DAG(s) dict_keys(['tutorial']) retrieved from /home/airflow/.local/lib/python3.7/site-packages/airflow/example_dags/tutorial.py
[2023-05-21T15:00:53.506+0000] {logging_mixin.py:137} INFO - [2023-05-21T15:00:53.506+0000] {dag.py:2690} INFO - Sync 1 DAGs
[2023-05-21T15:00:53.551+0000] {logging_mixin.py:137} INFO - [2023-05-21T15:00:53.551+0000] {dag.py:3441} INFO - Setting next_dagrun for tutorial to 2023-05-20T15:00:53.551279+00:00, run_after=2023-05-21T15:00:53.551279+00:00
[2023-05-21T15:00:53.580+0000] {processor.py:175} INFO - Processing /home/airflow/.local/lib/python3.7/site-packages/airflow/example_dags/tutorial.py took 0.195 seconds
[2023-05-21T15:01:24.365+0000] {processor.py:153} INFO - Started process (PID=411) to work on /home/airflow/.local/lib/python3.7/site-packages/airflow/example_dags/tutorial.py
[2023-05-21T15:01:24.366+0000] {processor.py:743} INFO - Processing file /home/airflow/.local/lib/python3.7/site-packages/airflow/example_dags/tutorial.py for tasks to queue
[2023-05-21T15:01:24.367+0000] {logging_mixin.py:137} INFO - [2023-05-21T15:01:24.366+0000] {dagbag.py:538} INFO - Filling up the DagBag from /home/airflow/.local/lib/python3.7/site-packages/airflow/example_dags/tutorial.py
[2023-05-21T15:01:24.382+0000] {processor.py:753} INFO - DAG(s) dict_keys(['tutorial']) retrieved from /home/airflow/.local/lib/python3.7/site-packages/airflow/example_dags/tutorial.py
[2023-05-21T15:01:24.410+0000] {logging_mixin.py:137} INFO - [2023-05-21T15:01:24.410+0000] {dag.py:2690} INFO - Sync 1 DAGs
[2023-05-21T15:01:24.439+0000] {logging_mixin.py:137} INFO - [2023-05-21T15:01:24.439+0000] {dag.py:3441} INFO - Setting next_dagrun for tutorial to 2023-05-20T15:01:24.438821+00:00, run_after=2023-05-21T15:01:24.438821+00:00
[2023-05-21T15:01:24.459+0000] {processor.py:175} INFO - Processing /home/airflow/.local/lib/python3.7/site-packages/airflow/example_dags/tutorial.py took 0.097 seconds
[2023-05-21T15:01:55.414+0000] {processor.py:153} INFO - Started process (PID=476) to work on /home/airflow/.local/lib/python3.7/site-packages/airflow/example_dags/tutorial.py
[2023-05-21T15:01:55.417+0000] {processor.py:743} INFO - Processing file /home/airflow/.local/lib/python3.7/site-packages/airflow/example_dags/tutorial.py for tasks to queue
[2023-05-21T15:01:55.419+0000] {logging_mixin.py:137} INFO - [2023-05-21T15:01:55.418+0000] {dagbag.py:538} INFO - Filling up the DagBag from /home/airflow/.local/lib/python3.7/site-packages/airflow/example_dags/tutorial.py
[2023-05-21T15:01:55.449+0000] {processor.py:753} INFO - DAG(s) dict_keys(['tutorial']) retrieved from /home/airflow/.local/lib/python3.7/site-packages/airflow/example_dags/tutorial.py
[2023-05-21T15:01:55.490+0000] {logging_mixin.py:137} INFO - [2023-05-21T15:01:55.490+0000] {dag.py:2690} INFO - Sync 1 DAGs
[2023-05-21T15:01:55.534+0000] {logging_mixin.py:137} INFO - [2023-05-21T15:01:55.534+0000] {dag.py:3441} INFO - Setting next_dagrun for tutorial to 2023-05-20T15:01:55.534177+00:00, run_after=2023-05-21T15:01:55.534177+00:00
[2023-05-21T15:01:55.567+0000] {processor.py:175} INFO - Processing /home/airflow/.local/lib/python3.7/site-packages/airflow/example_dags/tutorial.py took 0.164 seconds
[2023-05-21T15:02:26.293+0000] {processor.py:153} INFO - Started process (PID=554) to work on /home/airflow/.local/lib/python3.7/site-packages/airflow/example_dags/tutorial.py
[2023-05-21T15:02:26.294+0000] {processor.py:743} INFO - Processing file /home/airflow/.local/lib/python3.7/site-packages/airflow/example_dags/tutorial.py for tasks to queue
[2023-05-21T15:02:26.295+0000] {logging_mixin.py:137} INFO - [2023-05-21T15:02:26.294+0000] {dagbag.py:538} INFO - Filling up the DagBag from /home/airflow/.local/lib/python3.7/site-packages/airflow/example_dags/tutorial.py
[2023-05-21T15:02:26.311+0000] {processor.py:753} INFO - DAG(s) dict_keys(['tutorial']) retrieved from /home/airflow/.local/lib/python3.7/site-packages/airflow/example_dags/tutorial.py
[2023-05-21T15:02:26.339+0000] {logging_mixin.py:137} INFO - [2023-05-21T15:02:26.339+0000] {dag.py:2690} INFO - Sync 1 DAGs
[2023-05-21T15:02:26.370+0000] {logging_mixin.py:137} INFO - [2023-05-21T15:02:26.370+0000] {dag.py:3441} INFO - Setting next_dagrun for tutorial to 2023-05-20T15:02:26.369884+00:00, run_after=2023-05-21T15:02:26.369884+00:00
[2023-05-21T15:02:26.397+0000] {processor.py:175} INFO - Processing /home/airflow/.local/lib/python3.7/site-packages/airflow/example_dags/tutorial.py took 0.107 seconds
[2023-05-21T15:02:56.464+0000] {processor.py:153} INFO - Started process (PID=619) to work on /home/airflow/.local/lib/python3.7/site-packages/airflow/example_dags/tutorial.py
[2023-05-21T15:02:56.464+0000] {processor.py:743} INFO - Processing file /home/airflow/.local/lib/python3.7/site-packages/airflow/example_dags/tutorial.py for tasks to queue
[2023-05-21T15:02:56.465+0000] {logging_mixin.py:137} INFO - [2023-05-21T15:02:56.465+0000] {dagbag.py:538} INFO - Filling up the DagBag from /home/airflow/.local/lib/python3.7/site-packages/airflow/example_dags/tutorial.py
[2023-05-21T15:02:56.478+0000] {processor.py:753} INFO - DAG(s) dict_keys(['tutorial']) retrieved from /home/airflow/.local/lib/python3.7/site-packages/airflow/example_dags/tutorial.py
[2023-05-21T15:02:56.508+0000] {logging_mixin.py:137} INFO - [2023-05-21T15:02:56.507+0000] {dag.py:2690} INFO - Sync 1 DAGs
[2023-05-21T15:02:56.532+0000] {logging_mixin.py:137} INFO - [2023-05-21T15:02:56.532+0000] {dag.py:3441} INFO - Setting next_dagrun for tutorial to 2023-05-20T15:02:56.532012+00:00, run_after=2023-05-21T15:02:56.532012+00:00
[2023-05-21T15:02:56.554+0000] {processor.py:175} INFO - Processing /home/airflow/.local/lib/python3.7/site-packages/airflow/example_dags/tutorial.py took 0.094 seconds
[2023-05-21T15:03:26.935+0000] {processor.py:153} INFO - Started process (PID=696) to work on /home/airflow/.local/lib/python3.7/site-packages/airflow/example_dags/tutorial.py
[2023-05-21T15:03:26.936+0000] {processor.py:743} INFO - Processing file /home/airflow/.local/lib/python3.7/site-packages/airflow/example_dags/tutorial.py for tasks to queue
[2023-05-21T15:03:26.937+0000] {logging_mixin.py:137} INFO - [2023-05-21T15:03:26.937+0000] {dagbag.py:538} INFO - Filling up the DagBag from /home/airflow/.local/lib/python3.7/site-packages/airflow/example_dags/tutorial.py
[2023-05-21T15:03:26.953+0000] {processor.py:753} INFO - DAG(s) dict_keys(['tutorial']) retrieved from /home/airflow/.local/lib/python3.7/site-packages/airflow/example_dags/tutorial.py
[2023-05-21T15:03:26.987+0000] {logging_mixin.py:137} INFO - [2023-05-21T15:03:26.987+0000] {dag.py:2690} INFO - Sync 1 DAGs
[2023-05-21T15:03:27.015+0000] {logging_mixin.py:137} INFO - [2023-05-21T15:03:27.014+0000] {dag.py:3441} INFO - Setting next_dagrun for tutorial to 2023-05-20T15:03:27.014778+00:00, run_after=2023-05-21T15:03:27.014778+00:00
[2023-05-21T15:03:27.039+0000] {processor.py:175} INFO - Processing /home/airflow/.local/lib/python3.7/site-packages/airflow/example_dags/tutorial.py took 0.108 seconds
[2023-05-21T15:03:57.720+0000] {processor.py:153} INFO - Started process (PID=760) to work on /home/airflow/.local/lib/python3.7/site-packages/airflow/example_dags/tutorial.py
[2023-05-21T15:03:57.721+0000] {processor.py:743} INFO - Processing file /home/airflow/.local/lib/python3.7/site-packages/airflow/example_dags/tutorial.py for tasks to queue
[2023-05-21T15:03:57.725+0000] {logging_mixin.py:137} INFO - [2023-05-21T15:03:57.725+0000] {dagbag.py:538} INFO - Filling up the DagBag from /home/airflow/.local/lib/python3.7/site-packages/airflow/example_dags/tutorial.py
[2023-05-21T15:03:57.747+0000] {processor.py:753} INFO - DAG(s) dict_keys(['tutorial']) retrieved from /home/airflow/.local/lib/python3.7/site-packages/airflow/example_dags/tutorial.py
[2023-05-21T15:03:57.780+0000] {logging_mixin.py:137} INFO - [2023-05-21T15:03:57.779+0000] {dag.py:2690} INFO - Sync 1 DAGs
[2023-05-21T15:03:57.816+0000] {logging_mixin.py:137} INFO - [2023-05-21T15:03:57.816+0000] {dag.py:3441} INFO - Setting next_dagrun for tutorial to 2023-05-20T15:03:57.816485+00:00, run_after=2023-05-21T15:03:57.816485+00:00
[2023-05-21T15:03:57.844+0000] {processor.py:175} INFO - Processing /home/airflow/.local/lib/python3.7/site-packages/airflow/example_dags/tutorial.py took 0.127 seconds
[2023-05-21T15:04:28.762+0000] {processor.py:153} INFO - Started process (PID=824) to work on /home/airflow/.local/lib/python3.7/site-packages/airflow/example_dags/tutorial.py
[2023-05-21T15:04:28.763+0000] {processor.py:743} INFO - Processing file /home/airflow/.local/lib/python3.7/site-packages/airflow/example_dags/tutorial.py for tasks to queue
[2023-05-21T15:04:28.763+0000] {logging_mixin.py:137} INFO - [2023-05-21T15:04:28.763+0000] {dagbag.py:538} INFO - Filling up the DagBag from /home/airflow/.local/lib/python3.7/site-packages/airflow/example_dags/tutorial.py
[2023-05-21T15:04:28.783+0000] {processor.py:753} INFO - DAG(s) dict_keys(['tutorial']) retrieved from /home/airflow/.local/lib/python3.7/site-packages/airflow/example_dags/tutorial.py
[2023-05-21T15:04:28.826+0000] {logging_mixin.py:137} INFO - [2023-05-21T15:04:28.826+0000] {dag.py:2690} INFO - Sync 1 DAGs
[2023-05-21T15:04:28.872+0000] {logging_mixin.py:137} INFO - [2023-05-21T15:04:28.872+0000] {dag.py:3441} INFO - Setting next_dagrun for tutorial to 2023-05-20T15:04:28.872020+00:00, run_after=2023-05-21T15:04:28.872020+00:00
[2023-05-21T15:04:28.927+0000] {processor.py:175} INFO - Processing /home/airflow/.local/lib/python3.7/site-packages/airflow/example_dags/tutorial.py took 0.169 seconds
[2023-05-21T15:04:59.088+0000] {processor.py:153} INFO - Started process (PID=890) to work on /home/airflow/.local/lib/python3.7/site-packages/airflow/example_dags/tutorial.py
[2023-05-21T15:04:59.089+0000] {processor.py:743} INFO - Processing file /home/airflow/.local/lib/python3.7/site-packages/airflow/example_dags/tutorial.py for tasks to queue
[2023-05-21T15:04:59.090+0000] {logging_mixin.py:137} INFO - [2023-05-21T15:04:59.090+0000] {dagbag.py:538} INFO - Filling up the DagBag from /home/airflow/.local/lib/python3.7/site-packages/airflow/example_dags/tutorial.py
[2023-05-21T15:04:59.108+0000] {processor.py:753} INFO - DAG(s) dict_keys(['tutorial']) retrieved from /home/airflow/.local/lib/python3.7/site-packages/airflow/example_dags/tutorial.py
[2023-05-21T15:04:59.138+0000] {logging_mixin.py:137} INFO - [2023-05-21T15:04:59.137+0000] {dag.py:2690} INFO - Sync 1 DAGs
[2023-05-21T15:04:59.173+0000] {logging_mixin.py:137} INFO - [2023-05-21T15:04:59.173+0000] {dag.py:3441} INFO - Setting next_dagrun for tutorial to 2023-05-20T15:04:59.172728+00:00, run_after=2023-05-21T15:04:59.172728+00:00
[2023-05-21T15:04:59.197+0000] {processor.py:175} INFO - Processing /home/airflow/.local/lib/python3.7/site-packages/airflow/example_dags/tutorial.py took 0.114 seconds
