[2023-05-27T18:35:44.313+0000] {taskinstance.py:1083} INFO - Dependencies all met for <TaskInstance: captura_dados.download_zip_file manual__2023-05-27T18:35:39.402728+00:00 [queued]>
[2023-05-27T18:35:44.341+0000] {taskinstance.py:1083} INFO - Dependencies all met for <TaskInstance: captura_dados.download_zip_file manual__2023-05-27T18:35:39.402728+00:00 [queued]>
[2023-05-27T18:35:44.342+0000] {taskinstance.py:1279} INFO - 
--------------------------------------------------------------------------------
[2023-05-27T18:35:44.343+0000] {taskinstance.py:1280} INFO - Starting attempt 1 of 2
[2023-05-27T18:35:44.344+0000] {taskinstance.py:1281} INFO - 
--------------------------------------------------------------------------------
[2023-05-27T18:35:44.382+0000] {taskinstance.py:1300} INFO - Executing <Task(PythonOperator): download_zip_file> on 2023-05-27 18:35:39.402728+00:00
[2023-05-27T18:35:44.397+0000] {standard_task_runner.py:55} INFO - Started process 3561 to run task
[2023-05-27T18:35:44.406+0000] {standard_task_runner.py:82} INFO - Running: ['***', 'tasks', 'run', 'captura_dados', 'download_zip_file', 'manual__2023-05-27T18:35:39.402728+00:00', '--job-id', '197', '--raw', '--subdir', 'DAGS_FOLDER/captura_dados.py', '--cfg-path', '/tmp/tmp9y9wt354']
[2023-05-27T18:35:44.409+0000] {standard_task_runner.py:83} INFO - Job 197: Subtask download_zip_file
[2023-05-27T18:35:44.534+0000] {task_command.py:388} INFO - Running <TaskInstance: captura_dados.download_zip_file manual__2023-05-27T18:35:39.402728+00:00 [running]> on host df5a7ad10ac6
[2023-05-27T18:35:44.709+0000] {taskinstance.py:1509} INFO - Exporting the following env vars:
AIRFLOW_CTX_DAG_EMAIL=test@test.com
AIRFLOW_CTX_DAG_OWNER=***
AIRFLOW_CTX_DAG_ID=captura_dados
AIRFLOW_CTX_TASK_ID=download_zip_file
AIRFLOW_CTX_EXECUTION_DATE=2023-05-27T18:35:39.402728+00:00
AIRFLOW_CTX_TRY_NUMBER=1
AIRFLOW_CTX_DAG_RUN_ID=manual__2023-05-27T18:35:39.402728+00:00
[2023-05-27T18:35:45.228+0000] {python.py:177} INFO - Done. Returned value was: None
[2023-05-27T18:35:45.240+0000] {taskinstance.py:1323} INFO - Marking task as SUCCESS. dag_id=captura_dados, task_id=download_zip_file, execution_date=20230527T183539, start_date=20230527T183544, end_date=20230527T183545
[2023-05-27T18:35:45.263+0000] {local_task_job.py:208} INFO - Task exited with return code 0
[2023-05-27T18:35:45.287+0000] {taskinstance.py:2578} INFO - 1 downstream tasks scheduled from follow-on schedule check
