[2023-05-27T17:59:45.589+0000] {taskinstance.py:1083} INFO - Dependencies all met for <TaskInstance: captura_dados.captura_dados manual__2023-05-27T17:36:14.242333+00:00 [queued]>
[2023-05-27T17:59:45.599+0000] {taskinstance.py:1083} INFO - Dependencies all met for <TaskInstance: captura_dados.captura_dados manual__2023-05-27T17:36:14.242333+00:00 [queued]>
[2023-05-27T17:59:45.599+0000] {taskinstance.py:1279} INFO - 
--------------------------------------------------------------------------------
[2023-05-27T17:59:45.599+0000] {taskinstance.py:1280} INFO - Starting attempt 11 of 11
[2023-05-27T17:59:45.599+0000] {taskinstance.py:1281} INFO - 
--------------------------------------------------------------------------------
[2023-05-27T17:59:45.613+0000] {taskinstance.py:1300} INFO - Executing <Task(PythonOperator): captura_dados> on 2023-05-27 17:36:14.242333+00:00
[2023-05-27T17:59:45.618+0000] {standard_task_runner.py:55} INFO - Started process 1444 to run task
[2023-05-27T17:59:45.620+0000] {standard_task_runner.py:82} INFO - Running: ['***', 'tasks', 'run', 'captura_dados', 'captura_dados', 'manual__2023-05-27T17:36:14.242333+00:00', '--job-id', '164', '--raw', '--subdir', 'DAGS_FOLDER/captura_dados.py', '--cfg-path', '/tmp/tmpbyhtsua6']
[2023-05-27T17:59:45.621+0000] {standard_task_runner.py:83} INFO - Job 164: Subtask captura_dados
[2023-05-27T17:59:45.680+0000] {task_command.py:388} INFO - Running <TaskInstance: captura_dados.captura_dados manual__2023-05-27T17:36:14.242333+00:00 [running]> on host df5a7ad10ac6
[2023-05-27T17:59:45.776+0000] {taskinstance.py:1509} INFO - Exporting the following env vars:
AIRFLOW_CTX_DAG_EMAIL=test@test.com
AIRFLOW_CTX_DAG_OWNER=***
AIRFLOW_CTX_DAG_ID=captura_dados
AIRFLOW_CTX_TASK_ID=captura_dados
AIRFLOW_CTX_EXECUTION_DATE=2023-05-27T17:36:14.242333+00:00
AIRFLOW_CTX_TRY_NUMBER=11
AIRFLOW_CTX_DAG_RUN_ID=manual__2023-05-27T17:36:14.242333+00:00
[2023-05-27T17:59:46.141+0000] {taskinstance.py:1768} ERROR - Task failed with exception
Traceback (most recent call last):
  File "/home/airflow/.local/lib/python3.7/site-packages/airflow/operators/python.py", line 175, in execute
    return_value = self.execute_callable()
  File "/home/airflow/.local/lib/python3.7/site-packages/airflow/operators/python.py", line 192, in execute_callable
    return self.python_callable(*self.op_args, **self.op_kwargs)
  File "/opt/airflow/dags/captura_dados.py", line 31, in captura_dados
    csrf_token = r.cookies.get_dict()['csrftoken']
KeyError: 'csrftoken'
[2023-05-27T17:59:46.149+0000] {taskinstance.py:1323} INFO - Marking task as FAILED. dag_id=captura_dados, task_id=captura_dados, execution_date=20230527T173614, start_date=20230527T175945, end_date=20230527T175946
[2023-05-27T17:59:46.160+0000] {standard_task_runner.py:105} ERROR - Failed to execute job 164 for task captura_dados ('csrftoken'; 1444)
[2023-05-27T17:59:46.195+0000] {local_task_job.py:208} INFO - Task exited with return code 1
[2023-05-27T17:59:46.212+0000] {taskinstance.py:2578} INFO - 0 downstream tasks scheduled from follow-on schedule check
