[2023-05-27T17:56:23.839+0000] {taskinstance.py:1083} INFO - Dependencies all met for <TaskInstance: captura_dados.captura_dados manual__2023-05-27T17:36:14.242333+00:00 [queued]>
[2023-05-27T17:56:23.853+0000] {taskinstance.py:1083} INFO - Dependencies all met for <TaskInstance: captura_dados.captura_dados manual__2023-05-27T17:36:14.242333+00:00 [queued]>
[2023-05-27T17:56:23.853+0000] {taskinstance.py:1279} INFO - 
--------------------------------------------------------------------------------
[2023-05-27T17:56:23.853+0000] {taskinstance.py:1280} INFO - Starting attempt 6 of 7
[2023-05-27T17:56:23.853+0000] {taskinstance.py:1281} INFO - 
--------------------------------------------------------------------------------
[2023-05-27T17:56:23.883+0000] {taskinstance.py:1300} INFO - Executing <Task(PythonOperator): captura_dados> on 2023-05-27 17:36:14.242333+00:00
[2023-05-27T17:56:23.891+0000] {standard_task_runner.py:55} INFO - Started process 1256 to run task
[2023-05-27T17:56:23.895+0000] {standard_task_runner.py:82} INFO - Running: ['***', 'tasks', 'run', 'captura_dados', 'captura_dados', 'manual__2023-05-27T17:36:14.242333+00:00', '--job-id', '159', '--raw', '--subdir', 'DAGS_FOLDER/captura_dados.py', '--cfg-path', '/tmp/tmpam_g17og']
[2023-05-27T17:56:23.896+0000] {standard_task_runner.py:83} INFO - Job 159: Subtask captura_dados
[2023-05-27T17:56:23.955+0000] {task_command.py:388} INFO - Running <TaskInstance: captura_dados.captura_dados manual__2023-05-27T17:36:14.242333+00:00 [running]> on host df5a7ad10ac6
[2023-05-27T17:56:24.035+0000] {taskinstance.py:1509} INFO - Exporting the following env vars:
AIRFLOW_CTX_DAG_EMAIL=test@test.com
AIRFLOW_CTX_DAG_OWNER=***
AIRFLOW_CTX_DAG_ID=captura_dados
AIRFLOW_CTX_TASK_ID=captura_dados
AIRFLOW_CTX_EXECUTION_DATE=2023-05-27T17:36:14.242333+00:00
AIRFLOW_CTX_TRY_NUMBER=6
AIRFLOW_CTX_DAG_RUN_ID=manual__2023-05-27T17:36:14.242333+00:00
[2023-05-27T17:56:24.425+0000] {taskinstance.py:1768} ERROR - Task failed with exception
Traceback (most recent call last):
  File "/home/airflow/.local/lib/python3.7/site-packages/airflow/operators/python.py", line 175, in execute
    return_value = self.execute_callable()
  File "/home/airflow/.local/lib/python3.7/site-packages/airflow/operators/python.py", line 192, in execute_callable
    return self.python_callable(*self.op_args, **self.op_kwargs)
  File "/opt/airflow/dags/captura_dados.py", line 31, in captura_dados
    csrf_token = r.cookies.get_dict()['csrftoken']
KeyError: 'csrftoken'
[2023-05-27T17:56:24.468+0000] {taskinstance.py:1323} INFO - Marking task as UP_FOR_RETRY. dag_id=captura_dados, task_id=captura_dados, execution_date=20230527T173614, start_date=20230527T175623, end_date=20230527T175624
[2023-05-27T17:56:24.488+0000] {standard_task_runner.py:105} ERROR - Failed to execute job 159 for task captura_dados ('csrftoken'; 1256)
[2023-05-27T17:56:24.509+0000] {local_task_job.py:208} INFO - Task exited with return code 1
[2023-05-27T17:56:24.527+0000] {taskinstance.py:2578} INFO - 0 downstream tasks scheduled from follow-on schedule check
