[2023-05-27T18:21:24.739+0000] {taskinstance.py:1083} INFO - Dependencies all met for <TaskInstance: captura_dados.extract_zip_file manual__2023-05-27T18:19:19.145234+00:00 [queued]>
[2023-05-27T18:21:24.750+0000] {taskinstance.py:1083} INFO - Dependencies all met for <TaskInstance: captura_dados.extract_zip_file manual__2023-05-27T18:19:19.145234+00:00 [queued]>
[2023-05-27T18:21:24.750+0000] {taskinstance.py:1279} INFO - 
--------------------------------------------------------------------------------
[2023-05-27T18:21:24.750+0000] {taskinstance.py:1280} INFO - Starting attempt 3 of 4
[2023-05-27T18:21:24.751+0000] {taskinstance.py:1281} INFO - 
--------------------------------------------------------------------------------
[2023-05-27T18:21:24.766+0000] {taskinstance.py:1300} INFO - Executing <Task(PythonOperator): extract_zip_file> on 2023-05-27 18:19:19.145234+00:00
[2023-05-27T18:21:24.773+0000] {standard_task_runner.py:55} INFO - Started process 2732 to run task
[2023-05-27T18:21:24.776+0000] {standard_task_runner.py:82} INFO - Running: ['***', 'tasks', 'run', 'captura_dados', 'extract_zip_file', 'manual__2023-05-27T18:19:19.145234+00:00', '--job-id', '176', '--raw', '--subdir', 'DAGS_FOLDER/captura_dados.py', '--cfg-path', '/tmp/tmprgperc8b']
[2023-05-27T18:21:24.778+0000] {standard_task_runner.py:83} INFO - Job 176: Subtask extract_zip_file
[2023-05-27T18:21:24.852+0000] {task_command.py:388} INFO - Running <TaskInstance: captura_dados.extract_zip_file manual__2023-05-27T18:19:19.145234+00:00 [running]> on host df5a7ad10ac6
[2023-05-27T18:21:24.942+0000] {taskinstance.py:1509} INFO - Exporting the following env vars:
AIRFLOW_CTX_DAG_EMAIL=test@test.com
AIRFLOW_CTX_DAG_OWNER=***
AIRFLOW_CTX_DAG_ID=captura_dados
AIRFLOW_CTX_TASK_ID=extract_zip_file
AIRFLOW_CTX_EXECUTION_DATE=2023-05-27T18:19:19.145234+00:00
AIRFLOW_CTX_TRY_NUMBER=3
AIRFLOW_CTX_DAG_RUN_ID=manual__2023-05-27T18:19:19.145234+00:00
[2023-05-27T18:21:24.943+0000] {taskinstance.py:1768} ERROR - Task failed with exception
Traceback (most recent call last):
  File "/home/airflow/.local/lib/python3.7/site-packages/airflow/operators/python.py", line 175, in execute
    return_value = self.execute_callable()
  File "/home/airflow/.local/lib/python3.7/site-packages/airflow/operators/python.py", line 192, in execute_callable
    return self.python_callable(*self.op_args, **self.op_kwargs)
  File "/opt/airflow/dags/captura_dados.py", line 23, in extract_zip_file
    with zipfile.ZipFile(file_path, 'r') as zip_ref:
  File "/usr/local/lib/python3.7/zipfile.py", line 1258, in __init__
    self._RealGetContents()
  File "/usr/local/lib/python3.7/zipfile.py", line 1325, in _RealGetContents
    raise BadZipFile("File is not a zip file")
zipfile.BadZipFile: File is not a zip file
[2023-05-27T18:21:24.955+0000] {taskinstance.py:1323} INFO - Marking task as UP_FOR_RETRY. dag_id=captura_dados, task_id=extract_zip_file, execution_date=20230527T181919, start_date=20230527T182124, end_date=20230527T182124
[2023-05-27T18:21:24.970+0000] {standard_task_runner.py:105} ERROR - Failed to execute job 176 for task extract_zip_file (File is not a zip file; 2732)
[2023-05-27T18:21:24.988+0000] {local_task_job.py:208} INFO - Task exited with return code 1
[2023-05-27T18:21:25.007+0000] {taskinstance.py:2578} INFO - 0 downstream tasks scheduled from follow-on schedule check
