[2023-05-28T00:46:56.271+0000] {taskinstance.py:1083} INFO - Dependencies all met for <TaskInstance: captura_dados.verifica_arquivos_task manual__2023-05-28T00:44:47.153445+00:00 [queued]>
[2023-05-28T00:46:56.280+0000] {taskinstance.py:1083} INFO - Dependencies all met for <TaskInstance: captura_dados.verifica_arquivos_task manual__2023-05-28T00:44:47.153445+00:00 [queued]>
[2023-05-28T00:46:56.281+0000] {taskinstance.py:1279} INFO - 
--------------------------------------------------------------------------------
[2023-05-28T00:46:56.281+0000] {taskinstance.py:1280} INFO - Starting attempt 3 of 4
[2023-05-28T00:46:56.281+0000] {taskinstance.py:1281} INFO - 
--------------------------------------------------------------------------------
[2023-05-28T00:46:56.297+0000] {taskinstance.py:1300} INFO - Executing <Task(PythonOperator): verifica_arquivos_task> on 2023-05-28 00:44:47.153445+00:00
[2023-05-28T00:46:56.302+0000] {standard_task_runner.py:55} INFO - Started process 245 to run task
[2023-05-28T00:46:56.305+0000] {standard_task_runner.py:82} INFO - Running: ['***', 'tasks', 'run', 'captura_dados', 'verifica_arquivos_task', 'manual__2023-05-28T00:44:47.153445+00:00', '--job-id', '350', '--raw', '--subdir', 'DAGS_FOLDER/captura_dados.py', '--cfg-path', '/tmp/tmpff0v2dcq']
[2023-05-28T00:46:56.306+0000] {standard_task_runner.py:83} INFO - Job 350: Subtask verifica_arquivos_task
[2023-05-28T00:46:56.376+0000] {task_command.py:388} INFO - Running <TaskInstance: captura_dados.verifica_arquivos_task manual__2023-05-28T00:44:47.153445+00:00 [running]> on host 8c251d475d4b
[2023-05-28T00:46:56.460+0000] {taskinstance.py:1509} INFO - Exporting the following env vars:
AIRFLOW_CTX_DAG_EMAIL=test@test.com
AIRFLOW_CTX_DAG_OWNER=***
AIRFLOW_CTX_DAG_ID=captura_dados
AIRFLOW_CTX_TASK_ID=verifica_arquivos_task
AIRFLOW_CTX_EXECUTION_DATE=2023-05-28T00:44:47.153445+00:00
AIRFLOW_CTX_TRY_NUMBER=3
AIRFLOW_CTX_DAG_RUN_ID=manual__2023-05-28T00:44:47.153445+00:00
[2023-05-28T00:46:56.461+0000] {logging_mixin.py:137} INFO - O diretório contém arquivos.
[2023-05-28T00:46:56.461+0000] {python.py:177} INFO - Done. Returned value was: True
[2023-05-28T00:46:56.489+0000] {taskinstance.py:1323} INFO - Marking task as SUCCESS. dag_id=captura_dados, task_id=verifica_arquivos_task, execution_date=20230528T004447, start_date=20230528T004656, end_date=20230528T004656
[2023-05-28T00:46:56.516+0000] {local_task_job.py:208} INFO - Task exited with return code 0
[2023-05-28T00:46:56.553+0000] {taskinstance.py:2578} INFO - 1 downstream tasks scheduled from follow-on schedule check
