[2023-05-31T02:54:37.972+0000] {processor.py:153} INFO - Started process (PID=51) to work on /opt/airflow/dags/data/tutorial_dag_mss.py
[2023-05-31T02:54:37.973+0000] {processor.py:743} INFO - Processing file /opt/airflow/dags/data/tutorial_dag_mss.py for tasks to queue
[2023-05-31T02:54:37.993+0000] {logging_mixin.py:137} INFO - [2023-05-31T02:54:37.993+0000] {dagbag.py:538} INFO - Filling up the DagBag from /opt/airflow/dags/data/tutorial_dag_mss.py
[2023-05-31T02:54:39.192+0000] {processor.py:753} INFO - DAG(s) dict_keys(['tutorial_dag_mss']) retrieved from /opt/airflow/dags/data/tutorial_dag_mss.py
[2023-05-31T02:54:39.206+0000] {logging_mixin.py:137} INFO - [2023-05-31T02:54:39.206+0000] {dag.py:2690} INFO - Sync 1 DAGs
[2023-05-31T02:54:39.262+0000] {logging_mixin.py:137} INFO - [2023-05-31T02:54:39.262+0000] {dag.py:3441} INFO - Setting next_dagrun for tutorial_dag_mss to 2023-05-31T01:30:00+00:00, run_after=2023-05-31T02:30:00+00:00
[2023-05-31T02:54:39.303+0000] {processor.py:175} INFO - Processing /opt/airflow/dags/data/tutorial_dag_mss.py took 1.352 seconds
[2023-05-31T02:55:09.568+0000] {processor.py:153} INFO - Started process (PID=82) to work on /opt/airflow/dags/data/tutorial_dag_mss.py
[2023-05-31T02:55:09.569+0000] {processor.py:743} INFO - Processing file /opt/airflow/dags/data/tutorial_dag_mss.py for tasks to queue
[2023-05-31T02:55:09.570+0000] {logging_mixin.py:137} INFO - [2023-05-31T02:55:09.570+0000] {dagbag.py:538} INFO - Filling up the DagBag from /opt/airflow/dags/data/tutorial_dag_mss.py
[2023-05-31T02:55:10.120+0000] {processor.py:753} INFO - DAG(s) dict_keys(['tutorial_dag_mss']) retrieved from /opt/airflow/dags/data/tutorial_dag_mss.py
[2023-05-31T02:55:10.226+0000] {logging_mixin.py:137} INFO - [2023-05-31T02:55:10.225+0000] {dag.py:2690} INFO - Sync 1 DAGs
[2023-05-31T02:55:10.322+0000] {logging_mixin.py:137} INFO - [2023-05-31T02:55:10.321+0000] {dag.py:3441} INFO - Setting next_dagrun for tutorial_dag_mss to 2023-05-31T01:30:00+00:00, run_after=2023-05-31T02:30:00+00:00
[2023-05-31T02:55:10.357+0000] {processor.py:175} INFO - Processing /opt/airflow/dags/data/tutorial_dag_mss.py took 0.792 seconds
[2023-05-31T02:55:42.533+0000] {processor.py:153} INFO - Started process (PID=128) to work on /opt/airflow/dags/data/tutorial_dag_mss.py
[2023-05-31T02:55:42.542+0000] {processor.py:743} INFO - Processing file /opt/airflow/dags/data/tutorial_dag_mss.py for tasks to queue
[2023-05-31T02:55:42.543+0000] {logging_mixin.py:137} INFO - [2023-05-31T02:55:42.543+0000] {dagbag.py:538} INFO - Filling up the DagBag from /opt/airflow/dags/data/tutorial_dag_mss.py
[2023-05-31T02:55:43.538+0000] {processor.py:753} INFO - DAG(s) dict_keys(['tutorial_dag_mss']) retrieved from /opt/airflow/dags/data/tutorial_dag_mss.py
[2023-05-31T02:55:43.568+0000] {logging_mixin.py:137} INFO - [2023-05-31T02:55:43.568+0000] {dag.py:2690} INFO - Sync 1 DAGs
[2023-05-31T02:55:43.693+0000] {logging_mixin.py:137} INFO - [2023-05-31T02:55:43.692+0000] {dag.py:3441} INFO - Setting next_dagrun for tutorial_dag_mss to 2023-05-31T01:30:00+00:00, run_after=2023-05-31T02:30:00+00:00
[2023-05-31T02:55:43.736+0000] {processor.py:175} INFO - Processing /opt/airflow/dags/data/tutorial_dag_mss.py took 1.208 seconds
[2023-05-31T02:56:14.478+0000] {processor.py:153} INFO - Started process (PID=162) to work on /opt/airflow/dags/data/tutorial_dag_mss.py
[2023-05-31T02:56:14.481+0000] {processor.py:743} INFO - Processing file /opt/airflow/dags/data/tutorial_dag_mss.py for tasks to queue
[2023-05-31T02:56:14.484+0000] {logging_mixin.py:137} INFO - [2023-05-31T02:56:14.483+0000] {dagbag.py:538} INFO - Filling up the DagBag from /opt/airflow/dags/data/tutorial_dag_mss.py
[2023-05-31T02:56:14.940+0000] {processor.py:753} INFO - DAG(s) dict_keys(['tutorial_dag_mss']) retrieved from /opt/airflow/dags/data/tutorial_dag_mss.py
[2023-05-31T02:56:15.002+0000] {logging_mixin.py:137} INFO - [2023-05-31T02:56:15.002+0000] {dag.py:2690} INFO - Sync 1 DAGs
[2023-05-31T02:56:15.026+0000] {logging_mixin.py:137} INFO - [2023-05-31T02:56:15.026+0000] {dag.py:3441} INFO - Setting next_dagrun for tutorial_dag_mss to 2023-05-31T01:30:00+00:00, run_after=2023-05-31T02:30:00+00:00
[2023-05-31T02:56:15.046+0000] {processor.py:175} INFO - Processing /opt/airflow/dags/data/tutorial_dag_mss.py took 0.580 seconds
[2023-05-31T02:56:45.827+0000] {processor.py:153} INFO - Started process (PID=194) to work on /opt/airflow/dags/data/tutorial_dag_mss.py
[2023-05-31T02:56:45.828+0000] {processor.py:743} INFO - Processing file /opt/airflow/dags/data/tutorial_dag_mss.py for tasks to queue
[2023-05-31T02:56:45.829+0000] {logging_mixin.py:137} INFO - [2023-05-31T02:56:45.829+0000] {dagbag.py:538} INFO - Filling up the DagBag from /opt/airflow/dags/data/tutorial_dag_mss.py
[2023-05-31T02:56:46.270+0000] {processor.py:753} INFO - DAG(s) dict_keys(['tutorial_dag_mss']) retrieved from /opt/airflow/dags/data/tutorial_dag_mss.py
[2023-05-31T02:56:46.328+0000] {logging_mixin.py:137} INFO - [2023-05-31T02:56:46.327+0000] {dag.py:2690} INFO - Sync 1 DAGs
[2023-05-31T02:56:46.380+0000] {logging_mixin.py:137} INFO - [2023-05-31T02:56:46.379+0000] {dag.py:3441} INFO - Setting next_dagrun for tutorial_dag_mss to 2023-05-31T01:30:00+00:00, run_after=2023-05-31T02:30:00+00:00
[2023-05-31T02:56:46.444+0000] {processor.py:175} INFO - Processing /opt/airflow/dags/data/tutorial_dag_mss.py took 0.623 seconds
[2023-05-31T02:57:17.532+0000] {processor.py:153} INFO - Started process (PID=234) to work on /opt/airflow/dags/data/tutorial_dag_mss.py
[2023-05-31T02:57:17.534+0000] {processor.py:743} INFO - Processing file /opt/airflow/dags/data/tutorial_dag_mss.py for tasks to queue
[2023-05-31T02:57:17.536+0000] {logging_mixin.py:137} INFO - [2023-05-31T02:57:17.536+0000] {dagbag.py:538} INFO - Filling up the DagBag from /opt/airflow/dags/data/tutorial_dag_mss.py
[2023-05-31T02:57:18.338+0000] {processor.py:753} INFO - DAG(s) dict_keys(['tutorial_dag_mss']) retrieved from /opt/airflow/dags/data/tutorial_dag_mss.py
[2023-05-31T02:57:18.434+0000] {logging_mixin.py:137} INFO - [2023-05-31T02:57:18.433+0000] {dag.py:2690} INFO - Sync 1 DAGs
[2023-05-31T02:57:18.482+0000] {logging_mixin.py:137} INFO - [2023-05-31T02:57:18.482+0000] {dag.py:3441} INFO - Setting next_dagrun for tutorial_dag_mss to 2023-05-31T01:30:00+00:00, run_after=2023-05-31T02:30:00+00:00
[2023-05-31T02:57:18.502+0000] {processor.py:175} INFO - Processing /opt/airflow/dags/data/tutorial_dag_mss.py took 0.974 seconds
[2023-05-31T02:58:59.063+0000] {processor.py:153} INFO - Started process (PID=52) to work on /opt/airflow/dags/data/tutorial_dag_mss.py
[2023-05-31T02:58:59.065+0000] {processor.py:743} INFO - Processing file /opt/airflow/dags/data/tutorial_dag_mss.py for tasks to queue
[2023-05-31T02:58:59.069+0000] {logging_mixin.py:137} INFO - [2023-05-31T02:58:59.069+0000] {dagbag.py:538} INFO - Filling up the DagBag from /opt/airflow/dags/data/tutorial_dag_mss.py
[2023-05-31T02:59:00.156+0000] {processor.py:753} INFO - DAG(s) dict_keys(['tutorial_dag_mss']) retrieved from /opt/airflow/dags/data/tutorial_dag_mss.py
[2023-05-31T02:59:00.188+0000] {logging_mixin.py:137} INFO - [2023-05-31T02:59:00.187+0000] {dag.py:2690} INFO - Sync 1 DAGs
[2023-05-31T02:59:00.253+0000] {logging_mixin.py:137} INFO - [2023-05-31T02:59:00.253+0000] {dag.py:3441} INFO - Setting next_dagrun for tutorial_dag_mss to 2023-05-31T01:30:00+00:00, run_after=2023-05-31T02:30:00+00:00
[2023-05-31T02:59:00.299+0000] {processor.py:175} INFO - Processing /opt/airflow/dags/data/tutorial_dag_mss.py took 1.257 seconds
[2023-05-31T02:59:31.142+0000] {processor.py:153} INFO - Started process (PID=84) to work on /opt/airflow/dags/data/tutorial_dag_mss.py
[2023-05-31T02:59:31.146+0000] {processor.py:743} INFO - Processing file /opt/airflow/dags/data/tutorial_dag_mss.py for tasks to queue
[2023-05-31T02:59:31.150+0000] {logging_mixin.py:137} INFO - [2023-05-31T02:59:31.150+0000] {dagbag.py:538} INFO - Filling up the DagBag from /opt/airflow/dags/data/tutorial_dag_mss.py
[2023-05-31T02:59:31.740+0000] {processor.py:753} INFO - DAG(s) dict_keys(['tutorial_dag_mss']) retrieved from /opt/airflow/dags/data/tutorial_dag_mss.py
[2023-05-31T02:59:31.837+0000] {logging_mixin.py:137} INFO - [2023-05-31T02:59:31.836+0000] {dag.py:2690} INFO - Sync 1 DAGs
[2023-05-31T02:59:31.925+0000] {logging_mixin.py:137} INFO - [2023-05-31T02:59:31.924+0000] {dag.py:3441} INFO - Setting next_dagrun for tutorial_dag_mss to 2023-05-31T01:30:00+00:00, run_after=2023-05-31T02:30:00+00:00
[2023-05-31T02:59:31.962+0000] {processor.py:175} INFO - Processing /opt/airflow/dags/data/tutorial_dag_mss.py took 0.829 seconds
