[2023-05-15T00:13:46.632+0000] {processor.py:156} INFO - Started process (PID=195) to work on /home/airflow/.local/lib/python3.7/site-packages/airflow/example_dags/example_datasets.py
[2023-05-15T00:13:46.633+0000] {processor.py:758} INFO - Processing file /home/airflow/.local/lib/python3.7/site-packages/airflow/example_dags/example_datasets.py for tasks to queue
[2023-05-15T00:13:46.634+0000] {logging_mixin.py:117} INFO - [2023-05-15T00:13:46.634+0000] {dagbag.py:525} INFO - Filling up the DagBag from /home/airflow/.local/lib/python3.7/site-packages/airflow/example_dags/example_datasets.py
[2023-05-15T00:13:46.662+0000] {processor.py:768} INFO - DAG(s) dict_keys(['dataset_consumes_1_never_scheduled', 'dataset_produces_1', 'dataset_consumes_1', 'dataset_consumes_unknown_never_scheduled', 'dataset_consumes_1_and_2', 'dataset_produces_2']) retrieved from /home/airflow/.local/lib/python3.7/site-packages/airflow/example_dags/example_datasets.py
[2023-05-15T00:13:46.705+0000] {logging_mixin.py:117} INFO - [2023-05-15T00:13:46.705+0000] {dag.py:2573} INFO - Sync 6 DAGs
[2023-05-15T00:13:46.745+0000] {logging_mixin.py:117} INFO - [2023-05-15T00:13:46.745+0000] {dag.py:3328} INFO - Setting next_dagrun for dataset_consumes_1 to None, run_after=None
[2023-05-15T00:13:46.750+0000] {logging_mixin.py:117} INFO - [2023-05-15T00:13:46.750+0000] {dag.py:3328} INFO - Setting next_dagrun for dataset_consumes_1_and_2 to None, run_after=None
[2023-05-15T00:13:46.752+0000] {logging_mixin.py:117} INFO - [2023-05-15T00:13:46.752+0000] {dag.py:3328} INFO - Setting next_dagrun for dataset_consumes_1_never_scheduled to None, run_after=None
[2023-05-15T00:13:46.754+0000] {logging_mixin.py:117} INFO - [2023-05-15T00:13:46.753+0000] {dag.py:3328} INFO - Setting next_dagrun for dataset_consumes_unknown_never_scheduled to None, run_after=None
[2023-05-15T00:13:46.758+0000] {logging_mixin.py:117} INFO - [2023-05-15T00:13:46.758+0000] {dag.py:3328} INFO - Setting next_dagrun for dataset_produces_1 to 2023-05-14T00:00:00+00:00, run_after=2023-05-15T00:00:00+00:00
[2023-05-15T00:13:46.760+0000] {logging_mixin.py:117} INFO - [2023-05-15T00:13:46.760+0000] {dag.py:3328} INFO - Setting next_dagrun for dataset_produces_2 to None, run_after=None
[2023-05-15T00:13:46.800+0000] {processor.py:178} INFO - Processing /home/airflow/.local/lib/python3.7/site-packages/airflow/example_dags/example_datasets.py took 0.172 seconds
[2023-05-15T00:14:17.087+0000] {processor.py:156} INFO - Started process (PID=396) to work on /home/airflow/.local/lib/python3.7/site-packages/airflow/example_dags/example_datasets.py
[2023-05-15T00:14:17.090+0000] {processor.py:758} INFO - Processing file /home/airflow/.local/lib/python3.7/site-packages/airflow/example_dags/example_datasets.py for tasks to queue
[2023-05-15T00:14:17.092+0000] {logging_mixin.py:117} INFO - [2023-05-15T00:14:17.091+0000] {dagbag.py:525} INFO - Filling up the DagBag from /home/airflow/.local/lib/python3.7/site-packages/airflow/example_dags/example_datasets.py
[2023-05-15T00:14:17.155+0000] {processor.py:768} INFO - DAG(s) dict_keys(['dataset_consumes_1_and_2', 'dataset_consumes_unknown_never_scheduled', 'dataset_consumes_1', 'dataset_consumes_1_never_scheduled', 'dataset_produces_1', 'dataset_produces_2']) retrieved from /home/airflow/.local/lib/python3.7/site-packages/airflow/example_dags/example_datasets.py
[2023-05-15T00:14:17.465+0000] {logging_mixin.py:117} INFO - [2023-05-15T00:14:17.464+0000] {dag.py:2573} INFO - Sync 6 DAGs
[2023-05-15T00:14:17.858+0000] {logging_mixin.py:117} INFO - [2023-05-15T00:14:17.858+0000] {dag.py:3328} INFO - Setting next_dagrun for dataset_consumes_1 to None, run_after=None
[2023-05-15T00:14:17.890+0000] {logging_mixin.py:117} INFO - [2023-05-15T00:14:17.890+0000] {dag.py:3328} INFO - Setting next_dagrun for dataset_consumes_1_and_2 to None, run_after=None
[2023-05-15T00:14:17.896+0000] {logging_mixin.py:117} INFO - [2023-05-15T00:14:17.896+0000] {dag.py:3328} INFO - Setting next_dagrun for dataset_consumes_1_never_scheduled to None, run_after=None
[2023-05-15T00:14:17.906+0000] {logging_mixin.py:117} INFO - [2023-05-15T00:14:17.906+0000] {dag.py:3328} INFO - Setting next_dagrun for dataset_consumes_unknown_never_scheduled to None, run_after=None
[2023-05-15T00:14:17.926+0000] {logging_mixin.py:117} INFO - [2023-05-15T00:14:17.926+0000] {dag.py:3328} INFO - Setting next_dagrun for dataset_produces_1 to 2023-05-14T00:00:00+00:00, run_after=2023-05-15T00:00:00+00:00
[2023-05-15T00:14:17.929+0000] {logging_mixin.py:117} INFO - [2023-05-15T00:14:17.929+0000] {dag.py:3328} INFO - Setting next_dagrun for dataset_produces_2 to None, run_after=None
[2023-05-15T00:14:18.037+0000] {processor.py:178} INFO - Processing /home/airflow/.local/lib/python3.7/site-packages/airflow/example_dags/example_datasets.py took 0.955 seconds
[2023-05-15T00:14:48.097+0000] {processor.py:156} INFO - Started process (PID=608) to work on /home/airflow/.local/lib/python3.7/site-packages/airflow/example_dags/example_datasets.py
[2023-05-15T00:14:48.098+0000] {processor.py:758} INFO - Processing file /home/airflow/.local/lib/python3.7/site-packages/airflow/example_dags/example_datasets.py for tasks to queue
[2023-05-15T00:14:48.099+0000] {logging_mixin.py:117} INFO - [2023-05-15T00:14:48.099+0000] {dagbag.py:525} INFO - Filling up the DagBag from /home/airflow/.local/lib/python3.7/site-packages/airflow/example_dags/example_datasets.py
[2023-05-15T00:14:48.133+0000] {processor.py:768} INFO - DAG(s) dict_keys(['dataset_consumes_1', 'dataset_produces_1', 'dataset_consumes_unknown_never_scheduled', 'dataset_consumes_1_and_2', 'dataset_consumes_1_never_scheduled', 'dataset_produces_2']) retrieved from /home/airflow/.local/lib/python3.7/site-packages/airflow/example_dags/example_datasets.py
[2023-05-15T00:14:48.252+0000] {logging_mixin.py:117} INFO - [2023-05-15T00:14:48.252+0000] {dag.py:2573} INFO - Sync 6 DAGs
[2023-05-15T00:14:48.321+0000] {logging_mixin.py:117} INFO - [2023-05-15T00:14:48.321+0000] {dag.py:3328} INFO - Setting next_dagrun for dataset_consumes_1 to None, run_after=None
[2023-05-15T00:14:48.514+0000] {logging_mixin.py:117} INFO - [2023-05-15T00:14:48.514+0000] {dag.py:3328} INFO - Setting next_dagrun for dataset_consumes_1_and_2 to None, run_after=None
[2023-05-15T00:14:48.516+0000] {logging_mixin.py:117} INFO - [2023-05-15T00:14:48.516+0000] {dag.py:3328} INFO - Setting next_dagrun for dataset_consumes_1_never_scheduled to None, run_after=None
[2023-05-15T00:14:48.519+0000] {logging_mixin.py:117} INFO - [2023-05-15T00:14:48.519+0000] {dag.py:3328} INFO - Setting next_dagrun for dataset_consumes_unknown_never_scheduled to None, run_after=None
[2023-05-15T00:14:48.527+0000] {logging_mixin.py:117} INFO - [2023-05-15T00:14:48.526+0000] {dag.py:3328} INFO - Setting next_dagrun for dataset_produces_1 to 2023-05-14T00:00:00+00:00, run_after=2023-05-15T00:00:00+00:00
[2023-05-15T00:14:48.530+0000] {logging_mixin.py:117} INFO - [2023-05-15T00:14:48.530+0000] {dag.py:3328} INFO - Setting next_dagrun for dataset_produces_2 to None, run_after=None
[2023-05-15T00:14:48.596+0000] {processor.py:178} INFO - Processing /home/airflow/.local/lib/python3.7/site-packages/airflow/example_dags/example_datasets.py took 0.506 seconds
[2023-05-15T00:15:19.117+0000] {processor.py:156} INFO - Started process (PID=810) to work on /home/airflow/.local/lib/python3.7/site-packages/airflow/example_dags/example_datasets.py
[2023-05-15T00:15:19.118+0000] {processor.py:758} INFO - Processing file /home/airflow/.local/lib/python3.7/site-packages/airflow/example_dags/example_datasets.py for tasks to queue
[2023-05-15T00:15:19.119+0000] {logging_mixin.py:117} INFO - [2023-05-15T00:15:19.119+0000] {dagbag.py:525} INFO - Filling up the DagBag from /home/airflow/.local/lib/python3.7/site-packages/airflow/example_dags/example_datasets.py
[2023-05-15T00:15:19.147+0000] {processor.py:768} INFO - DAG(s) dict_keys(['dataset_consumes_1', 'dataset_consumes_unknown_never_scheduled', 'dataset_consumes_1_and_2', 'dataset_consumes_1_never_scheduled', 'dataset_produces_2', 'dataset_produces_1']) retrieved from /home/airflow/.local/lib/python3.7/site-packages/airflow/example_dags/example_datasets.py
[2023-05-15T00:15:19.243+0000] {logging_mixin.py:117} INFO - [2023-05-15T00:15:19.242+0000] {dag.py:2573} INFO - Sync 6 DAGs
[2023-05-15T00:15:19.511+0000] {logging_mixin.py:117} INFO - [2023-05-15T00:15:19.511+0000] {dag.py:3328} INFO - Setting next_dagrun for dataset_consumes_1 to None, run_after=None
[2023-05-15T00:15:19.519+0000] {logging_mixin.py:117} INFO - [2023-05-15T00:15:19.519+0000] {dag.py:3328} INFO - Setting next_dagrun for dataset_consumes_1_and_2 to None, run_after=None
[2023-05-15T00:15:19.521+0000] {logging_mixin.py:117} INFO - [2023-05-15T00:15:19.521+0000] {dag.py:3328} INFO - Setting next_dagrun for dataset_consumes_1_never_scheduled to None, run_after=None
[2023-05-15T00:15:19.522+0000] {logging_mixin.py:117} INFO - [2023-05-15T00:15:19.522+0000] {dag.py:3328} INFO - Setting next_dagrun for dataset_consumes_unknown_never_scheduled to None, run_after=None
[2023-05-15T00:15:19.525+0000] {logging_mixin.py:117} INFO - [2023-05-15T00:15:19.525+0000] {dag.py:3328} INFO - Setting next_dagrun for dataset_produces_1 to 2023-05-14T00:00:00+00:00, run_after=2023-05-15T00:00:00+00:00
[2023-05-15T00:15:19.529+0000] {logging_mixin.py:117} INFO - [2023-05-15T00:15:19.529+0000] {dag.py:3328} INFO - Setting next_dagrun for dataset_produces_2 to None, run_after=None
[2023-05-15T00:15:19.584+0000] {processor.py:178} INFO - Processing /home/airflow/.local/lib/python3.7/site-packages/airflow/example_dags/example_datasets.py took 0.471 seconds
[2023-05-15T00:15:49.899+0000] {processor.py:156} INFO - Started process (PID=1021) to work on /home/airflow/.local/lib/python3.7/site-packages/airflow/example_dags/example_datasets.py
[2023-05-15T00:15:49.900+0000] {processor.py:758} INFO - Processing file /home/airflow/.local/lib/python3.7/site-packages/airflow/example_dags/example_datasets.py for tasks to queue
[2023-05-15T00:15:49.902+0000] {logging_mixin.py:117} INFO - [2023-05-15T00:15:49.901+0000] {dagbag.py:525} INFO - Filling up the DagBag from /home/airflow/.local/lib/python3.7/site-packages/airflow/example_dags/example_datasets.py
[2023-05-15T00:15:49.936+0000] {processor.py:768} INFO - DAG(s) dict_keys(['dataset_consumes_unknown_never_scheduled', 'dataset_consumes_1_never_scheduled', 'dataset_consumes_1_and_2', 'dataset_consumes_1', 'dataset_produces_1', 'dataset_produces_2']) retrieved from /home/airflow/.local/lib/python3.7/site-packages/airflow/example_dags/example_datasets.py
[2023-05-15T00:15:50.254+0000] {logging_mixin.py:117} INFO - [2023-05-15T00:15:50.254+0000] {dag.py:2573} INFO - Sync 6 DAGs
[2023-05-15T00:15:50.301+0000] {logging_mixin.py:117} INFO - [2023-05-15T00:15:50.300+0000] {dag.py:3328} INFO - Setting next_dagrun for dataset_consumes_1 to None, run_after=None
[2023-05-15T00:15:50.310+0000] {logging_mixin.py:117} INFO - [2023-05-15T00:15:50.310+0000] {dag.py:3328} INFO - Setting next_dagrun for dataset_consumes_1_and_2 to None, run_after=None
[2023-05-15T00:15:50.316+0000] {logging_mixin.py:117} INFO - [2023-05-15T00:15:50.315+0000] {dag.py:3328} INFO - Setting next_dagrun for dataset_consumes_1_never_scheduled to None, run_after=None
[2023-05-15T00:15:50.318+0000] {logging_mixin.py:117} INFO - [2023-05-15T00:15:50.318+0000] {dag.py:3328} INFO - Setting next_dagrun for dataset_consumes_unknown_never_scheduled to None, run_after=None
[2023-05-15T00:15:50.327+0000] {logging_mixin.py:117} INFO - [2023-05-15T00:15:50.327+0000] {dag.py:3328} INFO - Setting next_dagrun for dataset_produces_1 to 2023-05-14T00:00:00+00:00, run_after=2023-05-15T00:00:00+00:00
[2023-05-15T00:15:50.329+0000] {logging_mixin.py:117} INFO - [2023-05-15T00:15:50.329+0000] {dag.py:3328} INFO - Setting next_dagrun for dataset_produces_2 to None, run_after=None
[2023-05-15T00:15:50.395+0000] {processor.py:178} INFO - Processing /home/airflow/.local/lib/python3.7/site-packages/airflow/example_dags/example_datasets.py took 0.502 seconds
[2023-05-15T00:16:20.781+0000] {processor.py:156} INFO - Started process (PID=1223) to work on /home/airflow/.local/lib/python3.7/site-packages/airflow/example_dags/example_datasets.py
[2023-05-15T00:16:20.782+0000] {processor.py:758} INFO - Processing file /home/airflow/.local/lib/python3.7/site-packages/airflow/example_dags/example_datasets.py for tasks to queue
[2023-05-15T00:16:20.782+0000] {logging_mixin.py:117} INFO - [2023-05-15T00:16:20.782+0000] {dagbag.py:525} INFO - Filling up the DagBag from /home/airflow/.local/lib/python3.7/site-packages/airflow/example_dags/example_datasets.py
[2023-05-15T00:16:20.799+0000] {processor.py:768} INFO - DAG(s) dict_keys(['dataset_consumes_1_and_2', 'dataset_consumes_unknown_never_scheduled', 'dataset_consumes_1_never_scheduled', 'dataset_produces_2', 'dataset_produces_1', 'dataset_consumes_1']) retrieved from /home/airflow/.local/lib/python3.7/site-packages/airflow/example_dags/example_datasets.py
[2023-05-15T00:16:21.022+0000] {logging_mixin.py:117} INFO - [2023-05-15T00:16:21.022+0000] {dag.py:2573} INFO - Sync 6 DAGs
[2023-05-15T00:16:21.051+0000] {logging_mixin.py:117} INFO - [2023-05-15T00:16:21.051+0000] {dag.py:3328} INFO - Setting next_dagrun for dataset_consumes_1 to None, run_after=None
[2023-05-15T00:16:21.055+0000] {logging_mixin.py:117} INFO - [2023-05-15T00:16:21.055+0000] {dag.py:3328} INFO - Setting next_dagrun for dataset_consumes_1_and_2 to None, run_after=None
[2023-05-15T00:16:21.057+0000] {logging_mixin.py:117} INFO - [2023-05-15T00:16:21.057+0000] {dag.py:3328} INFO - Setting next_dagrun for dataset_consumes_1_never_scheduled to None, run_after=None
[2023-05-15T00:16:21.059+0000] {logging_mixin.py:117} INFO - [2023-05-15T00:16:21.059+0000] {dag.py:3328} INFO - Setting next_dagrun for dataset_consumes_unknown_never_scheduled to None, run_after=None
[2023-05-15T00:16:21.062+0000] {logging_mixin.py:117} INFO - [2023-05-15T00:16:21.062+0000] {dag.py:3328} INFO - Setting next_dagrun for dataset_produces_1 to 2023-05-14T00:00:00+00:00, run_after=2023-05-15T00:00:00+00:00
[2023-05-15T00:16:21.064+0000] {logging_mixin.py:117} INFO - [2023-05-15T00:16:21.064+0000] {dag.py:3328} INFO - Setting next_dagrun for dataset_produces_2 to None, run_after=None
[2023-05-15T00:16:21.102+0000] {processor.py:178} INFO - Processing /home/airflow/.local/lib/python3.7/site-packages/airflow/example_dags/example_datasets.py took 0.325 seconds
[2023-05-15T00:16:51.402+0000] {processor.py:156} INFO - Started process (PID=1435) to work on /home/airflow/.local/lib/python3.7/site-packages/airflow/example_dags/example_datasets.py
[2023-05-15T00:16:51.403+0000] {processor.py:758} INFO - Processing file /home/airflow/.local/lib/python3.7/site-packages/airflow/example_dags/example_datasets.py for tasks to queue
[2023-05-15T00:16:51.404+0000] {logging_mixin.py:117} INFO - [2023-05-15T00:16:51.404+0000] {dagbag.py:525} INFO - Filling up the DagBag from /home/airflow/.local/lib/python3.7/site-packages/airflow/example_dags/example_datasets.py
[2023-05-15T00:16:51.440+0000] {processor.py:768} INFO - DAG(s) dict_keys(['dataset_consumes_1_and_2', 'dataset_consumes_1_never_scheduled', 'dataset_produces_2', 'dataset_produces_1', 'dataset_consumes_1', 'dataset_consumes_unknown_never_scheduled']) retrieved from /home/airflow/.local/lib/python3.7/site-packages/airflow/example_dags/example_datasets.py
[2023-05-15T00:16:51.723+0000] {logging_mixin.py:117} INFO - [2023-05-15T00:16:51.723+0000] {dag.py:2573} INFO - Sync 6 DAGs
[2023-05-15T00:16:51.748+0000] {logging_mixin.py:117} INFO - [2023-05-15T00:16:51.748+0000] {dag.py:3328} INFO - Setting next_dagrun for dataset_consumes_1 to None, run_after=None
[2023-05-15T00:16:51.753+0000] {logging_mixin.py:117} INFO - [2023-05-15T00:16:51.753+0000] {dag.py:3328} INFO - Setting next_dagrun for dataset_consumes_1_and_2 to None, run_after=None
[2023-05-15T00:16:51.754+0000] {logging_mixin.py:117} INFO - [2023-05-15T00:16:51.754+0000] {dag.py:3328} INFO - Setting next_dagrun for dataset_consumes_1_never_scheduled to None, run_after=None
[2023-05-15T00:16:51.756+0000] {logging_mixin.py:117} INFO - [2023-05-15T00:16:51.756+0000] {dag.py:3328} INFO - Setting next_dagrun for dataset_consumes_unknown_never_scheduled to None, run_after=None
[2023-05-15T00:16:51.761+0000] {logging_mixin.py:117} INFO - [2023-05-15T00:16:51.761+0000] {dag.py:3328} INFO - Setting next_dagrun for dataset_produces_1 to 2023-05-14T00:00:00+00:00, run_after=2023-05-15T00:00:00+00:00
[2023-05-15T00:16:51.763+0000] {logging_mixin.py:117} INFO - [2023-05-15T00:16:51.763+0000] {dag.py:3328} INFO - Setting next_dagrun for dataset_produces_2 to None, run_after=None
[2023-05-15T00:16:51.802+0000] {processor.py:178} INFO - Processing /home/airflow/.local/lib/python3.7/site-packages/airflow/example_dags/example_datasets.py took 0.403 seconds
[2023-05-15T00:17:22.064+0000] {processor.py:156} INFO - Started process (PID=1639) to work on /home/airflow/.local/lib/python3.7/site-packages/airflow/example_dags/example_datasets.py
[2023-05-15T00:17:22.064+0000] {processor.py:758} INFO - Processing file /home/airflow/.local/lib/python3.7/site-packages/airflow/example_dags/example_datasets.py for tasks to queue
[2023-05-15T00:17:22.065+0000] {logging_mixin.py:117} INFO - [2023-05-15T00:17:22.065+0000] {dagbag.py:525} INFO - Filling up the DagBag from /home/airflow/.local/lib/python3.7/site-packages/airflow/example_dags/example_datasets.py
[2023-05-15T00:17:22.230+0000] {processor.py:768} INFO - DAG(s) dict_keys(['dataset_consumes_1_and_2', 'dataset_consumes_1_never_scheduled', 'dataset_consumes_1', 'dataset_produces_2', 'dataset_produces_1', 'dataset_consumes_unknown_never_scheduled']) retrieved from /home/airflow/.local/lib/python3.7/site-packages/airflow/example_dags/example_datasets.py
[2023-05-15T00:17:22.296+0000] {logging_mixin.py:117} INFO - [2023-05-15T00:17:22.296+0000] {dag.py:2573} INFO - Sync 6 DAGs
[2023-05-15T00:17:22.327+0000] {logging_mixin.py:117} INFO - [2023-05-15T00:17:22.327+0000] {dag.py:3328} INFO - Setting next_dagrun for dataset_consumes_1 to None, run_after=None
[2023-05-15T00:17:22.330+0000] {logging_mixin.py:117} INFO - [2023-05-15T00:17:22.330+0000] {dag.py:3328} INFO - Setting next_dagrun for dataset_consumes_1_and_2 to None, run_after=None
[2023-05-15T00:17:22.332+0000] {logging_mixin.py:117} INFO - [2023-05-15T00:17:22.332+0000] {dag.py:3328} INFO - Setting next_dagrun for dataset_consumes_1_never_scheduled to None, run_after=None
[2023-05-15T00:17:22.334+0000] {logging_mixin.py:117} INFO - [2023-05-15T00:17:22.334+0000] {dag.py:3328} INFO - Setting next_dagrun for dataset_consumes_unknown_never_scheduled to None, run_after=None
[2023-05-15T00:17:22.336+0000] {logging_mixin.py:117} INFO - [2023-05-15T00:17:22.336+0000] {dag.py:3328} INFO - Setting next_dagrun for dataset_produces_1 to 2023-05-14T00:00:00+00:00, run_after=2023-05-15T00:00:00+00:00
[2023-05-15T00:17:22.338+0000] {logging_mixin.py:117} INFO - [2023-05-15T00:17:22.338+0000] {dag.py:3328} INFO - Setting next_dagrun for dataset_produces_2 to None, run_after=None
[2023-05-15T00:17:22.373+0000] {processor.py:178} INFO - Processing /home/airflow/.local/lib/python3.7/site-packages/airflow/example_dags/example_datasets.py took 0.313 seconds
[2023-05-15T00:17:52.435+0000] {processor.py:156} INFO - Started process (PID=1853) to work on /home/airflow/.local/lib/python3.7/site-packages/airflow/example_dags/example_datasets.py
[2023-05-15T00:17:52.436+0000] {processor.py:758} INFO - Processing file /home/airflow/.local/lib/python3.7/site-packages/airflow/example_dags/example_datasets.py for tasks to queue
[2023-05-15T00:17:52.437+0000] {logging_mixin.py:117} INFO - [2023-05-15T00:17:52.437+0000] {dagbag.py:525} INFO - Filling up the DagBag from /home/airflow/.local/lib/python3.7/site-packages/airflow/example_dags/example_datasets.py
[2023-05-15T00:17:52.458+0000] {processor.py:768} INFO - DAG(s) dict_keys(['dataset_consumes_1_and_2', 'dataset_consumes_1', 'dataset_produces_2', 'dataset_consumes_1_never_scheduled', 'dataset_consumes_unknown_never_scheduled', 'dataset_produces_1']) retrieved from /home/airflow/.local/lib/python3.7/site-packages/airflow/example_dags/example_datasets.py
[2023-05-15T00:17:52.550+0000] {logging_mixin.py:117} INFO - [2023-05-15T00:17:52.550+0000] {dag.py:2573} INFO - Sync 6 DAGs
[2023-05-15T00:17:52.625+0000] {logging_mixin.py:117} INFO - [2023-05-15T00:17:52.613+0000] {dag.py:3328} INFO - Setting next_dagrun for dataset_consumes_1 to None, run_after=None
[2023-05-15T00:17:52.633+0000] {logging_mixin.py:117} INFO - [2023-05-15T00:17:52.633+0000] {dag.py:3328} INFO - Setting next_dagrun for dataset_consumes_1_and_2 to None, run_after=None
[2023-05-15T00:17:52.635+0000] {logging_mixin.py:117} INFO - [2023-05-15T00:17:52.635+0000] {dag.py:3328} INFO - Setting next_dagrun for dataset_consumes_1_never_scheduled to None, run_after=None
[2023-05-15T00:17:52.637+0000] {logging_mixin.py:117} INFO - [2023-05-15T00:17:52.637+0000] {dag.py:3328} INFO - Setting next_dagrun for dataset_consumes_unknown_never_scheduled to None, run_after=None
[2023-05-15T00:17:52.642+0000] {logging_mixin.py:117} INFO - [2023-05-15T00:17:52.642+0000] {dag.py:3328} INFO - Setting next_dagrun for dataset_produces_1 to 2023-05-14T00:00:00+00:00, run_after=2023-05-15T00:00:00+00:00
[2023-05-15T00:17:52.644+0000] {logging_mixin.py:117} INFO - [2023-05-15T00:17:52.644+0000] {dag.py:3328} INFO - Setting next_dagrun for dataset_produces_2 to None, run_after=None
[2023-05-15T00:17:52.721+0000] {processor.py:178} INFO - Processing /home/airflow/.local/lib/python3.7/site-packages/airflow/example_dags/example_datasets.py took 0.291 seconds
[2023-05-15T00:18:23.725+0000] {processor.py:156} INFO - Started process (PID=2064) to work on /home/airflow/.local/lib/python3.7/site-packages/airflow/example_dags/example_datasets.py
[2023-05-15T00:18:23.727+0000] {processor.py:758} INFO - Processing file /home/airflow/.local/lib/python3.7/site-packages/airflow/example_dags/example_datasets.py for tasks to queue
[2023-05-15T00:18:23.730+0000] {logging_mixin.py:117} INFO - [2023-05-15T00:18:23.729+0000] {dagbag.py:525} INFO - Filling up the DagBag from /home/airflow/.local/lib/python3.7/site-packages/airflow/example_dags/example_datasets.py
[2023-05-15T00:18:23.775+0000] {processor.py:768} INFO - DAG(s) dict_keys(['dataset_consumes_1_never_scheduled', 'dataset_produces_1', 'dataset_consumes_1', 'dataset_consumes_unknown_never_scheduled', 'dataset_produces_2', 'dataset_consumes_1_and_2']) retrieved from /home/airflow/.local/lib/python3.7/site-packages/airflow/example_dags/example_datasets.py
[2023-05-15T00:18:23.854+0000] {logging_mixin.py:117} INFO - [2023-05-15T00:18:23.854+0000] {dag.py:2573} INFO - Sync 6 DAGs
[2023-05-15T00:18:23.913+0000] {logging_mixin.py:117} INFO - [2023-05-15T00:18:23.913+0000] {dag.py:3328} INFO - Setting next_dagrun for dataset_consumes_1 to None, run_after=None
[2023-05-15T00:18:23.918+0000] {logging_mixin.py:117} INFO - [2023-05-15T00:18:23.918+0000] {dag.py:3328} INFO - Setting next_dagrun for dataset_consumes_1_and_2 to None, run_after=None
[2023-05-15T00:18:23.920+0000] {logging_mixin.py:117} INFO - [2023-05-15T00:18:23.920+0000] {dag.py:3328} INFO - Setting next_dagrun for dataset_consumes_1_never_scheduled to None, run_after=None
[2023-05-15T00:18:23.922+0000] {logging_mixin.py:117} INFO - [2023-05-15T00:18:23.922+0000] {dag.py:3328} INFO - Setting next_dagrun for dataset_consumes_unknown_never_scheduled to None, run_after=None
[2023-05-15T00:18:23.927+0000] {logging_mixin.py:117} INFO - [2023-05-15T00:18:23.926+0000] {dag.py:3328} INFO - Setting next_dagrun for dataset_produces_1 to 2023-05-14T00:00:00+00:00, run_after=2023-05-15T00:00:00+00:00
[2023-05-15T00:18:23.928+0000] {logging_mixin.py:117} INFO - [2023-05-15T00:18:23.928+0000] {dag.py:3328} INFO - Setting next_dagrun for dataset_produces_2 to None, run_after=None
[2023-05-15T00:18:23.982+0000] {processor.py:178} INFO - Processing /home/airflow/.local/lib/python3.7/site-packages/airflow/example_dags/example_datasets.py took 0.267 seconds
[2023-05-15T00:18:54.392+0000] {processor.py:156} INFO - Started process (PID=2267) to work on /home/airflow/.local/lib/python3.7/site-packages/airflow/example_dags/example_datasets.py
[2023-05-15T00:18:54.396+0000] {processor.py:758} INFO - Processing file /home/airflow/.local/lib/python3.7/site-packages/airflow/example_dags/example_datasets.py for tasks to queue
[2023-05-15T00:18:54.398+0000] {logging_mixin.py:117} INFO - [2023-05-15T00:18:54.397+0000] {dagbag.py:525} INFO - Filling up the DagBag from /home/airflow/.local/lib/python3.7/site-packages/airflow/example_dags/example_datasets.py
[2023-05-15T00:18:54.432+0000] {processor.py:768} INFO - DAG(s) dict_keys(['dataset_produces_1', 'dataset_consumes_1_never_scheduled', 'dataset_consumes_1', 'dataset_consumes_1_and_2', 'dataset_consumes_unknown_never_scheduled', 'dataset_produces_2']) retrieved from /home/airflow/.local/lib/python3.7/site-packages/airflow/example_dags/example_datasets.py
[2023-05-15T00:18:54.556+0000] {logging_mixin.py:117} INFO - [2023-05-15T00:18:54.556+0000] {dag.py:2573} INFO - Sync 6 DAGs
[2023-05-15T00:18:54.616+0000] {logging_mixin.py:117} INFO - [2023-05-15T00:18:54.616+0000] {dag.py:3328} INFO - Setting next_dagrun for dataset_consumes_1 to None, run_after=None
[2023-05-15T00:18:54.621+0000] {logging_mixin.py:117} INFO - [2023-05-15T00:18:54.621+0000] {dag.py:3328} INFO - Setting next_dagrun for dataset_consumes_1_and_2 to None, run_after=None
[2023-05-15T00:18:54.623+0000] {logging_mixin.py:117} INFO - [2023-05-15T00:18:54.623+0000] {dag.py:3328} INFO - Setting next_dagrun for dataset_consumes_1_never_scheduled to None, run_after=None
[2023-05-15T00:18:54.626+0000] {logging_mixin.py:117} INFO - [2023-05-15T00:18:54.625+0000] {dag.py:3328} INFO - Setting next_dagrun for dataset_consumes_unknown_never_scheduled to None, run_after=None
[2023-05-15T00:18:54.631+0000] {logging_mixin.py:117} INFO - [2023-05-15T00:18:54.630+0000] {dag.py:3328} INFO - Setting next_dagrun for dataset_produces_1 to 2023-05-14T00:00:00+00:00, run_after=2023-05-15T00:00:00+00:00
[2023-05-15T00:18:54.632+0000] {logging_mixin.py:117} INFO - [2023-05-15T00:18:54.632+0000] {dag.py:3328} INFO - Setting next_dagrun for dataset_produces_2 to None, run_after=None
[2023-05-15T00:18:54.685+0000] {processor.py:178} INFO - Processing /home/airflow/.local/lib/python3.7/site-packages/airflow/example_dags/example_datasets.py took 0.296 seconds
[2023-05-15T00:19:25.588+0000] {processor.py:156} INFO - Started process (PID=2477) to work on /home/airflow/.local/lib/python3.7/site-packages/airflow/example_dags/example_datasets.py
[2023-05-15T00:19:25.589+0000] {processor.py:758} INFO - Processing file /home/airflow/.local/lib/python3.7/site-packages/airflow/example_dags/example_datasets.py for tasks to queue
[2023-05-15T00:19:25.591+0000] {logging_mixin.py:117} INFO - [2023-05-15T00:19:25.591+0000] {dagbag.py:525} INFO - Filling up the DagBag from /home/airflow/.local/lib/python3.7/site-packages/airflow/example_dags/example_datasets.py
[2023-05-15T00:19:25.610+0000] {processor.py:768} INFO - DAG(s) dict_keys(['dataset_consumes_1', 'dataset_produces_1', 'dataset_produces_2', 'dataset_consumes_unknown_never_scheduled', 'dataset_consumes_1_never_scheduled', 'dataset_consumes_1_and_2']) retrieved from /home/airflow/.local/lib/python3.7/site-packages/airflow/example_dags/example_datasets.py
[2023-05-15T00:19:25.676+0000] {logging_mixin.py:117} INFO - [2023-05-15T00:19:25.675+0000] {dag.py:2573} INFO - Sync 6 DAGs
[2023-05-15T00:19:25.703+0000] {logging_mixin.py:117} INFO - [2023-05-15T00:19:25.703+0000] {dag.py:3328} INFO - Setting next_dagrun for dataset_consumes_1 to None, run_after=None
[2023-05-15T00:19:25.706+0000] {logging_mixin.py:117} INFO - [2023-05-15T00:19:25.706+0000] {dag.py:3328} INFO - Setting next_dagrun for dataset_consumes_1_and_2 to None, run_after=None
[2023-05-15T00:19:25.708+0000] {logging_mixin.py:117} INFO - [2023-05-15T00:19:25.707+0000] {dag.py:3328} INFO - Setting next_dagrun for dataset_consumes_1_never_scheduled to None, run_after=None
[2023-05-15T00:19:25.709+0000] {logging_mixin.py:117} INFO - [2023-05-15T00:19:25.708+0000] {dag.py:3328} INFO - Setting next_dagrun for dataset_consumes_unknown_never_scheduled to None, run_after=None
[2023-05-15T00:19:25.711+0000] {logging_mixin.py:117} INFO - [2023-05-15T00:19:25.711+0000] {dag.py:3328} INFO - Setting next_dagrun for dataset_produces_1 to 2023-05-14T00:00:00+00:00, run_after=2023-05-15T00:00:00+00:00
[2023-05-15T00:19:25.712+0000] {logging_mixin.py:117} INFO - [2023-05-15T00:19:25.712+0000] {dag.py:3328} INFO - Setting next_dagrun for dataset_produces_2 to None, run_after=None
[2023-05-15T00:19:25.747+0000] {processor.py:178} INFO - Processing /home/airflow/.local/lib/python3.7/site-packages/airflow/example_dags/example_datasets.py took 0.162 seconds
[2023-05-15T00:19:56.022+0000] {processor.py:156} INFO - Started process (PID=2690) to work on /home/airflow/.local/lib/python3.7/site-packages/airflow/example_dags/example_datasets.py
[2023-05-15T00:19:56.022+0000] {processor.py:758} INFO - Processing file /home/airflow/.local/lib/python3.7/site-packages/airflow/example_dags/example_datasets.py for tasks to queue
[2023-05-15T00:19:56.024+0000] {logging_mixin.py:117} INFO - [2023-05-15T00:19:56.024+0000] {dagbag.py:525} INFO - Filling up the DagBag from /home/airflow/.local/lib/python3.7/site-packages/airflow/example_dags/example_datasets.py
[2023-05-15T00:19:56.049+0000] {processor.py:768} INFO - DAG(s) dict_keys(['dataset_consumes_1_never_scheduled', 'dataset_consumes_unknown_never_scheduled', 'dataset_produces_2', 'dataset_produces_1', 'dataset_consumes_1', 'dataset_consumes_1_and_2']) retrieved from /home/airflow/.local/lib/python3.7/site-packages/airflow/example_dags/example_datasets.py
[2023-05-15T00:19:56.118+0000] {logging_mixin.py:117} INFO - [2023-05-15T00:19:56.117+0000] {dag.py:2573} INFO - Sync 6 DAGs
[2023-05-15T00:19:56.156+0000] {logging_mixin.py:117} INFO - [2023-05-15T00:19:56.156+0000] {dag.py:3328} INFO - Setting next_dagrun for dataset_consumes_1 to None, run_after=None
[2023-05-15T00:19:56.159+0000] {logging_mixin.py:117} INFO - [2023-05-15T00:19:56.159+0000] {dag.py:3328} INFO - Setting next_dagrun for dataset_consumes_1_and_2 to None, run_after=None
[2023-05-15T00:19:56.161+0000] {logging_mixin.py:117} INFO - [2023-05-15T00:19:56.161+0000] {dag.py:3328} INFO - Setting next_dagrun for dataset_consumes_1_never_scheduled to None, run_after=None
[2023-05-15T00:19:56.162+0000] {logging_mixin.py:117} INFO - [2023-05-15T00:19:56.162+0000] {dag.py:3328} INFO - Setting next_dagrun for dataset_consumes_unknown_never_scheduled to None, run_after=None
[2023-05-15T00:19:56.165+0000] {logging_mixin.py:117} INFO - [2023-05-15T00:19:56.164+0000] {dag.py:3328} INFO - Setting next_dagrun for dataset_produces_1 to 2023-05-14T00:00:00+00:00, run_after=2023-05-15T00:00:00+00:00
[2023-05-15T00:19:56.166+0000] {logging_mixin.py:117} INFO - [2023-05-15T00:19:56.166+0000] {dag.py:3328} INFO - Setting next_dagrun for dataset_produces_2 to None, run_after=None
[2023-05-15T00:19:56.194+0000] {processor.py:178} INFO - Processing /home/airflow/.local/lib/python3.7/site-packages/airflow/example_dags/example_datasets.py took 0.176 seconds
[2023-05-15T00:20:26.632+0000] {processor.py:156} INFO - Started process (PID=2892) to work on /home/airflow/.local/lib/python3.7/site-packages/airflow/example_dags/example_datasets.py
[2023-05-15T00:20:26.634+0000] {processor.py:758} INFO - Processing file /home/airflow/.local/lib/python3.7/site-packages/airflow/example_dags/example_datasets.py for tasks to queue
[2023-05-15T00:20:26.636+0000] {logging_mixin.py:117} INFO - [2023-05-15T00:20:26.636+0000] {dagbag.py:525} INFO - Filling up the DagBag from /home/airflow/.local/lib/python3.7/site-packages/airflow/example_dags/example_datasets.py
[2023-05-15T00:20:26.666+0000] {processor.py:768} INFO - DAG(s) dict_keys(['dataset_consumes_1_never_scheduled', 'dataset_consumes_unknown_never_scheduled', 'dataset_consumes_1', 'dataset_produces_2', 'dataset_consumes_1_and_2', 'dataset_produces_1']) retrieved from /home/airflow/.local/lib/python3.7/site-packages/airflow/example_dags/example_datasets.py
[2023-05-15T00:20:26.827+0000] {logging_mixin.py:117} INFO - [2023-05-15T00:20:26.827+0000] {dag.py:2573} INFO - Sync 6 DAGs
[2023-05-15T00:20:26.878+0000] {logging_mixin.py:117} INFO - [2023-05-15T00:20:26.878+0000] {dag.py:3328} INFO - Setting next_dagrun for dataset_consumes_1 to None, run_after=None
[2023-05-15T00:20:26.881+0000] {logging_mixin.py:117} INFO - [2023-05-15T00:20:26.881+0000] {dag.py:3328} INFO - Setting next_dagrun for dataset_consumes_1_and_2 to None, run_after=None
[2023-05-15T00:20:26.883+0000] {logging_mixin.py:117} INFO - [2023-05-15T00:20:26.883+0000] {dag.py:3328} INFO - Setting next_dagrun for dataset_consumes_1_never_scheduled to None, run_after=None
[2023-05-15T00:20:26.886+0000] {logging_mixin.py:117} INFO - [2023-05-15T00:20:26.886+0000] {dag.py:3328} INFO - Setting next_dagrun for dataset_consumes_unknown_never_scheduled to None, run_after=None
[2023-05-15T00:20:26.890+0000] {logging_mixin.py:117} INFO - [2023-05-15T00:20:26.890+0000] {dag.py:3328} INFO - Setting next_dagrun for dataset_produces_1 to 2023-05-14T00:00:00+00:00, run_after=2023-05-15T00:00:00+00:00
[2023-05-15T00:20:26.893+0000] {logging_mixin.py:117} INFO - [2023-05-15T00:20:26.893+0000] {dag.py:3328} INFO - Setting next_dagrun for dataset_produces_2 to None, run_after=None
[2023-05-15T00:20:26.938+0000] {processor.py:178} INFO - Processing /home/airflow/.local/lib/python3.7/site-packages/airflow/example_dags/example_datasets.py took 0.310 seconds
[2023-05-15T00:20:57.651+0000] {processor.py:156} INFO - Started process (PID=3103) to work on /home/airflow/.local/lib/python3.7/site-packages/airflow/example_dags/example_datasets.py
[2023-05-15T00:20:57.652+0000] {processor.py:758} INFO - Processing file /home/airflow/.local/lib/python3.7/site-packages/airflow/example_dags/example_datasets.py for tasks to queue
[2023-05-15T00:20:57.653+0000] {logging_mixin.py:117} INFO - [2023-05-15T00:20:57.653+0000] {dagbag.py:525} INFO - Filling up the DagBag from /home/airflow/.local/lib/python3.7/site-packages/airflow/example_dags/example_datasets.py
[2023-05-15T00:20:57.680+0000] {processor.py:768} INFO - DAG(s) dict_keys(['dataset_consumes_1', 'dataset_consumes_1_never_scheduled', 'dataset_produces_1', 'dataset_consumes_unknown_never_scheduled', 'dataset_produces_2', 'dataset_consumes_1_and_2']) retrieved from /home/airflow/.local/lib/python3.7/site-packages/airflow/example_dags/example_datasets.py
[2023-05-15T00:20:57.753+0000] {logging_mixin.py:117} INFO - [2023-05-15T00:20:57.752+0000] {dag.py:2573} INFO - Sync 6 DAGs
[2023-05-15T00:20:57.789+0000] {logging_mixin.py:117} INFO - [2023-05-15T00:20:57.788+0000] {dag.py:3328} INFO - Setting next_dagrun for dataset_consumes_1 to None, run_after=None
[2023-05-15T00:20:57.793+0000] {logging_mixin.py:117} INFO - [2023-05-15T00:20:57.793+0000] {dag.py:3328} INFO - Setting next_dagrun for dataset_consumes_1_and_2 to None, run_after=None
[2023-05-15T00:20:57.794+0000] {logging_mixin.py:117} INFO - [2023-05-15T00:20:57.794+0000] {dag.py:3328} INFO - Setting next_dagrun for dataset_consumes_1_never_scheduled to None, run_after=None
[2023-05-15T00:20:57.796+0000] {logging_mixin.py:117} INFO - [2023-05-15T00:20:57.796+0000] {dag.py:3328} INFO - Setting next_dagrun for dataset_consumes_unknown_never_scheduled to None, run_after=None
[2023-05-15T00:20:57.799+0000] {logging_mixin.py:117} INFO - [2023-05-15T00:20:57.799+0000] {dag.py:3328} INFO - Setting next_dagrun for dataset_produces_1 to 2023-05-14T00:00:00+00:00, run_after=2023-05-15T00:00:00+00:00
[2023-05-15T00:20:57.800+0000] {logging_mixin.py:117} INFO - [2023-05-15T00:20:57.800+0000] {dag.py:3328} INFO - Setting next_dagrun for dataset_produces_2 to None, run_after=None
[2023-05-15T00:20:57.837+0000] {processor.py:178} INFO - Processing /home/airflow/.local/lib/python3.7/site-packages/airflow/example_dags/example_datasets.py took 0.196 seconds
[2023-05-15T00:21:28.056+0000] {processor.py:156} INFO - Started process (PID=3316) to work on /home/airflow/.local/lib/python3.7/site-packages/airflow/example_dags/example_datasets.py
[2023-05-15T00:21:28.057+0000] {processor.py:758} INFO - Processing file /home/airflow/.local/lib/python3.7/site-packages/airflow/example_dags/example_datasets.py for tasks to queue
[2023-05-15T00:21:28.058+0000] {logging_mixin.py:117} INFO - [2023-05-15T00:21:28.058+0000] {dagbag.py:525} INFO - Filling up the DagBag from /home/airflow/.local/lib/python3.7/site-packages/airflow/example_dags/example_datasets.py
[2023-05-15T00:21:28.082+0000] {processor.py:768} INFO - DAG(s) dict_keys(['dataset_consumes_1_never_scheduled', 'dataset_consumes_unknown_never_scheduled', 'dataset_consumes_1', 'dataset_produces_2', 'dataset_produces_1', 'dataset_consumes_1_and_2']) retrieved from /home/airflow/.local/lib/python3.7/site-packages/airflow/example_dags/example_datasets.py
[2023-05-15T00:21:28.135+0000] {logging_mixin.py:117} INFO - [2023-05-15T00:21:28.135+0000] {dag.py:2573} INFO - Sync 6 DAGs
[2023-05-15T00:21:28.160+0000] {logging_mixin.py:117} INFO - [2023-05-15T00:21:28.159+0000] {dag.py:3328} INFO - Setting next_dagrun for dataset_consumes_1 to None, run_after=None
[2023-05-15T00:21:28.163+0000] {logging_mixin.py:117} INFO - [2023-05-15T00:21:28.163+0000] {dag.py:3328} INFO - Setting next_dagrun for dataset_consumes_1_and_2 to None, run_after=None
[2023-05-15T00:21:28.164+0000] {logging_mixin.py:117} INFO - [2023-05-15T00:21:28.164+0000] {dag.py:3328} INFO - Setting next_dagrun for dataset_consumes_1_never_scheduled to None, run_after=None
[2023-05-15T00:21:28.165+0000] {logging_mixin.py:117} INFO - [2023-05-15T00:21:28.165+0000] {dag.py:3328} INFO - Setting next_dagrun for dataset_consumes_unknown_never_scheduled to None, run_after=None
[2023-05-15T00:21:28.167+0000] {logging_mixin.py:117} INFO - [2023-05-15T00:21:28.167+0000] {dag.py:3328} INFO - Setting next_dagrun for dataset_produces_1 to 2023-05-14T00:00:00+00:00, run_after=2023-05-15T00:00:00+00:00
[2023-05-15T00:21:28.169+0000] {logging_mixin.py:117} INFO - [2023-05-15T00:21:28.169+0000] {dag.py:3328} INFO - Setting next_dagrun for dataset_produces_2 to None, run_after=None
[2023-05-15T00:21:28.212+0000] {processor.py:178} INFO - Processing /home/airflow/.local/lib/python3.7/site-packages/airflow/example_dags/example_datasets.py took 0.169 seconds
[2023-05-15T00:21:58.487+0000] {processor.py:156} INFO - Started process (PID=3519) to work on /home/airflow/.local/lib/python3.7/site-packages/airflow/example_dags/example_datasets.py
[2023-05-15T00:21:58.488+0000] {processor.py:758} INFO - Processing file /home/airflow/.local/lib/python3.7/site-packages/airflow/example_dags/example_datasets.py for tasks to queue
[2023-05-15T00:21:58.489+0000] {logging_mixin.py:117} INFO - [2023-05-15T00:21:58.489+0000] {dagbag.py:525} INFO - Filling up the DagBag from /home/airflow/.local/lib/python3.7/site-packages/airflow/example_dags/example_datasets.py
[2023-05-15T00:21:58.511+0000] {processor.py:768} INFO - DAG(s) dict_keys(['dataset_consumes_unknown_never_scheduled', 'dataset_consumes_1_never_scheduled', 'dataset_consumes_1_and_2', 'dataset_consumes_1', 'dataset_produces_1', 'dataset_produces_2']) retrieved from /home/airflow/.local/lib/python3.7/site-packages/airflow/example_dags/example_datasets.py
[2023-05-15T00:21:58.566+0000] {logging_mixin.py:117} INFO - [2023-05-15T00:21:58.566+0000] {dag.py:2573} INFO - Sync 6 DAGs
[2023-05-15T00:21:58.592+0000] {logging_mixin.py:117} INFO - [2023-05-15T00:21:58.592+0000] {dag.py:3328} INFO - Setting next_dagrun for dataset_consumes_1 to None, run_after=None
[2023-05-15T00:21:58.595+0000] {logging_mixin.py:117} INFO - [2023-05-15T00:21:58.595+0000] {dag.py:3328} INFO - Setting next_dagrun for dataset_consumes_1_and_2 to None, run_after=None
[2023-05-15T00:21:58.596+0000] {logging_mixin.py:117} INFO - [2023-05-15T00:21:58.596+0000] {dag.py:3328} INFO - Setting next_dagrun for dataset_consumes_1_never_scheduled to None, run_after=None
[2023-05-15T00:21:58.597+0000] {logging_mixin.py:117} INFO - [2023-05-15T00:21:58.597+0000] {dag.py:3328} INFO - Setting next_dagrun for dataset_consumes_unknown_never_scheduled to None, run_after=None
[2023-05-15T00:21:58.600+0000] {logging_mixin.py:117} INFO - [2023-05-15T00:21:58.600+0000] {dag.py:3328} INFO - Setting next_dagrun for dataset_produces_1 to 2023-05-14T00:00:00+00:00, run_after=2023-05-15T00:00:00+00:00
[2023-05-15T00:21:58.601+0000] {logging_mixin.py:117} INFO - [2023-05-15T00:21:58.601+0000] {dag.py:3328} INFO - Setting next_dagrun for dataset_produces_2 to None, run_after=None
[2023-05-15T00:21:58.631+0000] {processor.py:178} INFO - Processing /home/airflow/.local/lib/python3.7/site-packages/airflow/example_dags/example_datasets.py took 0.155 seconds
[2023-05-15T00:22:28.910+0000] {processor.py:156} INFO - Started process (PID=3732) to work on /home/airflow/.local/lib/python3.7/site-packages/airflow/example_dags/example_datasets.py
[2023-05-15T00:22:28.911+0000] {processor.py:758} INFO - Processing file /home/airflow/.local/lib/python3.7/site-packages/airflow/example_dags/example_datasets.py for tasks to queue
[2023-05-15T00:22:28.912+0000] {logging_mixin.py:117} INFO - [2023-05-15T00:22:28.912+0000] {dagbag.py:525} INFO - Filling up the DagBag from /home/airflow/.local/lib/python3.7/site-packages/airflow/example_dags/example_datasets.py
[2023-05-15T00:22:28.932+0000] {processor.py:768} INFO - DAG(s) dict_keys(['dataset_consumes_unknown_never_scheduled', 'dataset_consumes_1_and_2', 'dataset_produces_1', 'dataset_consumes_1_never_scheduled', 'dataset_produces_2', 'dataset_consumes_1']) retrieved from /home/airflow/.local/lib/python3.7/site-packages/airflow/example_dags/example_datasets.py
[2023-05-15T00:22:29.004+0000] {logging_mixin.py:117} INFO - [2023-05-15T00:22:29.004+0000] {dag.py:2573} INFO - Sync 6 DAGs
[2023-05-15T00:22:29.037+0000] {logging_mixin.py:117} INFO - [2023-05-15T00:22:29.036+0000] {dag.py:3328} INFO - Setting next_dagrun for dataset_consumes_1 to None, run_after=None
[2023-05-15T00:22:29.042+0000] {logging_mixin.py:117} INFO - [2023-05-15T00:22:29.042+0000] {dag.py:3328} INFO - Setting next_dagrun for dataset_consumes_1_and_2 to None, run_after=None
[2023-05-15T00:22:29.043+0000] {logging_mixin.py:117} INFO - [2023-05-15T00:22:29.043+0000] {dag.py:3328} INFO - Setting next_dagrun for dataset_consumes_1_never_scheduled to None, run_after=None
[2023-05-15T00:22:29.045+0000] {logging_mixin.py:117} INFO - [2023-05-15T00:22:29.045+0000] {dag.py:3328} INFO - Setting next_dagrun for dataset_consumes_unknown_never_scheduled to None, run_after=None
[2023-05-15T00:22:29.048+0000] {logging_mixin.py:117} INFO - [2023-05-15T00:22:29.048+0000] {dag.py:3328} INFO - Setting next_dagrun for dataset_produces_1 to 2023-05-14T00:00:00+00:00, run_after=2023-05-15T00:00:00+00:00
[2023-05-15T00:22:29.050+0000] {logging_mixin.py:117} INFO - [2023-05-15T00:22:29.050+0000] {dag.py:3328} INFO - Setting next_dagrun for dataset_produces_2 to None, run_after=None
[2023-05-15T00:22:29.084+0000] {processor.py:178} INFO - Processing /home/airflow/.local/lib/python3.7/site-packages/airflow/example_dags/example_datasets.py took 0.181 seconds
[2023-05-15T00:22:59.881+0000] {processor.py:156} INFO - Started process (PID=3945) to work on /home/airflow/.local/lib/python3.7/site-packages/airflow/example_dags/example_datasets.py
[2023-05-15T00:22:59.883+0000] {processor.py:758} INFO - Processing file /home/airflow/.local/lib/python3.7/site-packages/airflow/example_dags/example_datasets.py for tasks to queue
[2023-05-15T00:22:59.884+0000] {logging_mixin.py:117} INFO - [2023-05-15T00:22:59.883+0000] {dagbag.py:525} INFO - Filling up the DagBag from /home/airflow/.local/lib/python3.7/site-packages/airflow/example_dags/example_datasets.py
[2023-05-15T00:22:59.903+0000] {processor.py:768} INFO - DAG(s) dict_keys(['dataset_produces_1', 'dataset_consumes_unknown_never_scheduled', 'dataset_consumes_1_and_2', 'dataset_produces_2', 'dataset_consumes_1', 'dataset_consumes_1_never_scheduled']) retrieved from /home/airflow/.local/lib/python3.7/site-packages/airflow/example_dags/example_datasets.py
[2023-05-15T00:22:59.958+0000] {logging_mixin.py:117} INFO - [2023-05-15T00:22:59.958+0000] {dag.py:2573} INFO - Sync 6 DAGs
[2023-05-15T00:22:59.982+0000] {logging_mixin.py:117} INFO - [2023-05-15T00:22:59.982+0000] {dag.py:3328} INFO - Setting next_dagrun for dataset_consumes_1 to None, run_after=None
[2023-05-15T00:22:59.986+0000] {logging_mixin.py:117} INFO - [2023-05-15T00:22:59.986+0000] {dag.py:3328} INFO - Setting next_dagrun for dataset_consumes_1_and_2 to None, run_after=None
[2023-05-15T00:22:59.987+0000] {logging_mixin.py:117} INFO - [2023-05-15T00:22:59.987+0000] {dag.py:3328} INFO - Setting next_dagrun for dataset_consumes_1_never_scheduled to None, run_after=None
[2023-05-15T00:22:59.989+0000] {logging_mixin.py:117} INFO - [2023-05-15T00:22:59.988+0000] {dag.py:3328} INFO - Setting next_dagrun for dataset_consumes_unknown_never_scheduled to None, run_after=None
[2023-05-15T00:22:59.991+0000] {logging_mixin.py:117} INFO - [2023-05-15T00:22:59.991+0000] {dag.py:3328} INFO - Setting next_dagrun for dataset_produces_1 to 2023-05-14T00:00:00+00:00, run_after=2023-05-15T00:00:00+00:00
[2023-05-15T00:22:59.992+0000] {logging_mixin.py:117} INFO - [2023-05-15T00:22:59.992+0000] {dag.py:3328} INFO - Setting next_dagrun for dataset_produces_2 to None, run_after=None
[2023-05-15T00:23:00.032+0000] {processor.py:178} INFO - Processing /home/airflow/.local/lib/python3.7/site-packages/airflow/example_dags/example_datasets.py took 0.161 seconds
[2023-05-15T00:23:30.467+0000] {processor.py:156} INFO - Started process (PID=4148) to work on /home/airflow/.local/lib/python3.7/site-packages/airflow/example_dags/example_datasets.py
[2023-05-15T00:23:30.468+0000] {processor.py:758} INFO - Processing file /home/airflow/.local/lib/python3.7/site-packages/airflow/example_dags/example_datasets.py for tasks to queue
[2023-05-15T00:23:30.469+0000] {logging_mixin.py:117} INFO - [2023-05-15T00:23:30.469+0000] {dagbag.py:525} INFO - Filling up the DagBag from /home/airflow/.local/lib/python3.7/site-packages/airflow/example_dags/example_datasets.py
[2023-05-15T00:23:30.489+0000] {processor.py:768} INFO - DAG(s) dict_keys(['dataset_consumes_unknown_never_scheduled', 'dataset_consumes_1_and_2', 'dataset_consumes_1', 'dataset_produces_2', 'dataset_consumes_1_never_scheduled', 'dataset_produces_1']) retrieved from /home/airflow/.local/lib/python3.7/site-packages/airflow/example_dags/example_datasets.py
[2023-05-15T00:23:30.550+0000] {logging_mixin.py:117} INFO - [2023-05-15T00:23:30.550+0000] {dag.py:2573} INFO - Sync 6 DAGs
[2023-05-15T00:23:30.589+0000] {logging_mixin.py:117} INFO - [2023-05-15T00:23:30.589+0000] {dag.py:3328} INFO - Setting next_dagrun for dataset_consumes_1 to None, run_after=None
[2023-05-15T00:23:30.593+0000] {logging_mixin.py:117} INFO - [2023-05-15T00:23:30.593+0000] {dag.py:3328} INFO - Setting next_dagrun for dataset_consumes_1_and_2 to None, run_after=None
[2023-05-15T00:23:30.595+0000] {logging_mixin.py:117} INFO - [2023-05-15T00:23:30.595+0000] {dag.py:3328} INFO - Setting next_dagrun for dataset_consumes_1_never_scheduled to None, run_after=None
[2023-05-15T00:23:30.597+0000] {logging_mixin.py:117} INFO - [2023-05-15T00:23:30.597+0000] {dag.py:3328} INFO - Setting next_dagrun for dataset_consumes_unknown_never_scheduled to None, run_after=None
[2023-05-15T00:23:30.600+0000] {logging_mixin.py:117} INFO - [2023-05-15T00:23:30.600+0000] {dag.py:3328} INFO - Setting next_dagrun for dataset_produces_1 to 2023-05-14T00:00:00+00:00, run_after=2023-05-15T00:00:00+00:00
[2023-05-15T00:23:30.601+0000] {logging_mixin.py:117} INFO - [2023-05-15T00:23:30.601+0000] {dag.py:3328} INFO - Setting next_dagrun for dataset_produces_2 to None, run_after=None
[2023-05-15T00:23:30.638+0000] {processor.py:178} INFO - Processing /home/airflow/.local/lib/python3.7/site-packages/airflow/example_dags/example_datasets.py took 0.176 seconds
[2023-05-15T00:24:01.075+0000] {processor.py:156} INFO - Started process (PID=4360) to work on /home/airflow/.local/lib/python3.7/site-packages/airflow/example_dags/example_datasets.py
[2023-05-15T00:24:01.076+0000] {processor.py:758} INFO - Processing file /home/airflow/.local/lib/python3.7/site-packages/airflow/example_dags/example_datasets.py for tasks to queue
[2023-05-15T00:24:01.078+0000] {logging_mixin.py:117} INFO - [2023-05-15T00:24:01.078+0000] {dagbag.py:525} INFO - Filling up the DagBag from /home/airflow/.local/lib/python3.7/site-packages/airflow/example_dags/example_datasets.py
[2023-05-15T00:24:01.111+0000] {processor.py:768} INFO - DAG(s) dict_keys(['dataset_consumes_1_and_2', 'dataset_consumes_unknown_never_scheduled', 'dataset_consumes_1_never_scheduled', 'dataset_produces_2', 'dataset_produces_1', 'dataset_consumes_1']) retrieved from /home/airflow/.local/lib/python3.7/site-packages/airflow/example_dags/example_datasets.py
[2023-05-15T00:24:01.185+0000] {logging_mixin.py:117} INFO - [2023-05-15T00:24:01.184+0000] {dag.py:2573} INFO - Sync 6 DAGs
[2023-05-15T00:24:01.212+0000] {logging_mixin.py:117} INFO - [2023-05-15T00:24:01.212+0000] {dag.py:3328} INFO - Setting next_dagrun for dataset_consumes_1 to None, run_after=None
[2023-05-15T00:24:01.216+0000] {logging_mixin.py:117} INFO - [2023-05-15T00:24:01.216+0000] {dag.py:3328} INFO - Setting next_dagrun for dataset_consumes_1_and_2 to None, run_after=None
[2023-05-15T00:24:01.217+0000] {logging_mixin.py:117} INFO - [2023-05-15T00:24:01.217+0000] {dag.py:3328} INFO - Setting next_dagrun for dataset_consumes_1_never_scheduled to None, run_after=None
[2023-05-15T00:24:01.218+0000] {logging_mixin.py:117} INFO - [2023-05-15T00:24:01.218+0000] {dag.py:3328} INFO - Setting next_dagrun for dataset_consumes_unknown_never_scheduled to None, run_after=None
[2023-05-15T00:24:01.221+0000] {logging_mixin.py:117} INFO - [2023-05-15T00:24:01.221+0000] {dag.py:3328} INFO - Setting next_dagrun for dataset_produces_1 to 2023-05-14T00:00:00+00:00, run_after=2023-05-15T00:00:00+00:00
[2023-05-15T00:24:01.223+0000] {logging_mixin.py:117} INFO - [2023-05-15T00:24:01.223+0000] {dag.py:3328} INFO - Setting next_dagrun for dataset_produces_2 to None, run_after=None
[2023-05-15T00:24:01.263+0000] {processor.py:178} INFO - Processing /home/airflow/.local/lib/python3.7/site-packages/airflow/example_dags/example_datasets.py took 0.195 seconds
[2023-05-15T00:24:31.749+0000] {processor.py:156} INFO - Started process (PID=4572) to work on /home/airflow/.local/lib/python3.7/site-packages/airflow/example_dags/example_datasets.py
[2023-05-15T00:24:31.751+0000] {processor.py:758} INFO - Processing file /home/airflow/.local/lib/python3.7/site-packages/airflow/example_dags/example_datasets.py for tasks to queue
[2023-05-15T00:24:31.752+0000] {logging_mixin.py:117} INFO - [2023-05-15T00:24:31.751+0000] {dagbag.py:525} INFO - Filling up the DagBag from /home/airflow/.local/lib/python3.7/site-packages/airflow/example_dags/example_datasets.py
[2023-05-15T00:24:31.771+0000] {processor.py:768} INFO - DAG(s) dict_keys(['dataset_consumes_1_and_2', 'dataset_consumes_1', 'dataset_consumes_1_never_scheduled', 'dataset_consumes_unknown_never_scheduled', 'dataset_produces_1', 'dataset_produces_2']) retrieved from /home/airflow/.local/lib/python3.7/site-packages/airflow/example_dags/example_datasets.py
[2023-05-15T00:24:31.837+0000] {logging_mixin.py:117} INFO - [2023-05-15T00:24:31.837+0000] {dag.py:2573} INFO - Sync 6 DAGs
[2023-05-15T00:24:31.871+0000] {logging_mixin.py:117} INFO - [2023-05-15T00:24:31.871+0000] {dag.py:3328} INFO - Setting next_dagrun for dataset_consumes_1 to None, run_after=None
[2023-05-15T00:24:31.876+0000] {logging_mixin.py:117} INFO - [2023-05-15T00:24:31.876+0000] {dag.py:3328} INFO - Setting next_dagrun for dataset_consumes_1_and_2 to None, run_after=None
[2023-05-15T00:24:31.878+0000] {logging_mixin.py:117} INFO - [2023-05-15T00:24:31.877+0000] {dag.py:3328} INFO - Setting next_dagrun for dataset_consumes_1_never_scheduled to None, run_after=None
[2023-05-15T00:24:31.879+0000] {logging_mixin.py:117} INFO - [2023-05-15T00:24:31.879+0000] {dag.py:3328} INFO - Setting next_dagrun for dataset_consumes_unknown_never_scheduled to None, run_after=None
[2023-05-15T00:24:31.881+0000] {logging_mixin.py:117} INFO - [2023-05-15T00:24:31.881+0000] {dag.py:3328} INFO - Setting next_dagrun for dataset_produces_1 to 2023-05-14T00:00:00+00:00, run_after=2023-05-15T00:00:00+00:00
[2023-05-15T00:24:31.883+0000] {logging_mixin.py:117} INFO - [2023-05-15T00:24:31.882+0000] {dag.py:3328} INFO - Setting next_dagrun for dataset_produces_2 to None, run_after=None
[2023-05-15T00:24:31.918+0000] {processor.py:178} INFO - Processing /home/airflow/.local/lib/python3.7/site-packages/airflow/example_dags/example_datasets.py took 0.177 seconds
[2023-05-15T00:34:02.871+0000] {processor.py:156} INFO - Started process (PID=192) to work on /home/airflow/.local/lib/python3.7/site-packages/airflow/example_dags/example_datasets.py
[2023-05-15T00:34:02.872+0000] {processor.py:758} INFO - Processing file /home/airflow/.local/lib/python3.7/site-packages/airflow/example_dags/example_datasets.py for tasks to queue
[2023-05-15T00:34:02.873+0000] {logging_mixin.py:117} INFO - [2023-05-15T00:34:02.873+0000] {dagbag.py:525} INFO - Filling up the DagBag from /home/airflow/.local/lib/python3.7/site-packages/airflow/example_dags/example_datasets.py
[2023-05-15T00:34:02.913+0000] {processor.py:768} INFO - DAG(s) dict_keys(['dataset_consumes_1', 'dataset_consumes_unknown_never_scheduled', 'dataset_consumes_1_and_2', 'dataset_produces_2', 'dataset_produces_1', 'dataset_consumes_1_never_scheduled']) retrieved from /home/airflow/.local/lib/python3.7/site-packages/airflow/example_dags/example_datasets.py
[2023-05-15T00:34:02.961+0000] {logging_mixin.py:117} INFO - [2023-05-15T00:34:02.960+0000] {dag.py:2573} INFO - Sync 6 DAGs
[2023-05-15T00:34:03.006+0000] {logging_mixin.py:117} INFO - [2023-05-15T00:34:03.006+0000] {dag.py:3328} INFO - Setting next_dagrun for dataset_consumes_1 to None, run_after=None
[2023-05-15T00:34:03.011+0000] {logging_mixin.py:117} INFO - [2023-05-15T00:34:03.011+0000] {dag.py:3328} INFO - Setting next_dagrun for dataset_consumes_1_and_2 to None, run_after=None
[2023-05-15T00:34:03.013+0000] {logging_mixin.py:117} INFO - [2023-05-15T00:34:03.013+0000] {dag.py:3328} INFO - Setting next_dagrun for dataset_consumes_1_never_scheduled to None, run_after=None
[2023-05-15T00:34:03.028+0000] {logging_mixin.py:117} INFO - [2023-05-15T00:34:03.028+0000] {dag.py:3328} INFO - Setting next_dagrun for dataset_consumes_unknown_never_scheduled to None, run_after=None
[2023-05-15T00:34:03.032+0000] {logging_mixin.py:117} INFO - [2023-05-15T00:34:03.032+0000] {dag.py:3328} INFO - Setting next_dagrun for dataset_produces_1 to 2023-05-14T00:00:00+00:00, run_after=2023-05-15T00:00:00+00:00
[2023-05-15T00:34:03.034+0000] {logging_mixin.py:117} INFO - [2023-05-15T00:34:03.034+0000] {dag.py:3328} INFO - Setting next_dagrun for dataset_produces_2 to None, run_after=None
[2023-05-15T00:34:03.082+0000] {processor.py:178} INFO - Processing /home/airflow/.local/lib/python3.7/site-packages/airflow/example_dags/example_datasets.py took 0.214 seconds
[2023-05-15T00:34:33.628+0000] {processor.py:156} INFO - Started process (PID=396) to work on /home/airflow/.local/lib/python3.7/site-packages/airflow/example_dags/example_datasets.py
[2023-05-15T00:34:33.628+0000] {processor.py:758} INFO - Processing file /home/airflow/.local/lib/python3.7/site-packages/airflow/example_dags/example_datasets.py for tasks to queue
[2023-05-15T00:34:33.629+0000] {logging_mixin.py:117} INFO - [2023-05-15T00:34:33.629+0000] {dagbag.py:525} INFO - Filling up the DagBag from /home/airflow/.local/lib/python3.7/site-packages/airflow/example_dags/example_datasets.py
[2023-05-15T00:34:33.654+0000] {processor.py:768} INFO - DAG(s) dict_keys(['dataset_produces_1', 'dataset_consumes_1', 'dataset_produces_2', 'dataset_consumes_1_never_scheduled', 'dataset_consumes_unknown_never_scheduled', 'dataset_consumes_1_and_2']) retrieved from /home/airflow/.local/lib/python3.7/site-packages/airflow/example_dags/example_datasets.py
[2023-05-15T00:34:33.778+0000] {logging_mixin.py:117} INFO - [2023-05-15T00:34:33.778+0000] {dag.py:2573} INFO - Sync 6 DAGs
[2023-05-15T00:34:33.976+0000] {logging_mixin.py:117} INFO - [2023-05-15T00:34:33.975+0000] {dag.py:3328} INFO - Setting next_dagrun for dataset_consumes_1 to None, run_after=None
[2023-05-15T00:34:33.980+0000] {logging_mixin.py:117} INFO - [2023-05-15T00:34:33.979+0000] {dag.py:3328} INFO - Setting next_dagrun for dataset_consumes_1_and_2 to None, run_after=None
[2023-05-15T00:34:33.981+0000] {logging_mixin.py:117} INFO - [2023-05-15T00:34:33.981+0000] {dag.py:3328} INFO - Setting next_dagrun for dataset_consumes_1_never_scheduled to None, run_after=None
[2023-05-15T00:34:33.985+0000] {logging_mixin.py:117} INFO - [2023-05-15T00:34:33.984+0000] {dag.py:3328} INFO - Setting next_dagrun for dataset_consumes_unknown_never_scheduled to None, run_after=None
[2023-05-15T00:34:33.994+0000] {logging_mixin.py:117} INFO - [2023-05-15T00:34:33.994+0000] {dag.py:3328} INFO - Setting next_dagrun for dataset_produces_1 to 2023-05-14T00:00:00+00:00, run_after=2023-05-15T00:00:00+00:00
[2023-05-15T00:34:33.996+0000] {logging_mixin.py:117} INFO - [2023-05-15T00:34:33.995+0000] {dag.py:3328} INFO - Setting next_dagrun for dataset_produces_2 to None, run_after=None
[2023-05-15T00:34:34.061+0000] {processor.py:178} INFO - Processing /home/airflow/.local/lib/python3.7/site-packages/airflow/example_dags/example_datasets.py took 0.437 seconds
