[2023-05-15T00:13:47.712+0000] {processor.py:156} INFO - Started process (PID=263) to work on /home/airflow/.local/lib/python3.7/site-packages/airflow/example_dags/example_branch_python_dop_operator_3.py
[2023-05-15T00:13:47.713+0000] {processor.py:758} INFO - Processing file /home/airflow/.local/lib/python3.7/site-packages/airflow/example_dags/example_branch_python_dop_operator_3.py for tasks to queue
[2023-05-15T00:13:47.713+0000] {logging_mixin.py:117} INFO - [2023-05-15T00:13:47.713+0000] {dagbag.py:525} INFO - Filling up the DagBag from /home/airflow/.local/lib/python3.7/site-packages/airflow/example_dags/example_branch_python_dop_operator_3.py
[2023-05-15T00:13:47.739+0000] {processor.py:768} INFO - DAG(s) dict_keys(['example_branch_dop_operator_v3']) retrieved from /home/airflow/.local/lib/python3.7/site-packages/airflow/example_dags/example_branch_python_dop_operator_3.py
[2023-05-15T00:13:47.766+0000] {logging_mixin.py:117} INFO - [2023-05-15T00:13:47.766+0000] {dag.py:2573} INFO - Sync 1 DAGs
[2023-05-15T00:13:47.797+0000] {logging_mixin.py:117} INFO - [2023-05-15T00:13:47.797+0000] {dag.py:3328} INFO - Setting next_dagrun for example_branch_dop_operator_v3 to 2023-05-15T00:12:00+00:00, run_after=2023-05-15T00:13:00+00:00
[2023-05-15T00:13:47.819+0000] {processor.py:178} INFO - Processing /home/airflow/.local/lib/python3.7/site-packages/airflow/example_dags/example_branch_python_dop_operator_3.py took 0.110 seconds
[2023-05-15T00:14:21.041+0000] {processor.py:156} INFO - Started process (PID=475) to work on /home/airflow/.local/lib/python3.7/site-packages/airflow/example_dags/example_branch_python_dop_operator_3.py
[2023-05-15T00:14:21.042+0000] {processor.py:758} INFO - Processing file /home/airflow/.local/lib/python3.7/site-packages/airflow/example_dags/example_branch_python_dop_operator_3.py for tasks to queue
[2023-05-15T00:14:21.043+0000] {logging_mixin.py:117} INFO - [2023-05-15T00:14:21.043+0000] {dagbag.py:525} INFO - Filling up the DagBag from /home/airflow/.local/lib/python3.7/site-packages/airflow/example_dags/example_branch_python_dop_operator_3.py
[2023-05-15T00:14:21.128+0000] {processor.py:768} INFO - DAG(s) dict_keys(['example_branch_dop_operator_v3']) retrieved from /home/airflow/.local/lib/python3.7/site-packages/airflow/example_dags/example_branch_python_dop_operator_3.py
[2023-05-15T00:14:21.242+0000] {logging_mixin.py:117} INFO - [2023-05-15T00:14:21.241+0000] {dag.py:2573} INFO - Sync 1 DAGs
[2023-05-15T00:14:21.342+0000] {logging_mixin.py:117} INFO - [2023-05-15T00:14:21.342+0000] {dag.py:3328} INFO - Setting next_dagrun for example_branch_dop_operator_v3 to 2023-05-15T00:13:00+00:00, run_after=2023-05-15T00:14:00+00:00
[2023-05-15T00:14:21.407+0000] {processor.py:178} INFO - Processing /home/airflow/.local/lib/python3.7/site-packages/airflow/example_dags/example_branch_python_dop_operator_3.py took 0.380 seconds
[2023-05-15T00:14:53.777+0000] {processor.py:156} INFO - Started process (PID=680) to work on /home/airflow/.local/lib/python3.7/site-packages/airflow/example_dags/example_branch_python_dop_operator_3.py
[2023-05-15T00:14:53.787+0000] {processor.py:758} INFO - Processing file /home/airflow/.local/lib/python3.7/site-packages/airflow/example_dags/example_branch_python_dop_operator_3.py for tasks to queue
[2023-05-15T00:14:53.788+0000] {logging_mixin.py:117} INFO - [2023-05-15T00:14:53.787+0000] {dagbag.py:525} INFO - Filling up the DagBag from /home/airflow/.local/lib/python3.7/site-packages/airflow/example_dags/example_branch_python_dop_operator_3.py
[2023-05-15T00:14:53.867+0000] {processor.py:768} INFO - DAG(s) dict_keys(['example_branch_dop_operator_v3']) retrieved from /home/airflow/.local/lib/python3.7/site-packages/airflow/example_dags/example_branch_python_dop_operator_3.py
[2023-05-15T00:14:53.955+0000] {logging_mixin.py:117} INFO - [2023-05-15T00:14:53.955+0000] {dag.py:2573} INFO - Sync 1 DAGs
[2023-05-15T00:14:54.253+0000] {logging_mixin.py:117} INFO - [2023-05-15T00:14:54.253+0000] {dag.py:3328} INFO - Setting next_dagrun for example_branch_dop_operator_v3 to 2023-05-15T00:13:00+00:00, run_after=2023-05-15T00:14:00+00:00
[2023-05-15T00:14:54.288+0000] {processor.py:178} INFO - Processing /home/airflow/.local/lib/python3.7/site-packages/airflow/example_dags/example_branch_python_dop_operator_3.py took 0.516 seconds
[2023-05-15T00:15:24.777+0000] {processor.py:156} INFO - Started process (PID=889) to work on /home/airflow/.local/lib/python3.7/site-packages/airflow/example_dags/example_branch_python_dop_operator_3.py
[2023-05-15T00:15:24.778+0000] {processor.py:758} INFO - Processing file /home/airflow/.local/lib/python3.7/site-packages/airflow/example_dags/example_branch_python_dop_operator_3.py for tasks to queue
[2023-05-15T00:15:24.779+0000] {logging_mixin.py:117} INFO - [2023-05-15T00:15:24.779+0000] {dagbag.py:525} INFO - Filling up the DagBag from /home/airflow/.local/lib/python3.7/site-packages/airflow/example_dags/example_branch_python_dop_operator_3.py
[2023-05-15T00:15:24.829+0000] {processor.py:768} INFO - DAG(s) dict_keys(['example_branch_dop_operator_v3']) retrieved from /home/airflow/.local/lib/python3.7/site-packages/airflow/example_dags/example_branch_python_dop_operator_3.py
[2023-05-15T00:15:24.903+0000] {logging_mixin.py:117} INFO - [2023-05-15T00:15:24.902+0000] {dag.py:2573} INFO - Sync 1 DAGs
[2023-05-15T00:15:25.169+0000] {logging_mixin.py:117} INFO - [2023-05-15T00:15:25.169+0000] {dag.py:3328} INFO - Setting next_dagrun for example_branch_dop_operator_v3 to 2023-05-15T00:14:00+00:00, run_after=2023-05-15T00:15:00+00:00
[2023-05-15T00:15:25.208+0000] {processor.py:178} INFO - Processing /home/airflow/.local/lib/python3.7/site-packages/airflow/example_dags/example_branch_python_dop_operator_3.py took 0.435 seconds
[2023-05-15T00:15:55.575+0000] {processor.py:156} INFO - Started process (PID=1093) to work on /home/airflow/.local/lib/python3.7/site-packages/airflow/example_dags/example_branch_python_dop_operator_3.py
[2023-05-15T00:15:55.575+0000] {processor.py:758} INFO - Processing file /home/airflow/.local/lib/python3.7/site-packages/airflow/example_dags/example_branch_python_dop_operator_3.py for tasks to queue
[2023-05-15T00:15:55.576+0000] {logging_mixin.py:117} INFO - [2023-05-15T00:15:55.576+0000] {dagbag.py:525} INFO - Filling up the DagBag from /home/airflow/.local/lib/python3.7/site-packages/airflow/example_dags/example_branch_python_dop_operator_3.py
[2023-05-15T00:15:55.621+0000] {processor.py:768} INFO - DAG(s) dict_keys(['example_branch_dop_operator_v3']) retrieved from /home/airflow/.local/lib/python3.7/site-packages/airflow/example_dags/example_branch_python_dop_operator_3.py
[2023-05-15T00:15:55.906+0000] {logging_mixin.py:117} INFO - [2023-05-15T00:15:55.906+0000] {dag.py:2573} INFO - Sync 1 DAGs
[2023-05-15T00:15:55.960+0000] {logging_mixin.py:117} INFO - [2023-05-15T00:15:55.960+0000] {dag.py:3328} INFO - Setting next_dagrun for example_branch_dop_operator_v3 to 2023-05-15T00:14:00+00:00, run_after=2023-05-15T00:15:00+00:00
[2023-05-15T00:15:55.993+0000] {processor.py:178} INFO - Processing /home/airflow/.local/lib/python3.7/site-packages/airflow/example_dags/example_branch_python_dop_operator_3.py took 0.422 seconds
[2023-05-15T00:16:26.227+0000] {processor.py:156} INFO - Started process (PID=1304) to work on /home/airflow/.local/lib/python3.7/site-packages/airflow/example_dags/example_branch_python_dop_operator_3.py
[2023-05-15T00:16:26.227+0000] {processor.py:758} INFO - Processing file /home/airflow/.local/lib/python3.7/site-packages/airflow/example_dags/example_branch_python_dop_operator_3.py for tasks to queue
[2023-05-15T00:16:26.228+0000] {logging_mixin.py:117} INFO - [2023-05-15T00:16:26.228+0000] {dagbag.py:525} INFO - Filling up the DagBag from /home/airflow/.local/lib/python3.7/site-packages/airflow/example_dags/example_branch_python_dop_operator_3.py
[2023-05-15T00:16:26.250+0000] {processor.py:768} INFO - DAG(s) dict_keys(['example_branch_dop_operator_v3']) retrieved from /home/airflow/.local/lib/python3.7/site-packages/airflow/example_dags/example_branch_python_dop_operator_3.py
[2023-05-15T00:16:26.465+0000] {logging_mixin.py:117} INFO - [2023-05-15T00:16:26.464+0000] {dag.py:2573} INFO - Sync 1 DAGs
[2023-05-15T00:16:26.492+0000] {logging_mixin.py:117} INFO - [2023-05-15T00:16:26.491+0000] {dag.py:3328} INFO - Setting next_dagrun for example_branch_dop_operator_v3 to 2023-05-15T00:15:00+00:00, run_after=2023-05-15T00:16:00+00:00
[2023-05-15T00:16:26.512+0000] {processor.py:178} INFO - Processing /home/airflow/.local/lib/python3.7/site-packages/airflow/example_dags/example_branch_python_dop_operator_3.py took 0.288 seconds
[2023-05-15T00:16:56.557+0000] {processor.py:156} INFO - Started process (PID=1507) to work on /home/airflow/.local/lib/python3.7/site-packages/airflow/example_dags/example_branch_python_dop_operator_3.py
[2023-05-15T00:16:56.558+0000] {processor.py:758} INFO - Processing file /home/airflow/.local/lib/python3.7/site-packages/airflow/example_dags/example_branch_python_dop_operator_3.py for tasks to queue
[2023-05-15T00:16:56.558+0000] {logging_mixin.py:117} INFO - [2023-05-15T00:16:56.558+0000] {dagbag.py:525} INFO - Filling up the DagBag from /home/airflow/.local/lib/python3.7/site-packages/airflow/example_dags/example_branch_python_dop_operator_3.py
[2023-05-15T00:16:56.698+0000] {processor.py:768} INFO - DAG(s) dict_keys(['example_branch_dop_operator_v3']) retrieved from /home/airflow/.local/lib/python3.7/site-packages/airflow/example_dags/example_branch_python_dop_operator_3.py
[2023-05-15T00:16:56.731+0000] {logging_mixin.py:117} INFO - [2023-05-15T00:16:56.731+0000] {dag.py:2573} INFO - Sync 1 DAGs
[2023-05-15T00:16:56.757+0000] {logging_mixin.py:117} INFO - [2023-05-15T00:16:56.757+0000] {dag.py:3328} INFO - Setting next_dagrun for example_branch_dop_operator_v3 to 2023-05-15T00:15:00+00:00, run_after=2023-05-15T00:16:00+00:00
[2023-05-15T00:16:56.775+0000] {processor.py:178} INFO - Processing /home/airflow/.local/lib/python3.7/site-packages/airflow/example_dags/example_branch_python_dop_operator_3.py took 0.220 seconds
[2023-05-15T00:17:27.034+0000] {processor.py:156} INFO - Started process (PID=1720) to work on /home/airflow/.local/lib/python3.7/site-packages/airflow/example_dags/example_branch_python_dop_operator_3.py
[2023-05-15T00:17:27.035+0000] {processor.py:758} INFO - Processing file /home/airflow/.local/lib/python3.7/site-packages/airflow/example_dags/example_branch_python_dop_operator_3.py for tasks to queue
[2023-05-15T00:17:27.035+0000] {logging_mixin.py:117} INFO - [2023-05-15T00:17:27.035+0000] {dagbag.py:525} INFO - Filling up the DagBag from /home/airflow/.local/lib/python3.7/site-packages/airflow/example_dags/example_branch_python_dop_operator_3.py
[2023-05-15T00:17:27.056+0000] {processor.py:768} INFO - DAG(s) dict_keys(['example_branch_dop_operator_v3']) retrieved from /home/airflow/.local/lib/python3.7/site-packages/airflow/example_dags/example_branch_python_dop_operator_3.py
[2023-05-15T00:17:27.091+0000] {logging_mixin.py:117} INFO - [2023-05-15T00:17:27.091+0000] {dag.py:2573} INFO - Sync 1 DAGs
[2023-05-15T00:17:27.120+0000] {logging_mixin.py:117} INFO - [2023-05-15T00:17:27.119+0000] {dag.py:3328} INFO - Setting next_dagrun for example_branch_dop_operator_v3 to 2023-05-15T00:16:00+00:00, run_after=2023-05-15T00:17:00+00:00
[2023-05-15T00:17:27.138+0000] {processor.py:178} INFO - Processing /home/airflow/.local/lib/python3.7/site-packages/airflow/example_dags/example_branch_python_dop_operator_3.py took 0.107 seconds
[2023-05-15T00:17:57.237+0000] {processor.py:156} INFO - Started process (PID=1923) to work on /home/airflow/.local/lib/python3.7/site-packages/airflow/example_dags/example_branch_python_dop_operator_3.py
[2023-05-15T00:17:57.238+0000] {processor.py:758} INFO - Processing file /home/airflow/.local/lib/python3.7/site-packages/airflow/example_dags/example_branch_python_dop_operator_3.py for tasks to queue
[2023-05-15T00:17:57.239+0000] {logging_mixin.py:117} INFO - [2023-05-15T00:17:57.239+0000] {dagbag.py:525} INFO - Filling up the DagBag from /home/airflow/.local/lib/python3.7/site-packages/airflow/example_dags/example_branch_python_dop_operator_3.py
[2023-05-15T00:17:57.274+0000] {processor.py:768} INFO - DAG(s) dict_keys(['example_branch_dop_operator_v3']) retrieved from /home/airflow/.local/lib/python3.7/site-packages/airflow/example_dags/example_branch_python_dop_operator_3.py
[2023-05-15T00:17:57.324+0000] {logging_mixin.py:117} INFO - [2023-05-15T00:17:57.324+0000] {dag.py:2573} INFO - Sync 1 DAGs
[2023-05-15T00:17:57.371+0000] {logging_mixin.py:117} INFO - [2023-05-15T00:17:57.371+0000] {dag.py:3328} INFO - Setting next_dagrun for example_branch_dop_operator_v3 to 2023-05-15T00:16:00+00:00, run_after=2023-05-15T00:17:00+00:00
[2023-05-15T00:17:57.399+0000] {processor.py:178} INFO - Processing /home/airflow/.local/lib/python3.7/site-packages/airflow/example_dags/example_branch_python_dop_operator_3.py took 0.166 seconds
[2023-05-15T00:18:27.481+0000] {processor.py:156} INFO - Started process (PID=2132) to work on /home/airflow/.local/lib/python3.7/site-packages/airflow/example_dags/example_branch_python_dop_operator_3.py
[2023-05-15T00:18:27.482+0000] {processor.py:758} INFO - Processing file /home/airflow/.local/lib/python3.7/site-packages/airflow/example_dags/example_branch_python_dop_operator_3.py for tasks to queue
[2023-05-15T00:18:27.483+0000] {logging_mixin.py:117} INFO - [2023-05-15T00:18:27.482+0000] {dagbag.py:525} INFO - Filling up the DagBag from /home/airflow/.local/lib/python3.7/site-packages/airflow/example_dags/example_branch_python_dop_operator_3.py
[2023-05-15T00:18:27.520+0000] {processor.py:768} INFO - DAG(s) dict_keys(['example_branch_dop_operator_v3']) retrieved from /home/airflow/.local/lib/python3.7/site-packages/airflow/example_dags/example_branch_python_dop_operator_3.py
[2023-05-15T00:18:27.565+0000] {logging_mixin.py:117} INFO - [2023-05-15T00:18:27.565+0000] {dag.py:2573} INFO - Sync 1 DAGs
[2023-05-15T00:18:27.615+0000] {logging_mixin.py:117} INFO - [2023-05-15T00:18:27.615+0000] {dag.py:3328} INFO - Setting next_dagrun for example_branch_dop_operator_v3 to 2023-05-15T00:17:00+00:00, run_after=2023-05-15T00:18:00+00:00
[2023-05-15T00:18:27.644+0000] {processor.py:178} INFO - Processing /home/airflow/.local/lib/python3.7/site-packages/airflow/example_dags/example_branch_python_dop_operator_3.py took 0.168 seconds
[2023-05-15T00:18:57.884+0000] {processor.py:156} INFO - Started process (PID=2343) to work on /home/airflow/.local/lib/python3.7/site-packages/airflow/example_dags/example_branch_python_dop_operator_3.py
[2023-05-15T00:18:57.885+0000] {processor.py:758} INFO - Processing file /home/airflow/.local/lib/python3.7/site-packages/airflow/example_dags/example_branch_python_dop_operator_3.py for tasks to queue
[2023-05-15T00:18:57.886+0000] {logging_mixin.py:117} INFO - [2023-05-15T00:18:57.886+0000] {dagbag.py:525} INFO - Filling up the DagBag from /home/airflow/.local/lib/python3.7/site-packages/airflow/example_dags/example_branch_python_dop_operator_3.py
[2023-05-15T00:18:57.913+0000] {processor.py:768} INFO - DAG(s) dict_keys(['example_branch_dop_operator_v3']) retrieved from /home/airflow/.local/lib/python3.7/site-packages/airflow/example_dags/example_branch_python_dop_operator_3.py
[2023-05-15T00:18:57.951+0000] {logging_mixin.py:117} INFO - [2023-05-15T00:18:57.951+0000] {dag.py:2573} INFO - Sync 1 DAGs
[2023-05-15T00:18:57.982+0000] {logging_mixin.py:117} INFO - [2023-05-15T00:18:57.982+0000] {dag.py:3328} INFO - Setting next_dagrun for example_branch_dop_operator_v3 to 2023-05-15T00:17:00+00:00, run_after=2023-05-15T00:18:00+00:00
[2023-05-15T00:18:58.008+0000] {processor.py:178} INFO - Processing /home/airflow/.local/lib/python3.7/site-packages/airflow/example_dags/example_branch_python_dop_operator_3.py took 0.128 seconds
[2023-05-15T00:19:28.910+0000] {processor.py:156} INFO - Started process (PID=2545) to work on /home/airflow/.local/lib/python3.7/site-packages/airflow/example_dags/example_branch_python_dop_operator_3.py
[2023-05-15T00:19:28.911+0000] {processor.py:758} INFO - Processing file /home/airflow/.local/lib/python3.7/site-packages/airflow/example_dags/example_branch_python_dop_operator_3.py for tasks to queue
[2023-05-15T00:19:28.911+0000] {logging_mixin.py:117} INFO - [2023-05-15T00:19:28.911+0000] {dagbag.py:525} INFO - Filling up the DagBag from /home/airflow/.local/lib/python3.7/site-packages/airflow/example_dags/example_branch_python_dop_operator_3.py
[2023-05-15T00:19:28.950+0000] {processor.py:768} INFO - DAG(s) dict_keys(['example_branch_dop_operator_v3']) retrieved from /home/airflow/.local/lib/python3.7/site-packages/airflow/example_dags/example_branch_python_dop_operator_3.py
[2023-05-15T00:19:29.020+0000] {logging_mixin.py:117} INFO - [2023-05-15T00:19:29.019+0000] {dag.py:2573} INFO - Sync 1 DAGs
[2023-05-15T00:19:29.071+0000] {logging_mixin.py:117} INFO - [2023-05-15T00:19:29.070+0000] {dag.py:3328} INFO - Setting next_dagrun for example_branch_dop_operator_v3 to 2023-05-15T00:18:00+00:00, run_after=2023-05-15T00:19:00+00:00
[2023-05-15T00:19:29.091+0000] {processor.py:178} INFO - Processing /home/airflow/.local/lib/python3.7/site-packages/airflow/example_dags/example_branch_python_dop_operator_3.py took 0.186 seconds
[2023-05-15T00:19:59.389+0000] {processor.py:156} INFO - Started process (PID=2758) to work on /home/airflow/.local/lib/python3.7/site-packages/airflow/example_dags/example_branch_python_dop_operator_3.py
[2023-05-15T00:19:59.389+0000] {processor.py:758} INFO - Processing file /home/airflow/.local/lib/python3.7/site-packages/airflow/example_dags/example_branch_python_dop_operator_3.py for tasks to queue
[2023-05-15T00:19:59.390+0000] {logging_mixin.py:117} INFO - [2023-05-15T00:19:59.390+0000] {dagbag.py:525} INFO - Filling up the DagBag from /home/airflow/.local/lib/python3.7/site-packages/airflow/example_dags/example_branch_python_dop_operator_3.py
[2023-05-15T00:19:59.413+0000] {processor.py:768} INFO - DAG(s) dict_keys(['example_branch_dop_operator_v3']) retrieved from /home/airflow/.local/lib/python3.7/site-packages/airflow/example_dags/example_branch_python_dop_operator_3.py
[2023-05-15T00:19:59.454+0000] {logging_mixin.py:117} INFO - [2023-05-15T00:19:59.454+0000] {dag.py:2573} INFO - Sync 1 DAGs
[2023-05-15T00:19:59.499+0000] {logging_mixin.py:117} INFO - [2023-05-15T00:19:59.499+0000] {dag.py:3328} INFO - Setting next_dagrun for example_branch_dop_operator_v3 to 2023-05-15T00:18:00+00:00, run_after=2023-05-15T00:19:00+00:00
[2023-05-15T00:19:59.520+0000] {processor.py:178} INFO - Processing /home/airflow/.local/lib/python3.7/site-packages/airflow/example_dags/example_branch_python_dop_operator_3.py took 0.134 seconds
[2023-05-15T00:20:30.206+0000] {processor.py:156} INFO - Started process (PID=2969) to work on /home/airflow/.local/lib/python3.7/site-packages/airflow/example_dags/example_branch_python_dop_operator_3.py
[2023-05-15T00:20:30.206+0000] {processor.py:758} INFO - Processing file /home/airflow/.local/lib/python3.7/site-packages/airflow/example_dags/example_branch_python_dop_operator_3.py for tasks to queue
[2023-05-15T00:20:30.207+0000] {logging_mixin.py:117} INFO - [2023-05-15T00:20:30.207+0000] {dagbag.py:525} INFO - Filling up the DagBag from /home/airflow/.local/lib/python3.7/site-packages/airflow/example_dags/example_branch_python_dop_operator_3.py
[2023-05-15T00:20:30.237+0000] {processor.py:768} INFO - DAG(s) dict_keys(['example_branch_dop_operator_v3']) retrieved from /home/airflow/.local/lib/python3.7/site-packages/airflow/example_dags/example_branch_python_dop_operator_3.py
[2023-05-15T00:20:30.292+0000] {logging_mixin.py:117} INFO - [2023-05-15T00:20:30.292+0000] {dag.py:2573} INFO - Sync 1 DAGs
[2023-05-15T00:20:30.345+0000] {logging_mixin.py:117} INFO - [2023-05-15T00:20:30.345+0000] {dag.py:3328} INFO - Setting next_dagrun for example_branch_dop_operator_v3 to 2023-05-15T00:19:00+00:00, run_after=2023-05-15T00:20:00+00:00
[2023-05-15T00:20:30.379+0000] {processor.py:178} INFO - Processing /home/airflow/.local/lib/python3.7/site-packages/airflow/example_dags/example_branch_python_dop_operator_3.py took 0.177 seconds
[2023-05-15T00:21:00.854+0000] {processor.py:156} INFO - Started process (PID=3171) to work on /home/airflow/.local/lib/python3.7/site-packages/airflow/example_dags/example_branch_python_dop_operator_3.py
[2023-05-15T00:21:00.855+0000] {processor.py:758} INFO - Processing file /home/airflow/.local/lib/python3.7/site-packages/airflow/example_dags/example_branch_python_dop_operator_3.py for tasks to queue
[2023-05-15T00:21:00.856+0000] {logging_mixin.py:117} INFO - [2023-05-15T00:21:00.856+0000] {dagbag.py:525} INFO - Filling up the DagBag from /home/airflow/.local/lib/python3.7/site-packages/airflow/example_dags/example_branch_python_dop_operator_3.py
[2023-05-15T00:21:00.879+0000] {processor.py:768} INFO - DAG(s) dict_keys(['example_branch_dop_operator_v3']) retrieved from /home/airflow/.local/lib/python3.7/site-packages/airflow/example_dags/example_branch_python_dop_operator_3.py
[2023-05-15T00:21:00.920+0000] {logging_mixin.py:117} INFO - [2023-05-15T00:21:00.920+0000] {dag.py:2573} INFO - Sync 1 DAGs
[2023-05-15T00:21:00.967+0000] {logging_mixin.py:117} INFO - [2023-05-15T00:21:00.967+0000] {dag.py:3328} INFO - Setting next_dagrun for example_branch_dop_operator_v3 to 2023-05-15T00:20:00+00:00, run_after=2023-05-15T00:21:00+00:00
[2023-05-15T00:21:00.986+0000] {processor.py:178} INFO - Processing /home/airflow/.local/lib/python3.7/site-packages/airflow/example_dags/example_branch_python_dop_operator_3.py took 0.135 seconds
[2023-05-15T00:21:31.258+0000] {processor.py:156} INFO - Started process (PID=3384) to work on /home/airflow/.local/lib/python3.7/site-packages/airflow/example_dags/example_branch_python_dop_operator_3.py
[2023-05-15T00:21:31.259+0000] {processor.py:758} INFO - Processing file /home/airflow/.local/lib/python3.7/site-packages/airflow/example_dags/example_branch_python_dop_operator_3.py for tasks to queue
[2023-05-15T00:21:31.259+0000] {logging_mixin.py:117} INFO - [2023-05-15T00:21:31.259+0000] {dagbag.py:525} INFO - Filling up the DagBag from /home/airflow/.local/lib/python3.7/site-packages/airflow/example_dags/example_branch_python_dop_operator_3.py
[2023-05-15T00:21:31.281+0000] {processor.py:768} INFO - DAG(s) dict_keys(['example_branch_dop_operator_v3']) retrieved from /home/airflow/.local/lib/python3.7/site-packages/airflow/example_dags/example_branch_python_dop_operator_3.py
[2023-05-15T00:21:31.327+0000] {logging_mixin.py:117} INFO - [2023-05-15T00:21:31.327+0000] {dag.py:2573} INFO - Sync 1 DAGs
[2023-05-15T00:21:31.367+0000] {logging_mixin.py:117} INFO - [2023-05-15T00:21:31.367+0000] {dag.py:3328} INFO - Setting next_dagrun for example_branch_dop_operator_v3 to 2023-05-15T00:20:00+00:00, run_after=2023-05-15T00:21:00+00:00
[2023-05-15T00:21:31.387+0000] {processor.py:178} INFO - Processing /home/airflow/.local/lib/python3.7/site-packages/airflow/example_dags/example_branch_python_dop_operator_3.py took 0.132 seconds
[2023-05-15T00:22:01.789+0000] {processor.py:156} INFO - Started process (PID=3596) to work on /home/airflow/.local/lib/python3.7/site-packages/airflow/example_dags/example_branch_python_dop_operator_3.py
[2023-05-15T00:22:01.790+0000] {processor.py:758} INFO - Processing file /home/airflow/.local/lib/python3.7/site-packages/airflow/example_dags/example_branch_python_dop_operator_3.py for tasks to queue
[2023-05-15T00:22:01.791+0000] {logging_mixin.py:117} INFO - [2023-05-15T00:22:01.791+0000] {dagbag.py:525} INFO - Filling up the DagBag from /home/airflow/.local/lib/python3.7/site-packages/airflow/example_dags/example_branch_python_dop_operator_3.py
[2023-05-15T00:22:01.825+0000] {processor.py:768} INFO - DAG(s) dict_keys(['example_branch_dop_operator_v3']) retrieved from /home/airflow/.local/lib/python3.7/site-packages/airflow/example_dags/example_branch_python_dop_operator_3.py
[2023-05-15T00:22:01.871+0000] {logging_mixin.py:117} INFO - [2023-05-15T00:22:01.870+0000] {dag.py:2573} INFO - Sync 1 DAGs
[2023-05-15T00:22:01.908+0000] {logging_mixin.py:117} INFO - [2023-05-15T00:22:01.908+0000] {dag.py:3328} INFO - Setting next_dagrun for example_branch_dop_operator_v3 to 2023-05-15T00:21:00+00:00, run_after=2023-05-15T00:22:00+00:00
[2023-05-15T00:22:01.927+0000] {processor.py:178} INFO - Processing /home/airflow/.local/lib/python3.7/site-packages/airflow/example_dags/example_branch_python_dop_operator_3.py took 0.141 seconds
[2023-05-15T00:22:32.288+0000] {processor.py:156} INFO - Started process (PID=3800) to work on /home/airflow/.local/lib/python3.7/site-packages/airflow/example_dags/example_branch_python_dop_operator_3.py
[2023-05-15T00:22:32.289+0000] {processor.py:758} INFO - Processing file /home/airflow/.local/lib/python3.7/site-packages/airflow/example_dags/example_branch_python_dop_operator_3.py for tasks to queue
[2023-05-15T00:22:32.290+0000] {logging_mixin.py:117} INFO - [2023-05-15T00:22:32.289+0000] {dagbag.py:525} INFO - Filling up the DagBag from /home/airflow/.local/lib/python3.7/site-packages/airflow/example_dags/example_branch_python_dop_operator_3.py
[2023-05-15T00:22:32.320+0000] {processor.py:768} INFO - DAG(s) dict_keys(['example_branch_dop_operator_v3']) retrieved from /home/airflow/.local/lib/python3.7/site-packages/airflow/example_dags/example_branch_python_dop_operator_3.py
[2023-05-15T00:22:32.360+0000] {logging_mixin.py:117} INFO - [2023-05-15T00:22:32.360+0000] {dag.py:2573} INFO - Sync 1 DAGs
[2023-05-15T00:22:32.399+0000] {logging_mixin.py:117} INFO - [2023-05-15T00:22:32.399+0000] {dag.py:3328} INFO - Setting next_dagrun for example_branch_dop_operator_v3 to 2023-05-15T00:21:00+00:00, run_after=2023-05-15T00:22:00+00:00
[2023-05-15T00:22:32.420+0000] {processor.py:178} INFO - Processing /home/airflow/.local/lib/python3.7/site-packages/airflow/example_dags/example_branch_python_dop_operator_3.py took 0.135 seconds
[2023-05-15T00:23:03.121+0000] {processor.py:156} INFO - Started process (PID=4013) to work on /home/airflow/.local/lib/python3.7/site-packages/airflow/example_dags/example_branch_python_dop_operator_3.py
[2023-05-15T00:23:03.122+0000] {processor.py:758} INFO - Processing file /home/airflow/.local/lib/python3.7/site-packages/airflow/example_dags/example_branch_python_dop_operator_3.py for tasks to queue
[2023-05-15T00:23:03.123+0000] {logging_mixin.py:117} INFO - [2023-05-15T00:23:03.123+0000] {dagbag.py:525} INFO - Filling up the DagBag from /home/airflow/.local/lib/python3.7/site-packages/airflow/example_dags/example_branch_python_dop_operator_3.py
[2023-05-15T00:23:03.155+0000] {processor.py:768} INFO - DAG(s) dict_keys(['example_branch_dop_operator_v3']) retrieved from /home/airflow/.local/lib/python3.7/site-packages/airflow/example_dags/example_branch_python_dop_operator_3.py
[2023-05-15T00:23:03.195+0000] {logging_mixin.py:117} INFO - [2023-05-15T00:23:03.195+0000] {dag.py:2573} INFO - Sync 1 DAGs
[2023-05-15T00:23:03.230+0000] {logging_mixin.py:117} INFO - [2023-05-15T00:23:03.229+0000] {dag.py:3328} INFO - Setting next_dagrun for example_branch_dop_operator_v3 to 2023-05-15T00:22:00+00:00, run_after=2023-05-15T00:23:00+00:00
[2023-05-15T00:23:03.250+0000] {processor.py:178} INFO - Processing /home/airflow/.local/lib/python3.7/site-packages/airflow/example_dags/example_branch_python_dop_operator_3.py took 0.132 seconds
[2023-05-15T00:23:33.801+0000] {processor.py:156} INFO - Started process (PID=4225) to work on /home/airflow/.local/lib/python3.7/site-packages/airflow/example_dags/example_branch_python_dop_operator_3.py
[2023-05-15T00:23:33.802+0000] {processor.py:758} INFO - Processing file /home/airflow/.local/lib/python3.7/site-packages/airflow/example_dags/example_branch_python_dop_operator_3.py for tasks to queue
[2023-05-15T00:23:33.802+0000] {logging_mixin.py:117} INFO - [2023-05-15T00:23:33.802+0000] {dagbag.py:525} INFO - Filling up the DagBag from /home/airflow/.local/lib/python3.7/site-packages/airflow/example_dags/example_branch_python_dop_operator_3.py
[2023-05-15T00:23:33.840+0000] {processor.py:768} INFO - DAG(s) dict_keys(['example_branch_dop_operator_v3']) retrieved from /home/airflow/.local/lib/python3.7/site-packages/airflow/example_dags/example_branch_python_dop_operator_3.py
[2023-05-15T00:23:33.886+0000] {logging_mixin.py:117} INFO - [2023-05-15T00:23:33.886+0000] {dag.py:2573} INFO - Sync 1 DAGs
[2023-05-15T00:23:33.918+0000] {logging_mixin.py:117} INFO - [2023-05-15T00:23:33.918+0000] {dag.py:3328} INFO - Setting next_dagrun for example_branch_dop_operator_v3 to 2023-05-15T00:22:00+00:00, run_after=2023-05-15T00:23:00+00:00
[2023-05-15T00:23:33.937+0000] {processor.py:178} INFO - Processing /home/airflow/.local/lib/python3.7/site-packages/airflow/example_dags/example_branch_python_dop_operator_3.py took 0.140 seconds
[2023-05-15T00:24:04.341+0000] {processor.py:156} INFO - Started process (PID=4428) to work on /home/airflow/.local/lib/python3.7/site-packages/airflow/example_dags/example_branch_python_dop_operator_3.py
[2023-05-15T00:24:04.342+0000] {processor.py:758} INFO - Processing file /home/airflow/.local/lib/python3.7/site-packages/airflow/example_dags/example_branch_python_dop_operator_3.py for tasks to queue
[2023-05-15T00:24:04.342+0000] {logging_mixin.py:117} INFO - [2023-05-15T00:24:04.342+0000] {dagbag.py:525} INFO - Filling up the DagBag from /home/airflow/.local/lib/python3.7/site-packages/airflow/example_dags/example_branch_python_dop_operator_3.py
[2023-05-15T00:24:04.368+0000] {processor.py:768} INFO - DAG(s) dict_keys(['example_branch_dop_operator_v3']) retrieved from /home/airflow/.local/lib/python3.7/site-packages/airflow/example_dags/example_branch_python_dop_operator_3.py
[2023-05-15T00:24:04.406+0000] {logging_mixin.py:117} INFO - [2023-05-15T00:24:04.405+0000] {dag.py:2573} INFO - Sync 1 DAGs
[2023-05-15T00:24:04.437+0000] {logging_mixin.py:117} INFO - [2023-05-15T00:24:04.436+0000] {dag.py:3328} INFO - Setting next_dagrun for example_branch_dop_operator_v3 to 2023-05-15T00:23:00+00:00, run_after=2023-05-15T00:24:00+00:00
[2023-05-15T00:24:04.462+0000] {processor.py:178} INFO - Processing /home/airflow/.local/lib/python3.7/site-packages/airflow/example_dags/example_branch_python_dop_operator_3.py took 0.125 seconds
[2023-05-15T00:24:34.981+0000] {processor.py:156} INFO - Started process (PID=4640) to work on /home/airflow/.local/lib/python3.7/site-packages/airflow/example_dags/example_branch_python_dop_operator_3.py
[2023-05-15T00:24:34.982+0000] {processor.py:758} INFO - Processing file /home/airflow/.local/lib/python3.7/site-packages/airflow/example_dags/example_branch_python_dop_operator_3.py for tasks to queue
[2023-05-15T00:24:34.982+0000] {logging_mixin.py:117} INFO - [2023-05-15T00:24:34.982+0000] {dagbag.py:525} INFO - Filling up the DagBag from /home/airflow/.local/lib/python3.7/site-packages/airflow/example_dags/example_branch_python_dop_operator_3.py
[2023-05-15T00:24:35.017+0000] {processor.py:768} INFO - DAG(s) dict_keys(['example_branch_dop_operator_v3']) retrieved from /home/airflow/.local/lib/python3.7/site-packages/airflow/example_dags/example_branch_python_dop_operator_3.py
[2023-05-15T00:24:35.060+0000] {logging_mixin.py:117} INFO - [2023-05-15T00:24:35.060+0000] {dag.py:2573} INFO - Sync 1 DAGs
[2023-05-15T00:24:35.091+0000] {logging_mixin.py:117} INFO - [2023-05-15T00:24:35.091+0000] {dag.py:3328} INFO - Setting next_dagrun for example_branch_dop_operator_v3 to 2023-05-15T00:23:00+00:00, run_after=2023-05-15T00:24:00+00:00
[2023-05-15T00:24:35.119+0000] {processor.py:178} INFO - Processing /home/airflow/.local/lib/python3.7/site-packages/airflow/example_dags/example_branch_python_dop_operator_3.py took 0.142 seconds
[2023-05-15T00:34:04.293+0000] {processor.py:156} INFO - Started process (PID=264) to work on /home/airflow/.local/lib/python3.7/site-packages/airflow/example_dags/example_branch_python_dop_operator_3.py
[2023-05-15T00:34:04.294+0000] {processor.py:758} INFO - Processing file /home/airflow/.local/lib/python3.7/site-packages/airflow/example_dags/example_branch_python_dop_operator_3.py for tasks to queue
[2023-05-15T00:34:04.295+0000] {logging_mixin.py:117} INFO - [2023-05-15T00:34:04.295+0000] {dagbag.py:525} INFO - Filling up the DagBag from /home/airflow/.local/lib/python3.7/site-packages/airflow/example_dags/example_branch_python_dop_operator_3.py
[2023-05-15T00:34:04.331+0000] {processor.py:768} INFO - DAG(s) dict_keys(['example_branch_dop_operator_v3']) retrieved from /home/airflow/.local/lib/python3.7/site-packages/airflow/example_dags/example_branch_python_dop_operator_3.py
[2023-05-15T00:34:04.372+0000] {logging_mixin.py:117} INFO - [2023-05-15T00:34:04.372+0000] {dag.py:2573} INFO - Sync 1 DAGs
[2023-05-15T00:34:04.439+0000] {logging_mixin.py:117} INFO - [2023-05-15T00:34:04.439+0000] {dag.py:3328} INFO - Setting next_dagrun for example_branch_dop_operator_v3 to 2023-05-15T00:33:00+00:00, run_after=2023-05-15T00:34:00+00:00
[2023-05-15T00:34:04.469+0000] {processor.py:178} INFO - Processing /home/airflow/.local/lib/python3.7/site-packages/airflow/example_dags/example_branch_python_dop_operator_3.py took 0.180 seconds
[2023-05-15T00:34:35.654+0000] {processor.py:156} INFO - Started process (PID=466) to work on /home/airflow/.local/lib/python3.7/site-packages/airflow/example_dags/example_branch_python_dop_operator_3.py
[2023-05-15T00:34:35.658+0000] {processor.py:758} INFO - Processing file /home/airflow/.local/lib/python3.7/site-packages/airflow/example_dags/example_branch_python_dop_operator_3.py for tasks to queue
[2023-05-15T00:34:35.658+0000] {logging_mixin.py:117} INFO - [2023-05-15T00:34:35.658+0000] {dagbag.py:525} INFO - Filling up the DagBag from /home/airflow/.local/lib/python3.7/site-packages/airflow/example_dags/example_branch_python_dop_operator_3.py
[2023-05-15T00:34:35.719+0000] {processor.py:768} INFO - DAG(s) dict_keys(['example_branch_dop_operator_v3']) retrieved from /home/airflow/.local/lib/python3.7/site-packages/airflow/example_dags/example_branch_python_dop_operator_3.py
[2023-05-15T00:34:35.802+0000] {logging_mixin.py:117} INFO - [2023-05-15T00:34:35.802+0000] {dag.py:2573} INFO - Sync 1 DAGs
[2023-05-15T00:34:35.861+0000] {logging_mixin.py:117} INFO - [2023-05-15T00:34:35.861+0000] {dag.py:3328} INFO - Setting next_dagrun for example_branch_dop_operator_v3 to 2023-05-15T00:33:00+00:00, run_after=2023-05-15T00:34:00+00:00
[2023-05-15T00:34:35.894+0000] {processor.py:178} INFO - Processing /home/airflow/.local/lib/python3.7/site-packages/airflow/example_dags/example_branch_python_dop_operator_3.py took 0.245 seconds
