[2023-05-15T00:13:46.994+0000] {processor.py:156} INFO - Started process (PID=218) to work on /home/airflow/.local/lib/python3.7/site-packages/airflow/example_dags/example_nested_branch_dag.py
[2023-05-15T00:13:46.994+0000] {processor.py:758} INFO - Processing file /home/airflow/.local/lib/python3.7/site-packages/airflow/example_dags/example_nested_branch_dag.py for tasks to queue
[2023-05-15T00:13:46.995+0000] {logging_mixin.py:117} INFO - [2023-05-15T00:13:46.995+0000] {dagbag.py:525} INFO - Filling up the DagBag from /home/airflow/.local/lib/python3.7/site-packages/airflow/example_dags/example_nested_branch_dag.py
[2023-05-15T00:13:47.030+0000] {processor.py:768} INFO - DAG(s) dict_keys(['example_nested_branch_dag']) retrieved from /home/airflow/.local/lib/python3.7/site-packages/airflow/example_dags/example_nested_branch_dag.py
[2023-05-15T00:13:47.067+0000] {logging_mixin.py:117} INFO - [2023-05-15T00:13:47.066+0000] {dag.py:2573} INFO - Sync 1 DAGs
[2023-05-15T00:13:47.115+0000] {logging_mixin.py:117} INFO - [2023-05-15T00:13:47.115+0000] {dag.py:3328} INFO - Setting next_dagrun for example_nested_branch_dag to 2023-05-14T00:00:00+00:00, run_after=2023-05-15T00:00:00+00:00
[2023-05-15T00:13:47.134+0000] {processor.py:178} INFO - Processing /home/airflow/.local/lib/python3.7/site-packages/airflow/example_dags/example_nested_branch_dag.py took 0.144 seconds
[2023-05-15T00:14:18.594+0000] {processor.py:156} INFO - Started process (PID=421) to work on /home/airflow/.local/lib/python3.7/site-packages/airflow/example_dags/example_nested_branch_dag.py
[2023-05-15T00:14:18.596+0000] {processor.py:758} INFO - Processing file /home/airflow/.local/lib/python3.7/site-packages/airflow/example_dags/example_nested_branch_dag.py for tasks to queue
[2023-05-15T00:14:18.597+0000] {logging_mixin.py:117} INFO - [2023-05-15T00:14:18.597+0000] {dagbag.py:525} INFO - Filling up the DagBag from /home/airflow/.local/lib/python3.7/site-packages/airflow/example_dags/example_nested_branch_dag.py
[2023-05-15T00:14:18.649+0000] {processor.py:768} INFO - DAG(s) dict_keys(['example_nested_branch_dag']) retrieved from /home/airflow/.local/lib/python3.7/site-packages/airflow/example_dags/example_nested_branch_dag.py
[2023-05-15T00:14:18.720+0000] {logging_mixin.py:117} INFO - [2023-05-15T00:14:18.720+0000] {dag.py:2573} INFO - Sync 1 DAGs
[2023-05-15T00:14:18.771+0000] {logging_mixin.py:117} INFO - [2023-05-15T00:14:18.771+0000] {dag.py:3328} INFO - Setting next_dagrun for example_nested_branch_dag to 2023-05-14T00:00:00+00:00, run_after=2023-05-15T00:00:00+00:00
[2023-05-15T00:14:18.810+0000] {processor.py:178} INFO - Processing /home/airflow/.local/lib/python3.7/site-packages/airflow/example_dags/example_nested_branch_dag.py took 0.221 seconds
[2023-05-15T00:14:49.375+0000] {processor.py:156} INFO - Started process (PID=633) to work on /home/airflow/.local/lib/python3.7/site-packages/airflow/example_dags/example_nested_branch_dag.py
[2023-05-15T00:14:49.377+0000] {processor.py:758} INFO - Processing file /home/airflow/.local/lib/python3.7/site-packages/airflow/example_dags/example_nested_branch_dag.py for tasks to queue
[2023-05-15T00:14:49.378+0000] {logging_mixin.py:117} INFO - [2023-05-15T00:14:49.378+0000] {dagbag.py:525} INFO - Filling up the DagBag from /home/airflow/.local/lib/python3.7/site-packages/airflow/example_dags/example_nested_branch_dag.py
[2023-05-15T00:14:49.432+0000] {processor.py:768} INFO - DAG(s) dict_keys(['example_nested_branch_dag']) retrieved from /home/airflow/.local/lib/python3.7/site-packages/airflow/example_dags/example_nested_branch_dag.py
[2023-05-15T00:14:49.548+0000] {logging_mixin.py:117} INFO - [2023-05-15T00:14:49.548+0000] {dag.py:2573} INFO - Sync 1 DAGs
[2023-05-15T00:14:50.074+0000] {logging_mixin.py:117} INFO - [2023-05-15T00:14:50.073+0000] {dag.py:3328} INFO - Setting next_dagrun for example_nested_branch_dag to 2023-05-14T00:00:00+00:00, run_after=2023-05-15T00:00:00+00:00
[2023-05-15T00:14:50.127+0000] {processor.py:178} INFO - Processing /home/airflow/.local/lib/python3.7/site-packages/airflow/example_dags/example_nested_branch_dag.py took 0.757 seconds
[2023-05-15T00:15:20.285+0000] {processor.py:156} INFO - Started process (PID=835) to work on /home/airflow/.local/lib/python3.7/site-packages/airflow/example_dags/example_nested_branch_dag.py
[2023-05-15T00:15:20.285+0000] {processor.py:758} INFO - Processing file /home/airflow/.local/lib/python3.7/site-packages/airflow/example_dags/example_nested_branch_dag.py for tasks to queue
[2023-05-15T00:15:20.286+0000] {logging_mixin.py:117} INFO - [2023-05-15T00:15:20.286+0000] {dagbag.py:525} INFO - Filling up the DagBag from /home/airflow/.local/lib/python3.7/site-packages/airflow/example_dags/example_nested_branch_dag.py
[2023-05-15T00:15:20.337+0000] {processor.py:768} INFO - DAG(s) dict_keys(['example_nested_branch_dag']) retrieved from /home/airflow/.local/lib/python3.7/site-packages/airflow/example_dags/example_nested_branch_dag.py
[2023-05-15T00:15:20.411+0000] {logging_mixin.py:117} INFO - [2023-05-15T00:15:20.411+0000] {dag.py:2573} INFO - Sync 1 DAGs
[2023-05-15T00:15:20.625+0000] {logging_mixin.py:117} INFO - [2023-05-15T00:15:20.625+0000] {dag.py:3328} INFO - Setting next_dagrun for example_nested_branch_dag to 2023-05-14T00:00:00+00:00, run_after=2023-05-15T00:00:00+00:00
[2023-05-15T00:15:20.656+0000] {processor.py:178} INFO - Processing /home/airflow/.local/lib/python3.7/site-packages/airflow/example_dags/example_nested_branch_dag.py took 0.377 seconds
[2023-05-15T00:15:51.249+0000] {processor.py:156} INFO - Started process (PID=1048) to work on /home/airflow/.local/lib/python3.7/site-packages/airflow/example_dags/example_nested_branch_dag.py
[2023-05-15T00:15:51.250+0000] {processor.py:758} INFO - Processing file /home/airflow/.local/lib/python3.7/site-packages/airflow/example_dags/example_nested_branch_dag.py for tasks to queue
[2023-05-15T00:15:51.252+0000] {logging_mixin.py:117} INFO - [2023-05-15T00:15:51.251+0000] {dagbag.py:525} INFO - Filling up the DagBag from /home/airflow/.local/lib/python3.7/site-packages/airflow/example_dags/example_nested_branch_dag.py
[2023-05-15T00:15:51.279+0000] {processor.py:768} INFO - DAG(s) dict_keys(['example_nested_branch_dag']) retrieved from /home/airflow/.local/lib/python3.7/site-packages/airflow/example_dags/example_nested_branch_dag.py
[2023-05-15T00:15:51.527+0000] {logging_mixin.py:117} INFO - [2023-05-15T00:15:51.526+0000] {dag.py:2573} INFO - Sync 1 DAGs
[2023-05-15T00:15:51.565+0000] {logging_mixin.py:117} INFO - [2023-05-15T00:15:51.565+0000] {dag.py:3328} INFO - Setting next_dagrun for example_nested_branch_dag to 2023-05-14T00:00:00+00:00, run_after=2023-05-15T00:00:00+00:00
[2023-05-15T00:15:51.604+0000] {processor.py:178} INFO - Processing /home/airflow/.local/lib/python3.7/site-packages/airflow/example_dags/example_nested_branch_dag.py took 0.359 seconds
[2023-05-15T00:16:21.662+0000] {processor.py:156} INFO - Started process (PID=1250) to work on /home/airflow/.local/lib/python3.7/site-packages/airflow/example_dags/example_nested_branch_dag.py
[2023-05-15T00:16:21.663+0000] {processor.py:758} INFO - Processing file /home/airflow/.local/lib/python3.7/site-packages/airflow/example_dags/example_nested_branch_dag.py for tasks to queue
[2023-05-15T00:16:21.663+0000] {logging_mixin.py:117} INFO - [2023-05-15T00:16:21.663+0000] {dagbag.py:525} INFO - Filling up the DagBag from /home/airflow/.local/lib/python3.7/site-packages/airflow/example_dags/example_nested_branch_dag.py
[2023-05-15T00:16:21.690+0000] {processor.py:768} INFO - DAG(s) dict_keys(['example_nested_branch_dag']) retrieved from /home/airflow/.local/lib/python3.7/site-packages/airflow/example_dags/example_nested_branch_dag.py
[2023-05-15T00:16:21.860+0000] {logging_mixin.py:117} INFO - [2023-05-15T00:16:21.859+0000] {dag.py:2573} INFO - Sync 1 DAGs
[2023-05-15T00:16:21.921+0000] {logging_mixin.py:117} INFO - [2023-05-15T00:16:21.921+0000] {dag.py:3328} INFO - Setting next_dagrun for example_nested_branch_dag to 2023-05-14T00:00:00+00:00, run_after=2023-05-15T00:00:00+00:00
[2023-05-15T00:16:21.959+0000] {processor.py:178} INFO - Processing /home/airflow/.local/lib/python3.7/site-packages/airflow/example_dags/example_nested_branch_dag.py took 0.301 seconds
[2023-05-15T00:16:52.165+0000] {processor.py:156} INFO - Started process (PID=1460) to work on /home/airflow/.local/lib/python3.7/site-packages/airflow/example_dags/example_nested_branch_dag.py
[2023-05-15T00:16:52.166+0000] {processor.py:758} INFO - Processing file /home/airflow/.local/lib/python3.7/site-packages/airflow/example_dags/example_nested_branch_dag.py for tasks to queue
[2023-05-15T00:16:52.167+0000] {logging_mixin.py:117} INFO - [2023-05-15T00:16:52.167+0000] {dagbag.py:525} INFO - Filling up the DagBag from /home/airflow/.local/lib/python3.7/site-packages/airflow/example_dags/example_nested_branch_dag.py
[2023-05-15T00:16:52.534+0000] {processor.py:768} INFO - DAG(s) dict_keys(['example_nested_branch_dag']) retrieved from /home/airflow/.local/lib/python3.7/site-packages/airflow/example_dags/example_nested_branch_dag.py
[2023-05-15T00:16:52.591+0000] {logging_mixin.py:117} INFO - [2023-05-15T00:16:52.591+0000] {dag.py:2573} INFO - Sync 1 DAGs
[2023-05-15T00:16:52.644+0000] {logging_mixin.py:117} INFO - [2023-05-15T00:16:52.644+0000] {dag.py:3328} INFO - Setting next_dagrun for example_nested_branch_dag to 2023-05-14T00:00:00+00:00, run_after=2023-05-15T00:00:00+00:00
[2023-05-15T00:16:52.682+0000] {processor.py:178} INFO - Processing /home/airflow/.local/lib/python3.7/site-packages/airflow/example_dags/example_nested_branch_dag.py took 0.522 seconds
[2023-05-15T00:17:23.099+0000] {processor.py:156} INFO - Started process (PID=1670) to work on /home/airflow/.local/lib/python3.7/site-packages/airflow/example_dags/example_nested_branch_dag.py
[2023-05-15T00:17:23.106+0000] {processor.py:758} INFO - Processing file /home/airflow/.local/lib/python3.7/site-packages/airflow/example_dags/example_nested_branch_dag.py for tasks to queue
[2023-05-15T00:17:23.107+0000] {logging_mixin.py:117} INFO - [2023-05-15T00:17:23.107+0000] {dagbag.py:525} INFO - Filling up the DagBag from /home/airflow/.local/lib/python3.7/site-packages/airflow/example_dags/example_nested_branch_dag.py
[2023-05-15T00:17:23.411+0000] {processor.py:768} INFO - DAG(s) dict_keys(['example_nested_branch_dag']) retrieved from /home/airflow/.local/lib/python3.7/site-packages/airflow/example_dags/example_nested_branch_dag.py
[2023-05-15T00:17:23.486+0000] {logging_mixin.py:117} INFO - [2023-05-15T00:17:23.486+0000] {dag.py:2573} INFO - Sync 1 DAGs
[2023-05-15T00:17:23.537+0000] {logging_mixin.py:117} INFO - [2023-05-15T00:17:23.537+0000] {dag.py:3328} INFO - Setting next_dagrun for example_nested_branch_dag to 2023-05-14T00:00:00+00:00, run_after=2023-05-15T00:00:00+00:00
[2023-05-15T00:17:23.572+0000] {processor.py:178} INFO - Processing /home/airflow/.local/lib/python3.7/site-packages/airflow/example_dags/example_nested_branch_dag.py took 0.479 seconds
[2023-05-15T00:17:53.923+0000] {processor.py:156} INFO - Started process (PID=1878) to work on /home/airflow/.local/lib/python3.7/site-packages/airflow/example_dags/example_nested_branch_dag.py
[2023-05-15T00:17:53.924+0000] {processor.py:758} INFO - Processing file /home/airflow/.local/lib/python3.7/site-packages/airflow/example_dags/example_nested_branch_dag.py for tasks to queue
[2023-05-15T00:17:53.924+0000] {logging_mixin.py:117} INFO - [2023-05-15T00:17:53.924+0000] {dagbag.py:525} INFO - Filling up the DagBag from /home/airflow/.local/lib/python3.7/site-packages/airflow/example_dags/example_nested_branch_dag.py
[2023-05-15T00:17:53.947+0000] {processor.py:768} INFO - DAG(s) dict_keys(['example_nested_branch_dag']) retrieved from /home/airflow/.local/lib/python3.7/site-packages/airflow/example_dags/example_nested_branch_dag.py
[2023-05-15T00:17:53.989+0000] {logging_mixin.py:117} INFO - [2023-05-15T00:17:53.989+0000] {dag.py:2573} INFO - Sync 1 DAGs
[2023-05-15T00:17:54.021+0000] {logging_mixin.py:117} INFO - [2023-05-15T00:17:54.021+0000] {dag.py:3328} INFO - Setting next_dagrun for example_nested_branch_dag to 2023-05-14T00:00:00+00:00, run_after=2023-05-15T00:00:00+00:00
[2023-05-15T00:17:54.051+0000] {processor.py:178} INFO - Processing /home/airflow/.local/lib/python3.7/site-packages/airflow/example_dags/example_nested_branch_dag.py took 0.131 seconds
[2023-05-15T00:18:24.469+0000] {processor.py:156} INFO - Started process (PID=2089) to work on /home/airflow/.local/lib/python3.7/site-packages/airflow/example_dags/example_nested_branch_dag.py
[2023-05-15T00:18:24.470+0000] {processor.py:758} INFO - Processing file /home/airflow/.local/lib/python3.7/site-packages/airflow/example_dags/example_nested_branch_dag.py for tasks to queue
[2023-05-15T00:18:24.471+0000] {logging_mixin.py:117} INFO - [2023-05-15T00:18:24.470+0000] {dagbag.py:525} INFO - Filling up the DagBag from /home/airflow/.local/lib/python3.7/site-packages/airflow/example_dags/example_nested_branch_dag.py
[2023-05-15T00:18:24.498+0000] {processor.py:768} INFO - DAG(s) dict_keys(['example_nested_branch_dag']) retrieved from /home/airflow/.local/lib/python3.7/site-packages/airflow/example_dags/example_nested_branch_dag.py
[2023-05-15T00:18:24.542+0000] {logging_mixin.py:117} INFO - [2023-05-15T00:18:24.542+0000] {dag.py:2573} INFO - Sync 1 DAGs
[2023-05-15T00:18:24.570+0000] {logging_mixin.py:117} INFO - [2023-05-15T00:18:24.570+0000] {dag.py:3328} INFO - Setting next_dagrun for example_nested_branch_dag to 2023-05-14T00:00:00+00:00, run_after=2023-05-15T00:00:00+00:00
[2023-05-15T00:18:24.592+0000] {processor.py:178} INFO - Processing /home/airflow/.local/lib/python3.7/site-packages/airflow/example_dags/example_nested_branch_dag.py took 0.125 seconds
[2023-05-15T00:18:55.040+0000] {processor.py:156} INFO - Started process (PID=2292) to work on /home/airflow/.local/lib/python3.7/site-packages/airflow/example_dags/example_nested_branch_dag.py
[2023-05-15T00:18:55.040+0000] {processor.py:758} INFO - Processing file /home/airflow/.local/lib/python3.7/site-packages/airflow/example_dags/example_nested_branch_dag.py for tasks to queue
[2023-05-15T00:18:55.041+0000] {logging_mixin.py:117} INFO - [2023-05-15T00:18:55.041+0000] {dagbag.py:525} INFO - Filling up the DagBag from /home/airflow/.local/lib/python3.7/site-packages/airflow/example_dags/example_nested_branch_dag.py
[2023-05-15T00:18:55.063+0000] {processor.py:768} INFO - DAG(s) dict_keys(['example_nested_branch_dag']) retrieved from /home/airflow/.local/lib/python3.7/site-packages/airflow/example_dags/example_nested_branch_dag.py
[2023-05-15T00:18:55.102+0000] {logging_mixin.py:117} INFO - [2023-05-15T00:18:55.102+0000] {dag.py:2573} INFO - Sync 1 DAGs
[2023-05-15T00:18:55.129+0000] {logging_mixin.py:117} INFO - [2023-05-15T00:18:55.129+0000] {dag.py:3328} INFO - Setting next_dagrun for example_nested_branch_dag to 2023-05-14T00:00:00+00:00, run_after=2023-05-15T00:00:00+00:00
[2023-05-15T00:18:55.149+0000] {processor.py:178} INFO - Processing /home/airflow/.local/lib/python3.7/site-packages/airflow/example_dags/example_nested_branch_dag.py took 0.113 seconds
[2023-05-15T00:19:25.932+0000] {processor.py:156} INFO - Started process (PID=2500) to work on /home/airflow/.local/lib/python3.7/site-packages/airflow/example_dags/example_nested_branch_dag.py
[2023-05-15T00:19:25.933+0000] {processor.py:758} INFO - Processing file /home/airflow/.local/lib/python3.7/site-packages/airflow/example_dags/example_nested_branch_dag.py for tasks to queue
[2023-05-15T00:19:25.934+0000] {logging_mixin.py:117} INFO - [2023-05-15T00:19:25.934+0000] {dagbag.py:525} INFO - Filling up the DagBag from /home/airflow/.local/lib/python3.7/site-packages/airflow/example_dags/example_nested_branch_dag.py
[2023-05-15T00:19:25.974+0000] {processor.py:768} INFO - DAG(s) dict_keys(['example_nested_branch_dag']) retrieved from /home/airflow/.local/lib/python3.7/site-packages/airflow/example_dags/example_nested_branch_dag.py
[2023-05-15T00:19:26.022+0000] {logging_mixin.py:117} INFO - [2023-05-15T00:19:26.021+0000] {dag.py:2573} INFO - Sync 1 DAGs
[2023-05-15T00:19:26.060+0000] {logging_mixin.py:117} INFO - [2023-05-15T00:19:26.059+0000] {dag.py:3328} INFO - Setting next_dagrun for example_nested_branch_dag to 2023-05-14T00:00:00+00:00, run_after=2023-05-15T00:00:00+00:00
[2023-05-15T00:19:26.085+0000] {processor.py:178} INFO - Processing /home/airflow/.local/lib/python3.7/site-packages/airflow/example_dags/example_nested_branch_dag.py took 0.157 seconds
[2023-05-15T00:19:56.540+0000] {processor.py:156} INFO - Started process (PID=2713) to work on /home/airflow/.local/lib/python3.7/site-packages/airflow/example_dags/example_nested_branch_dag.py
[2023-05-15T00:19:56.541+0000] {processor.py:758} INFO - Processing file /home/airflow/.local/lib/python3.7/site-packages/airflow/example_dags/example_nested_branch_dag.py for tasks to queue
[2023-05-15T00:19:56.541+0000] {logging_mixin.py:117} INFO - [2023-05-15T00:19:56.541+0000] {dagbag.py:525} INFO - Filling up the DagBag from /home/airflow/.local/lib/python3.7/site-packages/airflow/example_dags/example_nested_branch_dag.py
[2023-05-15T00:19:56.575+0000] {processor.py:768} INFO - DAG(s) dict_keys(['example_nested_branch_dag']) retrieved from /home/airflow/.local/lib/python3.7/site-packages/airflow/example_dags/example_nested_branch_dag.py
[2023-05-15T00:19:56.619+0000] {logging_mixin.py:117} INFO - [2023-05-15T00:19:56.618+0000] {dag.py:2573} INFO - Sync 1 DAGs
[2023-05-15T00:19:56.649+0000] {logging_mixin.py:117} INFO - [2023-05-15T00:19:56.649+0000] {dag.py:3328} INFO - Setting next_dagrun for example_nested_branch_dag to 2023-05-14T00:00:00+00:00, run_after=2023-05-15T00:00:00+00:00
[2023-05-15T00:19:56.673+0000] {processor.py:178} INFO - Processing /home/airflow/.local/lib/python3.7/site-packages/airflow/example_dags/example_nested_branch_dag.py took 0.137 seconds
[2023-05-15T00:20:27.195+0000] {processor.py:156} INFO - Started process (PID=2915) to work on /home/airflow/.local/lib/python3.7/site-packages/airflow/example_dags/example_nested_branch_dag.py
[2023-05-15T00:20:27.196+0000] {processor.py:758} INFO - Processing file /home/airflow/.local/lib/python3.7/site-packages/airflow/example_dags/example_nested_branch_dag.py for tasks to queue
[2023-05-15T00:20:27.197+0000] {logging_mixin.py:117} INFO - [2023-05-15T00:20:27.196+0000] {dagbag.py:525} INFO - Filling up the DagBag from /home/airflow/.local/lib/python3.7/site-packages/airflow/example_dags/example_nested_branch_dag.py
[2023-05-15T00:20:27.221+0000] {processor.py:768} INFO - DAG(s) dict_keys(['example_nested_branch_dag']) retrieved from /home/airflow/.local/lib/python3.7/site-packages/airflow/example_dags/example_nested_branch_dag.py
[2023-05-15T00:20:27.282+0000] {logging_mixin.py:117} INFO - [2023-05-15T00:20:27.282+0000] {dag.py:2573} INFO - Sync 1 DAGs
[2023-05-15T00:20:27.342+0000] {logging_mixin.py:117} INFO - [2023-05-15T00:20:27.342+0000] {dag.py:3328} INFO - Setting next_dagrun for example_nested_branch_dag to 2023-05-14T00:00:00+00:00, run_after=2023-05-15T00:00:00+00:00
[2023-05-15T00:20:27.384+0000] {processor.py:178} INFO - Processing /home/airflow/.local/lib/python3.7/site-packages/airflow/example_dags/example_nested_branch_dag.py took 0.192 seconds
[2023-05-15T00:20:58.022+0000] {processor.py:156} INFO - Started process (PID=3126) to work on /home/airflow/.local/lib/python3.7/site-packages/airflow/example_dags/example_nested_branch_dag.py
[2023-05-15T00:20:58.022+0000] {processor.py:758} INFO - Processing file /home/airflow/.local/lib/python3.7/site-packages/airflow/example_dags/example_nested_branch_dag.py for tasks to queue
[2023-05-15T00:20:58.023+0000] {logging_mixin.py:117} INFO - [2023-05-15T00:20:58.023+0000] {dagbag.py:525} INFO - Filling up the DagBag from /home/airflow/.local/lib/python3.7/site-packages/airflow/example_dags/example_nested_branch_dag.py
[2023-05-15T00:20:58.058+0000] {processor.py:768} INFO - DAG(s) dict_keys(['example_nested_branch_dag']) retrieved from /home/airflow/.local/lib/python3.7/site-packages/airflow/example_dags/example_nested_branch_dag.py
[2023-05-15T00:20:58.095+0000] {logging_mixin.py:117} INFO - [2023-05-15T00:20:58.095+0000] {dag.py:2573} INFO - Sync 1 DAGs
[2023-05-15T00:20:58.143+0000] {logging_mixin.py:117} INFO - [2023-05-15T00:20:58.143+0000] {dag.py:3328} INFO - Setting next_dagrun for example_nested_branch_dag to 2023-05-14T00:00:00+00:00, run_after=2023-05-15T00:00:00+00:00
[2023-05-15T00:20:58.176+0000] {processor.py:178} INFO - Processing /home/airflow/.local/lib/python3.7/site-packages/airflow/example_dags/example_nested_branch_dag.py took 0.158 seconds
[2023-05-15T00:21:28.455+0000] {processor.py:156} INFO - Started process (PID=3339) to work on /home/airflow/.local/lib/python3.7/site-packages/airflow/example_dags/example_nested_branch_dag.py
[2023-05-15T00:21:28.456+0000] {processor.py:758} INFO - Processing file /home/airflow/.local/lib/python3.7/site-packages/airflow/example_dags/example_nested_branch_dag.py for tasks to queue
[2023-05-15T00:21:28.456+0000] {logging_mixin.py:117} INFO - [2023-05-15T00:21:28.456+0000] {dagbag.py:525} INFO - Filling up the DagBag from /home/airflow/.local/lib/python3.7/site-packages/airflow/example_dags/example_nested_branch_dag.py
[2023-05-15T00:21:28.480+0000] {processor.py:768} INFO - DAG(s) dict_keys(['example_nested_branch_dag']) retrieved from /home/airflow/.local/lib/python3.7/site-packages/airflow/example_dags/example_nested_branch_dag.py
[2023-05-15T00:21:28.521+0000] {logging_mixin.py:117} INFO - [2023-05-15T00:21:28.521+0000] {dag.py:2573} INFO - Sync 1 DAGs
[2023-05-15T00:21:28.557+0000] {logging_mixin.py:117} INFO - [2023-05-15T00:21:28.557+0000] {dag.py:3328} INFO - Setting next_dagrun for example_nested_branch_dag to 2023-05-14T00:00:00+00:00, run_after=2023-05-15T00:00:00+00:00
[2023-05-15T00:21:28.577+0000] {processor.py:178} INFO - Processing /home/airflow/.local/lib/python3.7/site-packages/airflow/example_dags/example_nested_branch_dag.py took 0.126 seconds
[2023-05-15T00:21:58.840+0000] {processor.py:156} INFO - Started process (PID=3542) to work on /home/airflow/.local/lib/python3.7/site-packages/airflow/example_dags/example_nested_branch_dag.py
[2023-05-15T00:21:58.841+0000] {processor.py:758} INFO - Processing file /home/airflow/.local/lib/python3.7/site-packages/airflow/example_dags/example_nested_branch_dag.py for tasks to queue
[2023-05-15T00:21:58.842+0000] {logging_mixin.py:117} INFO - [2023-05-15T00:21:58.842+0000] {dagbag.py:525} INFO - Filling up the DagBag from /home/airflow/.local/lib/python3.7/site-packages/airflow/example_dags/example_nested_branch_dag.py
[2023-05-15T00:21:58.875+0000] {processor.py:768} INFO - DAG(s) dict_keys(['example_nested_branch_dag']) retrieved from /home/airflow/.local/lib/python3.7/site-packages/airflow/example_dags/example_nested_branch_dag.py
[2023-05-15T00:21:58.935+0000] {logging_mixin.py:117} INFO - [2023-05-15T00:21:58.935+0000] {dag.py:2573} INFO - Sync 1 DAGs
[2023-05-15T00:21:58.984+0000] {logging_mixin.py:117} INFO - [2023-05-15T00:21:58.984+0000] {dag.py:3328} INFO - Setting next_dagrun for example_nested_branch_dag to 2023-05-14T00:00:00+00:00, run_after=2023-05-15T00:00:00+00:00
[2023-05-15T00:21:59.008+0000] {processor.py:178} INFO - Processing /home/airflow/.local/lib/python3.7/site-packages/airflow/example_dags/example_nested_branch_dag.py took 0.172 seconds
[2023-05-15T00:22:29.300+0000] {processor.py:156} INFO - Started process (PID=3755) to work on /home/airflow/.local/lib/python3.7/site-packages/airflow/example_dags/example_nested_branch_dag.py
[2023-05-15T00:22:29.301+0000] {processor.py:758} INFO - Processing file /home/airflow/.local/lib/python3.7/site-packages/airflow/example_dags/example_nested_branch_dag.py for tasks to queue
[2023-05-15T00:22:29.302+0000] {logging_mixin.py:117} INFO - [2023-05-15T00:22:29.302+0000] {dagbag.py:525} INFO - Filling up the DagBag from /home/airflow/.local/lib/python3.7/site-packages/airflow/example_dags/example_nested_branch_dag.py
[2023-05-15T00:22:29.330+0000] {processor.py:768} INFO - DAG(s) dict_keys(['example_nested_branch_dag']) retrieved from /home/airflow/.local/lib/python3.7/site-packages/airflow/example_dags/example_nested_branch_dag.py
[2023-05-15T00:22:29.380+0000] {logging_mixin.py:117} INFO - [2023-05-15T00:22:29.380+0000] {dag.py:2573} INFO - Sync 1 DAGs
[2023-05-15T00:22:29.416+0000] {logging_mixin.py:117} INFO - [2023-05-15T00:22:29.416+0000] {dag.py:3328} INFO - Setting next_dagrun for example_nested_branch_dag to 2023-05-14T00:00:00+00:00, run_after=2023-05-15T00:00:00+00:00
[2023-05-15T00:22:29.443+0000] {processor.py:178} INFO - Processing /home/airflow/.local/lib/python3.7/site-packages/airflow/example_dags/example_nested_branch_dag.py took 0.146 seconds
[2023-05-15T00:23:00.241+0000] {processor.py:156} INFO - Started process (PID=3968) to work on /home/airflow/.local/lib/python3.7/site-packages/airflow/example_dags/example_nested_branch_dag.py
[2023-05-15T00:23:00.241+0000] {processor.py:758} INFO - Processing file /home/airflow/.local/lib/python3.7/site-packages/airflow/example_dags/example_nested_branch_dag.py for tasks to queue
[2023-05-15T00:23:00.242+0000] {logging_mixin.py:117} INFO - [2023-05-15T00:23:00.242+0000] {dagbag.py:525} INFO - Filling up the DagBag from /home/airflow/.local/lib/python3.7/site-packages/airflow/example_dags/example_nested_branch_dag.py
[2023-05-15T00:23:00.274+0000] {processor.py:768} INFO - DAG(s) dict_keys(['example_nested_branch_dag']) retrieved from /home/airflow/.local/lib/python3.7/site-packages/airflow/example_dags/example_nested_branch_dag.py
[2023-05-15T00:23:00.319+0000] {logging_mixin.py:117} INFO - [2023-05-15T00:23:00.319+0000] {dag.py:2573} INFO - Sync 1 DAGs
[2023-05-15T00:23:00.360+0000] {logging_mixin.py:117} INFO - [2023-05-15T00:23:00.360+0000] {dag.py:3328} INFO - Setting next_dagrun for example_nested_branch_dag to 2023-05-14T00:00:00+00:00, run_after=2023-05-15T00:00:00+00:00
[2023-05-15T00:23:00.379+0000] {processor.py:178} INFO - Processing /home/airflow/.local/lib/python3.7/site-packages/airflow/example_dags/example_nested_branch_dag.py took 0.142 seconds
[2023-05-15T00:23:30.834+0000] {processor.py:156} INFO - Started process (PID=4171) to work on /home/airflow/.local/lib/python3.7/site-packages/airflow/example_dags/example_nested_branch_dag.py
[2023-05-15T00:23:30.835+0000] {processor.py:758} INFO - Processing file /home/airflow/.local/lib/python3.7/site-packages/airflow/example_dags/example_nested_branch_dag.py for tasks to queue
[2023-05-15T00:23:30.835+0000] {logging_mixin.py:117} INFO - [2023-05-15T00:23:30.835+0000] {dagbag.py:525} INFO - Filling up the DagBag from /home/airflow/.local/lib/python3.7/site-packages/airflow/example_dags/example_nested_branch_dag.py
[2023-05-15T00:23:30.889+0000] {processor.py:768} INFO - DAG(s) dict_keys(['example_nested_branch_dag']) retrieved from /home/airflow/.local/lib/python3.7/site-packages/airflow/example_dags/example_nested_branch_dag.py
[2023-05-15T00:23:30.944+0000] {logging_mixin.py:117} INFO - [2023-05-15T00:23:30.944+0000] {dag.py:2573} INFO - Sync 1 DAGs
[2023-05-15T00:23:30.984+0000] {logging_mixin.py:117} INFO - [2023-05-15T00:23:30.984+0000] {dag.py:3328} INFO - Setting next_dagrun for example_nested_branch_dag to 2023-05-14T00:00:00+00:00, run_after=2023-05-15T00:00:00+00:00
[2023-05-15T00:23:31.010+0000] {processor.py:178} INFO - Processing /home/airflow/.local/lib/python3.7/site-packages/airflow/example_dags/example_nested_branch_dag.py took 0.180 seconds
[2023-05-15T00:24:01.443+0000] {processor.py:156} INFO - Started process (PID=4383) to work on /home/airflow/.local/lib/python3.7/site-packages/airflow/example_dags/example_nested_branch_dag.py
[2023-05-15T00:24:01.444+0000] {processor.py:758} INFO - Processing file /home/airflow/.local/lib/python3.7/site-packages/airflow/example_dags/example_nested_branch_dag.py for tasks to queue
[2023-05-15T00:24:01.444+0000] {logging_mixin.py:117} INFO - [2023-05-15T00:24:01.444+0000] {dagbag.py:525} INFO - Filling up the DagBag from /home/airflow/.local/lib/python3.7/site-packages/airflow/example_dags/example_nested_branch_dag.py
[2023-05-15T00:24:01.479+0000] {processor.py:768} INFO - DAG(s) dict_keys(['example_nested_branch_dag']) retrieved from /home/airflow/.local/lib/python3.7/site-packages/airflow/example_dags/example_nested_branch_dag.py
[2023-05-15T00:24:01.529+0000] {logging_mixin.py:117} INFO - [2023-05-15T00:24:01.529+0000] {dag.py:2573} INFO - Sync 1 DAGs
[2023-05-15T00:24:01.568+0000] {logging_mixin.py:117} INFO - [2023-05-15T00:24:01.568+0000] {dag.py:3328} INFO - Setting next_dagrun for example_nested_branch_dag to 2023-05-14T00:00:00+00:00, run_after=2023-05-15T00:00:00+00:00
[2023-05-15T00:24:01.587+0000] {processor.py:178} INFO - Processing /home/airflow/.local/lib/python3.7/site-packages/airflow/example_dags/example_nested_branch_dag.py took 0.148 seconds
[2023-05-15T00:24:32.105+0000] {processor.py:156} INFO - Started process (PID=4595) to work on /home/airflow/.local/lib/python3.7/site-packages/airflow/example_dags/example_nested_branch_dag.py
[2023-05-15T00:24:32.106+0000] {processor.py:758} INFO - Processing file /home/airflow/.local/lib/python3.7/site-packages/airflow/example_dags/example_nested_branch_dag.py for tasks to queue
[2023-05-15T00:24:32.106+0000] {logging_mixin.py:117} INFO - [2023-05-15T00:24:32.106+0000] {dagbag.py:525} INFO - Filling up the DagBag from /home/airflow/.local/lib/python3.7/site-packages/airflow/example_dags/example_nested_branch_dag.py
[2023-05-15T00:24:32.142+0000] {processor.py:768} INFO - DAG(s) dict_keys(['example_nested_branch_dag']) retrieved from /home/airflow/.local/lib/python3.7/site-packages/airflow/example_dags/example_nested_branch_dag.py
[2023-05-15T00:24:32.193+0000] {logging_mixin.py:117} INFO - [2023-05-15T00:24:32.193+0000] {dag.py:2573} INFO - Sync 1 DAGs
[2023-05-15T00:24:32.228+0000] {logging_mixin.py:117} INFO - [2023-05-15T00:24:32.228+0000] {dag.py:3328} INFO - Setting next_dagrun for example_nested_branch_dag to 2023-05-14T00:00:00+00:00, run_after=2023-05-15T00:00:00+00:00
[2023-05-15T00:24:32.251+0000] {processor.py:178} INFO - Processing /home/airflow/.local/lib/python3.7/site-packages/airflow/example_dags/example_nested_branch_dag.py took 0.150 seconds
[2023-05-15T00:34:03.368+0000] {processor.py:156} INFO - Started process (PID=219) to work on /home/airflow/.local/lib/python3.7/site-packages/airflow/example_dags/example_nested_branch_dag.py
[2023-05-15T00:34:03.369+0000] {processor.py:758} INFO - Processing file /home/airflow/.local/lib/python3.7/site-packages/airflow/example_dags/example_nested_branch_dag.py for tasks to queue
[2023-05-15T00:34:03.370+0000] {logging_mixin.py:117} INFO - [2023-05-15T00:34:03.370+0000] {dagbag.py:525} INFO - Filling up the DagBag from /home/airflow/.local/lib/python3.7/site-packages/airflow/example_dags/example_nested_branch_dag.py
[2023-05-15T00:34:03.406+0000] {processor.py:768} INFO - DAG(s) dict_keys(['example_nested_branch_dag']) retrieved from /home/airflow/.local/lib/python3.7/site-packages/airflow/example_dags/example_nested_branch_dag.py
[2023-05-15T00:34:03.443+0000] {logging_mixin.py:117} INFO - [2023-05-15T00:34:03.442+0000] {dag.py:2573} INFO - Sync 1 DAGs
[2023-05-15T00:34:03.484+0000] {logging_mixin.py:117} INFO - [2023-05-15T00:34:03.484+0000] {dag.py:3328} INFO - Setting next_dagrun for example_nested_branch_dag to 2023-05-14T00:00:00+00:00, run_after=2023-05-15T00:00:00+00:00
[2023-05-15T00:34:03.511+0000] {processor.py:178} INFO - Processing /home/airflow/.local/lib/python3.7/site-packages/airflow/example_dags/example_nested_branch_dag.py took 0.148 seconds
[2023-05-15T00:34:34.593+0000] {processor.py:156} INFO - Started process (PID=421) to work on /home/airflow/.local/lib/python3.7/site-packages/airflow/example_dags/example_nested_branch_dag.py
[2023-05-15T00:34:34.594+0000] {processor.py:758} INFO - Processing file /home/airflow/.local/lib/python3.7/site-packages/airflow/example_dags/example_nested_branch_dag.py for tasks to queue
[2023-05-15T00:34:34.595+0000] {logging_mixin.py:117} INFO - [2023-05-15T00:34:34.594+0000] {dagbag.py:525} INFO - Filling up the DagBag from /home/airflow/.local/lib/python3.7/site-packages/airflow/example_dags/example_nested_branch_dag.py
[2023-05-15T00:34:34.631+0000] {processor.py:768} INFO - DAG(s) dict_keys(['example_nested_branch_dag']) retrieved from /home/airflow/.local/lib/python3.7/site-packages/airflow/example_dags/example_nested_branch_dag.py
[2023-05-15T00:34:34.679+0000] {logging_mixin.py:117} INFO - [2023-05-15T00:34:34.679+0000] {dag.py:2573} INFO - Sync 1 DAGs
[2023-05-15T00:34:34.719+0000] {logging_mixin.py:117} INFO - [2023-05-15T00:34:34.718+0000] {dag.py:3328} INFO - Setting next_dagrun for example_nested_branch_dag to 2023-05-14T00:00:00+00:00, run_after=2023-05-15T00:00:00+00:00
[2023-05-15T00:34:34.744+0000] {processor.py:178} INFO - Processing /home/airflow/.local/lib/python3.7/site-packages/airflow/example_dags/example_nested_branch_dag.py took 0.156 seconds
