[2023-05-15T00:13:48.727+0000] {processor.py:156} INFO - Started process (PID=313) to work on /home/airflow/.local/lib/python3.7/site-packages/airflow/example_dags/example_local_kubernetes_executor.py
[2023-05-15T00:13:48.727+0000] {processor.py:758} INFO - Processing file /home/airflow/.local/lib/python3.7/site-packages/airflow/example_dags/example_local_kubernetes_executor.py for tasks to queue
[2023-05-15T00:13:48.728+0000] {logging_mixin.py:117} INFO - [2023-05-15T00:13:48.728+0000] {dagbag.py:525} INFO - Filling up the DagBag from /home/airflow/.local/lib/python3.7/site-packages/airflow/example_dags/example_local_kubernetes_executor.py
[2023-05-15T00:13:48.767+0000] {processor.py:768} INFO - DAG(s) dict_keys(['example_local_kubernetes_executor']) retrieved from /home/airflow/.local/lib/python3.7/site-packages/airflow/example_dags/example_local_kubernetes_executor.py
[2023-05-15T00:13:48.804+0000] {logging_mixin.py:117} INFO - [2023-05-15T00:13:48.804+0000] {dag.py:2573} INFO - Sync 1 DAGs
[2023-05-15T00:13:48.840+0000] {logging_mixin.py:117} INFO - [2023-05-15T00:13:48.840+0000] {dag.py:3328} INFO - Setting next_dagrun for example_local_kubernetes_executor to None, run_after=None
[2023-05-15T00:13:48.860+0000] {processor.py:178} INFO - Processing /home/airflow/.local/lib/python3.7/site-packages/airflow/example_dags/example_local_kubernetes_executor.py took 0.138 seconds
[2023-05-15T00:14:23.660+0000] {processor.py:156} INFO - Started process (PID=525) to work on /home/airflow/.local/lib/python3.7/site-packages/airflow/example_dags/example_local_kubernetes_executor.py
[2023-05-15T00:14:23.662+0000] {processor.py:758} INFO - Processing file /home/airflow/.local/lib/python3.7/site-packages/airflow/example_dags/example_local_kubernetes_executor.py for tasks to queue
[2023-05-15T00:14:23.663+0000] {logging_mixin.py:117} INFO - [2023-05-15T00:14:23.663+0000] {dagbag.py:525} INFO - Filling up the DagBag from /home/airflow/.local/lib/python3.7/site-packages/airflow/example_dags/example_local_kubernetes_executor.py
[2023-05-15T00:14:23.718+0000] {processor.py:768} INFO - DAG(s) dict_keys(['example_local_kubernetes_executor']) retrieved from /home/airflow/.local/lib/python3.7/site-packages/airflow/example_dags/example_local_kubernetes_executor.py
[2023-05-15T00:14:23.804+0000] {logging_mixin.py:117} INFO - [2023-05-15T00:14:23.803+0000] {dag.py:2573} INFO - Sync 1 DAGs
[2023-05-15T00:14:23.851+0000] {logging_mixin.py:117} INFO - [2023-05-15T00:14:23.850+0000] {dag.py:3328} INFO - Setting next_dagrun for example_local_kubernetes_executor to None, run_after=None
[2023-05-15T00:14:24.082+0000] {processor.py:178} INFO - Processing /home/airflow/.local/lib/python3.7/site-packages/airflow/example_dags/example_local_kubernetes_executor.py took 0.427 seconds
[2023-05-15T00:14:56.996+0000] {processor.py:156} INFO - Started process (PID=728) to work on /home/airflow/.local/lib/python3.7/site-packages/airflow/example_dags/example_local_kubernetes_executor.py
[2023-05-15T00:14:56.998+0000] {processor.py:758} INFO - Processing file /home/airflow/.local/lib/python3.7/site-packages/airflow/example_dags/example_local_kubernetes_executor.py for tasks to queue
[2023-05-15T00:14:56.999+0000] {logging_mixin.py:117} INFO - [2023-05-15T00:14:56.999+0000] {dagbag.py:525} INFO - Filling up the DagBag from /home/airflow/.local/lib/python3.7/site-packages/airflow/example_dags/example_local_kubernetes_executor.py
[2023-05-15T00:14:57.062+0000] {processor.py:768} INFO - DAG(s) dict_keys(['example_local_kubernetes_executor']) retrieved from /home/airflow/.local/lib/python3.7/site-packages/airflow/example_dags/example_local_kubernetes_executor.py
[2023-05-15T00:14:57.151+0000] {logging_mixin.py:117} INFO - [2023-05-15T00:14:57.151+0000] {dag.py:2573} INFO - Sync 1 DAGs
[2023-05-15T00:14:57.544+0000] {logging_mixin.py:117} INFO - [2023-05-15T00:14:57.544+0000] {dag.py:3328} INFO - Setting next_dagrun for example_local_kubernetes_executor to None, run_after=None
[2023-05-15T00:14:57.596+0000] {processor.py:178} INFO - Processing /home/airflow/.local/lib/python3.7/site-packages/airflow/example_dags/example_local_kubernetes_executor.py took 0.613 seconds
[2023-05-15T00:15:28.010+0000] {processor.py:156} INFO - Started process (PID=939) to work on /home/airflow/.local/lib/python3.7/site-packages/airflow/example_dags/example_local_kubernetes_executor.py
[2023-05-15T00:15:28.011+0000] {processor.py:758} INFO - Processing file /home/airflow/.local/lib/python3.7/site-packages/airflow/example_dags/example_local_kubernetes_executor.py for tasks to queue
[2023-05-15T00:15:28.012+0000] {logging_mixin.py:117} INFO - [2023-05-15T00:15:28.011+0000] {dagbag.py:525} INFO - Filling up the DagBag from /home/airflow/.local/lib/python3.7/site-packages/airflow/example_dags/example_local_kubernetes_executor.py
[2023-05-15T00:15:28.053+0000] {processor.py:768} INFO - DAG(s) dict_keys(['example_local_kubernetes_executor']) retrieved from /home/airflow/.local/lib/python3.7/site-packages/airflow/example_dags/example_local_kubernetes_executor.py
[2023-05-15T00:15:28.261+0000] {logging_mixin.py:117} INFO - [2023-05-15T00:15:28.261+0000] {dag.py:2573} INFO - Sync 1 DAGs
[2023-05-15T00:15:28.295+0000] {logging_mixin.py:117} INFO - [2023-05-15T00:15:28.295+0000] {dag.py:3328} INFO - Setting next_dagrun for example_local_kubernetes_executor to None, run_after=None
[2023-05-15T00:15:28.326+0000] {processor.py:178} INFO - Processing /home/airflow/.local/lib/python3.7/site-packages/airflow/example_dags/example_local_kubernetes_executor.py took 0.322 seconds
[2023-05-15T00:15:58.633+0000] {processor.py:156} INFO - Started process (PID=1141) to work on /home/airflow/.local/lib/python3.7/site-packages/airflow/example_dags/example_local_kubernetes_executor.py
[2023-05-15T00:15:58.635+0000] {processor.py:758} INFO - Processing file /home/airflow/.local/lib/python3.7/site-packages/airflow/example_dags/example_local_kubernetes_executor.py for tasks to queue
[2023-05-15T00:15:58.635+0000] {logging_mixin.py:117} INFO - [2023-05-15T00:15:58.635+0000] {dagbag.py:525} INFO - Filling up the DagBag from /home/airflow/.local/lib/python3.7/site-packages/airflow/example_dags/example_local_kubernetes_executor.py
[2023-05-15T00:15:58.680+0000] {processor.py:768} INFO - DAG(s) dict_keys(['example_local_kubernetes_executor']) retrieved from /home/airflow/.local/lib/python3.7/site-packages/airflow/example_dags/example_local_kubernetes_executor.py
[2023-05-15T00:15:58.892+0000] {logging_mixin.py:117} INFO - [2023-05-15T00:15:58.892+0000] {dag.py:2573} INFO - Sync 1 DAGs
[2023-05-15T00:15:58.921+0000] {logging_mixin.py:117} INFO - [2023-05-15T00:15:58.921+0000] {dag.py:3328} INFO - Setting next_dagrun for example_local_kubernetes_executor to None, run_after=None
[2023-05-15T00:15:58.948+0000] {processor.py:178} INFO - Processing /home/airflow/.local/lib/python3.7/site-packages/airflow/example_dags/example_local_kubernetes_executor.py took 0.320 seconds
[2023-05-15T00:16:29.125+0000] {processor.py:156} INFO - Started process (PID=1354) to work on /home/airflow/.local/lib/python3.7/site-packages/airflow/example_dags/example_local_kubernetes_executor.py
[2023-05-15T00:16:29.125+0000] {processor.py:758} INFO - Processing file /home/airflow/.local/lib/python3.7/site-packages/airflow/example_dags/example_local_kubernetes_executor.py for tasks to queue
[2023-05-15T00:16:29.126+0000] {logging_mixin.py:117} INFO - [2023-05-15T00:16:29.126+0000] {dagbag.py:525} INFO - Filling up the DagBag from /home/airflow/.local/lib/python3.7/site-packages/airflow/example_dags/example_local_kubernetes_executor.py
[2023-05-15T00:16:29.147+0000] {processor.py:768} INFO - DAG(s) dict_keys(['example_local_kubernetes_executor']) retrieved from /home/airflow/.local/lib/python3.7/site-packages/airflow/example_dags/example_local_kubernetes_executor.py
[2023-05-15T00:16:29.294+0000] {logging_mixin.py:117} INFO - [2023-05-15T00:16:29.294+0000] {dag.py:2573} INFO - Sync 1 DAGs
[2023-05-15T00:16:29.319+0000] {logging_mixin.py:117} INFO - [2023-05-15T00:16:29.319+0000] {dag.py:3328} INFO - Setting next_dagrun for example_local_kubernetes_executor to None, run_after=None
[2023-05-15T00:16:29.340+0000] {processor.py:178} INFO - Processing /home/airflow/.local/lib/python3.7/site-packages/airflow/example_dags/example_local_kubernetes_executor.py took 0.218 seconds
[2023-05-15T00:16:59.480+0000] {processor.py:156} INFO - Started process (PID=1555) to work on /home/airflow/.local/lib/python3.7/site-packages/airflow/example_dags/example_local_kubernetes_executor.py
[2023-05-15T00:16:59.481+0000] {processor.py:758} INFO - Processing file /home/airflow/.local/lib/python3.7/site-packages/airflow/example_dags/example_local_kubernetes_executor.py for tasks to queue
[2023-05-15T00:16:59.484+0000] {logging_mixin.py:117} INFO - [2023-05-15T00:16:59.484+0000] {dagbag.py:525} INFO - Filling up the DagBag from /home/airflow/.local/lib/python3.7/site-packages/airflow/example_dags/example_local_kubernetes_executor.py
[2023-05-15T00:16:59.654+0000] {processor.py:768} INFO - DAG(s) dict_keys(['example_local_kubernetes_executor']) retrieved from /home/airflow/.local/lib/python3.7/site-packages/airflow/example_dags/example_local_kubernetes_executor.py
[2023-05-15T00:16:59.694+0000] {logging_mixin.py:117} INFO - [2023-05-15T00:16:59.694+0000] {dag.py:2573} INFO - Sync 1 DAGs
[2023-05-15T00:16:59.736+0000] {logging_mixin.py:117} INFO - [2023-05-15T00:16:59.736+0000] {dag.py:3328} INFO - Setting next_dagrun for example_local_kubernetes_executor to None, run_after=None
[2023-05-15T00:16:59.762+0000] {processor.py:178} INFO - Processing /home/airflow/.local/lib/python3.7/site-packages/airflow/example_dags/example_local_kubernetes_executor.py took 0.285 seconds
[2023-05-15T00:17:30.007+0000] {processor.py:156} INFO - Started process (PID=1768) to work on /home/airflow/.local/lib/python3.7/site-packages/airflow/example_dags/example_local_kubernetes_executor.py
[2023-05-15T00:17:30.008+0000] {processor.py:758} INFO - Processing file /home/airflow/.local/lib/python3.7/site-packages/airflow/example_dags/example_local_kubernetes_executor.py for tasks to queue
[2023-05-15T00:17:30.008+0000] {logging_mixin.py:117} INFO - [2023-05-15T00:17:30.008+0000] {dagbag.py:525} INFO - Filling up the DagBag from /home/airflow/.local/lib/python3.7/site-packages/airflow/example_dags/example_local_kubernetes_executor.py
[2023-05-15T00:17:30.040+0000] {processor.py:768} INFO - DAG(s) dict_keys(['example_local_kubernetes_executor']) retrieved from /home/airflow/.local/lib/python3.7/site-packages/airflow/example_dags/example_local_kubernetes_executor.py
[2023-05-15T00:17:30.074+0000] {logging_mixin.py:117} INFO - [2023-05-15T00:17:30.073+0000] {dag.py:2573} INFO - Sync 1 DAGs
[2023-05-15T00:17:30.095+0000] {logging_mixin.py:117} INFO - [2023-05-15T00:17:30.095+0000] {dag.py:3328} INFO - Setting next_dagrun for example_local_kubernetes_executor to None, run_after=None
[2023-05-15T00:17:30.113+0000] {processor.py:178} INFO - Processing /home/airflow/.local/lib/python3.7/site-packages/airflow/example_dags/example_local_kubernetes_executor.py took 0.110 seconds
[2023-05-15T00:18:00.330+0000] {processor.py:156} INFO - Started process (PID=1979) to work on /home/airflow/.local/lib/python3.7/site-packages/airflow/example_dags/example_local_kubernetes_executor.py
[2023-05-15T00:18:00.331+0000] {processor.py:758} INFO - Processing file /home/airflow/.local/lib/python3.7/site-packages/airflow/example_dags/example_local_kubernetes_executor.py for tasks to queue
[2023-05-15T00:18:00.331+0000] {logging_mixin.py:117} INFO - [2023-05-15T00:18:00.331+0000] {dagbag.py:525} INFO - Filling up the DagBag from /home/airflow/.local/lib/python3.7/site-packages/airflow/example_dags/example_local_kubernetes_executor.py
[2023-05-15T00:18:00.360+0000] {processor.py:768} INFO - DAG(s) dict_keys(['example_local_kubernetes_executor']) retrieved from /home/airflow/.local/lib/python3.7/site-packages/airflow/example_dags/example_local_kubernetes_executor.py
[2023-05-15T00:18:00.409+0000] {logging_mixin.py:117} INFO - [2023-05-15T00:18:00.409+0000] {dag.py:2573} INFO - Sync 1 DAGs
[2023-05-15T00:18:00.434+0000] {logging_mixin.py:117} INFO - [2023-05-15T00:18:00.433+0000] {dag.py:3328} INFO - Setting next_dagrun for example_local_kubernetes_executor to None, run_after=None
[2023-05-15T00:18:00.454+0000] {processor.py:178} INFO - Processing /home/airflow/.local/lib/python3.7/site-packages/airflow/example_dags/example_local_kubernetes_executor.py took 0.128 seconds
[2023-05-15T00:18:30.731+0000] {processor.py:156} INFO - Started process (PID=2182) to work on /home/airflow/.local/lib/python3.7/site-packages/airflow/example_dags/example_local_kubernetes_executor.py
[2023-05-15T00:18:30.732+0000] {processor.py:758} INFO - Processing file /home/airflow/.local/lib/python3.7/site-packages/airflow/example_dags/example_local_kubernetes_executor.py for tasks to queue
[2023-05-15T00:18:30.734+0000] {logging_mixin.py:117} INFO - [2023-05-15T00:18:30.733+0000] {dagbag.py:525} INFO - Filling up the DagBag from /home/airflow/.local/lib/python3.7/site-packages/airflow/example_dags/example_local_kubernetes_executor.py
[2023-05-15T00:18:30.772+0000] {processor.py:768} INFO - DAG(s) dict_keys(['example_local_kubernetes_executor']) retrieved from /home/airflow/.local/lib/python3.7/site-packages/airflow/example_dags/example_local_kubernetes_executor.py
[2023-05-15T00:18:30.825+0000] {logging_mixin.py:117} INFO - [2023-05-15T00:18:30.825+0000] {dag.py:2573} INFO - Sync 1 DAGs
[2023-05-15T00:18:30.865+0000] {logging_mixin.py:117} INFO - [2023-05-15T00:18:30.865+0000] {dag.py:3328} INFO - Setting next_dagrun for example_local_kubernetes_executor to None, run_after=None
[2023-05-15T00:18:30.895+0000] {processor.py:178} INFO - Processing /home/airflow/.local/lib/python3.7/site-packages/airflow/example_dags/example_local_kubernetes_executor.py took 0.168 seconds
[2023-05-15T00:19:01.736+0000] {processor.py:156} INFO - Started process (PID=2393) to work on /home/airflow/.local/lib/python3.7/site-packages/airflow/example_dags/example_local_kubernetes_executor.py
[2023-05-15T00:19:01.737+0000] {processor.py:758} INFO - Processing file /home/airflow/.local/lib/python3.7/site-packages/airflow/example_dags/example_local_kubernetes_executor.py for tasks to queue
[2023-05-15T00:19:01.737+0000] {logging_mixin.py:117} INFO - [2023-05-15T00:19:01.737+0000] {dagbag.py:525} INFO - Filling up the DagBag from /home/airflow/.local/lib/python3.7/site-packages/airflow/example_dags/example_local_kubernetes_executor.py
[2023-05-15T00:19:01.776+0000] {processor.py:768} INFO - DAG(s) dict_keys(['example_local_kubernetes_executor']) retrieved from /home/airflow/.local/lib/python3.7/site-packages/airflow/example_dags/example_local_kubernetes_executor.py
[2023-05-15T00:19:01.846+0000] {logging_mixin.py:117} INFO - [2023-05-15T00:19:01.846+0000] {dag.py:2573} INFO - Sync 1 DAGs
[2023-05-15T00:19:01.887+0000] {logging_mixin.py:117} INFO - [2023-05-15T00:19:01.887+0000] {dag.py:3328} INFO - Setting next_dagrun for example_local_kubernetes_executor to None, run_after=None
[2023-05-15T00:19:01.917+0000] {processor.py:178} INFO - Processing /home/airflow/.local/lib/python3.7/site-packages/airflow/example_dags/example_local_kubernetes_executor.py took 0.184 seconds
[2023-05-15T00:19:32.172+0000] {processor.py:156} INFO - Started process (PID=2604) to work on /home/airflow/.local/lib/python3.7/site-packages/airflow/example_dags/example_local_kubernetes_executor.py
[2023-05-15T00:19:32.173+0000] {processor.py:758} INFO - Processing file /home/airflow/.local/lib/python3.7/site-packages/airflow/example_dags/example_local_kubernetes_executor.py for tasks to queue
[2023-05-15T00:19:32.174+0000] {logging_mixin.py:117} INFO - [2023-05-15T00:19:32.174+0000] {dagbag.py:525} INFO - Filling up the DagBag from /home/airflow/.local/lib/python3.7/site-packages/airflow/example_dags/example_local_kubernetes_executor.py
[2023-05-15T00:19:32.208+0000] {processor.py:768} INFO - DAG(s) dict_keys(['example_local_kubernetes_executor']) retrieved from /home/airflow/.local/lib/python3.7/site-packages/airflow/example_dags/example_local_kubernetes_executor.py
[2023-05-15T00:19:32.262+0000] {logging_mixin.py:117} INFO - [2023-05-15T00:19:32.261+0000] {dag.py:2573} INFO - Sync 1 DAGs
[2023-05-15T00:19:32.301+0000] {logging_mixin.py:117} INFO - [2023-05-15T00:19:32.301+0000] {dag.py:3328} INFO - Setting next_dagrun for example_local_kubernetes_executor to None, run_after=None
[2023-05-15T00:19:32.329+0000] {processor.py:178} INFO - Processing /home/airflow/.local/lib/python3.7/site-packages/airflow/example_dags/example_local_kubernetes_executor.py took 0.162 seconds
[2023-05-15T00:20:03.210+0000] {processor.py:156} INFO - Started process (PID=2808) to work on /home/airflow/.local/lib/python3.7/site-packages/airflow/example_dags/example_local_kubernetes_executor.py
[2023-05-15T00:20:03.211+0000] {processor.py:758} INFO - Processing file /home/airflow/.local/lib/python3.7/site-packages/airflow/example_dags/example_local_kubernetes_executor.py for tasks to queue
[2023-05-15T00:20:03.211+0000] {logging_mixin.py:117} INFO - [2023-05-15T00:20:03.211+0000] {dagbag.py:525} INFO - Filling up the DagBag from /home/airflow/.local/lib/python3.7/site-packages/airflow/example_dags/example_local_kubernetes_executor.py
[2023-05-15T00:20:03.232+0000] {processor.py:768} INFO - DAG(s) dict_keys(['example_local_kubernetes_executor']) retrieved from /home/airflow/.local/lib/python3.7/site-packages/airflow/example_dags/example_local_kubernetes_executor.py
[2023-05-15T00:20:03.270+0000] {logging_mixin.py:117} INFO - [2023-05-15T00:20:03.270+0000] {dag.py:2573} INFO - Sync 1 DAGs
[2023-05-15T00:20:03.294+0000] {logging_mixin.py:117} INFO - [2023-05-15T00:20:03.294+0000] {dag.py:3328} INFO - Setting next_dagrun for example_local_kubernetes_executor to None, run_after=None
[2023-05-15T00:20:03.312+0000] {processor.py:178} INFO - Processing /home/airflow/.local/lib/python3.7/site-packages/airflow/example_dags/example_local_kubernetes_executor.py took 0.105 seconds
[2023-05-15T00:20:34.258+0000] {processor.py:156} INFO - Started process (PID=3019) to work on /home/airflow/.local/lib/python3.7/site-packages/airflow/example_dags/example_local_kubernetes_executor.py
[2023-05-15T00:20:34.259+0000] {processor.py:758} INFO - Processing file /home/airflow/.local/lib/python3.7/site-packages/airflow/example_dags/example_local_kubernetes_executor.py for tasks to queue
[2023-05-15T00:20:34.259+0000] {logging_mixin.py:117} INFO - [2023-05-15T00:20:34.259+0000] {dagbag.py:525} INFO - Filling up the DagBag from /home/airflow/.local/lib/python3.7/site-packages/airflow/example_dags/example_local_kubernetes_executor.py
[2023-05-15T00:20:34.286+0000] {processor.py:768} INFO - DAG(s) dict_keys(['example_local_kubernetes_executor']) retrieved from /home/airflow/.local/lib/python3.7/site-packages/airflow/example_dags/example_local_kubernetes_executor.py
[2023-05-15T00:20:34.322+0000] {logging_mixin.py:117} INFO - [2023-05-15T00:20:34.322+0000] {dag.py:2573} INFO - Sync 1 DAGs
[2023-05-15T00:20:34.356+0000] {logging_mixin.py:117} INFO - [2023-05-15T00:20:34.355+0000] {dag.py:3328} INFO - Setting next_dagrun for example_local_kubernetes_executor to None, run_after=None
[2023-05-15T00:20:34.378+0000] {processor.py:178} INFO - Processing /home/airflow/.local/lib/python3.7/site-packages/airflow/example_dags/example_local_kubernetes_executor.py took 0.123 seconds
[2023-05-15T00:21:04.593+0000] {processor.py:156} INFO - Started process (PID=3230) to work on /home/airflow/.local/lib/python3.7/site-packages/airflow/example_dags/example_local_kubernetes_executor.py
[2023-05-15T00:21:04.593+0000] {processor.py:758} INFO - Processing file /home/airflow/.local/lib/python3.7/site-packages/airflow/example_dags/example_local_kubernetes_executor.py for tasks to queue
[2023-05-15T00:21:04.594+0000] {logging_mixin.py:117} INFO - [2023-05-15T00:21:04.594+0000] {dagbag.py:525} INFO - Filling up the DagBag from /home/airflow/.local/lib/python3.7/site-packages/airflow/example_dags/example_local_kubernetes_executor.py
[2023-05-15T00:21:04.618+0000] {processor.py:768} INFO - DAG(s) dict_keys(['example_local_kubernetes_executor']) retrieved from /home/airflow/.local/lib/python3.7/site-packages/airflow/example_dags/example_local_kubernetes_executor.py
[2023-05-15T00:21:04.652+0000] {logging_mixin.py:117} INFO - [2023-05-15T00:21:04.652+0000] {dag.py:2573} INFO - Sync 1 DAGs
[2023-05-15T00:21:04.678+0000] {logging_mixin.py:117} INFO - [2023-05-15T00:21:04.678+0000] {dag.py:3328} INFO - Setting next_dagrun for example_local_kubernetes_executor to None, run_after=None
[2023-05-15T00:21:04.698+0000] {processor.py:178} INFO - Processing /home/airflow/.local/lib/python3.7/site-packages/airflow/example_dags/example_local_kubernetes_executor.py took 0.109 seconds
[2023-05-15T00:21:35.155+0000] {processor.py:156} INFO - Started process (PID=3434) to work on /home/airflow/.local/lib/python3.7/site-packages/airflow/example_dags/example_local_kubernetes_executor.py
[2023-05-15T00:21:35.155+0000] {processor.py:758} INFO - Processing file /home/airflow/.local/lib/python3.7/site-packages/airflow/example_dags/example_local_kubernetes_executor.py for tasks to queue
[2023-05-15T00:21:35.156+0000] {logging_mixin.py:117} INFO - [2023-05-15T00:21:35.156+0000] {dagbag.py:525} INFO - Filling up the DagBag from /home/airflow/.local/lib/python3.7/site-packages/airflow/example_dags/example_local_kubernetes_executor.py
[2023-05-15T00:21:35.177+0000] {processor.py:768} INFO - DAG(s) dict_keys(['example_local_kubernetes_executor']) retrieved from /home/airflow/.local/lib/python3.7/site-packages/airflow/example_dags/example_local_kubernetes_executor.py
[2023-05-15T00:21:35.213+0000] {logging_mixin.py:117} INFO - [2023-05-15T00:21:35.213+0000] {dag.py:2573} INFO - Sync 1 DAGs
[2023-05-15T00:21:35.236+0000] {logging_mixin.py:117} INFO - [2023-05-15T00:21:35.235+0000] {dag.py:3328} INFO - Setting next_dagrun for example_local_kubernetes_executor to None, run_after=None
[2023-05-15T00:21:35.254+0000] {processor.py:178} INFO - Processing /home/airflow/.local/lib/python3.7/site-packages/airflow/example_dags/example_local_kubernetes_executor.py took 0.102 seconds
[2023-05-15T00:22:05.610+0000] {processor.py:156} INFO - Started process (PID=3646) to work on /home/airflow/.local/lib/python3.7/site-packages/airflow/example_dags/example_local_kubernetes_executor.py
[2023-05-15T00:22:05.610+0000] {processor.py:758} INFO - Processing file /home/airflow/.local/lib/python3.7/site-packages/airflow/example_dags/example_local_kubernetes_executor.py for tasks to queue
[2023-05-15T00:22:05.611+0000] {logging_mixin.py:117} INFO - [2023-05-15T00:22:05.611+0000] {dagbag.py:525} INFO - Filling up the DagBag from /home/airflow/.local/lib/python3.7/site-packages/airflow/example_dags/example_local_kubernetes_executor.py
[2023-05-15T00:22:05.641+0000] {processor.py:768} INFO - DAG(s) dict_keys(['example_local_kubernetes_executor']) retrieved from /home/airflow/.local/lib/python3.7/site-packages/airflow/example_dags/example_local_kubernetes_executor.py
[2023-05-15T00:22:05.689+0000] {logging_mixin.py:117} INFO - [2023-05-15T00:22:05.689+0000] {dag.py:2573} INFO - Sync 1 DAGs
[2023-05-15T00:22:05.718+0000] {logging_mixin.py:117} INFO - [2023-05-15T00:22:05.718+0000] {dag.py:3328} INFO - Setting next_dagrun for example_local_kubernetes_executor to None, run_after=None
[2023-05-15T00:22:05.743+0000] {processor.py:178} INFO - Processing /home/airflow/.local/lib/python3.7/site-packages/airflow/example_dags/example_local_kubernetes_executor.py took 0.136 seconds
[2023-05-15T00:22:36.269+0000] {processor.py:156} INFO - Started process (PID=3860) to work on /home/airflow/.local/lib/python3.7/site-packages/airflow/example_dags/example_local_kubernetes_executor.py
[2023-05-15T00:22:36.270+0000] {processor.py:758} INFO - Processing file /home/airflow/.local/lib/python3.7/site-packages/airflow/example_dags/example_local_kubernetes_executor.py for tasks to queue
[2023-05-15T00:22:36.271+0000] {logging_mixin.py:117} INFO - [2023-05-15T00:22:36.271+0000] {dagbag.py:525} INFO - Filling up the DagBag from /home/airflow/.local/lib/python3.7/site-packages/airflow/example_dags/example_local_kubernetes_executor.py
[2023-05-15T00:22:36.302+0000] {processor.py:768} INFO - DAG(s) dict_keys(['example_local_kubernetes_executor']) retrieved from /home/airflow/.local/lib/python3.7/site-packages/airflow/example_dags/example_local_kubernetes_executor.py
[2023-05-15T00:22:36.351+0000] {logging_mixin.py:117} INFO - [2023-05-15T00:22:36.351+0000] {dag.py:2573} INFO - Sync 1 DAGs
[2023-05-15T00:22:36.388+0000] {logging_mixin.py:117} INFO - [2023-05-15T00:22:36.388+0000] {dag.py:3328} INFO - Setting next_dagrun for example_local_kubernetes_executor to None, run_after=None
[2023-05-15T00:22:36.416+0000] {processor.py:178} INFO - Processing /home/airflow/.local/lib/python3.7/site-packages/airflow/example_dags/example_local_kubernetes_executor.py took 0.151 seconds
[2023-05-15T00:23:06.895+0000] {processor.py:156} INFO - Started process (PID=4063) to work on /home/airflow/.local/lib/python3.7/site-packages/airflow/example_dags/example_local_kubernetes_executor.py
[2023-05-15T00:23:06.896+0000] {processor.py:758} INFO - Processing file /home/airflow/.local/lib/python3.7/site-packages/airflow/example_dags/example_local_kubernetes_executor.py for tasks to queue
[2023-05-15T00:23:06.897+0000] {logging_mixin.py:117} INFO - [2023-05-15T00:23:06.896+0000] {dagbag.py:525} INFO - Filling up the DagBag from /home/airflow/.local/lib/python3.7/site-packages/airflow/example_dags/example_local_kubernetes_executor.py
[2023-05-15T00:23:06.927+0000] {processor.py:768} INFO - DAG(s) dict_keys(['example_local_kubernetes_executor']) retrieved from /home/airflow/.local/lib/python3.7/site-packages/airflow/example_dags/example_local_kubernetes_executor.py
[2023-05-15T00:23:06.968+0000] {logging_mixin.py:117} INFO - [2023-05-15T00:23:06.968+0000] {dag.py:2573} INFO - Sync 1 DAGs
[2023-05-15T00:23:06.993+0000] {logging_mixin.py:117} INFO - [2023-05-15T00:23:06.992+0000] {dag.py:3328} INFO - Setting next_dagrun for example_local_kubernetes_executor to None, run_after=None
[2023-05-15T00:23:07.020+0000] {processor.py:178} INFO - Processing /home/airflow/.local/lib/python3.7/site-packages/airflow/example_dags/example_local_kubernetes_executor.py took 0.128 seconds
[2023-05-15T00:23:37.852+0000] {processor.py:156} INFO - Started process (PID=4275) to work on /home/airflow/.local/lib/python3.7/site-packages/airflow/example_dags/example_local_kubernetes_executor.py
[2023-05-15T00:23:37.853+0000] {processor.py:758} INFO - Processing file /home/airflow/.local/lib/python3.7/site-packages/airflow/example_dags/example_local_kubernetes_executor.py for tasks to queue
[2023-05-15T00:23:37.853+0000] {logging_mixin.py:117} INFO - [2023-05-15T00:23:37.853+0000] {dagbag.py:525} INFO - Filling up the DagBag from /home/airflow/.local/lib/python3.7/site-packages/airflow/example_dags/example_local_kubernetes_executor.py
[2023-05-15T00:23:37.883+0000] {processor.py:768} INFO - DAG(s) dict_keys(['example_local_kubernetes_executor']) retrieved from /home/airflow/.local/lib/python3.7/site-packages/airflow/example_dags/example_local_kubernetes_executor.py
[2023-05-15T00:23:37.932+0000] {logging_mixin.py:117} INFO - [2023-05-15T00:23:37.932+0000] {dag.py:2573} INFO - Sync 1 DAGs
[2023-05-15T00:23:37.968+0000] {logging_mixin.py:117} INFO - [2023-05-15T00:23:37.968+0000] {dag.py:3328} INFO - Setting next_dagrun for example_local_kubernetes_executor to None, run_after=None
[2023-05-15T00:23:37.991+0000] {processor.py:178} INFO - Processing /home/airflow/.local/lib/python3.7/site-packages/airflow/example_dags/example_local_kubernetes_executor.py took 0.142 seconds
[2023-05-15T00:24:08.478+0000] {processor.py:156} INFO - Started process (PID=4487) to work on /home/airflow/.local/lib/python3.7/site-packages/airflow/example_dags/example_local_kubernetes_executor.py
[2023-05-15T00:24:08.479+0000] {processor.py:758} INFO - Processing file /home/airflow/.local/lib/python3.7/site-packages/airflow/example_dags/example_local_kubernetes_executor.py for tasks to queue
[2023-05-15T00:24:08.480+0000] {logging_mixin.py:117} INFO - [2023-05-15T00:24:08.479+0000] {dagbag.py:525} INFO - Filling up the DagBag from /home/airflow/.local/lib/python3.7/site-packages/airflow/example_dags/example_local_kubernetes_executor.py
[2023-05-15T00:24:08.511+0000] {processor.py:768} INFO - DAG(s) dict_keys(['example_local_kubernetes_executor']) retrieved from /home/airflow/.local/lib/python3.7/site-packages/airflow/example_dags/example_local_kubernetes_executor.py
[2023-05-15T00:24:08.555+0000] {logging_mixin.py:117} INFO - [2023-05-15T00:24:08.555+0000] {dag.py:2573} INFO - Sync 1 DAGs
[2023-05-15T00:24:08.584+0000] {logging_mixin.py:117} INFO - [2023-05-15T00:24:08.584+0000] {dag.py:3328} INFO - Setting next_dagrun for example_local_kubernetes_executor to None, run_after=None
[2023-05-15T00:24:08.605+0000] {processor.py:178} INFO - Processing /home/airflow/.local/lib/python3.7/site-packages/airflow/example_dags/example_local_kubernetes_executor.py took 0.131 seconds
[2023-05-15T00:24:38.670+0000] {processor.py:156} INFO - Started process (PID=4685) to work on /home/airflow/.local/lib/python3.7/site-packages/airflow/example_dags/example_local_kubernetes_executor.py
[2023-05-15T00:24:38.670+0000] {processor.py:758} INFO - Processing file /home/airflow/.local/lib/python3.7/site-packages/airflow/example_dags/example_local_kubernetes_executor.py for tasks to queue
[2023-05-15T00:24:38.671+0000] {logging_mixin.py:117} INFO - [2023-05-15T00:24:38.671+0000] {dagbag.py:525} INFO - Filling up the DagBag from /home/airflow/.local/lib/python3.7/site-packages/airflow/example_dags/example_local_kubernetes_executor.py
[2023-05-15T00:24:38.703+0000] {processor.py:768} INFO - DAG(s) dict_keys(['example_local_kubernetes_executor']) retrieved from /home/airflow/.local/lib/python3.7/site-packages/airflow/example_dags/example_local_kubernetes_executor.py
[2023-05-15T00:24:38.747+0000] {logging_mixin.py:117} INFO - [2023-05-15T00:24:38.747+0000] {dag.py:2573} INFO - Sync 1 DAGs
[2023-05-15T00:24:38.773+0000] {logging_mixin.py:117} INFO - [2023-05-15T00:24:38.773+0000] {dag.py:3328} INFO - Setting next_dagrun for example_local_kubernetes_executor to None, run_after=None
[2023-05-15T00:24:38.794+0000] {processor.py:178} INFO - Processing /home/airflow/.local/lib/python3.7/site-packages/airflow/example_dags/example_local_kubernetes_executor.py took 0.128 seconds
[2023-05-15T00:34:05.261+0000] {processor.py:156} INFO - Started process (PID=314) to work on /home/airflow/.local/lib/python3.7/site-packages/airflow/example_dags/example_local_kubernetes_executor.py
[2023-05-15T00:34:05.262+0000] {processor.py:758} INFO - Processing file /home/airflow/.local/lib/python3.7/site-packages/airflow/example_dags/example_local_kubernetes_executor.py for tasks to queue
[2023-05-15T00:34:05.264+0000] {logging_mixin.py:117} INFO - [2023-05-15T00:34:05.263+0000] {dagbag.py:525} INFO - Filling up the DagBag from /home/airflow/.local/lib/python3.7/site-packages/airflow/example_dags/example_local_kubernetes_executor.py
[2023-05-15T00:34:05.295+0000] {processor.py:768} INFO - DAG(s) dict_keys(['example_local_kubernetes_executor']) retrieved from /home/airflow/.local/lib/python3.7/site-packages/airflow/example_dags/example_local_kubernetes_executor.py
[2023-05-15T00:34:05.331+0000] {logging_mixin.py:117} INFO - [2023-05-15T00:34:05.331+0000] {dag.py:2573} INFO - Sync 1 DAGs
[2023-05-15T00:34:05.368+0000] {logging_mixin.py:117} INFO - [2023-05-15T00:34:05.368+0000] {dag.py:3328} INFO - Setting next_dagrun for example_local_kubernetes_executor to None, run_after=None
[2023-05-15T00:34:05.430+0000] {processor.py:178} INFO - Processing /home/airflow/.local/lib/python3.7/site-packages/airflow/example_dags/example_local_kubernetes_executor.py took 0.172 seconds
[2023-05-15T00:34:37.473+0000] {processor.py:156} INFO - Started process (PID=518) to work on /home/airflow/.local/lib/python3.7/site-packages/airflow/example_dags/example_local_kubernetes_executor.py
[2023-05-15T00:34:37.474+0000] {processor.py:758} INFO - Processing file /home/airflow/.local/lib/python3.7/site-packages/airflow/example_dags/example_local_kubernetes_executor.py for tasks to queue
[2023-05-15T00:34:37.475+0000] {logging_mixin.py:117} INFO - [2023-05-15T00:34:37.475+0000] {dagbag.py:525} INFO - Filling up the DagBag from /home/airflow/.local/lib/python3.7/site-packages/airflow/example_dags/example_local_kubernetes_executor.py
[2023-05-15T00:34:37.513+0000] {processor.py:768} INFO - DAG(s) dict_keys(['example_local_kubernetes_executor']) retrieved from /home/airflow/.local/lib/python3.7/site-packages/airflow/example_dags/example_local_kubernetes_executor.py
[2023-05-15T00:34:37.595+0000] {logging_mixin.py:117} INFO - [2023-05-15T00:34:37.594+0000] {dag.py:2573} INFO - Sync 1 DAGs
[2023-05-15T00:34:37.649+0000] {logging_mixin.py:117} INFO - [2023-05-15T00:34:37.648+0000] {dag.py:3328} INFO - Setting next_dagrun for example_local_kubernetes_executor to None, run_after=None
[2023-05-15T00:34:37.808+0000] {processor.py:178} INFO - Processing /home/airflow/.local/lib/python3.7/site-packages/airflow/example_dags/example_local_kubernetes_executor.py took 0.340 seconds
