[2023-05-15T00:13:47.686+0000] {processor.py:156} INFO - Started process (PID=258) to work on /home/airflow/.local/lib/python3.7/site-packages/airflow/example_dags/example_latest_only.py
[2023-05-15T00:13:47.687+0000] {processor.py:758} INFO - Processing file /home/airflow/.local/lib/python3.7/site-packages/airflow/example_dags/example_latest_only.py for tasks to queue
[2023-05-15T00:13:47.688+0000] {logging_mixin.py:117} INFO - [2023-05-15T00:13:47.688+0000] {dagbag.py:525} INFO - Filling up the DagBag from /home/airflow/.local/lib/python3.7/site-packages/airflow/example_dags/example_latest_only.py
[2023-05-15T00:13:47.707+0000] {processor.py:768} INFO - DAG(s) dict_keys(['latest_only']) retrieved from /home/airflow/.local/lib/python3.7/site-packages/airflow/example_dags/example_latest_only.py
[2023-05-15T00:13:47.742+0000] {logging_mixin.py:117} INFO - [2023-05-15T00:13:47.742+0000] {dag.py:2573} INFO - Sync 1 DAGs
[2023-05-15T00:13:47.782+0000] {logging_mixin.py:117} INFO - [2023-05-15T00:13:47.781+0000] {dag.py:3328} INFO - Setting next_dagrun for latest_only to 2023-05-14T20:13:47.781461+00:00, run_after=2023-05-15T00:13:47.781461+00:00
[2023-05-15T00:13:47.808+0000] {processor.py:178} INFO - Processing /home/airflow/.local/lib/python3.7/site-packages/airflow/example_dags/example_latest_only.py took 0.125 seconds
[2023-05-15T00:14:20.899+0000] {processor.py:156} INFO - Started process (PID=469) to work on /home/airflow/.local/lib/python3.7/site-packages/airflow/example_dags/example_latest_only.py
[2023-05-15T00:14:20.902+0000] {processor.py:758} INFO - Processing file /home/airflow/.local/lib/python3.7/site-packages/airflow/example_dags/example_latest_only.py for tasks to queue
[2023-05-15T00:14:20.903+0000] {logging_mixin.py:117} INFO - [2023-05-15T00:14:20.902+0000] {dagbag.py:525} INFO - Filling up the DagBag from /home/airflow/.local/lib/python3.7/site-packages/airflow/example_dags/example_latest_only.py
[2023-05-15T00:14:20.928+0000] {processor.py:768} INFO - DAG(s) dict_keys(['latest_only']) retrieved from /home/airflow/.local/lib/python3.7/site-packages/airflow/example_dags/example_latest_only.py
[2023-05-15T00:14:21.026+0000] {logging_mixin.py:117} INFO - [2023-05-15T00:14:21.026+0000] {dag.py:2573} INFO - Sync 1 DAGs
[2023-05-15T00:14:21.105+0000] {logging_mixin.py:117} INFO - [2023-05-15T00:14:21.105+0000] {dag.py:3328} INFO - Setting next_dagrun for latest_only to 2023-05-14T20:14:21.104194+00:00, run_after=2023-05-15T00:14:21.104194+00:00
[2023-05-15T00:14:21.172+0000] {processor.py:178} INFO - Processing /home/airflow/.local/lib/python3.7/site-packages/airflow/example_dags/example_latest_only.py took 0.277 seconds
[2023-05-15T00:14:53.013+0000] {processor.py:156} INFO - Started process (PID=673) to work on /home/airflow/.local/lib/python3.7/site-packages/airflow/example_dags/example_latest_only.py
[2023-05-15T00:14:53.014+0000] {processor.py:758} INFO - Processing file /home/airflow/.local/lib/python3.7/site-packages/airflow/example_dags/example_latest_only.py for tasks to queue
[2023-05-15T00:14:53.015+0000] {logging_mixin.py:117} INFO - [2023-05-15T00:14:53.015+0000] {dagbag.py:525} INFO - Filling up the DagBag from /home/airflow/.local/lib/python3.7/site-packages/airflow/example_dags/example_latest_only.py
[2023-05-15T00:14:53.131+0000] {processor.py:768} INFO - DAG(s) dict_keys(['latest_only']) retrieved from /home/airflow/.local/lib/python3.7/site-packages/airflow/example_dags/example_latest_only.py
[2023-05-15T00:14:53.276+0000] {logging_mixin.py:117} INFO - [2023-05-15T00:14:53.276+0000] {dag.py:2573} INFO - Sync 1 DAGs
[2023-05-15T00:14:53.327+0000] {logging_mixin.py:117} INFO - [2023-05-15T00:14:53.327+0000] {dag.py:3328} INFO - Setting next_dagrun for latest_only to 2023-05-14T20:14:53.327009+00:00, run_after=2023-05-15T00:14:53.327009+00:00
[2023-05-15T00:14:53.690+0000] {processor.py:178} INFO - Processing /home/airflow/.local/lib/python3.7/site-packages/airflow/example_dags/example_latest_only.py took 0.688 seconds
[2023-05-15T00:15:24.313+0000] {processor.py:156} INFO - Started process (PID=882) to work on /home/airflow/.local/lib/python3.7/site-packages/airflow/example_dags/example_latest_only.py
[2023-05-15T00:15:24.316+0000] {processor.py:758} INFO - Processing file /home/airflow/.local/lib/python3.7/site-packages/airflow/example_dags/example_latest_only.py for tasks to queue
[2023-05-15T00:15:24.318+0000] {logging_mixin.py:117} INFO - [2023-05-15T00:15:24.318+0000] {dagbag.py:525} INFO - Filling up the DagBag from /home/airflow/.local/lib/python3.7/site-packages/airflow/example_dags/example_latest_only.py
[2023-05-15T00:15:24.353+0000] {processor.py:768} INFO - DAG(s) dict_keys(['latest_only']) retrieved from /home/airflow/.local/lib/python3.7/site-packages/airflow/example_dags/example_latest_only.py
[2023-05-15T00:15:24.431+0000] {logging_mixin.py:117} INFO - [2023-05-15T00:15:24.430+0000] {dag.py:2573} INFO - Sync 1 DAGs
[2023-05-15T00:15:24.716+0000] {logging_mixin.py:117} INFO - [2023-05-15T00:15:24.716+0000] {dag.py:3328} INFO - Setting next_dagrun for latest_only to 2023-05-14T20:15:24.715735+00:00, run_after=2023-05-15T00:15:24.715735+00:00
[2023-05-15T00:15:24.756+0000] {processor.py:178} INFO - Processing /home/airflow/.local/lib/python3.7/site-packages/airflow/example_dags/example_latest_only.py took 0.451 seconds
[2023-05-15T00:15:55.153+0000] {processor.py:156} INFO - Started process (PID=1086) to work on /home/airflow/.local/lib/python3.7/site-packages/airflow/example_dags/example_latest_only.py
[2023-05-15T00:15:55.154+0000] {processor.py:758} INFO - Processing file /home/airflow/.local/lib/python3.7/site-packages/airflow/example_dags/example_latest_only.py for tasks to queue
[2023-05-15T00:15:55.155+0000] {logging_mixin.py:117} INFO - [2023-05-15T00:15:55.155+0000] {dagbag.py:525} INFO - Filling up the DagBag from /home/airflow/.local/lib/python3.7/site-packages/airflow/example_dags/example_latest_only.py
[2023-05-15T00:15:55.181+0000] {processor.py:768} INFO - DAG(s) dict_keys(['latest_only']) retrieved from /home/airflow/.local/lib/python3.7/site-packages/airflow/example_dags/example_latest_only.py
[2023-05-15T00:15:55.456+0000] {logging_mixin.py:117} INFO - [2023-05-15T00:15:55.456+0000] {dag.py:2573} INFO - Sync 1 DAGs
[2023-05-15T00:15:55.501+0000] {logging_mixin.py:117} INFO - [2023-05-15T00:15:55.501+0000] {dag.py:3328} INFO - Setting next_dagrun for latest_only to 2023-05-14T20:15:55.501313+00:00, run_after=2023-05-15T00:15:55.501313+00:00
[2023-05-15T00:15:55.531+0000] {processor.py:178} INFO - Processing /home/airflow/.local/lib/python3.7/site-packages/airflow/example_dags/example_latest_only.py took 0.384 seconds
[2023-05-15T00:16:25.866+0000] {processor.py:156} INFO - Started process (PID=1297) to work on /home/airflow/.local/lib/python3.7/site-packages/airflow/example_dags/example_latest_only.py
[2023-05-15T00:16:25.867+0000] {processor.py:758} INFO - Processing file /home/airflow/.local/lib/python3.7/site-packages/airflow/example_dags/example_latest_only.py for tasks to queue
[2023-05-15T00:16:25.867+0000] {logging_mixin.py:117} INFO - [2023-05-15T00:16:25.867+0000] {dagbag.py:525} INFO - Filling up the DagBag from /home/airflow/.local/lib/python3.7/site-packages/airflow/example_dags/example_latest_only.py
[2023-05-15T00:16:25.887+0000] {processor.py:768} INFO - DAG(s) dict_keys(['latest_only']) retrieved from /home/airflow/.local/lib/python3.7/site-packages/airflow/example_dags/example_latest_only.py
[2023-05-15T00:16:26.121+0000] {logging_mixin.py:117} INFO - [2023-05-15T00:16:26.121+0000] {dag.py:2573} INFO - Sync 1 DAGs
[2023-05-15T00:16:26.165+0000] {logging_mixin.py:117} INFO - [2023-05-15T00:16:26.165+0000] {dag.py:3328} INFO - Setting next_dagrun for latest_only to 2023-05-14T20:16:26.164757+00:00, run_after=2023-05-15T00:16:26.164757+00:00
[2023-05-15T00:16:26.195+0000] {processor.py:178} INFO - Processing /home/airflow/.local/lib/python3.7/site-packages/airflow/example_dags/example_latest_only.py took 0.333 seconds
[2023-05-15T00:16:56.274+0000] {processor.py:156} INFO - Started process (PID=1500) to work on /home/airflow/.local/lib/python3.7/site-packages/airflow/example_dags/example_latest_only.py
[2023-05-15T00:16:56.275+0000] {processor.py:758} INFO - Processing file /home/airflow/.local/lib/python3.7/site-packages/airflow/example_dags/example_latest_only.py for tasks to queue
[2023-05-15T00:16:56.275+0000] {logging_mixin.py:117} INFO - [2023-05-15T00:16:56.275+0000] {dagbag.py:525} INFO - Filling up the DagBag from /home/airflow/.local/lib/python3.7/site-packages/airflow/example_dags/example_latest_only.py
[2023-05-15T00:16:56.294+0000] {processor.py:768} INFO - DAG(s) dict_keys(['latest_only']) retrieved from /home/airflow/.local/lib/python3.7/site-packages/airflow/example_dags/example_latest_only.py
[2023-05-15T00:16:56.483+0000] {logging_mixin.py:117} INFO - [2023-05-15T00:16:56.483+0000] {dag.py:2573} INFO - Sync 1 DAGs
[2023-05-15T00:16:56.509+0000] {logging_mixin.py:117} INFO - [2023-05-15T00:16:56.509+0000] {dag.py:3328} INFO - Setting next_dagrun for latest_only to 2023-05-14T20:16:56.509108+00:00, run_after=2023-05-15T00:16:56.509108+00:00
[2023-05-15T00:16:56.530+0000] {processor.py:178} INFO - Processing /home/airflow/.local/lib/python3.7/site-packages/airflow/example_dags/example_latest_only.py took 0.260 seconds
[2023-05-15T00:17:26.888+0000] {processor.py:156} INFO - Started process (PID=1715) to work on /home/airflow/.local/lib/python3.7/site-packages/airflow/example_dags/example_latest_only.py
[2023-05-15T00:17:26.889+0000] {processor.py:758} INFO - Processing file /home/airflow/.local/lib/python3.7/site-packages/airflow/example_dags/example_latest_only.py for tasks to queue
[2023-05-15T00:17:26.890+0000] {logging_mixin.py:117} INFO - [2023-05-15T00:17:26.890+0000] {dagbag.py:525} INFO - Filling up the DagBag from /home/airflow/.local/lib/python3.7/site-packages/airflow/example_dags/example_latest_only.py
[2023-05-15T00:17:26.904+0000] {processor.py:768} INFO - DAG(s) dict_keys(['latest_only']) retrieved from /home/airflow/.local/lib/python3.7/site-packages/airflow/example_dags/example_latest_only.py
[2023-05-15T00:17:26.960+0000] {logging_mixin.py:117} INFO - [2023-05-15T00:17:26.960+0000] {dag.py:2573} INFO - Sync 1 DAGs
[2023-05-15T00:17:26.991+0000] {logging_mixin.py:117} INFO - [2023-05-15T00:17:26.991+0000] {dag.py:3328} INFO - Setting next_dagrun for latest_only to 2023-05-14T20:17:26.991316+00:00, run_after=2023-05-15T00:17:26.991316+00:00
[2023-05-15T00:17:27.010+0000] {processor.py:178} INFO - Processing /home/airflow/.local/lib/python3.7/site-packages/airflow/example_dags/example_latest_only.py took 0.124 seconds
[2023-05-15T00:17:57.110+0000] {processor.py:156} INFO - Started process (PID=1918) to work on /home/airflow/.local/lib/python3.7/site-packages/airflow/example_dags/example_latest_only.py
[2023-05-15T00:17:57.110+0000] {processor.py:758} INFO - Processing file /home/airflow/.local/lib/python3.7/site-packages/airflow/example_dags/example_latest_only.py for tasks to queue
[2023-05-15T00:17:57.111+0000] {logging_mixin.py:117} INFO - [2023-05-15T00:17:57.111+0000] {dagbag.py:525} INFO - Filling up the DagBag from /home/airflow/.local/lib/python3.7/site-packages/airflow/example_dags/example_latest_only.py
[2023-05-15T00:17:57.123+0000] {processor.py:768} INFO - DAG(s) dict_keys(['latest_only']) retrieved from /home/airflow/.local/lib/python3.7/site-packages/airflow/example_dags/example_latest_only.py
[2023-05-15T00:17:57.160+0000] {logging_mixin.py:117} INFO - [2023-05-15T00:17:57.160+0000] {dag.py:2573} INFO - Sync 1 DAGs
[2023-05-15T00:17:57.185+0000] {logging_mixin.py:117} INFO - [2023-05-15T00:17:57.185+0000] {dag.py:3328} INFO - Setting next_dagrun for latest_only to 2023-05-14T20:17:57.184767+00:00, run_after=2023-05-15T00:17:57.184767+00:00
[2023-05-15T00:17:57.208+0000] {processor.py:178} INFO - Processing /home/airflow/.local/lib/python3.7/site-packages/airflow/example_dags/example_latest_only.py took 0.100 seconds
[2023-05-15T00:18:27.344+0000] {processor.py:156} INFO - Started process (PID=2127) to work on /home/airflow/.local/lib/python3.7/site-packages/airflow/example_dags/example_latest_only.py
[2023-05-15T00:18:27.344+0000] {processor.py:758} INFO - Processing file /home/airflow/.local/lib/python3.7/site-packages/airflow/example_dags/example_latest_only.py for tasks to queue
[2023-05-15T00:18:27.345+0000] {logging_mixin.py:117} INFO - [2023-05-15T00:18:27.345+0000] {dagbag.py:525} INFO - Filling up the DagBag from /home/airflow/.local/lib/python3.7/site-packages/airflow/example_dags/example_latest_only.py
[2023-05-15T00:18:27.360+0000] {processor.py:768} INFO - DAG(s) dict_keys(['latest_only']) retrieved from /home/airflow/.local/lib/python3.7/site-packages/airflow/example_dags/example_latest_only.py
[2023-05-15T00:18:27.412+0000] {logging_mixin.py:117} INFO - [2023-05-15T00:18:27.412+0000] {dag.py:2573} INFO - Sync 1 DAGs
[2023-05-15T00:18:27.441+0000] {logging_mixin.py:117} INFO - [2023-05-15T00:18:27.441+0000] {dag.py:3328} INFO - Setting next_dagrun for latest_only to 2023-05-14T20:18:27.440938+00:00, run_after=2023-05-15T00:18:27.440938+00:00
[2023-05-15T00:18:27.477+0000] {processor.py:178} INFO - Processing /home/airflow/.local/lib/python3.7/site-packages/airflow/example_dags/example_latest_only.py took 0.136 seconds
[2023-05-15T00:18:57.788+0000] {processor.py:156} INFO - Started process (PID=2338) to work on /home/airflow/.local/lib/python3.7/site-packages/airflow/example_dags/example_latest_only.py
[2023-05-15T00:18:57.789+0000] {processor.py:758} INFO - Processing file /home/airflow/.local/lib/python3.7/site-packages/airflow/example_dags/example_latest_only.py for tasks to queue
[2023-05-15T00:18:57.790+0000] {logging_mixin.py:117} INFO - [2023-05-15T00:18:57.790+0000] {dagbag.py:525} INFO - Filling up the DagBag from /home/airflow/.local/lib/python3.7/site-packages/airflow/example_dags/example_latest_only.py
[2023-05-15T00:18:57.814+0000] {processor.py:768} INFO - DAG(s) dict_keys(['latest_only']) retrieved from /home/airflow/.local/lib/python3.7/site-packages/airflow/example_dags/example_latest_only.py
[2023-05-15T00:18:57.878+0000] {logging_mixin.py:117} INFO - [2023-05-15T00:18:57.878+0000] {dag.py:2573} INFO - Sync 1 DAGs
[2023-05-15T00:18:57.912+0000] {logging_mixin.py:117} INFO - [2023-05-15T00:18:57.912+0000] {dag.py:3328} INFO - Setting next_dagrun for latest_only to 2023-05-14T20:18:57.911231+00:00, run_after=2023-05-15T00:18:57.911231+00:00
[2023-05-15T00:18:57.934+0000] {processor.py:178} INFO - Processing /home/airflow/.local/lib/python3.7/site-packages/airflow/example_dags/example_latest_only.py took 0.150 seconds
[2023-05-15T00:19:28.857+0000] {processor.py:156} INFO - Started process (PID=2540) to work on /home/airflow/.local/lib/python3.7/site-packages/airflow/example_dags/example_latest_only.py
[2023-05-15T00:19:28.858+0000] {processor.py:758} INFO - Processing file /home/airflow/.local/lib/python3.7/site-packages/airflow/example_dags/example_latest_only.py for tasks to queue
[2023-05-15T00:19:28.858+0000] {logging_mixin.py:117} INFO - [2023-05-15T00:19:28.858+0000] {dagbag.py:525} INFO - Filling up the DagBag from /home/airflow/.local/lib/python3.7/site-packages/airflow/example_dags/example_latest_only.py
[2023-05-15T00:19:28.879+0000] {processor.py:768} INFO - DAG(s) dict_keys(['latest_only']) retrieved from /home/airflow/.local/lib/python3.7/site-packages/airflow/example_dags/example_latest_only.py
[2023-05-15T00:19:28.945+0000] {logging_mixin.py:117} INFO - [2023-05-15T00:19:28.945+0000] {dag.py:2573} INFO - Sync 1 DAGs
[2023-05-15T00:19:28.993+0000] {logging_mixin.py:117} INFO - [2023-05-15T00:19:28.992+0000] {dag.py:3328} INFO - Setting next_dagrun for latest_only to 2023-05-14T20:19:28.992498+00:00, run_after=2023-05-15T00:19:28.992498+00:00
[2023-05-15T00:19:29.031+0000] {processor.py:178} INFO - Processing /home/airflow/.local/lib/python3.7/site-packages/airflow/example_dags/example_latest_only.py took 0.178 seconds
[2023-05-15T00:19:59.365+0000] {processor.py:156} INFO - Started process (PID=2753) to work on /home/airflow/.local/lib/python3.7/site-packages/airflow/example_dags/example_latest_only.py
[2023-05-15T00:19:59.366+0000] {processor.py:758} INFO - Processing file /home/airflow/.local/lib/python3.7/site-packages/airflow/example_dags/example_latest_only.py for tasks to queue
[2023-05-15T00:19:59.367+0000] {logging_mixin.py:117} INFO - [2023-05-15T00:19:59.367+0000] {dagbag.py:525} INFO - Filling up the DagBag from /home/airflow/.local/lib/python3.7/site-packages/airflow/example_dags/example_latest_only.py
[2023-05-15T00:19:59.383+0000] {processor.py:768} INFO - DAG(s) dict_keys(['latest_only']) retrieved from /home/airflow/.local/lib/python3.7/site-packages/airflow/example_dags/example_latest_only.py
[2023-05-15T00:19:59.420+0000] {logging_mixin.py:117} INFO - [2023-05-15T00:19:59.420+0000] {dag.py:2573} INFO - Sync 1 DAGs
[2023-05-15T00:19:59.447+0000] {logging_mixin.py:117} INFO - [2023-05-15T00:19:59.447+0000] {dag.py:3328} INFO - Setting next_dagrun for latest_only to 2023-05-14T20:19:59.447174+00:00, run_after=2023-05-15T00:19:59.447174+00:00
[2023-05-15T00:19:59.473+0000] {processor.py:178} INFO - Processing /home/airflow/.local/lib/python3.7/site-packages/airflow/example_dags/example_latest_only.py took 0.112 seconds
[2023-05-15T00:20:30.171+0000] {processor.py:156} INFO - Started process (PID=2964) to work on /home/airflow/.local/lib/python3.7/site-packages/airflow/example_dags/example_latest_only.py
[2023-05-15T00:20:30.172+0000] {processor.py:758} INFO - Processing file /home/airflow/.local/lib/python3.7/site-packages/airflow/example_dags/example_latest_only.py for tasks to queue
[2023-05-15T00:20:30.173+0000] {logging_mixin.py:117} INFO - [2023-05-15T00:20:30.173+0000] {dagbag.py:525} INFO - Filling up the DagBag from /home/airflow/.local/lib/python3.7/site-packages/airflow/example_dags/example_latest_only.py
[2023-05-15T00:20:30.190+0000] {processor.py:768} INFO - DAG(s) dict_keys(['latest_only']) retrieved from /home/airflow/.local/lib/python3.7/site-packages/airflow/example_dags/example_latest_only.py
[2023-05-15T00:20:30.238+0000] {logging_mixin.py:117} INFO - [2023-05-15T00:20:30.238+0000] {dag.py:2573} INFO - Sync 1 DAGs
[2023-05-15T00:20:30.279+0000] {logging_mixin.py:117} INFO - [2023-05-15T00:20:30.279+0000] {dag.py:3328} INFO - Setting next_dagrun for latest_only to 2023-05-14T20:20:30.279001+00:00, run_after=2023-05-15T00:20:30.279001+00:00
[2023-05-15T00:20:30.313+0000] {processor.py:178} INFO - Processing /home/airflow/.local/lib/python3.7/site-packages/airflow/example_dags/example_latest_only.py took 0.144 seconds
[2023-05-15T00:21:00.835+0000] {processor.py:156} INFO - Started process (PID=3167) to work on /home/airflow/.local/lib/python3.7/site-packages/airflow/example_dags/example_latest_only.py
[2023-05-15T00:21:00.836+0000] {processor.py:758} INFO - Processing file /home/airflow/.local/lib/python3.7/site-packages/airflow/example_dags/example_latest_only.py for tasks to queue
[2023-05-15T00:21:00.836+0000] {logging_mixin.py:117} INFO - [2023-05-15T00:21:00.836+0000] {dagbag.py:525} INFO - Filling up the DagBag from /home/airflow/.local/lib/python3.7/site-packages/airflow/example_dags/example_latest_only.py
[2023-05-15T00:21:00.853+0000] {processor.py:768} INFO - DAG(s) dict_keys(['latest_only']) retrieved from /home/airflow/.local/lib/python3.7/site-packages/airflow/example_dags/example_latest_only.py
[2023-05-15T00:21:00.889+0000] {logging_mixin.py:117} INFO - [2023-05-15T00:21:00.889+0000] {dag.py:2573} INFO - Sync 1 DAGs
[2023-05-15T00:21:00.922+0000] {logging_mixin.py:117} INFO - [2023-05-15T00:21:00.922+0000] {dag.py:3328} INFO - Setting next_dagrun for latest_only to 2023-05-14T20:21:00.922279+00:00, run_after=2023-05-15T00:21:00.922279+00:00
[2023-05-15T00:21:00.949+0000] {processor.py:178} INFO - Processing /home/airflow/.local/lib/python3.7/site-packages/airflow/example_dags/example_latest_only.py took 0.117 seconds
[2023-05-15T00:21:31.206+0000] {processor.py:156} INFO - Started process (PID=3379) to work on /home/airflow/.local/lib/python3.7/site-packages/airflow/example_dags/example_latest_only.py
[2023-05-15T00:21:31.207+0000] {processor.py:758} INFO - Processing file /home/airflow/.local/lib/python3.7/site-packages/airflow/example_dags/example_latest_only.py for tasks to queue
[2023-05-15T00:21:31.208+0000] {logging_mixin.py:117} INFO - [2023-05-15T00:21:31.208+0000] {dagbag.py:525} INFO - Filling up the DagBag from /home/airflow/.local/lib/python3.7/site-packages/airflow/example_dags/example_latest_only.py
[2023-05-15T00:21:31.222+0000] {processor.py:768} INFO - DAG(s) dict_keys(['latest_only']) retrieved from /home/airflow/.local/lib/python3.7/site-packages/airflow/example_dags/example_latest_only.py
[2023-05-15T00:21:31.264+0000] {logging_mixin.py:117} INFO - [2023-05-15T00:21:31.264+0000] {dag.py:2573} INFO - Sync 1 DAGs
[2023-05-15T00:21:31.288+0000] {logging_mixin.py:117} INFO - [2023-05-15T00:21:31.288+0000] {dag.py:3328} INFO - Setting next_dagrun for latest_only to 2023-05-14T20:21:31.288052+00:00, run_after=2023-05-15T00:21:31.288052+00:00
[2023-05-15T00:21:31.310+0000] {processor.py:178} INFO - Processing /home/airflow/.local/lib/python3.7/site-packages/airflow/example_dags/example_latest_only.py took 0.107 seconds
[2023-05-15T00:22:01.743+0000] {processor.py:156} INFO - Started process (PID=3591) to work on /home/airflow/.local/lib/python3.7/site-packages/airflow/example_dags/example_latest_only.py
[2023-05-15T00:22:01.744+0000] {processor.py:758} INFO - Processing file /home/airflow/.local/lib/python3.7/site-packages/airflow/example_dags/example_latest_only.py for tasks to queue
[2023-05-15T00:22:01.744+0000] {logging_mixin.py:117} INFO - [2023-05-15T00:22:01.744+0000] {dagbag.py:525} INFO - Filling up the DagBag from /home/airflow/.local/lib/python3.7/site-packages/airflow/example_dags/example_latest_only.py
[2023-05-15T00:22:01.762+0000] {processor.py:768} INFO - DAG(s) dict_keys(['latest_only']) retrieved from /home/airflow/.local/lib/python3.7/site-packages/airflow/example_dags/example_latest_only.py
[2023-05-15T00:22:01.815+0000] {logging_mixin.py:117} INFO - [2023-05-15T00:22:01.815+0000] {dag.py:2573} INFO - Sync 1 DAGs
[2023-05-15T00:22:01.852+0000] {logging_mixin.py:117} INFO - [2023-05-15T00:22:01.851+0000] {dag.py:3328} INFO - Setting next_dagrun for latest_only to 2023-05-14T20:22:01.851769+00:00, run_after=2023-05-15T00:22:01.851769+00:00
[2023-05-15T00:22:01.870+0000] {processor.py:178} INFO - Processing /home/airflow/.local/lib/python3.7/site-packages/airflow/example_dags/example_latest_only.py took 0.131 seconds
[2023-05-15T00:22:32.239+0000] {processor.py:156} INFO - Started process (PID=3795) to work on /home/airflow/.local/lib/python3.7/site-packages/airflow/example_dags/example_latest_only.py
[2023-05-15T00:22:32.240+0000] {processor.py:758} INFO - Processing file /home/airflow/.local/lib/python3.7/site-packages/airflow/example_dags/example_latest_only.py for tasks to queue
[2023-05-15T00:22:32.240+0000] {logging_mixin.py:117} INFO - [2023-05-15T00:22:32.240+0000] {dagbag.py:525} INFO - Filling up the DagBag from /home/airflow/.local/lib/python3.7/site-packages/airflow/example_dags/example_latest_only.py
[2023-05-15T00:22:32.258+0000] {processor.py:768} INFO - DAG(s) dict_keys(['latest_only']) retrieved from /home/airflow/.local/lib/python3.7/site-packages/airflow/example_dags/example_latest_only.py
[2023-05-15T00:22:32.311+0000] {logging_mixin.py:117} INFO - [2023-05-15T00:22:32.311+0000] {dag.py:2573} INFO - Sync 1 DAGs
[2023-05-15T00:22:32.339+0000] {logging_mixin.py:117} INFO - [2023-05-15T00:22:32.339+0000] {dag.py:3328} INFO - Setting next_dagrun for latest_only to 2023-05-14T20:22:32.338823+00:00, run_after=2023-05-15T00:22:32.338823+00:00
[2023-05-15T00:22:32.361+0000] {processor.py:178} INFO - Processing /home/airflow/.local/lib/python3.7/site-packages/airflow/example_dags/example_latest_only.py took 0.126 seconds
[2023-05-15T00:23:03.070+0000] {processor.py:156} INFO - Started process (PID=4008) to work on /home/airflow/.local/lib/python3.7/site-packages/airflow/example_dags/example_latest_only.py
[2023-05-15T00:23:03.070+0000] {processor.py:758} INFO - Processing file /home/airflow/.local/lib/python3.7/site-packages/airflow/example_dags/example_latest_only.py for tasks to queue
[2023-05-15T00:23:03.071+0000] {logging_mixin.py:117} INFO - [2023-05-15T00:23:03.071+0000] {dagbag.py:525} INFO - Filling up the DagBag from /home/airflow/.local/lib/python3.7/site-packages/airflow/example_dags/example_latest_only.py
[2023-05-15T00:23:03.088+0000] {processor.py:768} INFO - DAG(s) dict_keys(['latest_only']) retrieved from /home/airflow/.local/lib/python3.7/site-packages/airflow/example_dags/example_latest_only.py
[2023-05-15T00:23:03.136+0000] {logging_mixin.py:117} INFO - [2023-05-15T00:23:03.135+0000] {dag.py:2573} INFO - Sync 1 DAGs
[2023-05-15T00:23:03.165+0000] {logging_mixin.py:117} INFO - [2023-05-15T00:23:03.165+0000] {dag.py:3328} INFO - Setting next_dagrun for latest_only to 2023-05-14T20:23:03.165429+00:00, run_after=2023-05-15T00:23:03.165429+00:00
[2023-05-15T00:23:03.187+0000] {processor.py:178} INFO - Processing /home/airflow/.local/lib/python3.7/site-packages/airflow/example_dags/example_latest_only.py took 0.122 seconds
[2023-05-15T00:23:33.773+0000] {processor.py:156} INFO - Started process (PID=4220) to work on /home/airflow/.local/lib/python3.7/site-packages/airflow/example_dags/example_latest_only.py
[2023-05-15T00:23:33.774+0000] {processor.py:758} INFO - Processing file /home/airflow/.local/lib/python3.7/site-packages/airflow/example_dags/example_latest_only.py for tasks to queue
[2023-05-15T00:23:33.777+0000] {logging_mixin.py:117} INFO - [2023-05-15T00:23:33.777+0000] {dagbag.py:525} INFO - Filling up the DagBag from /home/airflow/.local/lib/python3.7/site-packages/airflow/example_dags/example_latest_only.py
[2023-05-15T00:23:33.799+0000] {processor.py:768} INFO - DAG(s) dict_keys(['latest_only']) retrieved from /home/airflow/.local/lib/python3.7/site-packages/airflow/example_dags/example_latest_only.py
[2023-05-15T00:23:33.853+0000] {logging_mixin.py:117} INFO - [2023-05-15T00:23:33.853+0000] {dag.py:2573} INFO - Sync 1 DAGs
[2023-05-15T00:23:33.884+0000] {logging_mixin.py:117} INFO - [2023-05-15T00:23:33.883+0000] {dag.py:3328} INFO - Setting next_dagrun for latest_only to 2023-05-14T20:23:33.883797+00:00, run_after=2023-05-15T00:23:33.883797+00:00
[2023-05-15T00:23:33.904+0000] {processor.py:178} INFO - Processing /home/airflow/.local/lib/python3.7/site-packages/airflow/example_dags/example_latest_only.py took 0.136 seconds
[2023-05-15T00:24:04.317+0000] {processor.py:156} INFO - Started process (PID=4423) to work on /home/airflow/.local/lib/python3.7/site-packages/airflow/example_dags/example_latest_only.py
[2023-05-15T00:24:04.318+0000] {processor.py:758} INFO - Processing file /home/airflow/.local/lib/python3.7/site-packages/airflow/example_dags/example_latest_only.py for tasks to queue
[2023-05-15T00:24:04.319+0000] {logging_mixin.py:117} INFO - [2023-05-15T00:24:04.319+0000] {dagbag.py:525} INFO - Filling up the DagBag from /home/airflow/.local/lib/python3.7/site-packages/airflow/example_dags/example_latest_only.py
[2023-05-15T00:24:04.338+0000] {processor.py:768} INFO - DAG(s) dict_keys(['latest_only']) retrieved from /home/airflow/.local/lib/python3.7/site-packages/airflow/example_dags/example_latest_only.py
[2023-05-15T00:24:04.376+0000] {logging_mixin.py:117} INFO - [2023-05-15T00:24:04.376+0000] {dag.py:2573} INFO - Sync 1 DAGs
[2023-05-15T00:24:04.402+0000] {logging_mixin.py:117} INFO - [2023-05-15T00:24:04.402+0000] {dag.py:3328} INFO - Setting next_dagrun for latest_only to 2023-05-14T20:24:04.402359+00:00, run_after=2023-05-15T00:24:04.402359+00:00
[2023-05-15T00:24:04.421+0000] {processor.py:178} INFO - Processing /home/airflow/.local/lib/python3.7/site-packages/airflow/example_dags/example_latest_only.py took 0.108 seconds
[2023-05-15T00:24:34.948+0000] {processor.py:156} INFO - Started process (PID=4635) to work on /home/airflow/.local/lib/python3.7/site-packages/airflow/example_dags/example_latest_only.py
[2023-05-15T00:24:34.949+0000] {processor.py:758} INFO - Processing file /home/airflow/.local/lib/python3.7/site-packages/airflow/example_dags/example_latest_only.py for tasks to queue
[2023-05-15T00:24:34.949+0000] {logging_mixin.py:117} INFO - [2023-05-15T00:24:34.949+0000] {dagbag.py:525} INFO - Filling up the DagBag from /home/airflow/.local/lib/python3.7/site-packages/airflow/example_dags/example_latest_only.py
[2023-05-15T00:24:34.965+0000] {processor.py:768} INFO - DAG(s) dict_keys(['latest_only']) retrieved from /home/airflow/.local/lib/python3.7/site-packages/airflow/example_dags/example_latest_only.py
[2023-05-15T00:24:35.018+0000] {logging_mixin.py:117} INFO - [2023-05-15T00:24:35.018+0000] {dag.py:2573} INFO - Sync 1 DAGs
[2023-05-15T00:24:35.054+0000] {logging_mixin.py:117} INFO - [2023-05-15T00:24:35.053+0000] {dag.py:3328} INFO - Setting next_dagrun for latest_only to 2023-05-14T20:24:35.053706+00:00, run_after=2023-05-15T00:24:35.053706+00:00
[2023-05-15T00:24:35.073+0000] {processor.py:178} INFO - Processing /home/airflow/.local/lib/python3.7/site-packages/airflow/example_dags/example_latest_only.py took 0.128 seconds
[2023-05-15T00:34:04.245+0000] {processor.py:156} INFO - Started process (PID=259) to work on /home/airflow/.local/lib/python3.7/site-packages/airflow/example_dags/example_latest_only.py
[2023-05-15T00:34:04.246+0000] {processor.py:758} INFO - Processing file /home/airflow/.local/lib/python3.7/site-packages/airflow/example_dags/example_latest_only.py for tasks to queue
[2023-05-15T00:34:04.247+0000] {logging_mixin.py:117} INFO - [2023-05-15T00:34:04.247+0000] {dagbag.py:525} INFO - Filling up the DagBag from /home/airflow/.local/lib/python3.7/site-packages/airflow/example_dags/example_latest_only.py
[2023-05-15T00:34:04.267+0000] {processor.py:768} INFO - DAG(s) dict_keys(['latest_only']) retrieved from /home/airflow/.local/lib/python3.7/site-packages/airflow/example_dags/example_latest_only.py
[2023-05-15T00:34:04.307+0000] {logging_mixin.py:117} INFO - [2023-05-15T00:34:04.307+0000] {dag.py:2573} INFO - Sync 1 DAGs
[2023-05-15T00:34:04.358+0000] {logging_mixin.py:117} INFO - [2023-05-15T00:34:04.358+0000] {dag.py:3328} INFO - Setting next_dagrun for latest_only to 2023-05-14T20:34:04.358460+00:00, run_after=2023-05-15T00:34:04.358460+00:00
[2023-05-15T00:34:04.388+0000] {processor.py:178} INFO - Processing /home/airflow/.local/lib/python3.7/site-packages/airflow/example_dags/example_latest_only.py took 0.147 seconds
[2023-05-15T00:34:35.588+0000] {processor.py:156} INFO - Started process (PID=461) to work on /home/airflow/.local/lib/python3.7/site-packages/airflow/example_dags/example_latest_only.py
[2023-05-15T00:34:35.589+0000] {processor.py:758} INFO - Processing file /home/airflow/.local/lib/python3.7/site-packages/airflow/example_dags/example_latest_only.py for tasks to queue
[2023-05-15T00:34:35.590+0000] {logging_mixin.py:117} INFO - [2023-05-15T00:34:35.589+0000] {dagbag.py:525} INFO - Filling up the DagBag from /home/airflow/.local/lib/python3.7/site-packages/airflow/example_dags/example_latest_only.py
[2023-05-15T00:34:35.611+0000] {processor.py:768} INFO - DAG(s) dict_keys(['latest_only']) retrieved from /home/airflow/.local/lib/python3.7/site-packages/airflow/example_dags/example_latest_only.py
[2023-05-15T00:34:35.707+0000] {logging_mixin.py:117} INFO - [2023-05-15T00:34:35.706+0000] {dag.py:2573} INFO - Sync 1 DAGs
[2023-05-15T00:34:35.752+0000] {logging_mixin.py:117} INFO - [2023-05-15T00:34:35.752+0000] {dag.py:3328} INFO - Setting next_dagrun for latest_only to 2023-05-14T20:34:35.752018+00:00, run_after=2023-05-15T00:34:35.752018+00:00
[2023-05-15T00:34:35.791+0000] {processor.py:178} INFO - Processing /home/airflow/.local/lib/python3.7/site-packages/airflow/example_dags/example_latest_only.py took 0.207 seconds
