[2023-05-15T00:13:46.835+0000] {processor.py:156} INFO - Started process (PID=208) to work on /home/airflow/.local/lib/python3.7/site-packages/airflow/example_dags/example_branch_operator_decorator.py
[2023-05-15T00:13:46.835+0000] {processor.py:758} INFO - Processing file /home/airflow/.local/lib/python3.7/site-packages/airflow/example_dags/example_branch_operator_decorator.py for tasks to queue
[2023-05-15T00:13:46.836+0000] {logging_mixin.py:117} INFO - [2023-05-15T00:13:46.836+0000] {dagbag.py:525} INFO - Filling up the DagBag from /home/airflow/.local/lib/python3.7/site-packages/airflow/example_dags/example_branch_operator_decorator.py
[2023-05-15T00:13:46.873+0000] {processor.py:768} INFO - DAG(s) dict_keys(['example_branch_python_operator_decorator']) retrieved from /home/airflow/.local/lib/python3.7/site-packages/airflow/example_dags/example_branch_operator_decorator.py
[2023-05-15T00:13:46.908+0000] {logging_mixin.py:117} INFO - [2023-05-15T00:13:46.907+0000] {dag.py:2573} INFO - Sync 1 DAGs
[2023-05-15T00:13:46.946+0000] {logging_mixin.py:117} INFO - [2023-05-15T00:13:46.946+0000] {dag.py:3328} INFO - Setting next_dagrun for example_branch_python_operator_decorator to 2023-05-14T00:00:00+00:00, run_after=2023-05-15T00:00:00+00:00
[2023-05-15T00:13:46.966+0000] {processor.py:178} INFO - Processing /home/airflow/.local/lib/python3.7/site-packages/airflow/example_dags/example_branch_operator_decorator.py took 0.135 seconds
[2023-05-15T00:14:18.131+0000] {processor.py:156} INFO - Started process (PID=411) to work on /home/airflow/.local/lib/python3.7/site-packages/airflow/example_dags/example_branch_operator_decorator.py
[2023-05-15T00:14:18.132+0000] {processor.py:758} INFO - Processing file /home/airflow/.local/lib/python3.7/site-packages/airflow/example_dags/example_branch_operator_decorator.py for tasks to queue
[2023-05-15T00:14:18.133+0000] {logging_mixin.py:117} INFO - [2023-05-15T00:14:18.132+0000] {dagbag.py:525} INFO - Filling up the DagBag from /home/airflow/.local/lib/python3.7/site-packages/airflow/example_dags/example_branch_operator_decorator.py
[2023-05-15T00:14:18.182+0000] {processor.py:768} INFO - DAG(s) dict_keys(['example_branch_python_operator_decorator']) retrieved from /home/airflow/.local/lib/python3.7/site-packages/airflow/example_dags/example_branch_operator_decorator.py
[2023-05-15T00:14:18.260+0000] {logging_mixin.py:117} INFO - [2023-05-15T00:14:18.259+0000] {dag.py:2573} INFO - Sync 1 DAGs
[2023-05-15T00:14:18.308+0000] {logging_mixin.py:117} INFO - [2023-05-15T00:14:18.308+0000] {dag.py:3328} INFO - Setting next_dagrun for example_branch_python_operator_decorator to 2023-05-14T00:00:00+00:00, run_after=2023-05-15T00:00:00+00:00
[2023-05-15T00:14:18.346+0000] {processor.py:178} INFO - Processing /home/airflow/.local/lib/python3.7/site-packages/airflow/example_dags/example_branch_operator_decorator.py took 0.220 seconds
[2023-05-15T00:14:48.796+0000] {processor.py:156} INFO - Started process (PID=623) to work on /home/airflow/.local/lib/python3.7/site-packages/airflow/example_dags/example_branch_operator_decorator.py
[2023-05-15T00:14:48.797+0000] {processor.py:758} INFO - Processing file /home/airflow/.local/lib/python3.7/site-packages/airflow/example_dags/example_branch_operator_decorator.py for tasks to queue
[2023-05-15T00:14:48.798+0000] {logging_mixin.py:117} INFO - [2023-05-15T00:14:48.798+0000] {dagbag.py:525} INFO - Filling up the DagBag from /home/airflow/.local/lib/python3.7/site-packages/airflow/example_dags/example_branch_operator_decorator.py
[2023-05-15T00:14:48.849+0000] {processor.py:768} INFO - DAG(s) dict_keys(['example_branch_python_operator_decorator']) retrieved from /home/airflow/.local/lib/python3.7/site-packages/airflow/example_dags/example_branch_operator_decorator.py
[2023-05-15T00:14:48.934+0000] {logging_mixin.py:117} INFO - [2023-05-15T00:14:48.934+0000] {dag.py:2573} INFO - Sync 1 DAGs
[2023-05-15T00:14:49.264+0000] {logging_mixin.py:117} INFO - [2023-05-15T00:14:49.264+0000] {dag.py:3328} INFO - Setting next_dagrun for example_branch_python_operator_decorator to 2023-05-14T00:00:00+00:00, run_after=2023-05-15T00:00:00+00:00
[2023-05-15T00:14:49.309+0000] {processor.py:178} INFO - Processing /home/airflow/.local/lib/python3.7/site-packages/airflow/example_dags/example_branch_operator_decorator.py took 0.518 seconds
[2023-05-15T00:15:19.941+0000] {processor.py:156} INFO - Started process (PID=827) to work on /home/airflow/.local/lib/python3.7/site-packages/airflow/example_dags/example_branch_operator_decorator.py
[2023-05-15T00:15:19.942+0000] {processor.py:758} INFO - Processing file /home/airflow/.local/lib/python3.7/site-packages/airflow/example_dags/example_branch_operator_decorator.py for tasks to queue
[2023-05-15T00:15:19.942+0000] {logging_mixin.py:117} INFO - [2023-05-15T00:15:19.942+0000] {dagbag.py:525} INFO - Filling up the DagBag from /home/airflow/.local/lib/python3.7/site-packages/airflow/example_dags/example_branch_operator_decorator.py
[2023-05-15T00:15:19.973+0000] {processor.py:768} INFO - DAG(s) dict_keys(['example_branch_python_operator_decorator']) retrieved from /home/airflow/.local/lib/python3.7/site-packages/airflow/example_dags/example_branch_operator_decorator.py
[2023-05-15T00:15:20.032+0000] {logging_mixin.py:117} INFO - [2023-05-15T00:15:20.032+0000] {dag.py:2573} INFO - Sync 1 DAGs
[2023-05-15T00:15:20.215+0000] {logging_mixin.py:117} INFO - [2023-05-15T00:15:20.214+0000] {dag.py:3328} INFO - Setting next_dagrun for example_branch_python_operator_decorator to 2023-05-14T00:00:00+00:00, run_after=2023-05-15T00:00:00+00:00
[2023-05-15T00:15:20.238+0000] {processor.py:178} INFO - Processing /home/airflow/.local/lib/python3.7/site-packages/airflow/example_dags/example_branch_operator_decorator.py took 0.300 seconds
[2023-05-15T00:15:50.439+0000] {processor.py:156} INFO - Started process (PID=1036) to work on /home/airflow/.local/lib/python3.7/site-packages/airflow/example_dags/example_branch_operator_decorator.py
[2023-05-15T00:15:50.441+0000] {processor.py:758} INFO - Processing file /home/airflow/.local/lib/python3.7/site-packages/airflow/example_dags/example_branch_operator_decorator.py for tasks to queue
[2023-05-15T00:15:50.441+0000] {logging_mixin.py:117} INFO - [2023-05-15T00:15:50.441+0000] {dagbag.py:525} INFO - Filling up the DagBag from /home/airflow/.local/lib/python3.7/site-packages/airflow/example_dags/example_branch_operator_decorator.py
[2023-05-15T00:15:50.476+0000] {processor.py:768} INFO - DAG(s) dict_keys(['example_branch_python_operator_decorator']) retrieved from /home/airflow/.local/lib/python3.7/site-packages/airflow/example_dags/example_branch_operator_decorator.py
[2023-05-15T00:15:50.812+0000] {logging_mixin.py:117} INFO - [2023-05-15T00:15:50.812+0000] {dag.py:2573} INFO - Sync 1 DAGs
[2023-05-15T00:15:50.869+0000] {logging_mixin.py:117} INFO - [2023-05-15T00:15:50.869+0000] {dag.py:3328} INFO - Setting next_dagrun for example_branch_python_operator_decorator to 2023-05-14T00:00:00+00:00, run_after=2023-05-15T00:00:00+00:00
[2023-05-15T00:15:50.904+0000] {processor.py:178} INFO - Processing /home/airflow/.local/lib/python3.7/site-packages/airflow/example_dags/example_branch_operator_decorator.py took 0.467 seconds
[2023-05-15T00:16:21.135+0000] {processor.py:156} INFO - Started process (PID=1238) to work on /home/airflow/.local/lib/python3.7/site-packages/airflow/example_dags/example_branch_operator_decorator.py
[2023-05-15T00:16:21.135+0000] {processor.py:758} INFO - Processing file /home/airflow/.local/lib/python3.7/site-packages/airflow/example_dags/example_branch_operator_decorator.py for tasks to queue
[2023-05-15T00:16:21.136+0000] {logging_mixin.py:117} INFO - [2023-05-15T00:16:21.136+0000] {dagbag.py:525} INFO - Filling up the DagBag from /home/airflow/.local/lib/python3.7/site-packages/airflow/example_dags/example_branch_operator_decorator.py
[2023-05-15T00:16:21.159+0000] {processor.py:768} INFO - DAG(s) dict_keys(['example_branch_python_operator_decorator']) retrieved from /home/airflow/.local/lib/python3.7/site-packages/airflow/example_dags/example_branch_operator_decorator.py
[2023-05-15T00:16:21.331+0000] {logging_mixin.py:117} INFO - [2023-05-15T00:16:21.331+0000] {dag.py:2573} INFO - Sync 1 DAGs
[2023-05-15T00:16:21.364+0000] {logging_mixin.py:117} INFO - [2023-05-15T00:16:21.364+0000] {dag.py:3328} INFO - Setting next_dagrun for example_branch_python_operator_decorator to 2023-05-14T00:00:00+00:00, run_after=2023-05-15T00:00:00+00:00
[2023-05-15T00:16:21.391+0000] {processor.py:178} INFO - Processing /home/airflow/.local/lib/python3.7/site-packages/airflow/example_dags/example_branch_operator_decorator.py took 0.259 seconds
[2023-05-15T00:16:51.837+0000] {processor.py:156} INFO - Started process (PID=1450) to work on /home/airflow/.local/lib/python3.7/site-packages/airflow/example_dags/example_branch_operator_decorator.py
[2023-05-15T00:16:51.837+0000] {processor.py:758} INFO - Processing file /home/airflow/.local/lib/python3.7/site-packages/airflow/example_dags/example_branch_operator_decorator.py for tasks to queue
[2023-05-15T00:16:51.838+0000] {logging_mixin.py:117} INFO - [2023-05-15T00:16:51.838+0000] {dagbag.py:525} INFO - Filling up the DagBag from /home/airflow/.local/lib/python3.7/site-packages/airflow/example_dags/example_branch_operator_decorator.py
[2023-05-15T00:16:52.010+0000] {processor.py:768} INFO - DAG(s) dict_keys(['example_branch_python_operator_decorator']) retrieved from /home/airflow/.local/lib/python3.7/site-packages/airflow/example_dags/example_branch_operator_decorator.py
[2023-05-15T00:16:52.055+0000] {logging_mixin.py:117} INFO - [2023-05-15T00:16:52.055+0000] {dag.py:2573} INFO - Sync 1 DAGs
[2023-05-15T00:16:52.083+0000] {logging_mixin.py:117} INFO - [2023-05-15T00:16:52.082+0000] {dag.py:3328} INFO - Setting next_dagrun for example_branch_python_operator_decorator to 2023-05-14T00:00:00+00:00, run_after=2023-05-15T00:00:00+00:00
[2023-05-15T00:16:52.103+0000] {processor.py:178} INFO - Processing /home/airflow/.local/lib/python3.7/site-packages/airflow/example_dags/example_branch_operator_decorator.py took 0.269 seconds
[2023-05-15T00:17:22.669+0000] {processor.py:156} INFO - Started process (PID=1656) to work on /home/airflow/.local/lib/python3.7/site-packages/airflow/example_dags/example_branch_operator_decorator.py
[2023-05-15T00:17:22.670+0000] {processor.py:758} INFO - Processing file /home/airflow/.local/lib/python3.7/site-packages/airflow/example_dags/example_branch_operator_decorator.py for tasks to queue
[2023-05-15T00:17:22.670+0000] {logging_mixin.py:117} INFO - [2023-05-15T00:17:22.670+0000] {dagbag.py:525} INFO - Filling up the DagBag from /home/airflow/.local/lib/python3.7/site-packages/airflow/example_dags/example_branch_operator_decorator.py
[2023-05-15T00:17:22.813+0000] {processor.py:768} INFO - DAG(s) dict_keys(['example_branch_python_operator_decorator']) retrieved from /home/airflow/.local/lib/python3.7/site-packages/airflow/example_dags/example_branch_operator_decorator.py
[2023-05-15T00:17:22.868+0000] {logging_mixin.py:117} INFO - [2023-05-15T00:17:22.868+0000] {dag.py:2573} INFO - Sync 1 DAGs
[2023-05-15T00:17:22.926+0000] {logging_mixin.py:117} INFO - [2023-05-15T00:17:22.926+0000] {dag.py:3328} INFO - Setting next_dagrun for example_branch_python_operator_decorator to 2023-05-14T00:00:00+00:00, run_after=2023-05-15T00:00:00+00:00
[2023-05-15T00:17:22.976+0000] {processor.py:178} INFO - Processing /home/airflow/.local/lib/python3.7/site-packages/airflow/example_dags/example_branch_operator_decorator.py took 0.309 seconds
[2023-05-15T00:17:53.775+0000] {processor.py:156} INFO - Started process (PID=1868) to work on /home/airflow/.local/lib/python3.7/site-packages/airflow/example_dags/example_branch_operator_decorator.py
[2023-05-15T00:17:53.775+0000] {processor.py:758} INFO - Processing file /home/airflow/.local/lib/python3.7/site-packages/airflow/example_dags/example_branch_operator_decorator.py for tasks to queue
[2023-05-15T00:17:53.776+0000] {logging_mixin.py:117} INFO - [2023-05-15T00:17:53.776+0000] {dagbag.py:525} INFO - Filling up the DagBag from /home/airflow/.local/lib/python3.7/site-packages/airflow/example_dags/example_branch_operator_decorator.py
[2023-05-15T00:17:53.813+0000] {processor.py:768} INFO - DAG(s) dict_keys(['example_branch_python_operator_decorator']) retrieved from /home/airflow/.local/lib/python3.7/site-packages/airflow/example_dags/example_branch_operator_decorator.py
[2023-05-15T00:17:53.856+0000] {logging_mixin.py:117} INFO - [2023-05-15T00:17:53.856+0000] {dag.py:2573} INFO - Sync 1 DAGs
[2023-05-15T00:17:53.880+0000] {logging_mixin.py:117} INFO - [2023-05-15T00:17:53.880+0000] {dag.py:3328} INFO - Setting next_dagrun for example_branch_python_operator_decorator to 2023-05-14T00:00:00+00:00, run_after=2023-05-15T00:00:00+00:00
[2023-05-15T00:17:53.899+0000] {processor.py:178} INFO - Processing /home/airflow/.local/lib/python3.7/site-packages/airflow/example_dags/example_branch_operator_decorator.py took 0.128 seconds
[2023-05-15T00:18:24.078+0000] {processor.py:156} INFO - Started process (PID=2077) to work on /home/airflow/.local/lib/python3.7/site-packages/airflow/example_dags/example_branch_operator_decorator.py
[2023-05-15T00:18:24.079+0000] {processor.py:758} INFO - Processing file /home/airflow/.local/lib/python3.7/site-packages/airflow/example_dags/example_branch_operator_decorator.py for tasks to queue
[2023-05-15T00:18:24.080+0000] {logging_mixin.py:117} INFO - [2023-05-15T00:18:24.079+0000] {dagbag.py:525} INFO - Filling up the DagBag from /home/airflow/.local/lib/python3.7/site-packages/airflow/example_dags/example_branch_operator_decorator.py
[2023-05-15T00:18:24.137+0000] {processor.py:768} INFO - DAG(s) dict_keys(['example_branch_python_operator_decorator']) retrieved from /home/airflow/.local/lib/python3.7/site-packages/airflow/example_dags/example_branch_operator_decorator.py
[2023-05-15T00:18:24.215+0000] {logging_mixin.py:117} INFO - [2023-05-15T00:18:24.215+0000] {dag.py:2573} INFO - Sync 1 DAGs
[2023-05-15T00:18:24.261+0000] {logging_mixin.py:117} INFO - [2023-05-15T00:18:24.261+0000] {dag.py:3328} INFO - Setting next_dagrun for example_branch_python_operator_decorator to 2023-05-14T00:00:00+00:00, run_after=2023-05-15T00:00:00+00:00
[2023-05-15T00:18:24.292+0000] {processor.py:178} INFO - Processing /home/airflow/.local/lib/python3.7/site-packages/airflow/example_dags/example_branch_operator_decorator.py took 0.218 seconds
[2023-05-15T00:18:54.734+0000] {processor.py:156} INFO - Started process (PID=2280) to work on /home/airflow/.local/lib/python3.7/site-packages/airflow/example_dags/example_branch_operator_decorator.py
[2023-05-15T00:18:54.735+0000] {processor.py:758} INFO - Processing file /home/airflow/.local/lib/python3.7/site-packages/airflow/example_dags/example_branch_operator_decorator.py for tasks to queue
[2023-05-15T00:18:54.736+0000] {logging_mixin.py:117} INFO - [2023-05-15T00:18:54.736+0000] {dagbag.py:525} INFO - Filling up the DagBag from /home/airflow/.local/lib/python3.7/site-packages/airflow/example_dags/example_branch_operator_decorator.py
[2023-05-15T00:18:54.778+0000] {processor.py:768} INFO - DAG(s) dict_keys(['example_branch_python_operator_decorator']) retrieved from /home/airflow/.local/lib/python3.7/site-packages/airflow/example_dags/example_branch_operator_decorator.py
[2023-05-15T00:18:54.834+0000] {logging_mixin.py:117} INFO - [2023-05-15T00:18:54.834+0000] {dag.py:2573} INFO - Sync 1 DAGs
[2023-05-15T00:18:54.876+0000] {logging_mixin.py:117} INFO - [2023-05-15T00:18:54.876+0000] {dag.py:3328} INFO - Setting next_dagrun for example_branch_python_operator_decorator to 2023-05-14T00:00:00+00:00, run_after=2023-05-15T00:00:00+00:00
[2023-05-15T00:18:54.900+0000] {processor.py:178} INFO - Processing /home/airflow/.local/lib/python3.7/site-packages/airflow/example_dags/example_branch_operator_decorator.py took 0.170 seconds
[2023-05-15T00:19:25.781+0000] {processor.py:156} INFO - Started process (PID=2490) to work on /home/airflow/.local/lib/python3.7/site-packages/airflow/example_dags/example_branch_operator_decorator.py
[2023-05-15T00:19:25.781+0000] {processor.py:758} INFO - Processing file /home/airflow/.local/lib/python3.7/site-packages/airflow/example_dags/example_branch_operator_decorator.py for tasks to queue
[2023-05-15T00:19:25.782+0000] {logging_mixin.py:117} INFO - [2023-05-15T00:19:25.782+0000] {dagbag.py:525} INFO - Filling up the DagBag from /home/airflow/.local/lib/python3.7/site-packages/airflow/example_dags/example_branch_operator_decorator.py
[2023-05-15T00:19:25.805+0000] {processor.py:768} INFO - DAG(s) dict_keys(['example_branch_python_operator_decorator']) retrieved from /home/airflow/.local/lib/python3.7/site-packages/airflow/example_dags/example_branch_operator_decorator.py
[2023-05-15T00:19:25.854+0000] {logging_mixin.py:117} INFO - [2023-05-15T00:19:25.854+0000] {dag.py:2573} INFO - Sync 1 DAGs
[2023-05-15T00:19:25.879+0000] {logging_mixin.py:117} INFO - [2023-05-15T00:19:25.878+0000] {dag.py:3328} INFO - Setting next_dagrun for example_branch_python_operator_decorator to 2023-05-14T00:00:00+00:00, run_after=2023-05-15T00:00:00+00:00
[2023-05-15T00:19:25.904+0000] {processor.py:178} INFO - Processing /home/airflow/.local/lib/python3.7/site-packages/airflow/example_dags/example_branch_operator_decorator.py took 0.127 seconds
[2023-05-15T00:19:56.359+0000] {processor.py:156} INFO - Started process (PID=2705) to work on /home/airflow/.local/lib/python3.7/site-packages/airflow/example_dags/example_branch_operator_decorator.py
[2023-05-15T00:19:56.359+0000] {processor.py:758} INFO - Processing file /home/airflow/.local/lib/python3.7/site-packages/airflow/example_dags/example_branch_operator_decorator.py for tasks to queue
[2023-05-15T00:19:56.360+0000] {logging_mixin.py:117} INFO - [2023-05-15T00:19:56.360+0000] {dagbag.py:525} INFO - Filling up the DagBag from /home/airflow/.local/lib/python3.7/site-packages/airflow/example_dags/example_branch_operator_decorator.py
[2023-05-15T00:19:56.387+0000] {processor.py:768} INFO - DAG(s) dict_keys(['example_branch_python_operator_decorator']) retrieved from /home/airflow/.local/lib/python3.7/site-packages/airflow/example_dags/example_branch_operator_decorator.py
[2023-05-15T00:19:56.425+0000] {logging_mixin.py:117} INFO - [2023-05-15T00:19:56.425+0000] {dag.py:2573} INFO - Sync 1 DAGs
[2023-05-15T00:19:56.471+0000] {logging_mixin.py:117} INFO - [2023-05-15T00:19:56.470+0000] {dag.py:3328} INFO - Setting next_dagrun for example_branch_python_operator_decorator to 2023-05-14T00:00:00+00:00, run_after=2023-05-15T00:00:00+00:00
[2023-05-15T00:19:56.499+0000] {processor.py:178} INFO - Processing /home/airflow/.local/lib/python3.7/site-packages/airflow/example_dags/example_branch_operator_decorator.py took 0.144 seconds
[2023-05-15T00:20:26.972+0000] {processor.py:156} INFO - Started process (PID=2905) to work on /home/airflow/.local/lib/python3.7/site-packages/airflow/example_dags/example_branch_operator_decorator.py
[2023-05-15T00:20:26.973+0000] {processor.py:758} INFO - Processing file /home/airflow/.local/lib/python3.7/site-packages/airflow/example_dags/example_branch_operator_decorator.py for tasks to queue
[2023-05-15T00:20:26.973+0000] {logging_mixin.py:117} INFO - [2023-05-15T00:20:26.973+0000] {dagbag.py:525} INFO - Filling up the DagBag from /home/airflow/.local/lib/python3.7/site-packages/airflow/example_dags/example_branch_operator_decorator.py
[2023-05-15T00:20:27.009+0000] {processor.py:768} INFO - DAG(s) dict_keys(['example_branch_python_operator_decorator']) retrieved from /home/airflow/.local/lib/python3.7/site-packages/airflow/example_dags/example_branch_operator_decorator.py
[2023-05-15T00:20:27.071+0000] {logging_mixin.py:117} INFO - [2023-05-15T00:20:27.071+0000] {dag.py:2573} INFO - Sync 1 DAGs
[2023-05-15T00:20:27.118+0000] {logging_mixin.py:117} INFO - [2023-05-15T00:20:27.117+0000] {dag.py:3328} INFO - Setting next_dagrun for example_branch_python_operator_decorator to 2023-05-14T00:00:00+00:00, run_after=2023-05-15T00:00:00+00:00
[2023-05-15T00:20:27.154+0000] {processor.py:178} INFO - Processing /home/airflow/.local/lib/python3.7/site-packages/airflow/example_dags/example_branch_operator_decorator.py took 0.188 seconds
[2023-05-15T00:20:57.866+0000] {processor.py:156} INFO - Started process (PID=3116) to work on /home/airflow/.local/lib/python3.7/site-packages/airflow/example_dags/example_branch_operator_decorator.py
[2023-05-15T00:20:57.867+0000] {processor.py:758} INFO - Processing file /home/airflow/.local/lib/python3.7/site-packages/airflow/example_dags/example_branch_operator_decorator.py for tasks to queue
[2023-05-15T00:20:57.868+0000] {logging_mixin.py:117} INFO - [2023-05-15T00:20:57.868+0000] {dagbag.py:525} INFO - Filling up the DagBag from /home/airflow/.local/lib/python3.7/site-packages/airflow/example_dags/example_branch_operator_decorator.py
[2023-05-15T00:20:57.892+0000] {processor.py:768} INFO - DAG(s) dict_keys(['example_branch_python_operator_decorator']) retrieved from /home/airflow/.local/lib/python3.7/site-packages/airflow/example_dags/example_branch_operator_decorator.py
[2023-05-15T00:20:57.936+0000] {logging_mixin.py:117} INFO - [2023-05-15T00:20:57.936+0000] {dag.py:2573} INFO - Sync 1 DAGs
[2023-05-15T00:20:57.969+0000] {logging_mixin.py:117} INFO - [2023-05-15T00:20:57.969+0000] {dag.py:3328} INFO - Setting next_dagrun for example_branch_python_operator_decorator to 2023-05-14T00:00:00+00:00, run_after=2023-05-15T00:00:00+00:00
[2023-05-15T00:20:57.993+0000] {processor.py:178} INFO - Processing /home/airflow/.local/lib/python3.7/site-packages/airflow/example_dags/example_branch_operator_decorator.py took 0.130 seconds
[2023-05-15T00:21:28.289+0000] {processor.py:156} INFO - Started process (PID=3329) to work on /home/airflow/.local/lib/python3.7/site-packages/airflow/example_dags/example_branch_operator_decorator.py
[2023-05-15T00:21:28.290+0000] {processor.py:758} INFO - Processing file /home/airflow/.local/lib/python3.7/site-packages/airflow/example_dags/example_branch_operator_decorator.py for tasks to queue
[2023-05-15T00:21:28.290+0000] {logging_mixin.py:117} INFO - [2023-05-15T00:21:28.290+0000] {dagbag.py:525} INFO - Filling up the DagBag from /home/airflow/.local/lib/python3.7/site-packages/airflow/example_dags/example_branch_operator_decorator.py
[2023-05-15T00:21:28.316+0000] {processor.py:768} INFO - DAG(s) dict_keys(['example_branch_python_operator_decorator']) retrieved from /home/airflow/.local/lib/python3.7/site-packages/airflow/example_dags/example_branch_operator_decorator.py
[2023-05-15T00:21:28.358+0000] {logging_mixin.py:117} INFO - [2023-05-15T00:21:28.358+0000] {dag.py:2573} INFO - Sync 1 DAGs
[2023-05-15T00:21:28.398+0000] {logging_mixin.py:117} INFO - [2023-05-15T00:21:28.398+0000] {dag.py:3328} INFO - Setting next_dagrun for example_branch_python_operator_decorator to 2023-05-14T00:00:00+00:00, run_after=2023-05-15T00:00:00+00:00
[2023-05-15T00:21:28.424+0000] {processor.py:178} INFO - Processing /home/airflow/.local/lib/python3.7/site-packages/airflow/example_dags/example_branch_operator_decorator.py took 0.137 seconds
[2023-05-15T00:21:58.658+0000] {processor.py:156} INFO - Started process (PID=3532) to work on /home/airflow/.local/lib/python3.7/site-packages/airflow/example_dags/example_branch_operator_decorator.py
[2023-05-15T00:21:58.659+0000] {processor.py:758} INFO - Processing file /home/airflow/.local/lib/python3.7/site-packages/airflow/example_dags/example_branch_operator_decorator.py for tasks to queue
[2023-05-15T00:21:58.660+0000] {logging_mixin.py:117} INFO - [2023-05-15T00:21:58.660+0000] {dagbag.py:525} INFO - Filling up the DagBag from /home/airflow/.local/lib/python3.7/site-packages/airflow/example_dags/example_branch_operator_decorator.py
[2023-05-15T00:21:58.696+0000] {processor.py:768} INFO - DAG(s) dict_keys(['example_branch_python_operator_decorator']) retrieved from /home/airflow/.local/lib/python3.7/site-packages/airflow/example_dags/example_branch_operator_decorator.py
[2023-05-15T00:21:58.748+0000] {logging_mixin.py:117} INFO - [2023-05-15T00:21:58.748+0000] {dag.py:2573} INFO - Sync 1 DAGs
[2023-05-15T00:21:58.781+0000] {logging_mixin.py:117} INFO - [2023-05-15T00:21:58.781+0000] {dag.py:3328} INFO - Setting next_dagrun for example_branch_python_operator_decorator to 2023-05-14T00:00:00+00:00, run_after=2023-05-15T00:00:00+00:00
[2023-05-15T00:21:58.810+0000] {processor.py:178} INFO - Processing /home/airflow/.local/lib/python3.7/site-packages/airflow/example_dags/example_branch_operator_decorator.py took 0.155 seconds
[2023-05-15T00:22:29.118+0000] {processor.py:156} INFO - Started process (PID=3745) to work on /home/airflow/.local/lib/python3.7/site-packages/airflow/example_dags/example_branch_operator_decorator.py
[2023-05-15T00:22:29.119+0000] {processor.py:758} INFO - Processing file /home/airflow/.local/lib/python3.7/site-packages/airflow/example_dags/example_branch_operator_decorator.py for tasks to queue
[2023-05-15T00:22:29.120+0000] {logging_mixin.py:117} INFO - [2023-05-15T00:22:29.120+0000] {dagbag.py:525} INFO - Filling up the DagBag from /home/airflow/.local/lib/python3.7/site-packages/airflow/example_dags/example_branch_operator_decorator.py
[2023-05-15T00:22:29.156+0000] {processor.py:768} INFO - DAG(s) dict_keys(['example_branch_python_operator_decorator']) retrieved from /home/airflow/.local/lib/python3.7/site-packages/airflow/example_dags/example_branch_operator_decorator.py
[2023-05-15T00:22:29.206+0000] {logging_mixin.py:117} INFO - [2023-05-15T00:22:29.206+0000] {dag.py:2573} INFO - Sync 1 DAGs
[2023-05-15T00:22:29.237+0000] {logging_mixin.py:117} INFO - [2023-05-15T00:22:29.237+0000] {dag.py:3328} INFO - Setting next_dagrun for example_branch_python_operator_decorator to 2023-05-14T00:00:00+00:00, run_after=2023-05-15T00:00:00+00:00
[2023-05-15T00:22:29.265+0000] {processor.py:178} INFO - Processing /home/airflow/.local/lib/python3.7/site-packages/airflow/example_dags/example_branch_operator_decorator.py took 0.150 seconds
[2023-05-15T00:23:00.063+0000] {processor.py:156} INFO - Started process (PID=3958) to work on /home/airflow/.local/lib/python3.7/site-packages/airflow/example_dags/example_branch_operator_decorator.py
[2023-05-15T00:23:00.064+0000] {processor.py:758} INFO - Processing file /home/airflow/.local/lib/python3.7/site-packages/airflow/example_dags/example_branch_operator_decorator.py for tasks to queue
[2023-05-15T00:23:00.064+0000] {logging_mixin.py:117} INFO - [2023-05-15T00:23:00.064+0000] {dagbag.py:525} INFO - Filling up the DagBag from /home/airflow/.local/lib/python3.7/site-packages/airflow/example_dags/example_branch_operator_decorator.py
[2023-05-15T00:23:00.092+0000] {processor.py:768} INFO - DAG(s) dict_keys(['example_branch_python_operator_decorator']) retrieved from /home/airflow/.local/lib/python3.7/site-packages/airflow/example_dags/example_branch_operator_decorator.py
[2023-05-15T00:23:00.148+0000] {logging_mixin.py:117} INFO - [2023-05-15T00:23:00.148+0000] {dag.py:2573} INFO - Sync 1 DAGs
[2023-05-15T00:23:00.185+0000] {logging_mixin.py:117} INFO - [2023-05-15T00:23:00.185+0000] {dag.py:3328} INFO - Setting next_dagrun for example_branch_python_operator_decorator to 2023-05-14T00:00:00+00:00, run_after=2023-05-15T00:00:00+00:00
[2023-05-15T00:23:00.212+0000] {processor.py:178} INFO - Processing /home/airflow/.local/lib/python3.7/site-packages/airflow/example_dags/example_branch_operator_decorator.py took 0.153 seconds
[2023-05-15T00:23:30.670+0000] {processor.py:156} INFO - Started process (PID=4161) to work on /home/airflow/.local/lib/python3.7/site-packages/airflow/example_dags/example_branch_operator_decorator.py
[2023-05-15T00:23:30.670+0000] {processor.py:758} INFO - Processing file /home/airflow/.local/lib/python3.7/site-packages/airflow/example_dags/example_branch_operator_decorator.py for tasks to queue
[2023-05-15T00:23:30.671+0000] {logging_mixin.py:117} INFO - [2023-05-15T00:23:30.671+0000] {dagbag.py:525} INFO - Filling up the DagBag from /home/airflow/.local/lib/python3.7/site-packages/airflow/example_dags/example_branch_operator_decorator.py
[2023-05-15T00:23:30.703+0000] {processor.py:768} INFO - DAG(s) dict_keys(['example_branch_python_operator_decorator']) retrieved from /home/airflow/.local/lib/python3.7/site-packages/airflow/example_dags/example_branch_operator_decorator.py
[2023-05-15T00:23:30.749+0000] {logging_mixin.py:117} INFO - [2023-05-15T00:23:30.749+0000] {dag.py:2573} INFO - Sync 1 DAGs
[2023-05-15T00:23:30.782+0000] {logging_mixin.py:117} INFO - [2023-05-15T00:23:30.782+0000] {dag.py:3328} INFO - Setting next_dagrun for example_branch_python_operator_decorator to 2023-05-14T00:00:00+00:00, run_after=2023-05-15T00:00:00+00:00
[2023-05-15T00:23:30.802+0000] {processor.py:178} INFO - Processing /home/airflow/.local/lib/python3.7/site-packages/airflow/example_dags/example_branch_operator_decorator.py took 0.136 seconds
[2023-05-15T00:24:01.293+0000] {processor.py:156} INFO - Started process (PID=4373) to work on /home/airflow/.local/lib/python3.7/site-packages/airflow/example_dags/example_branch_operator_decorator.py
[2023-05-15T00:24:01.293+0000] {processor.py:758} INFO - Processing file /home/airflow/.local/lib/python3.7/site-packages/airflow/example_dags/example_branch_operator_decorator.py for tasks to queue
[2023-05-15T00:24:01.294+0000] {logging_mixin.py:117} INFO - [2023-05-15T00:24:01.294+0000] {dagbag.py:525} INFO - Filling up the DagBag from /home/airflow/.local/lib/python3.7/site-packages/airflow/example_dags/example_branch_operator_decorator.py
[2023-05-15T00:24:01.318+0000] {processor.py:768} INFO - DAG(s) dict_keys(['example_branch_python_operator_decorator']) retrieved from /home/airflow/.local/lib/python3.7/site-packages/airflow/example_dags/example_branch_operator_decorator.py
[2023-05-15T00:24:01.356+0000] {logging_mixin.py:117} INFO - [2023-05-15T00:24:01.356+0000] {dag.py:2573} INFO - Sync 1 DAGs
[2023-05-15T00:24:01.386+0000] {logging_mixin.py:117} INFO - [2023-05-15T00:24:01.385+0000] {dag.py:3328} INFO - Setting next_dagrun for example_branch_python_operator_decorator to 2023-05-14T00:00:00+00:00, run_after=2023-05-15T00:00:00+00:00
[2023-05-15T00:24:01.415+0000] {processor.py:178} INFO - Processing /home/airflow/.local/lib/python3.7/site-packages/airflow/example_dags/example_branch_operator_decorator.py took 0.126 seconds
[2023-05-15T00:24:31.948+0000] {processor.py:156} INFO - Started process (PID=4585) to work on /home/airflow/.local/lib/python3.7/site-packages/airflow/example_dags/example_branch_operator_decorator.py
[2023-05-15T00:24:31.949+0000] {processor.py:758} INFO - Processing file /home/airflow/.local/lib/python3.7/site-packages/airflow/example_dags/example_branch_operator_decorator.py for tasks to queue
[2023-05-15T00:24:31.949+0000] {logging_mixin.py:117} INFO - [2023-05-15T00:24:31.949+0000] {dagbag.py:525} INFO - Filling up the DagBag from /home/airflow/.local/lib/python3.7/site-packages/airflow/example_dags/example_branch_operator_decorator.py
[2023-05-15T00:24:31.986+0000] {processor.py:768} INFO - DAG(s) dict_keys(['example_branch_python_operator_decorator']) retrieved from /home/airflow/.local/lib/python3.7/site-packages/airflow/example_dags/example_branch_operator_decorator.py
[2023-05-15T00:24:32.024+0000] {logging_mixin.py:117} INFO - [2023-05-15T00:24:32.024+0000] {dag.py:2573} INFO - Sync 1 DAGs
[2023-05-15T00:24:32.050+0000] {logging_mixin.py:117} INFO - [2023-05-15T00:24:32.050+0000] {dag.py:3328} INFO - Setting next_dagrun for example_branch_python_operator_decorator to 2023-05-14T00:00:00+00:00, run_after=2023-05-15T00:00:00+00:00
[2023-05-15T00:24:32.073+0000] {processor.py:178} INFO - Processing /home/airflow/.local/lib/python3.7/site-packages/airflow/example_dags/example_branch_operator_decorator.py took 0.128 seconds
[2023-05-15T00:34:03.156+0000] {processor.py:156} INFO - Started process (PID=209) to work on /home/airflow/.local/lib/python3.7/site-packages/airflow/example_dags/example_branch_operator_decorator.py
[2023-05-15T00:34:03.157+0000] {processor.py:758} INFO - Processing file /home/airflow/.local/lib/python3.7/site-packages/airflow/example_dags/example_branch_operator_decorator.py for tasks to queue
[2023-05-15T00:34:03.158+0000] {logging_mixin.py:117} INFO - [2023-05-15T00:34:03.158+0000] {dagbag.py:525} INFO - Filling up the DagBag from /home/airflow/.local/lib/python3.7/site-packages/airflow/example_dags/example_branch_operator_decorator.py
[2023-05-15T00:34:03.199+0000] {processor.py:768} INFO - DAG(s) dict_keys(['example_branch_python_operator_decorator']) retrieved from /home/airflow/.local/lib/python3.7/site-packages/airflow/example_dags/example_branch_operator_decorator.py
[2023-05-15T00:34:03.247+0000] {logging_mixin.py:117} INFO - [2023-05-15T00:34:03.247+0000] {dag.py:2573} INFO - Sync 1 DAGs
[2023-05-15T00:34:03.304+0000] {logging_mixin.py:117} INFO - [2023-05-15T00:34:03.304+0000] {dag.py:3328} INFO - Setting next_dagrun for example_branch_python_operator_decorator to 2023-05-14T00:00:00+00:00, run_after=2023-05-15T00:00:00+00:00
[2023-05-15T00:34:03.334+0000] {processor.py:178} INFO - Processing /home/airflow/.local/lib/python3.7/site-packages/airflow/example_dags/example_branch_operator_decorator.py took 0.182 seconds
[2023-05-15T00:34:34.363+0000] {processor.py:156} INFO - Started process (PID=413) to work on /home/airflow/.local/lib/python3.7/site-packages/airflow/example_dags/example_branch_operator_decorator.py
[2023-05-15T00:34:34.364+0000] {processor.py:758} INFO - Processing file /home/airflow/.local/lib/python3.7/site-packages/airflow/example_dags/example_branch_operator_decorator.py for tasks to queue
[2023-05-15T00:34:34.365+0000] {logging_mixin.py:117} INFO - [2023-05-15T00:34:34.364+0000] {dagbag.py:525} INFO - Filling up the DagBag from /home/airflow/.local/lib/python3.7/site-packages/airflow/example_dags/example_branch_operator_decorator.py
[2023-05-15T00:34:34.405+0000] {processor.py:768} INFO - DAG(s) dict_keys(['example_branch_python_operator_decorator']) retrieved from /home/airflow/.local/lib/python3.7/site-packages/airflow/example_dags/example_branch_operator_decorator.py
[2023-05-15T00:34:34.474+0000] {logging_mixin.py:117} INFO - [2023-05-15T00:34:34.474+0000] {dag.py:2573} INFO - Sync 1 DAGs
[2023-05-15T00:34:34.527+0000] {logging_mixin.py:117} INFO - [2023-05-15T00:34:34.527+0000] {dag.py:3328} INFO - Setting next_dagrun for example_branch_python_operator_decorator to 2023-05-14T00:00:00+00:00, run_after=2023-05-15T00:00:00+00:00
[2023-05-15T00:34:34.551+0000] {processor.py:178} INFO - Processing /home/airflow/.local/lib/python3.7/site-packages/airflow/example_dags/example_branch_operator_decorator.py took 0.192 seconds
