[2023-05-15T00:13:49.091+0000] {processor.py:156} INFO - Started process (PID=338) to work on /home/airflow/.local/lib/python3.7/site-packages/airflow/example_dags/example_python_operator.py
[2023-05-15T00:13:49.092+0000] {processor.py:758} INFO - Processing file /home/airflow/.local/lib/python3.7/site-packages/airflow/example_dags/example_python_operator.py for tasks to queue
[2023-05-15T00:13:49.093+0000] {logging_mixin.py:117} INFO - [2023-05-15T00:13:49.092+0000] {dagbag.py:525} INFO - Filling up the DagBag from /home/airflow/.local/lib/python3.7/site-packages/airflow/example_dags/example_python_operator.py
[2023-05-15T00:13:49.129+0000] {processor.py:768} INFO - DAG(s) dict_keys(['example_python_operator']) retrieved from /home/airflow/.local/lib/python3.7/site-packages/airflow/example_dags/example_python_operator.py
[2023-05-15T00:13:49.164+0000] {logging_mixin.py:117} INFO - [2023-05-15T00:13:49.164+0000] {dag.py:2573} INFO - Sync 1 DAGs
[2023-05-15T00:13:49.205+0000] {logging_mixin.py:117} INFO - [2023-05-15T00:13:49.205+0000] {dag.py:3328} INFO - Setting next_dagrun for example_python_operator to None, run_after=None
[2023-05-15T00:13:49.234+0000] {processor.py:178} INFO - Processing /home/airflow/.local/lib/python3.7/site-packages/airflow/example_dags/example_python_operator.py took 0.147 seconds
[2023-05-15T00:14:24.794+0000] {processor.py:156} INFO - Started process (PID=550) to work on /home/airflow/.local/lib/python3.7/site-packages/airflow/example_dags/example_python_operator.py
[2023-05-15T00:14:24.795+0000] {processor.py:758} INFO - Processing file /home/airflow/.local/lib/python3.7/site-packages/airflow/example_dags/example_python_operator.py for tasks to queue
[2023-05-15T00:14:24.797+0000] {logging_mixin.py:117} INFO - [2023-05-15T00:14:24.796+0000] {dagbag.py:525} INFO - Filling up the DagBag from /home/airflow/.local/lib/python3.7/site-packages/airflow/example_dags/example_python_operator.py
[2023-05-15T00:14:24.835+0000] {processor.py:768} INFO - DAG(s) dict_keys(['example_python_operator']) retrieved from /home/airflow/.local/lib/python3.7/site-packages/airflow/example_dags/example_python_operator.py
[2023-05-15T00:14:24.936+0000] {logging_mixin.py:117} INFO - [2023-05-15T00:14:24.935+0000] {dag.py:2573} INFO - Sync 1 DAGs
[2023-05-15T00:14:24.987+0000] {logging_mixin.py:117} INFO - [2023-05-15T00:14:24.987+0000] {dag.py:3328} INFO - Setting next_dagrun for example_python_operator to None, run_after=None
[2023-05-15T00:14:25.208+0000] {processor.py:178} INFO - Processing /home/airflow/.local/lib/python3.7/site-packages/airflow/example_dags/example_python_operator.py took 0.418 seconds
[2023-05-15T00:14:59.484+0000] {processor.py:156} INFO - Started process (PID=753) to work on /home/airflow/.local/lib/python3.7/site-packages/airflow/example_dags/example_python_operator.py
[2023-05-15T00:14:59.486+0000] {processor.py:758} INFO - Processing file /home/airflow/.local/lib/python3.7/site-packages/airflow/example_dags/example_python_operator.py for tasks to queue
[2023-05-15T00:14:59.488+0000] {logging_mixin.py:117} INFO - [2023-05-15T00:14:59.487+0000] {dagbag.py:525} INFO - Filling up the DagBag from /home/airflow/.local/lib/python3.7/site-packages/airflow/example_dags/example_python_operator.py
[2023-05-15T00:14:59.549+0000] {processor.py:768} INFO - DAG(s) dict_keys(['example_python_operator']) retrieved from /home/airflow/.local/lib/python3.7/site-packages/airflow/example_dags/example_python_operator.py
[2023-05-15T00:14:59.635+0000] {logging_mixin.py:117} INFO - [2023-05-15T00:14:59.635+0000] {dag.py:2573} INFO - Sync 1 DAGs
[2023-05-15T00:14:59.921+0000] {logging_mixin.py:117} INFO - [2023-05-15T00:14:59.920+0000] {dag.py:3328} INFO - Setting next_dagrun for example_python_operator to None, run_after=None
[2023-05-15T00:14:59.987+0000] {processor.py:178} INFO - Processing /home/airflow/.local/lib/python3.7/site-packages/airflow/example_dags/example_python_operator.py took 0.510 seconds
[2023-05-15T00:15:30.089+0000] {processor.py:156} INFO - Started process (PID=964) to work on /home/airflow/.local/lib/python3.7/site-packages/airflow/example_dags/example_python_operator.py
[2023-05-15T00:15:30.090+0000] {processor.py:758} INFO - Processing file /home/airflow/.local/lib/python3.7/site-packages/airflow/example_dags/example_python_operator.py for tasks to queue
[2023-05-15T00:15:30.091+0000] {logging_mixin.py:117} INFO - [2023-05-15T00:15:30.091+0000] {dagbag.py:525} INFO - Filling up the DagBag from /home/airflow/.local/lib/python3.7/site-packages/airflow/example_dags/example_python_operator.py
[2023-05-15T00:15:30.140+0000] {processor.py:768} INFO - DAG(s) dict_keys(['example_python_operator']) retrieved from /home/airflow/.local/lib/python3.7/site-packages/airflow/example_dags/example_python_operator.py
[2023-05-15T00:15:30.407+0000] {logging_mixin.py:117} INFO - [2023-05-15T00:15:30.407+0000] {dag.py:2573} INFO - Sync 1 DAGs
[2023-05-15T00:15:30.478+0000] {logging_mixin.py:117} INFO - [2023-05-15T00:15:30.478+0000] {dag.py:3328} INFO - Setting next_dagrun for example_python_operator to None, run_after=None
[2023-05-15T00:15:30.516+0000] {processor.py:178} INFO - Processing /home/airflow/.local/lib/python3.7/site-packages/airflow/example_dags/example_python_operator.py took 0.431 seconds
[2023-05-15T00:16:00.666+0000] {processor.py:156} INFO - Started process (PID=1166) to work on /home/airflow/.local/lib/python3.7/site-packages/airflow/example_dags/example_python_operator.py
[2023-05-15T00:16:00.668+0000] {processor.py:758} INFO - Processing file /home/airflow/.local/lib/python3.7/site-packages/airflow/example_dags/example_python_operator.py for tasks to queue
[2023-05-15T00:16:00.669+0000] {logging_mixin.py:117} INFO - [2023-05-15T00:16:00.668+0000] {dagbag.py:525} INFO - Filling up the DagBag from /home/airflow/.local/lib/python3.7/site-packages/airflow/example_dags/example_python_operator.py
[2023-05-15T00:16:00.720+0000] {processor.py:768} INFO - DAG(s) dict_keys(['example_python_operator']) retrieved from /home/airflow/.local/lib/python3.7/site-packages/airflow/example_dags/example_python_operator.py
[2023-05-15T00:16:01.011+0000] {logging_mixin.py:117} INFO - [2023-05-15T00:16:01.011+0000] {dag.py:2573} INFO - Sync 1 DAGs
[2023-05-15T00:16:01.058+0000] {logging_mixin.py:117} INFO - [2023-05-15T00:16:01.057+0000] {dag.py:3328} INFO - Setting next_dagrun for example_python_operator to None, run_after=None
[2023-05-15T00:16:01.093+0000] {processor.py:178} INFO - Processing /home/airflow/.local/lib/python3.7/site-packages/airflow/example_dags/example_python_operator.py took 0.434 seconds
[2023-05-15T00:16:31.387+0000] {processor.py:156} INFO - Started process (PID=1377) to work on /home/airflow/.local/lib/python3.7/site-packages/airflow/example_dags/example_python_operator.py
[2023-05-15T00:16:31.388+0000] {processor.py:758} INFO - Processing file /home/airflow/.local/lib/python3.7/site-packages/airflow/example_dags/example_python_operator.py for tasks to queue
[2023-05-15T00:16:31.389+0000] {logging_mixin.py:117} INFO - [2023-05-15T00:16:31.389+0000] {dagbag.py:525} INFO - Filling up the DagBag from /home/airflow/.local/lib/python3.7/site-packages/airflow/example_dags/example_python_operator.py
[2023-05-15T00:16:31.420+0000] {processor.py:768} INFO - DAG(s) dict_keys(['example_python_operator']) retrieved from /home/airflow/.local/lib/python3.7/site-packages/airflow/example_dags/example_python_operator.py
[2023-05-15T00:16:31.611+0000] {logging_mixin.py:117} INFO - [2023-05-15T00:16:31.611+0000] {dag.py:2573} INFO - Sync 1 DAGs
[2023-05-15T00:16:31.633+0000] {logging_mixin.py:117} INFO - [2023-05-15T00:16:31.632+0000] {dag.py:3328} INFO - Setting next_dagrun for example_python_operator to None, run_after=None
[2023-05-15T00:16:31.662+0000] {processor.py:178} INFO - Processing /home/airflow/.local/lib/python3.7/site-packages/airflow/example_dags/example_python_operator.py took 0.278 seconds
[2023-05-15T00:17:02.021+0000] {processor.py:156} INFO - Started process (PID=1595) to work on /home/airflow/.local/lib/python3.7/site-packages/airflow/example_dags/example_python_operator.py
[2023-05-15T00:17:02.024+0000] {processor.py:758} INFO - Processing file /home/airflow/.local/lib/python3.7/site-packages/airflow/example_dags/example_python_operator.py for tasks to queue
[2023-05-15T00:17:02.026+0000] {logging_mixin.py:117} INFO - [2023-05-15T00:17:02.026+0000] {dagbag.py:525} INFO - Filling up the DagBag from /home/airflow/.local/lib/python3.7/site-packages/airflow/example_dags/example_python_operator.py
[2023-05-15T00:17:02.265+0000] {processor.py:768} INFO - DAG(s) dict_keys(['example_python_operator']) retrieved from /home/airflow/.local/lib/python3.7/site-packages/airflow/example_dags/example_python_operator.py
[2023-05-15T00:17:02.336+0000] {logging_mixin.py:117} INFO - [2023-05-15T00:17:02.335+0000] {dag.py:2573} INFO - Sync 1 DAGs
[2023-05-15T00:17:02.424+0000] {logging_mixin.py:117} INFO - [2023-05-15T00:17:02.424+0000] {dag.py:3328} INFO - Setting next_dagrun for example_python_operator to None, run_after=None
[2023-05-15T00:17:02.471+0000] {processor.py:178} INFO - Processing /home/airflow/.local/lib/python3.7/site-packages/airflow/example_dags/example_python_operator.py took 0.454 seconds
[2023-05-15T00:17:32.623+0000] {processor.py:156} INFO - Started process (PID=1800) to work on /home/airflow/.local/lib/python3.7/site-packages/airflow/example_dags/example_python_operator.py
[2023-05-15T00:17:32.623+0000] {processor.py:758} INFO - Processing file /home/airflow/.local/lib/python3.7/site-packages/airflow/example_dags/example_python_operator.py for tasks to queue
[2023-05-15T00:17:32.624+0000] {logging_mixin.py:117} INFO - [2023-05-15T00:17:32.624+0000] {dagbag.py:525} INFO - Filling up the DagBag from /home/airflow/.local/lib/python3.7/site-packages/airflow/example_dags/example_python_operator.py
[2023-05-15T00:17:32.646+0000] {processor.py:768} INFO - DAG(s) dict_keys(['example_python_operator']) retrieved from /home/airflow/.local/lib/python3.7/site-packages/airflow/example_dags/example_python_operator.py
[2023-05-15T00:17:32.681+0000] {logging_mixin.py:117} INFO - [2023-05-15T00:17:32.681+0000] {dag.py:2573} INFO - Sync 1 DAGs
[2023-05-15T00:17:32.703+0000] {logging_mixin.py:117} INFO - [2023-05-15T00:17:32.703+0000] {dag.py:3328} INFO - Setting next_dagrun for example_python_operator to None, run_after=None
[2023-05-15T00:17:32.723+0000] {processor.py:178} INFO - Processing /home/airflow/.local/lib/python3.7/site-packages/airflow/example_dags/example_python_operator.py took 0.103 seconds
[2023-05-15T00:18:02.858+0000] {processor.py:156} INFO - Started process (PID=2009) to work on /home/airflow/.local/lib/python3.7/site-packages/airflow/example_dags/example_python_operator.py
[2023-05-15T00:18:02.859+0000] {processor.py:758} INFO - Processing file /home/airflow/.local/lib/python3.7/site-packages/airflow/example_dags/example_python_operator.py for tasks to queue
[2023-05-15T00:18:02.860+0000] {logging_mixin.py:117} INFO - [2023-05-15T00:18:02.860+0000] {dagbag.py:525} INFO - Filling up the DagBag from /home/airflow/.local/lib/python3.7/site-packages/airflow/example_dags/example_python_operator.py
[2023-05-15T00:18:02.893+0000] {processor.py:768} INFO - DAG(s) dict_keys(['example_python_operator']) retrieved from /home/airflow/.local/lib/python3.7/site-packages/airflow/example_dags/example_python_operator.py
[2023-05-15T00:18:02.943+0000] {logging_mixin.py:117} INFO - [2023-05-15T00:18:02.943+0000] {dag.py:2573} INFO - Sync 1 DAGs
[2023-05-15T00:18:02.971+0000] {logging_mixin.py:117} INFO - [2023-05-15T00:18:02.971+0000] {dag.py:3328} INFO - Setting next_dagrun for example_python_operator to None, run_after=None
[2023-05-15T00:18:02.994+0000] {processor.py:178} INFO - Processing /home/airflow/.local/lib/python3.7/site-packages/airflow/example_dags/example_python_operator.py took 0.141 seconds
[2023-05-15T00:18:33.297+0000] {processor.py:156} INFO - Started process (PID=2221) to work on /home/airflow/.local/lib/python3.7/site-packages/airflow/example_dags/example_python_operator.py
[2023-05-15T00:18:33.298+0000] {processor.py:758} INFO - Processing file /home/airflow/.local/lib/python3.7/site-packages/airflow/example_dags/example_python_operator.py for tasks to queue
[2023-05-15T00:18:33.299+0000] {logging_mixin.py:117} INFO - [2023-05-15T00:18:33.299+0000] {dagbag.py:525} INFO - Filling up the DagBag from /home/airflow/.local/lib/python3.7/site-packages/airflow/example_dags/example_python_operator.py
[2023-05-15T00:18:33.325+0000] {processor.py:768} INFO - DAG(s) dict_keys(['example_python_operator']) retrieved from /home/airflow/.local/lib/python3.7/site-packages/airflow/example_dags/example_python_operator.py
[2023-05-15T00:18:33.362+0000] {logging_mixin.py:117} INFO - [2023-05-15T00:18:33.362+0000] {dag.py:2573} INFO - Sync 1 DAGs
[2023-05-15T00:18:33.393+0000] {logging_mixin.py:117} INFO - [2023-05-15T00:18:33.392+0000] {dag.py:3328} INFO - Setting next_dagrun for example_python_operator to None, run_after=None
[2023-05-15T00:18:33.417+0000] {processor.py:178} INFO - Processing /home/airflow/.local/lib/python3.7/site-packages/airflow/example_dags/example_python_operator.py took 0.125 seconds
[2023-05-15T00:19:04.439+0000] {processor.py:156} INFO - Started process (PID=2418) to work on /home/airflow/.local/lib/python3.7/site-packages/airflow/example_dags/example_python_operator.py
[2023-05-15T00:19:04.440+0000] {processor.py:758} INFO - Processing file /home/airflow/.local/lib/python3.7/site-packages/airflow/example_dags/example_python_operator.py for tasks to queue
[2023-05-15T00:19:04.441+0000] {logging_mixin.py:117} INFO - [2023-05-15T00:19:04.441+0000] {dagbag.py:525} INFO - Filling up the DagBag from /home/airflow/.local/lib/python3.7/site-packages/airflow/example_dags/example_python_operator.py
[2023-05-15T00:19:04.487+0000] {processor.py:768} INFO - DAG(s) dict_keys(['example_python_operator']) retrieved from /home/airflow/.local/lib/python3.7/site-packages/airflow/example_dags/example_python_operator.py
[2023-05-15T00:19:04.583+0000] {logging_mixin.py:117} INFO - [2023-05-15T00:19:04.583+0000] {dag.py:2573} INFO - Sync 1 DAGs
[2023-05-15T00:19:04.635+0000] {logging_mixin.py:117} INFO - [2023-05-15T00:19:04.635+0000] {dag.py:3328} INFO - Setting next_dagrun for example_python_operator to None, run_after=None
[2023-05-15T00:19:04.703+0000] {processor.py:178} INFO - Processing /home/airflow/.local/lib/python3.7/site-packages/airflow/example_dags/example_python_operator.py took 0.269 seconds
[2023-05-15T00:19:34.888+0000] {processor.py:156} INFO - Started process (PID=2629) to work on /home/airflow/.local/lib/python3.7/site-packages/airflow/example_dags/example_python_operator.py
[2023-05-15T00:19:34.889+0000] {processor.py:758} INFO - Processing file /home/airflow/.local/lib/python3.7/site-packages/airflow/example_dags/example_python_operator.py for tasks to queue
[2023-05-15T00:19:34.889+0000] {logging_mixin.py:117} INFO - [2023-05-15T00:19:34.889+0000] {dagbag.py:525} INFO - Filling up the DagBag from /home/airflow/.local/lib/python3.7/site-packages/airflow/example_dags/example_python_operator.py
[2023-05-15T00:19:34.926+0000] {processor.py:768} INFO - DAG(s) dict_keys(['example_python_operator']) retrieved from /home/airflow/.local/lib/python3.7/site-packages/airflow/example_dags/example_python_operator.py
[2023-05-15T00:19:35.017+0000] {logging_mixin.py:117} INFO - [2023-05-15T00:19:35.017+0000] {dag.py:2573} INFO - Sync 1 DAGs
[2023-05-15T00:19:35.062+0000] {logging_mixin.py:117} INFO - [2023-05-15T00:19:35.062+0000] {dag.py:3328} INFO - Setting next_dagrun for example_python_operator to None, run_after=None
[2023-05-15T00:19:35.100+0000] {processor.py:178} INFO - Processing /home/airflow/.local/lib/python3.7/site-packages/airflow/example_dags/example_python_operator.py took 0.216 seconds
[2023-05-15T00:20:05.916+0000] {processor.py:156} INFO - Started process (PID=2842) to work on /home/airflow/.local/lib/python3.7/site-packages/airflow/example_dags/example_python_operator.py
[2023-05-15T00:20:05.917+0000] {processor.py:758} INFO - Processing file /home/airflow/.local/lib/python3.7/site-packages/airflow/example_dags/example_python_operator.py for tasks to queue
[2023-05-15T00:20:05.918+0000] {logging_mixin.py:117} INFO - [2023-05-15T00:20:05.917+0000] {dagbag.py:525} INFO - Filling up the DagBag from /home/airflow/.local/lib/python3.7/site-packages/airflow/example_dags/example_python_operator.py
[2023-05-15T00:20:05.958+0000] {processor.py:768} INFO - DAG(s) dict_keys(['example_python_operator']) retrieved from /home/airflow/.local/lib/python3.7/site-packages/airflow/example_dags/example_python_operator.py
[2023-05-15T00:20:06.025+0000] {logging_mixin.py:117} INFO - [2023-05-15T00:20:06.025+0000] {dag.py:2573} INFO - Sync 1 DAGs
[2023-05-15T00:20:06.065+0000] {logging_mixin.py:117} INFO - [2023-05-15T00:20:06.065+0000] {dag.py:3328} INFO - Setting next_dagrun for example_python_operator to None, run_after=None
[2023-05-15T00:20:06.096+0000] {processor.py:178} INFO - Processing /home/airflow/.local/lib/python3.7/site-packages/airflow/example_dags/example_python_operator.py took 0.183 seconds
[2023-05-15T00:20:36.888+0000] {processor.py:156} INFO - Started process (PID=3044) to work on /home/airflow/.local/lib/python3.7/site-packages/airflow/example_dags/example_python_operator.py
[2023-05-15T00:20:36.889+0000] {processor.py:758} INFO - Processing file /home/airflow/.local/lib/python3.7/site-packages/airflow/example_dags/example_python_operator.py for tasks to queue
[2023-05-15T00:20:36.890+0000] {logging_mixin.py:117} INFO - [2023-05-15T00:20:36.890+0000] {dagbag.py:525} INFO - Filling up the DagBag from /home/airflow/.local/lib/python3.7/site-packages/airflow/example_dags/example_python_operator.py
[2023-05-15T00:20:36.921+0000] {processor.py:768} INFO - DAG(s) dict_keys(['example_python_operator']) retrieved from /home/airflow/.local/lib/python3.7/site-packages/airflow/example_dags/example_python_operator.py
[2023-05-15T00:20:36.966+0000] {logging_mixin.py:117} INFO - [2023-05-15T00:20:36.966+0000] {dag.py:2573} INFO - Sync 1 DAGs
[2023-05-15T00:20:36.998+0000] {logging_mixin.py:117} INFO - [2023-05-15T00:20:36.997+0000] {dag.py:3328} INFO - Setting next_dagrun for example_python_operator to None, run_after=None
[2023-05-15T00:20:37.029+0000] {processor.py:178} INFO - Processing /home/airflow/.local/lib/python3.7/site-packages/airflow/example_dags/example_python_operator.py took 0.145 seconds
[2023-05-15T00:21:07.351+0000] {processor.py:156} INFO - Started process (PID=3255) to work on /home/airflow/.local/lib/python3.7/site-packages/airflow/example_dags/example_python_operator.py
[2023-05-15T00:21:07.352+0000] {processor.py:758} INFO - Processing file /home/airflow/.local/lib/python3.7/site-packages/airflow/example_dags/example_python_operator.py for tasks to queue
[2023-05-15T00:21:07.352+0000] {logging_mixin.py:117} INFO - [2023-05-15T00:21:07.352+0000] {dagbag.py:525} INFO - Filling up the DagBag from /home/airflow/.local/lib/python3.7/site-packages/airflow/example_dags/example_python_operator.py
[2023-05-15T00:21:07.384+0000] {processor.py:768} INFO - DAG(s) dict_keys(['example_python_operator']) retrieved from /home/airflow/.local/lib/python3.7/site-packages/airflow/example_dags/example_python_operator.py
[2023-05-15T00:21:07.424+0000] {logging_mixin.py:117} INFO - [2023-05-15T00:21:07.424+0000] {dag.py:2573} INFO - Sync 1 DAGs
[2023-05-15T00:21:07.454+0000] {logging_mixin.py:117} INFO - [2023-05-15T00:21:07.454+0000] {dag.py:3328} INFO - Setting next_dagrun for example_python_operator to None, run_after=None
[2023-05-15T00:21:07.475+0000] {processor.py:178} INFO - Processing /home/airflow/.local/lib/python3.7/site-packages/airflow/example_dags/example_python_operator.py took 0.127 seconds
[2023-05-15T00:21:37.684+0000] {processor.py:156} INFO - Started process (PID=3468) to work on /home/airflow/.local/lib/python3.7/site-packages/airflow/example_dags/example_python_operator.py
[2023-05-15T00:21:37.685+0000] {processor.py:758} INFO - Processing file /home/airflow/.local/lib/python3.7/site-packages/airflow/example_dags/example_python_operator.py for tasks to queue
[2023-05-15T00:21:37.685+0000] {logging_mixin.py:117} INFO - [2023-05-15T00:21:37.685+0000] {dagbag.py:525} INFO - Filling up the DagBag from /home/airflow/.local/lib/python3.7/site-packages/airflow/example_dags/example_python_operator.py
[2023-05-15T00:21:37.724+0000] {processor.py:768} INFO - DAG(s) dict_keys(['example_python_operator']) retrieved from /home/airflow/.local/lib/python3.7/site-packages/airflow/example_dags/example_python_operator.py
[2023-05-15T00:21:37.779+0000] {logging_mixin.py:117} INFO - [2023-05-15T00:21:37.779+0000] {dag.py:2573} INFO - Sync 1 DAGs
[2023-05-15T00:21:37.805+0000] {logging_mixin.py:117} INFO - [2023-05-15T00:21:37.805+0000] {dag.py:3328} INFO - Setting next_dagrun for example_python_operator to None, run_after=None
[2023-05-15T00:21:37.825+0000] {processor.py:178} INFO - Processing /home/airflow/.local/lib/python3.7/site-packages/airflow/example_dags/example_python_operator.py took 0.145 seconds
[2023-05-15T00:22:08.047+0000] {processor.py:156} INFO - Started process (PID=3671) to work on /home/airflow/.local/lib/python3.7/site-packages/airflow/example_dags/example_python_operator.py
[2023-05-15T00:22:08.048+0000] {processor.py:758} INFO - Processing file /home/airflow/.local/lib/python3.7/site-packages/airflow/example_dags/example_python_operator.py for tasks to queue
[2023-05-15T00:22:08.049+0000] {logging_mixin.py:117} INFO - [2023-05-15T00:22:08.049+0000] {dagbag.py:525} INFO - Filling up the DagBag from /home/airflow/.local/lib/python3.7/site-packages/airflow/example_dags/example_python_operator.py
[2023-05-15T00:22:08.082+0000] {processor.py:768} INFO - DAG(s) dict_keys(['example_python_operator']) retrieved from /home/airflow/.local/lib/python3.7/site-packages/airflow/example_dags/example_python_operator.py
[2023-05-15T00:22:08.132+0000] {logging_mixin.py:117} INFO - [2023-05-15T00:22:08.132+0000] {dag.py:2573} INFO - Sync 1 DAGs
[2023-05-15T00:22:08.167+0000] {logging_mixin.py:117} INFO - [2023-05-15T00:22:08.167+0000] {dag.py:3328} INFO - Setting next_dagrun for example_python_operator to None, run_after=None
[2023-05-15T00:22:08.194+0000] {processor.py:178} INFO - Processing /home/airflow/.local/lib/python3.7/site-packages/airflow/example_dags/example_python_operator.py took 0.151 seconds
[2023-05-15T00:22:39.004+0000] {processor.py:156} INFO - Started process (PID=3885) to work on /home/airflow/.local/lib/python3.7/site-packages/airflow/example_dags/example_python_operator.py
[2023-05-15T00:22:39.005+0000] {processor.py:758} INFO - Processing file /home/airflow/.local/lib/python3.7/site-packages/airflow/example_dags/example_python_operator.py for tasks to queue
[2023-05-15T00:22:39.006+0000] {logging_mixin.py:117} INFO - [2023-05-15T00:22:39.006+0000] {dagbag.py:525} INFO - Filling up the DagBag from /home/airflow/.local/lib/python3.7/site-packages/airflow/example_dags/example_python_operator.py
[2023-05-15T00:22:39.054+0000] {processor.py:768} INFO - DAG(s) dict_keys(['example_python_operator']) retrieved from /home/airflow/.local/lib/python3.7/site-packages/airflow/example_dags/example_python_operator.py
[2023-05-15T00:22:39.116+0000] {logging_mixin.py:117} INFO - [2023-05-15T00:22:39.115+0000] {dag.py:2573} INFO - Sync 1 DAGs
[2023-05-15T00:22:39.151+0000] {logging_mixin.py:117} INFO - [2023-05-15T00:22:39.151+0000] {dag.py:3328} INFO - Setting next_dagrun for example_python_operator to None, run_after=None
[2023-05-15T00:22:39.192+0000] {processor.py:178} INFO - Processing /home/airflow/.local/lib/python3.7/site-packages/airflow/example_dags/example_python_operator.py took 0.193 seconds
[2023-05-15T00:23:09.534+0000] {processor.py:156} INFO - Started process (PID=4097) to work on /home/airflow/.local/lib/python3.7/site-packages/airflow/example_dags/example_python_operator.py
[2023-05-15T00:23:09.535+0000] {processor.py:758} INFO - Processing file /home/airflow/.local/lib/python3.7/site-packages/airflow/example_dags/example_python_operator.py for tasks to queue
[2023-05-15T00:23:09.536+0000] {logging_mixin.py:117} INFO - [2023-05-15T00:23:09.535+0000] {dagbag.py:525} INFO - Filling up the DagBag from /home/airflow/.local/lib/python3.7/site-packages/airflow/example_dags/example_python_operator.py
[2023-05-15T00:23:09.569+0000] {processor.py:768} INFO - DAG(s) dict_keys(['example_python_operator']) retrieved from /home/airflow/.local/lib/python3.7/site-packages/airflow/example_dags/example_python_operator.py
[2023-05-15T00:23:09.609+0000] {logging_mixin.py:117} INFO - [2023-05-15T00:23:09.609+0000] {dag.py:2573} INFO - Sync 1 DAGs
[2023-05-15T00:23:09.643+0000] {logging_mixin.py:117} INFO - [2023-05-15T00:23:09.642+0000] {dag.py:3328} INFO - Setting next_dagrun for example_python_operator to None, run_after=None
[2023-05-15T00:23:09.676+0000] {processor.py:178} INFO - Processing /home/airflow/.local/lib/python3.7/site-packages/airflow/example_dags/example_python_operator.py took 0.146 seconds
[2023-05-15T00:23:40.372+0000] {processor.py:156} INFO - Started process (PID=4300) to work on /home/airflow/.local/lib/python3.7/site-packages/airflow/example_dags/example_python_operator.py
[2023-05-15T00:23:40.373+0000] {processor.py:758} INFO - Processing file /home/airflow/.local/lib/python3.7/site-packages/airflow/example_dags/example_python_operator.py for tasks to queue
[2023-05-15T00:23:40.373+0000] {logging_mixin.py:117} INFO - [2023-05-15T00:23:40.373+0000] {dagbag.py:525} INFO - Filling up the DagBag from /home/airflow/.local/lib/python3.7/site-packages/airflow/example_dags/example_python_operator.py
[2023-05-15T00:23:40.407+0000] {processor.py:768} INFO - DAG(s) dict_keys(['example_python_operator']) retrieved from /home/airflow/.local/lib/python3.7/site-packages/airflow/example_dags/example_python_operator.py
[2023-05-15T00:23:40.445+0000] {logging_mixin.py:117} INFO - [2023-05-15T00:23:40.445+0000] {dag.py:2573} INFO - Sync 1 DAGs
[2023-05-15T00:23:40.469+0000] {logging_mixin.py:117} INFO - [2023-05-15T00:23:40.469+0000] {dag.py:3328} INFO - Setting next_dagrun for example_python_operator to None, run_after=None
[2023-05-15T00:23:40.491+0000] {processor.py:178} INFO - Processing /home/airflow/.local/lib/python3.7/site-packages/airflow/example_dags/example_python_operator.py took 0.123 seconds
[2023-05-15T00:24:11.012+0000] {processor.py:156} INFO - Started process (PID=4512) to work on /home/airflow/.local/lib/python3.7/site-packages/airflow/example_dags/example_python_operator.py
[2023-05-15T00:24:11.013+0000] {processor.py:758} INFO - Processing file /home/airflow/.local/lib/python3.7/site-packages/airflow/example_dags/example_python_operator.py for tasks to queue
[2023-05-15T00:24:11.013+0000] {logging_mixin.py:117} INFO - [2023-05-15T00:24:11.013+0000] {dagbag.py:525} INFO - Filling up the DagBag from /home/airflow/.local/lib/python3.7/site-packages/airflow/example_dags/example_python_operator.py
[2023-05-15T00:24:11.042+0000] {processor.py:768} INFO - DAG(s) dict_keys(['example_python_operator']) retrieved from /home/airflow/.local/lib/python3.7/site-packages/airflow/example_dags/example_python_operator.py
[2023-05-15T00:24:11.084+0000] {logging_mixin.py:117} INFO - [2023-05-15T00:24:11.084+0000] {dag.py:2573} INFO - Sync 1 DAGs
[2023-05-15T00:24:11.116+0000] {logging_mixin.py:117} INFO - [2023-05-15T00:24:11.116+0000] {dag.py:3328} INFO - Setting next_dagrun for example_python_operator to None, run_after=None
[2023-05-15T00:24:11.140+0000] {processor.py:178} INFO - Processing /home/airflow/.local/lib/python3.7/site-packages/airflow/example_dags/example_python_operator.py took 0.133 seconds
[2023-05-15T00:24:41.371+0000] {processor.py:156} INFO - Started process (PID=4724) to work on /home/airflow/.local/lib/python3.7/site-packages/airflow/example_dags/example_python_operator.py
[2023-05-15T00:24:41.371+0000] {processor.py:758} INFO - Processing file /home/airflow/.local/lib/python3.7/site-packages/airflow/example_dags/example_python_operator.py for tasks to queue
[2023-05-15T00:24:41.372+0000] {logging_mixin.py:117} INFO - [2023-05-15T00:24:41.372+0000] {dagbag.py:525} INFO - Filling up the DagBag from /home/airflow/.local/lib/python3.7/site-packages/airflow/example_dags/example_python_operator.py
[2023-05-15T00:24:41.396+0000] {processor.py:768} INFO - DAG(s) dict_keys(['example_python_operator']) retrieved from /home/airflow/.local/lib/python3.7/site-packages/airflow/example_dags/example_python_operator.py
[2023-05-15T00:24:41.435+0000] {logging_mixin.py:117} INFO - [2023-05-15T00:24:41.435+0000] {dag.py:2573} INFO - Sync 1 DAGs
[2023-05-15T00:24:41.464+0000] {logging_mixin.py:117} INFO - [2023-05-15T00:24:41.463+0000] {dag.py:3328} INFO - Setting next_dagrun for example_python_operator to None, run_after=None
[2023-05-15T00:24:41.487+0000] {processor.py:178} INFO - Processing /home/airflow/.local/lib/python3.7/site-packages/airflow/example_dags/example_python_operator.py took 0.120 seconds
[2023-05-15T00:34:05.874+0000] {processor.py:156} INFO - Started process (PID=341) to work on /home/airflow/.local/lib/python3.7/site-packages/airflow/example_dags/example_python_operator.py
[2023-05-15T00:34:05.874+0000] {processor.py:758} INFO - Processing file /home/airflow/.local/lib/python3.7/site-packages/airflow/example_dags/example_python_operator.py for tasks to queue
[2023-05-15T00:34:05.875+0000] {logging_mixin.py:117} INFO - [2023-05-15T00:34:05.875+0000] {dagbag.py:525} INFO - Filling up the DagBag from /home/airflow/.local/lib/python3.7/site-packages/airflow/example_dags/example_python_operator.py
[2023-05-15T00:34:05.901+0000] {processor.py:768} INFO - DAG(s) dict_keys(['example_python_operator']) retrieved from /home/airflow/.local/lib/python3.7/site-packages/airflow/example_dags/example_python_operator.py
[2023-05-15T00:34:05.928+0000] {logging_mixin.py:117} INFO - [2023-05-15T00:34:05.928+0000] {dag.py:2573} INFO - Sync 1 DAGs
[2023-05-15T00:34:05.956+0000] {logging_mixin.py:117} INFO - [2023-05-15T00:34:05.956+0000] {dag.py:3328} INFO - Setting next_dagrun for example_python_operator to None, run_after=None
[2023-05-15T00:34:05.983+0000] {processor.py:178} INFO - Processing /home/airflow/.local/lib/python3.7/site-packages/airflow/example_dags/example_python_operator.py took 0.113 seconds
[2023-05-15T00:34:38.546+0000] {processor.py:156} INFO - Started process (PID=550) to work on /home/airflow/.local/lib/python3.7/site-packages/airflow/example_dags/example_python_operator.py
[2023-05-15T00:34:38.547+0000] {processor.py:758} INFO - Processing file /home/airflow/.local/lib/python3.7/site-packages/airflow/example_dags/example_python_operator.py for tasks to queue
[2023-05-15T00:34:38.548+0000] {logging_mixin.py:117} INFO - [2023-05-15T00:34:38.548+0000] {dagbag.py:525} INFO - Filling up the DagBag from /home/airflow/.local/lib/python3.7/site-packages/airflow/example_dags/example_python_operator.py
[2023-05-15T00:34:38.592+0000] {processor.py:768} INFO - DAG(s) dict_keys(['example_python_operator']) retrieved from /home/airflow/.local/lib/python3.7/site-packages/airflow/example_dags/example_python_operator.py
[2023-05-15T00:34:38.674+0000] {logging_mixin.py:117} INFO - [2023-05-15T00:34:38.674+0000] {dag.py:2573} INFO - Sync 1 DAGs
[2023-05-15T00:34:38.729+0000] {logging_mixin.py:117} INFO - [2023-05-15T00:34:38.729+0000] {dag.py:3328} INFO - Setting next_dagrun for example_python_operator to None, run_after=None
[2023-05-15T00:34:38.917+0000] {processor.py:178} INFO - Processing /home/airflow/.local/lib/python3.7/site-packages/airflow/example_dags/example_python_operator.py took 0.375 seconds
