[2023-05-15T00:13:48.791+0000] {processor.py:156} INFO - Started process (PID=318) to work on /home/airflow/.local/lib/python3.7/site-packages/airflow/example_dags/example_external_task_marker_dag.py
[2023-05-15T00:13:48.792+0000] {processor.py:758} INFO - Processing file /home/airflow/.local/lib/python3.7/site-packages/airflow/example_dags/example_external_task_marker_dag.py for tasks to queue
[2023-05-15T00:13:48.792+0000] {logging_mixin.py:117} INFO - [2023-05-15T00:13:48.792+0000] {dagbag.py:525} INFO - Filling up the DagBag from /home/airflow/.local/lib/python3.7/site-packages/airflow/example_dags/example_external_task_marker_dag.py
[2023-05-15T00:13:48.812+0000] {processor.py:768} INFO - DAG(s) dict_keys(['example_external_task_marker_parent', 'example_external_task_marker_child']) retrieved from /home/airflow/.local/lib/python3.7/site-packages/airflow/example_dags/example_external_task_marker_dag.py
[2023-05-15T00:13:48.841+0000] {logging_mixin.py:117} INFO - [2023-05-15T00:13:48.841+0000] {dag.py:2573} INFO - Sync 2 DAGs
[2023-05-15T00:13:48.881+0000] {logging_mixin.py:117} INFO - [2023-05-15T00:13:48.881+0000] {dag.py:3328} INFO - Setting next_dagrun for example_external_task_marker_child to None, run_after=None
[2023-05-15T00:13:48.886+0000] {logging_mixin.py:117} INFO - [2023-05-15T00:13:48.886+0000] {dag.py:3328} INFO - Setting next_dagrun for example_external_task_marker_parent to None, run_after=None
[2023-05-15T00:13:48.910+0000] {processor.py:178} INFO - Processing /home/airflow/.local/lib/python3.7/site-packages/airflow/example_dags/example_external_task_marker_dag.py took 0.123 seconds
[2023-05-15T00:14:23.805+0000] {processor.py:156} INFO - Started process (PID=530) to work on /home/airflow/.local/lib/python3.7/site-packages/airflow/example_dags/example_external_task_marker_dag.py
[2023-05-15T00:14:23.809+0000] {processor.py:758} INFO - Processing file /home/airflow/.local/lib/python3.7/site-packages/airflow/example_dags/example_external_task_marker_dag.py for tasks to queue
[2023-05-15T00:14:23.811+0000] {logging_mixin.py:117} INFO - [2023-05-15T00:14:23.810+0000] {dagbag.py:525} INFO - Filling up the DagBag from /home/airflow/.local/lib/python3.7/site-packages/airflow/example_dags/example_external_task_marker_dag.py
[2023-05-15T00:14:23.849+0000] {processor.py:768} INFO - DAG(s) dict_keys(['example_external_task_marker_child', 'example_external_task_marker_parent']) retrieved from /home/airflow/.local/lib/python3.7/site-packages/airflow/example_dags/example_external_task_marker_dag.py
[2023-05-15T00:14:24.484+0000] {logging_mixin.py:117} INFO - [2023-05-15T00:14:24.484+0000] {dag.py:2573} INFO - Sync 2 DAGs
[2023-05-15T00:14:24.533+0000] {logging_mixin.py:117} INFO - [2023-05-15T00:14:24.532+0000] {dag.py:3328} INFO - Setting next_dagrun for example_external_task_marker_child to None, run_after=None
[2023-05-15T00:14:24.538+0000] {logging_mixin.py:117} INFO - [2023-05-15T00:14:24.537+0000] {dag.py:3328} INFO - Setting next_dagrun for example_external_task_marker_parent to None, run_after=None
[2023-05-15T00:14:24.573+0000] {processor.py:178} INFO - Processing /home/airflow/.local/lib/python3.7/site-packages/airflow/example_dags/example_external_task_marker_dag.py took 0.773 seconds
[2023-05-15T00:14:57.592+0000] {processor.py:156} INFO - Started process (PID=733) to work on /home/airflow/.local/lib/python3.7/site-packages/airflow/example_dags/example_external_task_marker_dag.py
[2023-05-15T00:14:57.595+0000] {processor.py:758} INFO - Processing file /home/airflow/.local/lib/python3.7/site-packages/airflow/example_dags/example_external_task_marker_dag.py for tasks to queue
[2023-05-15T00:14:57.600+0000] {logging_mixin.py:117} INFO - [2023-05-15T00:14:57.599+0000] {dagbag.py:525} INFO - Filling up the DagBag from /home/airflow/.local/lib/python3.7/site-packages/airflow/example_dags/example_external_task_marker_dag.py
[2023-05-15T00:14:57.640+0000] {processor.py:768} INFO - DAG(s) dict_keys(['example_external_task_marker_parent', 'example_external_task_marker_child']) retrieved from /home/airflow/.local/lib/python3.7/site-packages/airflow/example_dags/example_external_task_marker_dag.py
[2023-05-15T00:14:58.182+0000] {logging_mixin.py:117} INFO - [2023-05-15T00:14:58.182+0000] {dag.py:2573} INFO - Sync 2 DAGs
[2023-05-15T00:14:58.555+0000] {logging_mixin.py:117} INFO - [2023-05-15T00:14:58.554+0000] {dag.py:3328} INFO - Setting next_dagrun for example_external_task_marker_child to None, run_after=None
[2023-05-15T00:14:58.580+0000] {logging_mixin.py:117} INFO - [2023-05-15T00:14:58.580+0000] {dag.py:3328} INFO - Setting next_dagrun for example_external_task_marker_parent to None, run_after=None
[2023-05-15T00:14:58.610+0000] {processor.py:178} INFO - Processing /home/airflow/.local/lib/python3.7/site-packages/airflow/example_dags/example_external_task_marker_dag.py took 1.031 seconds
[2023-05-15T00:15:29.154+0000] {processor.py:156} INFO - Started process (PID=946) to work on /home/airflow/.local/lib/python3.7/site-packages/airflow/example_dags/example_external_task_marker_dag.py
[2023-05-15T00:15:29.155+0000] {processor.py:758} INFO - Processing file /home/airflow/.local/lib/python3.7/site-packages/airflow/example_dags/example_external_task_marker_dag.py for tasks to queue
[2023-05-15T00:15:29.156+0000] {logging_mixin.py:117} INFO - [2023-05-15T00:15:29.156+0000] {dagbag.py:525} INFO - Filling up the DagBag from /home/airflow/.local/lib/python3.7/site-packages/airflow/example_dags/example_external_task_marker_dag.py
[2023-05-15T00:15:29.193+0000] {processor.py:768} INFO - DAG(s) dict_keys(['example_external_task_marker_child', 'example_external_task_marker_parent']) retrieved from /home/airflow/.local/lib/python3.7/site-packages/airflow/example_dags/example_external_task_marker_dag.py
[2023-05-15T00:15:29.757+0000] {logging_mixin.py:117} INFO - [2023-05-15T00:15:29.757+0000] {dag.py:2573} INFO - Sync 2 DAGs
[2023-05-15T00:15:29.803+0000] {logging_mixin.py:117} INFO - [2023-05-15T00:15:29.802+0000] {dag.py:3328} INFO - Setting next_dagrun for example_external_task_marker_child to None, run_after=None
[2023-05-15T00:15:29.810+0000] {logging_mixin.py:117} INFO - [2023-05-15T00:15:29.810+0000] {dag.py:3328} INFO - Setting next_dagrun for example_external_task_marker_parent to None, run_after=None
[2023-05-15T00:15:29.849+0000] {processor.py:178} INFO - Processing /home/airflow/.local/lib/python3.7/site-packages/airflow/example_dags/example_external_task_marker_dag.py took 0.697 seconds
[2023-05-15T00:15:59.992+0000] {processor.py:156} INFO - Started process (PID=1151) to work on /home/airflow/.local/lib/python3.7/site-packages/airflow/example_dags/example_external_task_marker_dag.py
[2023-05-15T00:16:00.002+0000] {processor.py:758} INFO - Processing file /home/airflow/.local/lib/python3.7/site-packages/airflow/example_dags/example_external_task_marker_dag.py for tasks to queue
[2023-05-15T00:16:00.003+0000] {logging_mixin.py:117} INFO - [2023-05-15T00:16:00.003+0000] {dagbag.py:525} INFO - Filling up the DagBag from /home/airflow/.local/lib/python3.7/site-packages/airflow/example_dags/example_external_task_marker_dag.py
[2023-05-15T00:16:00.038+0000] {processor.py:768} INFO - DAG(s) dict_keys(['example_external_task_marker_child', 'example_external_task_marker_parent']) retrieved from /home/airflow/.local/lib/python3.7/site-packages/airflow/example_dags/example_external_task_marker_dag.py
[2023-05-15T00:16:00.508+0000] {logging_mixin.py:117} INFO - [2023-05-15T00:16:00.508+0000] {dag.py:2573} INFO - Sync 2 DAGs
[2023-05-15T00:16:00.545+0000] {logging_mixin.py:117} INFO - [2023-05-15T00:16:00.545+0000] {dag.py:3328} INFO - Setting next_dagrun for example_external_task_marker_child to None, run_after=None
[2023-05-15T00:16:00.553+0000] {logging_mixin.py:117} INFO - [2023-05-15T00:16:00.553+0000] {dag.py:3328} INFO - Setting next_dagrun for example_external_task_marker_parent to None, run_after=None
[2023-05-15T00:16:00.578+0000] {processor.py:178} INFO - Processing /home/airflow/.local/lib/python3.7/site-packages/airflow/example_dags/example_external_task_marker_dag.py took 0.590 seconds
[2023-05-15T00:16:30.749+0000] {processor.py:156} INFO - Started process (PID=1364) to work on /home/airflow/.local/lib/python3.7/site-packages/airflow/example_dags/example_external_task_marker_dag.py
[2023-05-15T00:16:30.750+0000] {processor.py:758} INFO - Processing file /home/airflow/.local/lib/python3.7/site-packages/airflow/example_dags/example_external_task_marker_dag.py for tasks to queue
[2023-05-15T00:16:30.751+0000] {logging_mixin.py:117} INFO - [2023-05-15T00:16:30.750+0000] {dagbag.py:525} INFO - Filling up the DagBag from /home/airflow/.local/lib/python3.7/site-packages/airflow/example_dags/example_external_task_marker_dag.py
[2023-05-15T00:16:30.773+0000] {processor.py:768} INFO - DAG(s) dict_keys(['example_external_task_marker_parent', 'example_external_task_marker_child']) retrieved from /home/airflow/.local/lib/python3.7/site-packages/airflow/example_dags/example_external_task_marker_dag.py
[2023-05-15T00:16:31.268+0000] {logging_mixin.py:117} INFO - [2023-05-15T00:16:31.268+0000] {dag.py:2573} INFO - Sync 2 DAGs
[2023-05-15T00:16:31.310+0000] {logging_mixin.py:117} INFO - [2023-05-15T00:16:31.309+0000] {dag.py:3328} INFO - Setting next_dagrun for example_external_task_marker_child to None, run_after=None
[2023-05-15T00:16:31.321+0000] {logging_mixin.py:117} INFO - [2023-05-15T00:16:31.321+0000] {dag.py:3328} INFO - Setting next_dagrun for example_external_task_marker_parent to None, run_after=None
[2023-05-15T00:16:31.346+0000] {processor.py:178} INFO - Processing /home/airflow/.local/lib/python3.7/site-packages/airflow/example_dags/example_external_task_marker_dag.py took 0.602 seconds
[2023-05-15T00:17:01.560+0000] {processor.py:156} INFO - Started process (PID=1582) to work on /home/airflow/.local/lib/python3.7/site-packages/airflow/example_dags/example_external_task_marker_dag.py
[2023-05-15T00:17:01.561+0000] {processor.py:758} INFO - Processing file /home/airflow/.local/lib/python3.7/site-packages/airflow/example_dags/example_external_task_marker_dag.py for tasks to queue
[2023-05-15T00:17:01.561+0000] {logging_mixin.py:117} INFO - [2023-05-15T00:17:01.561+0000] {dagbag.py:525} INFO - Filling up the DagBag from /home/airflow/.local/lib/python3.7/site-packages/airflow/example_dags/example_external_task_marker_dag.py
[2023-05-15T00:17:01.770+0000] {processor.py:768} INFO - DAG(s) dict_keys(['example_external_task_marker_child', 'example_external_task_marker_parent']) retrieved from /home/airflow/.local/lib/python3.7/site-packages/airflow/example_dags/example_external_task_marker_dag.py
[2023-05-15T00:17:02.168+0000] {logging_mixin.py:117} INFO - [2023-05-15T00:17:02.167+0000] {dag.py:2573} INFO - Sync 2 DAGs
[2023-05-15T00:17:02.216+0000] {logging_mixin.py:117} INFO - [2023-05-15T00:17:02.216+0000] {dag.py:3328} INFO - Setting next_dagrun for example_external_task_marker_child to None, run_after=None
[2023-05-15T00:17:02.222+0000] {logging_mixin.py:117} INFO - [2023-05-15T00:17:02.221+0000] {dag.py:3328} INFO - Setting next_dagrun for example_external_task_marker_parent to None, run_after=None
[2023-05-15T00:17:02.258+0000] {processor.py:178} INFO - Processing /home/airflow/.local/lib/python3.7/site-packages/airflow/example_dags/example_external_task_marker_dag.py took 0.704 seconds
[2023-05-15T00:17:32.371+0000] {processor.py:156} INFO - Started process (PID=1793) to work on /home/airflow/.local/lib/python3.7/site-packages/airflow/example_dags/example_external_task_marker_dag.py
[2023-05-15T00:17:32.371+0000] {processor.py:758} INFO - Processing file /home/airflow/.local/lib/python3.7/site-packages/airflow/example_dags/example_external_task_marker_dag.py for tasks to queue
[2023-05-15T00:17:32.372+0000] {logging_mixin.py:117} INFO - [2023-05-15T00:17:32.372+0000] {dagbag.py:525} INFO - Filling up the DagBag from /home/airflow/.local/lib/python3.7/site-packages/airflow/example_dags/example_external_task_marker_dag.py
[2023-05-15T00:17:32.389+0000] {processor.py:768} INFO - DAG(s) dict_keys(['example_external_task_marker_child', 'example_external_task_marker_parent']) retrieved from /home/airflow/.local/lib/python3.7/site-packages/airflow/example_dags/example_external_task_marker_dag.py
[2023-05-15T00:17:32.560+0000] {logging_mixin.py:117} INFO - [2023-05-15T00:17:32.560+0000] {dag.py:2573} INFO - Sync 2 DAGs
[2023-05-15T00:17:32.582+0000] {logging_mixin.py:117} INFO - [2023-05-15T00:17:32.582+0000] {dag.py:3328} INFO - Setting next_dagrun for example_external_task_marker_child to None, run_after=None
[2023-05-15T00:17:32.585+0000] {logging_mixin.py:117} INFO - [2023-05-15T00:17:32.585+0000] {dag.py:3328} INFO - Setting next_dagrun for example_external_task_marker_parent to None, run_after=None
[2023-05-15T00:17:32.601+0000] {processor.py:178} INFO - Processing /home/airflow/.local/lib/python3.7/site-packages/airflow/example_dags/example_external_task_marker_dag.py took 0.233 seconds
[2023-05-15T00:18:02.813+0000] {processor.py:156} INFO - Started process (PID=2004) to work on /home/airflow/.local/lib/python3.7/site-packages/airflow/example_dags/example_external_task_marker_dag.py
[2023-05-15T00:18:02.814+0000] {processor.py:758} INFO - Processing file /home/airflow/.local/lib/python3.7/site-packages/airflow/example_dags/example_external_task_marker_dag.py for tasks to queue
[2023-05-15T00:18:02.814+0000] {logging_mixin.py:117} INFO - [2023-05-15T00:18:02.814+0000] {dagbag.py:525} INFO - Filling up the DagBag from /home/airflow/.local/lib/python3.7/site-packages/airflow/example_dags/example_external_task_marker_dag.py
[2023-05-15T00:18:02.833+0000] {processor.py:768} INFO - DAG(s) dict_keys(['example_external_task_marker_child', 'example_external_task_marker_parent']) retrieved from /home/airflow/.local/lib/python3.7/site-packages/airflow/example_dags/example_external_task_marker_dag.py
[2023-05-15T00:18:03.078+0000] {logging_mixin.py:117} INFO - [2023-05-15T00:18:03.078+0000] {dag.py:2573} INFO - Sync 2 DAGs
[2023-05-15T00:18:03.104+0000] {logging_mixin.py:117} INFO - [2023-05-15T00:18:03.104+0000] {dag.py:3328} INFO - Setting next_dagrun for example_external_task_marker_child to None, run_after=None
[2023-05-15T00:18:03.107+0000] {logging_mixin.py:117} INFO - [2023-05-15T00:18:03.107+0000] {dag.py:3328} INFO - Setting next_dagrun for example_external_task_marker_parent to None, run_after=None
[2023-05-15T00:18:03.127+0000] {processor.py:178} INFO - Processing /home/airflow/.local/lib/python3.7/site-packages/airflow/example_dags/example_external_task_marker_dag.py took 0.317 seconds
[2023-05-15T00:18:33.231+0000] {processor.py:156} INFO - Started process (PID=2216) to work on /home/airflow/.local/lib/python3.7/site-packages/airflow/example_dags/example_external_task_marker_dag.py
[2023-05-15T00:18:33.231+0000] {processor.py:758} INFO - Processing file /home/airflow/.local/lib/python3.7/site-packages/airflow/example_dags/example_external_task_marker_dag.py for tasks to queue
[2023-05-15T00:18:33.232+0000] {logging_mixin.py:117} INFO - [2023-05-15T00:18:33.232+0000] {dagbag.py:525} INFO - Filling up the DagBag from /home/airflow/.local/lib/python3.7/site-packages/airflow/example_dags/example_external_task_marker_dag.py
[2023-05-15T00:18:33.249+0000] {processor.py:768} INFO - DAG(s) dict_keys(['example_external_task_marker_parent', 'example_external_task_marker_child']) retrieved from /home/airflow/.local/lib/python3.7/site-packages/airflow/example_dags/example_external_task_marker_dag.py
[2023-05-15T00:18:33.607+0000] {logging_mixin.py:117} INFO - [2023-05-15T00:18:33.607+0000] {dag.py:2573} INFO - Sync 2 DAGs
[2023-05-15T00:18:33.646+0000] {logging_mixin.py:117} INFO - [2023-05-15T00:18:33.646+0000] {dag.py:3328} INFO - Setting next_dagrun for example_external_task_marker_child to None, run_after=None
[2023-05-15T00:18:33.653+0000] {logging_mixin.py:117} INFO - [2023-05-15T00:18:33.653+0000] {dag.py:3328} INFO - Setting next_dagrun for example_external_task_marker_parent to None, run_after=None
[2023-05-15T00:18:33.687+0000] {processor.py:178} INFO - Processing /home/airflow/.local/lib/python3.7/site-packages/airflow/example_dags/example_external_task_marker_dag.py took 0.462 seconds
[2023-05-15T00:19:03.993+0000] {processor.py:156} INFO - Started process (PID=2400) to work on /home/airflow/.local/lib/python3.7/site-packages/airflow/example_dags/example_external_task_marker_dag.py
[2023-05-15T00:19:03.996+0000] {processor.py:758} INFO - Processing file /home/airflow/.local/lib/python3.7/site-packages/airflow/example_dags/example_external_task_marker_dag.py for tasks to queue
[2023-05-15T00:19:03.999+0000] {logging_mixin.py:117} INFO - [2023-05-15T00:19:03.999+0000] {dagbag.py:525} INFO - Filling up the DagBag from /home/airflow/.local/lib/python3.7/site-packages/airflow/example_dags/example_external_task_marker_dag.py
[2023-05-15T00:19:04.044+0000] {processor.py:768} INFO - DAG(s) dict_keys(['example_external_task_marker_parent', 'example_external_task_marker_child']) retrieved from /home/airflow/.local/lib/python3.7/site-packages/airflow/example_dags/example_external_task_marker_dag.py
[2023-05-15T00:19:04.300+0000] {logging_mixin.py:117} INFO - [2023-05-15T00:19:04.300+0000] {dag.py:2573} INFO - Sync 2 DAGs
[2023-05-15T00:19:04.336+0000] {logging_mixin.py:117} INFO - [2023-05-15T00:19:04.336+0000] {dag.py:3328} INFO - Setting next_dagrun for example_external_task_marker_child to None, run_after=None
[2023-05-15T00:19:04.343+0000] {logging_mixin.py:117} INFO - [2023-05-15T00:19:04.343+0000] {dag.py:3328} INFO - Setting next_dagrun for example_external_task_marker_parent to None, run_after=None
[2023-05-15T00:19:04.372+0000] {processor.py:178} INFO - Processing /home/airflow/.local/lib/python3.7/site-packages/airflow/example_dags/example_external_task_marker_dag.py took 0.398 seconds
[2023-05-15T00:19:34.429+0000] {processor.py:156} INFO - Started process (PID=2614) to work on /home/airflow/.local/lib/python3.7/site-packages/airflow/example_dags/example_external_task_marker_dag.py
[2023-05-15T00:19:34.430+0000] {processor.py:758} INFO - Processing file /home/airflow/.local/lib/python3.7/site-packages/airflow/example_dags/example_external_task_marker_dag.py for tasks to queue
[2023-05-15T00:19:34.431+0000] {logging_mixin.py:117} INFO - [2023-05-15T00:19:34.430+0000] {dagbag.py:525} INFO - Filling up the DagBag from /home/airflow/.local/lib/python3.7/site-packages/airflow/example_dags/example_external_task_marker_dag.py
[2023-05-15T00:19:34.461+0000] {processor.py:768} INFO - DAG(s) dict_keys(['example_external_task_marker_parent', 'example_external_task_marker_child']) retrieved from /home/airflow/.local/lib/python3.7/site-packages/airflow/example_dags/example_external_task_marker_dag.py
[2023-05-15T00:19:34.776+0000] {logging_mixin.py:117} INFO - [2023-05-15T00:19:34.776+0000] {dag.py:2573} INFO - Sync 2 DAGs
[2023-05-15T00:19:34.816+0000] {logging_mixin.py:117} INFO - [2023-05-15T00:19:34.816+0000] {dag.py:3328} INFO - Setting next_dagrun for example_external_task_marker_child to None, run_after=None
[2023-05-15T00:19:34.822+0000] {logging_mixin.py:117} INFO - [2023-05-15T00:19:34.821+0000] {dag.py:3328} INFO - Setting next_dagrun for example_external_task_marker_parent to None, run_after=None
[2023-05-15T00:19:34.845+0000] {processor.py:178} INFO - Processing /home/airflow/.local/lib/python3.7/site-packages/airflow/example_dags/example_external_task_marker_dag.py took 0.424 seconds
[2023-05-15T00:20:05.361+0000] {processor.py:156} INFO - Started process (PID=2824) to work on /home/airflow/.local/lib/python3.7/site-packages/airflow/example_dags/example_external_task_marker_dag.py
[2023-05-15T00:20:05.362+0000] {processor.py:758} INFO - Processing file /home/airflow/.local/lib/python3.7/site-packages/airflow/example_dags/example_external_task_marker_dag.py for tasks to queue
[2023-05-15T00:20:05.363+0000] {logging_mixin.py:117} INFO - [2023-05-15T00:20:05.363+0000] {dagbag.py:525} INFO - Filling up the DagBag from /home/airflow/.local/lib/python3.7/site-packages/airflow/example_dags/example_external_task_marker_dag.py
[2023-05-15T00:20:05.385+0000] {processor.py:768} INFO - DAG(s) dict_keys(['example_external_task_marker_parent', 'example_external_task_marker_child']) retrieved from /home/airflow/.local/lib/python3.7/site-packages/airflow/example_dags/example_external_task_marker_dag.py
[2023-05-15T00:20:05.769+0000] {logging_mixin.py:117} INFO - [2023-05-15T00:20:05.769+0000] {dag.py:2573} INFO - Sync 2 DAGs
[2023-05-15T00:20:05.809+0000] {logging_mixin.py:117} INFO - [2023-05-15T00:20:05.809+0000] {dag.py:3328} INFO - Setting next_dagrun for example_external_task_marker_child to None, run_after=None
[2023-05-15T00:20:05.814+0000] {logging_mixin.py:117} INFO - [2023-05-15T00:20:05.814+0000] {dag.py:3328} INFO - Setting next_dagrun for example_external_task_marker_parent to None, run_after=None
[2023-05-15T00:20:05.839+0000] {processor.py:178} INFO - Processing /home/airflow/.local/lib/python3.7/site-packages/airflow/example_dags/example_external_task_marker_dag.py took 0.482 seconds
[2023-05-15T00:20:36.460+0000] {processor.py:156} INFO - Started process (PID=3026) to work on /home/airflow/.local/lib/python3.7/site-packages/airflow/example_dags/example_external_task_marker_dag.py
[2023-05-15T00:20:36.463+0000] {processor.py:758} INFO - Processing file /home/airflow/.local/lib/python3.7/site-packages/airflow/example_dags/example_external_task_marker_dag.py for tasks to queue
[2023-05-15T00:20:36.466+0000] {logging_mixin.py:117} INFO - [2023-05-15T00:20:36.465+0000] {dagbag.py:525} INFO - Filling up the DagBag from /home/airflow/.local/lib/python3.7/site-packages/airflow/example_dags/example_external_task_marker_dag.py
[2023-05-15T00:20:36.524+0000] {processor.py:768} INFO - DAG(s) dict_keys(['example_external_task_marker_parent', 'example_external_task_marker_child']) retrieved from /home/airflow/.local/lib/python3.7/site-packages/airflow/example_dags/example_external_task_marker_dag.py
[2023-05-15T00:20:36.772+0000] {logging_mixin.py:117} INFO - [2023-05-15T00:20:36.772+0000] {dag.py:2573} INFO - Sync 2 DAGs
[2023-05-15T00:20:36.796+0000] {logging_mixin.py:117} INFO - [2023-05-15T00:20:36.796+0000] {dag.py:3328} INFO - Setting next_dagrun for example_external_task_marker_child to None, run_after=None
[2023-05-15T00:20:36.801+0000] {logging_mixin.py:117} INFO - [2023-05-15T00:20:36.800+0000] {dag.py:3328} INFO - Setting next_dagrun for example_external_task_marker_parent to None, run_after=None
[2023-05-15T00:20:36.818+0000] {processor.py:178} INFO - Processing /home/airflow/.local/lib/python3.7/site-packages/airflow/example_dags/example_external_task_marker_dag.py took 0.370 seconds
[2023-05-15T00:21:07.045+0000] {processor.py:156} INFO - Started process (PID=3242) to work on /home/airflow/.local/lib/python3.7/site-packages/airflow/example_dags/example_external_task_marker_dag.py
[2023-05-15T00:21:07.045+0000] {processor.py:758} INFO - Processing file /home/airflow/.local/lib/python3.7/site-packages/airflow/example_dags/example_external_task_marker_dag.py for tasks to queue
[2023-05-15T00:21:07.046+0000] {logging_mixin.py:117} INFO - [2023-05-15T00:21:07.046+0000] {dagbag.py:525} INFO - Filling up the DagBag from /home/airflow/.local/lib/python3.7/site-packages/airflow/example_dags/example_external_task_marker_dag.py
[2023-05-15T00:21:07.061+0000] {processor.py:768} INFO - DAG(s) dict_keys(['example_external_task_marker_child', 'example_external_task_marker_parent']) retrieved from /home/airflow/.local/lib/python3.7/site-packages/airflow/example_dags/example_external_task_marker_dag.py
[2023-05-15T00:21:07.310+0000] {logging_mixin.py:117} INFO - [2023-05-15T00:21:07.309+0000] {dag.py:2573} INFO - Sync 2 DAGs
[2023-05-15T00:21:07.350+0000] {logging_mixin.py:117} INFO - [2023-05-15T00:21:07.350+0000] {dag.py:3328} INFO - Setting next_dagrun for example_external_task_marker_child to None, run_after=None
[2023-05-15T00:21:07.353+0000] {logging_mixin.py:117} INFO - [2023-05-15T00:21:07.353+0000] {dag.py:3328} INFO - Setting next_dagrun for example_external_task_marker_parent to None, run_after=None
[2023-05-15T00:21:07.374+0000] {processor.py:178} INFO - Processing /home/airflow/.local/lib/python3.7/site-packages/airflow/example_dags/example_external_task_marker_dag.py took 0.333 seconds
[2023-05-15T00:21:37.471+0000] {processor.py:156} INFO - Started process (PID=3458) to work on /home/airflow/.local/lib/python3.7/site-packages/airflow/example_dags/example_external_task_marker_dag.py
[2023-05-15T00:21:37.472+0000] {processor.py:758} INFO - Processing file /home/airflow/.local/lib/python3.7/site-packages/airflow/example_dags/example_external_task_marker_dag.py for tasks to queue
[2023-05-15T00:21:37.472+0000] {logging_mixin.py:117} INFO - [2023-05-15T00:21:37.472+0000] {dagbag.py:525} INFO - Filling up the DagBag from /home/airflow/.local/lib/python3.7/site-packages/airflow/example_dags/example_external_task_marker_dag.py
[2023-05-15T00:21:37.491+0000] {processor.py:768} INFO - DAG(s) dict_keys(['example_external_task_marker_parent', 'example_external_task_marker_child']) retrieved from /home/airflow/.local/lib/python3.7/site-packages/airflow/example_dags/example_external_task_marker_dag.py
[2023-05-15T00:21:37.785+0000] {logging_mixin.py:117} INFO - [2023-05-15T00:21:37.785+0000] {dag.py:2573} INFO - Sync 2 DAGs
[2023-05-15T00:21:37.808+0000] {logging_mixin.py:117} INFO - [2023-05-15T00:21:37.808+0000] {dag.py:3328} INFO - Setting next_dagrun for example_external_task_marker_child to None, run_after=None
[2023-05-15T00:21:37.811+0000] {logging_mixin.py:117} INFO - [2023-05-15T00:21:37.811+0000] {dag.py:3328} INFO - Setting next_dagrun for example_external_task_marker_parent to None, run_after=None
[2023-05-15T00:21:37.830+0000] {processor.py:178} INFO - Processing /home/airflow/.local/lib/python3.7/site-packages/airflow/example_dags/example_external_task_marker_dag.py took 0.363 seconds
[2023-05-15T00:22:07.960+0000] {processor.py:156} INFO - Started process (PID=3666) to work on /home/airflow/.local/lib/python3.7/site-packages/airflow/example_dags/example_external_task_marker_dag.py
[2023-05-15T00:22:07.960+0000] {processor.py:758} INFO - Processing file /home/airflow/.local/lib/python3.7/site-packages/airflow/example_dags/example_external_task_marker_dag.py for tasks to queue
[2023-05-15T00:22:07.961+0000] {logging_mixin.py:117} INFO - [2023-05-15T00:22:07.961+0000] {dagbag.py:525} INFO - Filling up the DagBag from /home/airflow/.local/lib/python3.7/site-packages/airflow/example_dags/example_external_task_marker_dag.py
[2023-05-15T00:22:07.981+0000] {processor.py:768} INFO - DAG(s) dict_keys(['example_external_task_marker_child', 'example_external_task_marker_parent']) retrieved from /home/airflow/.local/lib/python3.7/site-packages/airflow/example_dags/example_external_task_marker_dag.py
[2023-05-15T00:22:08.264+0000] {logging_mixin.py:117} INFO - [2023-05-15T00:22:08.263+0000] {dag.py:2573} INFO - Sync 2 DAGs
[2023-05-15T00:22:08.290+0000] {logging_mixin.py:117} INFO - [2023-05-15T00:22:08.290+0000] {dag.py:3328} INFO - Setting next_dagrun for example_external_task_marker_child to None, run_after=None
[2023-05-15T00:22:08.293+0000] {logging_mixin.py:117} INFO - [2023-05-15T00:22:08.293+0000] {dag.py:3328} INFO - Setting next_dagrun for example_external_task_marker_parent to None, run_after=None
[2023-05-15T00:22:08.311+0000] {processor.py:178} INFO - Processing /home/airflow/.local/lib/python3.7/site-packages/airflow/example_dags/example_external_task_marker_dag.py took 0.355 seconds
[2023-05-15T00:22:38.493+0000] {processor.py:156} INFO - Started process (PID=3867) to work on /home/airflow/.local/lib/python3.7/site-packages/airflow/example_dags/example_external_task_marker_dag.py
[2023-05-15T00:22:38.494+0000] {processor.py:758} INFO - Processing file /home/airflow/.local/lib/python3.7/site-packages/airflow/example_dags/example_external_task_marker_dag.py for tasks to queue
[2023-05-15T00:22:38.495+0000] {logging_mixin.py:117} INFO - [2023-05-15T00:22:38.495+0000] {dagbag.py:525} INFO - Filling up the DagBag from /home/airflow/.local/lib/python3.7/site-packages/airflow/example_dags/example_external_task_marker_dag.py
[2023-05-15T00:22:38.519+0000] {processor.py:768} INFO - DAG(s) dict_keys(['example_external_task_marker_parent', 'example_external_task_marker_child']) retrieved from /home/airflow/.local/lib/python3.7/site-packages/airflow/example_dags/example_external_task_marker_dag.py
[2023-05-15T00:22:38.820+0000] {logging_mixin.py:117} INFO - [2023-05-15T00:22:38.820+0000] {dag.py:2573} INFO - Sync 2 DAGs
[2023-05-15T00:22:38.868+0000] {logging_mixin.py:117} INFO - [2023-05-15T00:22:38.868+0000] {dag.py:3328} INFO - Setting next_dagrun for example_external_task_marker_child to None, run_after=None
[2023-05-15T00:22:38.874+0000] {logging_mixin.py:117} INFO - [2023-05-15T00:22:38.873+0000] {dag.py:3328} INFO - Setting next_dagrun for example_external_task_marker_parent to None, run_after=None
[2023-05-15T00:22:38.904+0000] {processor.py:178} INFO - Processing /home/airflow/.local/lib/python3.7/site-packages/airflow/example_dags/example_external_task_marker_dag.py took 0.419 seconds
[2023-05-15T00:23:09.066+0000] {processor.py:156} INFO - Started process (PID=4079) to work on /home/airflow/.local/lib/python3.7/site-packages/airflow/example_dags/example_external_task_marker_dag.py
[2023-05-15T00:23:09.067+0000] {processor.py:758} INFO - Processing file /home/airflow/.local/lib/python3.7/site-packages/airflow/example_dags/example_external_task_marker_dag.py for tasks to queue
[2023-05-15T00:23:09.068+0000] {logging_mixin.py:117} INFO - [2023-05-15T00:23:09.068+0000] {dagbag.py:525} INFO - Filling up the DagBag from /home/airflow/.local/lib/python3.7/site-packages/airflow/example_dags/example_external_task_marker_dag.py
[2023-05-15T00:23:09.098+0000] {processor.py:768} INFO - DAG(s) dict_keys(['example_external_task_marker_parent', 'example_external_task_marker_child']) retrieved from /home/airflow/.local/lib/python3.7/site-packages/airflow/example_dags/example_external_task_marker_dag.py
[2023-05-15T00:23:09.439+0000] {logging_mixin.py:117} INFO - [2023-05-15T00:23:09.439+0000] {dag.py:2573} INFO - Sync 2 DAGs
[2023-05-15T00:23:09.473+0000] {logging_mixin.py:117} INFO - [2023-05-15T00:23:09.473+0000] {dag.py:3328} INFO - Setting next_dagrun for example_external_task_marker_child to None, run_after=None
[2023-05-15T00:23:09.478+0000] {logging_mixin.py:117} INFO - [2023-05-15T00:23:09.478+0000] {dag.py:3328} INFO - Setting next_dagrun for example_external_task_marker_parent to None, run_after=None
[2023-05-15T00:23:09.503+0000] {processor.py:178} INFO - Processing /home/airflow/.local/lib/python3.7/site-packages/airflow/example_dags/example_external_task_marker_dag.py took 0.443 seconds
[2023-05-15T00:23:40.063+0000] {processor.py:156} INFO - Started process (PID=4282) to work on /home/airflow/.local/lib/python3.7/site-packages/airflow/example_dags/example_external_task_marker_dag.py
[2023-05-15T00:23:40.064+0000] {processor.py:758} INFO - Processing file /home/airflow/.local/lib/python3.7/site-packages/airflow/example_dags/example_external_task_marker_dag.py for tasks to queue
[2023-05-15T00:23:40.064+0000] {logging_mixin.py:117} INFO - [2023-05-15T00:23:40.064+0000] {dagbag.py:525} INFO - Filling up the DagBag from /home/airflow/.local/lib/python3.7/site-packages/airflow/example_dags/example_external_task_marker_dag.py
[2023-05-15T00:23:40.081+0000] {processor.py:768} INFO - DAG(s) dict_keys(['example_external_task_marker_parent', 'example_external_task_marker_child']) retrieved from /home/airflow/.local/lib/python3.7/site-packages/airflow/example_dags/example_external_task_marker_dag.py
[2023-05-15T00:23:40.269+0000] {logging_mixin.py:117} INFO - [2023-05-15T00:23:40.269+0000] {dag.py:2573} INFO - Sync 2 DAGs
[2023-05-15T00:23:40.295+0000] {logging_mixin.py:117} INFO - [2023-05-15T00:23:40.295+0000] {dag.py:3328} INFO - Setting next_dagrun for example_external_task_marker_child to None, run_after=None
[2023-05-15T00:23:40.298+0000] {logging_mixin.py:117} INFO - [2023-05-15T00:23:40.298+0000] {dag.py:3328} INFO - Setting next_dagrun for example_external_task_marker_parent to None, run_after=None
[2023-05-15T00:23:40.315+0000] {processor.py:178} INFO - Processing /home/airflow/.local/lib/python3.7/site-packages/airflow/example_dags/example_external_task_marker_dag.py took 0.260 seconds
[2023-05-15T00:24:10.670+0000] {processor.py:156} INFO - Started process (PID=4494) to work on /home/airflow/.local/lib/python3.7/site-packages/airflow/example_dags/example_external_task_marker_dag.py
[2023-05-15T00:24:10.671+0000] {processor.py:758} INFO - Processing file /home/airflow/.local/lib/python3.7/site-packages/airflow/example_dags/example_external_task_marker_dag.py for tasks to queue
[2023-05-15T00:24:10.672+0000] {logging_mixin.py:117} INFO - [2023-05-15T00:24:10.672+0000] {dagbag.py:525} INFO - Filling up the DagBag from /home/airflow/.local/lib/python3.7/site-packages/airflow/example_dags/example_external_task_marker_dag.py
[2023-05-15T00:24:10.695+0000] {processor.py:768} INFO - DAG(s) dict_keys(['example_external_task_marker_child', 'example_external_task_marker_parent']) retrieved from /home/airflow/.local/lib/python3.7/site-packages/airflow/example_dags/example_external_task_marker_dag.py
[2023-05-15T00:24:10.894+0000] {logging_mixin.py:117} INFO - [2023-05-15T00:24:10.894+0000] {dag.py:2573} INFO - Sync 2 DAGs
[2023-05-15T00:24:10.918+0000] {logging_mixin.py:117} INFO - [2023-05-15T00:24:10.918+0000] {dag.py:3328} INFO - Setting next_dagrun for example_external_task_marker_child to None, run_after=None
[2023-05-15T00:24:10.921+0000] {logging_mixin.py:117} INFO - [2023-05-15T00:24:10.921+0000] {dag.py:3328} INFO - Setting next_dagrun for example_external_task_marker_parent to None, run_after=None
[2023-05-15T00:24:10.939+0000] {processor.py:178} INFO - Processing /home/airflow/.local/lib/python3.7/site-packages/airflow/example_dags/example_external_task_marker_dag.py took 0.274 seconds
[2023-05-15T00:24:41.036+0000] {processor.py:156} INFO - Started process (PID=4706) to work on /home/airflow/.local/lib/python3.7/site-packages/airflow/example_dags/example_external_task_marker_dag.py
[2023-05-15T00:24:41.037+0000] {processor.py:758} INFO - Processing file /home/airflow/.local/lib/python3.7/site-packages/airflow/example_dags/example_external_task_marker_dag.py for tasks to queue
[2023-05-15T00:24:41.038+0000] {logging_mixin.py:117} INFO - [2023-05-15T00:24:41.038+0000] {dagbag.py:525} INFO - Filling up the DagBag from /home/airflow/.local/lib/python3.7/site-packages/airflow/example_dags/example_external_task_marker_dag.py
[2023-05-15T00:24:41.062+0000] {processor.py:768} INFO - DAG(s) dict_keys(['example_external_task_marker_child', 'example_external_task_marker_parent']) retrieved from /home/airflow/.local/lib/python3.7/site-packages/airflow/example_dags/example_external_task_marker_dag.py
[2023-05-15T00:24:41.258+0000] {logging_mixin.py:117} INFO - [2023-05-15T00:24:41.258+0000] {dag.py:2573} INFO - Sync 2 DAGs
[2023-05-15T00:24:41.283+0000] {logging_mixin.py:117} INFO - [2023-05-15T00:24:41.283+0000] {dag.py:3328} INFO - Setting next_dagrun for example_external_task_marker_child to None, run_after=None
[2023-05-15T00:24:41.287+0000] {logging_mixin.py:117} INFO - [2023-05-15T00:24:41.286+0000] {dag.py:3328} INFO - Setting next_dagrun for example_external_task_marker_parent to None, run_after=None
[2023-05-15T00:24:41.306+0000] {processor.py:178} INFO - Processing /home/airflow/.local/lib/python3.7/site-packages/airflow/example_dags/example_external_task_marker_dag.py took 0.280 seconds
[2023-05-15T00:34:05.338+0000] {processor.py:156} INFO - Started process (PID=319) to work on /home/airflow/.local/lib/python3.7/site-packages/airflow/example_dags/example_external_task_marker_dag.py
[2023-05-15T00:34:05.339+0000] {processor.py:758} INFO - Processing file /home/airflow/.local/lib/python3.7/site-packages/airflow/example_dags/example_external_task_marker_dag.py for tasks to queue
[2023-05-15T00:34:05.339+0000] {logging_mixin.py:117} INFO - [2023-05-15T00:34:05.339+0000] {dagbag.py:525} INFO - Filling up the DagBag from /home/airflow/.local/lib/python3.7/site-packages/airflow/example_dags/example_external_task_marker_dag.py
[2023-05-15T00:34:05.356+0000] {processor.py:768} INFO - DAG(s) dict_keys(['example_external_task_marker_child', 'example_external_task_marker_parent']) retrieved from /home/airflow/.local/lib/python3.7/site-packages/airflow/example_dags/example_external_task_marker_dag.py
[2023-05-15T00:34:05.404+0000] {logging_mixin.py:117} INFO - [2023-05-15T00:34:05.404+0000] {dag.py:2573} INFO - Sync 2 DAGs
[2023-05-15T00:34:05.450+0000] {logging_mixin.py:117} INFO - [2023-05-15T00:34:05.450+0000] {dag.py:3328} INFO - Setting next_dagrun for example_external_task_marker_child to None, run_after=None
[2023-05-15T00:34:05.455+0000] {logging_mixin.py:117} INFO - [2023-05-15T00:34:05.455+0000] {dag.py:3328} INFO - Setting next_dagrun for example_external_task_marker_parent to None, run_after=None
[2023-05-15T00:34:05.482+0000] {processor.py:178} INFO - Processing /home/airflow/.local/lib/python3.7/site-packages/airflow/example_dags/example_external_task_marker_dag.py took 0.147 seconds
[2023-05-15T00:34:37.480+0000] {processor.py:156} INFO - Started process (PID=521) to work on /home/airflow/.local/lib/python3.7/site-packages/airflow/example_dags/example_external_task_marker_dag.py
[2023-05-15T00:34:37.482+0000] {processor.py:758} INFO - Processing file /home/airflow/.local/lib/python3.7/site-packages/airflow/example_dags/example_external_task_marker_dag.py for tasks to queue
[2023-05-15T00:34:37.483+0000] {logging_mixin.py:117} INFO - [2023-05-15T00:34:37.483+0000] {dagbag.py:525} INFO - Filling up the DagBag from /home/airflow/.local/lib/python3.7/site-packages/airflow/example_dags/example_external_task_marker_dag.py
[2023-05-15T00:34:37.508+0000] {processor.py:768} INFO - DAG(s) dict_keys(['example_external_task_marker_child', 'example_external_task_marker_parent']) retrieved from /home/airflow/.local/lib/python3.7/site-packages/airflow/example_dags/example_external_task_marker_dag.py
[2023-05-15T00:34:37.828+0000] {logging_mixin.py:117} INFO - [2023-05-15T00:34:37.828+0000] {dag.py:2573} INFO - Sync 2 DAGs
[2023-05-15T00:34:37.853+0000] {logging_mixin.py:117} INFO - [2023-05-15T00:34:37.853+0000] {dag.py:3328} INFO - Setting next_dagrun for example_external_task_marker_child to None, run_after=None
[2023-05-15T00:34:37.972+0000] {logging_mixin.py:117} INFO - [2023-05-15T00:34:37.972+0000] {dag.py:3328} INFO - Setting next_dagrun for example_external_task_marker_parent to None, run_after=None
[2023-05-15T00:34:37.994+0000] {processor.py:178} INFO - Processing /home/airflow/.local/lib/python3.7/site-packages/airflow/example_dags/example_external_task_marker_dag.py took 0.518 seconds
