[2023-05-15T00:13:46.767+0000] {processor.py:156} INFO - Started process (PID=203) to work on /home/airflow/.local/lib/python3.7/site-packages/airflow/example_dags/example_task_group_decorator.py
[2023-05-15T00:13:46.768+0000] {processor.py:758} INFO - Processing file /home/airflow/.local/lib/python3.7/site-packages/airflow/example_dags/example_task_group_decorator.py for tasks to queue
[2023-05-15T00:13:46.769+0000] {logging_mixin.py:117} INFO - [2023-05-15T00:13:46.768+0000] {dagbag.py:525} INFO - Filling up the DagBag from /home/airflow/.local/lib/python3.7/site-packages/airflow/example_dags/example_task_group_decorator.py
[2023-05-15T00:13:46.800+0000] {processor.py:768} INFO - DAG(s) dict_keys(['example_task_group_decorator']) retrieved from /home/airflow/.local/lib/python3.7/site-packages/airflow/example_dags/example_task_group_decorator.py
[2023-05-15T00:13:46.835+0000] {logging_mixin.py:117} INFO - [2023-05-15T00:13:46.835+0000] {dag.py:2573} INFO - Sync 1 DAGs
[2023-05-15T00:13:46.877+0000] {logging_mixin.py:117} INFO - [2023-05-15T00:13:46.877+0000] {dag.py:3328} INFO - Setting next_dagrun for example_task_group_decorator to 2023-05-14T00:13:46.876716+00:00, run_after=2023-05-15T00:13:46.876716+00:00
[2023-05-15T00:13:46.906+0000] {processor.py:178} INFO - Processing /home/airflow/.local/lib/python3.7/site-packages/airflow/example_dags/example_task_group_decorator.py took 0.142 seconds
[2023-05-15T00:14:18.090+0000] {processor.py:156} INFO - Started process (PID=406) to work on /home/airflow/.local/lib/python3.7/site-packages/airflow/example_dags/example_task_group_decorator.py
[2023-05-15T00:14:18.092+0000] {processor.py:758} INFO - Processing file /home/airflow/.local/lib/python3.7/site-packages/airflow/example_dags/example_task_group_decorator.py for tasks to queue
[2023-05-15T00:14:18.093+0000] {logging_mixin.py:117} INFO - [2023-05-15T00:14:18.093+0000] {dagbag.py:525} INFO - Filling up the DagBag from /home/airflow/.local/lib/python3.7/site-packages/airflow/example_dags/example_task_group_decorator.py
[2023-05-15T00:14:18.164+0000] {processor.py:768} INFO - DAG(s) dict_keys(['example_task_group_decorator']) retrieved from /home/airflow/.local/lib/python3.7/site-packages/airflow/example_dags/example_task_group_decorator.py
[2023-05-15T00:14:18.248+0000] {logging_mixin.py:117} INFO - [2023-05-15T00:14:18.247+0000] {dag.py:2573} INFO - Sync 1 DAGs
[2023-05-15T00:14:18.297+0000] {logging_mixin.py:117} INFO - [2023-05-15T00:14:18.297+0000] {dag.py:3328} INFO - Setting next_dagrun for example_task_group_decorator to 2023-05-14T00:14:18.296935+00:00, run_after=2023-05-15T00:14:18.296935+00:00
[2023-05-15T00:14:18.545+0000] {processor.py:178} INFO - Processing /home/airflow/.local/lib/python3.7/site-packages/airflow/example_dags/example_task_group_decorator.py took 0.461 seconds
[2023-05-15T00:14:48.683+0000] {processor.py:156} INFO - Started process (PID=618) to work on /home/airflow/.local/lib/python3.7/site-packages/airflow/example_dags/example_task_group_decorator.py
[2023-05-15T00:14:48.684+0000] {processor.py:758} INFO - Processing file /home/airflow/.local/lib/python3.7/site-packages/airflow/example_dags/example_task_group_decorator.py for tasks to queue
[2023-05-15T00:14:48.685+0000] {logging_mixin.py:117} INFO - [2023-05-15T00:14:48.685+0000] {dagbag.py:525} INFO - Filling up the DagBag from /home/airflow/.local/lib/python3.7/site-packages/airflow/example_dags/example_task_group_decorator.py
[2023-05-15T00:14:48.762+0000] {processor.py:768} INFO - DAG(s) dict_keys(['example_task_group_decorator']) retrieved from /home/airflow/.local/lib/python3.7/site-packages/airflow/example_dags/example_task_group_decorator.py
[2023-05-15T00:14:48.849+0000] {logging_mixin.py:117} INFO - [2023-05-15T00:14:48.849+0000] {dag.py:2573} INFO - Sync 1 DAGs
[2023-05-15T00:14:49.095+0000] {logging_mixin.py:117} INFO - [2023-05-15T00:14:49.094+0000] {dag.py:3328} INFO - Setting next_dagrun for example_task_group_decorator to 2023-05-14T00:14:49.090267+00:00, run_after=2023-05-15T00:14:49.090267+00:00
[2023-05-15T00:14:49.148+0000] {processor.py:178} INFO - Processing /home/airflow/.local/lib/python3.7/site-packages/airflow/example_dags/example_task_group_decorator.py took 0.474 seconds
[2023-05-15T00:15:19.619+0000] {processor.py:156} INFO - Started process (PID=822) to work on /home/airflow/.local/lib/python3.7/site-packages/airflow/example_dags/example_task_group_decorator.py
[2023-05-15T00:15:19.620+0000] {processor.py:758} INFO - Processing file /home/airflow/.local/lib/python3.7/site-packages/airflow/example_dags/example_task_group_decorator.py for tasks to queue
[2023-05-15T00:15:19.621+0000] {logging_mixin.py:117} INFO - [2023-05-15T00:15:19.620+0000] {dagbag.py:525} INFO - Filling up the DagBag from /home/airflow/.local/lib/python3.7/site-packages/airflow/example_dags/example_task_group_decorator.py
[2023-05-15T00:15:19.658+0000] {processor.py:768} INFO - DAG(s) dict_keys(['example_task_group_decorator']) retrieved from /home/airflow/.local/lib/python3.7/site-packages/airflow/example_dags/example_task_group_decorator.py
[2023-05-15T00:15:19.709+0000] {logging_mixin.py:117} INFO - [2023-05-15T00:15:19.709+0000] {dag.py:2573} INFO - Sync 1 DAGs
[2023-05-15T00:15:19.882+0000] {logging_mixin.py:117} INFO - [2023-05-15T00:15:19.881+0000] {dag.py:3328} INFO - Setting next_dagrun for example_task_group_decorator to 2023-05-14T00:15:19.880950+00:00, run_after=2023-05-15T00:15:19.880950+00:00
[2023-05-15T00:15:19.906+0000] {processor.py:178} INFO - Processing /home/airflow/.local/lib/python3.7/site-packages/airflow/example_dags/example_task_group_decorator.py took 0.290 seconds
[2023-05-15T00:15:50.404+0000] {processor.py:156} INFO - Started process (PID=1031) to work on /home/airflow/.local/lib/python3.7/site-packages/airflow/example_dags/example_task_group_decorator.py
[2023-05-15T00:15:50.406+0000] {processor.py:758} INFO - Processing file /home/airflow/.local/lib/python3.7/site-packages/airflow/example_dags/example_task_group_decorator.py for tasks to queue
[2023-05-15T00:15:50.407+0000] {logging_mixin.py:117} INFO - [2023-05-15T00:15:50.407+0000] {dagbag.py:525} INFO - Filling up the DagBag from /home/airflow/.local/lib/python3.7/site-packages/airflow/example_dags/example_task_group_decorator.py
[2023-05-15T00:15:50.469+0000] {processor.py:768} INFO - DAG(s) dict_keys(['example_task_group_decorator']) retrieved from /home/airflow/.local/lib/python3.7/site-packages/airflow/example_dags/example_task_group_decorator.py
[2023-05-15T00:15:50.804+0000] {logging_mixin.py:117} INFO - [2023-05-15T00:15:50.803+0000] {dag.py:2573} INFO - Sync 1 DAGs
[2023-05-15T00:15:50.863+0000] {logging_mixin.py:117} INFO - [2023-05-15T00:15:50.863+0000] {dag.py:3328} INFO - Setting next_dagrun for example_task_group_decorator to 2023-05-14T00:15:50.863278+00:00, run_after=2023-05-15T00:15:50.863278+00:00
[2023-05-15T00:15:50.909+0000] {processor.py:178} INFO - Processing /home/airflow/.local/lib/python3.7/site-packages/airflow/example_dags/example_task_group_decorator.py took 0.510 seconds
[2023-05-15T00:16:21.100+0000] {processor.py:156} INFO - Started process (PID=1233) to work on /home/airflow/.local/lib/python3.7/site-packages/airflow/example_dags/example_task_group_decorator.py
[2023-05-15T00:16:21.101+0000] {processor.py:758} INFO - Processing file /home/airflow/.local/lib/python3.7/site-packages/airflow/example_dags/example_task_group_decorator.py for tasks to queue
[2023-05-15T00:16:21.102+0000] {logging_mixin.py:117} INFO - [2023-05-15T00:16:21.101+0000] {dagbag.py:525} INFO - Filling up the DagBag from /home/airflow/.local/lib/python3.7/site-packages/airflow/example_dags/example_task_group_decorator.py
[2023-05-15T00:16:21.141+0000] {processor.py:768} INFO - DAG(s) dict_keys(['example_task_group_decorator']) retrieved from /home/airflow/.local/lib/python3.7/site-packages/airflow/example_dags/example_task_group_decorator.py
[2023-05-15T00:16:21.319+0000] {logging_mixin.py:117} INFO - [2023-05-15T00:16:21.319+0000] {dag.py:2573} INFO - Sync 1 DAGs
[2023-05-15T00:16:21.348+0000] {logging_mixin.py:117} INFO - [2023-05-15T00:16:21.348+0000] {dag.py:3328} INFO - Setting next_dagrun for example_task_group_decorator to 2023-05-14T00:16:21.347783+00:00, run_after=2023-05-15T00:16:21.347783+00:00
[2023-05-15T00:16:21.372+0000] {processor.py:178} INFO - Processing /home/airflow/.local/lib/python3.7/site-packages/airflow/example_dags/example_task_group_decorator.py took 0.276 seconds
[2023-05-15T00:16:51.803+0000] {processor.py:156} INFO - Started process (PID=1445) to work on /home/airflow/.local/lib/python3.7/site-packages/airflow/example_dags/example_task_group_decorator.py
[2023-05-15T00:16:51.803+0000] {processor.py:758} INFO - Processing file /home/airflow/.local/lib/python3.7/site-packages/airflow/example_dags/example_task_group_decorator.py for tasks to queue
[2023-05-15T00:16:51.804+0000] {logging_mixin.py:117} INFO - [2023-05-15T00:16:51.804+0000] {dagbag.py:525} INFO - Filling up the DagBag from /home/airflow/.local/lib/python3.7/site-packages/airflow/example_dags/example_task_group_decorator.py
[2023-05-15T00:16:51.994+0000] {processor.py:768} INFO - DAG(s) dict_keys(['example_task_group_decorator']) retrieved from /home/airflow/.local/lib/python3.7/site-packages/airflow/example_dags/example_task_group_decorator.py
[2023-05-15T00:16:52.044+0000] {logging_mixin.py:117} INFO - [2023-05-15T00:16:52.043+0000] {dag.py:2573} INFO - Sync 1 DAGs
[2023-05-15T00:16:52.069+0000] {logging_mixin.py:117} INFO - [2023-05-15T00:16:52.068+0000] {dag.py:3328} INFO - Setting next_dagrun for example_task_group_decorator to 2023-05-14T00:16:52.068803+00:00, run_after=2023-05-15T00:16:52.068803+00:00
[2023-05-15T00:16:52.088+0000] {processor.py:178} INFO - Processing /home/airflow/.local/lib/python3.7/site-packages/airflow/example_dags/example_task_group_decorator.py took 0.289 seconds
[2023-05-15T00:17:22.407+0000] {processor.py:156} INFO - Started process (PID=1651) to work on /home/airflow/.local/lib/python3.7/site-packages/airflow/example_dags/example_task_group_decorator.py
[2023-05-15T00:17:22.408+0000] {processor.py:758} INFO - Processing file /home/airflow/.local/lib/python3.7/site-packages/airflow/example_dags/example_task_group_decorator.py for tasks to queue
[2023-05-15T00:17:22.408+0000] {logging_mixin.py:117} INFO - [2023-05-15T00:17:22.408+0000] {dagbag.py:525} INFO - Filling up the DagBag from /home/airflow/.local/lib/python3.7/site-packages/airflow/example_dags/example_task_group_decorator.py
[2023-05-15T00:17:22.566+0000] {processor.py:768} INFO - DAG(s) dict_keys(['example_task_group_decorator']) retrieved from /home/airflow/.local/lib/python3.7/site-packages/airflow/example_dags/example_task_group_decorator.py
[2023-05-15T00:17:22.602+0000] {logging_mixin.py:117} INFO - [2023-05-15T00:17:22.602+0000] {dag.py:2573} INFO - Sync 1 DAGs
[2023-05-15T00:17:22.625+0000] {logging_mixin.py:117} INFO - [2023-05-15T00:17:22.624+0000] {dag.py:3328} INFO - Setting next_dagrun for example_task_group_decorator to 2023-05-14T00:17:22.624760+00:00, run_after=2023-05-15T00:17:22.624760+00:00
[2023-05-15T00:17:22.643+0000] {processor.py:178} INFO - Processing /home/airflow/.local/lib/python3.7/site-packages/airflow/example_dags/example_task_group_decorator.py took 0.239 seconds
[2023-05-15T00:17:52.762+0000] {processor.py:156} INFO - Started process (PID=1863) to work on /home/airflow/.local/lib/python3.7/site-packages/airflow/example_dags/example_task_group_decorator.py
[2023-05-15T00:17:52.764+0000] {processor.py:758} INFO - Processing file /home/airflow/.local/lib/python3.7/site-packages/airflow/example_dags/example_task_group_decorator.py for tasks to queue
[2023-05-15T00:17:52.765+0000] {logging_mixin.py:117} INFO - [2023-05-15T00:17:52.764+0000] {dagbag.py:525} INFO - Filling up the DagBag from /home/airflow/.local/lib/python3.7/site-packages/airflow/example_dags/example_task_group_decorator.py
[2023-05-15T00:17:52.829+0000] {processor.py:768} INFO - DAG(s) dict_keys(['example_task_group_decorator']) retrieved from /home/airflow/.local/lib/python3.7/site-packages/airflow/example_dags/example_task_group_decorator.py
[2023-05-15T00:17:52.896+0000] {logging_mixin.py:117} INFO - [2023-05-15T00:17:52.896+0000] {dag.py:2573} INFO - Sync 1 DAGs
[2023-05-15T00:17:52.927+0000] {logging_mixin.py:117} INFO - [2023-05-15T00:17:52.927+0000] {dag.py:3328} INFO - Setting next_dagrun for example_task_group_decorator to 2023-05-14T00:17:52.926815+00:00, run_after=2023-05-15T00:17:52.926815+00:00
[2023-05-15T00:17:52.953+0000] {processor.py:178} INFO - Processing /home/airflow/.local/lib/python3.7/site-packages/airflow/example_dags/example_task_group_decorator.py took 0.196 seconds
[2023-05-15T00:18:24.051+0000] {processor.py:156} INFO - Started process (PID=2074) to work on /home/airflow/.local/lib/python3.7/site-packages/airflow/example_dags/example_task_group_decorator.py
[2023-05-15T00:18:24.055+0000] {processor.py:758} INFO - Processing file /home/airflow/.local/lib/python3.7/site-packages/airflow/example_dags/example_task_group_decorator.py for tasks to queue
[2023-05-15T00:18:24.056+0000] {logging_mixin.py:117} INFO - [2023-05-15T00:18:24.056+0000] {dagbag.py:525} INFO - Filling up the DagBag from /home/airflow/.local/lib/python3.7/site-packages/airflow/example_dags/example_task_group_decorator.py
[2023-05-15T00:18:24.119+0000] {processor.py:768} INFO - DAG(s) dict_keys(['example_task_group_decorator']) retrieved from /home/airflow/.local/lib/python3.7/site-packages/airflow/example_dags/example_task_group_decorator.py
[2023-05-15T00:18:24.202+0000] {logging_mixin.py:117} INFO - [2023-05-15T00:18:24.202+0000] {dag.py:2573} INFO - Sync 1 DAGs
[2023-05-15T00:18:24.242+0000] {logging_mixin.py:117} INFO - [2023-05-15T00:18:24.241+0000] {dag.py:3328} INFO - Setting next_dagrun for example_task_group_decorator to 2023-05-14T00:18:24.241451+00:00, run_after=2023-05-15T00:18:24.241451+00:00
[2023-05-15T00:18:24.276+0000] {processor.py:178} INFO - Processing /home/airflow/.local/lib/python3.7/site-packages/airflow/example_dags/example_task_group_decorator.py took 0.232 seconds
[2023-05-15T00:18:54.693+0000] {processor.py:156} INFO - Started process (PID=2275) to work on /home/airflow/.local/lib/python3.7/site-packages/airflow/example_dags/example_task_group_decorator.py
[2023-05-15T00:18:54.694+0000] {processor.py:758} INFO - Processing file /home/airflow/.local/lib/python3.7/site-packages/airflow/example_dags/example_task_group_decorator.py for tasks to queue
[2023-05-15T00:18:54.695+0000] {logging_mixin.py:117} INFO - [2023-05-15T00:18:54.695+0000] {dagbag.py:525} INFO - Filling up the DagBag from /home/airflow/.local/lib/python3.7/site-packages/airflow/example_dags/example_task_group_decorator.py
[2023-05-15T00:18:54.753+0000] {processor.py:768} INFO - DAG(s) dict_keys(['example_task_group_decorator']) retrieved from /home/airflow/.local/lib/python3.7/site-packages/airflow/example_dags/example_task_group_decorator.py
[2023-05-15T00:18:54.826+0000] {logging_mixin.py:117} INFO - [2023-05-15T00:18:54.826+0000] {dag.py:2573} INFO - Sync 1 DAGs
[2023-05-15T00:18:54.868+0000] {logging_mixin.py:117} INFO - [2023-05-15T00:18:54.867+0000] {dag.py:3328} INFO - Setting next_dagrun for example_task_group_decorator to 2023-05-14T00:18:54.867559+00:00, run_after=2023-05-15T00:18:54.867559+00:00
[2023-05-15T00:18:54.893+0000] {processor.py:178} INFO - Processing /home/airflow/.local/lib/python3.7/site-packages/airflow/example_dags/example_task_group_decorator.py took 0.205 seconds
[2023-05-15T00:19:25.761+0000] {processor.py:156} INFO - Started process (PID=2486) to work on /home/airflow/.local/lib/python3.7/site-packages/airflow/example_dags/example_task_group_decorator.py
[2023-05-15T00:19:25.762+0000] {processor.py:758} INFO - Processing file /home/airflow/.local/lib/python3.7/site-packages/airflow/example_dags/example_task_group_decorator.py for tasks to queue
[2023-05-15T00:19:25.762+0000] {logging_mixin.py:117} INFO - [2023-05-15T00:19:25.762+0000] {dagbag.py:525} INFO - Filling up the DagBag from /home/airflow/.local/lib/python3.7/site-packages/airflow/example_dags/example_task_group_decorator.py
[2023-05-15T00:19:25.799+0000] {processor.py:768} INFO - DAG(s) dict_keys(['example_task_group_decorator']) retrieved from /home/airflow/.local/lib/python3.7/site-packages/airflow/example_dags/example_task_group_decorator.py
[2023-05-15T00:19:25.841+0000] {logging_mixin.py:117} INFO - [2023-05-15T00:19:25.841+0000] {dag.py:2573} INFO - Sync 1 DAGs
[2023-05-15T00:19:25.864+0000] {logging_mixin.py:117} INFO - [2023-05-15T00:19:25.864+0000] {dag.py:3328} INFO - Setting next_dagrun for example_task_group_decorator to 2023-05-14T00:19:25.864618+00:00, run_after=2023-05-15T00:19:25.864618+00:00
[2023-05-15T00:19:25.883+0000] {processor.py:178} INFO - Processing /home/airflow/.local/lib/python3.7/site-packages/airflow/example_dags/example_task_group_decorator.py took 0.128 seconds
[2023-05-15T00:19:56.222+0000] {processor.py:156} INFO - Started process (PID=2700) to work on /home/airflow/.local/lib/python3.7/site-packages/airflow/example_dags/example_task_group_decorator.py
[2023-05-15T00:19:56.223+0000] {processor.py:758} INFO - Processing file /home/airflow/.local/lib/python3.7/site-packages/airflow/example_dags/example_task_group_decorator.py for tasks to queue
[2023-05-15T00:19:56.223+0000] {logging_mixin.py:117} INFO - [2023-05-15T00:19:56.223+0000] {dagbag.py:525} INFO - Filling up the DagBag from /home/airflow/.local/lib/python3.7/site-packages/airflow/example_dags/example_task_group_decorator.py
[2023-05-15T00:19:56.252+0000] {processor.py:768} INFO - DAG(s) dict_keys(['example_task_group_decorator']) retrieved from /home/airflow/.local/lib/python3.7/site-packages/airflow/example_dags/example_task_group_decorator.py
[2023-05-15T00:19:56.288+0000] {logging_mixin.py:117} INFO - [2023-05-15T00:19:56.288+0000] {dag.py:2573} INFO - Sync 1 DAGs
[2023-05-15T00:19:56.316+0000] {logging_mixin.py:117} INFO - [2023-05-15T00:19:56.316+0000] {dag.py:3328} INFO - Setting next_dagrun for example_task_group_decorator to 2023-05-14T00:19:56.316006+00:00, run_after=2023-05-15T00:19:56.316006+00:00
[2023-05-15T00:19:56.335+0000] {processor.py:178} INFO - Processing /home/airflow/.local/lib/python3.7/site-packages/airflow/example_dags/example_task_group_decorator.py took 0.116 seconds
[2023-05-15T00:20:26.923+0000] {processor.py:156} INFO - Started process (PID=2900) to work on /home/airflow/.local/lib/python3.7/site-packages/airflow/example_dags/example_task_group_decorator.py
[2023-05-15T00:20:26.924+0000] {processor.py:758} INFO - Processing file /home/airflow/.local/lib/python3.7/site-packages/airflow/example_dags/example_task_group_decorator.py for tasks to queue
[2023-05-15T00:20:26.924+0000] {logging_mixin.py:117} INFO - [2023-05-15T00:20:26.924+0000] {dagbag.py:525} INFO - Filling up the DagBag from /home/airflow/.local/lib/python3.7/site-packages/airflow/example_dags/example_task_group_decorator.py
[2023-05-15T00:20:26.969+0000] {processor.py:768} INFO - DAG(s) dict_keys(['example_task_group_decorator']) retrieved from /home/airflow/.local/lib/python3.7/site-packages/airflow/example_dags/example_task_group_decorator.py
[2023-05-15T00:20:27.025+0000] {logging_mixin.py:117} INFO - [2023-05-15T00:20:27.025+0000] {dag.py:2573} INFO - Sync 1 DAGs
[2023-05-15T00:20:27.077+0000] {logging_mixin.py:117} INFO - [2023-05-15T00:20:27.077+0000] {dag.py:3328} INFO - Setting next_dagrun for example_task_group_decorator to 2023-05-14T00:20:27.077115+00:00, run_after=2023-05-15T00:20:27.077115+00:00
[2023-05-15T00:20:27.115+0000] {processor.py:178} INFO - Processing /home/airflow/.local/lib/python3.7/site-packages/airflow/example_dags/example_task_group_decorator.py took 0.197 seconds
[2023-05-15T00:20:57.836+0000] {processor.py:156} INFO - Started process (PID=3111) to work on /home/airflow/.local/lib/python3.7/site-packages/airflow/example_dags/example_task_group_decorator.py
[2023-05-15T00:20:57.836+0000] {processor.py:758} INFO - Processing file /home/airflow/.local/lib/python3.7/site-packages/airflow/example_dags/example_task_group_decorator.py for tasks to queue
[2023-05-15T00:20:57.837+0000] {logging_mixin.py:117} INFO - [2023-05-15T00:20:57.837+0000] {dagbag.py:525} INFO - Filling up the DagBag from /home/airflow/.local/lib/python3.7/site-packages/airflow/example_dags/example_task_group_decorator.py
[2023-05-15T00:20:57.876+0000] {processor.py:768} INFO - DAG(s) dict_keys(['example_task_group_decorator']) retrieved from /home/airflow/.local/lib/python3.7/site-packages/airflow/example_dags/example_task_group_decorator.py
[2023-05-15T00:20:57.917+0000] {logging_mixin.py:117} INFO - [2023-05-15T00:20:57.917+0000] {dag.py:2573} INFO - Sync 1 DAGs
[2023-05-15T00:20:57.954+0000] {logging_mixin.py:117} INFO - [2023-05-15T00:20:57.954+0000] {dag.py:3328} INFO - Setting next_dagrun for example_task_group_decorator to 2023-05-14T00:20:57.954400+00:00, run_after=2023-05-15T00:20:57.954400+00:00
[2023-05-15T00:20:57.974+0000] {processor.py:178} INFO - Processing /home/airflow/.local/lib/python3.7/site-packages/airflow/example_dags/example_task_group_decorator.py took 0.143 seconds
[2023-05-15T00:21:28.223+0000] {processor.py:156} INFO - Started process (PID=3324) to work on /home/airflow/.local/lib/python3.7/site-packages/airflow/example_dags/example_task_group_decorator.py
[2023-05-15T00:21:28.223+0000] {processor.py:758} INFO - Processing file /home/airflow/.local/lib/python3.7/site-packages/airflow/example_dags/example_task_group_decorator.py for tasks to queue
[2023-05-15T00:21:28.224+0000] {logging_mixin.py:117} INFO - [2023-05-15T00:21:28.224+0000] {dagbag.py:525} INFO - Filling up the DagBag from /home/airflow/.local/lib/python3.7/site-packages/airflow/example_dags/example_task_group_decorator.py
[2023-05-15T00:21:28.277+0000] {processor.py:768} INFO - DAG(s) dict_keys(['example_task_group_decorator']) retrieved from /home/airflow/.local/lib/python3.7/site-packages/airflow/example_dags/example_task_group_decorator.py
[2023-05-15T00:21:28.323+0000] {logging_mixin.py:117} INFO - [2023-05-15T00:21:28.322+0000] {dag.py:2573} INFO - Sync 1 DAGs
[2023-05-15T00:21:28.349+0000] {logging_mixin.py:117} INFO - [2023-05-15T00:21:28.349+0000] {dag.py:3328} INFO - Setting next_dagrun for example_task_group_decorator to 2023-05-14T00:21:28.349064+00:00, run_after=2023-05-15T00:21:28.349064+00:00
[2023-05-15T00:21:28.370+0000] {processor.py:178} INFO - Processing /home/airflow/.local/lib/python3.7/site-packages/airflow/example_dags/example_task_group_decorator.py took 0.151 seconds
[2023-05-15T00:21:58.633+0000] {processor.py:156} INFO - Started process (PID=3527) to work on /home/airflow/.local/lib/python3.7/site-packages/airflow/example_dags/example_task_group_decorator.py
[2023-05-15T00:21:58.634+0000] {processor.py:758} INFO - Processing file /home/airflow/.local/lib/python3.7/site-packages/airflow/example_dags/example_task_group_decorator.py for tasks to queue
[2023-05-15T00:21:58.634+0000] {logging_mixin.py:117} INFO - [2023-05-15T00:21:58.634+0000] {dagbag.py:525} INFO - Filling up the DagBag from /home/airflow/.local/lib/python3.7/site-packages/airflow/example_dags/example_task_group_decorator.py
[2023-05-15T00:21:58.673+0000] {processor.py:768} INFO - DAG(s) dict_keys(['example_task_group_decorator']) retrieved from /home/airflow/.local/lib/python3.7/site-packages/airflow/example_dags/example_task_group_decorator.py
[2023-05-15T00:21:58.733+0000] {logging_mixin.py:117} INFO - [2023-05-15T00:21:58.732+0000] {dag.py:2573} INFO - Sync 1 DAGs
[2023-05-15T00:21:58.760+0000] {logging_mixin.py:117} INFO - [2023-05-15T00:21:58.760+0000] {dag.py:3328} INFO - Setting next_dagrun for example_task_group_decorator to 2023-05-14T00:21:58.759994+00:00, run_after=2023-05-15T00:21:58.759994+00:00
[2023-05-15T00:21:58.785+0000] {processor.py:178} INFO - Processing /home/airflow/.local/lib/python3.7/site-packages/airflow/example_dags/example_task_group_decorator.py took 0.156 seconds
[2023-05-15T00:22:29.082+0000] {processor.py:156} INFO - Started process (PID=3740) to work on /home/airflow/.local/lib/python3.7/site-packages/airflow/example_dags/example_task_group_decorator.py
[2023-05-15T00:22:29.083+0000] {processor.py:758} INFO - Processing file /home/airflow/.local/lib/python3.7/site-packages/airflow/example_dags/example_task_group_decorator.py for tasks to queue
[2023-05-15T00:22:29.084+0000] {logging_mixin.py:117} INFO - [2023-05-15T00:22:29.083+0000] {dagbag.py:525} INFO - Filling up the DagBag from /home/airflow/.local/lib/python3.7/site-packages/airflow/example_dags/example_task_group_decorator.py
[2023-05-15T00:22:29.136+0000] {processor.py:768} INFO - DAG(s) dict_keys(['example_task_group_decorator']) retrieved from /home/airflow/.local/lib/python3.7/site-packages/airflow/example_dags/example_task_group_decorator.py
[2023-05-15T00:22:29.188+0000] {logging_mixin.py:117} INFO - [2023-05-15T00:22:29.188+0000] {dag.py:2573} INFO - Sync 1 DAGs
[2023-05-15T00:22:29.221+0000] {logging_mixin.py:117} INFO - [2023-05-15T00:22:29.221+0000] {dag.py:3328} INFO - Setting next_dagrun for example_task_group_decorator to 2023-05-14T00:22:29.220818+00:00, run_after=2023-05-15T00:22:29.220818+00:00
[2023-05-15T00:22:29.247+0000] {processor.py:178} INFO - Processing /home/airflow/.local/lib/python3.7/site-packages/airflow/example_dags/example_task_group_decorator.py took 0.169 seconds
[2023-05-15T00:23:00.028+0000] {processor.py:156} INFO - Started process (PID=3953) to work on /home/airflow/.local/lib/python3.7/site-packages/airflow/example_dags/example_task_group_decorator.py
[2023-05-15T00:23:00.029+0000] {processor.py:758} INFO - Processing file /home/airflow/.local/lib/python3.7/site-packages/airflow/example_dags/example_task_group_decorator.py for tasks to queue
[2023-05-15T00:23:00.030+0000] {logging_mixin.py:117} INFO - [2023-05-15T00:23:00.029+0000] {dagbag.py:525} INFO - Filling up the DagBag from /home/airflow/.local/lib/python3.7/site-packages/airflow/example_dags/example_task_group_decorator.py
[2023-05-15T00:23:00.069+0000] {processor.py:768} INFO - DAG(s) dict_keys(['example_task_group_decorator']) retrieved from /home/airflow/.local/lib/python3.7/site-packages/airflow/example_dags/example_task_group_decorator.py
[2023-05-15T00:23:00.121+0000] {logging_mixin.py:117} INFO - [2023-05-15T00:23:00.120+0000] {dag.py:2573} INFO - Sync 1 DAGs
[2023-05-15T00:23:00.159+0000] {logging_mixin.py:117} INFO - [2023-05-15T00:23:00.159+0000] {dag.py:3328} INFO - Setting next_dagrun for example_task_group_decorator to 2023-05-14T00:23:00.159139+00:00, run_after=2023-05-15T00:23:00.159139+00:00
[2023-05-15T00:23:00.184+0000] {processor.py:178} INFO - Processing /home/airflow/.local/lib/python3.7/site-packages/airflow/example_dags/example_task_group_decorator.py took 0.160 seconds
[2023-05-15T00:23:30.636+0000] {processor.py:156} INFO - Started process (PID=4156) to work on /home/airflow/.local/lib/python3.7/site-packages/airflow/example_dags/example_task_group_decorator.py
[2023-05-15T00:23:30.637+0000] {processor.py:758} INFO - Processing file /home/airflow/.local/lib/python3.7/site-packages/airflow/example_dags/example_task_group_decorator.py for tasks to queue
[2023-05-15T00:23:30.637+0000] {logging_mixin.py:117} INFO - [2023-05-15T00:23:30.637+0000] {dagbag.py:525} INFO - Filling up the DagBag from /home/airflow/.local/lib/python3.7/site-packages/airflow/example_dags/example_task_group_decorator.py
[2023-05-15T00:23:30.689+0000] {processor.py:768} INFO - DAG(s) dict_keys(['example_task_group_decorator']) retrieved from /home/airflow/.local/lib/python3.7/site-packages/airflow/example_dags/example_task_group_decorator.py
[2023-05-15T00:23:30.739+0000] {logging_mixin.py:117} INFO - [2023-05-15T00:23:30.739+0000] {dag.py:2573} INFO - Sync 1 DAGs
[2023-05-15T00:23:30.770+0000] {logging_mixin.py:117} INFO - [2023-05-15T00:23:30.770+0000] {dag.py:3328} INFO - Setting next_dagrun for example_task_group_decorator to 2023-05-14T00:23:30.769829+00:00, run_after=2023-05-15T00:23:30.769829+00:00
[2023-05-15T00:23:30.790+0000] {processor.py:178} INFO - Processing /home/airflow/.local/lib/python3.7/site-packages/airflow/example_dags/example_task_group_decorator.py took 0.158 seconds
[2023-05-15T00:24:01.257+0000] {processor.py:156} INFO - Started process (PID=4368) to work on /home/airflow/.local/lib/python3.7/site-packages/airflow/example_dags/example_task_group_decorator.py
[2023-05-15T00:24:01.258+0000] {processor.py:758} INFO - Processing file /home/airflow/.local/lib/python3.7/site-packages/airflow/example_dags/example_task_group_decorator.py for tasks to queue
[2023-05-15T00:24:01.258+0000] {logging_mixin.py:117} INFO - [2023-05-15T00:24:01.258+0000] {dagbag.py:525} INFO - Filling up the DagBag from /home/airflow/.local/lib/python3.7/site-packages/airflow/example_dags/example_task_group_decorator.py
[2023-05-15T00:24:01.298+0000] {processor.py:768} INFO - DAG(s) dict_keys(['example_task_group_decorator']) retrieved from /home/airflow/.local/lib/python3.7/site-packages/airflow/example_dags/example_task_group_decorator.py
[2023-05-15T00:24:01.340+0000] {logging_mixin.py:117} INFO - [2023-05-15T00:24:01.339+0000] {dag.py:2573} INFO - Sync 1 DAGs
[2023-05-15T00:24:01.363+0000] {logging_mixin.py:117} INFO - [2023-05-15T00:24:01.363+0000] {dag.py:3328} INFO - Setting next_dagrun for example_task_group_decorator to 2023-05-14T00:24:01.363144+00:00, run_after=2023-05-15T00:24:01.363144+00:00
[2023-05-15T00:24:01.387+0000] {processor.py:178} INFO - Processing /home/airflow/.local/lib/python3.7/site-packages/airflow/example_dags/example_task_group_decorator.py took 0.133 seconds
[2023-05-15T00:24:31.915+0000] {processor.py:156} INFO - Started process (PID=4580) to work on /home/airflow/.local/lib/python3.7/site-packages/airflow/example_dags/example_task_group_decorator.py
[2023-05-15T00:24:31.916+0000] {processor.py:758} INFO - Processing file /home/airflow/.local/lib/python3.7/site-packages/airflow/example_dags/example_task_group_decorator.py for tasks to queue
[2023-05-15T00:24:31.917+0000] {logging_mixin.py:117} INFO - [2023-05-15T00:24:31.916+0000] {dagbag.py:525} INFO - Filling up the DagBag from /home/airflow/.local/lib/python3.7/site-packages/airflow/example_dags/example_task_group_decorator.py
[2023-05-15T00:24:31.963+0000] {processor.py:768} INFO - DAG(s) dict_keys(['example_task_group_decorator']) retrieved from /home/airflow/.local/lib/python3.7/site-packages/airflow/example_dags/example_task_group_decorator.py
[2023-05-15T00:24:32.010+0000] {logging_mixin.py:117} INFO - [2023-05-15T00:24:32.010+0000] {dag.py:2573} INFO - Sync 1 DAGs
[2023-05-15T00:24:32.033+0000] {logging_mixin.py:117} INFO - [2023-05-15T00:24:32.033+0000] {dag.py:3328} INFO - Setting next_dagrun for example_task_group_decorator to 2023-05-14T00:24:32.033467+00:00, run_after=2023-05-15T00:24:32.033467+00:00
[2023-05-15T00:24:32.054+0000] {processor.py:178} INFO - Processing /home/airflow/.local/lib/python3.7/site-packages/airflow/example_dags/example_task_group_decorator.py took 0.142 seconds
[2023-05-15T00:34:03.116+0000] {processor.py:156} INFO - Started process (PID=204) to work on /home/airflow/.local/lib/python3.7/site-packages/airflow/example_dags/example_task_group_decorator.py
[2023-05-15T00:34:03.117+0000] {processor.py:758} INFO - Processing file /home/airflow/.local/lib/python3.7/site-packages/airflow/example_dags/example_task_group_decorator.py for tasks to queue
[2023-05-15T00:34:03.118+0000] {logging_mixin.py:117} INFO - [2023-05-15T00:34:03.118+0000] {dagbag.py:525} INFO - Filling up the DagBag from /home/airflow/.local/lib/python3.7/site-packages/airflow/example_dags/example_task_group_decorator.py
[2023-05-15T00:34:03.167+0000] {processor.py:768} INFO - DAG(s) dict_keys(['example_task_group_decorator']) retrieved from /home/airflow/.local/lib/python3.7/site-packages/airflow/example_dags/example_task_group_decorator.py
[2023-05-15T00:34:03.203+0000] {logging_mixin.py:117} INFO - [2023-05-15T00:34:03.203+0000] {dag.py:2573} INFO - Sync 1 DAGs
[2023-05-15T00:34:03.248+0000] {logging_mixin.py:117} INFO - [2023-05-15T00:34:03.248+0000] {dag.py:3328} INFO - Setting next_dagrun for example_task_group_decorator to 2023-05-14T00:34:03.248131+00:00, run_after=2023-05-15T00:34:03.248131+00:00
[2023-05-15T00:34:03.296+0000] {processor.py:178} INFO - Processing /home/airflow/.local/lib/python3.7/site-packages/airflow/example_dags/example_task_group_decorator.py took 0.184 seconds
[2023-05-15T00:34:34.097+0000] {processor.py:156} INFO - Started process (PID=408) to work on /home/airflow/.local/lib/python3.7/site-packages/airflow/example_dags/example_task_group_decorator.py
[2023-05-15T00:34:34.098+0000] {processor.py:758} INFO - Processing file /home/airflow/.local/lib/python3.7/site-packages/airflow/example_dags/example_task_group_decorator.py for tasks to queue
[2023-05-15T00:34:34.099+0000] {logging_mixin.py:117} INFO - [2023-05-15T00:34:34.099+0000] {dagbag.py:525} INFO - Filling up the DagBag from /home/airflow/.local/lib/python3.7/site-packages/airflow/example_dags/example_task_group_decorator.py
[2023-05-15T00:34:34.133+0000] {processor.py:768} INFO - DAG(s) dict_keys(['example_task_group_decorator']) retrieved from /home/airflow/.local/lib/python3.7/site-packages/airflow/example_dags/example_task_group_decorator.py
[2023-05-15T00:34:34.169+0000] {logging_mixin.py:117} INFO - [2023-05-15T00:34:34.169+0000] {dag.py:2573} INFO - Sync 1 DAGs
[2023-05-15T00:34:34.192+0000] {logging_mixin.py:117} INFO - [2023-05-15T00:34:34.192+0000] {dag.py:3328} INFO - Setting next_dagrun for example_task_group_decorator to 2023-05-14T00:34:34.191969+00:00, run_after=2023-05-15T00:34:34.191969+00:00
[2023-05-15T00:34:34.314+0000] {processor.py:178} INFO - Processing /home/airflow/.local/lib/python3.7/site-packages/airflow/example_dags/example_task_group_decorator.py took 0.220 seconds
