[2023-05-15T00:13:47.105+0000] {processor.py:156} INFO - Started process (PID=223) to work on /home/airflow/.local/lib/python3.7/site-packages/airflow/example_dags/example_skip_dag.py
[2023-05-15T00:13:47.105+0000] {processor.py:758} INFO - Processing file /home/airflow/.local/lib/python3.7/site-packages/airflow/example_dags/example_skip_dag.py for tasks to queue
[2023-05-15T00:13:47.106+0000] {logging_mixin.py:117} INFO - [2023-05-15T00:13:47.106+0000] {dagbag.py:525} INFO - Filling up the DagBag from /home/airflow/.local/lib/python3.7/site-packages/airflow/example_dags/example_skip_dag.py
[2023-05-15T00:13:47.127+0000] {processor.py:768} INFO - DAG(s) dict_keys(['example_skip_dag']) retrieved from /home/airflow/.local/lib/python3.7/site-packages/airflow/example_dags/example_skip_dag.py
[2023-05-15T00:13:47.159+0000] {logging_mixin.py:117} INFO - [2023-05-15T00:13:47.159+0000] {dag.py:2573} INFO - Sync 1 DAGs
[2023-05-15T00:13:47.185+0000] {logging_mixin.py:117} INFO - [2023-05-15T00:13:47.185+0000] {dag.py:3328} INFO - Setting next_dagrun for example_skip_dag to 2023-05-14T00:13:47.185086+00:00, run_after=2023-05-15T00:13:47.185086+00:00
[2023-05-15T00:13:47.212+0000] {processor.py:178} INFO - Processing /home/airflow/.local/lib/python3.7/site-packages/airflow/example_dags/example_skip_dag.py took 0.112 seconds
[2023-05-15T00:14:18.876+0000] {processor.py:156} INFO - Started process (PID=428) to work on /home/airflow/.local/lib/python3.7/site-packages/airflow/example_dags/example_skip_dag.py
[2023-05-15T00:14:18.878+0000] {processor.py:758} INFO - Processing file /home/airflow/.local/lib/python3.7/site-packages/airflow/example_dags/example_skip_dag.py for tasks to queue
[2023-05-15T00:14:18.879+0000] {logging_mixin.py:117} INFO - [2023-05-15T00:14:18.878+0000] {dagbag.py:525} INFO - Filling up the DagBag from /home/airflow/.local/lib/python3.7/site-packages/airflow/example_dags/example_skip_dag.py
[2023-05-15T00:14:18.926+0000] {processor.py:768} INFO - DAG(s) dict_keys(['example_skip_dag']) retrieved from /home/airflow/.local/lib/python3.7/site-packages/airflow/example_dags/example_skip_dag.py
[2023-05-15T00:14:19.052+0000] {logging_mixin.py:117} INFO - [2023-05-15T00:14:19.052+0000] {dag.py:2573} INFO - Sync 1 DAGs
[2023-05-15T00:14:19.131+0000] {logging_mixin.py:117} INFO - [2023-05-15T00:14:19.131+0000] {dag.py:3328} INFO - Setting next_dagrun for example_skip_dag to 2023-05-14T00:14:19.130527+00:00, run_after=2023-05-15T00:14:19.130527+00:00
[2023-05-15T00:14:19.176+0000] {processor.py:178} INFO - Processing /home/airflow/.local/lib/python3.7/site-packages/airflow/example_dags/example_skip_dag.py took 0.306 seconds
[2023-05-15T00:14:49.918+0000] {processor.py:156} INFO - Started process (PID=638) to work on /home/airflow/.local/lib/python3.7/site-packages/airflow/example_dags/example_skip_dag.py
[2023-05-15T00:14:49.919+0000] {processor.py:758} INFO - Processing file /home/airflow/.local/lib/python3.7/site-packages/airflow/example_dags/example_skip_dag.py for tasks to queue
[2023-05-15T00:14:49.920+0000] {logging_mixin.py:117} INFO - [2023-05-15T00:14:49.920+0000] {dagbag.py:525} INFO - Filling up the DagBag from /home/airflow/.local/lib/python3.7/site-packages/airflow/example_dags/example_skip_dag.py
[2023-05-15T00:14:49.964+0000] {processor.py:768} INFO - DAG(s) dict_keys(['example_skip_dag']) retrieved from /home/airflow/.local/lib/python3.7/site-packages/airflow/example_dags/example_skip_dag.py
[2023-05-15T00:14:50.077+0000] {logging_mixin.py:117} INFO - [2023-05-15T00:14:50.076+0000] {dag.py:2573} INFO - Sync 1 DAGs
[2023-05-15T00:14:50.140+0000] {logging_mixin.py:117} INFO - [2023-05-15T00:14:50.140+0000] {dag.py:3328} INFO - Setting next_dagrun for example_skip_dag to 2023-05-14T00:14:50.140179+00:00, run_after=2023-05-15T00:14:50.140179+00:00
[2023-05-15T00:14:50.391+0000] {processor.py:178} INFO - Processing /home/airflow/.local/lib/python3.7/site-packages/airflow/example_dags/example_skip_dag.py took 0.484 seconds
[2023-05-15T00:15:20.694+0000] {processor.py:156} INFO - Started process (PID=842) to work on /home/airflow/.local/lib/python3.7/site-packages/airflow/example_dags/example_skip_dag.py
[2023-05-15T00:15:20.694+0000] {processor.py:758} INFO - Processing file /home/airflow/.local/lib/python3.7/site-packages/airflow/example_dags/example_skip_dag.py for tasks to queue
[2023-05-15T00:15:20.695+0000] {logging_mixin.py:117} INFO - [2023-05-15T00:15:20.695+0000] {dagbag.py:525} INFO - Filling up the DagBag from /home/airflow/.local/lib/python3.7/site-packages/airflow/example_dags/example_skip_dag.py
[2023-05-15T00:15:20.718+0000] {processor.py:768} INFO - DAG(s) dict_keys(['example_skip_dag']) retrieved from /home/airflow/.local/lib/python3.7/site-packages/airflow/example_dags/example_skip_dag.py
[2023-05-15T00:15:20.768+0000] {logging_mixin.py:117} INFO - [2023-05-15T00:15:20.767+0000] {dag.py:2573} INFO - Sync 1 DAGs
[2023-05-15T00:15:20.960+0000] {logging_mixin.py:117} INFO - [2023-05-15T00:15:20.960+0000] {dag.py:3328} INFO - Setting next_dagrun for example_skip_dag to 2023-05-14T00:15:20.960557+00:00, run_after=2023-05-15T00:15:20.960557+00:00
[2023-05-15T00:15:21.004+0000] {processor.py:178} INFO - Processing /home/airflow/.local/lib/python3.7/site-packages/airflow/example_dags/example_skip_dag.py took 0.314 seconds
[2023-05-15T00:15:51.654+0000] {processor.py:156} INFO - Started process (PID=1053) to work on /home/airflow/.local/lib/python3.7/site-packages/airflow/example_dags/example_skip_dag.py
[2023-05-15T00:15:51.656+0000] {processor.py:758} INFO - Processing file /home/airflow/.local/lib/python3.7/site-packages/airflow/example_dags/example_skip_dag.py for tasks to queue
[2023-05-15T00:15:51.657+0000] {logging_mixin.py:117} INFO - [2023-05-15T00:15:51.657+0000] {dagbag.py:525} INFO - Filling up the DagBag from /home/airflow/.local/lib/python3.7/site-packages/airflow/example_dags/example_skip_dag.py
[2023-05-15T00:15:51.683+0000] {processor.py:768} INFO - DAG(s) dict_keys(['example_skip_dag']) retrieved from /home/airflow/.local/lib/python3.7/site-packages/airflow/example_dags/example_skip_dag.py
[2023-05-15T00:15:51.753+0000] {logging_mixin.py:117} INFO - [2023-05-15T00:15:51.753+0000] {dag.py:2573} INFO - Sync 1 DAGs
[2023-05-15T00:15:52.015+0000] {logging_mixin.py:117} INFO - [2023-05-15T00:15:52.014+0000] {dag.py:3328} INFO - Setting next_dagrun for example_skip_dag to 2023-05-14T00:15:52.014636+00:00, run_after=2023-05-15T00:15:52.014636+00:00
[2023-05-15T00:15:52.051+0000] {processor.py:178} INFO - Processing /home/airflow/.local/lib/python3.7/site-packages/airflow/example_dags/example_skip_dag.py took 0.403 seconds
[2023-05-15T00:16:22.692+0000] {processor.py:156} INFO - Started process (PID=1255) to work on /home/airflow/.local/lib/python3.7/site-packages/airflow/example_dags/example_skip_dag.py
[2023-05-15T00:16:22.694+0000] {processor.py:758} INFO - Processing file /home/airflow/.local/lib/python3.7/site-packages/airflow/example_dags/example_skip_dag.py for tasks to queue
[2023-05-15T00:16:22.702+0000] {logging_mixin.py:117} INFO - [2023-05-15T00:16:22.701+0000] {dagbag.py:525} INFO - Filling up the DagBag from /home/airflow/.local/lib/python3.7/site-packages/airflow/example_dags/example_skip_dag.py
[2023-05-15T00:16:22.730+0000] {processor.py:768} INFO - DAG(s) dict_keys(['example_skip_dag']) retrieved from /home/airflow/.local/lib/python3.7/site-packages/airflow/example_dags/example_skip_dag.py
[2023-05-15T00:16:22.986+0000] {logging_mixin.py:117} INFO - [2023-05-15T00:16:22.985+0000] {dag.py:2573} INFO - Sync 1 DAGs
[2023-05-15T00:16:23.021+0000] {logging_mixin.py:117} INFO - [2023-05-15T00:16:23.021+0000] {dag.py:3328} INFO - Setting next_dagrun for example_skip_dag to 2023-05-14T00:16:23.021457+00:00, run_after=2023-05-15T00:16:23.021457+00:00
[2023-05-15T00:16:23.051+0000] {processor.py:178} INFO - Processing /home/airflow/.local/lib/python3.7/site-packages/airflow/example_dags/example_skip_dag.py took 0.362 seconds
[2023-05-15T00:16:53.627+0000] {processor.py:156} INFO - Started process (PID=1467) to work on /home/airflow/.local/lib/python3.7/site-packages/airflow/example_dags/example_skip_dag.py
[2023-05-15T00:16:53.629+0000] {processor.py:758} INFO - Processing file /home/airflow/.local/lib/python3.7/site-packages/airflow/example_dags/example_skip_dag.py for tasks to queue
[2023-05-15T00:16:53.630+0000] {logging_mixin.py:117} INFO - [2023-05-15T00:16:53.629+0000] {dagbag.py:525} INFO - Filling up the DagBag from /home/airflow/.local/lib/python3.7/site-packages/airflow/example_dags/example_skip_dag.py
[2023-05-15T00:16:53.661+0000] {processor.py:768} INFO - DAG(s) dict_keys(['example_skip_dag']) retrieved from /home/airflow/.local/lib/python3.7/site-packages/airflow/example_dags/example_skip_dag.py
[2023-05-15T00:16:53.945+0000] {logging_mixin.py:117} INFO - [2023-05-15T00:16:53.945+0000] {dag.py:2573} INFO - Sync 1 DAGs
[2023-05-15T00:16:53.979+0000] {logging_mixin.py:117} INFO - [2023-05-15T00:16:53.979+0000] {dag.py:3328} INFO - Setting next_dagrun for example_skip_dag to 2023-05-14T00:16:53.979242+00:00, run_after=2023-05-15T00:16:53.979242+00:00
[2023-05-15T00:16:54.013+0000] {processor.py:178} INFO - Processing /home/airflow/.local/lib/python3.7/site-packages/airflow/example_dags/example_skip_dag.py took 0.391 seconds
[2023-05-15T00:17:24.577+0000] {processor.py:156} INFO - Started process (PID=1680) to work on /home/airflow/.local/lib/python3.7/site-packages/airflow/example_dags/example_skip_dag.py
[2023-05-15T00:17:24.579+0000] {processor.py:758} INFO - Processing file /home/airflow/.local/lib/python3.7/site-packages/airflow/example_dags/example_skip_dag.py for tasks to queue
[2023-05-15T00:17:24.581+0000] {logging_mixin.py:117} INFO - [2023-05-15T00:17:24.580+0000] {dagbag.py:525} INFO - Filling up the DagBag from /home/airflow/.local/lib/python3.7/site-packages/airflow/example_dags/example_skip_dag.py
[2023-05-15T00:17:24.826+0000] {processor.py:768} INFO - DAG(s) dict_keys(['example_skip_dag']) retrieved from /home/airflow/.local/lib/python3.7/site-packages/airflow/example_dags/example_skip_dag.py
[2023-05-15T00:17:24.869+0000] {logging_mixin.py:117} INFO - [2023-05-15T00:17:24.868+0000] {dag.py:2573} INFO - Sync 1 DAGs
[2023-05-15T00:17:24.903+0000] {logging_mixin.py:117} INFO - [2023-05-15T00:17:24.902+0000] {dag.py:3328} INFO - Setting next_dagrun for example_skip_dag to 2023-05-14T00:17:24.902730+00:00, run_after=2023-05-15T00:17:24.902730+00:00
[2023-05-15T00:17:24.926+0000] {processor.py:178} INFO - Processing /home/airflow/.local/lib/python3.7/site-packages/airflow/example_dags/example_skip_dag.py took 0.354 seconds
[2023-05-15T00:17:55.096+0000] {processor.py:156} INFO - Started process (PID=1883) to work on /home/airflow/.local/lib/python3.7/site-packages/airflow/example_dags/example_skip_dag.py
[2023-05-15T00:17:55.098+0000] {processor.py:758} INFO - Processing file /home/airflow/.local/lib/python3.7/site-packages/airflow/example_dags/example_skip_dag.py for tasks to queue
[2023-05-15T00:17:55.099+0000] {logging_mixin.py:117} INFO - [2023-05-15T00:17:55.099+0000] {dagbag.py:525} INFO - Filling up the DagBag from /home/airflow/.local/lib/python3.7/site-packages/airflow/example_dags/example_skip_dag.py
[2023-05-15T00:17:55.124+0000] {processor.py:768} INFO - DAG(s) dict_keys(['example_skip_dag']) retrieved from /home/airflow/.local/lib/python3.7/site-packages/airflow/example_dags/example_skip_dag.py
[2023-05-15T00:17:55.181+0000] {logging_mixin.py:117} INFO - [2023-05-15T00:17:55.181+0000] {dag.py:2573} INFO - Sync 1 DAGs
[2023-05-15T00:17:55.209+0000] {logging_mixin.py:117} INFO - [2023-05-15T00:17:55.209+0000] {dag.py:3328} INFO - Setting next_dagrun for example_skip_dag to 2023-05-14T00:17:55.209348+00:00, run_after=2023-05-15T00:17:55.209348+00:00
[2023-05-15T00:17:55.233+0000] {processor.py:178} INFO - Processing /home/airflow/.local/lib/python3.7/site-packages/airflow/example_dags/example_skip_dag.py took 0.142 seconds
[2023-05-15T00:18:25.484+0000] {processor.py:156} INFO - Started process (PID=2094) to work on /home/airflow/.local/lib/python3.7/site-packages/airflow/example_dags/example_skip_dag.py
[2023-05-15T00:18:25.486+0000] {processor.py:758} INFO - Processing file /home/airflow/.local/lib/python3.7/site-packages/airflow/example_dags/example_skip_dag.py for tasks to queue
[2023-05-15T00:18:25.487+0000] {logging_mixin.py:117} INFO - [2023-05-15T00:18:25.486+0000] {dagbag.py:525} INFO - Filling up the DagBag from /home/airflow/.local/lib/python3.7/site-packages/airflow/example_dags/example_skip_dag.py
[2023-05-15T00:18:25.512+0000] {processor.py:768} INFO - DAG(s) dict_keys(['example_skip_dag']) retrieved from /home/airflow/.local/lib/python3.7/site-packages/airflow/example_dags/example_skip_dag.py
[2023-05-15T00:18:25.565+0000] {logging_mixin.py:117} INFO - [2023-05-15T00:18:25.565+0000] {dag.py:2573} INFO - Sync 1 DAGs
[2023-05-15T00:18:25.600+0000] {logging_mixin.py:117} INFO - [2023-05-15T00:18:25.600+0000] {dag.py:3328} INFO - Setting next_dagrun for example_skip_dag to 2023-05-14T00:18:25.600458+00:00, run_after=2023-05-15T00:18:25.600458+00:00
[2023-05-15T00:18:25.623+0000] {processor.py:178} INFO - Processing /home/airflow/.local/lib/python3.7/site-packages/airflow/example_dags/example_skip_dag.py took 0.145 seconds
[2023-05-15T00:18:56.051+0000] {processor.py:156} INFO - Started process (PID=2305) to work on /home/airflow/.local/lib/python3.7/site-packages/airflow/example_dags/example_skip_dag.py
[2023-05-15T00:18:56.051+0000] {processor.py:758} INFO - Processing file /home/airflow/.local/lib/python3.7/site-packages/airflow/example_dags/example_skip_dag.py for tasks to queue
[2023-05-15T00:18:56.052+0000] {logging_mixin.py:117} INFO - [2023-05-15T00:18:56.052+0000] {dagbag.py:525} INFO - Filling up the DagBag from /home/airflow/.local/lib/python3.7/site-packages/airflow/example_dags/example_skip_dag.py
[2023-05-15T00:18:56.070+0000] {processor.py:768} INFO - DAG(s) dict_keys(['example_skip_dag']) retrieved from /home/airflow/.local/lib/python3.7/site-packages/airflow/example_dags/example_skip_dag.py
[2023-05-15T00:18:56.124+0000] {logging_mixin.py:117} INFO - [2023-05-15T00:18:56.124+0000] {dag.py:2573} INFO - Sync 1 DAGs
[2023-05-15T00:18:56.164+0000] {logging_mixin.py:117} INFO - [2023-05-15T00:18:56.163+0000] {dag.py:3328} INFO - Setting next_dagrun for example_skip_dag to 2023-05-14T00:18:56.163568+00:00, run_after=2023-05-15T00:18:56.163568+00:00
[2023-05-15T00:18:56.187+0000] {processor.py:178} INFO - Processing /home/airflow/.local/lib/python3.7/site-packages/airflow/example_dags/example_skip_dag.py took 0.141 seconds
[2023-05-15T00:19:27.088+0000] {processor.py:156} INFO - Started process (PID=2507) to work on /home/airflow/.local/lib/python3.7/site-packages/airflow/example_dags/example_skip_dag.py
[2023-05-15T00:19:27.089+0000] {processor.py:758} INFO - Processing file /home/airflow/.local/lib/python3.7/site-packages/airflow/example_dags/example_skip_dag.py for tasks to queue
[2023-05-15T00:19:27.090+0000] {logging_mixin.py:117} INFO - [2023-05-15T00:19:27.090+0000] {dagbag.py:525} INFO - Filling up the DagBag from /home/airflow/.local/lib/python3.7/site-packages/airflow/example_dags/example_skip_dag.py
[2023-05-15T00:19:27.112+0000] {processor.py:768} INFO - DAG(s) dict_keys(['example_skip_dag']) retrieved from /home/airflow/.local/lib/python3.7/site-packages/airflow/example_dags/example_skip_dag.py
[2023-05-15T00:19:27.156+0000] {logging_mixin.py:117} INFO - [2023-05-15T00:19:27.155+0000] {dag.py:2573} INFO - Sync 1 DAGs
[2023-05-15T00:19:27.195+0000] {logging_mixin.py:117} INFO - [2023-05-15T00:19:27.194+0000] {dag.py:3328} INFO - Setting next_dagrun for example_skip_dag to 2023-05-14T00:19:27.194628+00:00, run_after=2023-05-15T00:19:27.194628+00:00
[2023-05-15T00:19:27.220+0000] {processor.py:178} INFO - Processing /home/airflow/.local/lib/python3.7/site-packages/airflow/example_dags/example_skip_dag.py took 0.136 seconds
[2023-05-15T00:19:57.709+0000] {processor.py:156} INFO - Started process (PID=2720) to work on /home/airflow/.local/lib/python3.7/site-packages/airflow/example_dags/example_skip_dag.py
[2023-05-15T00:19:57.710+0000] {processor.py:758} INFO - Processing file /home/airflow/.local/lib/python3.7/site-packages/airflow/example_dags/example_skip_dag.py for tasks to queue
[2023-05-15T00:19:57.711+0000] {logging_mixin.py:117} INFO - [2023-05-15T00:19:57.711+0000] {dagbag.py:525} INFO - Filling up the DagBag from /home/airflow/.local/lib/python3.7/site-packages/airflow/example_dags/example_skip_dag.py
[2023-05-15T00:19:57.728+0000] {processor.py:768} INFO - DAG(s) dict_keys(['example_skip_dag']) retrieved from /home/airflow/.local/lib/python3.7/site-packages/airflow/example_dags/example_skip_dag.py
[2023-05-15T00:19:57.779+0000] {logging_mixin.py:117} INFO - [2023-05-15T00:19:57.779+0000] {dag.py:2573} INFO - Sync 1 DAGs
[2023-05-15T00:19:57.802+0000] {logging_mixin.py:117} INFO - [2023-05-15T00:19:57.802+0000] {dag.py:3328} INFO - Setting next_dagrun for example_skip_dag to 2023-05-14T00:19:57.802141+00:00, run_after=2023-05-15T00:19:57.802141+00:00
[2023-05-15T00:19:57.824+0000] {processor.py:178} INFO - Processing /home/airflow/.local/lib/python3.7/site-packages/airflow/example_dags/example_skip_dag.py took 0.122 seconds
[2023-05-15T00:20:28.408+0000] {processor.py:156} INFO - Started process (PID=2931) to work on /home/airflow/.local/lib/python3.7/site-packages/airflow/example_dags/example_skip_dag.py
[2023-05-15T00:20:28.410+0000] {processor.py:758} INFO - Processing file /home/airflow/.local/lib/python3.7/site-packages/airflow/example_dags/example_skip_dag.py for tasks to queue
[2023-05-15T00:20:28.411+0000] {logging_mixin.py:117} INFO - [2023-05-15T00:20:28.410+0000] {dagbag.py:525} INFO - Filling up the DagBag from /home/airflow/.local/lib/python3.7/site-packages/airflow/example_dags/example_skip_dag.py
[2023-05-15T00:20:28.429+0000] {processor.py:768} INFO - DAG(s) dict_keys(['example_skip_dag']) retrieved from /home/airflow/.local/lib/python3.7/site-packages/airflow/example_dags/example_skip_dag.py
[2023-05-15T00:20:28.489+0000] {logging_mixin.py:117} INFO - [2023-05-15T00:20:28.489+0000] {dag.py:2573} INFO - Sync 1 DAGs
[2023-05-15T00:20:28.529+0000] {logging_mixin.py:117} INFO - [2023-05-15T00:20:28.529+0000] {dag.py:3328} INFO - Setting next_dagrun for example_skip_dag to 2023-05-14T00:20:28.528906+00:00, run_after=2023-05-15T00:20:28.528906+00:00
[2023-05-15T00:20:28.566+0000] {processor.py:178} INFO - Processing /home/airflow/.local/lib/python3.7/site-packages/airflow/example_dags/example_skip_dag.py took 0.163 seconds
[2023-05-15T00:20:59.203+0000] {processor.py:156} INFO - Started process (PID=3133) to work on /home/airflow/.local/lib/python3.7/site-packages/airflow/example_dags/example_skip_dag.py
[2023-05-15T00:20:59.204+0000] {processor.py:758} INFO - Processing file /home/airflow/.local/lib/python3.7/site-packages/airflow/example_dags/example_skip_dag.py for tasks to queue
[2023-05-15T00:20:59.205+0000] {logging_mixin.py:117} INFO - [2023-05-15T00:20:59.205+0000] {dagbag.py:525} INFO - Filling up the DagBag from /home/airflow/.local/lib/python3.7/site-packages/airflow/example_dags/example_skip_dag.py
[2023-05-15T00:20:59.221+0000] {processor.py:768} INFO - DAG(s) dict_keys(['example_skip_dag']) retrieved from /home/airflow/.local/lib/python3.7/site-packages/airflow/example_dags/example_skip_dag.py
[2023-05-15T00:20:59.259+0000] {logging_mixin.py:117} INFO - [2023-05-15T00:20:59.259+0000] {dag.py:2573} INFO - Sync 1 DAGs
[2023-05-15T00:20:59.282+0000] {logging_mixin.py:117} INFO - [2023-05-15T00:20:59.282+0000] {dag.py:3328} INFO - Setting next_dagrun for example_skip_dag to 2023-05-14T00:20:59.282384+00:00, run_after=2023-05-15T00:20:59.282384+00:00
[2023-05-15T00:20:59.302+0000] {processor.py:178} INFO - Processing /home/airflow/.local/lib/python3.7/site-packages/airflow/example_dags/example_skip_dag.py took 0.107 seconds
[2023-05-15T00:21:29.602+0000] {processor.py:156} INFO - Started process (PID=3346) to work on /home/airflow/.local/lib/python3.7/site-packages/airflow/example_dags/example_skip_dag.py
[2023-05-15T00:21:29.604+0000] {processor.py:758} INFO - Processing file /home/airflow/.local/lib/python3.7/site-packages/airflow/example_dags/example_skip_dag.py for tasks to queue
[2023-05-15T00:21:29.605+0000] {logging_mixin.py:117} INFO - [2023-05-15T00:21:29.605+0000] {dagbag.py:525} INFO - Filling up the DagBag from /home/airflow/.local/lib/python3.7/site-packages/airflow/example_dags/example_skip_dag.py
[2023-05-15T00:21:29.626+0000] {processor.py:768} INFO - DAG(s) dict_keys(['example_skip_dag']) retrieved from /home/airflow/.local/lib/python3.7/site-packages/airflow/example_dags/example_skip_dag.py
[2023-05-15T00:21:29.666+0000] {logging_mixin.py:117} INFO - [2023-05-15T00:21:29.666+0000] {dag.py:2573} INFO - Sync 1 DAGs
[2023-05-15T00:21:29.690+0000] {logging_mixin.py:117} INFO - [2023-05-15T00:21:29.690+0000] {dag.py:3328} INFO - Setting next_dagrun for example_skip_dag to 2023-05-14T00:21:29.689878+00:00, run_after=2023-05-15T00:21:29.689878+00:00
[2023-05-15T00:21:29.710+0000] {processor.py:178} INFO - Processing /home/airflow/.local/lib/python3.7/site-packages/airflow/example_dags/example_skip_dag.py took 0.121 seconds
[2023-05-15T00:22:00.007+0000] {processor.py:156} INFO - Started process (PID=3558) to work on /home/airflow/.local/lib/python3.7/site-packages/airflow/example_dags/example_skip_dag.py
[2023-05-15T00:22:00.008+0000] {processor.py:758} INFO - Processing file /home/airflow/.local/lib/python3.7/site-packages/airflow/example_dags/example_skip_dag.py for tasks to queue
[2023-05-15T00:22:00.009+0000] {logging_mixin.py:117} INFO - [2023-05-15T00:22:00.009+0000] {dagbag.py:525} INFO - Filling up the DagBag from /home/airflow/.local/lib/python3.7/site-packages/airflow/example_dags/example_skip_dag.py
[2023-05-15T00:22:00.047+0000] {processor.py:768} INFO - DAG(s) dict_keys(['example_skip_dag']) retrieved from /home/airflow/.local/lib/python3.7/site-packages/airflow/example_dags/example_skip_dag.py
[2023-05-15T00:22:00.118+0000] {logging_mixin.py:117} INFO - [2023-05-15T00:22:00.118+0000] {dag.py:2573} INFO - Sync 1 DAGs
[2023-05-15T00:22:00.158+0000] {logging_mixin.py:117} INFO - [2023-05-15T00:22:00.157+0000] {dag.py:3328} INFO - Setting next_dagrun for example_skip_dag to 2023-05-14T00:22:00.157666+00:00, run_after=2023-05-15T00:22:00.157666+00:00
[2023-05-15T00:22:00.198+0000] {processor.py:178} INFO - Processing /home/airflow/.local/lib/python3.7/site-packages/airflow/example_dags/example_skip_dag.py took 0.196 seconds
[2023-05-15T00:22:30.508+0000] {processor.py:156} INFO - Started process (PID=3762) to work on /home/airflow/.local/lib/python3.7/site-packages/airflow/example_dags/example_skip_dag.py
[2023-05-15T00:22:30.512+0000] {processor.py:758} INFO - Processing file /home/airflow/.local/lib/python3.7/site-packages/airflow/example_dags/example_skip_dag.py for tasks to queue
[2023-05-15T00:22:30.516+0000] {logging_mixin.py:117} INFO - [2023-05-15T00:22:30.515+0000] {dagbag.py:525} INFO - Filling up the DagBag from /home/airflow/.local/lib/python3.7/site-packages/airflow/example_dags/example_skip_dag.py
[2023-05-15T00:22:30.551+0000] {processor.py:768} INFO - DAG(s) dict_keys(['example_skip_dag']) retrieved from /home/airflow/.local/lib/python3.7/site-packages/airflow/example_dags/example_skip_dag.py
[2023-05-15T00:22:30.602+0000] {logging_mixin.py:117} INFO - [2023-05-15T00:22:30.601+0000] {dag.py:2573} INFO - Sync 1 DAGs
[2023-05-15T00:22:30.629+0000] {logging_mixin.py:117} INFO - [2023-05-15T00:22:30.628+0000] {dag.py:3328} INFO - Setting next_dagrun for example_skip_dag to 2023-05-14T00:22:30.628754+00:00, run_after=2023-05-15T00:22:30.628754+00:00
[2023-05-15T00:22:30.651+0000] {processor.py:178} INFO - Processing /home/airflow/.local/lib/python3.7/site-packages/airflow/example_dags/example_skip_dag.py took 0.165 seconds
[2023-05-15T00:23:01.408+0000] {processor.py:156} INFO - Started process (PID=3975) to work on /home/airflow/.local/lib/python3.7/site-packages/airflow/example_dags/example_skip_dag.py
[2023-05-15T00:23:01.409+0000] {processor.py:758} INFO - Processing file /home/airflow/.local/lib/python3.7/site-packages/airflow/example_dags/example_skip_dag.py for tasks to queue
[2023-05-15T00:23:01.410+0000] {logging_mixin.py:117} INFO - [2023-05-15T00:23:01.410+0000] {dagbag.py:525} INFO - Filling up the DagBag from /home/airflow/.local/lib/python3.7/site-packages/airflow/example_dags/example_skip_dag.py
[2023-05-15T00:23:01.426+0000] {processor.py:768} INFO - DAG(s) dict_keys(['example_skip_dag']) retrieved from /home/airflow/.local/lib/python3.7/site-packages/airflow/example_dags/example_skip_dag.py
[2023-05-15T00:23:01.471+0000] {logging_mixin.py:117} INFO - [2023-05-15T00:23:01.471+0000] {dag.py:2573} INFO - Sync 1 DAGs
[2023-05-15T00:23:01.506+0000] {logging_mixin.py:117} INFO - [2023-05-15T00:23:01.506+0000] {dag.py:3328} INFO - Setting next_dagrun for example_skip_dag to 2023-05-14T00:23:01.506355+00:00, run_after=2023-05-15T00:23:01.506355+00:00
[2023-05-15T00:23:01.527+0000] {processor.py:178} INFO - Processing /home/airflow/.local/lib/python3.7/site-packages/airflow/example_dags/example_skip_dag.py took 0.125 seconds
[2023-05-15T00:23:32.017+0000] {processor.py:156} INFO - Started process (PID=4187) to work on /home/airflow/.local/lib/python3.7/site-packages/airflow/example_dags/example_skip_dag.py
[2023-05-15T00:23:32.018+0000] {processor.py:758} INFO - Processing file /home/airflow/.local/lib/python3.7/site-packages/airflow/example_dags/example_skip_dag.py for tasks to queue
[2023-05-15T00:23:32.019+0000] {logging_mixin.py:117} INFO - [2023-05-15T00:23:32.019+0000] {dagbag.py:525} INFO - Filling up the DagBag from /home/airflow/.local/lib/python3.7/site-packages/airflow/example_dags/example_skip_dag.py
[2023-05-15T00:23:32.039+0000] {processor.py:768} INFO - DAG(s) dict_keys(['example_skip_dag']) retrieved from /home/airflow/.local/lib/python3.7/site-packages/airflow/example_dags/example_skip_dag.py
[2023-05-15T00:23:32.091+0000] {logging_mixin.py:117} INFO - [2023-05-15T00:23:32.091+0000] {dag.py:2573} INFO - Sync 1 DAGs
[2023-05-15T00:23:32.133+0000] {logging_mixin.py:117} INFO - [2023-05-15T00:23:32.133+0000] {dag.py:3328} INFO - Setting next_dagrun for example_skip_dag to 2023-05-14T00:23:32.133191+00:00, run_after=2023-05-15T00:23:32.133191+00:00
[2023-05-15T00:23:32.158+0000] {processor.py:178} INFO - Processing /home/airflow/.local/lib/python3.7/site-packages/airflow/example_dags/example_skip_dag.py took 0.146 seconds
[2023-05-15T00:24:02.621+0000] {processor.py:156} INFO - Started process (PID=4390) to work on /home/airflow/.local/lib/python3.7/site-packages/airflow/example_dags/example_skip_dag.py
[2023-05-15T00:24:02.623+0000] {processor.py:758} INFO - Processing file /home/airflow/.local/lib/python3.7/site-packages/airflow/example_dags/example_skip_dag.py for tasks to queue
[2023-05-15T00:24:02.627+0000] {logging_mixin.py:117} INFO - [2023-05-15T00:24:02.626+0000] {dagbag.py:525} INFO - Filling up the DagBag from /home/airflow/.local/lib/python3.7/site-packages/airflow/example_dags/example_skip_dag.py
[2023-05-15T00:24:02.671+0000] {processor.py:768} INFO - DAG(s) dict_keys(['example_skip_dag']) retrieved from /home/airflow/.local/lib/python3.7/site-packages/airflow/example_dags/example_skip_dag.py
[2023-05-15T00:24:02.722+0000] {logging_mixin.py:117} INFO - [2023-05-15T00:24:02.722+0000] {dag.py:2573} INFO - Sync 1 DAGs
[2023-05-15T00:24:02.754+0000] {logging_mixin.py:117} INFO - [2023-05-15T00:24:02.754+0000] {dag.py:3328} INFO - Setting next_dagrun for example_skip_dag to 2023-05-14T00:24:02.754288+00:00, run_after=2023-05-15T00:24:02.754288+00:00
[2023-05-15T00:24:02.780+0000] {processor.py:178} INFO - Processing /home/airflow/.local/lib/python3.7/site-packages/airflow/example_dags/example_skip_dag.py took 0.170 seconds
[2023-05-15T00:24:33.264+0000] {processor.py:156} INFO - Started process (PID=4602) to work on /home/airflow/.local/lib/python3.7/site-packages/airflow/example_dags/example_skip_dag.py
[2023-05-15T00:24:33.266+0000] {processor.py:758} INFO - Processing file /home/airflow/.local/lib/python3.7/site-packages/airflow/example_dags/example_skip_dag.py for tasks to queue
[2023-05-15T00:24:33.266+0000] {logging_mixin.py:117} INFO - [2023-05-15T00:24:33.266+0000] {dagbag.py:525} INFO - Filling up the DagBag from /home/airflow/.local/lib/python3.7/site-packages/airflow/example_dags/example_skip_dag.py
[2023-05-15T00:24:33.283+0000] {processor.py:768} INFO - DAG(s) dict_keys(['example_skip_dag']) retrieved from /home/airflow/.local/lib/python3.7/site-packages/airflow/example_dags/example_skip_dag.py
[2023-05-15T00:24:33.330+0000] {logging_mixin.py:117} INFO - [2023-05-15T00:24:33.330+0000] {dag.py:2573} INFO - Sync 1 DAGs
[2023-05-15T00:24:33.354+0000] {logging_mixin.py:117} INFO - [2023-05-15T00:24:33.354+0000] {dag.py:3328} INFO - Setting next_dagrun for example_skip_dag to 2023-05-14T00:24:33.354259+00:00, run_after=2023-05-15T00:24:33.354259+00:00
[2023-05-15T00:24:33.375+0000] {processor.py:178} INFO - Processing /home/airflow/.local/lib/python3.7/site-packages/airflow/example_dags/example_skip_dag.py took 0.115 seconds
[2023-05-15T00:34:03.517+0000] {processor.py:156} INFO - Started process (PID=224) to work on /home/airflow/.local/lib/python3.7/site-packages/airflow/example_dags/example_skip_dag.py
[2023-05-15T00:34:03.518+0000] {processor.py:758} INFO - Processing file /home/airflow/.local/lib/python3.7/site-packages/airflow/example_dags/example_skip_dag.py for tasks to queue
[2023-05-15T00:34:03.519+0000] {logging_mixin.py:117} INFO - [2023-05-15T00:34:03.519+0000] {dagbag.py:525} INFO - Filling up the DagBag from /home/airflow/.local/lib/python3.7/site-packages/airflow/example_dags/example_skip_dag.py
[2023-05-15T00:34:03.540+0000] {processor.py:768} INFO - DAG(s) dict_keys(['example_skip_dag']) retrieved from /home/airflow/.local/lib/python3.7/site-packages/airflow/example_dags/example_skip_dag.py
[2023-05-15T00:34:03.582+0000] {logging_mixin.py:117} INFO - [2023-05-15T00:34:03.582+0000] {dag.py:2573} INFO - Sync 1 DAGs
[2023-05-15T00:34:03.645+0000] {logging_mixin.py:117} INFO - [2023-05-15T00:34:03.645+0000] {dag.py:3328} INFO - Setting next_dagrun for example_skip_dag to 2023-05-14T00:34:03.645010+00:00, run_after=2023-05-15T00:34:03.645010+00:00
[2023-05-15T00:34:03.674+0000] {processor.py:178} INFO - Processing /home/airflow/.local/lib/python3.7/site-packages/airflow/example_dags/example_skip_dag.py took 0.162 seconds
[2023-05-15T00:34:34.722+0000] {processor.py:156} INFO - Started process (PID=426) to work on /home/airflow/.local/lib/python3.7/site-packages/airflow/example_dags/example_skip_dag.py
[2023-05-15T00:34:34.723+0000] {processor.py:758} INFO - Processing file /home/airflow/.local/lib/python3.7/site-packages/airflow/example_dags/example_skip_dag.py for tasks to queue
[2023-05-15T00:34:34.724+0000] {logging_mixin.py:117} INFO - [2023-05-15T00:34:34.724+0000] {dagbag.py:525} INFO - Filling up the DagBag from /home/airflow/.local/lib/python3.7/site-packages/airflow/example_dags/example_skip_dag.py
[2023-05-15T00:34:34.741+0000] {processor.py:768} INFO - DAG(s) dict_keys(['example_skip_dag']) retrieved from /home/airflow/.local/lib/python3.7/site-packages/airflow/example_dags/example_skip_dag.py
[2023-05-15T00:34:34.785+0000] {logging_mixin.py:117} INFO - [2023-05-15T00:34:34.785+0000] {dag.py:2573} INFO - Sync 1 DAGs
[2023-05-15T00:34:34.814+0000] {logging_mixin.py:117} INFO - [2023-05-15T00:34:34.814+0000] {dag.py:3328} INFO - Setting next_dagrun for example_skip_dag to 2023-05-14T00:34:34.813747+00:00, run_after=2023-05-15T00:34:34.813747+00:00
[2023-05-15T00:34:34.842+0000] {processor.py:178} INFO - Processing /home/airflow/.local/lib/python3.7/site-packages/airflow/example_dags/example_skip_dag.py took 0.123 seconds
