[2023-05-15T00:13:49.185+0000] {processor.py:156} INFO - Started process (PID=343) to work on /home/airflow/.local/lib/python3.7/site-packages/airflow/example_dags/example_branch_operator.py
[2023-05-15T00:13:49.185+0000] {processor.py:758} INFO - Processing file /home/airflow/.local/lib/python3.7/site-packages/airflow/example_dags/example_branch_operator.py for tasks to queue
[2023-05-15T00:13:49.186+0000] {logging_mixin.py:117} INFO - [2023-05-15T00:13:49.186+0000] {dagbag.py:525} INFO - Filling up the DagBag from /home/airflow/.local/lib/python3.7/site-packages/airflow/example_dags/example_branch_operator.py
[2023-05-15T00:13:49.209+0000] {processor.py:768} INFO - DAG(s) dict_keys(['example_branch_operator']) retrieved from /home/airflow/.local/lib/python3.7/site-packages/airflow/example_dags/example_branch_operator.py
[2023-05-15T00:13:49.240+0000] {logging_mixin.py:117} INFO - [2023-05-15T00:13:49.240+0000] {dag.py:2573} INFO - Sync 1 DAGs
[2023-05-15T00:13:49.282+0000] {logging_mixin.py:117} INFO - [2023-05-15T00:13:49.282+0000] {dag.py:3328} INFO - Setting next_dagrun for example_branch_operator to 2023-05-14T00:00:00+00:00, run_after=2023-05-15T00:00:00+00:00
[2023-05-15T00:13:49.309+0000] {processor.py:178} INFO - Processing /home/airflow/.local/lib/python3.7/site-packages/airflow/example_dags/example_branch_operator.py took 0.128 seconds
[2023-05-15T00:14:25.259+0000] {processor.py:156} INFO - Started process (PID=557) to work on /home/airflow/.local/lib/python3.7/site-packages/airflow/example_dags/example_branch_operator.py
[2023-05-15T00:14:25.261+0000] {processor.py:758} INFO - Processing file /home/airflow/.local/lib/python3.7/site-packages/airflow/example_dags/example_branch_operator.py for tasks to queue
[2023-05-15T00:14:25.265+0000] {logging_mixin.py:117} INFO - [2023-05-15T00:14:25.264+0000] {dagbag.py:525} INFO - Filling up the DagBag from /home/airflow/.local/lib/python3.7/site-packages/airflow/example_dags/example_branch_operator.py
[2023-05-15T00:14:25.293+0000] {processor.py:768} INFO - DAG(s) dict_keys(['example_branch_operator']) retrieved from /home/airflow/.local/lib/python3.7/site-packages/airflow/example_dags/example_branch_operator.py
[2023-05-15T00:14:25.344+0000] {logging_mixin.py:117} INFO - [2023-05-15T00:14:25.344+0000] {dag.py:2573} INFO - Sync 1 DAGs
[2023-05-15T00:14:25.377+0000] {logging_mixin.py:117} INFO - [2023-05-15T00:14:25.377+0000] {dag.py:3328} INFO - Setting next_dagrun for example_branch_operator to 2023-05-14T00:00:00+00:00, run_after=2023-05-15T00:00:00+00:00
[2023-05-15T00:14:25.439+0000] {processor.py:178} INFO - Processing /home/airflow/.local/lib/python3.7/site-packages/airflow/example_dags/example_branch_operator.py took 0.183 seconds
[2023-05-15T00:14:59.646+0000] {processor.py:156} INFO - Started process (PID=758) to work on /home/airflow/.local/lib/python3.7/site-packages/airflow/example_dags/example_branch_operator.py
[2023-05-15T00:14:59.649+0000] {processor.py:758} INFO - Processing file /home/airflow/.local/lib/python3.7/site-packages/airflow/example_dags/example_branch_operator.py for tasks to queue
[2023-05-15T00:14:59.650+0000] {logging_mixin.py:117} INFO - [2023-05-15T00:14:59.650+0000] {dagbag.py:525} INFO - Filling up the DagBag from /home/airflow/.local/lib/python3.7/site-packages/airflow/example_dags/example_branch_operator.py
[2023-05-15T00:14:59.685+0000] {processor.py:768} INFO - DAG(s) dict_keys(['example_branch_operator']) retrieved from /home/airflow/.local/lib/python3.7/site-packages/airflow/example_dags/example_branch_operator.py
[2023-05-15T00:14:59.772+0000] {logging_mixin.py:117} INFO - [2023-05-15T00:14:59.771+0000] {dag.py:2573} INFO - Sync 1 DAGs
[2023-05-15T00:15:00.068+0000] {logging_mixin.py:117} INFO - [2023-05-15T00:15:00.068+0000] {dag.py:3328} INFO - Setting next_dagrun for example_branch_operator to 2023-05-14T00:00:00+00:00, run_after=2023-05-15T00:00:00+00:00
[2023-05-15T00:15:00.143+0000] {processor.py:178} INFO - Processing /home/airflow/.local/lib/python3.7/site-packages/airflow/example_dags/example_branch_operator.py took 0.502 seconds
[2023-05-15T00:15:30.313+0000] {processor.py:156} INFO - Started process (PID=969) to work on /home/airflow/.local/lib/python3.7/site-packages/airflow/example_dags/example_branch_operator.py
[2023-05-15T00:15:30.315+0000] {processor.py:758} INFO - Processing file /home/airflow/.local/lib/python3.7/site-packages/airflow/example_dags/example_branch_operator.py for tasks to queue
[2023-05-15T00:15:30.317+0000] {logging_mixin.py:117} INFO - [2023-05-15T00:15:30.316+0000] {dagbag.py:525} INFO - Filling up the DagBag from /home/airflow/.local/lib/python3.7/site-packages/airflow/example_dags/example_branch_operator.py
[2023-05-15T00:15:30.358+0000] {processor.py:768} INFO - DAG(s) dict_keys(['example_branch_operator']) retrieved from /home/airflow/.local/lib/python3.7/site-packages/airflow/example_dags/example_branch_operator.py
[2023-05-15T00:15:30.443+0000] {logging_mixin.py:117} INFO - [2023-05-15T00:15:30.443+0000] {dag.py:2573} INFO - Sync 1 DAGs
[2023-05-15T00:15:30.685+0000] {logging_mixin.py:117} INFO - [2023-05-15T00:15:30.685+0000] {dag.py:3328} INFO - Setting next_dagrun for example_branch_operator to 2023-05-14T00:00:00+00:00, run_after=2023-05-15T00:00:00+00:00
[2023-05-15T00:15:30.710+0000] {processor.py:178} INFO - Processing /home/airflow/.local/lib/python3.7/site-packages/airflow/example_dags/example_branch_operator.py took 0.404 seconds
[2023-05-15T00:16:01.152+0000] {processor.py:156} INFO - Started process (PID=1183) to work on /home/airflow/.local/lib/python3.7/site-packages/airflow/example_dags/example_branch_operator.py
[2023-05-15T00:16:01.154+0000] {processor.py:758} INFO - Processing file /home/airflow/.local/lib/python3.7/site-packages/airflow/example_dags/example_branch_operator.py for tasks to queue
[2023-05-15T00:16:01.156+0000] {logging_mixin.py:117} INFO - [2023-05-15T00:16:01.156+0000] {dagbag.py:525} INFO - Filling up the DagBag from /home/airflow/.local/lib/python3.7/site-packages/airflow/example_dags/example_branch_operator.py
[2023-05-15T00:16:01.197+0000] {processor.py:768} INFO - DAG(s) dict_keys(['example_branch_operator']) retrieved from /home/airflow/.local/lib/python3.7/site-packages/airflow/example_dags/example_branch_operator.py
[2023-05-15T00:16:01.469+0000] {logging_mixin.py:117} INFO - [2023-05-15T00:16:01.468+0000] {dag.py:2573} INFO - Sync 1 DAGs
[2023-05-15T00:16:01.516+0000] {logging_mixin.py:117} INFO - [2023-05-15T00:16:01.516+0000] {dag.py:3328} INFO - Setting next_dagrun for example_branch_operator to 2023-05-14T00:00:00+00:00, run_after=2023-05-15T00:00:00+00:00
[2023-05-15T00:16:01.557+0000] {processor.py:178} INFO - Processing /home/airflow/.local/lib/python3.7/site-packages/airflow/example_dags/example_branch_operator.py took 0.412 seconds
[2023-05-15T00:16:31.699+0000] {processor.py:156} INFO - Started process (PID=1394) to work on /home/airflow/.local/lib/python3.7/site-packages/airflow/example_dags/example_branch_operator.py
[2023-05-15T00:16:31.700+0000] {processor.py:758} INFO - Processing file /home/airflow/.local/lib/python3.7/site-packages/airflow/example_dags/example_branch_operator.py for tasks to queue
[2023-05-15T00:16:31.700+0000] {logging_mixin.py:117} INFO - [2023-05-15T00:16:31.700+0000] {dagbag.py:525} INFO - Filling up the DagBag from /home/airflow/.local/lib/python3.7/site-packages/airflow/example_dags/example_branch_operator.py
[2023-05-15T00:16:31.718+0000] {processor.py:768} INFO - DAG(s) dict_keys(['example_branch_operator']) retrieved from /home/airflow/.local/lib/python3.7/site-packages/airflow/example_dags/example_branch_operator.py
[2023-05-15T00:16:31.866+0000] {logging_mixin.py:117} INFO - [2023-05-15T00:16:31.866+0000] {dag.py:2573} INFO - Sync 1 DAGs
[2023-05-15T00:16:31.888+0000] {logging_mixin.py:117} INFO - [2023-05-15T00:16:31.888+0000] {dag.py:3328} INFO - Setting next_dagrun for example_branch_operator to 2023-05-14T00:00:00+00:00, run_after=2023-05-15T00:00:00+00:00
[2023-05-15T00:16:31.906+0000] {processor.py:178} INFO - Processing /home/airflow/.local/lib/python3.7/site-packages/airflow/example_dags/example_branch_operator.py took 0.211 seconds
[2023-05-15T00:17:02.320+0000] {processor.py:156} INFO - Started process (PID=1600) to work on /home/airflow/.local/lib/python3.7/site-packages/airflow/example_dags/example_branch_operator.py
[2023-05-15T00:17:02.321+0000] {processor.py:758} INFO - Processing file /home/airflow/.local/lib/python3.7/site-packages/airflow/example_dags/example_branch_operator.py for tasks to queue
[2023-05-15T00:17:02.322+0000] {logging_mixin.py:117} INFO - [2023-05-15T00:17:02.322+0000] {dagbag.py:525} INFO - Filling up the DagBag from /home/airflow/.local/lib/python3.7/site-packages/airflow/example_dags/example_branch_operator.py
[2023-05-15T00:17:02.680+0000] {processor.py:768} INFO - DAG(s) dict_keys(['example_branch_operator']) retrieved from /home/airflow/.local/lib/python3.7/site-packages/airflow/example_dags/example_branch_operator.py
[2023-05-15T00:17:02.777+0000] {logging_mixin.py:117} INFO - [2023-05-15T00:17:02.777+0000] {dag.py:2573} INFO - Sync 1 DAGs
[2023-05-15T00:17:02.846+0000] {logging_mixin.py:117} INFO - [2023-05-15T00:17:02.846+0000] {dag.py:3328} INFO - Setting next_dagrun for example_branch_operator to 2023-05-14T00:00:00+00:00, run_after=2023-05-15T00:00:00+00:00
[2023-05-15T00:17:02.891+0000] {processor.py:178} INFO - Processing /home/airflow/.local/lib/python3.7/site-packages/airflow/example_dags/example_branch_operator.py took 0.575 seconds
[2023-05-15T00:17:33.795+0000] {processor.py:156} INFO - Started process (PID=1810) to work on /home/airflow/.local/lib/python3.7/site-packages/airflow/example_dags/example_branch_operator.py
[2023-05-15T00:17:33.796+0000] {processor.py:758} INFO - Processing file /home/airflow/.local/lib/python3.7/site-packages/airflow/example_dags/example_branch_operator.py for tasks to queue
[2023-05-15T00:17:33.798+0000] {logging_mixin.py:117} INFO - [2023-05-15T00:17:33.798+0000] {dagbag.py:525} INFO - Filling up the DagBag from /home/airflow/.local/lib/python3.7/site-packages/airflow/example_dags/example_branch_operator.py
[2023-05-15T00:17:33.845+0000] {processor.py:768} INFO - DAG(s) dict_keys(['example_branch_operator']) retrieved from /home/airflow/.local/lib/python3.7/site-packages/airflow/example_dags/example_branch_operator.py
[2023-05-15T00:17:33.882+0000] {logging_mixin.py:117} INFO - [2023-05-15T00:17:33.882+0000] {dag.py:2573} INFO - Sync 1 DAGs
[2023-05-15T00:17:33.906+0000] {logging_mixin.py:117} INFO - [2023-05-15T00:17:33.906+0000] {dag.py:3328} INFO - Setting next_dagrun for example_branch_operator to 2023-05-14T00:00:00+00:00, run_after=2023-05-15T00:00:00+00:00
[2023-05-15T00:17:33.924+0000] {processor.py:178} INFO - Processing /home/airflow/.local/lib/python3.7/site-packages/airflow/example_dags/example_branch_operator.py took 0.140 seconds
[2023-05-15T00:18:04.130+0000] {processor.py:156} INFO - Started process (PID=2021) to work on /home/airflow/.local/lib/python3.7/site-packages/airflow/example_dags/example_branch_operator.py
[2023-05-15T00:18:04.131+0000] {processor.py:758} INFO - Processing file /home/airflow/.local/lib/python3.7/site-packages/airflow/example_dags/example_branch_operator.py for tasks to queue
[2023-05-15T00:18:04.132+0000] {logging_mixin.py:117} INFO - [2023-05-15T00:18:04.132+0000] {dagbag.py:525} INFO - Filling up the DagBag from /home/airflow/.local/lib/python3.7/site-packages/airflow/example_dags/example_branch_operator.py
[2023-05-15T00:18:04.165+0000] {processor.py:768} INFO - DAG(s) dict_keys(['example_branch_operator']) retrieved from /home/airflow/.local/lib/python3.7/site-packages/airflow/example_dags/example_branch_operator.py
[2023-05-15T00:18:04.208+0000] {logging_mixin.py:117} INFO - [2023-05-15T00:18:04.207+0000] {dag.py:2573} INFO - Sync 1 DAGs
[2023-05-15T00:18:04.235+0000] {logging_mixin.py:117} INFO - [2023-05-15T00:18:04.235+0000] {dag.py:3328} INFO - Setting next_dagrun for example_branch_operator to 2023-05-14T00:00:00+00:00, run_after=2023-05-15T00:00:00+00:00
[2023-05-15T00:18:04.252+0000] {processor.py:178} INFO - Processing /home/airflow/.local/lib/python3.7/site-packages/airflow/example_dags/example_branch_operator.py took 0.130 seconds
[2023-05-15T00:18:34.540+0000] {processor.py:156} INFO - Started process (PID=2233) to work on /home/airflow/.local/lib/python3.7/site-packages/airflow/example_dags/example_branch_operator.py
[2023-05-15T00:18:34.542+0000] {processor.py:758} INFO - Processing file /home/airflow/.local/lib/python3.7/site-packages/airflow/example_dags/example_branch_operator.py for tasks to queue
[2023-05-15T00:18:34.544+0000] {logging_mixin.py:117} INFO - [2023-05-15T00:18:34.543+0000] {dagbag.py:525} INFO - Filling up the DagBag from /home/airflow/.local/lib/python3.7/site-packages/airflow/example_dags/example_branch_operator.py
[2023-05-15T00:18:34.616+0000] {processor.py:768} INFO - DAG(s) dict_keys(['example_branch_operator']) retrieved from /home/airflow/.local/lib/python3.7/site-packages/airflow/example_dags/example_branch_operator.py
[2023-05-15T00:18:34.677+0000] {logging_mixin.py:117} INFO - [2023-05-15T00:18:34.677+0000] {dag.py:2573} INFO - Sync 1 DAGs
[2023-05-15T00:18:34.708+0000] {logging_mixin.py:117} INFO - [2023-05-15T00:18:34.708+0000] {dag.py:3328} INFO - Setting next_dagrun for example_branch_operator to 2023-05-14T00:00:00+00:00, run_after=2023-05-15T00:00:00+00:00
[2023-05-15T00:18:34.732+0000] {processor.py:178} INFO - Processing /home/airflow/.local/lib/python3.7/site-packages/airflow/example_dags/example_branch_operator.py took 0.202 seconds
[2023-05-15T00:19:04.920+0000] {processor.py:156} INFO - Started process (PID=2433) to work on /home/airflow/.local/lib/python3.7/site-packages/airflow/example_dags/example_branch_operator.py
[2023-05-15T00:19:04.922+0000] {processor.py:758} INFO - Processing file /home/airflow/.local/lib/python3.7/site-packages/airflow/example_dags/example_branch_operator.py for tasks to queue
[2023-05-15T00:19:04.923+0000] {logging_mixin.py:117} INFO - [2023-05-15T00:19:04.923+0000] {dagbag.py:525} INFO - Filling up the DagBag from /home/airflow/.local/lib/python3.7/site-packages/airflow/example_dags/example_branch_operator.py
[2023-05-15T00:19:04.955+0000] {processor.py:768} INFO - DAG(s) dict_keys(['example_branch_operator']) retrieved from /home/airflow/.local/lib/python3.7/site-packages/airflow/example_dags/example_branch_operator.py
[2023-05-15T00:19:05.019+0000] {logging_mixin.py:117} INFO - [2023-05-15T00:19:05.019+0000] {dag.py:2573} INFO - Sync 1 DAGs
[2023-05-15T00:19:05.053+0000] {logging_mixin.py:117} INFO - [2023-05-15T00:19:05.053+0000] {dag.py:3328} INFO - Setting next_dagrun for example_branch_operator to 2023-05-14T00:00:00+00:00, run_after=2023-05-15T00:00:00+00:00
[2023-05-15T00:19:05.079+0000] {processor.py:178} INFO - Processing /home/airflow/.local/lib/python3.7/site-packages/airflow/example_dags/example_branch_operator.py took 0.164 seconds
[2023-05-15T00:19:35.160+0000] {processor.py:156} INFO - Started process (PID=2635) to work on /home/airflow/.local/lib/python3.7/site-packages/airflow/example_dags/example_branch_operator.py
[2023-05-15T00:19:35.161+0000] {processor.py:758} INFO - Processing file /home/airflow/.local/lib/python3.7/site-packages/airflow/example_dags/example_branch_operator.py for tasks to queue
[2023-05-15T00:19:35.164+0000] {logging_mixin.py:117} INFO - [2023-05-15T00:19:35.163+0000] {dagbag.py:525} INFO - Filling up the DagBag from /home/airflow/.local/lib/python3.7/site-packages/airflow/example_dags/example_branch_operator.py
[2023-05-15T00:19:35.218+0000] {processor.py:768} INFO - DAG(s) dict_keys(['example_branch_operator']) retrieved from /home/airflow/.local/lib/python3.7/site-packages/airflow/example_dags/example_branch_operator.py
[2023-05-15T00:19:35.318+0000] {logging_mixin.py:117} INFO - [2023-05-15T00:19:35.317+0000] {dag.py:2573} INFO - Sync 1 DAGs
[2023-05-15T00:19:35.383+0000] {logging_mixin.py:117} INFO - [2023-05-15T00:19:35.383+0000] {dag.py:3328} INFO - Setting next_dagrun for example_branch_operator to 2023-05-14T00:00:00+00:00, run_after=2023-05-15T00:00:00+00:00
[2023-05-15T00:19:35.420+0000] {processor.py:178} INFO - Processing /home/airflow/.local/lib/python3.7/site-packages/airflow/example_dags/example_branch_operator.py took 0.264 seconds
[2023-05-15T00:20:06.099+0000] {processor.py:156} INFO - Started process (PID=2852) to work on /home/airflow/.local/lib/python3.7/site-packages/airflow/example_dags/example_branch_operator.py
[2023-05-15T00:20:06.100+0000] {processor.py:758} INFO - Processing file /home/airflow/.local/lib/python3.7/site-packages/airflow/example_dags/example_branch_operator.py for tasks to queue
[2023-05-15T00:20:06.101+0000] {logging_mixin.py:117} INFO - [2023-05-15T00:20:06.101+0000] {dagbag.py:525} INFO - Filling up the DagBag from /home/airflow/.local/lib/python3.7/site-packages/airflow/example_dags/example_branch_operator.py
[2023-05-15T00:20:06.127+0000] {processor.py:768} INFO - DAG(s) dict_keys(['example_branch_operator']) retrieved from /home/airflow/.local/lib/python3.7/site-packages/airflow/example_dags/example_branch_operator.py
[2023-05-15T00:20:06.174+0000] {logging_mixin.py:117} INFO - [2023-05-15T00:20:06.173+0000] {dag.py:2573} INFO - Sync 1 DAGs
[2023-05-15T00:20:06.198+0000] {logging_mixin.py:117} INFO - [2023-05-15T00:20:06.197+0000] {dag.py:3328} INFO - Setting next_dagrun for example_branch_operator to 2023-05-14T00:00:00+00:00, run_after=2023-05-15T00:00:00+00:00
[2023-05-15T00:20:06.233+0000] {processor.py:178} INFO - Processing /home/airflow/.local/lib/python3.7/site-packages/airflow/example_dags/example_branch_operator.py took 0.138 seconds
[2023-05-15T00:20:37.041+0000] {processor.py:156} INFO - Started process (PID=3049) to work on /home/airflow/.local/lib/python3.7/site-packages/airflow/example_dags/example_branch_operator.py
[2023-05-15T00:20:37.042+0000] {processor.py:758} INFO - Processing file /home/airflow/.local/lib/python3.7/site-packages/airflow/example_dags/example_branch_operator.py for tasks to queue
[2023-05-15T00:20:37.042+0000] {logging_mixin.py:117} INFO - [2023-05-15T00:20:37.042+0000] {dagbag.py:525} INFO - Filling up the DagBag from /home/airflow/.local/lib/python3.7/site-packages/airflow/example_dags/example_branch_operator.py
[2023-05-15T00:20:37.072+0000] {processor.py:768} INFO - DAG(s) dict_keys(['example_branch_operator']) retrieved from /home/airflow/.local/lib/python3.7/site-packages/airflow/example_dags/example_branch_operator.py
[2023-05-15T00:20:37.115+0000] {logging_mixin.py:117} INFO - [2023-05-15T00:20:37.115+0000] {dag.py:2573} INFO - Sync 1 DAGs
[2023-05-15T00:20:37.144+0000] {logging_mixin.py:117} INFO - [2023-05-15T00:20:37.144+0000] {dag.py:3328} INFO - Setting next_dagrun for example_branch_operator to 2023-05-14T00:00:00+00:00, run_after=2023-05-15T00:00:00+00:00
[2023-05-15T00:20:37.163+0000] {processor.py:178} INFO - Processing /home/airflow/.local/lib/python3.7/site-packages/airflow/example_dags/example_branch_operator.py took 0.127 seconds
[2023-05-15T00:21:07.404+0000] {processor.py:156} INFO - Started process (PID=3260) to work on /home/airflow/.local/lib/python3.7/site-packages/airflow/example_dags/example_branch_operator.py
[2023-05-15T00:21:07.404+0000] {processor.py:758} INFO - Processing file /home/airflow/.local/lib/python3.7/site-packages/airflow/example_dags/example_branch_operator.py for tasks to queue
[2023-05-15T00:21:07.405+0000] {logging_mixin.py:117} INFO - [2023-05-15T00:21:07.405+0000] {dagbag.py:525} INFO - Filling up the DagBag from /home/airflow/.local/lib/python3.7/site-packages/airflow/example_dags/example_branch_operator.py
[2023-05-15T00:21:07.423+0000] {processor.py:768} INFO - DAG(s) dict_keys(['example_branch_operator']) retrieved from /home/airflow/.local/lib/python3.7/site-packages/airflow/example_dags/example_branch_operator.py
[2023-05-15T00:21:07.465+0000] {logging_mixin.py:117} INFO - [2023-05-15T00:21:07.465+0000] {dag.py:2573} INFO - Sync 1 DAGs
[2023-05-15T00:21:07.505+0000] {logging_mixin.py:117} INFO - [2023-05-15T00:21:07.504+0000] {dag.py:3328} INFO - Setting next_dagrun for example_branch_operator to 2023-05-14T00:00:00+00:00, run_after=2023-05-15T00:00:00+00:00
[2023-05-15T00:21:07.532+0000] {processor.py:178} INFO - Processing /home/airflow/.local/lib/python3.7/site-packages/airflow/example_dags/example_branch_operator.py took 0.133 seconds
[2023-05-15T00:21:37.851+0000] {processor.py:156} INFO - Started process (PID=3475) to work on /home/airflow/.local/lib/python3.7/site-packages/airflow/example_dags/example_branch_operator.py
[2023-05-15T00:21:37.851+0000] {processor.py:758} INFO - Processing file /home/airflow/.local/lib/python3.7/site-packages/airflow/example_dags/example_branch_operator.py for tasks to queue
[2023-05-15T00:21:37.852+0000] {logging_mixin.py:117} INFO - [2023-05-15T00:21:37.852+0000] {dagbag.py:525} INFO - Filling up the DagBag from /home/airflow/.local/lib/python3.7/site-packages/airflow/example_dags/example_branch_operator.py
[2023-05-15T00:21:37.867+0000] {processor.py:768} INFO - DAG(s) dict_keys(['example_branch_operator']) retrieved from /home/airflow/.local/lib/python3.7/site-packages/airflow/example_dags/example_branch_operator.py
[2023-05-15T00:21:37.902+0000] {logging_mixin.py:117} INFO - [2023-05-15T00:21:37.902+0000] {dag.py:2573} INFO - Sync 1 DAGs
[2023-05-15T00:21:37.926+0000] {logging_mixin.py:117} INFO - [2023-05-15T00:21:37.926+0000] {dag.py:3328} INFO - Setting next_dagrun for example_branch_operator to 2023-05-14T00:00:00+00:00, run_after=2023-05-15T00:00:00+00:00
[2023-05-15T00:21:37.957+0000] {processor.py:178} INFO - Processing /home/airflow/.local/lib/python3.7/site-packages/airflow/example_dags/example_branch_operator.py took 0.109 seconds
[2023-05-15T00:22:08.227+0000] {processor.py:156} INFO - Started process (PID=3676) to work on /home/airflow/.local/lib/python3.7/site-packages/airflow/example_dags/example_branch_operator.py
[2023-05-15T00:22:08.228+0000] {processor.py:758} INFO - Processing file /home/airflow/.local/lib/python3.7/site-packages/airflow/example_dags/example_branch_operator.py for tasks to queue
[2023-05-15T00:22:08.229+0000] {logging_mixin.py:117} INFO - [2023-05-15T00:22:08.228+0000] {dagbag.py:525} INFO - Filling up the DagBag from /home/airflow/.local/lib/python3.7/site-packages/airflow/example_dags/example_branch_operator.py
[2023-05-15T00:22:08.252+0000] {processor.py:768} INFO - DAG(s) dict_keys(['example_branch_operator']) retrieved from /home/airflow/.local/lib/python3.7/site-packages/airflow/example_dags/example_branch_operator.py
[2023-05-15T00:22:08.293+0000] {logging_mixin.py:117} INFO - [2023-05-15T00:22:08.293+0000] {dag.py:2573} INFO - Sync 1 DAGs
[2023-05-15T00:22:08.324+0000] {logging_mixin.py:117} INFO - [2023-05-15T00:22:08.324+0000] {dag.py:3328} INFO - Setting next_dagrun for example_branch_operator to 2023-05-14T00:00:00+00:00, run_after=2023-05-15T00:00:00+00:00
[2023-05-15T00:22:08.354+0000] {processor.py:178} INFO - Processing /home/airflow/.local/lib/python3.7/site-packages/airflow/example_dags/example_branch_operator.py took 0.132 seconds
[2023-05-15T00:22:39.182+0000] {processor.py:156} INFO - Started process (PID=3890) to work on /home/airflow/.local/lib/python3.7/site-packages/airflow/example_dags/example_branch_operator.py
[2023-05-15T00:22:39.183+0000] {processor.py:758} INFO - Processing file /home/airflow/.local/lib/python3.7/site-packages/airflow/example_dags/example_branch_operator.py for tasks to queue
[2023-05-15T00:22:39.184+0000] {logging_mixin.py:117} INFO - [2023-05-15T00:22:39.183+0000] {dagbag.py:525} INFO - Filling up the DagBag from /home/airflow/.local/lib/python3.7/site-packages/airflow/example_dags/example_branch_operator.py
[2023-05-15T00:22:39.220+0000] {processor.py:768} INFO - DAG(s) dict_keys(['example_branch_operator']) retrieved from /home/airflow/.local/lib/python3.7/site-packages/airflow/example_dags/example_branch_operator.py
[2023-05-15T00:22:39.298+0000] {logging_mixin.py:117} INFO - [2023-05-15T00:22:39.298+0000] {dag.py:2573} INFO - Sync 1 DAGs
[2023-05-15T00:22:39.363+0000] {logging_mixin.py:117} INFO - [2023-05-15T00:22:39.363+0000] {dag.py:3328} INFO - Setting next_dagrun for example_branch_operator to 2023-05-14T00:00:00+00:00, run_after=2023-05-15T00:00:00+00:00
[2023-05-15T00:22:39.398+0000] {processor.py:178} INFO - Processing /home/airflow/.local/lib/python3.7/site-packages/airflow/example_dags/example_branch_operator.py took 0.220 seconds
[2023-05-15T00:23:09.635+0000] {processor.py:156} INFO - Started process (PID=4102) to work on /home/airflow/.local/lib/python3.7/site-packages/airflow/example_dags/example_branch_operator.py
[2023-05-15T00:23:09.635+0000] {processor.py:758} INFO - Processing file /home/airflow/.local/lib/python3.7/site-packages/airflow/example_dags/example_branch_operator.py for tasks to queue
[2023-05-15T00:23:09.636+0000] {logging_mixin.py:117} INFO - [2023-05-15T00:23:09.636+0000] {dagbag.py:525} INFO - Filling up the DagBag from /home/airflow/.local/lib/python3.7/site-packages/airflow/example_dags/example_branch_operator.py
[2023-05-15T00:23:09.662+0000] {processor.py:768} INFO - DAG(s) dict_keys(['example_branch_operator']) retrieved from /home/airflow/.local/lib/python3.7/site-packages/airflow/example_dags/example_branch_operator.py
[2023-05-15T00:23:09.711+0000] {logging_mixin.py:117} INFO - [2023-05-15T00:23:09.711+0000] {dag.py:2573} INFO - Sync 1 DAGs
[2023-05-15T00:23:09.748+0000] {logging_mixin.py:117} INFO - [2023-05-15T00:23:09.748+0000] {dag.py:3328} INFO - Setting next_dagrun for example_branch_operator to 2023-05-14T00:00:00+00:00, run_after=2023-05-15T00:00:00+00:00
[2023-05-15T00:23:09.773+0000] {processor.py:178} INFO - Processing /home/airflow/.local/lib/python3.7/site-packages/airflow/example_dags/example_branch_operator.py took 0.142 seconds
[2023-05-15T00:23:40.489+0000] {processor.py:156} INFO - Started process (PID=4305) to work on /home/airflow/.local/lib/python3.7/site-packages/airflow/example_dags/example_branch_operator.py
[2023-05-15T00:23:40.489+0000] {processor.py:758} INFO - Processing file /home/airflow/.local/lib/python3.7/site-packages/airflow/example_dags/example_branch_operator.py for tasks to queue
[2023-05-15T00:23:40.490+0000] {logging_mixin.py:117} INFO - [2023-05-15T00:23:40.490+0000] {dagbag.py:525} INFO - Filling up the DagBag from /home/airflow/.local/lib/python3.7/site-packages/airflow/example_dags/example_branch_operator.py
[2023-05-15T00:23:40.512+0000] {processor.py:768} INFO - DAG(s) dict_keys(['example_branch_operator']) retrieved from /home/airflow/.local/lib/python3.7/site-packages/airflow/example_dags/example_branch_operator.py
[2023-05-15T00:23:40.564+0000] {logging_mixin.py:117} INFO - [2023-05-15T00:23:40.564+0000] {dag.py:2573} INFO - Sync 1 DAGs
[2023-05-15T00:23:40.599+0000] {logging_mixin.py:117} INFO - [2023-05-15T00:23:40.599+0000] {dag.py:3328} INFO - Setting next_dagrun for example_branch_operator to 2023-05-14T00:00:00+00:00, run_after=2023-05-15T00:00:00+00:00
[2023-05-15T00:23:40.620+0000] {processor.py:178} INFO - Processing /home/airflow/.local/lib/python3.7/site-packages/airflow/example_dags/example_branch_operator.py took 0.134 seconds
[2023-05-15T00:24:11.130+0000] {processor.py:156} INFO - Started process (PID=4517) to work on /home/airflow/.local/lib/python3.7/site-packages/airflow/example_dags/example_branch_operator.py
[2023-05-15T00:24:11.131+0000] {processor.py:758} INFO - Processing file /home/airflow/.local/lib/python3.7/site-packages/airflow/example_dags/example_branch_operator.py for tasks to queue
[2023-05-15T00:24:11.132+0000] {logging_mixin.py:117} INFO - [2023-05-15T00:24:11.131+0000] {dagbag.py:525} INFO - Filling up the DagBag from /home/airflow/.local/lib/python3.7/site-packages/airflow/example_dags/example_branch_operator.py
[2023-05-15T00:24:11.156+0000] {processor.py:768} INFO - DAG(s) dict_keys(['example_branch_operator']) retrieved from /home/airflow/.local/lib/python3.7/site-packages/airflow/example_dags/example_branch_operator.py
[2023-05-15T00:24:11.205+0000] {logging_mixin.py:117} INFO - [2023-05-15T00:24:11.204+0000] {dag.py:2573} INFO - Sync 1 DAGs
[2023-05-15T00:24:11.241+0000] {logging_mixin.py:117} INFO - [2023-05-15T00:24:11.241+0000] {dag.py:3328} INFO - Setting next_dagrun for example_branch_operator to 2023-05-14T00:00:00+00:00, run_after=2023-05-15T00:00:00+00:00
[2023-05-15T00:24:11.265+0000] {processor.py:178} INFO - Processing /home/airflow/.local/lib/python3.7/site-packages/airflow/example_dags/example_branch_operator.py took 0.140 seconds
[2023-05-15T00:24:41.479+0000] {processor.py:156} INFO - Started process (PID=4729) to work on /home/airflow/.local/lib/python3.7/site-packages/airflow/example_dags/example_branch_operator.py
[2023-05-15T00:24:41.480+0000] {processor.py:758} INFO - Processing file /home/airflow/.local/lib/python3.7/site-packages/airflow/example_dags/example_branch_operator.py for tasks to queue
[2023-05-15T00:24:41.480+0000] {logging_mixin.py:117} INFO - [2023-05-15T00:24:41.480+0000] {dagbag.py:525} INFO - Filling up the DagBag from /home/airflow/.local/lib/python3.7/site-packages/airflow/example_dags/example_branch_operator.py
[2023-05-15T00:24:41.501+0000] {processor.py:768} INFO - DAG(s) dict_keys(['example_branch_operator']) retrieved from /home/airflow/.local/lib/python3.7/site-packages/airflow/example_dags/example_branch_operator.py
[2023-05-15T00:24:41.553+0000] {logging_mixin.py:117} INFO - [2023-05-15T00:24:41.553+0000] {dag.py:2573} INFO - Sync 1 DAGs
[2023-05-15T00:24:41.585+0000] {logging_mixin.py:117} INFO - [2023-05-15T00:24:41.585+0000] {dag.py:3328} INFO - Setting next_dagrun for example_branch_operator to 2023-05-14T00:00:00+00:00, run_after=2023-05-15T00:00:00+00:00
[2023-05-15T00:24:41.604+0000] {processor.py:178} INFO - Processing /home/airflow/.local/lib/python3.7/site-packages/airflow/example_dags/example_branch_operator.py took 0.129 seconds
[2023-05-15T00:34:05.880+0000] {processor.py:156} INFO - Started process (PID=344) to work on /home/airflow/.local/lib/python3.7/site-packages/airflow/example_dags/example_branch_operator.py
[2023-05-15T00:34:05.881+0000] {processor.py:758} INFO - Processing file /home/airflow/.local/lib/python3.7/site-packages/airflow/example_dags/example_branch_operator.py for tasks to queue
[2023-05-15T00:34:05.881+0000] {logging_mixin.py:117} INFO - [2023-05-15T00:34:05.881+0000] {dagbag.py:525} INFO - Filling up the DagBag from /home/airflow/.local/lib/python3.7/site-packages/airflow/example_dags/example_branch_operator.py
[2023-05-15T00:34:05.905+0000] {processor.py:768} INFO - DAG(s) dict_keys(['example_branch_operator']) retrieved from /home/airflow/.local/lib/python3.7/site-packages/airflow/example_dags/example_branch_operator.py
[2023-05-15T00:34:05.941+0000] {logging_mixin.py:117} INFO - [2023-05-15T00:34:05.941+0000] {dag.py:2573} INFO - Sync 1 DAGs
[2023-05-15T00:34:05.981+0000] {logging_mixin.py:117} INFO - [2023-05-15T00:34:05.980+0000] {dag.py:3328} INFO - Setting next_dagrun for example_branch_operator to 2023-05-14T00:00:00+00:00, run_after=2023-05-15T00:00:00+00:00
[2023-05-15T00:34:06.005+0000] {processor.py:178} INFO - Processing /home/airflow/.local/lib/python3.7/site-packages/airflow/example_dags/example_branch_operator.py took 0.128 seconds
[2023-05-15T00:34:38.554+0000] {processor.py:156} INFO - Started process (PID=553) to work on /home/airflow/.local/lib/python3.7/site-packages/airflow/example_dags/example_branch_operator.py
[2023-05-15T00:34:38.556+0000] {processor.py:758} INFO - Processing file /home/airflow/.local/lib/python3.7/site-packages/airflow/example_dags/example_branch_operator.py for tasks to queue
[2023-05-15T00:34:38.557+0000] {logging_mixin.py:117} INFO - [2023-05-15T00:34:38.557+0000] {dagbag.py:525} INFO - Filling up the DagBag from /home/airflow/.local/lib/python3.7/site-packages/airflow/example_dags/example_branch_operator.py
[2023-05-15T00:34:38.587+0000] {processor.py:768} INFO - DAG(s) dict_keys(['example_branch_operator']) retrieved from /home/airflow/.local/lib/python3.7/site-packages/airflow/example_dags/example_branch_operator.py
[2023-05-15T00:34:38.697+0000] {logging_mixin.py:117} INFO - [2023-05-15T00:34:38.697+0000] {dag.py:2573} INFO - Sync 1 DAGs
[2023-05-15T00:34:38.748+0000] {logging_mixin.py:117} INFO - [2023-05-15T00:34:38.748+0000] {dag.py:3328} INFO - Setting next_dagrun for example_branch_operator to 2023-05-14T00:00:00+00:00, run_after=2023-05-15T00:00:00+00:00
[2023-05-15T00:34:38.778+0000] {processor.py:178} INFO - Processing /home/airflow/.local/lib/python3.7/site-packages/airflow/example_dags/example_branch_operator.py took 0.229 seconds
