[2023-05-15T00:13:46.194+0000] {processor.py:156} INFO - Started process (PID=182) to work on /home/airflow/.local/lib/python3.7/site-packages/airflow/example_dags/example_short_circuit_operator.py
[2023-05-15T00:13:46.195+0000] {processor.py:758} INFO - Processing file /home/airflow/.local/lib/python3.7/site-packages/airflow/example_dags/example_short_circuit_operator.py for tasks to queue
[2023-05-15T00:13:46.196+0000] {logging_mixin.py:117} INFO - [2023-05-15T00:13:46.196+0000] {dagbag.py:525} INFO - Filling up the DagBag from /home/airflow/.local/lib/python3.7/site-packages/airflow/example_dags/example_short_circuit_operator.py
[2023-05-15T00:13:46.249+0000] {processor.py:768} INFO - DAG(s) dict_keys(['example_short_circuit_operator']) retrieved from /home/airflow/.local/lib/python3.7/site-packages/airflow/example_dags/example_short_circuit_operator.py
[2023-05-15T00:13:46.319+0000] {logging_mixin.py:117} INFO - [2023-05-15T00:13:46.319+0000] {dag.py:2573} INFO - Sync 1 DAGs
[2023-05-15T00:13:46.382+0000] {logging_mixin.py:117} INFO - [2023-05-15T00:13:46.382+0000] {dag.py:3328} INFO - Setting next_dagrun for example_short_circuit_operator to 2023-05-14T00:13:46.381988+00:00, run_after=2023-05-15T00:13:46.381988+00:00
[2023-05-15T00:13:46.431+0000] {processor.py:178} INFO - Processing /home/airflow/.local/lib/python3.7/site-packages/airflow/example_dags/example_short_circuit_operator.py took 0.241 seconds
[2023-05-15T00:14:16.707+0000] {processor.py:156} INFO - Started process (PID=386) to work on /home/airflow/.local/lib/python3.7/site-packages/airflow/example_dags/example_short_circuit_operator.py
[2023-05-15T00:14:16.711+0000] {processor.py:758} INFO - Processing file /home/airflow/.local/lib/python3.7/site-packages/airflow/example_dags/example_short_circuit_operator.py for tasks to queue
[2023-05-15T00:14:16.713+0000] {logging_mixin.py:117} INFO - [2023-05-15T00:14:16.712+0000] {dagbag.py:525} INFO - Filling up the DagBag from /home/airflow/.local/lib/python3.7/site-packages/airflow/example_dags/example_short_circuit_operator.py
[2023-05-15T00:14:16.761+0000] {processor.py:768} INFO - DAG(s) dict_keys(['example_short_circuit_operator']) retrieved from /home/airflow/.local/lib/python3.7/site-packages/airflow/example_dags/example_short_circuit_operator.py
[2023-05-15T00:14:16.858+0000] {logging_mixin.py:117} INFO - [2023-05-15T00:14:16.858+0000] {dag.py:2573} INFO - Sync 1 DAGs
[2023-05-15T00:14:16.960+0000] {logging_mixin.py:117} INFO - [2023-05-15T00:14:16.959+0000] {dag.py:3328} INFO - Setting next_dagrun for example_short_circuit_operator to 2023-05-14T00:14:16.959544+00:00, run_after=2023-05-15T00:14:16.959544+00:00
[2023-05-15T00:14:17.023+0000] {processor.py:178} INFO - Processing /home/airflow/.local/lib/python3.7/site-packages/airflow/example_dags/example_short_circuit_operator.py took 0.321 seconds
[2023-05-15T00:14:47.553+0000] {processor.py:156} INFO - Started process (PID=599) to work on /home/airflow/.local/lib/python3.7/site-packages/airflow/example_dags/example_short_circuit_operator.py
[2023-05-15T00:14:47.558+0000] {processor.py:758} INFO - Processing file /home/airflow/.local/lib/python3.7/site-packages/airflow/example_dags/example_short_circuit_operator.py for tasks to queue
[2023-05-15T00:14:47.559+0000] {logging_mixin.py:117} INFO - [2023-05-15T00:14:47.559+0000] {dagbag.py:525} INFO - Filling up the DagBag from /home/airflow/.local/lib/python3.7/site-packages/airflow/example_dags/example_short_circuit_operator.py
[2023-05-15T00:14:47.599+0000] {processor.py:768} INFO - DAG(s) dict_keys(['example_short_circuit_operator']) retrieved from /home/airflow/.local/lib/python3.7/site-packages/airflow/example_dags/example_short_circuit_operator.py
[2023-05-15T00:14:47.713+0000] {logging_mixin.py:117} INFO - [2023-05-15T00:14:47.712+0000] {dag.py:2573} INFO - Sync 1 DAGs
[2023-05-15T00:14:47.768+0000] {logging_mixin.py:117} INFO - [2023-05-15T00:14:47.768+0000] {dag.py:3328} INFO - Setting next_dagrun for example_short_circuit_operator to 2023-05-14T00:14:47.767954+00:00, run_after=2023-05-15T00:14:47.767954+00:00
[2023-05-15T00:14:48.008+0000] {processor.py:178} INFO - Processing /home/airflow/.local/lib/python3.7/site-packages/airflow/example_dags/example_short_circuit_operator.py took 0.459 seconds
[2023-05-15T00:15:18.654+0000] {processor.py:156} INFO - Started process (PID=802) to work on /home/airflow/.local/lib/python3.7/site-packages/airflow/example_dags/example_short_circuit_operator.py
[2023-05-15T00:15:18.658+0000] {processor.py:758} INFO - Processing file /home/airflow/.local/lib/python3.7/site-packages/airflow/example_dags/example_short_circuit_operator.py for tasks to queue
[2023-05-15T00:15:18.663+0000] {logging_mixin.py:117} INFO - [2023-05-15T00:15:18.662+0000] {dagbag.py:525} INFO - Filling up the DagBag from /home/airflow/.local/lib/python3.7/site-packages/airflow/example_dags/example_short_circuit_operator.py
[2023-05-15T00:15:18.734+0000] {processor.py:768} INFO - DAG(s) dict_keys(['example_short_circuit_operator']) retrieved from /home/airflow/.local/lib/python3.7/site-packages/airflow/example_dags/example_short_circuit_operator.py
[2023-05-15T00:15:18.804+0000] {logging_mixin.py:117} INFO - [2023-05-15T00:15:18.804+0000] {dag.py:2573} INFO - Sync 1 DAGs
[2023-05-15T00:15:19.046+0000] {logging_mixin.py:117} INFO - [2023-05-15T00:15:19.046+0000] {dag.py:3328} INFO - Setting next_dagrun for example_short_circuit_operator to 2023-05-14T00:15:19.045759+00:00, run_after=2023-05-15T00:15:19.045759+00:00
[2023-05-15T00:15:19.076+0000] {processor.py:178} INFO - Processing /home/airflow/.local/lib/python3.7/site-packages/airflow/example_dags/example_short_circuit_operator.py took 0.441 seconds
[2023-05-15T00:15:49.338+0000] {processor.py:156} INFO - Started process (PID=1013) to work on /home/airflow/.local/lib/python3.7/site-packages/airflow/example_dags/example_short_circuit_operator.py
[2023-05-15T00:15:49.339+0000] {processor.py:758} INFO - Processing file /home/airflow/.local/lib/python3.7/site-packages/airflow/example_dags/example_short_circuit_operator.py for tasks to queue
[2023-05-15T00:15:49.340+0000] {logging_mixin.py:117} INFO - [2023-05-15T00:15:49.340+0000] {dagbag.py:525} INFO - Filling up the DagBag from /home/airflow/.local/lib/python3.7/site-packages/airflow/example_dags/example_short_circuit_operator.py
[2023-05-15T00:15:49.384+0000] {processor.py:768} INFO - DAG(s) dict_keys(['example_short_circuit_operator']) retrieved from /home/airflow/.local/lib/python3.7/site-packages/airflow/example_dags/example_short_circuit_operator.py
[2023-05-15T00:15:49.706+0000] {logging_mixin.py:117} INFO - [2023-05-15T00:15:49.706+0000] {dag.py:2573} INFO - Sync 1 DAGs
[2023-05-15T00:15:49.819+0000] {logging_mixin.py:117} INFO - [2023-05-15T00:15:49.818+0000] {dag.py:3328} INFO - Setting next_dagrun for example_short_circuit_operator to 2023-05-14T00:15:49.818193+00:00, run_after=2023-05-15T00:15:49.818193+00:00
[2023-05-15T00:15:49.857+0000] {processor.py:178} INFO - Processing /home/airflow/.local/lib/python3.7/site-packages/airflow/example_dags/example_short_circuit_operator.py took 0.522 seconds
[2023-05-15T00:16:20.509+0000] {processor.py:156} INFO - Started process (PID=1215) to work on /home/airflow/.local/lib/python3.7/site-packages/airflow/example_dags/example_short_circuit_operator.py
[2023-05-15T00:16:20.510+0000] {processor.py:758} INFO - Processing file /home/airflow/.local/lib/python3.7/site-packages/airflow/example_dags/example_short_circuit_operator.py for tasks to queue
[2023-05-15T00:16:20.511+0000] {logging_mixin.py:117} INFO - [2023-05-15T00:16:20.510+0000] {dagbag.py:525} INFO - Filling up the DagBag from /home/airflow/.local/lib/python3.7/site-packages/airflow/example_dags/example_short_circuit_operator.py
[2023-05-15T00:16:20.528+0000] {processor.py:768} INFO - DAG(s) dict_keys(['example_short_circuit_operator']) retrieved from /home/airflow/.local/lib/python3.7/site-packages/airflow/example_dags/example_short_circuit_operator.py
[2023-05-15T00:16:20.705+0000] {logging_mixin.py:117} INFO - [2023-05-15T00:16:20.705+0000] {dag.py:2573} INFO - Sync 1 DAGs
[2023-05-15T00:16:20.729+0000] {logging_mixin.py:117} INFO - [2023-05-15T00:16:20.729+0000] {dag.py:3328} INFO - Setting next_dagrun for example_short_circuit_operator to 2023-05-14T00:16:20.728984+00:00, run_after=2023-05-15T00:16:20.728984+00:00
[2023-05-15T00:16:20.750+0000] {processor.py:178} INFO - Processing /home/airflow/.local/lib/python3.7/site-packages/airflow/example_dags/example_short_circuit_operator.py took 0.246 seconds
[2023-05-15T00:16:51.016+0000] {processor.py:156} INFO - Started process (PID=1427) to work on /home/airflow/.local/lib/python3.7/site-packages/airflow/example_dags/example_short_circuit_operator.py
[2023-05-15T00:16:51.019+0000] {processor.py:758} INFO - Processing file /home/airflow/.local/lib/python3.7/site-packages/airflow/example_dags/example_short_circuit_operator.py for tasks to queue
[2023-05-15T00:16:51.021+0000] {logging_mixin.py:117} INFO - [2023-05-15T00:16:51.021+0000] {dagbag.py:525} INFO - Filling up the DagBag from /home/airflow/.local/lib/python3.7/site-packages/airflow/example_dags/example_short_circuit_operator.py
[2023-05-15T00:16:51.076+0000] {processor.py:768} INFO - DAG(s) dict_keys(['example_short_circuit_operator']) retrieved from /home/airflow/.local/lib/python3.7/site-packages/airflow/example_dags/example_short_circuit_operator.py
[2023-05-15T00:16:51.344+0000] {logging_mixin.py:117} INFO - [2023-05-15T00:16:51.343+0000] {dag.py:2573} INFO - Sync 1 DAGs
[2023-05-15T00:16:51.376+0000] {logging_mixin.py:117} INFO - [2023-05-15T00:16:51.376+0000] {dag.py:3328} INFO - Setting next_dagrun for example_short_circuit_operator to 2023-05-14T00:16:51.376408+00:00, run_after=2023-05-15T00:16:51.376408+00:00
[2023-05-15T00:16:51.402+0000] {processor.py:178} INFO - Processing /home/airflow/.local/lib/python3.7/site-packages/airflow/example_dags/example_short_circuit_operator.py took 0.401 seconds
[2023-05-15T00:17:21.632+0000] {processor.py:156} INFO - Started process (PID=1631) to work on /home/airflow/.local/lib/python3.7/site-packages/airflow/example_dags/example_short_circuit_operator.py
[2023-05-15T00:17:21.640+0000] {processor.py:758} INFO - Processing file /home/airflow/.local/lib/python3.7/site-packages/airflow/example_dags/example_short_circuit_operator.py for tasks to queue
[2023-05-15T00:17:21.644+0000] {logging_mixin.py:117} INFO - [2023-05-15T00:17:21.643+0000] {dagbag.py:525} INFO - Filling up the DagBag from /home/airflow/.local/lib/python3.7/site-packages/airflow/example_dags/example_short_circuit_operator.py
[2023-05-15T00:17:21.949+0000] {processor.py:768} INFO - DAG(s) dict_keys(['example_short_circuit_operator']) retrieved from /home/airflow/.local/lib/python3.7/site-packages/airflow/example_dags/example_short_circuit_operator.py
[2023-05-15T00:17:21.987+0000] {logging_mixin.py:117} INFO - [2023-05-15T00:17:21.987+0000] {dag.py:2573} INFO - Sync 1 DAGs
[2023-05-15T00:17:22.010+0000] {logging_mixin.py:117} INFO - [2023-05-15T00:17:22.010+0000] {dag.py:3328} INFO - Setting next_dagrun for example_short_circuit_operator to 2023-05-14T00:17:22.010525+00:00, run_after=2023-05-15T00:17:22.010525+00:00
[2023-05-15T00:17:22.032+0000] {processor.py:178} INFO - Processing /home/airflow/.local/lib/python3.7/site-packages/airflow/example_dags/example_short_circuit_operator.py took 0.420 seconds
[2023-05-15T00:17:52.059+0000] {processor.py:156} INFO - Started process (PID=1843) to work on /home/airflow/.local/lib/python3.7/site-packages/airflow/example_dags/example_short_circuit_operator.py
[2023-05-15T00:17:52.060+0000] {processor.py:758} INFO - Processing file /home/airflow/.local/lib/python3.7/site-packages/airflow/example_dags/example_short_circuit_operator.py for tasks to queue
[2023-05-15T00:17:52.060+0000] {logging_mixin.py:117} INFO - [2023-05-15T00:17:52.060+0000] {dagbag.py:525} INFO - Filling up the DagBag from /home/airflow/.local/lib/python3.7/site-packages/airflow/example_dags/example_short_circuit_operator.py
[2023-05-15T00:17:52.075+0000] {processor.py:768} INFO - DAG(s) dict_keys(['example_short_circuit_operator']) retrieved from /home/airflow/.local/lib/python3.7/site-packages/airflow/example_dags/example_short_circuit_operator.py
[2023-05-15T00:17:52.129+0000] {logging_mixin.py:117} INFO - [2023-05-15T00:17:52.129+0000] {dag.py:2573} INFO - Sync 1 DAGs
[2023-05-15T00:17:52.199+0000] {logging_mixin.py:117} INFO - [2023-05-15T00:17:52.198+0000] {dag.py:3328} INFO - Setting next_dagrun for example_short_circuit_operator to 2023-05-14T00:17:52.198150+00:00, run_after=2023-05-15T00:17:52.198150+00:00
[2023-05-15T00:17:52.264+0000] {processor.py:178} INFO - Processing /home/airflow/.local/lib/python3.7/site-packages/airflow/example_dags/example_short_circuit_operator.py took 0.208 seconds
[2023-05-15T00:18:22.499+0000] {processor.py:156} INFO - Started process (PID=2054) to work on /home/airflow/.local/lib/python3.7/site-packages/airflow/example_dags/example_short_circuit_operator.py
[2023-05-15T00:18:22.502+0000] {processor.py:758} INFO - Processing file /home/airflow/.local/lib/python3.7/site-packages/airflow/example_dags/example_short_circuit_operator.py for tasks to queue
[2023-05-15T00:18:22.504+0000] {logging_mixin.py:117} INFO - [2023-05-15T00:18:22.504+0000] {dagbag.py:525} INFO - Filling up the DagBag from /home/airflow/.local/lib/python3.7/site-packages/airflow/example_dags/example_short_circuit_operator.py
[2023-05-15T00:18:22.543+0000] {processor.py:768} INFO - DAG(s) dict_keys(['example_short_circuit_operator']) retrieved from /home/airflow/.local/lib/python3.7/site-packages/airflow/example_dags/example_short_circuit_operator.py
[2023-05-15T00:18:22.593+0000] {logging_mixin.py:117} INFO - [2023-05-15T00:18:22.593+0000] {dag.py:2573} INFO - Sync 1 DAGs
[2023-05-15T00:18:22.623+0000] {logging_mixin.py:117} INFO - [2023-05-15T00:18:22.623+0000] {dag.py:3328} INFO - Setting next_dagrun for example_short_circuit_operator to 2023-05-14T00:18:22.623022+00:00, run_after=2023-05-15T00:18:22.623022+00:00
[2023-05-15T00:18:22.643+0000] {processor.py:178} INFO - Processing /home/airflow/.local/lib/python3.7/site-packages/airflow/example_dags/example_short_circuit_operator.py took 0.155 seconds
[2023-05-15T00:18:53.180+0000] {processor.py:156} INFO - Started process (PID=2257) to work on /home/airflow/.local/lib/python3.7/site-packages/airflow/example_dags/example_short_circuit_operator.py
[2023-05-15T00:18:53.181+0000] {processor.py:758} INFO - Processing file /home/airflow/.local/lib/python3.7/site-packages/airflow/example_dags/example_short_circuit_operator.py for tasks to queue
[2023-05-15T00:18:53.182+0000] {logging_mixin.py:117} INFO - [2023-05-15T00:18:53.182+0000] {dagbag.py:525} INFO - Filling up the DagBag from /home/airflow/.local/lib/python3.7/site-packages/airflow/example_dags/example_short_circuit_operator.py
[2023-05-15T00:18:53.209+0000] {processor.py:768} INFO - DAG(s) dict_keys(['example_short_circuit_operator']) retrieved from /home/airflow/.local/lib/python3.7/site-packages/airflow/example_dags/example_short_circuit_operator.py
[2023-05-15T00:18:53.258+0000] {logging_mixin.py:117} INFO - [2023-05-15T00:18:53.257+0000] {dag.py:2573} INFO - Sync 1 DAGs
[2023-05-15T00:18:53.295+0000] {logging_mixin.py:117} INFO - [2023-05-15T00:18:53.295+0000] {dag.py:3328} INFO - Setting next_dagrun for example_short_circuit_operator to 2023-05-14T00:18:53.295344+00:00, run_after=2023-05-15T00:18:53.295344+00:00
[2023-05-15T00:18:53.319+0000] {processor.py:178} INFO - Processing /home/airflow/.local/lib/python3.7/site-packages/airflow/example_dags/example_short_circuit_operator.py took 0.145 seconds
[2023-05-15T00:19:23.426+0000] {processor.py:156} INFO - Started process (PID=2467) to work on /home/airflow/.local/lib/python3.7/site-packages/airflow/example_dags/example_short_circuit_operator.py
[2023-05-15T00:19:23.428+0000] {processor.py:758} INFO - Processing file /home/airflow/.local/lib/python3.7/site-packages/airflow/example_dags/example_short_circuit_operator.py for tasks to queue
[2023-05-15T00:19:23.429+0000] {logging_mixin.py:117} INFO - [2023-05-15T00:19:23.429+0000] {dagbag.py:525} INFO - Filling up the DagBag from /home/airflow/.local/lib/python3.7/site-packages/airflow/example_dags/example_short_circuit_operator.py
[2023-05-15T00:19:23.448+0000] {processor.py:768} INFO - DAG(s) dict_keys(['example_short_circuit_operator']) retrieved from /home/airflow/.local/lib/python3.7/site-packages/airflow/example_dags/example_short_circuit_operator.py
[2023-05-15T00:19:23.486+0000] {logging_mixin.py:117} INFO - [2023-05-15T00:19:23.486+0000] {dag.py:2573} INFO - Sync 1 DAGs
[2023-05-15T00:19:23.523+0000] {logging_mixin.py:117} INFO - [2023-05-15T00:19:23.523+0000] {dag.py:3328} INFO - Setting next_dagrun for example_short_circuit_operator to 2023-05-14T00:19:23.523446+00:00, run_after=2023-05-15T00:19:23.523446+00:00
[2023-05-15T00:19:23.545+0000] {processor.py:178} INFO - Processing /home/airflow/.local/lib/python3.7/site-packages/airflow/example_dags/example_short_circuit_operator.py took 0.126 seconds
[2023-05-15T00:19:53.756+0000] {processor.py:156} INFO - Started process (PID=2680) to work on /home/airflow/.local/lib/python3.7/site-packages/airflow/example_dags/example_short_circuit_operator.py
[2023-05-15T00:19:53.757+0000] {processor.py:758} INFO - Processing file /home/airflow/.local/lib/python3.7/site-packages/airflow/example_dags/example_short_circuit_operator.py for tasks to queue
[2023-05-15T00:19:53.757+0000] {logging_mixin.py:117} INFO - [2023-05-15T00:19:53.757+0000] {dagbag.py:525} INFO - Filling up the DagBag from /home/airflow/.local/lib/python3.7/site-packages/airflow/example_dags/example_short_circuit_operator.py
[2023-05-15T00:19:53.774+0000] {processor.py:768} INFO - DAG(s) dict_keys(['example_short_circuit_operator']) retrieved from /home/airflow/.local/lib/python3.7/site-packages/airflow/example_dags/example_short_circuit_operator.py
[2023-05-15T00:19:53.845+0000] {logging_mixin.py:117} INFO - [2023-05-15T00:19:53.845+0000] {dag.py:2573} INFO - Sync 1 DAGs
[2023-05-15T00:19:53.873+0000] {logging_mixin.py:117} INFO - [2023-05-15T00:19:53.873+0000] {dag.py:3328} INFO - Setting next_dagrun for example_short_circuit_operator to 2023-05-14T00:19:53.872845+00:00, run_after=2023-05-15T00:19:53.872845+00:00
[2023-05-15T00:19:53.892+0000] {processor.py:178} INFO - Processing /home/airflow/.local/lib/python3.7/site-packages/airflow/example_dags/example_short_circuit_operator.py took 0.141 seconds
[2023-05-15T00:20:24.456+0000] {processor.py:156} INFO - Started process (PID=2882) to work on /home/airflow/.local/lib/python3.7/site-packages/airflow/example_dags/example_short_circuit_operator.py
[2023-05-15T00:20:24.461+0000] {processor.py:758} INFO - Processing file /home/airflow/.local/lib/python3.7/site-packages/airflow/example_dags/example_short_circuit_operator.py for tasks to queue
[2023-05-15T00:20:24.462+0000] {logging_mixin.py:117} INFO - [2023-05-15T00:20:24.461+0000] {dagbag.py:525} INFO - Filling up the DagBag from /home/airflow/.local/lib/python3.7/site-packages/airflow/example_dags/example_short_circuit_operator.py
[2023-05-15T00:20:24.487+0000] {processor.py:768} INFO - DAG(s) dict_keys(['example_short_circuit_operator']) retrieved from /home/airflow/.local/lib/python3.7/site-packages/airflow/example_dags/example_short_circuit_operator.py
[2023-05-15T00:20:24.540+0000] {logging_mixin.py:117} INFO - [2023-05-15T00:20:24.540+0000] {dag.py:2573} INFO - Sync 1 DAGs
[2023-05-15T00:20:24.564+0000] {logging_mixin.py:117} INFO - [2023-05-15T00:20:24.564+0000] {dag.py:3328} INFO - Setting next_dagrun for example_short_circuit_operator to 2023-05-14T00:20:24.563832+00:00, run_after=2023-05-15T00:20:24.563832+00:00
[2023-05-15T00:20:24.582+0000] {processor.py:178} INFO - Processing /home/airflow/.local/lib/python3.7/site-packages/airflow/example_dags/example_short_circuit_operator.py took 0.130 seconds
[2023-05-15T00:20:55.431+0000] {processor.py:156} INFO - Started process (PID=3093) to work on /home/airflow/.local/lib/python3.7/site-packages/airflow/example_dags/example_short_circuit_operator.py
[2023-05-15T00:20:55.433+0000] {processor.py:758} INFO - Processing file /home/airflow/.local/lib/python3.7/site-packages/airflow/example_dags/example_short_circuit_operator.py for tasks to queue
[2023-05-15T00:20:55.434+0000] {logging_mixin.py:117} INFO - [2023-05-15T00:20:55.433+0000] {dagbag.py:525} INFO - Filling up the DagBag from /home/airflow/.local/lib/python3.7/site-packages/airflow/example_dags/example_short_circuit_operator.py
[2023-05-15T00:20:55.459+0000] {processor.py:768} INFO - DAG(s) dict_keys(['example_short_circuit_operator']) retrieved from /home/airflow/.local/lib/python3.7/site-packages/airflow/example_dags/example_short_circuit_operator.py
[2023-05-15T00:20:55.514+0000] {logging_mixin.py:117} INFO - [2023-05-15T00:20:55.514+0000] {dag.py:2573} INFO - Sync 1 DAGs
[2023-05-15T00:20:55.549+0000] {logging_mixin.py:117} INFO - [2023-05-15T00:20:55.549+0000] {dag.py:3328} INFO - Setting next_dagrun for example_short_circuit_operator to 2023-05-14T00:20:55.549455+00:00, run_after=2023-05-15T00:20:55.549455+00:00
[2023-05-15T00:20:55.576+0000] {processor.py:178} INFO - Processing /home/airflow/.local/lib/python3.7/site-packages/airflow/example_dags/example_short_circuit_operator.py took 0.151 seconds
[2023-05-15T00:21:25.816+0000] {processor.py:156} INFO - Started process (PID=3306) to work on /home/airflow/.local/lib/python3.7/site-packages/airflow/example_dags/example_short_circuit_operator.py
[2023-05-15T00:21:25.817+0000] {processor.py:758} INFO - Processing file /home/airflow/.local/lib/python3.7/site-packages/airflow/example_dags/example_short_circuit_operator.py for tasks to queue
[2023-05-15T00:21:25.818+0000] {logging_mixin.py:117} INFO - [2023-05-15T00:21:25.817+0000] {dagbag.py:525} INFO - Filling up the DagBag from /home/airflow/.local/lib/python3.7/site-packages/airflow/example_dags/example_short_circuit_operator.py
[2023-05-15T00:21:25.842+0000] {processor.py:768} INFO - DAG(s) dict_keys(['example_short_circuit_operator']) retrieved from /home/airflow/.local/lib/python3.7/site-packages/airflow/example_dags/example_short_circuit_operator.py
[2023-05-15T00:21:25.899+0000] {logging_mixin.py:117} INFO - [2023-05-15T00:21:25.898+0000] {dag.py:2573} INFO - Sync 1 DAGs
[2023-05-15T00:21:25.939+0000] {logging_mixin.py:117} INFO - [2023-05-15T00:21:25.939+0000] {dag.py:3328} INFO - Setting next_dagrun for example_short_circuit_operator to 2023-05-14T00:21:25.938778+00:00, run_after=2023-05-15T00:21:25.938778+00:00
[2023-05-15T00:21:25.965+0000] {processor.py:178} INFO - Processing /home/airflow/.local/lib/python3.7/site-packages/airflow/example_dags/example_short_circuit_operator.py took 0.153 seconds
[2023-05-15T00:21:56.276+0000] {processor.py:156} INFO - Started process (PID=3509) to work on /home/airflow/.local/lib/python3.7/site-packages/airflow/example_dags/example_short_circuit_operator.py
[2023-05-15T00:21:56.278+0000] {processor.py:758} INFO - Processing file /home/airflow/.local/lib/python3.7/site-packages/airflow/example_dags/example_short_circuit_operator.py for tasks to queue
[2023-05-15T00:21:56.280+0000] {logging_mixin.py:117} INFO - [2023-05-15T00:21:56.279+0000] {dagbag.py:525} INFO - Filling up the DagBag from /home/airflow/.local/lib/python3.7/site-packages/airflow/example_dags/example_short_circuit_operator.py
[2023-05-15T00:21:56.307+0000] {processor.py:768} INFO - DAG(s) dict_keys(['example_short_circuit_operator']) retrieved from /home/airflow/.local/lib/python3.7/site-packages/airflow/example_dags/example_short_circuit_operator.py
[2023-05-15T00:21:56.353+0000] {logging_mixin.py:117} INFO - [2023-05-15T00:21:56.353+0000] {dag.py:2573} INFO - Sync 1 DAGs
[2023-05-15T00:21:56.380+0000] {logging_mixin.py:117} INFO - [2023-05-15T00:21:56.380+0000] {dag.py:3328} INFO - Setting next_dagrun for example_short_circuit_operator to 2023-05-14T00:21:56.380096+00:00, run_after=2023-05-15T00:21:56.380096+00:00
[2023-05-15T00:21:56.402+0000] {processor.py:178} INFO - Processing /home/airflow/.local/lib/python3.7/site-packages/airflow/example_dags/example_short_circuit_operator.py took 0.136 seconds
[2023-05-15T00:22:26.700+0000] {processor.py:156} INFO - Started process (PID=3722) to work on /home/airflow/.local/lib/python3.7/site-packages/airflow/example_dags/example_short_circuit_operator.py
[2023-05-15T00:22:26.702+0000] {processor.py:758} INFO - Processing file /home/airflow/.local/lib/python3.7/site-packages/airflow/example_dags/example_short_circuit_operator.py for tasks to queue
[2023-05-15T00:22:26.703+0000] {logging_mixin.py:117} INFO - [2023-05-15T00:22:26.703+0000] {dagbag.py:525} INFO - Filling up the DagBag from /home/airflow/.local/lib/python3.7/site-packages/airflow/example_dags/example_short_circuit_operator.py
[2023-05-15T00:22:26.733+0000] {processor.py:768} INFO - DAG(s) dict_keys(['example_short_circuit_operator']) retrieved from /home/airflow/.local/lib/python3.7/site-packages/airflow/example_dags/example_short_circuit_operator.py
[2023-05-15T00:22:26.780+0000] {logging_mixin.py:117} INFO - [2023-05-15T00:22:26.780+0000] {dag.py:2573} INFO - Sync 1 DAGs
[2023-05-15T00:22:26.813+0000] {logging_mixin.py:117} INFO - [2023-05-15T00:22:26.813+0000] {dag.py:3328} INFO - Setting next_dagrun for example_short_circuit_operator to 2023-05-14T00:22:26.812756+00:00, run_after=2023-05-15T00:22:26.812756+00:00
[2023-05-15T00:22:26.838+0000] {processor.py:178} INFO - Processing /home/airflow/.local/lib/python3.7/site-packages/airflow/example_dags/example_short_circuit_operator.py took 0.151 seconds
[2023-05-15T00:22:57.616+0000] {processor.py:156} INFO - Started process (PID=3935) to work on /home/airflow/.local/lib/python3.7/site-packages/airflow/example_dags/example_short_circuit_operator.py
[2023-05-15T00:22:57.616+0000] {processor.py:758} INFO - Processing file /home/airflow/.local/lib/python3.7/site-packages/airflow/example_dags/example_short_circuit_operator.py for tasks to queue
[2023-05-15T00:22:57.617+0000] {logging_mixin.py:117} INFO - [2023-05-15T00:22:57.617+0000] {dagbag.py:525} INFO - Filling up the DagBag from /home/airflow/.local/lib/python3.7/site-packages/airflow/example_dags/example_short_circuit_operator.py
[2023-05-15T00:22:57.643+0000] {processor.py:768} INFO - DAG(s) dict_keys(['example_short_circuit_operator']) retrieved from /home/airflow/.local/lib/python3.7/site-packages/airflow/example_dags/example_short_circuit_operator.py
[2023-05-15T00:22:57.714+0000] {logging_mixin.py:117} INFO - [2023-05-15T00:22:57.714+0000] {dag.py:2573} INFO - Sync 1 DAGs
[2023-05-15T00:22:57.757+0000] {logging_mixin.py:117} INFO - [2023-05-15T00:22:57.757+0000] {dag.py:3328} INFO - Setting next_dagrun for example_short_circuit_operator to 2023-05-14T00:22:57.757473+00:00, run_after=2023-05-15T00:22:57.757473+00:00
[2023-05-15T00:22:57.788+0000] {processor.py:178} INFO - Processing /home/airflow/.local/lib/python3.7/site-packages/airflow/example_dags/example_short_circuit_operator.py took 0.177 seconds
[2023-05-15T00:23:28.194+0000] {processor.py:156} INFO - Started process (PID=4138) to work on /home/airflow/.local/lib/python3.7/site-packages/airflow/example_dags/example_short_circuit_operator.py
[2023-05-15T00:23:28.196+0000] {processor.py:758} INFO - Processing file /home/airflow/.local/lib/python3.7/site-packages/airflow/example_dags/example_short_circuit_operator.py for tasks to queue
[2023-05-15T00:23:28.197+0000] {logging_mixin.py:117} INFO - [2023-05-15T00:23:28.197+0000] {dagbag.py:525} INFO - Filling up the DagBag from /home/airflow/.local/lib/python3.7/site-packages/airflow/example_dags/example_short_circuit_operator.py
[2023-05-15T00:23:28.226+0000] {processor.py:768} INFO - DAG(s) dict_keys(['example_short_circuit_operator']) retrieved from /home/airflow/.local/lib/python3.7/site-packages/airflow/example_dags/example_short_circuit_operator.py
[2023-05-15T00:23:28.311+0000] {logging_mixin.py:117} INFO - [2023-05-15T00:23:28.311+0000] {dag.py:2573} INFO - Sync 1 DAGs
[2023-05-15T00:23:28.364+0000] {logging_mixin.py:117} INFO - [2023-05-15T00:23:28.363+0000] {dag.py:3328} INFO - Setting next_dagrun for example_short_circuit_operator to 2023-05-14T00:23:28.363696+00:00, run_after=2023-05-15T00:23:28.363696+00:00
[2023-05-15T00:23:28.390+0000] {processor.py:178} INFO - Processing /home/airflow/.local/lib/python3.7/site-packages/airflow/example_dags/example_short_circuit_operator.py took 0.214 seconds
[2023-05-15T00:23:58.885+0000] {processor.py:156} INFO - Started process (PID=4350) to work on /home/airflow/.local/lib/python3.7/site-packages/airflow/example_dags/example_short_circuit_operator.py
[2023-05-15T00:23:58.885+0000] {processor.py:758} INFO - Processing file /home/airflow/.local/lib/python3.7/site-packages/airflow/example_dags/example_short_circuit_operator.py for tasks to queue
[2023-05-15T00:23:58.886+0000] {logging_mixin.py:117} INFO - [2023-05-15T00:23:58.886+0000] {dagbag.py:525} INFO - Filling up the DagBag from /home/airflow/.local/lib/python3.7/site-packages/airflow/example_dags/example_short_circuit_operator.py
[2023-05-15T00:23:58.902+0000] {processor.py:768} INFO - DAG(s) dict_keys(['example_short_circuit_operator']) retrieved from /home/airflow/.local/lib/python3.7/site-packages/airflow/example_dags/example_short_circuit_operator.py
[2023-05-15T00:23:58.950+0000] {logging_mixin.py:117} INFO - [2023-05-15T00:23:58.950+0000] {dag.py:2573} INFO - Sync 1 DAGs
[2023-05-15T00:23:58.986+0000] {logging_mixin.py:117} INFO - [2023-05-15T00:23:58.986+0000] {dag.py:3328} INFO - Setting next_dagrun for example_short_circuit_operator to 2023-05-14T00:23:58.986440+00:00, run_after=2023-05-15T00:23:58.986440+00:00
[2023-05-15T00:23:59.010+0000] {processor.py:178} INFO - Processing /home/airflow/.local/lib/python3.7/site-packages/airflow/example_dags/example_short_circuit_operator.py took 0.128 seconds
[2023-05-15T00:24:29.540+0000] {processor.py:156} INFO - Started process (PID=4562) to work on /home/airflow/.local/lib/python3.7/site-packages/airflow/example_dags/example_short_circuit_operator.py
[2023-05-15T00:24:29.542+0000] {processor.py:758} INFO - Processing file /home/airflow/.local/lib/python3.7/site-packages/airflow/example_dags/example_short_circuit_operator.py for tasks to queue
[2023-05-15T00:24:29.543+0000] {logging_mixin.py:117} INFO - [2023-05-15T00:24:29.542+0000] {dagbag.py:525} INFO - Filling up the DagBag from /home/airflow/.local/lib/python3.7/site-packages/airflow/example_dags/example_short_circuit_operator.py
[2023-05-15T00:24:29.585+0000] {processor.py:768} INFO - DAG(s) dict_keys(['example_short_circuit_operator']) retrieved from /home/airflow/.local/lib/python3.7/site-packages/airflow/example_dags/example_short_circuit_operator.py
[2023-05-15T00:24:29.634+0000] {logging_mixin.py:117} INFO - [2023-05-15T00:24:29.634+0000] {dag.py:2573} INFO - Sync 1 DAGs
[2023-05-15T00:24:29.659+0000] {logging_mixin.py:117} INFO - [2023-05-15T00:24:29.659+0000] {dag.py:3328} INFO - Setting next_dagrun for example_short_circuit_operator to 2023-05-14T00:24:29.658810+00:00, run_after=2023-05-15T00:24:29.658810+00:00
[2023-05-15T00:24:29.680+0000] {processor.py:178} INFO - Processing /home/airflow/.local/lib/python3.7/site-packages/airflow/example_dags/example_short_circuit_operator.py took 0.145 seconds
[2023-05-15T00:34:02.590+0000] {processor.py:156} INFO - Started process (PID=175) to work on /home/airflow/.local/lib/python3.7/site-packages/airflow/example_dags/example_short_circuit_operator.py
[2023-05-15T00:34:02.599+0000] {processor.py:758} INFO - Processing file /home/airflow/.local/lib/python3.7/site-packages/airflow/example_dags/example_short_circuit_operator.py for tasks to queue
[2023-05-15T00:34:02.600+0000] {logging_mixin.py:117} INFO - [2023-05-15T00:34:02.600+0000] {dagbag.py:525} INFO - Filling up the DagBag from /home/airflow/.local/lib/python3.7/site-packages/airflow/example_dags/example_short_circuit_operator.py
[2023-05-15T00:34:02.644+0000] {processor.py:768} INFO - DAG(s) dict_keys(['example_short_circuit_operator']) retrieved from /home/airflow/.local/lib/python3.7/site-packages/airflow/example_dags/example_short_circuit_operator.py
[2023-05-15T00:34:02.760+0000] {logging_mixin.py:117} INFO - [2023-05-15T00:34:02.760+0000] {dag.py:2573} INFO - Sync 1 DAGs
[2023-05-15T00:34:02.803+0000] {logging_mixin.py:117} INFO - [2023-05-15T00:34:02.803+0000] {dag.py:3328} INFO - Setting next_dagrun for example_short_circuit_operator to 2023-05-14T00:34:02.802888+00:00, run_after=2023-05-15T00:34:02.802888+00:00
[2023-05-15T00:34:02.831+0000] {processor.py:178} INFO - Processing /home/airflow/.local/lib/python3.7/site-packages/airflow/example_dags/example_short_circuit_operator.py took 0.271 seconds
[2023-05-15T00:34:33.441+0000] {processor.py:156} INFO - Started process (PID=386) to work on /home/airflow/.local/lib/python3.7/site-packages/airflow/example_dags/example_short_circuit_operator.py
[2023-05-15T00:34:33.441+0000] {processor.py:758} INFO - Processing file /home/airflow/.local/lib/python3.7/site-packages/airflow/example_dags/example_short_circuit_operator.py for tasks to queue
[2023-05-15T00:34:33.442+0000] {logging_mixin.py:117} INFO - [2023-05-15T00:34:33.442+0000] {dagbag.py:525} INFO - Filling up the DagBag from /home/airflow/.local/lib/python3.7/site-packages/airflow/example_dags/example_short_circuit_operator.py
[2023-05-15T00:34:33.464+0000] {processor.py:768} INFO - DAG(s) dict_keys(['example_short_circuit_operator']) retrieved from /home/airflow/.local/lib/python3.7/site-packages/airflow/example_dags/example_short_circuit_operator.py
[2023-05-15T00:34:33.505+0000] {logging_mixin.py:117} INFO - [2023-05-15T00:34:33.505+0000] {dag.py:2573} INFO - Sync 1 DAGs
[2023-05-15T00:34:33.542+0000] {logging_mixin.py:117} INFO - [2023-05-15T00:34:33.541+0000] {dag.py:3328} INFO - Setting next_dagrun for example_short_circuit_operator to 2023-05-14T00:34:33.541323+00:00, run_after=2023-05-15T00:34:33.541323+00:00
[2023-05-15T00:34:33.586+0000] {processor.py:178} INFO - Processing /home/airflow/.local/lib/python3.7/site-packages/airflow/example_dags/example_short_circuit_operator.py took 0.150 seconds
