[2023-05-15T00:13:47.319+0000] {processor.py:156} INFO - Started process (PID=238) to work on /home/airflow/.local/lib/python3.7/site-packages/airflow/example_dags/example_branch_datetime_operator.py
[2023-05-15T00:13:47.319+0000] {processor.py:758} INFO - Processing file /home/airflow/.local/lib/python3.7/site-packages/airflow/example_dags/example_branch_datetime_operator.py for tasks to queue
[2023-05-15T00:13:47.320+0000] {logging_mixin.py:117} INFO - [2023-05-15T00:13:47.320+0000] {dagbag.py:525} INFO - Filling up the DagBag from /home/airflow/.local/lib/python3.7/site-packages/airflow/example_dags/example_branch_datetime_operator.py
[2023-05-15T00:13:47.344+0000] {processor.py:768} INFO - DAG(s) dict_keys(['example_branch_datetime_operator', 'example_branch_datetime_operator_2', 'example_branch_datetime_operator_3']) retrieved from /home/airflow/.local/lib/python3.7/site-packages/airflow/example_dags/example_branch_datetime_operator.py
[2023-05-15T00:13:47.390+0000] {logging_mixin.py:117} INFO - [2023-05-15T00:13:47.390+0000] {dag.py:2573} INFO - Sync 3 DAGs
[2023-05-15T00:13:47.435+0000] {logging_mixin.py:117} INFO - [2023-05-15T00:13:47.434+0000] {dag.py:3328} INFO - Setting next_dagrun for example_branch_datetime_operator to 2023-05-14T00:00:00+00:00, run_after=2023-05-15T00:00:00+00:00
[2023-05-15T00:13:47.443+0000] {logging_mixin.py:117} INFO - [2023-05-15T00:13:47.442+0000] {dag.py:3328} INFO - Setting next_dagrun for example_branch_datetime_operator_2 to 2023-05-14T00:00:00+00:00, run_after=2023-05-15T00:00:00+00:00
[2023-05-15T00:13:47.447+0000] {logging_mixin.py:117} INFO - [2023-05-15T00:13:47.447+0000] {dag.py:3328} INFO - Setting next_dagrun for example_branch_datetime_operator_3 to 2023-05-14T00:00:00+00:00, run_after=2023-05-15T00:00:00+00:00
[2023-05-15T00:13:47.472+0000] {processor.py:178} INFO - Processing /home/airflow/.local/lib/python3.7/site-packages/airflow/example_dags/example_branch_datetime_operator.py took 0.157 seconds
[2023-05-15T00:14:19.559+0000] {processor.py:156} INFO - Started process (PID=441) to work on /home/airflow/.local/lib/python3.7/site-packages/airflow/example_dags/example_branch_datetime_operator.py
[2023-05-15T00:14:19.560+0000] {processor.py:758} INFO - Processing file /home/airflow/.local/lib/python3.7/site-packages/airflow/example_dags/example_branch_datetime_operator.py for tasks to queue
[2023-05-15T00:14:19.561+0000] {logging_mixin.py:117} INFO - [2023-05-15T00:14:19.561+0000] {dagbag.py:525} INFO - Filling up the DagBag from /home/airflow/.local/lib/python3.7/site-packages/airflow/example_dags/example_branch_datetime_operator.py
[2023-05-15T00:14:19.590+0000] {processor.py:768} INFO - DAG(s) dict_keys(['example_branch_datetime_operator', 'example_branch_datetime_operator_3', 'example_branch_datetime_operator_2']) retrieved from /home/airflow/.local/lib/python3.7/site-packages/airflow/example_dags/example_branch_datetime_operator.py
[2023-05-15T00:14:19.764+0000] {logging_mixin.py:117} INFO - [2023-05-15T00:14:19.764+0000] {dag.py:2573} INFO - Sync 3 DAGs
[2023-05-15T00:14:19.888+0000] {logging_mixin.py:117} INFO - [2023-05-15T00:14:19.887+0000] {dag.py:3328} INFO - Setting next_dagrun for example_branch_datetime_operator to 2023-05-14T00:00:00+00:00, run_after=2023-05-15T00:00:00+00:00
[2023-05-15T00:14:19.902+0000] {logging_mixin.py:117} INFO - [2023-05-15T00:14:19.901+0000] {dag.py:3328} INFO - Setting next_dagrun for example_branch_datetime_operator_2 to 2023-05-14T00:00:00+00:00, run_after=2023-05-15T00:00:00+00:00
[2023-05-15T00:14:19.907+0000] {logging_mixin.py:117} INFO - [2023-05-15T00:14:19.907+0000] {dag.py:3328} INFO - Setting next_dagrun for example_branch_datetime_operator_3 to 2023-05-14T00:00:00+00:00, run_after=2023-05-15T00:00:00+00:00
[2023-05-15T00:14:19.972+0000] {processor.py:178} INFO - Processing /home/airflow/.local/lib/python3.7/site-packages/airflow/example_dags/example_branch_datetime_operator.py took 0.416 seconds
[2023-05-15T00:14:50.987+0000] {processor.py:156} INFO - Started process (PID=653) to work on /home/airflow/.local/lib/python3.7/site-packages/airflow/example_dags/example_branch_datetime_operator.py
[2023-05-15T00:14:50.988+0000] {processor.py:758} INFO - Processing file /home/airflow/.local/lib/python3.7/site-packages/airflow/example_dags/example_branch_datetime_operator.py for tasks to queue
[2023-05-15T00:14:50.989+0000] {logging_mixin.py:117} INFO - [2023-05-15T00:14:50.989+0000] {dagbag.py:525} INFO - Filling up the DagBag from /home/airflow/.local/lib/python3.7/site-packages/airflow/example_dags/example_branch_datetime_operator.py
[2023-05-15T00:14:51.128+0000] {processor.py:768} INFO - DAG(s) dict_keys(['example_branch_datetime_operator', 'example_branch_datetime_operator_2', 'example_branch_datetime_operator_3']) retrieved from /home/airflow/.local/lib/python3.7/site-packages/airflow/example_dags/example_branch_datetime_operator.py
[2023-05-15T00:14:51.375+0000] {logging_mixin.py:117} INFO - [2023-05-15T00:14:51.374+0000] {dag.py:2573} INFO - Sync 3 DAGs
[2023-05-15T00:14:51.572+0000] {logging_mixin.py:117} INFO - [2023-05-15T00:14:51.571+0000] {dag.py:3328} INFO - Setting next_dagrun for example_branch_datetime_operator to 2023-05-14T00:00:00+00:00, run_after=2023-05-15T00:00:00+00:00
[2023-05-15T00:14:51.590+0000] {logging_mixin.py:117} INFO - [2023-05-15T00:14:51.589+0000] {dag.py:3328} INFO - Setting next_dagrun for example_branch_datetime_operator_2 to 2023-05-14T00:00:00+00:00, run_after=2023-05-15T00:00:00+00:00
[2023-05-15T00:14:51.602+0000] {logging_mixin.py:117} INFO - [2023-05-15T00:14:51.601+0000] {dag.py:3328} INFO - Setting next_dagrun for example_branch_datetime_operator_3 to 2023-05-14T00:00:00+00:00, run_after=2023-05-15T00:00:00+00:00
[2023-05-15T00:14:51.881+0000] {processor.py:178} INFO - Processing /home/airflow/.local/lib/python3.7/site-packages/airflow/example_dags/example_branch_datetime_operator.py took 0.912 seconds
[2023-05-15T00:15:22.205+0000] {processor.py:156} INFO - Started process (PID=855) to work on /home/airflow/.local/lib/python3.7/site-packages/airflow/example_dags/example_branch_datetime_operator.py
[2023-05-15T00:15:22.218+0000] {processor.py:758} INFO - Processing file /home/airflow/.local/lib/python3.7/site-packages/airflow/example_dags/example_branch_datetime_operator.py for tasks to queue
[2023-05-15T00:15:22.219+0000] {logging_mixin.py:117} INFO - [2023-05-15T00:15:22.219+0000] {dagbag.py:525} INFO - Filling up the DagBag from /home/airflow/.local/lib/python3.7/site-packages/airflow/example_dags/example_branch_datetime_operator.py
[2023-05-15T00:15:22.279+0000] {processor.py:768} INFO - DAG(s) dict_keys(['example_branch_datetime_operator_2', 'example_branch_datetime_operator', 'example_branch_datetime_operator_3']) retrieved from /home/airflow/.local/lib/python3.7/site-packages/airflow/example_dags/example_branch_datetime_operator.py
[2023-05-15T00:15:22.379+0000] {logging_mixin.py:117} INFO - [2023-05-15T00:15:22.379+0000] {dag.py:2573} INFO - Sync 3 DAGs
[2023-05-15T00:15:22.658+0000] {logging_mixin.py:117} INFO - [2023-05-15T00:15:22.657+0000] {dag.py:3328} INFO - Setting next_dagrun for example_branch_datetime_operator to 2023-05-14T00:00:00+00:00, run_after=2023-05-15T00:00:00+00:00
[2023-05-15T00:15:22.666+0000] {logging_mixin.py:117} INFO - [2023-05-15T00:15:22.666+0000] {dag.py:3328} INFO - Setting next_dagrun for example_branch_datetime_operator_2 to 2023-05-14T00:00:00+00:00, run_after=2023-05-15T00:00:00+00:00
[2023-05-15T00:15:22.672+0000] {logging_mixin.py:117} INFO - [2023-05-15T00:15:22.672+0000] {dag.py:3328} INFO - Setting next_dagrun for example_branch_datetime_operator_3 to 2023-05-14T00:00:00+00:00, run_after=2023-05-15T00:00:00+00:00
[2023-05-15T00:15:22.701+0000] {processor.py:178} INFO - Processing /home/airflow/.local/lib/python3.7/site-packages/airflow/example_dags/example_branch_datetime_operator.py took 0.521 seconds
[2023-05-15T00:15:53.173+0000] {processor.py:156} INFO - Started process (PID=1066) to work on /home/airflow/.local/lib/python3.7/site-packages/airflow/example_dags/example_branch_datetime_operator.py
[2023-05-15T00:15:53.177+0000] {processor.py:758} INFO - Processing file /home/airflow/.local/lib/python3.7/site-packages/airflow/example_dags/example_branch_datetime_operator.py for tasks to queue
[2023-05-15T00:15:53.181+0000] {logging_mixin.py:117} INFO - [2023-05-15T00:15:53.180+0000] {dagbag.py:525} INFO - Filling up the DagBag from /home/airflow/.local/lib/python3.7/site-packages/airflow/example_dags/example_branch_datetime_operator.py
[2023-05-15T00:15:53.233+0000] {processor.py:768} INFO - DAG(s) dict_keys(['example_branch_datetime_operator_3', 'example_branch_datetime_operator', 'example_branch_datetime_operator_2']) retrieved from /home/airflow/.local/lib/python3.7/site-packages/airflow/example_dags/example_branch_datetime_operator.py
[2023-05-15T00:15:53.558+0000] {logging_mixin.py:117} INFO - [2023-05-15T00:15:53.558+0000] {dag.py:2573} INFO - Sync 3 DAGs
[2023-05-15T00:15:53.610+0000] {logging_mixin.py:117} INFO - [2023-05-15T00:15:53.610+0000] {dag.py:3328} INFO - Setting next_dagrun for example_branch_datetime_operator to 2023-05-14T00:00:00+00:00, run_after=2023-05-15T00:00:00+00:00
[2023-05-15T00:15:53.618+0000] {logging_mixin.py:117} INFO - [2023-05-15T00:15:53.618+0000] {dag.py:3328} INFO - Setting next_dagrun for example_branch_datetime_operator_2 to 2023-05-14T00:00:00+00:00, run_after=2023-05-15T00:00:00+00:00
[2023-05-15T00:15:53.622+0000] {logging_mixin.py:117} INFO - [2023-05-15T00:15:53.622+0000] {dag.py:3328} INFO - Setting next_dagrun for example_branch_datetime_operator_3 to 2023-05-14T00:00:00+00:00, run_after=2023-05-15T00:00:00+00:00
[2023-05-15T00:15:53.652+0000] {processor.py:178} INFO - Processing /home/airflow/.local/lib/python3.7/site-packages/airflow/example_dags/example_branch_datetime_operator.py took 0.493 seconds
[2023-05-15T00:16:24.132+0000] {processor.py:156} INFO - Started process (PID=1268) to work on /home/airflow/.local/lib/python3.7/site-packages/airflow/example_dags/example_branch_datetime_operator.py
[2023-05-15T00:16:24.134+0000] {processor.py:758} INFO - Processing file /home/airflow/.local/lib/python3.7/site-packages/airflow/example_dags/example_branch_datetime_operator.py for tasks to queue
[2023-05-15T00:16:24.136+0000] {logging_mixin.py:117} INFO - [2023-05-15T00:16:24.135+0000] {dagbag.py:525} INFO - Filling up the DagBag from /home/airflow/.local/lib/python3.7/site-packages/airflow/example_dags/example_branch_datetime_operator.py
[2023-05-15T00:16:24.184+0000] {processor.py:768} INFO - DAG(s) dict_keys(['example_branch_datetime_operator_2', 'example_branch_datetime_operator_3', 'example_branch_datetime_operator']) retrieved from /home/airflow/.local/lib/python3.7/site-packages/airflow/example_dags/example_branch_datetime_operator.py
[2023-05-15T00:16:24.419+0000] {logging_mixin.py:117} INFO - [2023-05-15T00:16:24.418+0000] {dag.py:2573} INFO - Sync 3 DAGs
[2023-05-15T00:16:24.461+0000] {logging_mixin.py:117} INFO - [2023-05-15T00:16:24.461+0000] {dag.py:3328} INFO - Setting next_dagrun for example_branch_datetime_operator to 2023-05-14T00:00:00+00:00, run_after=2023-05-15T00:00:00+00:00
[2023-05-15T00:16:24.470+0000] {logging_mixin.py:117} INFO - [2023-05-15T00:16:24.470+0000] {dag.py:3328} INFO - Setting next_dagrun for example_branch_datetime_operator_2 to 2023-05-14T00:00:00+00:00, run_after=2023-05-15T00:00:00+00:00
[2023-05-15T00:16:24.475+0000] {logging_mixin.py:117} INFO - [2023-05-15T00:16:24.475+0000] {dag.py:3328} INFO - Setting next_dagrun for example_branch_datetime_operator_3 to 2023-05-14T00:00:00+00:00, run_after=2023-05-15T00:00:00+00:00
[2023-05-15T00:16:24.509+0000] {processor.py:178} INFO - Processing /home/airflow/.local/lib/python3.7/site-packages/airflow/example_dags/example_branch_datetime_operator.py took 0.386 seconds
[2023-05-15T00:16:55.075+0000] {processor.py:156} INFO - Started process (PID=1478) to work on /home/airflow/.local/lib/python3.7/site-packages/airflow/example_dags/example_branch_datetime_operator.py
[2023-05-15T00:16:55.078+0000] {processor.py:758} INFO - Processing file /home/airflow/.local/lib/python3.7/site-packages/airflow/example_dags/example_branch_datetime_operator.py for tasks to queue
[2023-05-15T00:16:55.080+0000] {logging_mixin.py:117} INFO - [2023-05-15T00:16:55.079+0000] {dagbag.py:525} INFO - Filling up the DagBag from /home/airflow/.local/lib/python3.7/site-packages/airflow/example_dags/example_branch_datetime_operator.py
[2023-05-15T00:16:55.123+0000] {processor.py:768} INFO - DAG(s) dict_keys(['example_branch_datetime_operator_2', 'example_branch_datetime_operator_3', 'example_branch_datetime_operator']) retrieved from /home/airflow/.local/lib/python3.7/site-packages/airflow/example_dags/example_branch_datetime_operator.py
[2023-05-15T00:16:55.507+0000] {logging_mixin.py:117} INFO - [2023-05-15T00:16:55.507+0000] {dag.py:2573} INFO - Sync 3 DAGs
[2023-05-15T00:16:55.581+0000] {logging_mixin.py:117} INFO - [2023-05-15T00:16:55.581+0000] {dag.py:3328} INFO - Setting next_dagrun for example_branch_datetime_operator to 2023-05-14T00:00:00+00:00, run_after=2023-05-15T00:00:00+00:00
[2023-05-15T00:16:55.600+0000] {logging_mixin.py:117} INFO - [2023-05-15T00:16:55.599+0000] {dag.py:3328} INFO - Setting next_dagrun for example_branch_datetime_operator_2 to 2023-05-14T00:00:00+00:00, run_after=2023-05-15T00:00:00+00:00
[2023-05-15T00:16:55.610+0000] {logging_mixin.py:117} INFO - [2023-05-15T00:16:55.610+0000] {dag.py:3328} INFO - Setting next_dagrun for example_branch_datetime_operator_3 to 2023-05-14T00:00:00+00:00, run_after=2023-05-15T00:00:00+00:00
[2023-05-15T00:16:55.683+0000] {processor.py:178} INFO - Processing /home/airflow/.local/lib/python3.7/site-packages/airflow/example_dags/example_branch_datetime_operator.py took 0.613 seconds
[2023-05-15T00:17:26.135+0000] {processor.py:156} INFO - Started process (PID=1693) to work on /home/airflow/.local/lib/python3.7/site-packages/airflow/example_dags/example_branch_datetime_operator.py
[2023-05-15T00:17:26.135+0000] {processor.py:758} INFO - Processing file /home/airflow/.local/lib/python3.7/site-packages/airflow/example_dags/example_branch_datetime_operator.py for tasks to queue
[2023-05-15T00:17:26.136+0000] {logging_mixin.py:117} INFO - [2023-05-15T00:17:26.136+0000] {dagbag.py:525} INFO - Filling up the DagBag from /home/airflow/.local/lib/python3.7/site-packages/airflow/example_dags/example_branch_datetime_operator.py
[2023-05-15T00:17:26.156+0000] {processor.py:768} INFO - DAG(s) dict_keys(['example_branch_datetime_operator_3', 'example_branch_datetime_operator', 'example_branch_datetime_operator_2']) retrieved from /home/airflow/.local/lib/python3.7/site-packages/airflow/example_dags/example_branch_datetime_operator.py
[2023-05-15T00:17:26.195+0000] {logging_mixin.py:117} INFO - [2023-05-15T00:17:26.195+0000] {dag.py:2573} INFO - Sync 3 DAGs
[2023-05-15T00:17:26.219+0000] {logging_mixin.py:117} INFO - [2023-05-15T00:17:26.219+0000] {dag.py:3328} INFO - Setting next_dagrun for example_branch_datetime_operator to 2023-05-14T00:00:00+00:00, run_after=2023-05-15T00:00:00+00:00
[2023-05-15T00:17:26.223+0000] {logging_mixin.py:117} INFO - [2023-05-15T00:17:26.223+0000] {dag.py:3328} INFO - Setting next_dagrun for example_branch_datetime_operator_2 to 2023-05-14T00:00:00+00:00, run_after=2023-05-15T00:00:00+00:00
[2023-05-15T00:17:26.226+0000] {logging_mixin.py:117} INFO - [2023-05-15T00:17:26.226+0000] {dag.py:3328} INFO - Setting next_dagrun for example_branch_datetime_operator_3 to 2023-05-14T00:00:00+00:00, run_after=2023-05-15T00:00:00+00:00
[2023-05-15T00:17:26.242+0000] {processor.py:178} INFO - Processing /home/airflow/.local/lib/python3.7/site-packages/airflow/example_dags/example_branch_datetime_operator.py took 0.259 seconds
[2023-05-15T00:17:56.297+0000] {processor.py:156} INFO - Started process (PID=1893) to work on /home/airflow/.local/lib/python3.7/site-packages/airflow/example_dags/example_branch_datetime_operator.py
[2023-05-15T00:17:56.298+0000] {processor.py:758} INFO - Processing file /home/airflow/.local/lib/python3.7/site-packages/airflow/example_dags/example_branch_datetime_operator.py for tasks to queue
[2023-05-15T00:17:56.298+0000] {logging_mixin.py:117} INFO - [2023-05-15T00:17:56.298+0000] {dagbag.py:525} INFO - Filling up the DagBag from /home/airflow/.local/lib/python3.7/site-packages/airflow/example_dags/example_branch_datetime_operator.py
[2023-05-15T00:17:56.322+0000] {processor.py:768} INFO - DAG(s) dict_keys(['example_branch_datetime_operator_3', 'example_branch_datetime_operator', 'example_branch_datetime_operator_2']) retrieved from /home/airflow/.local/lib/python3.7/site-packages/airflow/example_dags/example_branch_datetime_operator.py
[2023-05-15T00:17:56.365+0000] {logging_mixin.py:117} INFO - [2023-05-15T00:17:56.365+0000] {dag.py:2573} INFO - Sync 3 DAGs
[2023-05-15T00:17:56.396+0000] {logging_mixin.py:117} INFO - [2023-05-15T00:17:56.396+0000] {dag.py:3328} INFO - Setting next_dagrun for example_branch_datetime_operator to 2023-05-14T00:00:00+00:00, run_after=2023-05-15T00:00:00+00:00
[2023-05-15T00:17:56.401+0000] {logging_mixin.py:117} INFO - [2023-05-15T00:17:56.401+0000] {dag.py:3328} INFO - Setting next_dagrun for example_branch_datetime_operator_2 to 2023-05-14T00:00:00+00:00, run_after=2023-05-15T00:00:00+00:00
[2023-05-15T00:17:56.403+0000] {logging_mixin.py:117} INFO - [2023-05-15T00:17:56.403+0000] {dag.py:3328} INFO - Setting next_dagrun for example_branch_datetime_operator_3 to 2023-05-14T00:00:00+00:00, run_after=2023-05-15T00:00:00+00:00
[2023-05-15T00:17:56.418+0000] {processor.py:178} INFO - Processing /home/airflow/.local/lib/python3.7/site-packages/airflow/example_dags/example_branch_datetime_operator.py took 0.127 seconds
[2023-05-15T00:18:26.662+0000] {processor.py:156} INFO - Started process (PID=2104) to work on /home/airflow/.local/lib/python3.7/site-packages/airflow/example_dags/example_branch_datetime_operator.py
[2023-05-15T00:18:26.664+0000] {processor.py:758} INFO - Processing file /home/airflow/.local/lib/python3.7/site-packages/airflow/example_dags/example_branch_datetime_operator.py for tasks to queue
[2023-05-15T00:18:26.666+0000] {logging_mixin.py:117} INFO - [2023-05-15T00:18:26.666+0000] {dagbag.py:525} INFO - Filling up the DagBag from /home/airflow/.local/lib/python3.7/site-packages/airflow/example_dags/example_branch_datetime_operator.py
[2023-05-15T00:18:26.696+0000] {processor.py:768} INFO - DAG(s) dict_keys(['example_branch_datetime_operator_3', 'example_branch_datetime_operator', 'example_branch_datetime_operator_2']) retrieved from /home/airflow/.local/lib/python3.7/site-packages/airflow/example_dags/example_branch_datetime_operator.py
[2023-05-15T00:18:26.742+0000] {logging_mixin.py:117} INFO - [2023-05-15T00:18:26.742+0000] {dag.py:2573} INFO - Sync 3 DAGs
[2023-05-15T00:18:26.767+0000] {logging_mixin.py:117} INFO - [2023-05-15T00:18:26.767+0000] {dag.py:3328} INFO - Setting next_dagrun for example_branch_datetime_operator to 2023-05-14T00:00:00+00:00, run_after=2023-05-15T00:00:00+00:00
[2023-05-15T00:18:26.772+0000] {logging_mixin.py:117} INFO - [2023-05-15T00:18:26.772+0000] {dag.py:3328} INFO - Setting next_dagrun for example_branch_datetime_operator_2 to 2023-05-14T00:00:00+00:00, run_after=2023-05-15T00:00:00+00:00
[2023-05-15T00:18:26.775+0000] {logging_mixin.py:117} INFO - [2023-05-15T00:18:26.774+0000] {dag.py:3328} INFO - Setting next_dagrun for example_branch_datetime_operator_3 to 2023-05-14T00:00:00+00:00, run_after=2023-05-15T00:00:00+00:00
[2023-05-15T00:18:26.793+0000] {processor.py:178} INFO - Processing /home/airflow/.local/lib/python3.7/site-packages/airflow/example_dags/example_branch_datetime_operator.py took 0.136 seconds
[2023-05-15T00:18:57.262+0000] {processor.py:156} INFO - Started process (PID=2318) to work on /home/airflow/.local/lib/python3.7/site-packages/airflow/example_dags/example_branch_datetime_operator.py
[2023-05-15T00:18:57.263+0000] {processor.py:758} INFO - Processing file /home/airflow/.local/lib/python3.7/site-packages/airflow/example_dags/example_branch_datetime_operator.py for tasks to queue
[2023-05-15T00:18:57.263+0000] {logging_mixin.py:117} INFO - [2023-05-15T00:18:57.263+0000] {dagbag.py:525} INFO - Filling up the DagBag from /home/airflow/.local/lib/python3.7/site-packages/airflow/example_dags/example_branch_datetime_operator.py
[2023-05-15T00:18:57.292+0000] {processor.py:768} INFO - DAG(s) dict_keys(['example_branch_datetime_operator_3', 'example_branch_datetime_operator_2', 'example_branch_datetime_operator']) retrieved from /home/airflow/.local/lib/python3.7/site-packages/airflow/example_dags/example_branch_datetime_operator.py
[2023-05-15T00:18:57.351+0000] {logging_mixin.py:117} INFO - [2023-05-15T00:18:57.351+0000] {dag.py:2573} INFO - Sync 3 DAGs
[2023-05-15T00:18:57.388+0000] {logging_mixin.py:117} INFO - [2023-05-15T00:18:57.388+0000] {dag.py:3328} INFO - Setting next_dagrun for example_branch_datetime_operator to 2023-05-14T00:00:00+00:00, run_after=2023-05-15T00:00:00+00:00
[2023-05-15T00:18:57.396+0000] {logging_mixin.py:117} INFO - [2023-05-15T00:18:57.396+0000] {dag.py:3328} INFO - Setting next_dagrun for example_branch_datetime_operator_2 to 2023-05-14T00:00:00+00:00, run_after=2023-05-15T00:00:00+00:00
[2023-05-15T00:18:57.400+0000] {logging_mixin.py:117} INFO - [2023-05-15T00:18:57.400+0000] {dag.py:3328} INFO - Setting next_dagrun for example_branch_datetime_operator_3 to 2023-05-14T00:00:00+00:00, run_after=2023-05-15T00:00:00+00:00
[2023-05-15T00:18:57.422+0000] {processor.py:178} INFO - Processing /home/airflow/.local/lib/python3.7/site-packages/airflow/example_dags/example_branch_datetime_operator.py took 0.165 seconds
[2023-05-15T00:19:28.262+0000] {processor.py:156} INFO - Started process (PID=2520) to work on /home/airflow/.local/lib/python3.7/site-packages/airflow/example_dags/example_branch_datetime_operator.py
[2023-05-15T00:19:28.263+0000] {processor.py:758} INFO - Processing file /home/airflow/.local/lib/python3.7/site-packages/airflow/example_dags/example_branch_datetime_operator.py for tasks to queue
[2023-05-15T00:19:28.264+0000] {logging_mixin.py:117} INFO - [2023-05-15T00:19:28.263+0000] {dagbag.py:525} INFO - Filling up the DagBag from /home/airflow/.local/lib/python3.7/site-packages/airflow/example_dags/example_branch_datetime_operator.py
[2023-05-15T00:19:28.291+0000] {processor.py:768} INFO - DAG(s) dict_keys(['example_branch_datetime_operator_2', 'example_branch_datetime_operator_3', 'example_branch_datetime_operator']) retrieved from /home/airflow/.local/lib/python3.7/site-packages/airflow/example_dags/example_branch_datetime_operator.py
[2023-05-15T00:19:28.355+0000] {logging_mixin.py:117} INFO - [2023-05-15T00:19:28.355+0000] {dag.py:2573} INFO - Sync 3 DAGs
[2023-05-15T00:19:28.398+0000] {logging_mixin.py:117} INFO - [2023-05-15T00:19:28.398+0000] {dag.py:3328} INFO - Setting next_dagrun for example_branch_datetime_operator to 2023-05-14T00:00:00+00:00, run_after=2023-05-15T00:00:00+00:00
[2023-05-15T00:19:28.407+0000] {logging_mixin.py:117} INFO - [2023-05-15T00:19:28.407+0000] {dag.py:3328} INFO - Setting next_dagrun for example_branch_datetime_operator_2 to 2023-05-14T00:00:00+00:00, run_after=2023-05-15T00:00:00+00:00
[2023-05-15T00:19:28.411+0000] {logging_mixin.py:117} INFO - [2023-05-15T00:19:28.411+0000] {dag.py:3328} INFO - Setting next_dagrun for example_branch_datetime_operator_3 to 2023-05-14T00:00:00+00:00, run_after=2023-05-15T00:00:00+00:00
[2023-05-15T00:19:28.442+0000] {processor.py:178} INFO - Processing /home/airflow/.local/lib/python3.7/site-packages/airflow/example_dags/example_branch_datetime_operator.py took 0.184 seconds
[2023-05-15T00:19:58.899+0000] {processor.py:156} INFO - Started process (PID=2733) to work on /home/airflow/.local/lib/python3.7/site-packages/airflow/example_dags/example_branch_datetime_operator.py
[2023-05-15T00:19:58.900+0000] {processor.py:758} INFO - Processing file /home/airflow/.local/lib/python3.7/site-packages/airflow/example_dags/example_branch_datetime_operator.py for tasks to queue
[2023-05-15T00:19:58.900+0000] {logging_mixin.py:117} INFO - [2023-05-15T00:19:58.900+0000] {dagbag.py:525} INFO - Filling up the DagBag from /home/airflow/.local/lib/python3.7/site-packages/airflow/example_dags/example_branch_datetime_operator.py
[2023-05-15T00:19:58.930+0000] {processor.py:768} INFO - DAG(s) dict_keys(['example_branch_datetime_operator_2', 'example_branch_datetime_operator_3', 'example_branch_datetime_operator']) retrieved from /home/airflow/.local/lib/python3.7/site-packages/airflow/example_dags/example_branch_datetime_operator.py
[2023-05-15T00:19:58.979+0000] {logging_mixin.py:117} INFO - [2023-05-15T00:19:58.978+0000] {dag.py:2573} INFO - Sync 3 DAGs
[2023-05-15T00:19:59.004+0000] {logging_mixin.py:117} INFO - [2023-05-15T00:19:59.003+0000] {dag.py:3328} INFO - Setting next_dagrun for example_branch_datetime_operator to 2023-05-14T00:00:00+00:00, run_after=2023-05-15T00:00:00+00:00
[2023-05-15T00:19:59.008+0000] {logging_mixin.py:117} INFO - [2023-05-15T00:19:59.008+0000] {dag.py:3328} INFO - Setting next_dagrun for example_branch_datetime_operator_2 to 2023-05-14T00:00:00+00:00, run_after=2023-05-15T00:00:00+00:00
[2023-05-15T00:19:59.011+0000] {logging_mixin.py:117} INFO - [2023-05-15T00:19:59.010+0000] {dag.py:3328} INFO - Setting next_dagrun for example_branch_datetime_operator_3 to 2023-05-14T00:00:00+00:00, run_after=2023-05-15T00:00:00+00:00
[2023-05-15T00:19:59.028+0000] {processor.py:178} INFO - Processing /home/airflow/.local/lib/python3.7/site-packages/airflow/example_dags/example_branch_datetime_operator.py took 0.133 seconds
[2023-05-15T00:20:29.624+0000] {processor.py:156} INFO - Started process (PID=2944) to work on /home/airflow/.local/lib/python3.7/site-packages/airflow/example_dags/example_branch_datetime_operator.py
[2023-05-15T00:20:29.626+0000] {processor.py:758} INFO - Processing file /home/airflow/.local/lib/python3.7/site-packages/airflow/example_dags/example_branch_datetime_operator.py for tasks to queue
[2023-05-15T00:20:29.628+0000] {logging_mixin.py:117} INFO - [2023-05-15T00:20:29.627+0000] {dagbag.py:525} INFO - Filling up the DagBag from /home/airflow/.local/lib/python3.7/site-packages/airflow/example_dags/example_branch_datetime_operator.py
[2023-05-15T00:20:29.657+0000] {processor.py:768} INFO - DAG(s) dict_keys(['example_branch_datetime_operator_2', 'example_branch_datetime_operator_3', 'example_branch_datetime_operator']) retrieved from /home/airflow/.local/lib/python3.7/site-packages/airflow/example_dags/example_branch_datetime_operator.py
[2023-05-15T00:20:29.710+0000] {logging_mixin.py:117} INFO - [2023-05-15T00:20:29.710+0000] {dag.py:2573} INFO - Sync 3 DAGs
[2023-05-15T00:20:29.747+0000] {logging_mixin.py:117} INFO - [2023-05-15T00:20:29.747+0000] {dag.py:3328} INFO - Setting next_dagrun for example_branch_datetime_operator to 2023-05-14T00:00:00+00:00, run_after=2023-05-15T00:00:00+00:00
[2023-05-15T00:20:29.755+0000] {logging_mixin.py:117} INFO - [2023-05-15T00:20:29.754+0000] {dag.py:3328} INFO - Setting next_dagrun for example_branch_datetime_operator_2 to 2023-05-14T00:00:00+00:00, run_after=2023-05-15T00:00:00+00:00
[2023-05-15T00:20:29.758+0000] {logging_mixin.py:117} INFO - [2023-05-15T00:20:29.758+0000] {dag.py:3328} INFO - Setting next_dagrun for example_branch_datetime_operator_3 to 2023-05-14T00:00:00+00:00, run_after=2023-05-15T00:00:00+00:00
[2023-05-15T00:20:29.781+0000] {processor.py:178} INFO - Processing /home/airflow/.local/lib/python3.7/site-packages/airflow/example_dags/example_branch_datetime_operator.py took 0.163 seconds
[2023-05-15T00:21:00.366+0000] {processor.py:156} INFO - Started process (PID=3146) to work on /home/airflow/.local/lib/python3.7/site-packages/airflow/example_dags/example_branch_datetime_operator.py
[2023-05-15T00:21:00.366+0000] {processor.py:758} INFO - Processing file /home/airflow/.local/lib/python3.7/site-packages/airflow/example_dags/example_branch_datetime_operator.py for tasks to queue
[2023-05-15T00:21:00.367+0000] {logging_mixin.py:117} INFO - [2023-05-15T00:21:00.367+0000] {dagbag.py:525} INFO - Filling up the DagBag from /home/airflow/.local/lib/python3.7/site-packages/airflow/example_dags/example_branch_datetime_operator.py
[2023-05-15T00:21:00.394+0000] {processor.py:768} INFO - DAG(s) dict_keys(['example_branch_datetime_operator_3', 'example_branch_datetime_operator', 'example_branch_datetime_operator_2']) retrieved from /home/airflow/.local/lib/python3.7/site-packages/airflow/example_dags/example_branch_datetime_operator.py
[2023-05-15T00:21:00.436+0000] {logging_mixin.py:117} INFO - [2023-05-15T00:21:00.436+0000] {dag.py:2573} INFO - Sync 3 DAGs
[2023-05-15T00:21:00.461+0000] {logging_mixin.py:117} INFO - [2023-05-15T00:21:00.460+0000] {dag.py:3328} INFO - Setting next_dagrun for example_branch_datetime_operator to 2023-05-14T00:00:00+00:00, run_after=2023-05-15T00:00:00+00:00
[2023-05-15T00:21:00.466+0000] {logging_mixin.py:117} INFO - [2023-05-15T00:21:00.466+0000] {dag.py:3328} INFO - Setting next_dagrun for example_branch_datetime_operator_2 to 2023-05-14T00:00:00+00:00, run_after=2023-05-15T00:00:00+00:00
[2023-05-15T00:21:00.469+0000] {logging_mixin.py:117} INFO - [2023-05-15T00:21:00.469+0000] {dag.py:3328} INFO - Setting next_dagrun for example_branch_datetime_operator_3 to 2023-05-14T00:00:00+00:00, run_after=2023-05-15T00:00:00+00:00
[2023-05-15T00:21:00.486+0000] {processor.py:178} INFO - Processing /home/airflow/.local/lib/python3.7/site-packages/airflow/example_dags/example_branch_datetime_operator.py took 0.125 seconds
[2023-05-15T00:21:30.773+0000] {processor.py:156} INFO - Started process (PID=3359) to work on /home/airflow/.local/lib/python3.7/site-packages/airflow/example_dags/example_branch_datetime_operator.py
[2023-05-15T00:21:30.773+0000] {processor.py:758} INFO - Processing file /home/airflow/.local/lib/python3.7/site-packages/airflow/example_dags/example_branch_datetime_operator.py for tasks to queue
[2023-05-15T00:21:30.774+0000] {logging_mixin.py:117} INFO - [2023-05-15T00:21:30.774+0000] {dagbag.py:525} INFO - Filling up the DagBag from /home/airflow/.local/lib/python3.7/site-packages/airflow/example_dags/example_branch_datetime_operator.py
[2023-05-15T00:21:30.797+0000] {processor.py:768} INFO - DAG(s) dict_keys(['example_branch_datetime_operator_2', 'example_branch_datetime_operator_3', 'example_branch_datetime_operator']) retrieved from /home/airflow/.local/lib/python3.7/site-packages/airflow/example_dags/example_branch_datetime_operator.py
[2023-05-15T00:21:30.840+0000] {logging_mixin.py:117} INFO - [2023-05-15T00:21:30.840+0000] {dag.py:2573} INFO - Sync 3 DAGs
[2023-05-15T00:21:30.867+0000] {logging_mixin.py:117} INFO - [2023-05-15T00:21:30.867+0000] {dag.py:3328} INFO - Setting next_dagrun for example_branch_datetime_operator to 2023-05-14T00:00:00+00:00, run_after=2023-05-15T00:00:00+00:00
[2023-05-15T00:21:30.871+0000] {logging_mixin.py:117} INFO - [2023-05-15T00:21:30.871+0000] {dag.py:3328} INFO - Setting next_dagrun for example_branch_datetime_operator_2 to 2023-05-14T00:00:00+00:00, run_after=2023-05-15T00:00:00+00:00
[2023-05-15T00:21:30.874+0000] {logging_mixin.py:117} INFO - [2023-05-15T00:21:30.874+0000] {dag.py:3328} INFO - Setting next_dagrun for example_branch_datetime_operator_3 to 2023-05-14T00:00:00+00:00, run_after=2023-05-15T00:00:00+00:00
[2023-05-15T00:21:30.891+0000] {processor.py:178} INFO - Processing /home/airflow/.local/lib/python3.7/site-packages/airflow/example_dags/example_branch_datetime_operator.py took 0.122 seconds
[2023-05-15T00:22:01.279+0000] {processor.py:156} INFO - Started process (PID=3571) to work on /home/airflow/.local/lib/python3.7/site-packages/airflow/example_dags/example_branch_datetime_operator.py
[2023-05-15T00:22:01.280+0000] {processor.py:758} INFO - Processing file /home/airflow/.local/lib/python3.7/site-packages/airflow/example_dags/example_branch_datetime_operator.py for tasks to queue
[2023-05-15T00:22:01.280+0000] {logging_mixin.py:117} INFO - [2023-05-15T00:22:01.280+0000] {dagbag.py:525} INFO - Filling up the DagBag from /home/airflow/.local/lib/python3.7/site-packages/airflow/example_dags/example_branch_datetime_operator.py
[2023-05-15T00:22:01.308+0000] {processor.py:768} INFO - DAG(s) dict_keys(['example_branch_datetime_operator_3', 'example_branch_datetime_operator_2', 'example_branch_datetime_operator']) retrieved from /home/airflow/.local/lib/python3.7/site-packages/airflow/example_dags/example_branch_datetime_operator.py
[2023-05-15T00:22:01.362+0000] {logging_mixin.py:117} INFO - [2023-05-15T00:22:01.361+0000] {dag.py:2573} INFO - Sync 3 DAGs
[2023-05-15T00:22:01.395+0000] {logging_mixin.py:117} INFO - [2023-05-15T00:22:01.395+0000] {dag.py:3328} INFO - Setting next_dagrun for example_branch_datetime_operator to 2023-05-14T00:00:00+00:00, run_after=2023-05-15T00:00:00+00:00
[2023-05-15T00:22:01.400+0000] {logging_mixin.py:117} INFO - [2023-05-15T00:22:01.400+0000] {dag.py:3328} INFO - Setting next_dagrun for example_branch_datetime_operator_2 to 2023-05-14T00:00:00+00:00, run_after=2023-05-15T00:00:00+00:00
[2023-05-15T00:22:01.403+0000] {logging_mixin.py:117} INFO - [2023-05-15T00:22:01.403+0000] {dag.py:3328} INFO - Setting next_dagrun for example_branch_datetime_operator_3 to 2023-05-14T00:00:00+00:00, run_after=2023-05-15T00:00:00+00:00
[2023-05-15T00:22:01.422+0000] {processor.py:178} INFO - Processing /home/airflow/.local/lib/python3.7/site-packages/airflow/example_dags/example_branch_datetime_operator.py took 0.148 seconds
[2023-05-15T00:22:31.699+0000] {processor.py:156} INFO - Started process (PID=3775) to work on /home/airflow/.local/lib/python3.7/site-packages/airflow/example_dags/example_branch_datetime_operator.py
[2023-05-15T00:22:31.700+0000] {processor.py:758} INFO - Processing file /home/airflow/.local/lib/python3.7/site-packages/airflow/example_dags/example_branch_datetime_operator.py for tasks to queue
[2023-05-15T00:22:31.701+0000] {logging_mixin.py:117} INFO - [2023-05-15T00:22:31.700+0000] {dagbag.py:525} INFO - Filling up the DagBag from /home/airflow/.local/lib/python3.7/site-packages/airflow/example_dags/example_branch_datetime_operator.py
[2023-05-15T00:22:31.736+0000] {processor.py:768} INFO - DAG(s) dict_keys(['example_branch_datetime_operator', 'example_branch_datetime_operator_3', 'example_branch_datetime_operator_2']) retrieved from /home/airflow/.local/lib/python3.7/site-packages/airflow/example_dags/example_branch_datetime_operator.py
[2023-05-15T00:22:31.824+0000] {logging_mixin.py:117} INFO - [2023-05-15T00:22:31.823+0000] {dag.py:2573} INFO - Sync 3 DAGs
[2023-05-15T00:22:31.853+0000] {logging_mixin.py:117} INFO - [2023-05-15T00:22:31.853+0000] {dag.py:3328} INFO - Setting next_dagrun for example_branch_datetime_operator to 2023-05-14T00:00:00+00:00, run_after=2023-05-15T00:00:00+00:00
[2023-05-15T00:22:31.858+0000] {logging_mixin.py:117} INFO - [2023-05-15T00:22:31.858+0000] {dag.py:3328} INFO - Setting next_dagrun for example_branch_datetime_operator_2 to 2023-05-14T00:00:00+00:00, run_after=2023-05-15T00:00:00+00:00
[2023-05-15T00:22:31.861+0000] {logging_mixin.py:117} INFO - [2023-05-15T00:22:31.861+0000] {dag.py:3328} INFO - Setting next_dagrun for example_branch_datetime_operator_3 to 2023-05-14T00:00:00+00:00, run_after=2023-05-15T00:00:00+00:00
[2023-05-15T00:22:31.881+0000] {processor.py:178} INFO - Processing /home/airflow/.local/lib/python3.7/site-packages/airflow/example_dags/example_branch_datetime_operator.py took 0.187 seconds
[2023-05-15T00:23:02.580+0000] {processor.py:156} INFO - Started process (PID=3988) to work on /home/airflow/.local/lib/python3.7/site-packages/airflow/example_dags/example_branch_datetime_operator.py
[2023-05-15T00:23:02.581+0000] {processor.py:758} INFO - Processing file /home/airflow/.local/lib/python3.7/site-packages/airflow/example_dags/example_branch_datetime_operator.py for tasks to queue
[2023-05-15T00:23:02.582+0000] {logging_mixin.py:117} INFO - [2023-05-15T00:23:02.582+0000] {dagbag.py:525} INFO - Filling up the DagBag from /home/airflow/.local/lib/python3.7/site-packages/airflow/example_dags/example_branch_datetime_operator.py
[2023-05-15T00:23:02.631+0000] {processor.py:768} INFO - DAG(s) dict_keys(['example_branch_datetime_operator_2', 'example_branch_datetime_operator', 'example_branch_datetime_operator_3']) retrieved from /home/airflow/.local/lib/python3.7/site-packages/airflow/example_dags/example_branch_datetime_operator.py
[2023-05-15T00:23:02.678+0000] {logging_mixin.py:117} INFO - [2023-05-15T00:23:02.678+0000] {dag.py:2573} INFO - Sync 3 DAGs
[2023-05-15T00:23:02.703+0000] {logging_mixin.py:117} INFO - [2023-05-15T00:23:02.702+0000] {dag.py:3328} INFO - Setting next_dagrun for example_branch_datetime_operator to 2023-05-14T00:00:00+00:00, run_after=2023-05-15T00:00:00+00:00
[2023-05-15T00:23:02.707+0000] {logging_mixin.py:117} INFO - [2023-05-15T00:23:02.707+0000] {dag.py:3328} INFO - Setting next_dagrun for example_branch_datetime_operator_2 to 2023-05-14T00:00:00+00:00, run_after=2023-05-15T00:00:00+00:00
[2023-05-15T00:23:02.709+0000] {logging_mixin.py:117} INFO - [2023-05-15T00:23:02.709+0000] {dag.py:3328} INFO - Setting next_dagrun for example_branch_datetime_operator_3 to 2023-05-14T00:00:00+00:00, run_after=2023-05-15T00:00:00+00:00
[2023-05-15T00:23:02.729+0000] {processor.py:178} INFO - Processing /home/airflow/.local/lib/python3.7/site-packages/airflow/example_dags/example_branch_datetime_operator.py took 0.154 seconds
[2023-05-15T00:23:33.268+0000] {processor.py:156} INFO - Started process (PID=4200) to work on /home/airflow/.local/lib/python3.7/site-packages/airflow/example_dags/example_branch_datetime_operator.py
[2023-05-15T00:23:33.269+0000] {processor.py:758} INFO - Processing file /home/airflow/.local/lib/python3.7/site-packages/airflow/example_dags/example_branch_datetime_operator.py for tasks to queue
[2023-05-15T00:23:33.271+0000] {logging_mixin.py:117} INFO - [2023-05-15T00:23:33.271+0000] {dagbag.py:525} INFO - Filling up the DagBag from /home/airflow/.local/lib/python3.7/site-packages/airflow/example_dags/example_branch_datetime_operator.py
[2023-05-15T00:23:33.308+0000] {processor.py:768} INFO - DAG(s) dict_keys(['example_branch_datetime_operator_2', 'example_branch_datetime_operator_3', 'example_branch_datetime_operator']) retrieved from /home/airflow/.local/lib/python3.7/site-packages/airflow/example_dags/example_branch_datetime_operator.py
[2023-05-15T00:23:33.365+0000] {logging_mixin.py:117} INFO - [2023-05-15T00:23:33.365+0000] {dag.py:2573} INFO - Sync 3 DAGs
[2023-05-15T00:23:33.417+0000] {logging_mixin.py:117} INFO - [2023-05-15T00:23:33.416+0000] {dag.py:3328} INFO - Setting next_dagrun for example_branch_datetime_operator to 2023-05-14T00:00:00+00:00, run_after=2023-05-15T00:00:00+00:00
[2023-05-15T00:23:33.421+0000] {logging_mixin.py:117} INFO - [2023-05-15T00:23:33.421+0000] {dag.py:3328} INFO - Setting next_dagrun for example_branch_datetime_operator_2 to 2023-05-14T00:00:00+00:00, run_after=2023-05-15T00:00:00+00:00
[2023-05-15T00:23:33.424+0000] {logging_mixin.py:117} INFO - [2023-05-15T00:23:33.424+0000] {dag.py:3328} INFO - Setting next_dagrun for example_branch_datetime_operator_3 to 2023-05-14T00:00:00+00:00, run_after=2023-05-15T00:00:00+00:00
[2023-05-15T00:23:33.448+0000] {processor.py:178} INFO - Processing /home/airflow/.local/lib/python3.7/site-packages/airflow/example_dags/example_branch_datetime_operator.py took 0.194 seconds
[2023-05-15T00:24:03.831+0000] {processor.py:156} INFO - Started process (PID=4403) to work on /home/airflow/.local/lib/python3.7/site-packages/airflow/example_dags/example_branch_datetime_operator.py
[2023-05-15T00:24:03.832+0000] {processor.py:758} INFO - Processing file /home/airflow/.local/lib/python3.7/site-packages/airflow/example_dags/example_branch_datetime_operator.py for tasks to queue
[2023-05-15T00:24:03.832+0000] {logging_mixin.py:117} INFO - [2023-05-15T00:24:03.832+0000] {dagbag.py:525} INFO - Filling up the DagBag from /home/airflow/.local/lib/python3.7/site-packages/airflow/example_dags/example_branch_datetime_operator.py
[2023-05-15T00:24:03.861+0000] {processor.py:768} INFO - DAG(s) dict_keys(['example_branch_datetime_operator_3', 'example_branch_datetime_operator_2', 'example_branch_datetime_operator']) retrieved from /home/airflow/.local/lib/python3.7/site-packages/airflow/example_dags/example_branch_datetime_operator.py
[2023-05-15T00:24:03.919+0000] {logging_mixin.py:117} INFO - [2023-05-15T00:24:03.919+0000] {dag.py:2573} INFO - Sync 3 DAGs
[2023-05-15T00:24:03.946+0000] {logging_mixin.py:117} INFO - [2023-05-15T00:24:03.946+0000] {dag.py:3328} INFO - Setting next_dagrun for example_branch_datetime_operator to 2023-05-14T00:00:00+00:00, run_after=2023-05-15T00:00:00+00:00
[2023-05-15T00:24:03.950+0000] {logging_mixin.py:117} INFO - [2023-05-15T00:24:03.950+0000] {dag.py:3328} INFO - Setting next_dagrun for example_branch_datetime_operator_2 to 2023-05-14T00:00:00+00:00, run_after=2023-05-15T00:00:00+00:00
[2023-05-15T00:24:03.953+0000] {logging_mixin.py:117} INFO - [2023-05-15T00:24:03.953+0000] {dag.py:3328} INFO - Setting next_dagrun for example_branch_datetime_operator_3 to 2023-05-14T00:00:00+00:00, run_after=2023-05-15T00:00:00+00:00
[2023-05-15T00:24:03.974+0000] {processor.py:178} INFO - Processing /home/airflow/.local/lib/python3.7/site-packages/airflow/example_dags/example_branch_datetime_operator.py took 0.146 seconds
[2023-05-15T00:24:34.443+0000] {processor.py:156} INFO - Started process (PID=4615) to work on /home/airflow/.local/lib/python3.7/site-packages/airflow/example_dags/example_branch_datetime_operator.py
[2023-05-15T00:24:34.444+0000] {processor.py:758} INFO - Processing file /home/airflow/.local/lib/python3.7/site-packages/airflow/example_dags/example_branch_datetime_operator.py for tasks to queue
[2023-05-15T00:24:34.444+0000] {logging_mixin.py:117} INFO - [2023-05-15T00:24:34.444+0000] {dagbag.py:525} INFO - Filling up the DagBag from /home/airflow/.local/lib/python3.7/site-packages/airflow/example_dags/example_branch_datetime_operator.py
[2023-05-15T00:24:34.464+0000] {processor.py:768} INFO - DAG(s) dict_keys(['example_branch_datetime_operator_3', 'example_branch_datetime_operator', 'example_branch_datetime_operator_2']) retrieved from /home/airflow/.local/lib/python3.7/site-packages/airflow/example_dags/example_branch_datetime_operator.py
[2023-05-15T00:24:34.507+0000] {logging_mixin.py:117} INFO - [2023-05-15T00:24:34.507+0000] {dag.py:2573} INFO - Sync 3 DAGs
[2023-05-15T00:24:34.531+0000] {logging_mixin.py:117} INFO - [2023-05-15T00:24:34.531+0000] {dag.py:3328} INFO - Setting next_dagrun for example_branch_datetime_operator to 2023-05-14T00:00:00+00:00, run_after=2023-05-15T00:00:00+00:00
[2023-05-15T00:24:34.536+0000] {logging_mixin.py:117} INFO - [2023-05-15T00:24:34.535+0000] {dag.py:3328} INFO - Setting next_dagrun for example_branch_datetime_operator_2 to 2023-05-14T00:00:00+00:00, run_after=2023-05-15T00:00:00+00:00
[2023-05-15T00:24:34.538+0000] {logging_mixin.py:117} INFO - [2023-05-15T00:24:34.538+0000] {dag.py:3328} INFO - Setting next_dagrun for example_branch_datetime_operator_3 to 2023-05-14T00:00:00+00:00, run_after=2023-05-15T00:00:00+00:00
[2023-05-15T00:24:34.554+0000] {processor.py:178} INFO - Processing /home/airflow/.local/lib/python3.7/site-packages/airflow/example_dags/example_branch_datetime_operator.py took 0.116 seconds
[2023-05-15T00:34:03.824+0000] {processor.py:156} INFO - Started process (PID=239) to work on /home/airflow/.local/lib/python3.7/site-packages/airflow/example_dags/example_branch_datetime_operator.py
[2023-05-15T00:34:03.825+0000] {processor.py:758} INFO - Processing file /home/airflow/.local/lib/python3.7/site-packages/airflow/example_dags/example_branch_datetime_operator.py for tasks to queue
[2023-05-15T00:34:03.826+0000] {logging_mixin.py:117} INFO - [2023-05-15T00:34:03.825+0000] {dagbag.py:525} INFO - Filling up the DagBag from /home/airflow/.local/lib/python3.7/site-packages/airflow/example_dags/example_branch_datetime_operator.py
[2023-05-15T00:34:03.861+0000] {processor.py:768} INFO - DAG(s) dict_keys(['example_branch_datetime_operator_2', 'example_branch_datetime_operator', 'example_branch_datetime_operator_3']) retrieved from /home/airflow/.local/lib/python3.7/site-packages/airflow/example_dags/example_branch_datetime_operator.py
[2023-05-15T00:34:03.915+0000] {logging_mixin.py:117} INFO - [2023-05-15T00:34:03.915+0000] {dag.py:2573} INFO - Sync 3 DAGs
[2023-05-15T00:34:03.957+0000] {logging_mixin.py:117} INFO - [2023-05-15T00:34:03.957+0000] {dag.py:3328} INFO - Setting next_dagrun for example_branch_datetime_operator to 2023-05-14T00:00:00+00:00, run_after=2023-05-15T00:00:00+00:00
[2023-05-15T00:34:03.968+0000] {logging_mixin.py:117} INFO - [2023-05-15T00:34:03.968+0000] {dag.py:3328} INFO - Setting next_dagrun for example_branch_datetime_operator_2 to 2023-05-14T00:00:00+00:00, run_after=2023-05-15T00:00:00+00:00
[2023-05-15T00:34:03.974+0000] {logging_mixin.py:117} INFO - [2023-05-15T00:34:03.973+0000] {dag.py:3328} INFO - Setting next_dagrun for example_branch_datetime_operator_3 to 2023-05-14T00:00:00+00:00, run_after=2023-05-15T00:00:00+00:00
[2023-05-15T00:34:04.003+0000] {processor.py:178} INFO - Processing /home/airflow/.local/lib/python3.7/site-packages/airflow/example_dags/example_branch_datetime_operator.py took 0.183 seconds
[2023-05-15T00:34:35.060+0000] {processor.py:156} INFO - Started process (PID=441) to work on /home/airflow/.local/lib/python3.7/site-packages/airflow/example_dags/example_branch_datetime_operator.py
[2023-05-15T00:34:35.061+0000] {processor.py:758} INFO - Processing file /home/airflow/.local/lib/python3.7/site-packages/airflow/example_dags/example_branch_datetime_operator.py for tasks to queue
[2023-05-15T00:34:35.061+0000] {logging_mixin.py:117} INFO - [2023-05-15T00:34:35.061+0000] {dagbag.py:525} INFO - Filling up the DagBag from /home/airflow/.local/lib/python3.7/site-packages/airflow/example_dags/example_branch_datetime_operator.py
[2023-05-15T00:34:35.082+0000] {processor.py:768} INFO - DAG(s) dict_keys(['example_branch_datetime_operator', 'example_branch_datetime_operator_3', 'example_branch_datetime_operator_2']) retrieved from /home/airflow/.local/lib/python3.7/site-packages/airflow/example_dags/example_branch_datetime_operator.py
[2023-05-15T00:34:35.134+0000] {logging_mixin.py:117} INFO - [2023-05-15T00:34:35.133+0000] {dag.py:2573} INFO - Sync 3 DAGs
[2023-05-15T00:34:35.160+0000] {logging_mixin.py:117} INFO - [2023-05-15T00:34:35.160+0000] {dag.py:3328} INFO - Setting next_dagrun for example_branch_datetime_operator to 2023-05-14T00:00:00+00:00, run_after=2023-05-15T00:00:00+00:00
[2023-05-15T00:34:35.165+0000] {logging_mixin.py:117} INFO - [2023-05-15T00:34:35.165+0000] {dag.py:3328} INFO - Setting next_dagrun for example_branch_datetime_operator_2 to 2023-05-14T00:00:00+00:00, run_after=2023-05-15T00:00:00+00:00
[2023-05-15T00:34:35.168+0000] {logging_mixin.py:117} INFO - [2023-05-15T00:34:35.168+0000] {dag.py:3328} INFO - Setting next_dagrun for example_branch_datetime_operator_3 to 2023-05-14T00:00:00+00:00, run_after=2023-05-15T00:00:00+00:00
[2023-05-15T00:34:35.191+0000] {processor.py:178} INFO - Processing /home/airflow/.local/lib/python3.7/site-packages/airflow/example_dags/example_branch_datetime_operator.py took 0.133 seconds
