[2023-05-15T00:13:48.382+0000] {processor.py:156} INFO - Started process (PID=298) to work on /home/airflow/.local/lib/python3.7/site-packages/airflow/example_dags/example_kubernetes_executor.py
[2023-05-15T00:13:48.382+0000] {processor.py:758} INFO - Processing file /home/airflow/.local/lib/python3.7/site-packages/airflow/example_dags/example_kubernetes_executor.py for tasks to queue
[2023-05-15T00:13:48.383+0000] {logging_mixin.py:117} INFO - [2023-05-15T00:13:48.383+0000] {dagbag.py:525} INFO - Filling up the DagBag from /home/airflow/.local/lib/python3.7/site-packages/airflow/example_dags/example_kubernetes_executor.py
[2023-05-15T00:13:48.431+0000] {processor.py:768} INFO - DAG(s) dict_keys(['example_kubernetes_executor']) retrieved from /home/airflow/.local/lib/python3.7/site-packages/airflow/example_dags/example_kubernetes_executor.py
[2023-05-15T00:13:48.465+0000] {logging_mixin.py:117} INFO - [2023-05-15T00:13:48.465+0000] {dag.py:2573} INFO - Sync 1 DAGs
[2023-05-15T00:13:48.509+0000] {logging_mixin.py:117} INFO - [2023-05-15T00:13:48.509+0000] {dag.py:3328} INFO - Setting next_dagrun for example_kubernetes_executor to None, run_after=None
[2023-05-15T00:13:48.540+0000] {processor.py:178} INFO - Processing /home/airflow/.local/lib/python3.7/site-packages/airflow/example_dags/example_kubernetes_executor.py took 0.162 seconds
[2023-05-15T00:14:23.162+0000] {processor.py:156} INFO - Started process (PID=510) to work on /home/airflow/.local/lib/python3.7/site-packages/airflow/example_dags/example_kubernetes_executor.py
[2023-05-15T00:14:23.163+0000] {processor.py:758} INFO - Processing file /home/airflow/.local/lib/python3.7/site-packages/airflow/example_dags/example_kubernetes_executor.py for tasks to queue
[2023-05-15T00:14:23.163+0000] {logging_mixin.py:117} INFO - [2023-05-15T00:14:23.163+0000] {dagbag.py:525} INFO - Filling up the DagBag from /home/airflow/.local/lib/python3.7/site-packages/airflow/example_dags/example_kubernetes_executor.py
[2023-05-15T00:14:23.233+0000] {processor.py:768} INFO - DAG(s) dict_keys(['example_kubernetes_executor']) retrieved from /home/airflow/.local/lib/python3.7/site-packages/airflow/example_dags/example_kubernetes_executor.py
[2023-05-15T00:14:23.322+0000] {logging_mixin.py:117} INFO - [2023-05-15T00:14:23.322+0000] {dag.py:2573} INFO - Sync 1 DAGs
[2023-05-15T00:14:23.378+0000] {logging_mixin.py:117} INFO - [2023-05-15T00:14:23.377+0000] {dag.py:3328} INFO - Setting next_dagrun for example_kubernetes_executor to None, run_after=None
[2023-05-15T00:14:23.578+0000] {processor.py:178} INFO - Processing /home/airflow/.local/lib/python3.7/site-packages/airflow/example_dags/example_kubernetes_executor.py took 0.420 seconds
[2023-05-15T00:14:56.342+0000] {processor.py:156} INFO - Started process (PID=715) to work on /home/airflow/.local/lib/python3.7/site-packages/airflow/example_dags/example_kubernetes_executor.py
[2023-05-15T00:14:56.344+0000] {processor.py:758} INFO - Processing file /home/airflow/.local/lib/python3.7/site-packages/airflow/example_dags/example_kubernetes_executor.py for tasks to queue
[2023-05-15T00:14:56.346+0000] {logging_mixin.py:117} INFO - [2023-05-15T00:14:56.346+0000] {dagbag.py:525} INFO - Filling up the DagBag from /home/airflow/.local/lib/python3.7/site-packages/airflow/example_dags/example_kubernetes_executor.py
[2023-05-15T00:14:56.462+0000] {processor.py:768} INFO - DAG(s) dict_keys(['example_kubernetes_executor']) retrieved from /home/airflow/.local/lib/python3.7/site-packages/airflow/example_dags/example_kubernetes_executor.py
[2023-05-15T00:14:56.554+0000] {logging_mixin.py:117} INFO - [2023-05-15T00:14:56.554+0000] {dag.py:2573} INFO - Sync 1 DAGs
[2023-05-15T00:14:56.835+0000] {logging_mixin.py:117} INFO - [2023-05-15T00:14:56.834+0000] {dag.py:3328} INFO - Setting next_dagrun for example_kubernetes_executor to None, run_after=None
[2023-05-15T00:14:56.877+0000] {processor.py:178} INFO - Processing /home/airflow/.local/lib/python3.7/site-packages/airflow/example_dags/example_kubernetes_executor.py took 0.541 seconds
[2023-05-15T00:15:27.259+0000] {processor.py:156} INFO - Started process (PID=924) to work on /home/airflow/.local/lib/python3.7/site-packages/airflow/example_dags/example_kubernetes_executor.py
[2023-05-15T00:15:27.260+0000] {processor.py:758} INFO - Processing file /home/airflow/.local/lib/python3.7/site-packages/airflow/example_dags/example_kubernetes_executor.py for tasks to queue
[2023-05-15T00:15:27.263+0000] {logging_mixin.py:117} INFO - [2023-05-15T00:15:27.263+0000] {dagbag.py:525} INFO - Filling up the DagBag from /home/airflow/.local/lib/python3.7/site-packages/airflow/example_dags/example_kubernetes_executor.py
[2023-05-15T00:15:27.312+0000] {processor.py:768} INFO - DAG(s) dict_keys(['example_kubernetes_executor']) retrieved from /home/airflow/.local/lib/python3.7/site-packages/airflow/example_dags/example_kubernetes_executor.py
[2023-05-15T00:15:27.597+0000] {logging_mixin.py:117} INFO - [2023-05-15T00:15:27.597+0000] {dag.py:2573} INFO - Sync 1 DAGs
[2023-05-15T00:15:27.645+0000] {logging_mixin.py:117} INFO - [2023-05-15T00:15:27.644+0000] {dag.py:3328} INFO - Setting next_dagrun for example_kubernetes_executor to None, run_after=None
[2023-05-15T00:15:27.681+0000] {processor.py:178} INFO - Processing /home/airflow/.local/lib/python3.7/site-packages/airflow/example_dags/example_kubernetes_executor.py took 0.434 seconds
[2023-05-15T00:15:57.905+0000] {processor.py:156} INFO - Started process (PID=1126) to work on /home/airflow/.local/lib/python3.7/site-packages/airflow/example_dags/example_kubernetes_executor.py
[2023-05-15T00:15:57.907+0000] {processor.py:758} INFO - Processing file /home/airflow/.local/lib/python3.7/site-packages/airflow/example_dags/example_kubernetes_executor.py for tasks to queue
[2023-05-15T00:15:57.908+0000] {logging_mixin.py:117} INFO - [2023-05-15T00:15:57.908+0000] {dagbag.py:525} INFO - Filling up the DagBag from /home/airflow/.local/lib/python3.7/site-packages/airflow/example_dags/example_kubernetes_executor.py
[2023-05-15T00:15:57.950+0000] {processor.py:768} INFO - DAG(s) dict_keys(['example_kubernetes_executor']) retrieved from /home/airflow/.local/lib/python3.7/site-packages/airflow/example_dags/example_kubernetes_executor.py
[2023-05-15T00:15:58.186+0000] {logging_mixin.py:117} INFO - [2023-05-15T00:15:58.186+0000] {dag.py:2573} INFO - Sync 1 DAGs
[2023-05-15T00:15:58.215+0000] {logging_mixin.py:117} INFO - [2023-05-15T00:15:58.215+0000] {dag.py:3328} INFO - Setting next_dagrun for example_kubernetes_executor to None, run_after=None
[2023-05-15T00:15:58.245+0000] {processor.py:178} INFO - Processing /home/airflow/.local/lib/python3.7/site-packages/airflow/example_dags/example_kubernetes_executor.py took 0.345 seconds
[2023-05-15T00:16:28.424+0000] {processor.py:156} INFO - Started process (PID=1337) to work on /home/airflow/.local/lib/python3.7/site-packages/airflow/example_dags/example_kubernetes_executor.py
[2023-05-15T00:16:28.425+0000] {processor.py:758} INFO - Processing file /home/airflow/.local/lib/python3.7/site-packages/airflow/example_dags/example_kubernetes_executor.py for tasks to queue
[2023-05-15T00:16:28.426+0000] {logging_mixin.py:117} INFO - [2023-05-15T00:16:28.426+0000] {dagbag.py:525} INFO - Filling up the DagBag from /home/airflow/.local/lib/python3.7/site-packages/airflow/example_dags/example_kubernetes_executor.py
[2023-05-15T00:16:28.464+0000] {processor.py:768} INFO - DAG(s) dict_keys(['example_kubernetes_executor']) retrieved from /home/airflow/.local/lib/python3.7/site-packages/airflow/example_dags/example_kubernetes_executor.py
[2023-05-15T00:16:28.645+0000] {logging_mixin.py:117} INFO - [2023-05-15T00:16:28.645+0000] {dag.py:2573} INFO - Sync 1 DAGs
[2023-05-15T00:16:28.668+0000] {logging_mixin.py:117} INFO - [2023-05-15T00:16:28.667+0000] {dag.py:3328} INFO - Setting next_dagrun for example_kubernetes_executor to None, run_after=None
[2023-05-15T00:16:28.689+0000] {processor.py:178} INFO - Processing /home/airflow/.local/lib/python3.7/site-packages/airflow/example_dags/example_kubernetes_executor.py took 0.269 seconds
[2023-05-15T00:16:58.973+0000] {processor.py:156} INFO - Started process (PID=1540) to work on /home/airflow/.local/lib/python3.7/site-packages/airflow/example_dags/example_kubernetes_executor.py
[2023-05-15T00:16:58.974+0000] {processor.py:758} INFO - Processing file /home/airflow/.local/lib/python3.7/site-packages/airflow/example_dags/example_kubernetes_executor.py for tasks to queue
[2023-05-15T00:16:58.975+0000] {logging_mixin.py:117} INFO - [2023-05-15T00:16:58.975+0000] {dagbag.py:525} INFO - Filling up the DagBag from /home/airflow/.local/lib/python3.7/site-packages/airflow/example_dags/example_kubernetes_executor.py
[2023-05-15T00:16:59.156+0000] {processor.py:768} INFO - DAG(s) dict_keys(['example_kubernetes_executor']) retrieved from /home/airflow/.local/lib/python3.7/site-packages/airflow/example_dags/example_kubernetes_executor.py
[2023-05-15T00:16:59.194+0000] {logging_mixin.py:117} INFO - [2023-05-15T00:16:59.194+0000] {dag.py:2573} INFO - Sync 1 DAGs
[2023-05-15T00:16:59.220+0000] {logging_mixin.py:117} INFO - [2023-05-15T00:16:59.220+0000] {dag.py:3328} INFO - Setting next_dagrun for example_kubernetes_executor to None, run_after=None
[2023-05-15T00:16:59.240+0000] {processor.py:178} INFO - Processing /home/airflow/.local/lib/python3.7/site-packages/airflow/example_dags/example_kubernetes_executor.py took 0.269 seconds
[2023-05-15T00:17:29.734+0000] {processor.py:156} INFO - Started process (PID=1753) to work on /home/airflow/.local/lib/python3.7/site-packages/airflow/example_dags/example_kubernetes_executor.py
[2023-05-15T00:17:29.735+0000] {processor.py:758} INFO - Processing file /home/airflow/.local/lib/python3.7/site-packages/airflow/example_dags/example_kubernetes_executor.py for tasks to queue
[2023-05-15T00:17:29.736+0000] {logging_mixin.py:117} INFO - [2023-05-15T00:17:29.736+0000] {dagbag.py:525} INFO - Filling up the DagBag from /home/airflow/.local/lib/python3.7/site-packages/airflow/example_dags/example_kubernetes_executor.py
[2023-05-15T00:17:29.776+0000] {processor.py:768} INFO - DAG(s) dict_keys(['example_kubernetes_executor']) retrieved from /home/airflow/.local/lib/python3.7/site-packages/airflow/example_dags/example_kubernetes_executor.py
[2023-05-15T00:17:29.821+0000] {logging_mixin.py:117} INFO - [2023-05-15T00:17:29.821+0000] {dag.py:2573} INFO - Sync 1 DAGs
[2023-05-15T00:17:29.855+0000] {logging_mixin.py:117} INFO - [2023-05-15T00:17:29.855+0000] {dag.py:3328} INFO - Setting next_dagrun for example_kubernetes_executor to None, run_after=None
[2023-05-15T00:17:29.873+0000] {processor.py:178} INFO - Processing /home/airflow/.local/lib/python3.7/site-packages/airflow/example_dags/example_kubernetes_executor.py took 0.143 seconds
[2023-05-15T00:18:00.099+0000] {processor.py:156} INFO - Started process (PID=1964) to work on /home/airflow/.local/lib/python3.7/site-packages/airflow/example_dags/example_kubernetes_executor.py
[2023-05-15T00:18:00.100+0000] {processor.py:758} INFO - Processing file /home/airflow/.local/lib/python3.7/site-packages/airflow/example_dags/example_kubernetes_executor.py for tasks to queue
[2023-05-15T00:18:00.101+0000] {logging_mixin.py:117} INFO - [2023-05-15T00:18:00.100+0000] {dagbag.py:525} INFO - Filling up the DagBag from /home/airflow/.local/lib/python3.7/site-packages/airflow/example_dags/example_kubernetes_executor.py
[2023-05-15T00:18:00.142+0000] {processor.py:768} INFO - DAG(s) dict_keys(['example_kubernetes_executor']) retrieved from /home/airflow/.local/lib/python3.7/site-packages/airflow/example_dags/example_kubernetes_executor.py
[2023-05-15T00:18:00.188+0000] {logging_mixin.py:117} INFO - [2023-05-15T00:18:00.188+0000] {dag.py:2573} INFO - Sync 1 DAGs
[2023-05-15T00:18:00.216+0000] {logging_mixin.py:117} INFO - [2023-05-15T00:18:00.216+0000] {dag.py:3328} INFO - Setting next_dagrun for example_kubernetes_executor to None, run_after=None
[2023-05-15T00:18:00.241+0000] {processor.py:178} INFO - Processing /home/airflow/.local/lib/python3.7/site-packages/airflow/example_dags/example_kubernetes_executor.py took 0.146 seconds
[2023-05-15T00:18:30.287+0000] {processor.py:156} INFO - Started process (PID=2167) to work on /home/airflow/.local/lib/python3.7/site-packages/airflow/example_dags/example_kubernetes_executor.py
[2023-05-15T00:18:30.288+0000] {processor.py:758} INFO - Processing file /home/airflow/.local/lib/python3.7/site-packages/airflow/example_dags/example_kubernetes_executor.py for tasks to queue
[2023-05-15T00:18:30.289+0000] {logging_mixin.py:117} INFO - [2023-05-15T00:18:30.289+0000] {dagbag.py:525} INFO - Filling up the DagBag from /home/airflow/.local/lib/python3.7/site-packages/airflow/example_dags/example_kubernetes_executor.py
[2023-05-15T00:18:30.344+0000] {processor.py:768} INFO - DAG(s) dict_keys(['example_kubernetes_executor']) retrieved from /home/airflow/.local/lib/python3.7/site-packages/airflow/example_dags/example_kubernetes_executor.py
[2023-05-15T00:18:30.409+0000] {logging_mixin.py:117} INFO - [2023-05-15T00:18:30.409+0000] {dag.py:2573} INFO - Sync 1 DAGs
[2023-05-15T00:18:30.447+0000] {logging_mixin.py:117} INFO - [2023-05-15T00:18:30.446+0000] {dag.py:3328} INFO - Setting next_dagrun for example_kubernetes_executor to None, run_after=None
[2023-05-15T00:18:30.471+0000] {processor.py:178} INFO - Processing /home/airflow/.local/lib/python3.7/site-packages/airflow/example_dags/example_kubernetes_executor.py took 0.189 seconds
[2023-05-15T00:19:01.366+0000] {processor.py:156} INFO - Started process (PID=2378) to work on /home/airflow/.local/lib/python3.7/site-packages/airflow/example_dags/example_kubernetes_executor.py
[2023-05-15T00:19:01.368+0000] {processor.py:758} INFO - Processing file /home/airflow/.local/lib/python3.7/site-packages/airflow/example_dags/example_kubernetes_executor.py for tasks to queue
[2023-05-15T00:19:01.369+0000] {logging_mixin.py:117} INFO - [2023-05-15T00:19:01.369+0000] {dagbag.py:525} INFO - Filling up the DagBag from /home/airflow/.local/lib/python3.7/site-packages/airflow/example_dags/example_kubernetes_executor.py
[2023-05-15T00:19:01.423+0000] {processor.py:768} INFO - DAG(s) dict_keys(['example_kubernetes_executor']) retrieved from /home/airflow/.local/lib/python3.7/site-packages/airflow/example_dags/example_kubernetes_executor.py
[2023-05-15T00:19:01.469+0000] {logging_mixin.py:117} INFO - [2023-05-15T00:19:01.469+0000] {dag.py:2573} INFO - Sync 1 DAGs
[2023-05-15T00:19:01.495+0000] {logging_mixin.py:117} INFO - [2023-05-15T00:19:01.495+0000] {dag.py:3328} INFO - Setting next_dagrun for example_kubernetes_executor to None, run_after=None
[2023-05-15T00:19:01.519+0000] {processor.py:178} INFO - Processing /home/airflow/.local/lib/python3.7/site-packages/airflow/example_dags/example_kubernetes_executor.py took 0.163 seconds
[2023-05-15T00:19:31.718+0000] {processor.py:156} INFO - Started process (PID=2586) to work on /home/airflow/.local/lib/python3.7/site-packages/airflow/example_dags/example_kubernetes_executor.py
[2023-05-15T00:19:31.719+0000] {processor.py:758} INFO - Processing file /home/airflow/.local/lib/python3.7/site-packages/airflow/example_dags/example_kubernetes_executor.py for tasks to queue
[2023-05-15T00:19:31.720+0000] {logging_mixin.py:117} INFO - [2023-05-15T00:19:31.720+0000] {dagbag.py:525} INFO - Filling up the DagBag from /home/airflow/.local/lib/python3.7/site-packages/airflow/example_dags/example_kubernetes_executor.py
[2023-05-15T00:19:31.759+0000] {processor.py:768} INFO - DAG(s) dict_keys(['example_kubernetes_executor']) retrieved from /home/airflow/.local/lib/python3.7/site-packages/airflow/example_dags/example_kubernetes_executor.py
[2023-05-15T00:19:31.833+0000] {logging_mixin.py:117} INFO - [2023-05-15T00:19:31.832+0000] {dag.py:2573} INFO - Sync 1 DAGs
[2023-05-15T00:19:31.882+0000] {logging_mixin.py:117} INFO - [2023-05-15T00:19:31.881+0000] {dag.py:3328} INFO - Setting next_dagrun for example_kubernetes_executor to None, run_after=None
[2023-05-15T00:19:31.921+0000] {processor.py:178} INFO - Processing /home/airflow/.local/lib/python3.7/site-packages/airflow/example_dags/example_kubernetes_executor.py took 0.209 seconds
[2023-05-15T00:20:02.015+0000] {processor.py:156} INFO - Started process (PID=2790) to work on /home/airflow/.local/lib/python3.7/site-packages/airflow/example_dags/example_kubernetes_executor.py
[2023-05-15T00:20:02.016+0000] {processor.py:758} INFO - Processing file /home/airflow/.local/lib/python3.7/site-packages/airflow/example_dags/example_kubernetes_executor.py for tasks to queue
[2023-05-15T00:20:02.018+0000] {logging_mixin.py:117} INFO - [2023-05-15T00:20:02.018+0000] {dagbag.py:525} INFO - Filling up the DagBag from /home/airflow/.local/lib/python3.7/site-packages/airflow/example_dags/example_kubernetes_executor.py
[2023-05-15T00:20:02.049+0000] {processor.py:768} INFO - DAG(s) dict_keys(['example_kubernetes_executor']) retrieved from /home/airflow/.local/lib/python3.7/site-packages/airflow/example_dags/example_kubernetes_executor.py
[2023-05-15T00:20:02.088+0000] {logging_mixin.py:117} INFO - [2023-05-15T00:20:02.087+0000] {dag.py:2573} INFO - Sync 1 DAGs
[2023-05-15T00:20:02.110+0000] {logging_mixin.py:117} INFO - [2023-05-15T00:20:02.110+0000] {dag.py:3328} INFO - Setting next_dagrun for example_kubernetes_executor to None, run_after=None
[2023-05-15T00:20:02.128+0000] {processor.py:178} INFO - Processing /home/airflow/.local/lib/python3.7/site-packages/airflow/example_dags/example_kubernetes_executor.py took 0.120 seconds
[2023-05-15T00:20:32.855+0000] {processor.py:156} INFO - Started process (PID=3001) to work on /home/airflow/.local/lib/python3.7/site-packages/airflow/example_dags/example_kubernetes_executor.py
[2023-05-15T00:20:32.856+0000] {processor.py:758} INFO - Processing file /home/airflow/.local/lib/python3.7/site-packages/airflow/example_dags/example_kubernetes_executor.py for tasks to queue
[2023-05-15T00:20:32.857+0000] {logging_mixin.py:117} INFO - [2023-05-15T00:20:32.857+0000] {dagbag.py:525} INFO - Filling up the DagBag from /home/airflow/.local/lib/python3.7/site-packages/airflow/example_dags/example_kubernetes_executor.py
[2023-05-15T00:20:32.908+0000] {processor.py:768} INFO - DAG(s) dict_keys(['example_kubernetes_executor']) retrieved from /home/airflow/.local/lib/python3.7/site-packages/airflow/example_dags/example_kubernetes_executor.py
[2023-05-15T00:20:32.961+0000] {logging_mixin.py:117} INFO - [2023-05-15T00:20:32.961+0000] {dag.py:2573} INFO - Sync 1 DAGs
[2023-05-15T00:20:32.992+0000] {logging_mixin.py:117} INFO - [2023-05-15T00:20:32.992+0000] {dag.py:3328} INFO - Setting next_dagrun for example_kubernetes_executor to None, run_after=None
[2023-05-15T00:20:33.022+0000] {processor.py:178} INFO - Processing /home/airflow/.local/lib/python3.7/site-packages/airflow/example_dags/example_kubernetes_executor.py took 0.174 seconds
[2023-05-15T00:21:03.220+0000] {processor.py:156} INFO - Started process (PID=3212) to work on /home/airflow/.local/lib/python3.7/site-packages/airflow/example_dags/example_kubernetes_executor.py
[2023-05-15T00:21:03.221+0000] {processor.py:758} INFO - Processing file /home/airflow/.local/lib/python3.7/site-packages/airflow/example_dags/example_kubernetes_executor.py for tasks to queue
[2023-05-15T00:21:03.221+0000] {logging_mixin.py:117} INFO - [2023-05-15T00:21:03.221+0000] {dagbag.py:525} INFO - Filling up the DagBag from /home/airflow/.local/lib/python3.7/site-packages/airflow/example_dags/example_kubernetes_executor.py
[2023-05-15T00:21:03.266+0000] {processor.py:768} INFO - DAG(s) dict_keys(['example_kubernetes_executor']) retrieved from /home/airflow/.local/lib/python3.7/site-packages/airflow/example_dags/example_kubernetes_executor.py
[2023-05-15T00:21:03.353+0000] {logging_mixin.py:117} INFO - [2023-05-15T00:21:03.353+0000] {dag.py:2573} INFO - Sync 1 DAGs
[2023-05-15T00:21:03.396+0000] {logging_mixin.py:117} INFO - [2023-05-15T00:21:03.396+0000] {dag.py:3328} INFO - Setting next_dagrun for example_kubernetes_executor to None, run_after=None
[2023-05-15T00:21:03.416+0000] {processor.py:178} INFO - Processing /home/airflow/.local/lib/python3.7/site-packages/airflow/example_dags/example_kubernetes_executor.py took 0.201 seconds
[2023-05-15T00:21:33.744+0000] {processor.py:156} INFO - Started process (PID=3416) to work on /home/airflow/.local/lib/python3.7/site-packages/airflow/example_dags/example_kubernetes_executor.py
[2023-05-15T00:21:33.747+0000] {processor.py:758} INFO - Processing file /home/airflow/.local/lib/python3.7/site-packages/airflow/example_dags/example_kubernetes_executor.py for tasks to queue
[2023-05-15T00:21:33.749+0000] {logging_mixin.py:117} INFO - [2023-05-15T00:21:33.749+0000] {dagbag.py:525} INFO - Filling up the DagBag from /home/airflow/.local/lib/python3.7/site-packages/airflow/example_dags/example_kubernetes_executor.py
[2023-05-15T00:21:33.838+0000] {processor.py:768} INFO - DAG(s) dict_keys(['example_kubernetes_executor']) retrieved from /home/airflow/.local/lib/python3.7/site-packages/airflow/example_dags/example_kubernetes_executor.py
[2023-05-15T00:21:33.891+0000] {logging_mixin.py:117} INFO - [2023-05-15T00:21:33.891+0000] {dag.py:2573} INFO - Sync 1 DAGs
[2023-05-15T00:21:33.925+0000] {logging_mixin.py:117} INFO - [2023-05-15T00:21:33.925+0000] {dag.py:3328} INFO - Setting next_dagrun for example_kubernetes_executor to None, run_after=None
[2023-05-15T00:21:33.949+0000] {processor.py:178} INFO - Processing /home/airflow/.local/lib/python3.7/site-packages/airflow/example_dags/example_kubernetes_executor.py took 0.222 seconds
[2023-05-15T00:22:04.280+0000] {processor.py:156} INFO - Started process (PID=3628) to work on /home/airflow/.local/lib/python3.7/site-packages/airflow/example_dags/example_kubernetes_executor.py
[2023-05-15T00:22:04.281+0000] {processor.py:758} INFO - Processing file /home/airflow/.local/lib/python3.7/site-packages/airflow/example_dags/example_kubernetes_executor.py for tasks to queue
[2023-05-15T00:22:04.282+0000] {logging_mixin.py:117} INFO - [2023-05-15T00:22:04.281+0000] {dagbag.py:525} INFO - Filling up the DagBag from /home/airflow/.local/lib/python3.7/site-packages/airflow/example_dags/example_kubernetes_executor.py
[2023-05-15T00:22:04.324+0000] {processor.py:768} INFO - DAG(s) dict_keys(['example_kubernetes_executor']) retrieved from /home/airflow/.local/lib/python3.7/site-packages/airflow/example_dags/example_kubernetes_executor.py
[2023-05-15T00:22:04.372+0000] {logging_mixin.py:117} INFO - [2023-05-15T00:22:04.372+0000] {dag.py:2573} INFO - Sync 1 DAGs
[2023-05-15T00:22:04.398+0000] {logging_mixin.py:117} INFO - [2023-05-15T00:22:04.397+0000] {dag.py:3328} INFO - Setting next_dagrun for example_kubernetes_executor to None, run_after=None
[2023-05-15T00:22:04.419+0000] {processor.py:178} INFO - Processing /home/airflow/.local/lib/python3.7/site-packages/airflow/example_dags/example_kubernetes_executor.py took 0.148 seconds
[2023-05-15T00:22:34.796+0000] {processor.py:156} INFO - Started process (PID=3842) to work on /home/airflow/.local/lib/python3.7/site-packages/airflow/example_dags/example_kubernetes_executor.py
[2023-05-15T00:22:34.797+0000] {processor.py:758} INFO - Processing file /home/airflow/.local/lib/python3.7/site-packages/airflow/example_dags/example_kubernetes_executor.py for tasks to queue
[2023-05-15T00:22:34.798+0000] {logging_mixin.py:117} INFO - [2023-05-15T00:22:34.798+0000] {dagbag.py:525} INFO - Filling up the DagBag from /home/airflow/.local/lib/python3.7/site-packages/airflow/example_dags/example_kubernetes_executor.py
[2023-05-15T00:22:34.866+0000] {processor.py:768} INFO - DAG(s) dict_keys(['example_kubernetes_executor']) retrieved from /home/airflow/.local/lib/python3.7/site-packages/airflow/example_dags/example_kubernetes_executor.py
[2023-05-15T00:22:34.923+0000] {logging_mixin.py:117} INFO - [2023-05-15T00:22:34.923+0000] {dag.py:2573} INFO - Sync 1 DAGs
[2023-05-15T00:22:34.962+0000] {logging_mixin.py:117} INFO - [2023-05-15T00:22:34.962+0000] {dag.py:3328} INFO - Setting next_dagrun for example_kubernetes_executor to None, run_after=None
[2023-05-15T00:22:34.987+0000] {processor.py:178} INFO - Processing /home/airflow/.local/lib/python3.7/site-packages/airflow/example_dags/example_kubernetes_executor.py took 0.197 seconds
[2023-05-15T00:23:05.550+0000] {processor.py:156} INFO - Started process (PID=4045) to work on /home/airflow/.local/lib/python3.7/site-packages/airflow/example_dags/example_kubernetes_executor.py
[2023-05-15T00:23:05.551+0000] {processor.py:758} INFO - Processing file /home/airflow/.local/lib/python3.7/site-packages/airflow/example_dags/example_kubernetes_executor.py for tasks to queue
[2023-05-15T00:23:05.552+0000] {logging_mixin.py:117} INFO - [2023-05-15T00:23:05.552+0000] {dagbag.py:525} INFO - Filling up the DagBag from /home/airflow/.local/lib/python3.7/site-packages/airflow/example_dags/example_kubernetes_executor.py
[2023-05-15T00:23:05.584+0000] {processor.py:768} INFO - DAG(s) dict_keys(['example_kubernetes_executor']) retrieved from /home/airflow/.local/lib/python3.7/site-packages/airflow/example_dags/example_kubernetes_executor.py
[2023-05-15T00:23:05.628+0000] {logging_mixin.py:117} INFO - [2023-05-15T00:23:05.627+0000] {dag.py:2573} INFO - Sync 1 DAGs
[2023-05-15T00:23:05.664+0000] {logging_mixin.py:117} INFO - [2023-05-15T00:23:05.664+0000] {dag.py:3328} INFO - Setting next_dagrun for example_kubernetes_executor to None, run_after=None
[2023-05-15T00:23:05.689+0000] {processor.py:178} INFO - Processing /home/airflow/.local/lib/python3.7/site-packages/airflow/example_dags/example_kubernetes_executor.py took 0.144 seconds
[2023-05-15T00:23:36.476+0000] {processor.py:156} INFO - Started process (PID=4257) to work on /home/airflow/.local/lib/python3.7/site-packages/airflow/example_dags/example_kubernetes_executor.py
[2023-05-15T00:23:36.478+0000] {processor.py:758} INFO - Processing file /home/airflow/.local/lib/python3.7/site-packages/airflow/example_dags/example_kubernetes_executor.py for tasks to queue
[2023-05-15T00:23:36.478+0000] {logging_mixin.py:117} INFO - [2023-05-15T00:23:36.478+0000] {dagbag.py:525} INFO - Filling up the DagBag from /home/airflow/.local/lib/python3.7/site-packages/airflow/example_dags/example_kubernetes_executor.py
[2023-05-15T00:23:36.526+0000] {processor.py:768} INFO - DAG(s) dict_keys(['example_kubernetes_executor']) retrieved from /home/airflow/.local/lib/python3.7/site-packages/airflow/example_dags/example_kubernetes_executor.py
[2023-05-15T00:23:36.580+0000] {logging_mixin.py:117} INFO - [2023-05-15T00:23:36.579+0000] {dag.py:2573} INFO - Sync 1 DAGs
[2023-05-15T00:23:36.605+0000] {logging_mixin.py:117} INFO - [2023-05-15T00:23:36.605+0000] {dag.py:3328} INFO - Setting next_dagrun for example_kubernetes_executor to None, run_after=None
[2023-05-15T00:23:36.629+0000] {processor.py:178} INFO - Processing /home/airflow/.local/lib/python3.7/site-packages/airflow/example_dags/example_kubernetes_executor.py took 0.158 seconds
[2023-05-15T00:24:07.015+0000] {processor.py:156} INFO - Started process (PID=4469) to work on /home/airflow/.local/lib/python3.7/site-packages/airflow/example_dags/example_kubernetes_executor.py
[2023-05-15T00:24:07.016+0000] {processor.py:758} INFO - Processing file /home/airflow/.local/lib/python3.7/site-packages/airflow/example_dags/example_kubernetes_executor.py for tasks to queue
[2023-05-15T00:24:07.018+0000] {logging_mixin.py:117} INFO - [2023-05-15T00:24:07.017+0000] {dagbag.py:525} INFO - Filling up the DagBag from /home/airflow/.local/lib/python3.7/site-packages/airflow/example_dags/example_kubernetes_executor.py
[2023-05-15T00:24:07.086+0000] {processor.py:768} INFO - DAG(s) dict_keys(['example_kubernetes_executor']) retrieved from /home/airflow/.local/lib/python3.7/site-packages/airflow/example_dags/example_kubernetes_executor.py
[2023-05-15T00:24:07.139+0000] {logging_mixin.py:117} INFO - [2023-05-15T00:24:07.139+0000] {dag.py:2573} INFO - Sync 1 DAGs
[2023-05-15T00:24:07.180+0000] {logging_mixin.py:117} INFO - [2023-05-15T00:24:07.180+0000] {dag.py:3328} INFO - Setting next_dagrun for example_kubernetes_executor to None, run_after=None
[2023-05-15T00:24:07.206+0000] {processor.py:178} INFO - Processing /home/airflow/.local/lib/python3.7/site-packages/airflow/example_dags/example_kubernetes_executor.py took 0.201 seconds
[2023-05-15T00:24:37.495+0000] {processor.py:156} INFO - Started process (PID=4672) to work on /home/airflow/.local/lib/python3.7/site-packages/airflow/example_dags/example_kubernetes_executor.py
[2023-05-15T00:24:37.495+0000] {processor.py:758} INFO - Processing file /home/airflow/.local/lib/python3.7/site-packages/airflow/example_dags/example_kubernetes_executor.py for tasks to queue
[2023-05-15T00:24:37.496+0000] {logging_mixin.py:117} INFO - [2023-05-15T00:24:37.496+0000] {dagbag.py:525} INFO - Filling up the DagBag from /home/airflow/.local/lib/python3.7/site-packages/airflow/example_dags/example_kubernetes_executor.py
[2023-05-15T00:24:37.525+0000] {processor.py:768} INFO - DAG(s) dict_keys(['example_kubernetes_executor']) retrieved from /home/airflow/.local/lib/python3.7/site-packages/airflow/example_dags/example_kubernetes_executor.py
[2023-05-15T00:24:37.571+0000] {logging_mixin.py:117} INFO - [2023-05-15T00:24:37.571+0000] {dag.py:2573} INFO - Sync 1 DAGs
[2023-05-15T00:24:37.607+0000] {logging_mixin.py:117} INFO - [2023-05-15T00:24:37.606+0000] {dag.py:3328} INFO - Setting next_dagrun for example_kubernetes_executor to None, run_after=None
[2023-05-15T00:24:37.630+0000] {processor.py:178} INFO - Processing /home/airflow/.local/lib/python3.7/site-packages/airflow/example_dags/example_kubernetes_executor.py took 0.143 seconds
[2023-05-15T00:34:05.030+0000] {processor.py:156} INFO - Started process (PID=299) to work on /home/airflow/.local/lib/python3.7/site-packages/airflow/example_dags/example_kubernetes_executor.py
[2023-05-15T00:34:05.031+0000] {processor.py:758} INFO - Processing file /home/airflow/.local/lib/python3.7/site-packages/airflow/example_dags/example_kubernetes_executor.py for tasks to queue
[2023-05-15T00:34:05.031+0000] {logging_mixin.py:117} INFO - [2023-05-15T00:34:05.031+0000] {dagbag.py:525} INFO - Filling up the DagBag from /home/airflow/.local/lib/python3.7/site-packages/airflow/example_dags/example_kubernetes_executor.py
[2023-05-15T00:34:05.076+0000] {processor.py:768} INFO - DAG(s) dict_keys(['example_kubernetes_executor']) retrieved from /home/airflow/.local/lib/python3.7/site-packages/airflow/example_dags/example_kubernetes_executor.py
[2023-05-15T00:34:05.113+0000] {logging_mixin.py:117} INFO - [2023-05-15T00:34:05.113+0000] {dag.py:2573} INFO - Sync 1 DAGs
[2023-05-15T00:34:05.152+0000] {logging_mixin.py:117} INFO - [2023-05-15T00:34:05.151+0000] {dag.py:3328} INFO - Setting next_dagrun for example_kubernetes_executor to None, run_after=None
[2023-05-15T00:34:05.181+0000] {processor.py:178} INFO - Processing /home/airflow/.local/lib/python3.7/site-packages/airflow/example_dags/example_kubernetes_executor.py took 0.155 seconds
[2023-05-15T00:34:36.970+0000] {processor.py:156} INFO - Started process (PID=501) to work on /home/airflow/.local/lib/python3.7/site-packages/airflow/example_dags/example_kubernetes_executor.py
[2023-05-15T00:34:36.972+0000] {processor.py:758} INFO - Processing file /home/airflow/.local/lib/python3.7/site-packages/airflow/example_dags/example_kubernetes_executor.py for tasks to queue
[2023-05-15T00:34:36.973+0000] {logging_mixin.py:117} INFO - [2023-05-15T00:34:36.973+0000] {dagbag.py:525} INFO - Filling up the DagBag from /home/airflow/.local/lib/python3.7/site-packages/airflow/example_dags/example_kubernetes_executor.py
[2023-05-15T00:34:37.016+0000] {processor.py:768} INFO - DAG(s) dict_keys(['example_kubernetes_executor']) retrieved from /home/airflow/.local/lib/python3.7/site-packages/airflow/example_dags/example_kubernetes_executor.py
[2023-05-15T00:34:37.078+0000] {logging_mixin.py:117} INFO - [2023-05-15T00:34:37.078+0000] {dag.py:2573} INFO - Sync 1 DAGs
[2023-05-15T00:34:37.122+0000] {logging_mixin.py:117} INFO - [2023-05-15T00:34:37.122+0000] {dag.py:3328} INFO - Setting next_dagrun for example_kubernetes_executor to None, run_after=None
[2023-05-15T00:34:37.299+0000] {processor.py:178} INFO - Processing /home/airflow/.local/lib/python3.7/site-packages/airflow/example_dags/example_kubernetes_executor.py took 0.334 seconds
