[2023-05-15T00:13:48.060+0000] {processor.py:156} INFO - Started process (PID=278) to work on /home/airflow/.local/lib/python3.7/site-packages/airflow/example_dags/example_time_delta_sensor_async.py
[2023-05-15T00:13:48.061+0000] {processor.py:758} INFO - Processing file /home/airflow/.local/lib/python3.7/site-packages/airflow/example_dags/example_time_delta_sensor_async.py for tasks to queue
[2023-05-15T00:13:48.061+0000] {logging_mixin.py:117} INFO - [2023-05-15T00:13:48.061+0000] {dagbag.py:525} INFO - Filling up the DagBag from /home/airflow/.local/lib/python3.7/site-packages/airflow/example_dags/example_time_delta_sensor_async.py
[2023-05-15T00:13:48.083+0000] {processor.py:768} INFO - DAG(s) dict_keys(['example_time_delta_sensor_async']) retrieved from /home/airflow/.local/lib/python3.7/site-packages/airflow/example_dags/example_time_delta_sensor_async.py
[2023-05-15T00:13:48.115+0000] {logging_mixin.py:117} INFO - [2023-05-15T00:13:48.115+0000] {dag.py:2573} INFO - Sync 1 DAGs
[2023-05-15T00:13:48.154+0000] {logging_mixin.py:117} INFO - [2023-05-15T00:13:48.154+0000] {dag.py:3328} INFO - Setting next_dagrun for example_time_delta_sensor_async to None, run_after=None
[2023-05-15T00:13:48.179+0000] {processor.py:178} INFO - Processing /home/airflow/.local/lib/python3.7/site-packages/airflow/example_dags/example_time_delta_sensor_async.py took 0.121 seconds
[2023-05-15T00:14:21.972+0000] {processor.py:156} INFO - Started process (PID=490) to work on /home/airflow/.local/lib/python3.7/site-packages/airflow/example_dags/example_time_delta_sensor_async.py
[2023-05-15T00:14:21.974+0000] {processor.py:758} INFO - Processing file /home/airflow/.local/lib/python3.7/site-packages/airflow/example_dags/example_time_delta_sensor_async.py for tasks to queue
[2023-05-15T00:14:21.977+0000] {logging_mixin.py:117} INFO - [2023-05-15T00:14:21.976+0000] {dagbag.py:525} INFO - Filling up the DagBag from /home/airflow/.local/lib/python3.7/site-packages/airflow/example_dags/example_time_delta_sensor_async.py
[2023-05-15T00:14:22.018+0000] {processor.py:768} INFO - DAG(s) dict_keys(['example_time_delta_sensor_async']) retrieved from /home/airflow/.local/lib/python3.7/site-packages/airflow/example_dags/example_time_delta_sensor_async.py
[2023-05-15T00:14:22.665+0000] {logging_mixin.py:117} INFO - [2023-05-15T00:14:22.664+0000] {dag.py:2573} INFO - Sync 1 DAGs
[2023-05-15T00:14:22.751+0000] {logging_mixin.py:117} INFO - [2023-05-15T00:14:22.751+0000] {dag.py:3328} INFO - Setting next_dagrun for example_time_delta_sensor_async to None, run_after=None
[2023-05-15T00:14:23.113+0000] {processor.py:178} INFO - Processing /home/airflow/.local/lib/python3.7/site-packages/airflow/example_dags/example_time_delta_sensor_async.py took 1.151 seconds
[2023-05-15T00:14:54.667+0000] {processor.py:156} INFO - Started process (PID=693) to work on /home/airflow/.local/lib/python3.7/site-packages/airflow/example_dags/example_time_delta_sensor_async.py
[2023-05-15T00:14:54.679+0000] {processor.py:758} INFO - Processing file /home/airflow/.local/lib/python3.7/site-packages/airflow/example_dags/example_time_delta_sensor_async.py for tasks to queue
[2023-05-15T00:14:54.680+0000] {logging_mixin.py:117} INFO - [2023-05-15T00:14:54.680+0000] {dagbag.py:525} INFO - Filling up the DagBag from /home/airflow/.local/lib/python3.7/site-packages/airflow/example_dags/example_time_delta_sensor_async.py
[2023-05-15T00:14:54.776+0000] {processor.py:768} INFO - DAG(s) dict_keys(['example_time_delta_sensor_async']) retrieved from /home/airflow/.local/lib/python3.7/site-packages/airflow/example_dags/example_time_delta_sensor_async.py
[2023-05-15T00:14:55.317+0000] {logging_mixin.py:117} INFO - [2023-05-15T00:14:55.317+0000] {dag.py:2573} INFO - Sync 1 DAGs
[2023-05-15T00:14:55.571+0000] {logging_mixin.py:117} INFO - [2023-05-15T00:14:55.571+0000] {dag.py:3328} INFO - Setting next_dagrun for example_time_delta_sensor_async to None, run_after=None
[2023-05-15T00:14:55.659+0000] {processor.py:178} INFO - Processing /home/airflow/.local/lib/python3.7/site-packages/airflow/example_dags/example_time_delta_sensor_async.py took 0.996 seconds
[2023-05-15T00:15:26.268+0000] {processor.py:156} INFO - Started process (PID=906) to work on /home/airflow/.local/lib/python3.7/site-packages/airflow/example_dags/example_time_delta_sensor_async.py
[2023-05-15T00:15:26.269+0000] {processor.py:758} INFO - Processing file /home/airflow/.local/lib/python3.7/site-packages/airflow/example_dags/example_time_delta_sensor_async.py for tasks to queue
[2023-05-15T00:15:26.271+0000] {logging_mixin.py:117} INFO - [2023-05-15T00:15:26.271+0000] {dagbag.py:525} INFO - Filling up the DagBag from /home/airflow/.local/lib/python3.7/site-packages/airflow/example_dags/example_time_delta_sensor_async.py
[2023-05-15T00:15:26.293+0000] {processor.py:768} INFO - DAG(s) dict_keys(['example_time_delta_sensor_async']) retrieved from /home/airflow/.local/lib/python3.7/site-packages/airflow/example_dags/example_time_delta_sensor_async.py
[2023-05-15T00:15:26.926+0000] {logging_mixin.py:117} INFO - [2023-05-15T00:15:26.926+0000] {dag.py:2573} INFO - Sync 1 DAGs
[2023-05-15T00:15:26.963+0000] {logging_mixin.py:117} INFO - [2023-05-15T00:15:26.963+0000] {dag.py:3328} INFO - Setting next_dagrun for example_time_delta_sensor_async to None, run_after=None
[2023-05-15T00:15:26.991+0000] {processor.py:178} INFO - Processing /home/airflow/.local/lib/python3.7/site-packages/airflow/example_dags/example_time_delta_sensor_async.py took 0.729 seconds
[2023-05-15T00:15:57.105+0000] {processor.py:156} INFO - Started process (PID=1108) to work on /home/airflow/.local/lib/python3.7/site-packages/airflow/example_dags/example_time_delta_sensor_async.py
[2023-05-15T00:15:57.108+0000] {processor.py:758} INFO - Processing file /home/airflow/.local/lib/python3.7/site-packages/airflow/example_dags/example_time_delta_sensor_async.py for tasks to queue
[2023-05-15T00:15:57.112+0000] {logging_mixin.py:117} INFO - [2023-05-15T00:15:57.111+0000] {dagbag.py:525} INFO - Filling up the DagBag from /home/airflow/.local/lib/python3.7/site-packages/airflow/example_dags/example_time_delta_sensor_async.py
[2023-05-15T00:15:57.150+0000] {processor.py:768} INFO - DAG(s) dict_keys(['example_time_delta_sensor_async']) retrieved from /home/airflow/.local/lib/python3.7/site-packages/airflow/example_dags/example_time_delta_sensor_async.py
[2023-05-15T00:15:57.656+0000] {logging_mixin.py:117} INFO - [2023-05-15T00:15:57.655+0000] {dag.py:2573} INFO - Sync 1 DAGs
[2023-05-15T00:15:57.694+0000] {logging_mixin.py:117} INFO - [2023-05-15T00:15:57.694+0000] {dag.py:3328} INFO - Setting next_dagrun for example_time_delta_sensor_async to None, run_after=None
[2023-05-15T00:15:57.723+0000] {processor.py:178} INFO - Processing /home/airflow/.local/lib/python3.7/site-packages/airflow/example_dags/example_time_delta_sensor_async.py took 0.640 seconds
[2023-05-15T00:16:27.822+0000] {processor.py:156} INFO - Started process (PID=1319) to work on /home/airflow/.local/lib/python3.7/site-packages/airflow/example_dags/example_time_delta_sensor_async.py
[2023-05-15T00:16:27.824+0000] {processor.py:758} INFO - Processing file /home/airflow/.local/lib/python3.7/site-packages/airflow/example_dags/example_time_delta_sensor_async.py for tasks to queue
[2023-05-15T00:16:27.825+0000] {logging_mixin.py:117} INFO - [2023-05-15T00:16:27.825+0000] {dagbag.py:525} INFO - Filling up the DagBag from /home/airflow/.local/lib/python3.7/site-packages/airflow/example_dags/example_time_delta_sensor_async.py
[2023-05-15T00:16:27.846+0000] {processor.py:768} INFO - DAG(s) dict_keys(['example_time_delta_sensor_async']) retrieved from /home/airflow/.local/lib/python3.7/site-packages/airflow/example_dags/example_time_delta_sensor_async.py
[2023-05-15T00:16:28.232+0000] {logging_mixin.py:117} INFO - [2023-05-15T00:16:28.231+0000] {dag.py:2573} INFO - Sync 1 DAGs
[2023-05-15T00:16:28.257+0000] {logging_mixin.py:117} INFO - [2023-05-15T00:16:28.257+0000] {dag.py:3328} INFO - Setting next_dagrun for example_time_delta_sensor_async to None, run_after=None
[2023-05-15T00:16:28.284+0000] {processor.py:178} INFO - Processing /home/airflow/.local/lib/python3.7/site-packages/airflow/example_dags/example_time_delta_sensor_async.py took 0.469 seconds
[2023-05-15T00:16:58.381+0000] {processor.py:156} INFO - Started process (PID=1522) to work on /home/airflow/.local/lib/python3.7/site-packages/airflow/example_dags/example_time_delta_sensor_async.py
[2023-05-15T00:16:58.382+0000] {processor.py:758} INFO - Processing file /home/airflow/.local/lib/python3.7/site-packages/airflow/example_dags/example_time_delta_sensor_async.py for tasks to queue
[2023-05-15T00:16:58.383+0000] {logging_mixin.py:117} INFO - [2023-05-15T00:16:58.383+0000] {dagbag.py:525} INFO - Filling up the DagBag from /home/airflow/.local/lib/python3.7/site-packages/airflow/example_dags/example_time_delta_sensor_async.py
[2023-05-15T00:16:58.407+0000] {processor.py:768} INFO - DAG(s) dict_keys(['example_time_delta_sensor_async']) retrieved from /home/airflow/.local/lib/python3.7/site-packages/airflow/example_dags/example_time_delta_sensor_async.py
[2023-05-15T00:16:58.782+0000] {logging_mixin.py:117} INFO - [2023-05-15T00:16:58.782+0000] {dag.py:2573} INFO - Sync 1 DAGs
[2023-05-15T00:16:58.811+0000] {logging_mixin.py:117} INFO - [2023-05-15T00:16:58.810+0000] {dag.py:3328} INFO - Setting next_dagrun for example_time_delta_sensor_async to None, run_after=None
[2023-05-15T00:16:58.838+0000] {processor.py:178} INFO - Processing /home/airflow/.local/lib/python3.7/site-packages/airflow/example_dags/example_time_delta_sensor_async.py took 0.462 seconds
[2023-05-15T00:17:29.353+0000] {processor.py:156} INFO - Started process (PID=1735) to work on /home/airflow/.local/lib/python3.7/site-packages/airflow/example_dags/example_time_delta_sensor_async.py
[2023-05-15T00:17:29.358+0000] {processor.py:758} INFO - Processing file /home/airflow/.local/lib/python3.7/site-packages/airflow/example_dags/example_time_delta_sensor_async.py for tasks to queue
[2023-05-15T00:17:29.361+0000] {logging_mixin.py:117} INFO - [2023-05-15T00:17:29.360+0000] {dagbag.py:525} INFO - Filling up the DagBag from /home/airflow/.local/lib/python3.7/site-packages/airflow/example_dags/example_time_delta_sensor_async.py
[2023-05-15T00:17:29.416+0000] {processor.py:768} INFO - DAG(s) dict_keys(['example_time_delta_sensor_async']) retrieved from /home/airflow/.local/lib/python3.7/site-packages/airflow/example_dags/example_time_delta_sensor_async.py
[2023-05-15T00:17:29.656+0000] {logging_mixin.py:117} INFO - [2023-05-15T00:17:29.655+0000] {dag.py:2573} INFO - Sync 1 DAGs
[2023-05-15T00:17:29.687+0000] {logging_mixin.py:117} INFO - [2023-05-15T00:17:29.686+0000] {dag.py:3328} INFO - Setting next_dagrun for example_time_delta_sensor_async to None, run_after=None
[2023-05-15T00:17:29.705+0000] {processor.py:178} INFO - Processing /home/airflow/.local/lib/python3.7/site-packages/airflow/example_dags/example_time_delta_sensor_async.py took 0.371 seconds
[2023-05-15T00:17:59.806+0000] {processor.py:156} INFO - Started process (PID=1951) to work on /home/airflow/.local/lib/python3.7/site-packages/airflow/example_dags/example_time_delta_sensor_async.py
[2023-05-15T00:17:59.806+0000] {processor.py:758} INFO - Processing file /home/airflow/.local/lib/python3.7/site-packages/airflow/example_dags/example_time_delta_sensor_async.py for tasks to queue
[2023-05-15T00:17:59.807+0000] {logging_mixin.py:117} INFO - [2023-05-15T00:17:59.807+0000] {dagbag.py:525} INFO - Filling up the DagBag from /home/airflow/.local/lib/python3.7/site-packages/airflow/example_dags/example_time_delta_sensor_async.py
[2023-05-15T00:17:59.826+0000] {processor.py:768} INFO - DAG(s) dict_keys(['example_time_delta_sensor_async']) retrieved from /home/airflow/.local/lib/python3.7/site-packages/airflow/example_dags/example_time_delta_sensor_async.py
[2023-05-15T00:18:00.069+0000] {logging_mixin.py:117} INFO - [2023-05-15T00:18:00.068+0000] {dag.py:2573} INFO - Sync 1 DAGs
[2023-05-15T00:18:00.104+0000] {logging_mixin.py:117} INFO - [2023-05-15T00:18:00.104+0000] {dag.py:3328} INFO - Setting next_dagrun for example_time_delta_sensor_async to None, run_after=None
[2023-05-15T00:18:00.130+0000] {processor.py:178} INFO - Processing /home/airflow/.local/lib/python3.7/site-packages/airflow/example_dags/example_time_delta_sensor_async.py took 0.329 seconds
[2023-05-15T00:18:30.278+0000] {processor.py:156} INFO - Started process (PID=2164) to work on /home/airflow/.local/lib/python3.7/site-packages/airflow/example_dags/example_time_delta_sensor_async.py
[2023-05-15T00:18:30.279+0000] {processor.py:758} INFO - Processing file /home/airflow/.local/lib/python3.7/site-packages/airflow/example_dags/example_time_delta_sensor_async.py for tasks to queue
[2023-05-15T00:18:30.280+0000] {logging_mixin.py:117} INFO - [2023-05-15T00:18:30.280+0000] {dagbag.py:525} INFO - Filling up the DagBag from /home/airflow/.local/lib/python3.7/site-packages/airflow/example_dags/example_time_delta_sensor_async.py
[2023-05-15T00:18:30.304+0000] {processor.py:768} INFO - DAG(s) dict_keys(['example_time_delta_sensor_async']) retrieved from /home/airflow/.local/lib/python3.7/site-packages/airflow/example_dags/example_time_delta_sensor_async.py
[2023-05-15T00:18:30.616+0000] {logging_mixin.py:117} INFO - [2023-05-15T00:18:30.616+0000] {dag.py:2573} INFO - Sync 1 DAGs
[2023-05-15T00:18:30.655+0000] {logging_mixin.py:117} INFO - [2023-05-15T00:18:30.655+0000] {dag.py:3328} INFO - Setting next_dagrun for example_time_delta_sensor_async to None, run_after=None
[2023-05-15T00:18:30.690+0000] {processor.py:178} INFO - Processing /home/airflow/.local/lib/python3.7/site-packages/airflow/example_dags/example_time_delta_sensor_async.py took 0.417 seconds
[2023-05-15T00:19:01.349+0000] {processor.py:156} INFO - Started process (PID=2375) to work on /home/airflow/.local/lib/python3.7/site-packages/airflow/example_dags/example_time_delta_sensor_async.py
[2023-05-15T00:19:01.351+0000] {processor.py:758} INFO - Processing file /home/airflow/.local/lib/python3.7/site-packages/airflow/example_dags/example_time_delta_sensor_async.py for tasks to queue
[2023-05-15T00:19:01.352+0000] {logging_mixin.py:117} INFO - [2023-05-15T00:19:01.352+0000] {dagbag.py:525} INFO - Filling up the DagBag from /home/airflow/.local/lib/python3.7/site-packages/airflow/example_dags/example_time_delta_sensor_async.py
[2023-05-15T00:19:01.389+0000] {processor.py:768} INFO - DAG(s) dict_keys(['example_time_delta_sensor_async']) retrieved from /home/airflow/.local/lib/python3.7/site-packages/airflow/example_dags/example_time_delta_sensor_async.py
[2023-05-15T00:19:01.633+0000] {logging_mixin.py:117} INFO - [2023-05-15T00:19:01.633+0000] {dag.py:2573} INFO - Sync 1 DAGs
[2023-05-15T00:19:01.664+0000] {logging_mixin.py:117} INFO - [2023-05-15T00:19:01.664+0000] {dag.py:3328} INFO - Setting next_dagrun for example_time_delta_sensor_async to None, run_after=None
[2023-05-15T00:19:01.695+0000] {processor.py:178} INFO - Processing /home/airflow/.local/lib/python3.7/site-packages/airflow/example_dags/example_time_delta_sensor_async.py took 0.353 seconds
[2023-05-15T00:19:31.969+0000] {processor.py:156} INFO - Started process (PID=2596) to work on /home/airflow/.local/lib/python3.7/site-packages/airflow/example_dags/example_time_delta_sensor_async.py
[2023-05-15T00:19:31.970+0000] {processor.py:758} INFO - Processing file /home/airflow/.local/lib/python3.7/site-packages/airflow/example_dags/example_time_delta_sensor_async.py for tasks to queue
[2023-05-15T00:19:31.971+0000] {logging_mixin.py:117} INFO - [2023-05-15T00:19:31.971+0000] {dagbag.py:525} INFO - Filling up the DagBag from /home/airflow/.local/lib/python3.7/site-packages/airflow/example_dags/example_time_delta_sensor_async.py
[2023-05-15T00:19:31.993+0000] {processor.py:768} INFO - DAG(s) dict_keys(['example_time_delta_sensor_async']) retrieved from /home/airflow/.local/lib/python3.7/site-packages/airflow/example_dags/example_time_delta_sensor_async.py
[2023-05-15T00:19:32.305+0000] {logging_mixin.py:117} INFO - [2023-05-15T00:19:32.305+0000] {dag.py:2573} INFO - Sync 1 DAGs
[2023-05-15T00:19:32.340+0000] {logging_mixin.py:117} INFO - [2023-05-15T00:19:32.340+0000] {dag.py:3328} INFO - Setting next_dagrun for example_time_delta_sensor_async to None, run_after=None
[2023-05-15T00:19:32.373+0000] {processor.py:178} INFO - Processing /home/airflow/.local/lib/python3.7/site-packages/airflow/example_dags/example_time_delta_sensor_async.py took 0.411 seconds
[2023-05-15T00:20:03.063+0000] {processor.py:156} INFO - Started process (PID=2800) to work on /home/airflow/.local/lib/python3.7/site-packages/airflow/example_dags/example_time_delta_sensor_async.py
[2023-05-15T00:20:03.064+0000] {processor.py:758} INFO - Processing file /home/airflow/.local/lib/python3.7/site-packages/airflow/example_dags/example_time_delta_sensor_async.py for tasks to queue
[2023-05-15T00:20:03.065+0000] {logging_mixin.py:117} INFO - [2023-05-15T00:20:03.065+0000] {dagbag.py:525} INFO - Filling up the DagBag from /home/airflow/.local/lib/python3.7/site-packages/airflow/example_dags/example_time_delta_sensor_async.py
[2023-05-15T00:20:03.087+0000] {processor.py:768} INFO - DAG(s) dict_keys(['example_time_delta_sensor_async']) retrieved from /home/airflow/.local/lib/python3.7/site-packages/airflow/example_dags/example_time_delta_sensor_async.py
[2023-05-15T00:20:03.287+0000] {logging_mixin.py:117} INFO - [2023-05-15T00:20:03.287+0000] {dag.py:2573} INFO - Sync 1 DAGs
[2023-05-15T00:20:03.310+0000] {logging_mixin.py:117} INFO - [2023-05-15T00:20:03.310+0000] {dag.py:3328} INFO - Setting next_dagrun for example_time_delta_sensor_async to None, run_after=None
[2023-05-15T00:20:03.334+0000] {processor.py:178} INFO - Processing /home/airflow/.local/lib/python3.7/site-packages/airflow/example_dags/example_time_delta_sensor_async.py took 0.279 seconds
[2023-05-15T00:20:34.057+0000] {processor.py:156} INFO - Started process (PID=3011) to work on /home/airflow/.local/lib/python3.7/site-packages/airflow/example_dags/example_time_delta_sensor_async.py
[2023-05-15T00:20:34.058+0000] {processor.py:758} INFO - Processing file /home/airflow/.local/lib/python3.7/site-packages/airflow/example_dags/example_time_delta_sensor_async.py for tasks to queue
[2023-05-15T00:20:34.059+0000] {logging_mixin.py:117} INFO - [2023-05-15T00:20:34.059+0000] {dagbag.py:525} INFO - Filling up the DagBag from /home/airflow/.local/lib/python3.7/site-packages/airflow/example_dags/example_time_delta_sensor_async.py
[2023-05-15T00:20:34.076+0000] {processor.py:768} INFO - DAG(s) dict_keys(['example_time_delta_sensor_async']) retrieved from /home/airflow/.local/lib/python3.7/site-packages/airflow/example_dags/example_time_delta_sensor_async.py
[2023-05-15T00:20:34.338+0000] {logging_mixin.py:117} INFO - [2023-05-15T00:20:34.338+0000] {dag.py:2573} INFO - Sync 1 DAGs
[2023-05-15T00:20:34.364+0000] {logging_mixin.py:117} INFO - [2023-05-15T00:20:34.364+0000] {dag.py:3328} INFO - Setting next_dagrun for example_time_delta_sensor_async to None, run_after=None
[2023-05-15T00:20:34.387+0000] {processor.py:178} INFO - Processing /home/airflow/.local/lib/python3.7/site-packages/airflow/example_dags/example_time_delta_sensor_async.py took 0.336 seconds
[2023-05-15T00:21:04.467+0000] {processor.py:156} INFO - Started process (PID=3222) to work on /home/airflow/.local/lib/python3.7/site-packages/airflow/example_dags/example_time_delta_sensor_async.py
[2023-05-15T00:21:04.468+0000] {processor.py:758} INFO - Processing file /home/airflow/.local/lib/python3.7/site-packages/airflow/example_dags/example_time_delta_sensor_async.py for tasks to queue
[2023-05-15T00:21:04.469+0000] {logging_mixin.py:117} INFO - [2023-05-15T00:21:04.469+0000] {dagbag.py:525} INFO - Filling up the DagBag from /home/airflow/.local/lib/python3.7/site-packages/airflow/example_dags/example_time_delta_sensor_async.py
[2023-05-15T00:21:04.483+0000] {processor.py:768} INFO - DAG(s) dict_keys(['example_time_delta_sensor_async']) retrieved from /home/airflow/.local/lib/python3.7/site-packages/airflow/example_dags/example_time_delta_sensor_async.py
[2023-05-15T00:21:04.680+0000] {logging_mixin.py:117} INFO - [2023-05-15T00:21:04.680+0000] {dag.py:2573} INFO - Sync 1 DAGs
[2023-05-15T00:21:04.711+0000] {logging_mixin.py:117} INFO - [2023-05-15T00:21:04.711+0000] {dag.py:3328} INFO - Setting next_dagrun for example_time_delta_sensor_async to None, run_after=None
[2023-05-15T00:21:04.730+0000] {processor.py:178} INFO - Processing /home/airflow/.local/lib/python3.7/site-packages/airflow/example_dags/example_time_delta_sensor_async.py took 0.267 seconds
[2023-05-15T00:21:35.008+0000] {processor.py:156} INFO - Started process (PID=3426) to work on /home/airflow/.local/lib/python3.7/site-packages/airflow/example_dags/example_time_delta_sensor_async.py
[2023-05-15T00:21:35.009+0000] {processor.py:758} INFO - Processing file /home/airflow/.local/lib/python3.7/site-packages/airflow/example_dags/example_time_delta_sensor_async.py for tasks to queue
[2023-05-15T00:21:35.010+0000] {logging_mixin.py:117} INFO - [2023-05-15T00:21:35.010+0000] {dagbag.py:525} INFO - Filling up the DagBag from /home/airflow/.local/lib/python3.7/site-packages/airflow/example_dags/example_time_delta_sensor_async.py
[2023-05-15T00:21:35.025+0000] {processor.py:768} INFO - DAG(s) dict_keys(['example_time_delta_sensor_async']) retrieved from /home/airflow/.local/lib/python3.7/site-packages/airflow/example_dags/example_time_delta_sensor_async.py
[2023-05-15T00:21:35.237+0000] {logging_mixin.py:117} INFO - [2023-05-15T00:21:35.237+0000] {dag.py:2573} INFO - Sync 1 DAGs
[2023-05-15T00:21:35.266+0000] {logging_mixin.py:117} INFO - [2023-05-15T00:21:35.265+0000] {dag.py:3328} INFO - Setting next_dagrun for example_time_delta_sensor_async to None, run_after=None
[2023-05-15T00:21:35.285+0000] {processor.py:178} INFO - Processing /home/airflow/.local/lib/python3.7/site-packages/airflow/example_dags/example_time_delta_sensor_async.py took 0.283 seconds
[2023-05-15T00:22:05.481+0000] {processor.py:156} INFO - Started process (PID=3638) to work on /home/airflow/.local/lib/python3.7/site-packages/airflow/example_dags/example_time_delta_sensor_async.py
[2023-05-15T00:22:05.482+0000] {processor.py:758} INFO - Processing file /home/airflow/.local/lib/python3.7/site-packages/airflow/example_dags/example_time_delta_sensor_async.py for tasks to queue
[2023-05-15T00:22:05.483+0000] {logging_mixin.py:117} INFO - [2023-05-15T00:22:05.483+0000] {dagbag.py:525} INFO - Filling up the DagBag from /home/airflow/.local/lib/python3.7/site-packages/airflow/example_dags/example_time_delta_sensor_async.py
[2023-05-15T00:22:05.497+0000] {processor.py:768} INFO - DAG(s) dict_keys(['example_time_delta_sensor_async']) retrieved from /home/airflow/.local/lib/python3.7/site-packages/airflow/example_dags/example_time_delta_sensor_async.py
[2023-05-15T00:22:05.693+0000] {logging_mixin.py:117} INFO - [2023-05-15T00:22:05.692+0000] {dag.py:2573} INFO - Sync 1 DAGs
[2023-05-15T00:22:05.720+0000] {logging_mixin.py:117} INFO - [2023-05-15T00:22:05.720+0000] {dag.py:3328} INFO - Setting next_dagrun for example_time_delta_sensor_async to None, run_after=None
[2023-05-15T00:22:05.745+0000] {processor.py:178} INFO - Processing /home/airflow/.local/lib/python3.7/site-packages/airflow/example_dags/example_time_delta_sensor_async.py took 0.271 seconds
[2023-05-15T00:22:36.046+0000] {processor.py:156} INFO - Started process (PID=3852) to work on /home/airflow/.local/lib/python3.7/site-packages/airflow/example_dags/example_time_delta_sensor_async.py
[2023-05-15T00:22:36.048+0000] {processor.py:758} INFO - Processing file /home/airflow/.local/lib/python3.7/site-packages/airflow/example_dags/example_time_delta_sensor_async.py for tasks to queue
[2023-05-15T00:22:36.050+0000] {logging_mixin.py:117} INFO - [2023-05-15T00:22:36.050+0000] {dagbag.py:525} INFO - Filling up the DagBag from /home/airflow/.local/lib/python3.7/site-packages/airflow/example_dags/example_time_delta_sensor_async.py
[2023-05-15T00:22:36.088+0000] {processor.py:768} INFO - DAG(s) dict_keys(['example_time_delta_sensor_async']) retrieved from /home/airflow/.local/lib/python3.7/site-packages/airflow/example_dags/example_time_delta_sensor_async.py
[2023-05-15T00:22:36.409+0000] {logging_mixin.py:117} INFO - [2023-05-15T00:22:36.409+0000] {dag.py:2573} INFO - Sync 1 DAGs
[2023-05-15T00:22:36.453+0000] {logging_mixin.py:117} INFO - [2023-05-15T00:22:36.453+0000] {dag.py:3328} INFO - Setting next_dagrun for example_time_delta_sensor_async to None, run_after=None
[2023-05-15T00:22:36.477+0000] {processor.py:178} INFO - Processing /home/airflow/.local/lib/python3.7/site-packages/airflow/example_dags/example_time_delta_sensor_async.py took 0.443 seconds
[2023-05-15T00:23:06.750+0000] {processor.py:156} INFO - Started process (PID=4055) to work on /home/airflow/.local/lib/python3.7/site-packages/airflow/example_dags/example_time_delta_sensor_async.py
[2023-05-15T00:23:06.751+0000] {processor.py:758} INFO - Processing file /home/airflow/.local/lib/python3.7/site-packages/airflow/example_dags/example_time_delta_sensor_async.py for tasks to queue
[2023-05-15T00:23:06.752+0000] {logging_mixin.py:117} INFO - [2023-05-15T00:23:06.752+0000] {dagbag.py:525} INFO - Filling up the DagBag from /home/airflow/.local/lib/python3.7/site-packages/airflow/example_dags/example_time_delta_sensor_async.py
[2023-05-15T00:23:06.767+0000] {processor.py:768} INFO - DAG(s) dict_keys(['example_time_delta_sensor_async']) retrieved from /home/airflow/.local/lib/python3.7/site-packages/airflow/example_dags/example_time_delta_sensor_async.py
[2023-05-15T00:23:06.996+0000] {logging_mixin.py:117} INFO - [2023-05-15T00:23:06.996+0000] {dag.py:2573} INFO - Sync 1 DAGs
[2023-05-15T00:23:07.024+0000] {logging_mixin.py:117} INFO - [2023-05-15T00:23:07.023+0000] {dag.py:3328} INFO - Setting next_dagrun for example_time_delta_sensor_async to None, run_after=None
[2023-05-15T00:23:07.052+0000] {processor.py:178} INFO - Processing /home/airflow/.local/lib/python3.7/site-packages/airflow/example_dags/example_time_delta_sensor_async.py took 0.309 seconds
[2023-05-15T00:23:37.689+0000] {processor.py:156} INFO - Started process (PID=4267) to work on /home/airflow/.local/lib/python3.7/site-packages/airflow/example_dags/example_time_delta_sensor_async.py
[2023-05-15T00:23:37.691+0000] {processor.py:758} INFO - Processing file /home/airflow/.local/lib/python3.7/site-packages/airflow/example_dags/example_time_delta_sensor_async.py for tasks to queue
[2023-05-15T00:23:37.693+0000] {logging_mixin.py:117} INFO - [2023-05-15T00:23:37.692+0000] {dagbag.py:525} INFO - Filling up the DagBag from /home/airflow/.local/lib/python3.7/site-packages/airflow/example_dags/example_time_delta_sensor_async.py
[2023-05-15T00:23:37.712+0000] {processor.py:768} INFO - DAG(s) dict_keys(['example_time_delta_sensor_async']) retrieved from /home/airflow/.local/lib/python3.7/site-packages/airflow/example_dags/example_time_delta_sensor_async.py
[2023-05-15T00:23:37.995+0000] {logging_mixin.py:117} INFO - [2023-05-15T00:23:37.995+0000] {dag.py:2573} INFO - Sync 1 DAGs
[2023-05-15T00:23:38.034+0000] {logging_mixin.py:117} INFO - [2023-05-15T00:23:38.034+0000] {dag.py:3328} INFO - Setting next_dagrun for example_time_delta_sensor_async to None, run_after=None
[2023-05-15T00:23:38.062+0000] {processor.py:178} INFO - Processing /home/airflow/.local/lib/python3.7/site-packages/airflow/example_dags/example_time_delta_sensor_async.py took 0.385 seconds
[2023-05-15T00:24:08.295+0000] {processor.py:156} INFO - Started process (PID=4479) to work on /home/airflow/.local/lib/python3.7/site-packages/airflow/example_dags/example_time_delta_sensor_async.py
[2023-05-15T00:24:08.299+0000] {processor.py:758} INFO - Processing file /home/airflow/.local/lib/python3.7/site-packages/airflow/example_dags/example_time_delta_sensor_async.py for tasks to queue
[2023-05-15T00:24:08.301+0000] {logging_mixin.py:117} INFO - [2023-05-15T00:24:08.300+0000] {dagbag.py:525} INFO - Filling up the DagBag from /home/airflow/.local/lib/python3.7/site-packages/airflow/example_dags/example_time_delta_sensor_async.py
[2023-05-15T00:24:08.333+0000] {processor.py:768} INFO - DAG(s) dict_keys(['example_time_delta_sensor_async']) retrieved from /home/airflow/.local/lib/python3.7/site-packages/airflow/example_dags/example_time_delta_sensor_async.py
[2023-05-15T00:24:08.595+0000] {logging_mixin.py:117} INFO - [2023-05-15T00:24:08.595+0000] {dag.py:2573} INFO - Sync 1 DAGs
[2023-05-15T00:24:08.626+0000] {logging_mixin.py:117} INFO - [2023-05-15T00:24:08.626+0000] {dag.py:3328} INFO - Setting next_dagrun for example_time_delta_sensor_async to None, run_after=None
[2023-05-15T00:24:08.646+0000] {processor.py:178} INFO - Processing /home/airflow/.local/lib/python3.7/site-packages/airflow/example_dags/example_time_delta_sensor_async.py took 0.375 seconds
[2023-05-15T00:24:38.762+0000] {processor.py:156} INFO - Started process (PID=4690) to work on /home/airflow/.local/lib/python3.7/site-packages/airflow/example_dags/example_time_delta_sensor_async.py
[2023-05-15T00:24:38.763+0000] {processor.py:758} INFO - Processing file /home/airflow/.local/lib/python3.7/site-packages/airflow/example_dags/example_time_delta_sensor_async.py for tasks to queue
[2023-05-15T00:24:38.763+0000] {logging_mixin.py:117} INFO - [2023-05-15T00:24:38.763+0000] {dagbag.py:525} INFO - Filling up the DagBag from /home/airflow/.local/lib/python3.7/site-packages/airflow/example_dags/example_time_delta_sensor_async.py
[2023-05-15T00:24:38.777+0000] {processor.py:768} INFO - DAG(s) dict_keys(['example_time_delta_sensor_async']) retrieved from /home/airflow/.local/lib/python3.7/site-packages/airflow/example_dags/example_time_delta_sensor_async.py
[2023-05-15T00:24:38.945+0000] {logging_mixin.py:117} INFO - [2023-05-15T00:24:38.945+0000] {dag.py:2573} INFO - Sync 1 DAGs
[2023-05-15T00:24:38.968+0000] {logging_mixin.py:117} INFO - [2023-05-15T00:24:38.968+0000] {dag.py:3328} INFO - Setting next_dagrun for example_time_delta_sensor_async to None, run_after=None
[2023-05-15T00:24:38.986+0000] {processor.py:178} INFO - Processing /home/airflow/.local/lib/python3.7/site-packages/airflow/example_dags/example_time_delta_sensor_async.py took 0.227 seconds
[2023-05-15T00:34:04.631+0000] {processor.py:156} INFO - Started process (PID=279) to work on /home/airflow/.local/lib/python3.7/site-packages/airflow/example_dags/example_time_delta_sensor_async.py
[2023-05-15T00:34:04.632+0000] {processor.py:758} INFO - Processing file /home/airflow/.local/lib/python3.7/site-packages/airflow/example_dags/example_time_delta_sensor_async.py for tasks to queue
[2023-05-15T00:34:04.633+0000] {logging_mixin.py:117} INFO - [2023-05-15T00:34:04.633+0000] {dagbag.py:525} INFO - Filling up the DagBag from /home/airflow/.local/lib/python3.7/site-packages/airflow/example_dags/example_time_delta_sensor_async.py
[2023-05-15T00:34:04.654+0000] {processor.py:768} INFO - DAG(s) dict_keys(['example_time_delta_sensor_async']) retrieved from /home/airflow/.local/lib/python3.7/site-packages/airflow/example_dags/example_time_delta_sensor_async.py
[2023-05-15T00:34:04.697+0000] {logging_mixin.py:117} INFO - [2023-05-15T00:34:04.696+0000] {dag.py:2573} INFO - Sync 1 DAGs
[2023-05-15T00:34:04.736+0000] {logging_mixin.py:117} INFO - [2023-05-15T00:34:04.735+0000] {dag.py:3328} INFO - Setting next_dagrun for example_time_delta_sensor_async to None, run_after=None
[2023-05-15T00:34:04.769+0000] {processor.py:178} INFO - Processing /home/airflow/.local/lib/python3.7/site-packages/airflow/example_dags/example_time_delta_sensor_async.py took 0.142 seconds
[2023-05-15T00:34:36.216+0000] {processor.py:156} INFO - Started process (PID=481) to work on /home/airflow/.local/lib/python3.7/site-packages/airflow/example_dags/example_time_delta_sensor_async.py
[2023-05-15T00:34:36.217+0000] {processor.py:758} INFO - Processing file /home/airflow/.local/lib/python3.7/site-packages/airflow/example_dags/example_time_delta_sensor_async.py for tasks to queue
[2023-05-15T00:34:36.219+0000] {logging_mixin.py:117} INFO - [2023-05-15T00:34:36.218+0000] {dagbag.py:525} INFO - Filling up the DagBag from /home/airflow/.local/lib/python3.7/site-packages/airflow/example_dags/example_time_delta_sensor_async.py
[2023-05-15T00:34:36.252+0000] {processor.py:768} INFO - DAG(s) dict_keys(['example_time_delta_sensor_async']) retrieved from /home/airflow/.local/lib/python3.7/site-packages/airflow/example_dags/example_time_delta_sensor_async.py
[2023-05-15T00:34:36.578+0000] {logging_mixin.py:117} INFO - [2023-05-15T00:34:36.577+0000] {dag.py:2573} INFO - Sync 1 DAGs
[2023-05-15T00:34:36.611+0000] {logging_mixin.py:117} INFO - [2023-05-15T00:34:36.610+0000] {dag.py:3328} INFO - Setting next_dagrun for example_time_delta_sensor_async to None, run_after=None
[2023-05-15T00:34:36.883+0000] {processor.py:178} INFO - Processing /home/airflow/.local/lib/python3.7/site-packages/airflow/example_dags/example_time_delta_sensor_async.py took 0.673 seconds
