[2023-05-15T00:13:48.348+0000] {processor.py:156} INFO - Started process (PID=293) to work on /home/airflow/.local/lib/python3.7/site-packages/airflow/example_dags/example_task_group.py
[2023-05-15T00:13:48.348+0000] {processor.py:758} INFO - Processing file /home/airflow/.local/lib/python3.7/site-packages/airflow/example_dags/example_task_group.py for tasks to queue
[2023-05-15T00:13:48.349+0000] {logging_mixin.py:117} INFO - [2023-05-15T00:13:48.349+0000] {dagbag.py:525} INFO - Filling up the DagBag from /home/airflow/.local/lib/python3.7/site-packages/airflow/example_dags/example_task_group.py
[2023-05-15T00:13:48.370+0000] {processor.py:768} INFO - DAG(s) dict_keys(['example_task_group']) retrieved from /home/airflow/.local/lib/python3.7/site-packages/airflow/example_dags/example_task_group.py
[2023-05-15T00:13:48.404+0000] {logging_mixin.py:117} INFO - [2023-05-15T00:13:48.404+0000] {dag.py:2573} INFO - Sync 1 DAGs
[2023-05-15T00:13:48.443+0000] {logging_mixin.py:117} INFO - [2023-05-15T00:13:48.443+0000] {dag.py:3328} INFO - Setting next_dagrun for example_task_group to 2023-05-14T00:13:48.443211+00:00, run_after=2023-05-15T00:13:48.443211+00:00
[2023-05-15T00:13:48.472+0000] {processor.py:178} INFO - Processing /home/airflow/.local/lib/python3.7/site-packages/airflow/example_dags/example_task_group.py took 0.128 seconds
[2023-05-15T00:14:22.794+0000] {processor.py:156} INFO - Started process (PID=505) to work on /home/airflow/.local/lib/python3.7/site-packages/airflow/example_dags/example_task_group.py
[2023-05-15T00:14:22.797+0000] {processor.py:758} INFO - Processing file /home/airflow/.local/lib/python3.7/site-packages/airflow/example_dags/example_task_group.py for tasks to queue
[2023-05-15T00:14:22.799+0000] {logging_mixin.py:117} INFO - [2023-05-15T00:14:22.799+0000] {dagbag.py:525} INFO - Filling up the DagBag from /home/airflow/.local/lib/python3.7/site-packages/airflow/example_dags/example_task_group.py
[2023-05-15T00:14:22.856+0000] {processor.py:768} INFO - DAG(s) dict_keys(['example_task_group']) retrieved from /home/airflow/.local/lib/python3.7/site-packages/airflow/example_dags/example_task_group.py
[2023-05-15T00:14:23.052+0000] {logging_mixin.py:117} INFO - [2023-05-15T00:14:23.052+0000] {dag.py:2573} INFO - Sync 1 DAGs
[2023-05-15T00:14:23.110+0000] {logging_mixin.py:117} INFO - [2023-05-15T00:14:23.110+0000] {dag.py:3328} INFO - Setting next_dagrun for example_task_group to 2023-05-14T00:14:23.109915+00:00, run_after=2023-05-15T00:14:23.109915+00:00
[2023-05-15T00:14:23.147+0000] {processor.py:178} INFO - Processing /home/airflow/.local/lib/python3.7/site-packages/airflow/example_dags/example_task_group.py took 0.359 seconds
[2023-05-15T00:14:55.801+0000] {processor.py:156} INFO - Started process (PID=708) to work on /home/airflow/.local/lib/python3.7/site-packages/airflow/example_dags/example_task_group.py
[2023-05-15T00:14:55.802+0000] {processor.py:758} INFO - Processing file /home/airflow/.local/lib/python3.7/site-packages/airflow/example_dags/example_task_group.py for tasks to queue
[2023-05-15T00:14:55.804+0000] {logging_mixin.py:117} INFO - [2023-05-15T00:14:55.803+0000] {dagbag.py:525} INFO - Filling up the DagBag from /home/airflow/.local/lib/python3.7/site-packages/airflow/example_dags/example_task_group.py
[2023-05-15T00:14:55.845+0000] {processor.py:768} INFO - DAG(s) dict_keys(['example_task_group']) retrieved from /home/airflow/.local/lib/python3.7/site-packages/airflow/example_dags/example_task_group.py
[2023-05-15T00:14:55.936+0000] {logging_mixin.py:117} INFO - [2023-05-15T00:14:55.936+0000] {dag.py:2573} INFO - Sync 1 DAGs
[2023-05-15T00:14:56.005+0000] {logging_mixin.py:117} INFO - [2023-05-15T00:14:56.005+0000] {dag.py:3328} INFO - Setting next_dagrun for example_task_group to 2023-05-14T00:14:56.005010+00:00, run_after=2023-05-15T00:14:56.005010+00:00
[2023-05-15T00:14:56.310+0000] {processor.py:178} INFO - Processing /home/airflow/.local/lib/python3.7/site-packages/airflow/example_dags/example_task_group.py took 0.514 seconds
[2023-05-15T00:15:27.050+0000] {processor.py:156} INFO - Started process (PID=919) to work on /home/airflow/.local/lib/python3.7/site-packages/airflow/example_dags/example_task_group.py
[2023-05-15T00:15:27.052+0000] {processor.py:758} INFO - Processing file /home/airflow/.local/lib/python3.7/site-packages/airflow/example_dags/example_task_group.py for tasks to queue
[2023-05-15T00:15:27.054+0000] {logging_mixin.py:117} INFO - [2023-05-15T00:15:27.054+0000] {dagbag.py:525} INFO - Filling up the DagBag from /home/airflow/.local/lib/python3.7/site-packages/airflow/example_dags/example_task_group.py
[2023-05-15T00:15:27.086+0000] {processor.py:768} INFO - DAG(s) dict_keys(['example_task_group']) retrieved from /home/airflow/.local/lib/python3.7/site-packages/airflow/example_dags/example_task_group.py
[2023-05-15T00:15:27.157+0000] {logging_mixin.py:117} INFO - [2023-05-15T00:15:27.157+0000] {dag.py:2573} INFO - Sync 1 DAGs
[2023-05-15T00:15:27.412+0000] {logging_mixin.py:117} INFO - [2023-05-15T00:15:27.412+0000] {dag.py:3328} INFO - Setting next_dagrun for example_task_group to 2023-05-14T00:15:27.411977+00:00, run_after=2023-05-15T00:15:27.411977+00:00
[2023-05-15T00:15:27.480+0000] {processor.py:178} INFO - Processing /home/airflow/.local/lib/python3.7/site-packages/airflow/example_dags/example_task_group.py took 0.437 seconds
[2023-05-15T00:15:57.773+0000] {processor.py:156} INFO - Started process (PID=1121) to work on /home/airflow/.local/lib/python3.7/site-packages/airflow/example_dags/example_task_group.py
[2023-05-15T00:15:57.775+0000] {processor.py:758} INFO - Processing file /home/airflow/.local/lib/python3.7/site-packages/airflow/example_dags/example_task_group.py for tasks to queue
[2023-05-15T00:15:57.776+0000] {logging_mixin.py:117} INFO - [2023-05-15T00:15:57.776+0000] {dagbag.py:525} INFO - Filling up the DagBag from /home/airflow/.local/lib/python3.7/site-packages/airflow/example_dags/example_task_group.py
[2023-05-15T00:15:57.801+0000] {processor.py:768} INFO - DAG(s) dict_keys(['example_task_group']) retrieved from /home/airflow/.local/lib/python3.7/site-packages/airflow/example_dags/example_task_group.py
[2023-05-15T00:15:58.036+0000] {logging_mixin.py:117} INFO - [2023-05-15T00:15:58.036+0000] {dag.py:2573} INFO - Sync 1 DAGs
[2023-05-15T00:15:58.081+0000] {logging_mixin.py:117} INFO - [2023-05-15T00:15:58.081+0000] {dag.py:3328} INFO - Setting next_dagrun for example_task_group to 2023-05-14T00:15:58.080994+00:00, run_after=2023-05-15T00:15:58.080994+00:00
[2023-05-15T00:15:58.116+0000] {processor.py:178} INFO - Processing /home/airflow/.local/lib/python3.7/site-packages/airflow/example_dags/example_task_group.py took 0.348 seconds
[2023-05-15T00:16:28.322+0000] {processor.py:156} INFO - Started process (PID=1332) to work on /home/airflow/.local/lib/python3.7/site-packages/airflow/example_dags/example_task_group.py
[2023-05-15T00:16:28.323+0000] {processor.py:758} INFO - Processing file /home/airflow/.local/lib/python3.7/site-packages/airflow/example_dags/example_task_group.py for tasks to queue
[2023-05-15T00:16:28.323+0000] {logging_mixin.py:117} INFO - [2023-05-15T00:16:28.323+0000] {dagbag.py:525} INFO - Filling up the DagBag from /home/airflow/.local/lib/python3.7/site-packages/airflow/example_dags/example_task_group.py
[2023-05-15T00:16:28.348+0000] {processor.py:768} INFO - DAG(s) dict_keys(['example_task_group']) retrieved from /home/airflow/.local/lib/python3.7/site-packages/airflow/example_dags/example_task_group.py
[2023-05-15T00:16:28.546+0000] {logging_mixin.py:117} INFO - [2023-05-15T00:16:28.546+0000] {dag.py:2573} INFO - Sync 1 DAGs
[2023-05-15T00:16:28.578+0000] {logging_mixin.py:117} INFO - [2023-05-15T00:16:28.578+0000] {dag.py:3328} INFO - Setting next_dagrun for example_task_group to 2023-05-14T00:16:28.578019+00:00, run_after=2023-05-15T00:16:28.578019+00:00
[2023-05-15T00:16:28.605+0000] {processor.py:178} INFO - Processing /home/airflow/.local/lib/python3.7/site-packages/airflow/example_dags/example_task_group.py took 0.288 seconds
[2023-05-15T00:16:58.876+0000] {processor.py:156} INFO - Started process (PID=1535) to work on /home/airflow/.local/lib/python3.7/site-packages/airflow/example_dags/example_task_group.py
[2023-05-15T00:16:58.877+0000] {processor.py:758} INFO - Processing file /home/airflow/.local/lib/python3.7/site-packages/airflow/example_dags/example_task_group.py for tasks to queue
[2023-05-15T00:16:58.878+0000] {logging_mixin.py:117} INFO - [2023-05-15T00:16:58.877+0000] {dagbag.py:525} INFO - Filling up the DagBag from /home/airflow/.local/lib/python3.7/site-packages/airflow/example_dags/example_task_group.py
[2023-05-15T00:16:59.026+0000] {processor.py:768} INFO - DAG(s) dict_keys(['example_task_group']) retrieved from /home/airflow/.local/lib/python3.7/site-packages/airflow/example_dags/example_task_group.py
[2023-05-15T00:16:59.064+0000] {logging_mixin.py:117} INFO - [2023-05-15T00:16:59.064+0000] {dag.py:2573} INFO - Sync 1 DAGs
[2023-05-15T00:16:59.095+0000] {logging_mixin.py:117} INFO - [2023-05-15T00:16:59.094+0000] {dag.py:3328} INFO - Setting next_dagrun for example_task_group to 2023-05-14T00:16:59.094647+00:00, run_after=2023-05-15T00:16:59.094647+00:00
[2023-05-15T00:16:59.118+0000] {processor.py:178} INFO - Processing /home/airflow/.local/lib/python3.7/site-packages/airflow/example_dags/example_task_group.py took 0.245 seconds
[2023-05-15T00:17:29.696+0000] {processor.py:156} INFO - Started process (PID=1748) to work on /home/airflow/.local/lib/python3.7/site-packages/airflow/example_dags/example_task_group.py
[2023-05-15T00:17:29.697+0000] {processor.py:758} INFO - Processing file /home/airflow/.local/lib/python3.7/site-packages/airflow/example_dags/example_task_group.py for tasks to queue
[2023-05-15T00:17:29.698+0000] {logging_mixin.py:117} INFO - [2023-05-15T00:17:29.698+0000] {dagbag.py:525} INFO - Filling up the DagBag from /home/airflow/.local/lib/python3.7/site-packages/airflow/example_dags/example_task_group.py
[2023-05-15T00:17:29.718+0000] {processor.py:768} INFO - DAG(s) dict_keys(['example_task_group']) retrieved from /home/airflow/.local/lib/python3.7/site-packages/airflow/example_dags/example_task_group.py
[2023-05-15T00:17:29.764+0000] {logging_mixin.py:117} INFO - [2023-05-15T00:17:29.764+0000] {dag.py:2573} INFO - Sync 1 DAGs
[2023-05-15T00:17:29.802+0000] {logging_mixin.py:117} INFO - [2023-05-15T00:17:29.802+0000] {dag.py:3328} INFO - Setting next_dagrun for example_task_group to 2023-05-14T00:17:29.802322+00:00, run_after=2023-05-15T00:17:29.802322+00:00
[2023-05-15T00:17:29.821+0000] {processor.py:178} INFO - Processing /home/airflow/.local/lib/python3.7/site-packages/airflow/example_dags/example_task_group.py took 0.129 seconds
[2023-05-15T00:17:59.943+0000] {processor.py:156} INFO - Started process (PID=1959) to work on /home/airflow/.local/lib/python3.7/site-packages/airflow/example_dags/example_task_group.py
[2023-05-15T00:17:59.944+0000] {processor.py:758} INFO - Processing file /home/airflow/.local/lib/python3.7/site-packages/airflow/example_dags/example_task_group.py for tasks to queue
[2023-05-15T00:17:59.944+0000] {logging_mixin.py:117} INFO - [2023-05-15T00:17:59.944+0000] {dagbag.py:525} INFO - Filling up the DagBag from /home/airflow/.local/lib/python3.7/site-packages/airflow/example_dags/example_task_group.py
[2023-05-15T00:17:59.965+0000] {processor.py:768} INFO - DAG(s) dict_keys(['example_task_group']) retrieved from /home/airflow/.local/lib/python3.7/site-packages/airflow/example_dags/example_task_group.py
[2023-05-15T00:18:00.008+0000] {logging_mixin.py:117} INFO - [2023-05-15T00:18:00.008+0000] {dag.py:2573} INFO - Sync 1 DAGs
[2023-05-15T00:18:00.048+0000] {logging_mixin.py:117} INFO - [2023-05-15T00:18:00.048+0000] {dag.py:3328} INFO - Setting next_dagrun for example_task_group to 2023-05-14T00:18:00.048042+00:00, run_after=2023-05-15T00:18:00.048042+00:00
[2023-05-15T00:18:00.071+0000] {processor.py:178} INFO - Processing /home/airflow/.local/lib/python3.7/site-packages/airflow/example_dags/example_task_group.py took 0.131 seconds
[2023-05-15T00:18:30.102+0000] {processor.py:156} INFO - Started process (PID=2159) to work on /home/airflow/.local/lib/python3.7/site-packages/airflow/example_dags/example_task_group.py
[2023-05-15T00:18:30.103+0000] {processor.py:758} INFO - Processing file /home/airflow/.local/lib/python3.7/site-packages/airflow/example_dags/example_task_group.py for tasks to queue
[2023-05-15T00:18:30.104+0000] {logging_mixin.py:117} INFO - [2023-05-15T00:18:30.104+0000] {dagbag.py:525} INFO - Filling up the DagBag from /home/airflow/.local/lib/python3.7/site-packages/airflow/example_dags/example_task_group.py
[2023-05-15T00:18:30.126+0000] {processor.py:768} INFO - DAG(s) dict_keys(['example_task_group']) retrieved from /home/airflow/.local/lib/python3.7/site-packages/airflow/example_dags/example_task_group.py
[2023-05-15T00:18:30.180+0000] {logging_mixin.py:117} INFO - [2023-05-15T00:18:30.180+0000] {dag.py:2573} INFO - Sync 1 DAGs
[2023-05-15T00:18:30.222+0000] {logging_mixin.py:117} INFO - [2023-05-15T00:18:30.222+0000] {dag.py:3328} INFO - Setting next_dagrun for example_task_group to 2023-05-14T00:18:30.222194+00:00, run_after=2023-05-15T00:18:30.222194+00:00
[2023-05-15T00:18:30.245+0000] {processor.py:178} INFO - Processing /home/airflow/.local/lib/python3.7/site-packages/airflow/example_dags/example_task_group.py took 0.148 seconds
[2023-05-15T00:19:00.285+0000] {processor.py:156} INFO - Started process (PID=2368) to work on /home/airflow/.local/lib/python3.7/site-packages/airflow/example_dags/example_task_group.py
[2023-05-15T00:19:00.286+0000] {processor.py:758} INFO - Processing file /home/airflow/.local/lib/python3.7/site-packages/airflow/example_dags/example_task_group.py for tasks to queue
[2023-05-15T00:19:00.287+0000] {logging_mixin.py:117} INFO - [2023-05-15T00:19:00.287+0000] {dagbag.py:525} INFO - Filling up the DagBag from /home/airflow/.local/lib/python3.7/site-packages/airflow/example_dags/example_task_group.py
[2023-05-15T00:19:00.311+0000] {processor.py:768} INFO - DAG(s) dict_keys(['example_task_group']) retrieved from /home/airflow/.local/lib/python3.7/site-packages/airflow/example_dags/example_task_group.py
[2023-05-15T00:19:00.355+0000] {logging_mixin.py:117} INFO - [2023-05-15T00:19:00.355+0000] {dag.py:2573} INFO - Sync 1 DAGs
[2023-05-15T00:19:00.383+0000] {logging_mixin.py:117} INFO - [2023-05-15T00:19:00.383+0000] {dag.py:3328} INFO - Setting next_dagrun for example_task_group to 2023-05-14T00:19:00.383145+00:00, run_after=2023-05-15T00:19:00.383145+00:00
[2023-05-15T00:19:00.414+0000] {processor.py:178} INFO - Processing /home/airflow/.local/lib/python3.7/site-packages/airflow/example_dags/example_task_group.py took 0.133 seconds
[2023-05-15T00:19:30.639+0000] {processor.py:156} INFO - Started process (PID=2579) to work on /home/airflow/.local/lib/python3.7/site-packages/airflow/example_dags/example_task_group.py
[2023-05-15T00:19:30.640+0000] {processor.py:758} INFO - Processing file /home/airflow/.local/lib/python3.7/site-packages/airflow/example_dags/example_task_group.py for tasks to queue
[2023-05-15T00:19:30.640+0000] {logging_mixin.py:117} INFO - [2023-05-15T00:19:30.640+0000] {dagbag.py:525} INFO - Filling up the DagBag from /home/airflow/.local/lib/python3.7/site-packages/airflow/example_dags/example_task_group.py
[2023-05-15T00:19:30.667+0000] {processor.py:768} INFO - DAG(s) dict_keys(['example_task_group']) retrieved from /home/airflow/.local/lib/python3.7/site-packages/airflow/example_dags/example_task_group.py
[2023-05-15T00:19:30.732+0000] {logging_mixin.py:117} INFO - [2023-05-15T00:19:30.732+0000] {dag.py:2573} INFO - Sync 1 DAGs
[2023-05-15T00:19:30.790+0000] {logging_mixin.py:117} INFO - [2023-05-15T00:19:30.790+0000] {dag.py:3328} INFO - Setting next_dagrun for example_task_group to 2023-05-14T00:19:30.790367+00:00, run_after=2023-05-15T00:19:30.790367+00:00
[2023-05-15T00:19:30.819+0000] {processor.py:178} INFO - Processing /home/airflow/.local/lib/python3.7/site-packages/airflow/example_dags/example_task_group.py took 0.187 seconds
[2023-05-15T00:20:00.863+0000] {processor.py:156} INFO - Started process (PID=2785) to work on /home/airflow/.local/lib/python3.7/site-packages/airflow/example_dags/example_task_group.py
[2023-05-15T00:20:00.864+0000] {processor.py:758} INFO - Processing file /home/airflow/.local/lib/python3.7/site-packages/airflow/example_dags/example_task_group.py for tasks to queue
[2023-05-15T00:20:00.865+0000] {logging_mixin.py:117} INFO - [2023-05-15T00:20:00.865+0000] {dagbag.py:525} INFO - Filling up the DagBag from /home/airflow/.local/lib/python3.7/site-packages/airflow/example_dags/example_task_group.py
[2023-05-15T00:20:00.879+0000] {processor.py:768} INFO - DAG(s) dict_keys(['example_task_group']) retrieved from /home/airflow/.local/lib/python3.7/site-packages/airflow/example_dags/example_task_group.py
[2023-05-15T00:20:00.915+0000] {logging_mixin.py:117} INFO - [2023-05-15T00:20:00.914+0000] {dag.py:2573} INFO - Sync 1 DAGs
[2023-05-15T00:20:00.937+0000] {logging_mixin.py:117} INFO - [2023-05-15T00:20:00.937+0000] {dag.py:3328} INFO - Setting next_dagrun for example_task_group to 2023-05-14T00:20:00.937030+00:00, run_after=2023-05-15T00:20:00.937030+00:00
[2023-05-15T00:20:00.955+0000] {processor.py:178} INFO - Processing /home/airflow/.local/lib/python3.7/site-packages/airflow/example_dags/example_task_group.py took 0.095 seconds
[2023-05-15T00:20:31.832+0000] {processor.py:156} INFO - Started process (PID=2996) to work on /home/airflow/.local/lib/python3.7/site-packages/airflow/example_dags/example_task_group.py
[2023-05-15T00:20:31.833+0000] {processor.py:758} INFO - Processing file /home/airflow/.local/lib/python3.7/site-packages/airflow/example_dags/example_task_group.py for tasks to queue
[2023-05-15T00:20:31.833+0000] {logging_mixin.py:117} INFO - [2023-05-15T00:20:31.833+0000] {dagbag.py:525} INFO - Filling up the DagBag from /home/airflow/.local/lib/python3.7/site-packages/airflow/example_dags/example_task_group.py
[2023-05-15T00:20:31.851+0000] {processor.py:768} INFO - DAG(s) dict_keys(['example_task_group']) retrieved from /home/airflow/.local/lib/python3.7/site-packages/airflow/example_dags/example_task_group.py
[2023-05-15T00:20:31.916+0000] {logging_mixin.py:117} INFO - [2023-05-15T00:20:31.916+0000] {dag.py:2573} INFO - Sync 1 DAGs
[2023-05-15T00:20:31.960+0000] {logging_mixin.py:117} INFO - [2023-05-15T00:20:31.960+0000] {dag.py:3328} INFO - Setting next_dagrun for example_task_group to 2023-05-14T00:20:31.960091+00:00, run_after=2023-05-15T00:20:31.960091+00:00
[2023-05-15T00:20:31.993+0000] {processor.py:178} INFO - Processing /home/airflow/.local/lib/python3.7/site-packages/airflow/example_dags/example_task_group.py took 0.164 seconds
[2023-05-15T00:21:02.207+0000] {processor.py:156} INFO - Started process (PID=3203) to work on /home/airflow/.local/lib/python3.7/site-packages/airflow/example_dags/example_task_group.py
[2023-05-15T00:21:02.208+0000] {processor.py:758} INFO - Processing file /home/airflow/.local/lib/python3.7/site-packages/airflow/example_dags/example_task_group.py for tasks to queue
[2023-05-15T00:21:02.209+0000] {logging_mixin.py:117} INFO - [2023-05-15T00:21:02.209+0000] {dagbag.py:525} INFO - Filling up the DagBag from /home/airflow/.local/lib/python3.7/site-packages/airflow/example_dags/example_task_group.py
[2023-05-15T00:21:02.225+0000] {processor.py:768} INFO - DAG(s) dict_keys(['example_task_group']) retrieved from /home/airflow/.local/lib/python3.7/site-packages/airflow/example_dags/example_task_group.py
[2023-05-15T00:21:02.264+0000] {logging_mixin.py:117} INFO - [2023-05-15T00:21:02.264+0000] {dag.py:2573} INFO - Sync 1 DAGs
[2023-05-15T00:21:02.292+0000] {logging_mixin.py:117} INFO - [2023-05-15T00:21:02.291+0000] {dag.py:3328} INFO - Setting next_dagrun for example_task_group to 2023-05-14T00:21:02.291714+00:00, run_after=2023-05-15T00:21:02.291714+00:00
[2023-05-15T00:21:02.313+0000] {processor.py:178} INFO - Processing /home/airflow/.local/lib/python3.7/site-packages/airflow/example_dags/example_task_group.py took 0.109 seconds
[2023-05-15T00:21:32.687+0000] {processor.py:156} INFO - Started process (PID=3411) to work on /home/airflow/.local/lib/python3.7/site-packages/airflow/example_dags/example_task_group.py
[2023-05-15T00:21:32.687+0000] {processor.py:758} INFO - Processing file /home/airflow/.local/lib/python3.7/site-packages/airflow/example_dags/example_task_group.py for tasks to queue
[2023-05-15T00:21:32.688+0000] {logging_mixin.py:117} INFO - [2023-05-15T00:21:32.688+0000] {dagbag.py:525} INFO - Filling up the DagBag from /home/airflow/.local/lib/python3.7/site-packages/airflow/example_dags/example_task_group.py
[2023-05-15T00:21:32.704+0000] {processor.py:768} INFO - DAG(s) dict_keys(['example_task_group']) retrieved from /home/airflow/.local/lib/python3.7/site-packages/airflow/example_dags/example_task_group.py
[2023-05-15T00:21:32.742+0000] {logging_mixin.py:117} INFO - [2023-05-15T00:21:32.742+0000] {dag.py:2573} INFO - Sync 1 DAGs
[2023-05-15T00:21:32.770+0000] {logging_mixin.py:117} INFO - [2023-05-15T00:21:32.770+0000] {dag.py:3328} INFO - Setting next_dagrun for example_task_group to 2023-05-14T00:21:32.770076+00:00, run_after=2023-05-15T00:21:32.770076+00:00
[2023-05-15T00:21:32.792+0000] {processor.py:178} INFO - Processing /home/airflow/.local/lib/python3.7/site-packages/airflow/example_dags/example_task_group.py took 0.109 seconds
[2023-05-15T00:22:03.238+0000] {processor.py:156} INFO - Started process (PID=3623) to work on /home/airflow/.local/lib/python3.7/site-packages/airflow/example_dags/example_task_group.py
[2023-05-15T00:22:03.239+0000] {processor.py:758} INFO - Processing file /home/airflow/.local/lib/python3.7/site-packages/airflow/example_dags/example_task_group.py for tasks to queue
[2023-05-15T00:22:03.240+0000] {logging_mixin.py:117} INFO - [2023-05-15T00:22:03.240+0000] {dagbag.py:525} INFO - Filling up the DagBag from /home/airflow/.local/lib/python3.7/site-packages/airflow/example_dags/example_task_group.py
[2023-05-15T00:22:03.256+0000] {processor.py:768} INFO - DAG(s) dict_keys(['example_task_group']) retrieved from /home/airflow/.local/lib/python3.7/site-packages/airflow/example_dags/example_task_group.py
[2023-05-15T00:22:03.293+0000] {logging_mixin.py:117} INFO - [2023-05-15T00:22:03.293+0000] {dag.py:2573} INFO - Sync 1 DAGs
[2023-05-15T00:22:03.317+0000] {logging_mixin.py:117} INFO - [2023-05-15T00:22:03.317+0000] {dag.py:3328} INFO - Setting next_dagrun for example_task_group to 2023-05-14T00:22:03.317187+00:00, run_after=2023-05-15T00:22:03.317187+00:00
[2023-05-15T00:22:03.335+0000] {processor.py:178} INFO - Processing /home/airflow/.local/lib/python3.7/site-packages/airflow/example_dags/example_task_group.py took 0.100 seconds
[2023-05-15T00:22:33.780+0000] {processor.py:156} INFO - Started process (PID=3835) to work on /home/airflow/.local/lib/python3.7/site-packages/airflow/example_dags/example_task_group.py
[2023-05-15T00:22:33.780+0000] {processor.py:758} INFO - Processing file /home/airflow/.local/lib/python3.7/site-packages/airflow/example_dags/example_task_group.py for tasks to queue
[2023-05-15T00:22:33.781+0000] {logging_mixin.py:117} INFO - [2023-05-15T00:22:33.781+0000] {dagbag.py:525} INFO - Filling up the DagBag from /home/airflow/.local/lib/python3.7/site-packages/airflow/example_dags/example_task_group.py
[2023-05-15T00:22:33.803+0000] {processor.py:768} INFO - DAG(s) dict_keys(['example_task_group']) retrieved from /home/airflow/.local/lib/python3.7/site-packages/airflow/example_dags/example_task_group.py
[2023-05-15T00:22:33.854+0000] {logging_mixin.py:117} INFO - [2023-05-15T00:22:33.854+0000] {dag.py:2573} INFO - Sync 1 DAGs
[2023-05-15T00:22:33.889+0000] {logging_mixin.py:117} INFO - [2023-05-15T00:22:33.889+0000] {dag.py:3328} INFO - Setting next_dagrun for example_task_group to 2023-05-14T00:22:33.889437+00:00, run_after=2023-05-15T00:22:33.889437+00:00
[2023-05-15T00:22:33.915+0000] {processor.py:178} INFO - Processing /home/airflow/.local/lib/python3.7/site-packages/airflow/example_dags/example_task_group.py took 0.139 seconds
[2023-05-15T00:23:04.537+0000] {processor.py:156} INFO - Started process (PID=4040) to work on /home/airflow/.local/lib/python3.7/site-packages/airflow/example_dags/example_task_group.py
[2023-05-15T00:23:04.538+0000] {processor.py:758} INFO - Processing file /home/airflow/.local/lib/python3.7/site-packages/airflow/example_dags/example_task_group.py for tasks to queue
[2023-05-15T00:23:04.539+0000] {logging_mixin.py:117} INFO - [2023-05-15T00:23:04.539+0000] {dagbag.py:525} INFO - Filling up the DagBag from /home/airflow/.local/lib/python3.7/site-packages/airflow/example_dags/example_task_group.py
[2023-05-15T00:23:04.555+0000] {processor.py:768} INFO - DAG(s) dict_keys(['example_task_group']) retrieved from /home/airflow/.local/lib/python3.7/site-packages/airflow/example_dags/example_task_group.py
[2023-05-15T00:23:04.591+0000] {logging_mixin.py:117} INFO - [2023-05-15T00:23:04.591+0000] {dag.py:2573} INFO - Sync 1 DAGs
[2023-05-15T00:23:04.614+0000] {logging_mixin.py:117} INFO - [2023-05-15T00:23:04.614+0000] {dag.py:3328} INFO - Setting next_dagrun for example_task_group to 2023-05-14T00:23:04.614325+00:00, run_after=2023-05-15T00:23:04.614325+00:00
[2023-05-15T00:23:04.635+0000] {processor.py:178} INFO - Processing /home/airflow/.local/lib/python3.7/site-packages/airflow/example_dags/example_task_group.py took 0.103 seconds
[2023-05-15T00:23:35.290+0000] {processor.py:156} INFO - Started process (PID=4250) to work on /home/airflow/.local/lib/python3.7/site-packages/airflow/example_dags/example_task_group.py
[2023-05-15T00:23:35.291+0000] {processor.py:758} INFO - Processing file /home/airflow/.local/lib/python3.7/site-packages/airflow/example_dags/example_task_group.py for tasks to queue
[2023-05-15T00:23:35.292+0000] {logging_mixin.py:117} INFO - [2023-05-15T00:23:35.291+0000] {dagbag.py:525} INFO - Filling up the DagBag from /home/airflow/.local/lib/python3.7/site-packages/airflow/example_dags/example_task_group.py
[2023-05-15T00:23:35.314+0000] {processor.py:768} INFO - DAG(s) dict_keys(['example_task_group']) retrieved from /home/airflow/.local/lib/python3.7/site-packages/airflow/example_dags/example_task_group.py
[2023-05-15T00:23:35.371+0000] {logging_mixin.py:117} INFO - [2023-05-15T00:23:35.371+0000] {dag.py:2573} INFO - Sync 1 DAGs
[2023-05-15T00:23:35.421+0000] {logging_mixin.py:117} INFO - [2023-05-15T00:23:35.421+0000] {dag.py:3328} INFO - Setting next_dagrun for example_task_group to 2023-05-14T00:23:35.421355+00:00, run_after=2023-05-15T00:23:35.421355+00:00
[2023-05-15T00:23:35.453+0000] {processor.py:178} INFO - Processing /home/airflow/.local/lib/python3.7/site-packages/airflow/example_dags/example_task_group.py took 0.167 seconds
[2023-05-15T00:24:05.762+0000] {processor.py:156} INFO - Started process (PID=4462) to work on /home/airflow/.local/lib/python3.7/site-packages/airflow/example_dags/example_task_group.py
[2023-05-15T00:24:05.764+0000] {processor.py:758} INFO - Processing file /home/airflow/.local/lib/python3.7/site-packages/airflow/example_dags/example_task_group.py for tasks to queue
[2023-05-15T00:24:05.765+0000] {logging_mixin.py:117} INFO - [2023-05-15T00:24:05.764+0000] {dagbag.py:525} INFO - Filling up the DagBag from /home/airflow/.local/lib/python3.7/site-packages/airflow/example_dags/example_task_group.py
[2023-05-15T00:24:05.793+0000] {processor.py:768} INFO - DAG(s) dict_keys(['example_task_group']) retrieved from /home/airflow/.local/lib/python3.7/site-packages/airflow/example_dags/example_task_group.py
[2023-05-15T00:24:05.865+0000] {logging_mixin.py:117} INFO - [2023-05-15T00:24:05.865+0000] {dag.py:2573} INFO - Sync 1 DAGs
[2023-05-15T00:24:05.908+0000] {logging_mixin.py:117} INFO - [2023-05-15T00:24:05.908+0000] {dag.py:3328} INFO - Setting next_dagrun for example_task_group to 2023-05-14T00:24:05.907874+00:00, run_after=2023-05-15T00:24:05.907874+00:00
[2023-05-15T00:24:05.943+0000] {processor.py:178} INFO - Processing /home/airflow/.local/lib/python3.7/site-packages/airflow/example_dags/example_task_group.py took 0.187 seconds
[2023-05-15T00:24:36.452+0000] {processor.py:156} INFO - Started process (PID=4667) to work on /home/airflow/.local/lib/python3.7/site-packages/airflow/example_dags/example_task_group.py
[2023-05-15T00:24:36.452+0000] {processor.py:758} INFO - Processing file /home/airflow/.local/lib/python3.7/site-packages/airflow/example_dags/example_task_group.py for tasks to queue
[2023-05-15T00:24:36.453+0000] {logging_mixin.py:117} INFO - [2023-05-15T00:24:36.452+0000] {dagbag.py:525} INFO - Filling up the DagBag from /home/airflow/.local/lib/python3.7/site-packages/airflow/example_dags/example_task_group.py
[2023-05-15T00:24:36.467+0000] {processor.py:768} INFO - DAG(s) dict_keys(['example_task_group']) retrieved from /home/airflow/.local/lib/python3.7/site-packages/airflow/example_dags/example_task_group.py
[2023-05-15T00:24:36.502+0000] {logging_mixin.py:117} INFO - [2023-05-15T00:24:36.501+0000] {dag.py:2573} INFO - Sync 1 DAGs
[2023-05-15T00:24:36.524+0000] {logging_mixin.py:117} INFO - [2023-05-15T00:24:36.524+0000] {dag.py:3328} INFO - Setting next_dagrun for example_task_group to 2023-05-14T00:24:36.524254+00:00, run_after=2023-05-15T00:24:36.524254+00:00
[2023-05-15T00:24:36.543+0000] {processor.py:178} INFO - Processing /home/airflow/.local/lib/python3.7/site-packages/airflow/example_dags/example_task_group.py took 0.094 seconds
[2023-05-15T00:34:04.956+0000] {processor.py:156} INFO - Started process (PID=294) to work on /home/airflow/.local/lib/python3.7/site-packages/airflow/example_dags/example_task_group.py
[2023-05-15T00:34:04.957+0000] {processor.py:758} INFO - Processing file /home/airflow/.local/lib/python3.7/site-packages/airflow/example_dags/example_task_group.py for tasks to queue
[2023-05-15T00:34:04.958+0000] {logging_mixin.py:117} INFO - [2023-05-15T00:34:04.958+0000] {dagbag.py:525} INFO - Filling up the DagBag from /home/airflow/.local/lib/python3.7/site-packages/airflow/example_dags/example_task_group.py
[2023-05-15T00:34:04.983+0000] {processor.py:768} INFO - DAG(s) dict_keys(['example_task_group']) retrieved from /home/airflow/.local/lib/python3.7/site-packages/airflow/example_dags/example_task_group.py
[2023-05-15T00:34:05.030+0000] {logging_mixin.py:117} INFO - [2023-05-15T00:34:05.030+0000] {dag.py:2573} INFO - Sync 1 DAGs
[2023-05-15T00:34:05.058+0000] {logging_mixin.py:117} INFO - [2023-05-15T00:34:05.058+0000] {dag.py:3328} INFO - Setting next_dagrun for example_task_group to 2023-05-14T00:34:05.058282+00:00, run_after=2023-05-15T00:34:05.058282+00:00
[2023-05-15T00:34:05.077+0000] {processor.py:178} INFO - Processing /home/airflow/.local/lib/python3.7/site-packages/airflow/example_dags/example_task_group.py took 0.125 seconds
[2023-05-15T00:34:36.896+0000] {processor.py:156} INFO - Started process (PID=496) to work on /home/airflow/.local/lib/python3.7/site-packages/airflow/example_dags/example_task_group.py
[2023-05-15T00:34:36.899+0000] {processor.py:758} INFO - Processing file /home/airflow/.local/lib/python3.7/site-packages/airflow/example_dags/example_task_group.py for tasks to queue
[2023-05-15T00:34:36.900+0000] {logging_mixin.py:117} INFO - [2023-05-15T00:34:36.900+0000] {dagbag.py:525} INFO - Filling up the DagBag from /home/airflow/.local/lib/python3.7/site-packages/airflow/example_dags/example_task_group.py
[2023-05-15T00:34:36.960+0000] {processor.py:768} INFO - DAG(s) dict_keys(['example_task_group']) retrieved from /home/airflow/.local/lib/python3.7/site-packages/airflow/example_dags/example_task_group.py
[2023-05-15T00:34:37.016+0000] {logging_mixin.py:117} INFO - [2023-05-15T00:34:37.016+0000] {dag.py:2573} INFO - Sync 1 DAGs
[2023-05-15T00:34:37.063+0000] {logging_mixin.py:117} INFO - [2023-05-15T00:34:37.063+0000] {dag.py:3328} INFO - Setting next_dagrun for example_task_group to 2023-05-14T00:34:37.063017+00:00, run_after=2023-05-15T00:34:37.063017+00:00
[2023-05-15T00:34:37.094+0000] {processor.py:178} INFO - Processing /home/airflow/.local/lib/python3.7/site-packages/airflow/example_dags/example_task_group.py took 0.214 seconds
