[2023-05-15T00:13:46.464+0000] {processor.py:156} INFO - Started process (PID=190) to work on /home/airflow/.local/lib/python3.7/site-packages/airflow/example_dags/example_short_circuit_decorator.py
[2023-05-15T00:13:46.465+0000] {processor.py:758} INFO - Processing file /home/airflow/.local/lib/python3.7/site-packages/airflow/example_dags/example_short_circuit_decorator.py for tasks to queue
[2023-05-15T00:13:46.467+0000] {logging_mixin.py:117} INFO - [2023-05-15T00:13:46.466+0000] {dagbag.py:525} INFO - Filling up the DagBag from /home/airflow/.local/lib/python3.7/site-packages/airflow/example_dags/example_short_circuit_decorator.py
[2023-05-15T00:13:46.506+0000] {processor.py:768} INFO - DAG(s) dict_keys(['example_short_circuit_decorator']) retrieved from /home/airflow/.local/lib/python3.7/site-packages/airflow/example_dags/example_short_circuit_decorator.py
[2023-05-15T00:13:46.542+0000] {logging_mixin.py:117} INFO - [2023-05-15T00:13:46.542+0000] {dag.py:2573} INFO - Sync 1 DAGs
[2023-05-15T00:13:46.578+0000] {logging_mixin.py:117} INFO - [2023-05-15T00:13:46.578+0000] {dag.py:3328} INFO - Setting next_dagrun for example_short_circuit_decorator to 2023-05-14T00:13:46.577997+00:00, run_after=2023-05-15T00:13:46.577997+00:00
[2023-05-15T00:13:46.604+0000] {processor.py:178} INFO - Processing /home/airflow/.local/lib/python3.7/site-packages/airflow/example_dags/example_short_circuit_decorator.py took 0.145 seconds
[2023-05-15T00:14:17.049+0000] {processor.py:156} INFO - Started process (PID=391) to work on /home/airflow/.local/lib/python3.7/site-packages/airflow/example_dags/example_short_circuit_decorator.py
[2023-05-15T00:14:17.051+0000] {processor.py:758} INFO - Processing file /home/airflow/.local/lib/python3.7/site-packages/airflow/example_dags/example_short_circuit_decorator.py for tasks to queue
[2023-05-15T00:14:17.052+0000] {logging_mixin.py:117} INFO - [2023-05-15T00:14:17.052+0000] {dagbag.py:525} INFO - Filling up the DagBag from /home/airflow/.local/lib/python3.7/site-packages/airflow/example_dags/example_short_circuit_decorator.py
[2023-05-15T00:14:17.151+0000] {processor.py:768} INFO - DAG(s) dict_keys(['example_short_circuit_decorator']) retrieved from /home/airflow/.local/lib/python3.7/site-packages/airflow/example_dags/example_short_circuit_decorator.py
[2023-05-15T00:14:17.264+0000] {logging_mixin.py:117} INFO - [2023-05-15T00:14:17.263+0000] {dag.py:2573} INFO - Sync 1 DAGs
[2023-05-15T00:14:17.326+0000] {logging_mixin.py:117} INFO - [2023-05-15T00:14:17.326+0000] {dag.py:3328} INFO - Setting next_dagrun for example_short_circuit_decorator to 2023-05-14T00:14:17.325659+00:00, run_after=2023-05-15T00:14:17.325659+00:00
[2023-05-15T00:14:17.371+0000] {processor.py:178} INFO - Processing /home/airflow/.local/lib/python3.7/site-packages/airflow/example_dags/example_short_circuit_decorator.py took 0.333 seconds
[2023-05-15T00:14:47.570+0000] {processor.py:156} INFO - Started process (PID=602) to work on /home/airflow/.local/lib/python3.7/site-packages/airflow/example_dags/example_short_circuit_decorator.py
[2023-05-15T00:14:47.572+0000] {processor.py:758} INFO - Processing file /home/airflow/.local/lib/python3.7/site-packages/airflow/example_dags/example_short_circuit_decorator.py for tasks to queue
[2023-05-15T00:14:47.579+0000] {logging_mixin.py:117} INFO - [2023-05-15T00:14:47.573+0000] {dagbag.py:525} INFO - Filling up the DagBag from /home/airflow/.local/lib/python3.7/site-packages/airflow/example_dags/example_short_circuit_decorator.py
[2023-05-15T00:14:47.688+0000] {processor.py:768} INFO - DAG(s) dict_keys(['example_short_circuit_decorator']) retrieved from /home/airflow/.local/lib/python3.7/site-packages/airflow/example_dags/example_short_circuit_decorator.py
[2023-05-15T00:14:47.768+0000] {logging_mixin.py:117} INFO - [2023-05-15T00:14:47.768+0000] {dag.py:2573} INFO - Sync 1 DAGs
[2023-05-15T00:14:48.080+0000] {logging_mixin.py:117} INFO - [2023-05-15T00:14:48.080+0000] {dag.py:3328} INFO - Setting next_dagrun for example_short_circuit_decorator to 2023-05-14T00:14:48.079965+00:00, run_after=2023-05-15T00:14:48.079965+00:00
[2023-05-15T00:14:48.133+0000] {processor.py:178} INFO - Processing /home/airflow/.local/lib/python3.7/site-packages/airflow/example_dags/example_short_circuit_decorator.py took 0.568 seconds
[2023-05-15T00:15:18.688+0000] {processor.py:156} INFO - Started process (PID=805) to work on /home/airflow/.local/lib/python3.7/site-packages/airflow/example_dags/example_short_circuit_decorator.py
[2023-05-15T00:15:18.700+0000] {processor.py:758} INFO - Processing file /home/airflow/.local/lib/python3.7/site-packages/airflow/example_dags/example_short_circuit_decorator.py for tasks to queue
[2023-05-15T00:15:18.702+0000] {logging_mixin.py:117} INFO - [2023-05-15T00:15:18.702+0000] {dagbag.py:525} INFO - Filling up the DagBag from /home/airflow/.local/lib/python3.7/site-packages/airflow/example_dags/example_short_circuit_decorator.py
[2023-05-15T00:15:18.772+0000] {processor.py:768} INFO - DAG(s) dict_keys(['example_short_circuit_decorator']) retrieved from /home/airflow/.local/lib/python3.7/site-packages/airflow/example_dags/example_short_circuit_decorator.py
[2023-05-15T00:15:18.863+0000] {logging_mixin.py:117} INFO - [2023-05-15T00:15:18.862+0000] {dag.py:2573} INFO - Sync 1 DAGs
[2023-05-15T00:15:19.089+0000] {logging_mixin.py:117} INFO - [2023-05-15T00:15:19.088+0000] {dag.py:3328} INFO - Setting next_dagrun for example_short_circuit_decorator to 2023-05-14T00:15:19.088805+00:00, run_after=2023-05-15T00:15:19.088805+00:00
[2023-05-15T00:15:19.121+0000] {processor.py:178} INFO - Processing /home/airflow/.local/lib/python3.7/site-packages/airflow/example_dags/example_short_circuit_decorator.py took 0.443 seconds
[2023-05-15T00:15:49.359+0000] {processor.py:156} INFO - Started process (PID=1016) to work on /home/airflow/.local/lib/python3.7/site-packages/airflow/example_dags/example_short_circuit_decorator.py
[2023-05-15T00:15:49.364+0000] {processor.py:758} INFO - Processing file /home/airflow/.local/lib/python3.7/site-packages/airflow/example_dags/example_short_circuit_decorator.py for tasks to queue
[2023-05-15T00:15:49.366+0000] {logging_mixin.py:117} INFO - [2023-05-15T00:15:49.365+0000] {dagbag.py:525} INFO - Filling up the DagBag from /home/airflow/.local/lib/python3.7/site-packages/airflow/example_dags/example_short_circuit_decorator.py
[2023-05-15T00:15:49.413+0000] {processor.py:768} INFO - DAG(s) dict_keys(['example_short_circuit_decorator']) retrieved from /home/airflow/.local/lib/python3.7/site-packages/airflow/example_dags/example_short_circuit_decorator.py
[2023-05-15T00:15:49.790+0000] {logging_mixin.py:117} INFO - [2023-05-15T00:15:49.790+0000] {dag.py:2573} INFO - Sync 1 DAGs
[2023-05-15T00:15:49.854+0000] {logging_mixin.py:117} INFO - [2023-05-15T00:15:49.854+0000] {dag.py:3328} INFO - Setting next_dagrun for example_short_circuit_decorator to 2023-05-14T00:15:49.853886+00:00, run_after=2023-05-15T00:15:49.853886+00:00
[2023-05-15T00:15:49.890+0000] {processor.py:178} INFO - Processing /home/airflow/.local/lib/python3.7/site-packages/airflow/example_dags/example_short_circuit_decorator.py took 0.537 seconds
[2023-05-15T00:16:20.513+0000] {processor.py:156} INFO - Started process (PID=1218) to work on /home/airflow/.local/lib/python3.7/site-packages/airflow/example_dags/example_short_circuit_decorator.py
[2023-05-15T00:16:20.514+0000] {processor.py:758} INFO - Processing file /home/airflow/.local/lib/python3.7/site-packages/airflow/example_dags/example_short_circuit_decorator.py for tasks to queue
[2023-05-15T00:16:20.515+0000] {logging_mixin.py:117} INFO - [2023-05-15T00:16:20.514+0000] {dagbag.py:525} INFO - Filling up the DagBag from /home/airflow/.local/lib/python3.7/site-packages/airflow/example_dags/example_short_circuit_decorator.py
[2023-05-15T00:16:20.537+0000] {processor.py:768} INFO - DAG(s) dict_keys(['example_short_circuit_decorator']) retrieved from /home/airflow/.local/lib/python3.7/site-packages/airflow/example_dags/example_short_circuit_decorator.py
[2023-05-15T00:16:20.722+0000] {logging_mixin.py:117} INFO - [2023-05-15T00:16:20.721+0000] {dag.py:2573} INFO - Sync 1 DAGs
[2023-05-15T00:16:20.748+0000] {logging_mixin.py:117} INFO - [2023-05-15T00:16:20.748+0000] {dag.py:3328} INFO - Setting next_dagrun for example_short_circuit_decorator to 2023-05-14T00:16:20.748494+00:00, run_after=2023-05-15T00:16:20.748494+00:00
[2023-05-15T00:16:20.774+0000] {processor.py:178} INFO - Processing /home/airflow/.local/lib/python3.7/site-packages/airflow/example_dags/example_short_circuit_decorator.py took 0.263 seconds
[2023-05-15T00:16:51.032+0000] {processor.py:156} INFO - Started process (PID=1430) to work on /home/airflow/.local/lib/python3.7/site-packages/airflow/example_dags/example_short_circuit_decorator.py
[2023-05-15T00:16:51.033+0000] {processor.py:758} INFO - Processing file /home/airflow/.local/lib/python3.7/site-packages/airflow/example_dags/example_short_circuit_decorator.py for tasks to queue
[2023-05-15T00:16:51.034+0000] {logging_mixin.py:117} INFO - [2023-05-15T00:16:51.034+0000] {dagbag.py:525} INFO - Filling up the DagBag from /home/airflow/.local/lib/python3.7/site-packages/airflow/example_dags/example_short_circuit_decorator.py
[2023-05-15T00:16:51.268+0000] {processor.py:768} INFO - DAG(s) dict_keys(['example_short_circuit_decorator']) retrieved from /home/airflow/.local/lib/python3.7/site-packages/airflow/example_dags/example_short_circuit_decorator.py
[2023-05-15T00:16:51.306+0000] {logging_mixin.py:117} INFO - [2023-05-15T00:16:51.306+0000] {dag.py:2573} INFO - Sync 1 DAGs
[2023-05-15T00:16:51.349+0000] {logging_mixin.py:117} INFO - [2023-05-15T00:16:51.349+0000] {dag.py:3328} INFO - Setting next_dagrun for example_short_circuit_decorator to 2023-05-14T00:16:51.349223+00:00, run_after=2023-05-15T00:16:51.349223+00:00
[2023-05-15T00:16:51.374+0000] {processor.py:178} INFO - Processing /home/airflow/.local/lib/python3.7/site-packages/airflow/example_dags/example_short_circuit_decorator.py took 0.349 seconds
[2023-05-15T00:17:21.672+0000] {processor.py:156} INFO - Started process (PID=1634) to work on /home/airflow/.local/lib/python3.7/site-packages/airflow/example_dags/example_short_circuit_decorator.py
[2023-05-15T00:17:21.674+0000] {processor.py:758} INFO - Processing file /home/airflow/.local/lib/python3.7/site-packages/airflow/example_dags/example_short_circuit_decorator.py for tasks to queue
[2023-05-15T00:17:21.676+0000] {logging_mixin.py:117} INFO - [2023-05-15T00:17:21.676+0000] {dagbag.py:525} INFO - Filling up the DagBag from /home/airflow/.local/lib/python3.7/site-packages/airflow/example_dags/example_short_circuit_decorator.py
[2023-05-15T00:17:21.978+0000] {processor.py:768} INFO - DAG(s) dict_keys(['example_short_circuit_decorator']) retrieved from /home/airflow/.local/lib/python3.7/site-packages/airflow/example_dags/example_short_circuit_decorator.py
[2023-05-15T00:17:22.011+0000] {logging_mixin.py:117} INFO - [2023-05-15T00:17:22.011+0000] {dag.py:2573} INFO - Sync 1 DAGs
[2023-05-15T00:17:22.040+0000] {logging_mixin.py:117} INFO - [2023-05-15T00:17:22.040+0000] {dag.py:3328} INFO - Setting next_dagrun for example_short_circuit_decorator to 2023-05-14T00:17:22.040032+00:00, run_after=2023-05-15T00:17:22.040032+00:00
[2023-05-15T00:17:22.063+0000] {processor.py:178} INFO - Processing /home/airflow/.local/lib/python3.7/site-packages/airflow/example_dags/example_short_circuit_decorator.py took 0.405 seconds
[2023-05-15T00:17:52.164+0000] {processor.py:156} INFO - Started process (PID=1846) to work on /home/airflow/.local/lib/python3.7/site-packages/airflow/example_dags/example_short_circuit_decorator.py
[2023-05-15T00:17:52.165+0000] {processor.py:758} INFO - Processing file /home/airflow/.local/lib/python3.7/site-packages/airflow/example_dags/example_short_circuit_decorator.py for tasks to queue
[2023-05-15T00:17:52.166+0000] {logging_mixin.py:117} INFO - [2023-05-15T00:17:52.166+0000] {dagbag.py:525} INFO - Filling up the DagBag from /home/airflow/.local/lib/python3.7/site-packages/airflow/example_dags/example_short_circuit_decorator.py
[2023-05-15T00:17:52.237+0000] {processor.py:768} INFO - DAG(s) dict_keys(['example_short_circuit_decorator']) retrieved from /home/airflow/.local/lib/python3.7/site-packages/airflow/example_dags/example_short_circuit_decorator.py
[2023-05-15T00:17:52.329+0000] {logging_mixin.py:117} INFO - [2023-05-15T00:17:52.328+0000] {dag.py:2573} INFO - Sync 1 DAGs
[2023-05-15T00:17:52.371+0000] {logging_mixin.py:117} INFO - [2023-05-15T00:17:52.371+0000] {dag.py:3328} INFO - Setting next_dagrun for example_short_circuit_decorator to 2023-05-14T00:17:52.371085+00:00, run_after=2023-05-15T00:17:52.371085+00:00
[2023-05-15T00:17:52.405+0000] {processor.py:178} INFO - Processing /home/airflow/.local/lib/python3.7/site-packages/airflow/example_dags/example_short_circuit_decorator.py took 0.247 seconds
[2023-05-15T00:18:22.519+0000] {processor.py:156} INFO - Started process (PID=2057) to work on /home/airflow/.local/lib/python3.7/site-packages/airflow/example_dags/example_short_circuit_decorator.py
[2023-05-15T00:18:22.521+0000] {processor.py:758} INFO - Processing file /home/airflow/.local/lib/python3.7/site-packages/airflow/example_dags/example_short_circuit_decorator.py for tasks to queue
[2023-05-15T00:18:22.522+0000] {logging_mixin.py:117} INFO - [2023-05-15T00:18:22.522+0000] {dagbag.py:525} INFO - Filling up the DagBag from /home/airflow/.local/lib/python3.7/site-packages/airflow/example_dags/example_short_circuit_decorator.py
[2023-05-15T00:18:22.567+0000] {processor.py:768} INFO - DAG(s) dict_keys(['example_short_circuit_decorator']) retrieved from /home/airflow/.local/lib/python3.7/site-packages/airflow/example_dags/example_short_circuit_decorator.py
[2023-05-15T00:18:22.614+0000] {logging_mixin.py:117} INFO - [2023-05-15T00:18:22.614+0000] {dag.py:2573} INFO - Sync 1 DAGs
[2023-05-15T00:18:22.640+0000] {logging_mixin.py:117} INFO - [2023-05-15T00:18:22.640+0000] {dag.py:3328} INFO - Setting next_dagrun for example_short_circuit_decorator to 2023-05-14T00:18:22.639875+00:00, run_after=2023-05-15T00:18:22.639875+00:00
[2023-05-15T00:18:22.665+0000] {processor.py:178} INFO - Processing /home/airflow/.local/lib/python3.7/site-packages/airflow/example_dags/example_short_circuit_decorator.py took 0.154 seconds
[2023-05-15T00:18:53.188+0000] {processor.py:156} INFO - Started process (PID=2260) to work on /home/airflow/.local/lib/python3.7/site-packages/airflow/example_dags/example_short_circuit_decorator.py
[2023-05-15T00:18:53.189+0000] {processor.py:758} INFO - Processing file /home/airflow/.local/lib/python3.7/site-packages/airflow/example_dags/example_short_circuit_decorator.py for tasks to queue
[2023-05-15T00:18:53.190+0000] {logging_mixin.py:117} INFO - [2023-05-15T00:18:53.190+0000] {dagbag.py:525} INFO - Filling up the DagBag from /home/airflow/.local/lib/python3.7/site-packages/airflow/example_dags/example_short_circuit_decorator.py
[2023-05-15T00:18:53.218+0000] {processor.py:768} INFO - DAG(s) dict_keys(['example_short_circuit_decorator']) retrieved from /home/airflow/.local/lib/python3.7/site-packages/airflow/example_dags/example_short_circuit_decorator.py
[2023-05-15T00:18:53.270+0000] {logging_mixin.py:117} INFO - [2023-05-15T00:18:53.270+0000] {dag.py:2573} INFO - Sync 1 DAGs
[2023-05-15T00:18:53.295+0000] {logging_mixin.py:117} INFO - [2023-05-15T00:18:53.295+0000] {dag.py:3328} INFO - Setting next_dagrun for example_short_circuit_decorator to 2023-05-14T00:18:53.295336+00:00, run_after=2023-05-15T00:18:53.295336+00:00
[2023-05-15T00:18:53.315+0000] {processor.py:178} INFO - Processing /home/airflow/.local/lib/python3.7/site-packages/airflow/example_dags/example_short_circuit_decorator.py took 0.132 seconds
[2023-05-15T00:19:23.435+0000] {processor.py:156} INFO - Started process (PID=2470) to work on /home/airflow/.local/lib/python3.7/site-packages/airflow/example_dags/example_short_circuit_decorator.py
[2023-05-15T00:19:23.436+0000] {processor.py:758} INFO - Processing file /home/airflow/.local/lib/python3.7/site-packages/airflow/example_dags/example_short_circuit_decorator.py for tasks to queue
[2023-05-15T00:19:23.437+0000] {logging_mixin.py:117} INFO - [2023-05-15T00:19:23.437+0000] {dagbag.py:525} INFO - Filling up the DagBag from /home/airflow/.local/lib/python3.7/site-packages/airflow/example_dags/example_short_circuit_decorator.py
[2023-05-15T00:19:23.461+0000] {processor.py:768} INFO - DAG(s) dict_keys(['example_short_circuit_decorator']) retrieved from /home/airflow/.local/lib/python3.7/site-packages/airflow/example_dags/example_short_circuit_decorator.py
[2023-05-15T00:19:23.510+0000] {logging_mixin.py:117} INFO - [2023-05-15T00:19:23.510+0000] {dag.py:2573} INFO - Sync 1 DAGs
[2023-05-15T00:19:23.541+0000] {logging_mixin.py:117} INFO - [2023-05-15T00:19:23.541+0000] {dag.py:3328} INFO - Setting next_dagrun for example_short_circuit_decorator to 2023-05-14T00:19:23.541480+00:00, run_after=2023-05-15T00:19:23.541480+00:00
[2023-05-15T00:19:23.562+0000] {processor.py:178} INFO - Processing /home/airflow/.local/lib/python3.7/site-packages/airflow/example_dags/example_short_circuit_decorator.py took 0.131 seconds
[2023-05-15T00:19:53.763+0000] {processor.py:156} INFO - Started process (PID=2683) to work on /home/airflow/.local/lib/python3.7/site-packages/airflow/example_dags/example_short_circuit_decorator.py
[2023-05-15T00:19:53.764+0000] {processor.py:758} INFO - Processing file /home/airflow/.local/lib/python3.7/site-packages/airflow/example_dags/example_short_circuit_decorator.py for tasks to queue
[2023-05-15T00:19:53.765+0000] {logging_mixin.py:117} INFO - [2023-05-15T00:19:53.764+0000] {dagbag.py:525} INFO - Filling up the DagBag from /home/airflow/.local/lib/python3.7/site-packages/airflow/example_dags/example_short_circuit_decorator.py
[2023-05-15T00:19:53.799+0000] {processor.py:768} INFO - DAG(s) dict_keys(['example_short_circuit_decorator']) retrieved from /home/airflow/.local/lib/python3.7/site-packages/airflow/example_dags/example_short_circuit_decorator.py
[2023-05-15T00:19:53.876+0000] {logging_mixin.py:117} INFO - [2023-05-15T00:19:53.876+0000] {dag.py:2573} INFO - Sync 1 DAGs
[2023-05-15T00:19:53.913+0000] {logging_mixin.py:117} INFO - [2023-05-15T00:19:53.913+0000] {dag.py:3328} INFO - Setting next_dagrun for example_short_circuit_decorator to 2023-05-14T00:19:53.913231+00:00, run_after=2023-05-15T00:19:53.913231+00:00
[2023-05-15T00:19:53.938+0000] {processor.py:178} INFO - Processing /home/airflow/.local/lib/python3.7/site-packages/airflow/example_dags/example_short_circuit_decorator.py took 0.178 seconds
[2023-05-15T00:20:24.461+0000] {processor.py:156} INFO - Started process (PID=2884) to work on /home/airflow/.local/lib/python3.7/site-packages/airflow/example_dags/example_short_circuit_decorator.py
[2023-05-15T00:20:24.462+0000] {processor.py:758} INFO - Processing file /home/airflow/.local/lib/python3.7/site-packages/airflow/example_dags/example_short_circuit_decorator.py for tasks to queue
[2023-05-15T00:20:24.462+0000] {logging_mixin.py:117} INFO - [2023-05-15T00:20:24.462+0000] {dagbag.py:525} INFO - Filling up the DagBag from /home/airflow/.local/lib/python3.7/site-packages/airflow/example_dags/example_short_circuit_decorator.py
[2023-05-15T00:20:24.500+0000] {processor.py:768} INFO - DAG(s) dict_keys(['example_short_circuit_decorator']) retrieved from /home/airflow/.local/lib/python3.7/site-packages/airflow/example_dags/example_short_circuit_decorator.py
[2023-05-15T00:20:24.549+0000] {logging_mixin.py:117} INFO - [2023-05-15T00:20:24.549+0000] {dag.py:2573} INFO - Sync 1 DAGs
[2023-05-15T00:20:24.573+0000] {logging_mixin.py:117} INFO - [2023-05-15T00:20:24.573+0000] {dag.py:3328} INFO - Setting next_dagrun for example_short_circuit_decorator to 2023-05-14T00:20:24.573027+00:00, run_after=2023-05-15T00:20:24.573027+00:00
[2023-05-15T00:20:24.596+0000] {processor.py:178} INFO - Processing /home/airflow/.local/lib/python3.7/site-packages/airflow/example_dags/example_short_circuit_decorator.py took 0.142 seconds
[2023-05-15T00:20:55.439+0000] {processor.py:156} INFO - Started process (PID=3096) to work on /home/airflow/.local/lib/python3.7/site-packages/airflow/example_dags/example_short_circuit_decorator.py
[2023-05-15T00:20:55.440+0000] {processor.py:758} INFO - Processing file /home/airflow/.local/lib/python3.7/site-packages/airflow/example_dags/example_short_circuit_decorator.py for tasks to queue
[2023-05-15T00:20:55.441+0000] {logging_mixin.py:117} INFO - [2023-05-15T00:20:55.441+0000] {dagbag.py:525} INFO - Filling up the DagBag from /home/airflow/.local/lib/python3.7/site-packages/airflow/example_dags/example_short_circuit_decorator.py
[2023-05-15T00:20:55.476+0000] {processor.py:768} INFO - DAG(s) dict_keys(['example_short_circuit_decorator']) retrieved from /home/airflow/.local/lib/python3.7/site-packages/airflow/example_dags/example_short_circuit_decorator.py
[2023-05-15T00:20:55.530+0000] {logging_mixin.py:117} INFO - [2023-05-15T00:20:55.529+0000] {dag.py:2573} INFO - Sync 1 DAGs
[2023-05-15T00:20:55.564+0000] {logging_mixin.py:117} INFO - [2023-05-15T00:20:55.564+0000] {dag.py:3328} INFO - Setting next_dagrun for example_short_circuit_decorator to 2023-05-14T00:20:55.564221+00:00, run_after=2023-05-15T00:20:55.564221+00:00
[2023-05-15T00:20:55.587+0000] {processor.py:178} INFO - Processing /home/airflow/.local/lib/python3.7/site-packages/airflow/example_dags/example_short_circuit_decorator.py took 0.153 seconds
[2023-05-15T00:21:25.824+0000] {processor.py:156} INFO - Started process (PID=3309) to work on /home/airflow/.local/lib/python3.7/site-packages/airflow/example_dags/example_short_circuit_decorator.py
[2023-05-15T00:21:25.825+0000] {processor.py:758} INFO - Processing file /home/airflow/.local/lib/python3.7/site-packages/airflow/example_dags/example_short_circuit_decorator.py for tasks to queue
[2023-05-15T00:21:25.826+0000] {logging_mixin.py:117} INFO - [2023-05-15T00:21:25.826+0000] {dagbag.py:525} INFO - Filling up the DagBag from /home/airflow/.local/lib/python3.7/site-packages/airflow/example_dags/example_short_circuit_decorator.py
[2023-05-15T00:21:25.862+0000] {processor.py:768} INFO - DAG(s) dict_keys(['example_short_circuit_decorator']) retrieved from /home/airflow/.local/lib/python3.7/site-packages/airflow/example_dags/example_short_circuit_decorator.py
[2023-05-15T00:21:25.920+0000] {logging_mixin.py:117} INFO - [2023-05-15T00:21:25.919+0000] {dag.py:2573} INFO - Sync 1 DAGs
[2023-05-15T00:21:25.958+0000] {logging_mixin.py:117} INFO - [2023-05-15T00:21:25.957+0000] {dag.py:3328} INFO - Setting next_dagrun for example_short_circuit_decorator to 2023-05-14T00:21:25.957384+00:00, run_after=2023-05-15T00:21:25.957384+00:00
[2023-05-15T00:21:25.986+0000] {processor.py:178} INFO - Processing /home/airflow/.local/lib/python3.7/site-packages/airflow/example_dags/example_short_circuit_decorator.py took 0.165 seconds
[2023-05-15T00:21:56.288+0000] {processor.py:156} INFO - Started process (PID=3512) to work on /home/airflow/.local/lib/python3.7/site-packages/airflow/example_dags/example_short_circuit_decorator.py
[2023-05-15T00:21:56.289+0000] {processor.py:758} INFO - Processing file /home/airflow/.local/lib/python3.7/site-packages/airflow/example_dags/example_short_circuit_decorator.py for tasks to queue
[2023-05-15T00:21:56.290+0000] {logging_mixin.py:117} INFO - [2023-05-15T00:21:56.290+0000] {dagbag.py:525} INFO - Filling up the DagBag from /home/airflow/.local/lib/python3.7/site-packages/airflow/example_dags/example_short_circuit_decorator.py
[2023-05-15T00:21:56.322+0000] {processor.py:768} INFO - DAG(s) dict_keys(['example_short_circuit_decorator']) retrieved from /home/airflow/.local/lib/python3.7/site-packages/airflow/example_dags/example_short_circuit_decorator.py
[2023-05-15T00:21:56.368+0000] {logging_mixin.py:117} INFO - [2023-05-15T00:21:56.368+0000] {dag.py:2573} INFO - Sync 1 DAGs
[2023-05-15T00:21:56.395+0000] {logging_mixin.py:117} INFO - [2023-05-15T00:21:56.395+0000] {dag.py:3328} INFO - Setting next_dagrun for example_short_circuit_decorator to 2023-05-14T00:21:56.394842+00:00, run_after=2023-05-15T00:21:56.394842+00:00
[2023-05-15T00:21:56.419+0000] {processor.py:178} INFO - Processing /home/airflow/.local/lib/python3.7/site-packages/airflow/example_dags/example_short_circuit_decorator.py took 0.137 seconds
[2023-05-15T00:22:26.713+0000] {processor.py:156} INFO - Started process (PID=3725) to work on /home/airflow/.local/lib/python3.7/site-packages/airflow/example_dags/example_short_circuit_decorator.py
[2023-05-15T00:22:26.714+0000] {processor.py:758} INFO - Processing file /home/airflow/.local/lib/python3.7/site-packages/airflow/example_dags/example_short_circuit_decorator.py for tasks to queue
[2023-05-15T00:22:26.715+0000] {logging_mixin.py:117} INFO - [2023-05-15T00:22:26.715+0000] {dagbag.py:525} INFO - Filling up the DagBag from /home/airflow/.local/lib/python3.7/site-packages/airflow/example_dags/example_short_circuit_decorator.py
[2023-05-15T00:22:26.748+0000] {processor.py:768} INFO - DAG(s) dict_keys(['example_short_circuit_decorator']) retrieved from /home/airflow/.local/lib/python3.7/site-packages/airflow/example_dags/example_short_circuit_decorator.py
[2023-05-15T00:22:26.794+0000] {logging_mixin.py:117} INFO - [2023-05-15T00:22:26.793+0000] {dag.py:2573} INFO - Sync 1 DAGs
[2023-05-15T00:22:26.828+0000] {logging_mixin.py:117} INFO - [2023-05-15T00:22:26.828+0000] {dag.py:3328} INFO - Setting next_dagrun for example_short_circuit_decorator to 2023-05-14T00:22:26.828150+00:00, run_after=2023-05-15T00:22:26.828150+00:00
[2023-05-15T00:22:26.850+0000] {processor.py:178} INFO - Processing /home/airflow/.local/lib/python3.7/site-packages/airflow/example_dags/example_short_circuit_decorator.py took 0.145 seconds
[2023-05-15T00:22:57.624+0000] {processor.py:156} INFO - Started process (PID=3938) to work on /home/airflow/.local/lib/python3.7/site-packages/airflow/example_dags/example_short_circuit_decorator.py
[2023-05-15T00:22:57.624+0000] {processor.py:758} INFO - Processing file /home/airflow/.local/lib/python3.7/site-packages/airflow/example_dags/example_short_circuit_decorator.py for tasks to queue
[2023-05-15T00:22:57.625+0000] {logging_mixin.py:117} INFO - [2023-05-15T00:22:57.625+0000] {dagbag.py:525} INFO - Filling up the DagBag from /home/airflow/.local/lib/python3.7/site-packages/airflow/example_dags/example_short_circuit_decorator.py
[2023-05-15T00:22:57.665+0000] {processor.py:768} INFO - DAG(s) dict_keys(['example_short_circuit_decorator']) retrieved from /home/airflow/.local/lib/python3.7/site-packages/airflow/example_dags/example_short_circuit_decorator.py
[2023-05-15T00:22:57.729+0000] {logging_mixin.py:117} INFO - [2023-05-15T00:22:57.729+0000] {dag.py:2573} INFO - Sync 1 DAGs
[2023-05-15T00:22:57.775+0000] {logging_mixin.py:117} INFO - [2023-05-15T00:22:57.775+0000] {dag.py:3328} INFO - Setting next_dagrun for example_short_circuit_decorator to 2023-05-14T00:22:57.775308+00:00, run_after=2023-05-15T00:22:57.775308+00:00
[2023-05-15T00:22:57.804+0000] {processor.py:178} INFO - Processing /home/airflow/.local/lib/python3.7/site-packages/airflow/example_dags/example_short_circuit_decorator.py took 0.184 seconds
[2023-05-15T00:23:28.205+0000] {processor.py:156} INFO - Started process (PID=4141) to work on /home/airflow/.local/lib/python3.7/site-packages/airflow/example_dags/example_short_circuit_decorator.py
[2023-05-15T00:23:28.206+0000] {processor.py:758} INFO - Processing file /home/airflow/.local/lib/python3.7/site-packages/airflow/example_dags/example_short_circuit_decorator.py for tasks to queue
[2023-05-15T00:23:28.207+0000] {logging_mixin.py:117} INFO - [2023-05-15T00:23:28.207+0000] {dagbag.py:525} INFO - Filling up the DagBag from /home/airflow/.local/lib/python3.7/site-packages/airflow/example_dags/example_short_circuit_decorator.py
[2023-05-15T00:23:28.277+0000] {processor.py:768} INFO - DAG(s) dict_keys(['example_short_circuit_decorator']) retrieved from /home/airflow/.local/lib/python3.7/site-packages/airflow/example_dags/example_short_circuit_decorator.py
[2023-05-15T00:23:28.338+0000] {logging_mixin.py:117} INFO - [2023-05-15T00:23:28.338+0000] {dag.py:2573} INFO - Sync 1 DAGs
[2023-05-15T00:23:28.384+0000] {logging_mixin.py:117} INFO - [2023-05-15T00:23:28.384+0000] {dag.py:3328} INFO - Setting next_dagrun for example_short_circuit_decorator to 2023-05-14T00:23:28.383849+00:00, run_after=2023-05-15T00:23:28.383849+00:00
[2023-05-15T00:23:28.413+0000] {processor.py:178} INFO - Processing /home/airflow/.local/lib/python3.7/site-packages/airflow/example_dags/example_short_circuit_decorator.py took 0.215 seconds
[2023-05-15T00:23:58.892+0000] {processor.py:156} INFO - Started process (PID=4353) to work on /home/airflow/.local/lib/python3.7/site-packages/airflow/example_dags/example_short_circuit_decorator.py
[2023-05-15T00:23:58.892+0000] {processor.py:758} INFO - Processing file /home/airflow/.local/lib/python3.7/site-packages/airflow/example_dags/example_short_circuit_decorator.py for tasks to queue
[2023-05-15T00:23:58.893+0000] {logging_mixin.py:117} INFO - [2023-05-15T00:23:58.893+0000] {dagbag.py:525} INFO - Filling up the DagBag from /home/airflow/.local/lib/python3.7/site-packages/airflow/example_dags/example_short_circuit_decorator.py
[2023-05-15T00:23:58.916+0000] {processor.py:768} INFO - DAG(s) dict_keys(['example_short_circuit_decorator']) retrieved from /home/airflow/.local/lib/python3.7/site-packages/airflow/example_dags/example_short_circuit_decorator.py
[2023-05-15T00:23:58.969+0000] {logging_mixin.py:117} INFO - [2023-05-15T00:23:58.969+0000] {dag.py:2573} INFO - Sync 1 DAGs
[2023-05-15T00:23:59.002+0000] {logging_mixin.py:117} INFO - [2023-05-15T00:23:59.002+0000] {dag.py:3328} INFO - Setting next_dagrun for example_short_circuit_decorator to 2023-05-14T00:23:59.002228+00:00, run_after=2023-05-15T00:23:59.002228+00:00
[2023-05-15T00:23:59.026+0000] {processor.py:178} INFO - Processing /home/airflow/.local/lib/python3.7/site-packages/airflow/example_dags/example_short_circuit_decorator.py took 0.138 seconds
[2023-05-15T00:24:29.548+0000] {processor.py:156} INFO - Started process (PID=4563) to work on /home/airflow/.local/lib/python3.7/site-packages/airflow/example_dags/example_short_circuit_decorator.py
[2023-05-15T00:24:29.549+0000] {processor.py:758} INFO - Processing file /home/airflow/.local/lib/python3.7/site-packages/airflow/example_dags/example_short_circuit_decorator.py for tasks to queue
[2023-05-15T00:24:29.550+0000] {logging_mixin.py:117} INFO - [2023-05-15T00:24:29.550+0000] {dagbag.py:525} INFO - Filling up the DagBag from /home/airflow/.local/lib/python3.7/site-packages/airflow/example_dags/example_short_circuit_decorator.py
[2023-05-15T00:24:29.588+0000] {processor.py:768} INFO - DAG(s) dict_keys(['example_short_circuit_decorator']) retrieved from /home/airflow/.local/lib/python3.7/site-packages/airflow/example_dags/example_short_circuit_decorator.py
[2023-05-15T00:24:29.639+0000] {logging_mixin.py:117} INFO - [2023-05-15T00:24:29.638+0000] {dag.py:2573} INFO - Sync 1 DAGs
[2023-05-15T00:24:29.665+0000] {logging_mixin.py:117} INFO - [2023-05-15T00:24:29.665+0000] {dag.py:3328} INFO - Setting next_dagrun for example_short_circuit_decorator to 2023-05-14T00:24:29.665331+00:00, run_after=2023-05-15T00:24:29.665331+00:00
[2023-05-15T00:24:29.687+0000] {processor.py:178} INFO - Processing /home/airflow/.local/lib/python3.7/site-packages/airflow/example_dags/example_short_circuit_decorator.py took 0.144 seconds
[2023-05-15T00:34:02.786+0000] {processor.py:156} INFO - Started process (PID=187) to work on /home/airflow/.local/lib/python3.7/site-packages/airflow/example_dags/example_short_circuit_decorator.py
[2023-05-15T00:34:02.787+0000] {processor.py:758} INFO - Processing file /home/airflow/.local/lib/python3.7/site-packages/airflow/example_dags/example_short_circuit_decorator.py for tasks to queue
[2023-05-15T00:34:02.788+0000] {logging_mixin.py:117} INFO - [2023-05-15T00:34:02.788+0000] {dagbag.py:525} INFO - Filling up the DagBag from /home/airflow/.local/lib/python3.7/site-packages/airflow/example_dags/example_short_circuit_decorator.py
[2023-05-15T00:34:02.830+0000] {processor.py:768} INFO - DAG(s) dict_keys(['example_short_circuit_decorator']) retrieved from /home/airflow/.local/lib/python3.7/site-packages/airflow/example_dags/example_short_circuit_decorator.py
[2023-05-15T00:34:02.867+0000] {logging_mixin.py:117} INFO - [2023-05-15T00:34:02.866+0000] {dag.py:2573} INFO - Sync 1 DAGs
[2023-05-15T00:34:02.905+0000] {logging_mixin.py:117} INFO - [2023-05-15T00:34:02.905+0000] {dag.py:3328} INFO - Setting next_dagrun for example_short_circuit_decorator to 2023-05-14T00:34:02.905198+00:00, run_after=2023-05-15T00:34:02.905198+00:00
[2023-05-15T00:34:02.934+0000] {processor.py:178} INFO - Processing /home/airflow/.local/lib/python3.7/site-packages/airflow/example_dags/example_short_circuit_decorator.py took 0.151 seconds
[2023-05-15T00:34:33.594+0000] {processor.py:156} INFO - Started process (PID=391) to work on /home/airflow/.local/lib/python3.7/site-packages/airflow/example_dags/example_short_circuit_decorator.py
[2023-05-15T00:34:33.596+0000] {processor.py:758} INFO - Processing file /home/airflow/.local/lib/python3.7/site-packages/airflow/example_dags/example_short_circuit_decorator.py for tasks to queue
[2023-05-15T00:34:33.597+0000] {logging_mixin.py:117} INFO - [2023-05-15T00:34:33.596+0000] {dagbag.py:525} INFO - Filling up the DagBag from /home/airflow/.local/lib/python3.7/site-packages/airflow/example_dags/example_short_circuit_decorator.py
[2023-05-15T00:34:33.643+0000] {processor.py:768} INFO - DAG(s) dict_keys(['example_short_circuit_decorator']) retrieved from /home/airflow/.local/lib/python3.7/site-packages/airflow/example_dags/example_short_circuit_decorator.py
[2023-05-15T00:34:33.687+0000] {logging_mixin.py:117} INFO - [2023-05-15T00:34:33.687+0000] {dag.py:2573} INFO - Sync 1 DAGs
[2023-05-15T00:34:33.710+0000] {logging_mixin.py:117} INFO - [2023-05-15T00:34:33.710+0000] {dag.py:3328} INFO - Setting next_dagrun for example_short_circuit_decorator to 2023-05-14T00:34:33.710095+00:00, run_after=2023-05-15T00:34:33.710095+00:00
[2023-05-15T00:34:33.729+0000] {processor.py:178} INFO - Processing /home/airflow/.local/lib/python3.7/site-packages/airflow/example_dags/example_short_circuit_decorator.py took 0.141 seconds
