[2023-05-15T00:13:46.638+0000] {processor.py:156} INFO - Started process (PID=198) to work on /home/airflow/.local/lib/python3.7/site-packages/airflow/example_dags/example_xcomargs.py
[2023-05-15T00:13:46.638+0000] {processor.py:758} INFO - Processing file /home/airflow/.local/lib/python3.7/site-packages/airflow/example_dags/example_xcomargs.py for tasks to queue
[2023-05-15T00:13:46.639+0000] {logging_mixin.py:117} INFO - [2023-05-15T00:13:46.639+0000] {dagbag.py:525} INFO - Filling up the DagBag from /home/airflow/.local/lib/python3.7/site-packages/airflow/example_dags/example_xcomargs.py
[2023-05-15T00:13:46.663+0000] {processor.py:768} INFO - DAG(s) dict_keys(['example_xcom_args_with_operators', 'example_xcom_args']) retrieved from /home/airflow/.local/lib/python3.7/site-packages/airflow/example_dags/example_xcomargs.py
[2023-05-15T00:13:46.694+0000] {logging_mixin.py:117} INFO - [2023-05-15T00:13:46.694+0000] {dag.py:2573} INFO - Sync 2 DAGs
[2023-05-15T00:13:46.720+0000] {logging_mixin.py:117} INFO - [2023-05-15T00:13:46.720+0000] {dag.py:3328} INFO - Setting next_dagrun for example_xcom_args to None, run_after=None
[2023-05-15T00:13:46.723+0000] {logging_mixin.py:117} INFO - [2023-05-15T00:13:46.723+0000] {dag.py:3328} INFO - Setting next_dagrun for example_xcom_args_with_operators to None, run_after=None
[2023-05-15T00:13:46.741+0000] {processor.py:178} INFO - Processing /home/airflow/.local/lib/python3.7/site-packages/airflow/example_dags/example_xcomargs.py took 0.107 seconds
[2023-05-15T00:14:17.463+0000] {processor.py:156} INFO - Started process (PID=401) to work on /home/airflow/.local/lib/python3.7/site-packages/airflow/example_dags/example_xcomargs.py
[2023-05-15T00:14:17.468+0000] {processor.py:758} INFO - Processing file /home/airflow/.local/lib/python3.7/site-packages/airflow/example_dags/example_xcomargs.py for tasks to queue
[2023-05-15T00:14:17.470+0000] {logging_mixin.py:117} INFO - [2023-05-15T00:14:17.470+0000] {dagbag.py:525} INFO - Filling up the DagBag from /home/airflow/.local/lib/python3.7/site-packages/airflow/example_dags/example_xcomargs.py
[2023-05-15T00:14:17.553+0000] {processor.py:768} INFO - DAG(s) dict_keys(['example_xcom_args_with_operators', 'example_xcom_args']) retrieved from /home/airflow/.local/lib/python3.7/site-packages/airflow/example_dags/example_xcomargs.py
[2023-05-15T00:14:17.661+0000] {logging_mixin.py:117} INFO - [2023-05-15T00:14:17.661+0000] {dag.py:2573} INFO - Sync 2 DAGs
[2023-05-15T00:14:17.757+0000] {logging_mixin.py:117} INFO - [2023-05-15T00:14:17.756+0000] {dag.py:3328} INFO - Setting next_dagrun for example_xcom_args to None, run_after=None
[2023-05-15T00:14:17.770+0000] {logging_mixin.py:117} INFO - [2023-05-15T00:14:17.770+0000] {dag.py:3328} INFO - Setting next_dagrun for example_xcom_args_with_operators to None, run_after=None
[2023-05-15T00:14:18.083+0000] {processor.py:178} INFO - Processing /home/airflow/.local/lib/python3.7/site-packages/airflow/example_dags/example_xcomargs.py took 0.627 seconds
[2023-05-15T00:14:48.201+0000] {processor.py:156} INFO - Started process (PID=613) to work on /home/airflow/.local/lib/python3.7/site-packages/airflow/example_dags/example_xcomargs.py
[2023-05-15T00:14:48.202+0000] {processor.py:758} INFO - Processing file /home/airflow/.local/lib/python3.7/site-packages/airflow/example_dags/example_xcomargs.py for tasks to queue
[2023-05-15T00:14:48.202+0000] {logging_mixin.py:117} INFO - [2023-05-15T00:14:48.202+0000] {dagbag.py:525} INFO - Filling up the DagBag from /home/airflow/.local/lib/python3.7/site-packages/airflow/example_dags/example_xcomargs.py
[2023-05-15T00:14:48.260+0000] {processor.py:768} INFO - DAG(s) dict_keys(['example_xcom_args', 'example_xcom_args_with_operators']) retrieved from /home/airflow/.local/lib/python3.7/site-packages/airflow/example_dags/example_xcomargs.py
[2023-05-15T00:14:48.367+0000] {logging_mixin.py:117} INFO - [2023-05-15T00:14:48.367+0000] {dag.py:2573} INFO - Sync 2 DAGs
[2023-05-15T00:14:48.685+0000] {logging_mixin.py:117} INFO - [2023-05-15T00:14:48.685+0000] {dag.py:3328} INFO - Setting next_dagrun for example_xcom_args to None, run_after=None
[2023-05-15T00:14:48.695+0000] {logging_mixin.py:117} INFO - [2023-05-15T00:14:48.695+0000] {dag.py:3328} INFO - Setting next_dagrun for example_xcom_args_with_operators to None, run_after=None
[2023-05-15T00:14:48.734+0000] {processor.py:178} INFO - Processing /home/airflow/.local/lib/python3.7/site-packages/airflow/example_dags/example_xcomargs.py took 0.538 seconds
[2023-05-15T00:15:19.161+0000] {processor.py:156} INFO - Started process (PID=815) to work on /home/airflow/.local/lib/python3.7/site-packages/airflow/example_dags/example_xcomargs.py
[2023-05-15T00:15:19.162+0000] {processor.py:758} INFO - Processing file /home/airflow/.local/lib/python3.7/site-packages/airflow/example_dags/example_xcomargs.py for tasks to queue
[2023-05-15T00:15:19.163+0000] {logging_mixin.py:117} INFO - [2023-05-15T00:15:19.163+0000] {dagbag.py:525} INFO - Filling up the DagBag from /home/airflow/.local/lib/python3.7/site-packages/airflow/example_dags/example_xcomargs.py
[2023-05-15T00:15:19.206+0000] {processor.py:768} INFO - DAG(s) dict_keys(['example_xcom_args', 'example_xcom_args_with_operators']) retrieved from /home/airflow/.local/lib/python3.7/site-packages/airflow/example_dags/example_xcomargs.py
[2023-05-15T00:15:19.486+0000] {logging_mixin.py:117} INFO - [2023-05-15T00:15:19.486+0000] {dag.py:2573} INFO - Sync 2 DAGs
[2023-05-15T00:15:19.538+0000] {logging_mixin.py:117} INFO - [2023-05-15T00:15:19.537+0000] {dag.py:3328} INFO - Setting next_dagrun for example_xcom_args to None, run_after=None
[2023-05-15T00:15:19.542+0000] {logging_mixin.py:117} INFO - [2023-05-15T00:15:19.542+0000] {dag.py:3328} INFO - Setting next_dagrun for example_xcom_args_with_operators to None, run_after=None
[2023-05-15T00:15:19.574+0000] {processor.py:178} INFO - Processing /home/airflow/.local/lib/python3.7/site-packages/airflow/example_dags/example_xcomargs.py took 0.418 seconds
[2023-05-15T00:15:49.948+0000] {processor.py:156} INFO - Started process (PID=1026) to work on /home/airflow/.local/lib/python3.7/site-packages/airflow/example_dags/example_xcomargs.py
[2023-05-15T00:15:49.950+0000] {processor.py:758} INFO - Processing file /home/airflow/.local/lib/python3.7/site-packages/airflow/example_dags/example_xcomargs.py for tasks to queue
[2023-05-15T00:15:49.951+0000] {logging_mixin.py:117} INFO - [2023-05-15T00:15:49.951+0000] {dagbag.py:525} INFO - Filling up the DagBag from /home/airflow/.local/lib/python3.7/site-packages/airflow/example_dags/example_xcomargs.py
[2023-05-15T00:15:49.988+0000] {processor.py:768} INFO - DAG(s) dict_keys(['example_xcom_args_with_operators', 'example_xcom_args']) retrieved from /home/airflow/.local/lib/python3.7/site-packages/airflow/example_dags/example_xcomargs.py
[2023-05-15T00:15:50.251+0000] {logging_mixin.py:117} INFO - [2023-05-15T00:15:50.251+0000] {dag.py:2573} INFO - Sync 2 DAGs
[2023-05-15T00:15:50.303+0000] {logging_mixin.py:117} INFO - [2023-05-15T00:15:50.302+0000] {dag.py:3328} INFO - Setting next_dagrun for example_xcom_args to None, run_after=None
[2023-05-15T00:15:50.306+0000] {logging_mixin.py:117} INFO - [2023-05-15T00:15:50.306+0000] {dag.py:3328} INFO - Setting next_dagrun for example_xcom_args_with_operators to None, run_after=None
[2023-05-15T00:15:50.344+0000] {processor.py:178} INFO - Processing /home/airflow/.local/lib/python3.7/site-packages/airflow/example_dags/example_xcomargs.py took 0.401 seconds
[2023-05-15T00:16:20.805+0000] {processor.py:156} INFO - Started process (PID=1228) to work on /home/airflow/.local/lib/python3.7/site-packages/airflow/example_dags/example_xcomargs.py
[2023-05-15T00:16:20.805+0000] {processor.py:758} INFO - Processing file /home/airflow/.local/lib/python3.7/site-packages/airflow/example_dags/example_xcomargs.py for tasks to queue
[2023-05-15T00:16:20.806+0000] {logging_mixin.py:117} INFO - [2023-05-15T00:16:20.806+0000] {dagbag.py:525} INFO - Filling up the DagBag from /home/airflow/.local/lib/python3.7/site-packages/airflow/example_dags/example_xcomargs.py
[2023-05-15T00:16:20.829+0000] {processor.py:768} INFO - DAG(s) dict_keys(['example_xcom_args_with_operators', 'example_xcom_args']) retrieved from /home/airflow/.local/lib/python3.7/site-packages/airflow/example_dags/example_xcomargs.py
[2023-05-15T00:16:21.015+0000] {logging_mixin.py:117} INFO - [2023-05-15T00:16:21.015+0000] {dag.py:2573} INFO - Sync 2 DAGs
[2023-05-15T00:16:21.041+0000] {logging_mixin.py:117} INFO - [2023-05-15T00:16:21.041+0000] {dag.py:3328} INFO - Setting next_dagrun for example_xcom_args to None, run_after=None
[2023-05-15T00:16:21.046+0000] {logging_mixin.py:117} INFO - [2023-05-15T00:16:21.046+0000] {dag.py:3328} INFO - Setting next_dagrun for example_xcom_args_with_operators to None, run_after=None
[2023-05-15T00:16:21.067+0000] {processor.py:178} INFO - Processing /home/airflow/.local/lib/python3.7/site-packages/airflow/example_dags/example_xcomargs.py took 0.266 seconds
[2023-05-15T00:16:51.443+0000] {processor.py:156} INFO - Started process (PID=1440) to work on /home/airflow/.local/lib/python3.7/site-packages/airflow/example_dags/example_xcomargs.py
[2023-05-15T00:16:51.444+0000] {processor.py:758} INFO - Processing file /home/airflow/.local/lib/python3.7/site-packages/airflow/example_dags/example_xcomargs.py for tasks to queue
[2023-05-15T00:16:51.445+0000] {logging_mixin.py:117} INFO - [2023-05-15T00:16:51.444+0000] {dagbag.py:525} INFO - Filling up the DagBag from /home/airflow/.local/lib/python3.7/site-packages/airflow/example_dags/example_xcomargs.py
[2023-05-15T00:16:51.656+0000] {processor.py:768} INFO - DAG(s) dict_keys(['example_xcom_args_with_operators', 'example_xcom_args']) retrieved from /home/airflow/.local/lib/python3.7/site-packages/airflow/example_dags/example_xcomargs.py
[2023-05-15T00:16:51.719+0000] {logging_mixin.py:117} INFO - [2023-05-15T00:16:51.719+0000] {dag.py:2573} INFO - Sync 2 DAGs
[2023-05-15T00:16:51.743+0000] {logging_mixin.py:117} INFO - [2023-05-15T00:16:51.743+0000] {dag.py:3328} INFO - Setting next_dagrun for example_xcom_args to None, run_after=None
[2023-05-15T00:16:51.747+0000] {logging_mixin.py:117} INFO - [2023-05-15T00:16:51.747+0000] {dag.py:3328} INFO - Setting next_dagrun for example_xcom_args_with_operators to None, run_after=None
[2023-05-15T00:16:51.768+0000] {processor.py:178} INFO - Processing /home/airflow/.local/lib/python3.7/site-packages/airflow/example_dags/example_xcomargs.py took 0.329 seconds
[2023-05-15T00:17:22.104+0000] {processor.py:156} INFO - Started process (PID=1644) to work on /home/airflow/.local/lib/python3.7/site-packages/airflow/example_dags/example_xcomargs.py
[2023-05-15T00:17:22.105+0000] {processor.py:758} INFO - Processing file /home/airflow/.local/lib/python3.7/site-packages/airflow/example_dags/example_xcomargs.py for tasks to queue
[2023-05-15T00:17:22.106+0000] {logging_mixin.py:117} INFO - [2023-05-15T00:17:22.105+0000] {dagbag.py:525} INFO - Filling up the DagBag from /home/airflow/.local/lib/python3.7/site-packages/airflow/example_dags/example_xcomargs.py
[2023-05-15T00:17:22.287+0000] {processor.py:768} INFO - DAG(s) dict_keys(['example_xcom_args', 'example_xcom_args_with_operators']) retrieved from /home/airflow/.local/lib/python3.7/site-packages/airflow/example_dags/example_xcomargs.py
[2023-05-15T00:17:22.328+0000] {logging_mixin.py:117} INFO - [2023-05-15T00:17:22.328+0000] {dag.py:2573} INFO - Sync 2 DAGs
[2023-05-15T00:17:22.354+0000] {logging_mixin.py:117} INFO - [2023-05-15T00:17:22.354+0000] {dag.py:3328} INFO - Setting next_dagrun for example_xcom_args to None, run_after=None
[2023-05-15T00:17:22.358+0000] {logging_mixin.py:117} INFO - [2023-05-15T00:17:22.358+0000] {dag.py:3328} INFO - Setting next_dagrun for example_xcom_args_with_operators to None, run_after=None
[2023-05-15T00:17:22.380+0000] {processor.py:178} INFO - Processing /home/airflow/.local/lib/python3.7/site-packages/airflow/example_dags/example_xcomargs.py took 0.281 seconds
[2023-05-15T00:17:52.443+0000] {processor.py:156} INFO - Started process (PID=1856) to work on /home/airflow/.local/lib/python3.7/site-packages/airflow/example_dags/example_xcomargs.py
[2023-05-15T00:17:52.443+0000] {processor.py:758} INFO - Processing file /home/airflow/.local/lib/python3.7/site-packages/airflow/example_dags/example_xcomargs.py for tasks to queue
[2023-05-15T00:17:52.444+0000] {logging_mixin.py:117} INFO - [2023-05-15T00:17:52.444+0000] {dagbag.py:525} INFO - Filling up the DagBag from /home/airflow/.local/lib/python3.7/site-packages/airflow/example_dags/example_xcomargs.py
[2023-05-15T00:17:52.472+0000] {processor.py:768} INFO - DAG(s) dict_keys(['example_xcom_args', 'example_xcom_args_with_operators']) retrieved from /home/airflow/.local/lib/python3.7/site-packages/airflow/example_dags/example_xcomargs.py
[2023-05-15T00:17:52.545+0000] {logging_mixin.py:117} INFO - [2023-05-15T00:17:52.545+0000] {dag.py:2573} INFO - Sync 2 DAGs
[2023-05-15T00:17:52.616+0000] {logging_mixin.py:117} INFO - [2023-05-15T00:17:52.616+0000] {dag.py:3328} INFO - Setting next_dagrun for example_xcom_args to None, run_after=None
[2023-05-15T00:17:52.623+0000] {logging_mixin.py:117} INFO - [2023-05-15T00:17:52.623+0000] {dag.py:3328} INFO - Setting next_dagrun for example_xcom_args_with_operators to None, run_after=None
[2023-05-15T00:17:52.695+0000] {processor.py:178} INFO - Processing /home/airflow/.local/lib/python3.7/site-packages/airflow/example_dags/example_xcomargs.py took 0.256 seconds
[2023-05-15T00:18:23.749+0000] {processor.py:156} INFO - Started process (PID=2067) to work on /home/airflow/.local/lib/python3.7/site-packages/airflow/example_dags/example_xcomargs.py
[2023-05-15T00:18:23.751+0000] {processor.py:758} INFO - Processing file /home/airflow/.local/lib/python3.7/site-packages/airflow/example_dags/example_xcomargs.py for tasks to queue
[2023-05-15T00:18:23.752+0000] {logging_mixin.py:117} INFO - [2023-05-15T00:18:23.752+0000] {dagbag.py:525} INFO - Filling up the DagBag from /home/airflow/.local/lib/python3.7/site-packages/airflow/example_dags/example_xcomargs.py
[2023-05-15T00:18:23.799+0000] {processor.py:768} INFO - DAG(s) dict_keys(['example_xcom_args_with_operators', 'example_xcom_args']) retrieved from /home/airflow/.local/lib/python3.7/site-packages/airflow/example_dags/example_xcomargs.py
[2023-05-15T00:18:23.858+0000] {logging_mixin.py:117} INFO - [2023-05-15T00:18:23.857+0000] {dag.py:2573} INFO - Sync 2 DAGs
[2023-05-15T00:18:23.928+0000] {logging_mixin.py:117} INFO - [2023-05-15T00:18:23.928+0000] {dag.py:3328} INFO - Setting next_dagrun for example_xcom_args to None, run_after=None
[2023-05-15T00:18:23.934+0000] {logging_mixin.py:117} INFO - [2023-05-15T00:18:23.934+0000] {dag.py:3328} INFO - Setting next_dagrun for example_xcom_args_with_operators to None, run_after=None
[2023-05-15T00:18:23.989+0000] {processor.py:178} INFO - Processing /home/airflow/.local/lib/python3.7/site-packages/airflow/example_dags/example_xcomargs.py took 0.247 seconds
[2023-05-15T00:18:54.413+0000] {processor.py:156} INFO - Started process (PID=2269) to work on /home/airflow/.local/lib/python3.7/site-packages/airflow/example_dags/example_xcomargs.py
[2023-05-15T00:18:54.414+0000] {processor.py:758} INFO - Processing file /home/airflow/.local/lib/python3.7/site-packages/airflow/example_dags/example_xcomargs.py for tasks to queue
[2023-05-15T00:18:54.414+0000] {logging_mixin.py:117} INFO - [2023-05-15T00:18:54.414+0000] {dagbag.py:525} INFO - Filling up the DagBag from /home/airflow/.local/lib/python3.7/site-packages/airflow/example_dags/example_xcomargs.py
[2023-05-15T00:18:54.481+0000] {processor.py:768} INFO - DAG(s) dict_keys(['example_xcom_args_with_operators', 'example_xcom_args']) retrieved from /home/airflow/.local/lib/python3.7/site-packages/airflow/example_dags/example_xcomargs.py
[2023-05-15T00:18:54.582+0000] {logging_mixin.py:117} INFO - [2023-05-15T00:18:54.582+0000] {dag.py:2573} INFO - Sync 2 DAGs
[2023-05-15T00:18:54.639+0000] {logging_mixin.py:117} INFO - [2023-05-15T00:18:54.639+0000] {dag.py:3328} INFO - Setting next_dagrun for example_xcom_args to None, run_after=None
[2023-05-15T00:18:54.644+0000] {logging_mixin.py:117} INFO - [2023-05-15T00:18:54.644+0000] {dag.py:3328} INFO - Setting next_dagrun for example_xcom_args_with_operators to None, run_after=None
[2023-05-15T00:18:54.663+0000] {processor.py:178} INFO - Processing /home/airflow/.local/lib/python3.7/site-packages/airflow/example_dags/example_xcomargs.py took 0.254 seconds
[2023-05-15T00:19:25.596+0000] {processor.py:156} INFO - Started process (PID=2480) to work on /home/airflow/.local/lib/python3.7/site-packages/airflow/example_dags/example_xcomargs.py
[2023-05-15T00:19:25.597+0000] {processor.py:758} INFO - Processing file /home/airflow/.local/lib/python3.7/site-packages/airflow/example_dags/example_xcomargs.py for tasks to queue
[2023-05-15T00:19:25.597+0000] {logging_mixin.py:117} INFO - [2023-05-15T00:19:25.597+0000] {dagbag.py:525} INFO - Filling up the DagBag from /home/airflow/.local/lib/python3.7/site-packages/airflow/example_dags/example_xcomargs.py
[2023-05-15T00:19:25.633+0000] {processor.py:768} INFO - DAG(s) dict_keys(['example_xcom_args_with_operators', 'example_xcom_args']) retrieved from /home/airflow/.local/lib/python3.7/site-packages/airflow/example_dags/example_xcomargs.py
[2023-05-15T00:19:25.685+0000] {logging_mixin.py:117} INFO - [2023-05-15T00:19:25.685+0000] {dag.py:2573} INFO - Sync 2 DAGs
[2023-05-15T00:19:25.709+0000] {logging_mixin.py:117} INFO - [2023-05-15T00:19:25.708+0000] {dag.py:3328} INFO - Setting next_dagrun for example_xcom_args to None, run_after=None
[2023-05-15T00:19:25.712+0000] {logging_mixin.py:117} INFO - [2023-05-15T00:19:25.712+0000] {dag.py:3328} INFO - Setting next_dagrun for example_xcom_args_with_operators to None, run_after=None
[2023-05-15T00:19:25.729+0000] {processor.py:178} INFO - Processing /home/airflow/.local/lib/python3.7/site-packages/airflow/example_dags/example_xcomargs.py took 0.136 seconds
[2023-05-15T00:19:56.054+0000] {processor.py:156} INFO - Started process (PID=2692) to work on /home/airflow/.local/lib/python3.7/site-packages/airflow/example_dags/example_xcomargs.py
[2023-05-15T00:19:56.055+0000] {processor.py:758} INFO - Processing file /home/airflow/.local/lib/python3.7/site-packages/airflow/example_dags/example_xcomargs.py for tasks to queue
[2023-05-15T00:19:56.056+0000] {logging_mixin.py:117} INFO - [2023-05-15T00:19:56.055+0000] {dagbag.py:525} INFO - Filling up the DagBag from /home/airflow/.local/lib/python3.7/site-packages/airflow/example_dags/example_xcomargs.py
[2023-05-15T00:19:56.092+0000] {processor.py:768} INFO - DAG(s) dict_keys(['example_xcom_args', 'example_xcom_args_with_operators']) retrieved from /home/airflow/.local/lib/python3.7/site-packages/airflow/example_dags/example_xcomargs.py
[2023-05-15T00:19:56.147+0000] {logging_mixin.py:117} INFO - [2023-05-15T00:19:56.146+0000] {dag.py:2573} INFO - Sync 2 DAGs
[2023-05-15T00:19:56.177+0000] {logging_mixin.py:117} INFO - [2023-05-15T00:19:56.177+0000] {dag.py:3328} INFO - Setting next_dagrun for example_xcom_args to None, run_after=None
[2023-05-15T00:19:56.180+0000] {logging_mixin.py:117} INFO - [2023-05-15T00:19:56.180+0000] {dag.py:3328} INFO - Setting next_dagrun for example_xcom_args_with_operators to None, run_after=None
[2023-05-15T00:19:56.200+0000] {processor.py:178} INFO - Processing /home/airflow/.local/lib/python3.7/site-packages/airflow/example_dags/example_xcomargs.py took 0.151 seconds
[2023-05-15T00:20:26.644+0000] {processor.py:156} INFO - Started process (PID=2895) to work on /home/airflow/.local/lib/python3.7/site-packages/airflow/example_dags/example_xcomargs.py
[2023-05-15T00:20:26.645+0000] {processor.py:758} INFO - Processing file /home/airflow/.local/lib/python3.7/site-packages/airflow/example_dags/example_xcomargs.py for tasks to queue
[2023-05-15T00:20:26.647+0000] {logging_mixin.py:117} INFO - [2023-05-15T00:20:26.646+0000] {dagbag.py:525} INFO - Filling up the DagBag from /home/airflow/.local/lib/python3.7/site-packages/airflow/example_dags/example_xcomargs.py
[2023-05-15T00:20:26.685+0000] {processor.py:768} INFO - DAG(s) dict_keys(['example_xcom_args_with_operators', 'example_xcom_args']) retrieved from /home/airflow/.local/lib/python3.7/site-packages/airflow/example_dags/example_xcomargs.py
[2023-05-15T00:20:26.791+0000] {logging_mixin.py:117} INFO - [2023-05-15T00:20:26.790+0000] {dag.py:2573} INFO - Sync 2 DAGs
[2023-05-15T00:20:26.852+0000] {logging_mixin.py:117} INFO - [2023-05-15T00:20:26.851+0000] {dag.py:3328} INFO - Setting next_dagrun for example_xcom_args to None, run_after=None
[2023-05-15T00:20:26.858+0000] {logging_mixin.py:117} INFO - [2023-05-15T00:20:26.857+0000] {dag.py:3328} INFO - Setting next_dagrun for example_xcom_args_with_operators to None, run_after=None
[2023-05-15T00:20:26.888+0000] {processor.py:178} INFO - Processing /home/airflow/.local/lib/python3.7/site-packages/airflow/example_dags/example_xcomargs.py took 0.248 seconds
[2023-05-15T00:20:57.657+0000] {processor.py:156} INFO - Started process (PID=3106) to work on /home/airflow/.local/lib/python3.7/site-packages/airflow/example_dags/example_xcomargs.py
[2023-05-15T00:20:57.657+0000] {processor.py:758} INFO - Processing file /home/airflow/.local/lib/python3.7/site-packages/airflow/example_dags/example_xcomargs.py for tasks to queue
[2023-05-15T00:20:57.658+0000] {logging_mixin.py:117} INFO - [2023-05-15T00:20:57.658+0000] {dagbag.py:525} INFO - Filling up the DagBag from /home/airflow/.local/lib/python3.7/site-packages/airflow/example_dags/example_xcomargs.py
[2023-05-15T00:20:57.694+0000] {processor.py:768} INFO - DAG(s) dict_keys(['example_xcom_args_with_operators', 'example_xcom_args']) retrieved from /home/airflow/.local/lib/python3.7/site-packages/airflow/example_dags/example_xcomargs.py
[2023-05-15T00:20:57.747+0000] {logging_mixin.py:117} INFO - [2023-05-15T00:20:57.747+0000] {dag.py:2573} INFO - Sync 2 DAGs
[2023-05-15T00:20:57.783+0000] {logging_mixin.py:117} INFO - [2023-05-15T00:20:57.782+0000] {dag.py:3328} INFO - Setting next_dagrun for example_xcom_args to None, run_after=None
[2023-05-15T00:20:57.787+0000] {logging_mixin.py:117} INFO - [2023-05-15T00:20:57.787+0000] {dag.py:3328} INFO - Setting next_dagrun for example_xcom_args_with_operators to None, run_after=None
[2023-05-15T00:20:57.809+0000] {processor.py:178} INFO - Processing /home/airflow/.local/lib/python3.7/site-packages/airflow/example_dags/example_xcomargs.py took 0.158 seconds
[2023-05-15T00:21:28.060+0000] {processor.py:156} INFO - Started process (PID=3319) to work on /home/airflow/.local/lib/python3.7/site-packages/airflow/example_dags/example_xcomargs.py
[2023-05-15T00:21:28.061+0000] {processor.py:758} INFO - Processing file /home/airflow/.local/lib/python3.7/site-packages/airflow/example_dags/example_xcomargs.py for tasks to queue
[2023-05-15T00:21:28.062+0000] {logging_mixin.py:117} INFO - [2023-05-15T00:21:28.062+0000] {dagbag.py:525} INFO - Filling up the DagBag from /home/airflow/.local/lib/python3.7/site-packages/airflow/example_dags/example_xcomargs.py
[2023-05-15T00:21:28.090+0000] {processor.py:768} INFO - DAG(s) dict_keys(['example_xcom_args_with_operators', 'example_xcom_args']) retrieved from /home/airflow/.local/lib/python3.7/site-packages/airflow/example_dags/example_xcomargs.py
[2023-05-15T00:21:28.131+0000] {logging_mixin.py:117} INFO - [2023-05-15T00:21:28.131+0000] {dag.py:2573} INFO - Sync 2 DAGs
[2023-05-15T00:21:28.154+0000] {logging_mixin.py:117} INFO - [2023-05-15T00:21:28.154+0000] {dag.py:3328} INFO - Setting next_dagrun for example_xcom_args to None, run_after=None
[2023-05-15T00:21:28.157+0000] {logging_mixin.py:117} INFO - [2023-05-15T00:21:28.157+0000] {dag.py:3328} INFO - Setting next_dagrun for example_xcom_args_with_operators to None, run_after=None
[2023-05-15T00:21:28.174+0000] {processor.py:178} INFO - Processing /home/airflow/.local/lib/python3.7/site-packages/airflow/example_dags/example_xcomargs.py took 0.119 seconds
[2023-05-15T00:21:58.492+0000] {processor.py:156} INFO - Started process (PID=3522) to work on /home/airflow/.local/lib/python3.7/site-packages/airflow/example_dags/example_xcomargs.py
[2023-05-15T00:21:58.493+0000] {processor.py:758} INFO - Processing file /home/airflow/.local/lib/python3.7/site-packages/airflow/example_dags/example_xcomargs.py for tasks to queue
[2023-05-15T00:21:58.494+0000] {logging_mixin.py:117} INFO - [2023-05-15T00:21:58.494+0000] {dagbag.py:525} INFO - Filling up the DagBag from /home/airflow/.local/lib/python3.7/site-packages/airflow/example_dags/example_xcomargs.py
[2023-05-15T00:21:58.521+0000] {processor.py:768} INFO - DAG(s) dict_keys(['example_xcom_args', 'example_xcom_args_with_operators']) retrieved from /home/airflow/.local/lib/python3.7/site-packages/airflow/example_dags/example_xcomargs.py
[2023-05-15T00:21:58.564+0000] {logging_mixin.py:117} INFO - [2023-05-15T00:21:58.564+0000] {dag.py:2573} INFO - Sync 2 DAGs
[2023-05-15T00:21:58.588+0000] {logging_mixin.py:117} INFO - [2023-05-15T00:21:58.587+0000] {dag.py:3328} INFO - Setting next_dagrun for example_xcom_args to None, run_after=None
[2023-05-15T00:21:58.591+0000] {logging_mixin.py:117} INFO - [2023-05-15T00:21:58.591+0000] {dag.py:3328} INFO - Setting next_dagrun for example_xcom_args_with_operators to None, run_after=None
[2023-05-15T00:21:58.607+0000] {processor.py:178} INFO - Processing /home/airflow/.local/lib/python3.7/site-packages/airflow/example_dags/example_xcomargs.py took 0.120 seconds
[2023-05-15T00:22:28.916+0000] {processor.py:156} INFO - Started process (PID=3735) to work on /home/airflow/.local/lib/python3.7/site-packages/airflow/example_dags/example_xcomargs.py
[2023-05-15T00:22:28.917+0000] {processor.py:758} INFO - Processing file /home/airflow/.local/lib/python3.7/site-packages/airflow/example_dags/example_xcomargs.py for tasks to queue
[2023-05-15T00:22:28.918+0000] {logging_mixin.py:117} INFO - [2023-05-15T00:22:28.917+0000] {dagbag.py:525} INFO - Filling up the DagBag from /home/airflow/.local/lib/python3.7/site-packages/airflow/example_dags/example_xcomargs.py
[2023-05-15T00:22:28.944+0000] {processor.py:768} INFO - DAG(s) dict_keys(['example_xcom_args_with_operators', 'example_xcom_args']) retrieved from /home/airflow/.local/lib/python3.7/site-packages/airflow/example_dags/example_xcomargs.py
[2023-05-15T00:22:28.995+0000] {logging_mixin.py:117} INFO - [2023-05-15T00:22:28.995+0000] {dag.py:2573} INFO - Sync 2 DAGs
[2023-05-15T00:22:29.029+0000] {logging_mixin.py:117} INFO - [2023-05-15T00:22:29.028+0000] {dag.py:3328} INFO - Setting next_dagrun for example_xcom_args to None, run_after=None
[2023-05-15T00:22:29.032+0000] {logging_mixin.py:117} INFO - [2023-05-15T00:22:29.032+0000] {dag.py:3328} INFO - Setting next_dagrun for example_xcom_args_with_operators to None, run_after=None
[2023-05-15T00:22:29.056+0000] {processor.py:178} INFO - Processing /home/airflow/.local/lib/python3.7/site-packages/airflow/example_dags/example_xcomargs.py took 0.144 seconds
[2023-05-15T00:22:59.886+0000] {processor.py:156} INFO - Started process (PID=3948) to work on /home/airflow/.local/lib/python3.7/site-packages/airflow/example_dags/example_xcomargs.py
[2023-05-15T00:22:59.887+0000] {processor.py:758} INFO - Processing file /home/airflow/.local/lib/python3.7/site-packages/airflow/example_dags/example_xcomargs.py for tasks to queue
[2023-05-15T00:22:59.888+0000] {logging_mixin.py:117} INFO - [2023-05-15T00:22:59.888+0000] {dagbag.py:525} INFO - Filling up the DagBag from /home/airflow/.local/lib/python3.7/site-packages/airflow/example_dags/example_xcomargs.py
[2023-05-15T00:22:59.912+0000] {processor.py:768} INFO - DAG(s) dict_keys(['example_xcom_args', 'example_xcom_args_with_operators']) retrieved from /home/airflow/.local/lib/python3.7/site-packages/airflow/example_dags/example_xcomargs.py
[2023-05-15T00:22:59.955+0000] {logging_mixin.py:117} INFO - [2023-05-15T00:22:59.955+0000] {dag.py:2573} INFO - Sync 2 DAGs
[2023-05-15T00:22:59.979+0000] {logging_mixin.py:117} INFO - [2023-05-15T00:22:59.979+0000] {dag.py:3328} INFO - Setting next_dagrun for example_xcom_args to None, run_after=None
[2023-05-15T00:22:59.982+0000] {logging_mixin.py:117} INFO - [2023-05-15T00:22:59.982+0000] {dag.py:3328} INFO - Setting next_dagrun for example_xcom_args_with_operators to None, run_after=None
[2023-05-15T00:22:59.999+0000] {processor.py:178} INFO - Processing /home/airflow/.local/lib/python3.7/site-packages/airflow/example_dags/example_xcomargs.py took 0.118 seconds
[2023-05-15T00:23:30.476+0000] {processor.py:156} INFO - Started process (PID=4151) to work on /home/airflow/.local/lib/python3.7/site-packages/airflow/example_dags/example_xcomargs.py
[2023-05-15T00:23:30.477+0000] {processor.py:758} INFO - Processing file /home/airflow/.local/lib/python3.7/site-packages/airflow/example_dags/example_xcomargs.py for tasks to queue
[2023-05-15T00:23:30.477+0000] {logging_mixin.py:117} INFO - [2023-05-15T00:23:30.477+0000] {dagbag.py:525} INFO - Filling up the DagBag from /home/airflow/.local/lib/python3.7/site-packages/airflow/example_dags/example_xcomargs.py
[2023-05-15T00:23:30.502+0000] {processor.py:768} INFO - DAG(s) dict_keys(['example_xcom_args', 'example_xcom_args_with_operators']) retrieved from /home/airflow/.local/lib/python3.7/site-packages/airflow/example_dags/example_xcomargs.py
[2023-05-15T00:23:30.551+0000] {logging_mixin.py:117} INFO - [2023-05-15T00:23:30.551+0000] {dag.py:2573} INFO - Sync 2 DAGs
[2023-05-15T00:23:30.585+0000] {logging_mixin.py:117} INFO - [2023-05-15T00:23:30.585+0000] {dag.py:3328} INFO - Setting next_dagrun for example_xcom_args to None, run_after=None
[2023-05-15T00:23:30.590+0000] {logging_mixin.py:117} INFO - [2023-05-15T00:23:30.590+0000] {dag.py:3328} INFO - Setting next_dagrun for example_xcom_args_with_operators to None, run_after=None
[2023-05-15T00:23:30.609+0000] {processor.py:178} INFO - Processing /home/airflow/.local/lib/python3.7/site-packages/airflow/example_dags/example_xcomargs.py took 0.135 seconds
[2023-05-15T00:24:01.086+0000] {processor.py:156} INFO - Started process (PID=4363) to work on /home/airflow/.local/lib/python3.7/site-packages/airflow/example_dags/example_xcomargs.py
[2023-05-15T00:24:01.087+0000] {processor.py:758} INFO - Processing file /home/airflow/.local/lib/python3.7/site-packages/airflow/example_dags/example_xcomargs.py for tasks to queue
[2023-05-15T00:24:01.088+0000] {logging_mixin.py:117} INFO - [2023-05-15T00:24:01.088+0000] {dagbag.py:525} INFO - Filling up the DagBag from /home/airflow/.local/lib/python3.7/site-packages/airflow/example_dags/example_xcomargs.py
[2023-05-15T00:24:01.127+0000] {processor.py:768} INFO - DAG(s) dict_keys(['example_xcom_args', 'example_xcom_args_with_operators']) retrieved from /home/airflow/.local/lib/python3.7/site-packages/airflow/example_dags/example_xcomargs.py
[2023-05-15T00:24:01.182+0000] {logging_mixin.py:117} INFO - [2023-05-15T00:24:01.181+0000] {dag.py:2573} INFO - Sync 2 DAGs
[2023-05-15T00:24:01.208+0000] {logging_mixin.py:117} INFO - [2023-05-15T00:24:01.207+0000] {dag.py:3328} INFO - Setting next_dagrun for example_xcom_args to None, run_after=None
[2023-05-15T00:24:01.211+0000] {logging_mixin.py:117} INFO - [2023-05-15T00:24:01.211+0000] {dag.py:3328} INFO - Setting next_dagrun for example_xcom_args_with_operators to None, run_after=None
[2023-05-15T00:24:01.230+0000] {processor.py:178} INFO - Processing /home/airflow/.local/lib/python3.7/site-packages/airflow/example_dags/example_xcomargs.py took 0.150 seconds
[2023-05-15T00:24:31.754+0000] {processor.py:156} INFO - Started process (PID=4575) to work on /home/airflow/.local/lib/python3.7/site-packages/airflow/example_dags/example_xcomargs.py
[2023-05-15T00:24:31.755+0000] {processor.py:758} INFO - Processing file /home/airflow/.local/lib/python3.7/site-packages/airflow/example_dags/example_xcomargs.py for tasks to queue
[2023-05-15T00:24:31.756+0000] {logging_mixin.py:117} INFO - [2023-05-15T00:24:31.756+0000] {dagbag.py:525} INFO - Filling up the DagBag from /home/airflow/.local/lib/python3.7/site-packages/airflow/example_dags/example_xcomargs.py
[2023-05-15T00:24:31.780+0000] {processor.py:768} INFO - DAG(s) dict_keys(['example_xcom_args', 'example_xcom_args_with_operators']) retrieved from /home/airflow/.local/lib/python3.7/site-packages/airflow/example_dags/example_xcomargs.py
[2023-05-15T00:24:31.830+0000] {logging_mixin.py:117} INFO - [2023-05-15T00:24:31.830+0000] {dag.py:2573} INFO - Sync 2 DAGs
[2023-05-15T00:24:31.864+0000] {logging_mixin.py:117} INFO - [2023-05-15T00:24:31.864+0000] {dag.py:3328} INFO - Setting next_dagrun for example_xcom_args to None, run_after=None
[2023-05-15T00:24:31.868+0000] {logging_mixin.py:117} INFO - [2023-05-15T00:24:31.868+0000] {dag.py:3328} INFO - Setting next_dagrun for example_xcom_args_with_operators to None, run_after=None
[2023-05-15T00:24:31.889+0000] {processor.py:178} INFO - Processing /home/airflow/.local/lib/python3.7/site-packages/airflow/example_dags/example_xcomargs.py took 0.138 seconds
[2023-05-15T00:34:02.971+0000] {processor.py:156} INFO - Started process (PID=197) to work on /home/airflow/.local/lib/python3.7/site-packages/airflow/example_dags/example_xcomargs.py
[2023-05-15T00:34:02.972+0000] {processor.py:758} INFO - Processing file /home/airflow/.local/lib/python3.7/site-packages/airflow/example_dags/example_xcomargs.py for tasks to queue
[2023-05-15T00:34:02.972+0000] {logging_mixin.py:117} INFO - [2023-05-15T00:34:02.972+0000] {dagbag.py:525} INFO - Filling up the DagBag from /home/airflow/.local/lib/python3.7/site-packages/airflow/example_dags/example_xcomargs.py
[2023-05-15T00:34:03.009+0000] {processor.py:768} INFO - DAG(s) dict_keys(['example_xcom_args', 'example_xcom_args_with_operators']) retrieved from /home/airflow/.local/lib/python3.7/site-packages/airflow/example_dags/example_xcomargs.py
[2023-05-15T00:34:03.051+0000] {logging_mixin.py:117} INFO - [2023-05-15T00:34:03.051+0000] {dag.py:2573} INFO - Sync 2 DAGs
[2023-05-15T00:34:03.091+0000] {logging_mixin.py:117} INFO - [2023-05-15T00:34:03.090+0000] {dag.py:3328} INFO - Setting next_dagrun for example_xcom_args to None, run_after=None
[2023-05-15T00:34:03.096+0000] {logging_mixin.py:117} INFO - [2023-05-15T00:34:03.096+0000] {dag.py:3328} INFO - Setting next_dagrun for example_xcom_args_with_operators to None, run_after=None
[2023-05-15T00:34:03.121+0000] {processor.py:178} INFO - Processing /home/airflow/.local/lib/python3.7/site-packages/airflow/example_dags/example_xcomargs.py took 0.154 seconds
[2023-05-15T00:34:33.754+0000] {processor.py:156} INFO - Started process (PID=401) to work on /home/airflow/.local/lib/python3.7/site-packages/airflow/example_dags/example_xcomargs.py
[2023-05-15T00:34:33.755+0000] {processor.py:758} INFO - Processing file /home/airflow/.local/lib/python3.7/site-packages/airflow/example_dags/example_xcomargs.py for tasks to queue
[2023-05-15T00:34:33.756+0000] {logging_mixin.py:117} INFO - [2023-05-15T00:34:33.755+0000] {dagbag.py:525} INFO - Filling up the DagBag from /home/airflow/.local/lib/python3.7/site-packages/airflow/example_dags/example_xcomargs.py
[2023-05-15T00:34:33.791+0000] {processor.py:768} INFO - DAG(s) dict_keys(['example_xcom_args_with_operators', 'example_xcom_args']) retrieved from /home/airflow/.local/lib/python3.7/site-packages/airflow/example_dags/example_xcomargs.py
[2023-05-15T00:34:33.840+0000] {logging_mixin.py:117} INFO - [2023-05-15T00:34:33.840+0000] {dag.py:2573} INFO - Sync 2 DAGs
[2023-05-15T00:34:33.867+0000] {logging_mixin.py:117} INFO - [2023-05-15T00:34:33.867+0000] {dag.py:3328} INFO - Setting next_dagrun for example_xcom_args to None, run_after=None
[2023-05-15T00:34:33.872+0000] {logging_mixin.py:117} INFO - [2023-05-15T00:34:33.872+0000] {dag.py:3328} INFO - Setting next_dagrun for example_xcom_args_with_operators to None, run_after=None
[2023-05-15T00:34:34.052+0000] {processor.py:178} INFO - Processing /home/airflow/.local/lib/python3.7/site-packages/airflow/example_dags/example_xcomargs.py took 0.301 seconds
