[2023-05-15T00:13:48.207+0000] {processor.py:156} INFO - Started process (PID=285) to work on /home/airflow/.local/lib/python3.7/site-packages/airflow/example_dags/tutorial_dag.py
[2023-05-15T00:13:48.208+0000] {processor.py:758} INFO - Processing file /home/airflow/.local/lib/python3.7/site-packages/airflow/example_dags/tutorial_dag.py for tasks to queue
[2023-05-15T00:13:48.209+0000] {logging_mixin.py:117} INFO - [2023-05-15T00:13:48.208+0000] {dagbag.py:525} INFO - Filling up the DagBag from /home/airflow/.local/lib/python3.7/site-packages/airflow/example_dags/tutorial_dag.py
[2023-05-15T00:13:48.229+0000] {processor.py:768} INFO - DAG(s) dict_keys(['tutorial_dag']) retrieved from /home/airflow/.local/lib/python3.7/site-packages/airflow/example_dags/tutorial_dag.py
[2023-05-15T00:13:48.264+0000] {logging_mixin.py:117} INFO - [2023-05-15T00:13:48.264+0000] {dag.py:2573} INFO - Sync 1 DAGs
[2023-05-15T00:13:48.295+0000] {logging_mixin.py:117} INFO - [2023-05-15T00:13:48.295+0000] {dag.py:3328} INFO - Setting next_dagrun for tutorial_dag to None, run_after=None
[2023-05-15T00:13:48.317+0000] {processor.py:178} INFO - Processing /home/airflow/.local/lib/python3.7/site-packages/airflow/example_dags/tutorial_dag.py took 0.114 seconds
[2023-05-15T00:14:22.110+0000] {processor.py:156} INFO - Started process (PID=495) to work on /home/airflow/.local/lib/python3.7/site-packages/airflow/example_dags/tutorial_dag.py
[2023-05-15T00:14:22.113+0000] {processor.py:758} INFO - Processing file /home/airflow/.local/lib/python3.7/site-packages/airflow/example_dags/tutorial_dag.py for tasks to queue
[2023-05-15T00:14:22.115+0000] {logging_mixin.py:117} INFO - [2023-05-15T00:14:22.115+0000] {dagbag.py:525} INFO - Filling up the DagBag from /home/airflow/.local/lib/python3.7/site-packages/airflow/example_dags/tutorial_dag.py
[2023-05-15T00:14:22.162+0000] {processor.py:768} INFO - DAG(s) dict_keys(['tutorial_dag']) retrieved from /home/airflow/.local/lib/python3.7/site-packages/airflow/example_dags/tutorial_dag.py
[2023-05-15T00:14:22.270+0000] {logging_mixin.py:117} INFO - [2023-05-15T00:14:22.270+0000] {dag.py:2573} INFO - Sync 1 DAGs
[2023-05-15T00:14:22.340+0000] {logging_mixin.py:117} INFO - [2023-05-15T00:14:22.339+0000] {dag.py:3328} INFO - Setting next_dagrun for tutorial_dag to None, run_after=None
[2023-05-15T00:14:22.391+0000] {processor.py:178} INFO - Processing /home/airflow/.local/lib/python3.7/site-packages/airflow/example_dags/tutorial_dag.py took 0.289 seconds
[2023-05-15T00:14:55.242+0000] {processor.py:156} INFO - Started process (PID=698) to work on /home/airflow/.local/lib/python3.7/site-packages/airflow/example_dags/tutorial_dag.py
[2023-05-15T00:14:55.244+0000] {processor.py:758} INFO - Processing file /home/airflow/.local/lib/python3.7/site-packages/airflow/example_dags/tutorial_dag.py for tasks to queue
[2023-05-15T00:14:55.245+0000] {logging_mixin.py:117} INFO - [2023-05-15T00:14:55.245+0000] {dagbag.py:525} INFO - Filling up the DagBag from /home/airflow/.local/lib/python3.7/site-packages/airflow/example_dags/tutorial_dag.py
[2023-05-15T00:14:55.308+0000] {processor.py:768} INFO - DAG(s) dict_keys(['tutorial_dag']) retrieved from /home/airflow/.local/lib/python3.7/site-packages/airflow/example_dags/tutorial_dag.py
[2023-05-15T00:14:55.391+0000] {logging_mixin.py:117} INFO - [2023-05-15T00:14:55.391+0000] {dag.py:2573} INFO - Sync 1 DAGs
[2023-05-15T00:14:55.453+0000] {logging_mixin.py:117} INFO - [2023-05-15T00:14:55.453+0000] {dag.py:3328} INFO - Setting next_dagrun for tutorial_dag to None, run_after=None
[2023-05-15T00:14:55.752+0000] {processor.py:178} INFO - Processing /home/airflow/.local/lib/python3.7/site-packages/airflow/example_dags/tutorial_dag.py took 0.519 seconds
[2023-05-15T00:15:26.283+0000] {processor.py:156} INFO - Started process (PID=909) to work on /home/airflow/.local/lib/python3.7/site-packages/airflow/example_dags/tutorial_dag.py
[2023-05-15T00:15:26.284+0000] {processor.py:758} INFO - Processing file /home/airflow/.local/lib/python3.7/site-packages/airflow/example_dags/tutorial_dag.py for tasks to queue
[2023-05-15T00:15:26.286+0000] {logging_mixin.py:117} INFO - [2023-05-15T00:15:26.285+0000] {dagbag.py:525} INFO - Filling up the DagBag from /home/airflow/.local/lib/python3.7/site-packages/airflow/example_dags/tutorial_dag.py
[2023-05-15T00:15:26.312+0000] {processor.py:768} INFO - DAG(s) dict_keys(['tutorial_dag']) retrieved from /home/airflow/.local/lib/python3.7/site-packages/airflow/example_dags/tutorial_dag.py
[2023-05-15T00:15:26.390+0000] {logging_mixin.py:117} INFO - [2023-05-15T00:15:26.390+0000] {dag.py:2573} INFO - Sync 1 DAGs
[2023-05-15T00:15:26.720+0000] {logging_mixin.py:117} INFO - [2023-05-15T00:15:26.720+0000] {dag.py:3328} INFO - Setting next_dagrun for tutorial_dag to None, run_after=None
[2023-05-15T00:15:26.748+0000] {processor.py:178} INFO - Processing /home/airflow/.local/lib/python3.7/site-packages/airflow/example_dags/tutorial_dag.py took 0.473 seconds
[2023-05-15T00:15:57.131+0000] {processor.py:156} INFO - Started process (PID=1111) to work on /home/airflow/.local/lib/python3.7/site-packages/airflow/example_dags/tutorial_dag.py
[2023-05-15T00:15:57.132+0000] {processor.py:758} INFO - Processing file /home/airflow/.local/lib/python3.7/site-packages/airflow/example_dags/tutorial_dag.py for tasks to queue
[2023-05-15T00:15:57.134+0000] {logging_mixin.py:117} INFO - [2023-05-15T00:15:57.134+0000] {dagbag.py:525} INFO - Filling up the DagBag from /home/airflow/.local/lib/python3.7/site-packages/airflow/example_dags/tutorial_dag.py
[2023-05-15T00:15:57.163+0000] {processor.py:768} INFO - DAG(s) dict_keys(['tutorial_dag']) retrieved from /home/airflow/.local/lib/python3.7/site-packages/airflow/example_dags/tutorial_dag.py
[2023-05-15T00:15:57.439+0000] {logging_mixin.py:117} INFO - [2023-05-15T00:15:57.438+0000] {dag.py:2573} INFO - Sync 1 DAGs
[2023-05-15T00:15:57.477+0000] {logging_mixin.py:117} INFO - [2023-05-15T00:15:57.477+0000] {dag.py:3328} INFO - Setting next_dagrun for tutorial_dag to None, run_after=None
[2023-05-15T00:15:57.499+0000] {processor.py:178} INFO - Processing /home/airflow/.local/lib/python3.7/site-packages/airflow/example_dags/tutorial_dag.py took 0.384 seconds
[2023-05-15T00:16:27.831+0000] {processor.py:156} INFO - Started process (PID=1322) to work on /home/airflow/.local/lib/python3.7/site-packages/airflow/example_dags/tutorial_dag.py
[2023-05-15T00:16:27.832+0000] {processor.py:758} INFO - Processing file /home/airflow/.local/lib/python3.7/site-packages/airflow/example_dags/tutorial_dag.py for tasks to queue
[2023-05-15T00:16:27.833+0000] {logging_mixin.py:117} INFO - [2023-05-15T00:16:27.832+0000] {dagbag.py:525} INFO - Filling up the DagBag from /home/airflow/.local/lib/python3.7/site-packages/airflow/example_dags/tutorial_dag.py
[2023-05-15T00:16:27.853+0000] {processor.py:768} INFO - DAG(s) dict_keys(['tutorial_dag']) retrieved from /home/airflow/.local/lib/python3.7/site-packages/airflow/example_dags/tutorial_dag.py
[2023-05-15T00:16:28.061+0000] {logging_mixin.py:117} INFO - [2023-05-15T00:16:28.061+0000] {dag.py:2573} INFO - Sync 1 DAGs
[2023-05-15T00:16:28.093+0000] {logging_mixin.py:117} INFO - [2023-05-15T00:16:28.093+0000] {dag.py:3328} INFO - Setting next_dagrun for tutorial_dag to None, run_after=None
[2023-05-15T00:16:28.117+0000] {processor.py:178} INFO - Processing /home/airflow/.local/lib/python3.7/site-packages/airflow/example_dags/tutorial_dag.py took 0.291 seconds
[2023-05-15T00:16:58.390+0000] {processor.py:156} INFO - Started process (PID=1525) to work on /home/airflow/.local/lib/python3.7/site-packages/airflow/example_dags/tutorial_dag.py
[2023-05-15T00:16:58.391+0000] {processor.py:758} INFO - Processing file /home/airflow/.local/lib/python3.7/site-packages/airflow/example_dags/tutorial_dag.py for tasks to queue
[2023-05-15T00:16:58.392+0000] {logging_mixin.py:117} INFO - [2023-05-15T00:16:58.392+0000] {dagbag.py:525} INFO - Filling up the DagBag from /home/airflow/.local/lib/python3.7/site-packages/airflow/example_dags/tutorial_dag.py
[2023-05-15T00:16:58.570+0000] {processor.py:768} INFO - DAG(s) dict_keys(['tutorial_dag']) retrieved from /home/airflow/.local/lib/python3.7/site-packages/airflow/example_dags/tutorial_dag.py
[2023-05-15T00:16:58.612+0000] {logging_mixin.py:117} INFO - [2023-05-15T00:16:58.612+0000] {dag.py:2573} INFO - Sync 1 DAGs
[2023-05-15T00:16:58.640+0000] {logging_mixin.py:117} INFO - [2023-05-15T00:16:58.640+0000] {dag.py:3328} INFO - Setting next_dagrun for tutorial_dag to None, run_after=None
[2023-05-15T00:16:58.662+0000] {processor.py:178} INFO - Processing /home/airflow/.local/lib/python3.7/site-packages/airflow/example_dags/tutorial_dag.py took 0.276 seconds
[2023-05-15T00:17:29.396+0000] {processor.py:156} INFO - Started process (PID=1738) to work on /home/airflow/.local/lib/python3.7/site-packages/airflow/example_dags/tutorial_dag.py
[2023-05-15T00:17:29.400+0000] {processor.py:758} INFO - Processing file /home/airflow/.local/lib/python3.7/site-packages/airflow/example_dags/tutorial_dag.py for tasks to queue
[2023-05-15T00:17:29.402+0000] {logging_mixin.py:117} INFO - [2023-05-15T00:17:29.402+0000] {dagbag.py:525} INFO - Filling up the DagBag from /home/airflow/.local/lib/python3.7/site-packages/airflow/example_dags/tutorial_dag.py
[2023-05-15T00:17:29.435+0000] {processor.py:768} INFO - DAG(s) dict_keys(['tutorial_dag']) retrieved from /home/airflow/.local/lib/python3.7/site-packages/airflow/example_dags/tutorial_dag.py
[2023-05-15T00:17:29.496+0000] {logging_mixin.py:117} INFO - [2023-05-15T00:17:29.496+0000] {dag.py:2573} INFO - Sync 1 DAGs
[2023-05-15T00:17:29.530+0000] {logging_mixin.py:117} INFO - [2023-05-15T00:17:29.530+0000] {dag.py:3328} INFO - Setting next_dagrun for tutorial_dag to None, run_after=None
[2023-05-15T00:17:29.551+0000] {processor.py:178} INFO - Processing /home/airflow/.local/lib/python3.7/site-packages/airflow/example_dags/tutorial_dag.py took 0.163 seconds
[2023-05-15T00:17:59.687+0000] {processor.py:156} INFO - Started process (PID=1946) to work on /home/airflow/.local/lib/python3.7/site-packages/airflow/example_dags/tutorial_dag.py
[2023-05-15T00:17:59.688+0000] {processor.py:758} INFO - Processing file /home/airflow/.local/lib/python3.7/site-packages/airflow/example_dags/tutorial_dag.py for tasks to queue
[2023-05-15T00:17:59.689+0000] {logging_mixin.py:117} INFO - [2023-05-15T00:17:59.688+0000] {dagbag.py:525} INFO - Filling up the DagBag from /home/airflow/.local/lib/python3.7/site-packages/airflow/example_dags/tutorial_dag.py
[2023-05-15T00:17:59.706+0000] {processor.py:768} INFO - DAG(s) dict_keys(['tutorial_dag']) retrieved from /home/airflow/.local/lib/python3.7/site-packages/airflow/example_dags/tutorial_dag.py
[2023-05-15T00:17:59.741+0000] {logging_mixin.py:117} INFO - [2023-05-15T00:17:59.740+0000] {dag.py:2573} INFO - Sync 1 DAGs
[2023-05-15T00:17:59.762+0000] {logging_mixin.py:117} INFO - [2023-05-15T00:17:59.762+0000] {dag.py:3328} INFO - Setting next_dagrun for tutorial_dag to None, run_after=None
[2023-05-15T00:17:59.780+0000] {processor.py:178} INFO - Processing /home/airflow/.local/lib/python3.7/site-packages/airflow/example_dags/tutorial_dag.py took 0.099 seconds
[2023-05-15T00:18:29.860+0000] {processor.py:156} INFO - Started process (PID=2149) to work on /home/airflow/.local/lib/python3.7/site-packages/airflow/example_dags/tutorial_dag.py
[2023-05-15T00:18:29.862+0000] {processor.py:758} INFO - Processing file /home/airflow/.local/lib/python3.7/site-packages/airflow/example_dags/tutorial_dag.py for tasks to queue
[2023-05-15T00:18:29.864+0000] {logging_mixin.py:117} INFO - [2023-05-15T00:18:29.864+0000] {dagbag.py:525} INFO - Filling up the DagBag from /home/airflow/.local/lib/python3.7/site-packages/airflow/example_dags/tutorial_dag.py
[2023-05-15T00:18:29.887+0000] {processor.py:768} INFO - DAG(s) dict_keys(['tutorial_dag']) retrieved from /home/airflow/.local/lib/python3.7/site-packages/airflow/example_dags/tutorial_dag.py
[2023-05-15T00:18:29.935+0000] {logging_mixin.py:117} INFO - [2023-05-15T00:18:29.934+0000] {dag.py:2573} INFO - Sync 1 DAGs
[2023-05-15T00:18:29.965+0000] {logging_mixin.py:117} INFO - [2023-05-15T00:18:29.965+0000] {dag.py:3328} INFO - Setting next_dagrun for tutorial_dag to None, run_after=None
[2023-05-15T00:18:29.994+0000] {processor.py:178} INFO - Processing /home/airflow/.local/lib/python3.7/site-packages/airflow/example_dags/tutorial_dag.py took 0.144 seconds
[2023-05-15T00:19:00.116+0000] {processor.py:156} INFO - Started process (PID=2360) to work on /home/airflow/.local/lib/python3.7/site-packages/airflow/example_dags/tutorial_dag.py
[2023-05-15T00:19:00.117+0000] {processor.py:758} INFO - Processing file /home/airflow/.local/lib/python3.7/site-packages/airflow/example_dags/tutorial_dag.py for tasks to queue
[2023-05-15T00:19:00.118+0000] {logging_mixin.py:117} INFO - [2023-05-15T00:19:00.118+0000] {dagbag.py:525} INFO - Filling up the DagBag from /home/airflow/.local/lib/python3.7/site-packages/airflow/example_dags/tutorial_dag.py
[2023-05-15T00:19:00.139+0000] {processor.py:768} INFO - DAG(s) dict_keys(['tutorial_dag']) retrieved from /home/airflow/.local/lib/python3.7/site-packages/airflow/example_dags/tutorial_dag.py
[2023-05-15T00:19:00.193+0000] {logging_mixin.py:117} INFO - [2023-05-15T00:19:00.193+0000] {dag.py:2573} INFO - Sync 1 DAGs
[2023-05-15T00:19:00.221+0000] {logging_mixin.py:117} INFO - [2023-05-15T00:19:00.221+0000] {dag.py:3328} INFO - Setting next_dagrun for tutorial_dag to None, run_after=None
[2023-05-15T00:19:00.248+0000] {processor.py:178} INFO - Processing /home/airflow/.local/lib/python3.7/site-packages/airflow/example_dags/tutorial_dag.py took 0.137 seconds
[2023-05-15T00:19:30.383+0000] {processor.py:156} INFO - Started process (PID=2571) to work on /home/airflow/.local/lib/python3.7/site-packages/airflow/example_dags/tutorial_dag.py
[2023-05-15T00:19:30.384+0000] {processor.py:758} INFO - Processing file /home/airflow/.local/lib/python3.7/site-packages/airflow/example_dags/tutorial_dag.py for tasks to queue
[2023-05-15T00:19:30.385+0000] {logging_mixin.py:117} INFO - [2023-05-15T00:19:30.385+0000] {dagbag.py:525} INFO - Filling up the DagBag from /home/airflow/.local/lib/python3.7/site-packages/airflow/example_dags/tutorial_dag.py
[2023-05-15T00:19:30.412+0000] {processor.py:768} INFO - DAG(s) dict_keys(['tutorial_dag']) retrieved from /home/airflow/.local/lib/python3.7/site-packages/airflow/example_dags/tutorial_dag.py
[2023-05-15T00:19:30.480+0000] {logging_mixin.py:117} INFO - [2023-05-15T00:19:30.480+0000] {dag.py:2573} INFO - Sync 1 DAGs
[2023-05-15T00:19:30.531+0000] {logging_mixin.py:117} INFO - [2023-05-15T00:19:30.530+0000] {dag.py:3328} INFO - Setting next_dagrun for tutorial_dag to None, run_after=None
[2023-05-15T00:19:30.574+0000] {processor.py:178} INFO - Processing /home/airflow/.local/lib/python3.7/site-packages/airflow/example_dags/tutorial_dag.py took 0.199 seconds
[2023-05-15T00:20:00.646+0000] {processor.py:156} INFO - Started process (PID=2773) to work on /home/airflow/.local/lib/python3.7/site-packages/airflow/example_dags/tutorial_dag.py
[2023-05-15T00:20:00.647+0000] {processor.py:758} INFO - Processing file /home/airflow/.local/lib/python3.7/site-packages/airflow/example_dags/tutorial_dag.py for tasks to queue
[2023-05-15T00:20:00.647+0000] {logging_mixin.py:117} INFO - [2023-05-15T00:20:00.647+0000] {dagbag.py:525} INFO - Filling up the DagBag from /home/airflow/.local/lib/python3.7/site-packages/airflow/example_dags/tutorial_dag.py
[2023-05-15T00:20:00.661+0000] {processor.py:768} INFO - DAG(s) dict_keys(['tutorial_dag']) retrieved from /home/airflow/.local/lib/python3.7/site-packages/airflow/example_dags/tutorial_dag.py
[2023-05-15T00:20:00.703+0000] {logging_mixin.py:117} INFO - [2023-05-15T00:20:00.703+0000] {dag.py:2573} INFO - Sync 1 DAGs
[2023-05-15T00:20:00.737+0000] {logging_mixin.py:117} INFO - [2023-05-15T00:20:00.737+0000] {dag.py:3328} INFO - Setting next_dagrun for tutorial_dag to None, run_after=None
[2023-05-15T00:20:00.756+0000] {processor.py:178} INFO - Processing /home/airflow/.local/lib/python3.7/site-packages/airflow/example_dags/tutorial_dag.py took 0.113 seconds
[2023-05-15T00:20:31.488+0000] {processor.py:156} INFO - Started process (PID=2984) to work on /home/airflow/.local/lib/python3.7/site-packages/airflow/example_dags/tutorial_dag.py
[2023-05-15T00:20:31.497+0000] {processor.py:758} INFO - Processing file /home/airflow/.local/lib/python3.7/site-packages/airflow/example_dags/tutorial_dag.py for tasks to queue
[2023-05-15T00:20:31.499+0000] {logging_mixin.py:117} INFO - [2023-05-15T00:20:31.498+0000] {dagbag.py:525} INFO - Filling up the DagBag from /home/airflow/.local/lib/python3.7/site-packages/airflow/example_dags/tutorial_dag.py
[2023-05-15T00:20:31.531+0000] {processor.py:768} INFO - DAG(s) dict_keys(['tutorial_dag']) retrieved from /home/airflow/.local/lib/python3.7/site-packages/airflow/example_dags/tutorial_dag.py
[2023-05-15T00:20:31.588+0000] {logging_mixin.py:117} INFO - [2023-05-15T00:20:31.588+0000] {dag.py:2573} INFO - Sync 1 DAGs
[2023-05-15T00:20:31.632+0000] {logging_mixin.py:117} INFO - [2023-05-15T00:20:31.632+0000] {dag.py:3328} INFO - Setting next_dagrun for tutorial_dag to None, run_after=None
[2023-05-15T00:20:31.661+0000] {processor.py:178} INFO - Processing /home/airflow/.local/lib/python3.7/site-packages/airflow/example_dags/tutorial_dag.py took 0.184 seconds
[2023-05-15T00:21:02.028+0000] {processor.py:156} INFO - Started process (PID=3192) to work on /home/airflow/.local/lib/python3.7/site-packages/airflow/example_dags/tutorial_dag.py
[2023-05-15T00:21:02.029+0000] {processor.py:758} INFO - Processing file /home/airflow/.local/lib/python3.7/site-packages/airflow/example_dags/tutorial_dag.py for tasks to queue
[2023-05-15T00:21:02.030+0000] {logging_mixin.py:117} INFO - [2023-05-15T00:21:02.029+0000] {dagbag.py:525} INFO - Filling up the DagBag from /home/airflow/.local/lib/python3.7/site-packages/airflow/example_dags/tutorial_dag.py
[2023-05-15T00:21:02.053+0000] {processor.py:768} INFO - DAG(s) dict_keys(['tutorial_dag']) retrieved from /home/airflow/.local/lib/python3.7/site-packages/airflow/example_dags/tutorial_dag.py
[2023-05-15T00:21:02.110+0000] {logging_mixin.py:117} INFO - [2023-05-15T00:21:02.110+0000] {dag.py:2573} INFO - Sync 1 DAGs
[2023-05-15T00:21:02.149+0000] {logging_mixin.py:117} INFO - [2023-05-15T00:21:02.149+0000] {dag.py:3328} INFO - Setting next_dagrun for tutorial_dag to None, run_after=None
[2023-05-15T00:21:02.179+0000] {processor.py:178} INFO - Processing /home/airflow/.local/lib/python3.7/site-packages/airflow/example_dags/tutorial_dag.py took 0.154 seconds
[2023-05-15T00:21:32.431+0000] {processor.py:156} INFO - Started process (PID=3399) to work on /home/airflow/.local/lib/python3.7/site-packages/airflow/example_dags/tutorial_dag.py
[2023-05-15T00:21:32.432+0000] {processor.py:758} INFO - Processing file /home/airflow/.local/lib/python3.7/site-packages/airflow/example_dags/tutorial_dag.py for tasks to queue
[2023-05-15T00:21:32.433+0000] {logging_mixin.py:117} INFO - [2023-05-15T00:21:32.432+0000] {dagbag.py:525} INFO - Filling up the DagBag from /home/airflow/.local/lib/python3.7/site-packages/airflow/example_dags/tutorial_dag.py
[2023-05-15T00:21:32.451+0000] {processor.py:768} INFO - DAG(s) dict_keys(['tutorial_dag']) retrieved from /home/airflow/.local/lib/python3.7/site-packages/airflow/example_dags/tutorial_dag.py
[2023-05-15T00:21:32.495+0000] {logging_mixin.py:117} INFO - [2023-05-15T00:21:32.495+0000] {dag.py:2573} INFO - Sync 1 DAGs
[2023-05-15T00:21:32.522+0000] {logging_mixin.py:117} INFO - [2023-05-15T00:21:32.522+0000] {dag.py:3328} INFO - Setting next_dagrun for tutorial_dag to None, run_after=None
[2023-05-15T00:21:32.543+0000] {processor.py:178} INFO - Processing /home/airflow/.local/lib/python3.7/site-packages/airflow/example_dags/tutorial_dag.py took 0.116 seconds
[2023-05-15T00:22:02.996+0000] {processor.py:156} INFO - Started process (PID=3611) to work on /home/airflow/.local/lib/python3.7/site-packages/airflow/example_dags/tutorial_dag.py
[2023-05-15T00:22:02.997+0000] {processor.py:758} INFO - Processing file /home/airflow/.local/lib/python3.7/site-packages/airflow/example_dags/tutorial_dag.py for tasks to queue
[2023-05-15T00:22:02.998+0000] {logging_mixin.py:117} INFO - [2023-05-15T00:22:02.998+0000] {dagbag.py:525} INFO - Filling up the DagBag from /home/airflow/.local/lib/python3.7/site-packages/airflow/example_dags/tutorial_dag.py
[2023-05-15T00:22:03.011+0000] {processor.py:768} INFO - DAG(s) dict_keys(['tutorial_dag']) retrieved from /home/airflow/.local/lib/python3.7/site-packages/airflow/example_dags/tutorial_dag.py
[2023-05-15T00:22:03.056+0000] {logging_mixin.py:117} INFO - [2023-05-15T00:22:03.056+0000] {dag.py:2573} INFO - Sync 1 DAGs
[2023-05-15T00:22:03.079+0000] {logging_mixin.py:117} INFO - [2023-05-15T00:22:03.078+0000] {dag.py:3328} INFO - Setting next_dagrun for tutorial_dag to None, run_after=None
[2023-05-15T00:22:03.099+0000] {processor.py:178} INFO - Processing /home/airflow/.local/lib/python3.7/site-packages/airflow/example_dags/tutorial_dag.py took 0.107 seconds
[2023-05-15T00:22:33.481+0000] {processor.py:156} INFO - Started process (PID=3815) to work on /home/airflow/.local/lib/python3.7/site-packages/airflow/example_dags/tutorial_dag.py
[2023-05-15T00:22:33.482+0000] {processor.py:758} INFO - Processing file /home/airflow/.local/lib/python3.7/site-packages/airflow/example_dags/tutorial_dag.py for tasks to queue
[2023-05-15T00:22:33.483+0000] {logging_mixin.py:117} INFO - [2023-05-15T00:22:33.483+0000] {dagbag.py:525} INFO - Filling up the DagBag from /home/airflow/.local/lib/python3.7/site-packages/airflow/example_dags/tutorial_dag.py
[2023-05-15T00:22:33.503+0000] {processor.py:768} INFO - DAG(s) dict_keys(['tutorial_dag']) retrieved from /home/airflow/.local/lib/python3.7/site-packages/airflow/example_dags/tutorial_dag.py
[2023-05-15T00:22:33.557+0000] {logging_mixin.py:117} INFO - [2023-05-15T00:22:33.556+0000] {dag.py:2573} INFO - Sync 1 DAGs
[2023-05-15T00:22:33.594+0000] {logging_mixin.py:117} INFO - [2023-05-15T00:22:33.594+0000] {dag.py:3328} INFO - Setting next_dagrun for tutorial_dag to None, run_after=None
[2023-05-15T00:22:33.620+0000] {processor.py:178} INFO - Processing /home/airflow/.local/lib/python3.7/site-packages/airflow/example_dags/tutorial_dag.py took 0.156 seconds
[2023-05-15T00:23:04.298+0000] {processor.py:156} INFO - Started process (PID=4028) to work on /home/airflow/.local/lib/python3.7/site-packages/airflow/example_dags/tutorial_dag.py
[2023-05-15T00:23:04.299+0000] {processor.py:758} INFO - Processing file /home/airflow/.local/lib/python3.7/site-packages/airflow/example_dags/tutorial_dag.py for tasks to queue
[2023-05-15T00:23:04.300+0000] {logging_mixin.py:117} INFO - [2023-05-15T00:23:04.300+0000] {dagbag.py:525} INFO - Filling up the DagBag from /home/airflow/.local/lib/python3.7/site-packages/airflow/example_dags/tutorial_dag.py
[2023-05-15T00:23:04.316+0000] {processor.py:768} INFO - DAG(s) dict_keys(['tutorial_dag']) retrieved from /home/airflow/.local/lib/python3.7/site-packages/airflow/example_dags/tutorial_dag.py
[2023-05-15T00:23:04.354+0000] {logging_mixin.py:117} INFO - [2023-05-15T00:23:04.354+0000] {dag.py:2573} INFO - Sync 1 DAGs
[2023-05-15T00:23:04.379+0000] {logging_mixin.py:117} INFO - [2023-05-15T00:23:04.379+0000] {dag.py:3328} INFO - Setting next_dagrun for tutorial_dag to None, run_after=None
[2023-05-15T00:23:04.400+0000] {processor.py:178} INFO - Processing /home/airflow/.local/lib/python3.7/site-packages/airflow/example_dags/tutorial_dag.py took 0.105 seconds
[2023-05-15T00:23:35.073+0000] {processor.py:156} INFO - Started process (PID=4240) to work on /home/airflow/.local/lib/python3.7/site-packages/airflow/example_dags/tutorial_dag.py
[2023-05-15T00:23:35.074+0000] {processor.py:758} INFO - Processing file /home/airflow/.local/lib/python3.7/site-packages/airflow/example_dags/tutorial_dag.py for tasks to queue
[2023-05-15T00:23:35.076+0000] {logging_mixin.py:117} INFO - [2023-05-15T00:23:35.076+0000] {dagbag.py:525} INFO - Filling up the DagBag from /home/airflow/.local/lib/python3.7/site-packages/airflow/example_dags/tutorial_dag.py
[2023-05-15T00:23:35.110+0000] {processor.py:768} INFO - DAG(s) dict_keys(['tutorial_dag']) retrieved from /home/airflow/.local/lib/python3.7/site-packages/airflow/example_dags/tutorial_dag.py
[2023-05-15T00:23:35.166+0000] {logging_mixin.py:117} INFO - [2023-05-15T00:23:35.165+0000] {dag.py:2573} INFO - Sync 1 DAGs
[2023-05-15T00:23:35.206+0000] {logging_mixin.py:117} INFO - [2023-05-15T00:23:35.205+0000] {dag.py:3328} INFO - Setting next_dagrun for tutorial_dag to None, run_after=None
[2023-05-15T00:23:35.234+0000] {processor.py:178} INFO - Processing /home/airflow/.local/lib/python3.7/site-packages/airflow/example_dags/tutorial_dag.py took 0.176 seconds
[2023-05-15T00:24:05.511+0000] {processor.py:156} INFO - Started process (PID=4452) to work on /home/airflow/.local/lib/python3.7/site-packages/airflow/example_dags/tutorial_dag.py
[2023-05-15T00:24:05.512+0000] {processor.py:758} INFO - Processing file /home/airflow/.local/lib/python3.7/site-packages/airflow/example_dags/tutorial_dag.py for tasks to queue
[2023-05-15T00:24:05.513+0000] {logging_mixin.py:117} INFO - [2023-05-15T00:24:05.513+0000] {dagbag.py:525} INFO - Filling up the DagBag from /home/airflow/.local/lib/python3.7/site-packages/airflow/example_dags/tutorial_dag.py
[2023-05-15T00:24:05.533+0000] {processor.py:768} INFO - DAG(s) dict_keys(['tutorial_dag']) retrieved from /home/airflow/.local/lib/python3.7/site-packages/airflow/example_dags/tutorial_dag.py
[2023-05-15T00:24:05.606+0000] {logging_mixin.py:117} INFO - [2023-05-15T00:24:05.605+0000] {dag.py:2573} INFO - Sync 1 DAGs
[2023-05-15T00:24:05.647+0000] {logging_mixin.py:117} INFO - [2023-05-15T00:24:05.647+0000] {dag.py:3328} INFO - Setting next_dagrun for tutorial_dag to None, run_after=None
[2023-05-15T00:24:05.682+0000] {processor.py:178} INFO - Processing /home/airflow/.local/lib/python3.7/site-packages/airflow/example_dags/tutorial_dag.py took 0.176 seconds
[2023-05-15T00:24:36.190+0000] {processor.py:156} INFO - Started process (PID=4655) to work on /home/airflow/.local/lib/python3.7/site-packages/airflow/example_dags/tutorial_dag.py
[2023-05-15T00:24:36.191+0000] {processor.py:758} INFO - Processing file /home/airflow/.local/lib/python3.7/site-packages/airflow/example_dags/tutorial_dag.py for tasks to queue
[2023-05-15T00:24:36.191+0000] {logging_mixin.py:117} INFO - [2023-05-15T00:24:36.191+0000] {dagbag.py:525} INFO - Filling up the DagBag from /home/airflow/.local/lib/python3.7/site-packages/airflow/example_dags/tutorial_dag.py
[2023-05-15T00:24:36.205+0000] {processor.py:768} INFO - DAG(s) dict_keys(['tutorial_dag']) retrieved from /home/airflow/.local/lib/python3.7/site-packages/airflow/example_dags/tutorial_dag.py
[2023-05-15T00:24:36.250+0000] {logging_mixin.py:117} INFO - [2023-05-15T00:24:36.250+0000] {dag.py:2573} INFO - Sync 1 DAGs
[2023-05-15T00:24:36.285+0000] {logging_mixin.py:117} INFO - [2023-05-15T00:24:36.285+0000] {dag.py:3328} INFO - Setting next_dagrun for tutorial_dag to None, run_after=None
[2023-05-15T00:24:36.311+0000] {processor.py:178} INFO - Processing /home/airflow/.local/lib/python3.7/site-packages/airflow/example_dags/tutorial_dag.py took 0.125 seconds
[2023-05-15T00:34:04.727+0000] {processor.py:156} INFO - Started process (PID=284) to work on /home/airflow/.local/lib/python3.7/site-packages/airflow/example_dags/tutorial_dag.py
[2023-05-15T00:34:04.729+0000] {processor.py:758} INFO - Processing file /home/airflow/.local/lib/python3.7/site-packages/airflow/example_dags/tutorial_dag.py for tasks to queue
[2023-05-15T00:34:04.730+0000] {logging_mixin.py:117} INFO - [2023-05-15T00:34:04.729+0000] {dagbag.py:525} INFO - Filling up the DagBag from /home/airflow/.local/lib/python3.7/site-packages/airflow/example_dags/tutorial_dag.py
[2023-05-15T00:34:04.754+0000] {processor.py:768} INFO - DAG(s) dict_keys(['tutorial_dag']) retrieved from /home/airflow/.local/lib/python3.7/site-packages/airflow/example_dags/tutorial_dag.py
[2023-05-15T00:34:04.815+0000] {logging_mixin.py:117} INFO - [2023-05-15T00:34:04.814+0000] {dag.py:2573} INFO - Sync 1 DAGs
[2023-05-15T00:34:04.890+0000] {logging_mixin.py:117} INFO - [2023-05-15T00:34:04.890+0000] {dag.py:3328} INFO - Setting next_dagrun for tutorial_dag to None, run_after=None
[2023-05-15T00:34:04.921+0000] {processor.py:178} INFO - Processing /home/airflow/.local/lib/python3.7/site-packages/airflow/example_dags/tutorial_dag.py took 0.197 seconds
[2023-05-15T00:34:36.427+0000] {processor.py:156} INFO - Started process (PID=486) to work on /home/airflow/.local/lib/python3.7/site-packages/airflow/example_dags/tutorial_dag.py
[2023-05-15T00:34:36.428+0000] {processor.py:758} INFO - Processing file /home/airflow/.local/lib/python3.7/site-packages/airflow/example_dags/tutorial_dag.py for tasks to queue
[2023-05-15T00:34:36.429+0000] {logging_mixin.py:117} INFO - [2023-05-15T00:34:36.428+0000] {dagbag.py:525} INFO - Filling up the DagBag from /home/airflow/.local/lib/python3.7/site-packages/airflow/example_dags/tutorial_dag.py
[2023-05-15T00:34:36.450+0000] {processor.py:768} INFO - DAG(s) dict_keys(['tutorial_dag']) retrieved from /home/airflow/.local/lib/python3.7/site-packages/airflow/example_dags/tutorial_dag.py
[2023-05-15T00:34:36.498+0000] {logging_mixin.py:117} INFO - [2023-05-15T00:34:36.497+0000] {dag.py:2573} INFO - Sync 1 DAGs
[2023-05-15T00:34:36.537+0000] {logging_mixin.py:117} INFO - [2023-05-15T00:34:36.537+0000] {dag.py:3328} INFO - Setting next_dagrun for tutorial_dag to None, run_after=None
[2023-05-15T00:34:36.565+0000] {processor.py:178} INFO - Processing /home/airflow/.local/lib/python3.7/site-packages/airflow/example_dags/tutorial_dag.py took 0.142 seconds
