[2023-05-21T23:20:55.166+0000] {taskinstance.py:1083} INFO - Dependencies all met for <TaskInstance: outradag.task6 manual__2023-05-21T23:18:14.262894+00:00 [queued]>
[2023-05-21T23:20:55.182+0000] {taskinstance.py:1083} INFO - Dependencies all met for <TaskInstance: outradag.task6 manual__2023-05-21T23:18:14.262894+00:00 [queued]>
[2023-05-21T23:20:55.182+0000] {taskinstance.py:1279} INFO - 
--------------------------------------------------------------------------------
[2023-05-21T23:20:55.182+0000] {taskinstance.py:1280} INFO - Starting attempt 2 of 2
[2023-05-21T23:20:55.182+0000] {taskinstance.py:1281} INFO - 
--------------------------------------------------------------------------------
[2023-05-21T23:20:55.206+0000] {taskinstance.py:1300} INFO - Executing <Task(BashOperator): task6> on 2023-05-21 23:18:14.262894+00:00
[2023-05-21T23:20:55.214+0000] {standard_task_runner.py:55} INFO - Started process 16433 to run task
[2023-05-21T23:20:55.218+0000] {standard_task_runner.py:82} INFO - Running: ['***', 'tasks', 'run', 'outradag', 'task6', 'manual__2023-05-21T23:18:14.262894+00:00', '--job-id', '70', '--raw', '--subdir', 'DAGS_FOLDER/outradag.py', '--cfg-path', '/tmp/tmpo1l4x2nb']
[2023-05-21T23:20:55.219+0000] {standard_task_runner.py:83} INFO - Job 70: Subtask task6
[2023-05-21T23:20:55.331+0000] {task_command.py:388} INFO - Running <TaskInstance: outradag.task6 manual__2023-05-21T23:18:14.262894+00:00 [running]> on host cae8e8ceecb4
[2023-05-21T23:20:55.442+0000] {taskinstance.py:1509} INFO - Exporting the following env vars:
AIRFLOW_CTX_DAG_OWNER=***
AIRFLOW_CTX_DAG_ID=outradag
AIRFLOW_CTX_TASK_ID=task6
AIRFLOW_CTX_EXECUTION_DATE=2023-05-21T23:18:14.262894+00:00
AIRFLOW_CTX_TRY_NUMBER=2
AIRFLOW_CTX_DAG_RUN_ID=manual__2023-05-21T23:18:14.262894+00:00
[2023-05-21T23:20:55.444+0000] {subprocess.py:63} INFO - Tmp dir root location: 
 /tmp
[2023-05-21T23:20:55.444+0000] {subprocess.py:75} INFO - Running command: ['/bin/bash', '-c', 'echo "Task 6"']
[2023-05-21T23:20:55.472+0000] {subprocess.py:86} INFO - Output:
[2023-05-21T23:20:55.477+0000] {subprocess.py:93} INFO - Task 6
[2023-05-21T23:20:55.482+0000] {subprocess.py:97} INFO - Command exited with return code 0
[2023-05-21T23:20:55.555+0000] {taskinstance.py:1323} INFO - Marking task as SUCCESS. dag_id=outradag, task_id=task6, execution_date=20230521T231814, start_date=20230521T232055, end_date=20230521T232055
[2023-05-21T23:20:55.592+0000] {local_task_job.py:208} INFO - Task exited with return code 0
[2023-05-21T23:20:55.625+0000] {taskinstance.py:2578} INFO - 2 downstream tasks scheduled from follow-on schedule check
