[2023-05-21T23:18:20.482+0000] {taskinstance.py:1083} INFO - Dependencies all met for <TaskInstance: outradag.task6 manual__2023-05-21T23:18:14.262894+00:00 [queued]>
[2023-05-21T23:18:20.493+0000] {taskinstance.py:1083} INFO - Dependencies all met for <TaskInstance: outradag.task6 manual__2023-05-21T23:18:14.262894+00:00 [queued]>
[2023-05-21T23:18:20.493+0000] {taskinstance.py:1279} INFO - 
--------------------------------------------------------------------------------
[2023-05-21T23:18:20.493+0000] {taskinstance.py:1280} INFO - Starting attempt 1 of 1
[2023-05-21T23:18:20.493+0000] {taskinstance.py:1281} INFO - 
--------------------------------------------------------------------------------
[2023-05-21T23:18:20.507+0000] {taskinstance.py:1300} INFO - Executing <Task(BashOperator): task6> on 2023-05-21 23:18:14.262894+00:00
[2023-05-21T23:18:20.513+0000] {standard_task_runner.py:55} INFO - Started process 16259 to run task
[2023-05-21T23:18:20.516+0000] {standard_task_runner.py:82} INFO - Running: ['***', 'tasks', 'run', 'outradag', 'task6', 'manual__2023-05-21T23:18:14.262894+00:00', '--job-id', '63', '--raw', '--subdir', 'DAGS_FOLDER/outradag.py', '--cfg-path', '/tmp/tmpf172l10t']
[2023-05-21T23:18:20.517+0000] {standard_task_runner.py:83} INFO - Job 63: Subtask task6
[2023-05-21T23:18:20.583+0000] {task_command.py:388} INFO - Running <TaskInstance: outradag.task6 manual__2023-05-21T23:18:14.262894+00:00 [running]> on host cae8e8ceecb4
[2023-05-21T23:18:20.664+0000] {taskinstance.py:1509} INFO - Exporting the following env vars:
AIRFLOW_CTX_DAG_OWNER=***
AIRFLOW_CTX_DAG_ID=outradag
AIRFLOW_CTX_TASK_ID=task6
AIRFLOW_CTX_EXECUTION_DATE=2023-05-21T23:18:14.262894+00:00
AIRFLOW_CTX_TRY_NUMBER=1
AIRFLOW_CTX_DAG_RUN_ID=manual__2023-05-21T23:18:14.262894+00:00
[2023-05-21T23:18:20.666+0000] {subprocess.py:63} INFO - Tmp dir root location: 
 /tmp
[2023-05-21T23:18:20.666+0000] {subprocess.py:75} INFO - Running command: ['/bin/bash', '-c', 'echo "Task 6"']
[2023-05-21T23:18:20.679+0000] {subprocess.py:86} INFO - Output:
[2023-05-21T23:18:20.681+0000] {subprocess.py:93} INFO - Task 6
[2023-05-21T23:18:20.681+0000] {subprocess.py:97} INFO - Command exited with return code 0
[2023-05-21T23:18:20.709+0000] {taskinstance.py:1323} INFO - Marking task as SUCCESS. dag_id=outradag, task_id=task6, execution_date=20230521T231814, start_date=20230521T231820, end_date=20230521T231820
[2023-05-21T23:18:20.727+0000] {local_task_job.py:208} INFO - Task exited with return code 0
[2023-05-21T23:18:20.749+0000] {taskinstance.py:2578} INFO - 3 downstream tasks scheduled from follow-on schedule check
