[2023-05-21T23:45:16.181+0000] {taskinstance.py:1083} INFO - Dependencies all met for <TaskInstance: outradag.task1 manual__2023-05-21T23:45:14.130171+00:00 [queued]>
[2023-05-21T23:45:16.201+0000] {taskinstance.py:1083} INFO - Dependencies all met for <TaskInstance: outradag.task1 manual__2023-05-21T23:45:14.130171+00:00 [queued]>
[2023-05-21T23:45:16.201+0000] {taskinstance.py:1279} INFO - 
--------------------------------------------------------------------------------
[2023-05-21T23:45:16.202+0000] {taskinstance.py:1280} INFO - Starting attempt 1 of 1
[2023-05-21T23:45:16.202+0000] {taskinstance.py:1281} INFO - 
--------------------------------------------------------------------------------
[2023-05-21T23:45:16.237+0000] {taskinstance.py:1300} INFO - Executing <Task(BashOperator): task1> on 2023-05-21 23:45:14.130171+00:00
[2023-05-21T23:45:16.245+0000] {standard_task_runner.py:55} INFO - Started process 17848 to run task
[2023-05-21T23:45:16.249+0000] {standard_task_runner.py:82} INFO - Running: ['***', 'tasks', 'run', 'outradag', 'task1', 'manual__2023-05-21T23:45:14.130171+00:00', '--job-id', '99', '--raw', '--subdir', 'DAGS_FOLDER/outradag.py', '--cfg-path', '/tmp/tmp73uqhesk']
[2023-05-21T23:45:16.250+0000] {standard_task_runner.py:83} INFO - Job 99: Subtask task1
[2023-05-21T23:45:16.372+0000] {task_command.py:388} INFO - Running <TaskInstance: outradag.task1 manual__2023-05-21T23:45:14.130171+00:00 [running]> on host cae8e8ceecb4
[2023-05-21T23:45:16.538+0000] {taskinstance.py:1509} INFO - Exporting the following env vars:
AIRFLOW_CTX_DAG_OWNER=***
AIRFLOW_CTX_DAG_ID=outradag
AIRFLOW_CTX_TASK_ID=task1
AIRFLOW_CTX_EXECUTION_DATE=2023-05-21T23:45:14.130171+00:00
AIRFLOW_CTX_TRY_NUMBER=1
AIRFLOW_CTX_DAG_RUN_ID=manual__2023-05-21T23:45:14.130171+00:00
[2023-05-21T23:45:16.539+0000] {subprocess.py:63} INFO - Tmp dir root location: 
 /tmp
[2023-05-21T23:45:16.540+0000] {subprocess.py:75} INFO - Running command: ['/bin/bash', '-c', 'echo "Task 1"']
[2023-05-21T23:45:16.559+0000] {subprocess.py:86} INFO - Output:
[2023-05-21T23:45:16.561+0000] {subprocess.py:93} INFO - Task 1
[2023-05-21T23:45:16.561+0000] {subprocess.py:97} INFO - Command exited with return code 0
[2023-05-21T23:45:16.615+0000] {taskinstance.py:1323} INFO - Marking task as SUCCESS. dag_id=outradag, task_id=task1, execution_date=20230521T234514, start_date=20230521T234516, end_date=20230521T234516
[2023-05-21T23:45:16.672+0000] {local_task_job.py:208} INFO - Task exited with return code 0
[2023-05-21T23:45:16.741+0000] {taskinstance.py:2578} INFO - 1 downstream tasks scheduled from follow-on schedule check
