[2023-05-21T23:30:07.265+0000] {taskinstance.py:1083} INFO - Dependencies all met for <TaskInstance: outradag.task8 scheduled__2023-05-21T22:30:00+00:00 [queued]>
[2023-05-21T23:30:07.296+0000] {taskinstance.py:1083} INFO - Dependencies all met for <TaskInstance: outradag.task8 scheduled__2023-05-21T22:30:00+00:00 [queued]>
[2023-05-21T23:30:07.296+0000] {taskinstance.py:1279} INFO - 
--------------------------------------------------------------------------------
[2023-05-21T23:30:07.296+0000] {taskinstance.py:1280} INFO - Starting attempt 1 of 1
[2023-05-21T23:30:07.297+0000] {taskinstance.py:1281} INFO - 
--------------------------------------------------------------------------------
[2023-05-21T23:30:07.358+0000] {taskinstance.py:1300} INFO - Executing <Task(BashOperator): task8> on 2023-05-21 22:30:00+00:00
[2023-05-21T23:30:07.366+0000] {standard_task_runner.py:55} INFO - Started process 16963 to run task
[2023-05-21T23:30:07.373+0000] {standard_task_runner.py:82} INFO - Running: ['***', 'tasks', 'run', 'outradag', 'task8', 'scheduled__2023-05-21T22:30:00+00:00', '--job-id', '79', '--raw', '--subdir', 'DAGS_FOLDER/outradag.py', '--cfg-path', '/tmp/tmpsldf4181']
[2023-05-21T23:30:07.374+0000] {standard_task_runner.py:83} INFO - Job 79: Subtask task8
[2023-05-21T23:30:07.510+0000] {task_command.py:388} INFO - Running <TaskInstance: outradag.task8 scheduled__2023-05-21T22:30:00+00:00 [running]> on host cae8e8ceecb4
[2023-05-21T23:30:07.648+0000] {taskinstance.py:1509} INFO - Exporting the following env vars:
AIRFLOW_CTX_DAG_OWNER=***
AIRFLOW_CTX_DAG_ID=outradag
AIRFLOW_CTX_TASK_ID=task8
AIRFLOW_CTX_EXECUTION_DATE=2023-05-21T22:30:00+00:00
AIRFLOW_CTX_TRY_NUMBER=1
AIRFLOW_CTX_DAG_RUN_ID=scheduled__2023-05-21T22:30:00+00:00
[2023-05-21T23:30:07.649+0000] {subprocess.py:63} INFO - Tmp dir root location: 
 /tmp
[2023-05-21T23:30:07.650+0000] {subprocess.py:75} INFO - Running command: ['/bin/bash', '-c', 'echo "Task 8"']
[2023-05-21T23:30:07.681+0000] {subprocess.py:86} INFO - Output:
[2023-05-21T23:30:07.683+0000] {subprocess.py:93} INFO - Task 8
[2023-05-21T23:30:07.684+0000] {subprocess.py:97} INFO - Command exited with return code 0
[2023-05-21T23:30:07.732+0000] {taskinstance.py:1323} INFO - Marking task as SUCCESS. dag_id=outradag, task_id=task8, execution_date=20230521T223000, start_date=20230521T233007, end_date=20230521T233007
[2023-05-21T23:30:07.793+0000] {local_task_job.py:208} INFO - Task exited with return code 0
[2023-05-21T23:30:07.827+0000] {taskinstance.py:2578} INFO - 0 downstream tasks scheduled from follow-on schedule check
