[2023-05-27T18:31:42.946+0000] {taskinstance.py:1083} INFO - Dependencies all met for <TaskInstance: captura_dados.create_transient_folder manual__2023-05-27T18:19:19.145234+00:00 [queued]>
[2023-05-27T18:31:42.958+0000] {taskinstance.py:1083} INFO - Dependencies all met for <TaskInstance: captura_dados.create_transient_folder manual__2023-05-27T18:19:19.145234+00:00 [queued]>
[2023-05-27T18:31:42.959+0000] {taskinstance.py:1279} INFO - 
--------------------------------------------------------------------------------
[2023-05-27T18:31:42.959+0000] {taskinstance.py:1280} INFO - Starting attempt 2 of 3
[2023-05-27T18:31:42.959+0000] {taskinstance.py:1281} INFO - 
--------------------------------------------------------------------------------
[2023-05-27T18:31:42.980+0000] {taskinstance.py:1300} INFO - Executing <Task(PythonOperator): create_transient_folder> on 2023-05-27 18:19:19.145234+00:00
[2023-05-27T18:31:42.988+0000] {standard_task_runner.py:55} INFO - Started process 3311 to run task
[2023-05-27T18:31:42.992+0000] {standard_task_runner.py:82} INFO - Running: ['***', 'tasks', 'run', 'captura_dados', 'create_transient_folder', 'manual__2023-05-27T18:19:19.145234+00:00', '--job-id', '190', '--raw', '--subdir', 'DAGS_FOLDER/captura_dados.py', '--cfg-path', '/tmp/tmp62_9mtxv']
[2023-05-27T18:31:42.994+0000] {standard_task_runner.py:83} INFO - Job 190: Subtask create_transient_folder
[2023-05-27T18:31:43.064+0000] {task_command.py:388} INFO - Running <TaskInstance: captura_dados.create_transient_folder manual__2023-05-27T18:19:19.145234+00:00 [running]> on host df5a7ad10ac6
[2023-05-27T18:31:43.155+0000] {taskinstance.py:1509} INFO - Exporting the following env vars:
AIRFLOW_CTX_DAG_EMAIL=test@test.com
AIRFLOW_CTX_DAG_OWNER=***
AIRFLOW_CTX_DAG_ID=captura_dados
AIRFLOW_CTX_TASK_ID=create_transient_folder
AIRFLOW_CTX_EXECUTION_DATE=2023-05-27T18:19:19.145234+00:00
AIRFLOW_CTX_TRY_NUMBER=2
AIRFLOW_CTX_DAG_RUN_ID=manual__2023-05-27T18:19:19.145234+00:00
[2023-05-27T18:31:43.156+0000] {python.py:177} INFO - Done. Returned value was: None
[2023-05-27T18:31:43.167+0000] {taskinstance.py:1323} INFO - Marking task as SUCCESS. dag_id=captura_dados, task_id=create_transient_folder, execution_date=20230527T181919, start_date=20230527T183142, end_date=20230527T183143
[2023-05-27T18:31:43.203+0000] {local_task_job.py:208} INFO - Task exited with return code 0
[2023-05-27T18:31:43.241+0000] {taskinstance.py:2578} INFO - 1 downstream tasks scheduled from follow-on schedule check
