[2023-05-18T17:45:48.047+0000] {processor.py:156} INFO - Started process (PID=12558) to work on /opt/airflow/dags/create_table.py
[2023-05-18T17:45:48.048+0000] {processor.py:758} INFO - Processing file /opt/airflow/dags/create_table.py for tasks to queue
[2023-05-18T17:45:48.048+0000] {logging_mixin.py:117} INFO - [2023-05-18T17:45:48.048+0000] {dagbag.py:525} INFO - Filling up the DagBag from /opt/airflow/dags/create_table.py
[2023-05-18T17:45:48.151+0000] {processor.py:768} INFO - DAG(s) dict_keys(['create_table_dag']) retrieved from /opt/airflow/dags/create_table.py
[2023-05-18T17:45:48.298+0000] {logging_mixin.py:117} INFO - [2023-05-18T17:45:48.298+0000] {manager.py:508} INFO - Created Permission View: can edit on DAG:create_table_dag
[2023-05-18T17:45:48.309+0000] {logging_mixin.py:117} INFO - [2023-05-18T17:45:48.309+0000] {manager.py:508} INFO - Created Permission View: can read on DAG:create_table_dag
[2023-05-18T17:45:48.321+0000] {logging_mixin.py:117} INFO - [2023-05-18T17:45:48.321+0000] {manager.py:508} INFO - Created Permission View: can delete on DAG:create_table_dag
[2023-05-18T17:45:48.322+0000] {logging_mixin.py:117} INFO - [2023-05-18T17:45:48.322+0000] {dag.py:2573} INFO - Sync 1 DAGs
[2023-05-18T17:45:48.351+0000] {logging_mixin.py:117} INFO - [2023-05-18T17:45:48.351+0000] {dag.py:2594} INFO - Creating ORM DAG for create_table_dag
[2023-05-18T17:45:48.363+0000] {logging_mixin.py:117} INFO - [2023-05-18T17:45:48.363+0000] {dag.py:3328} INFO - Setting next_dagrun for create_table_dag to None, run_after=None
[2023-05-18T17:45:48.380+0000] {processor.py:178} INFO - Processing /opt/airflow/dags/create_table.py took 0.335 seconds
[2023-05-18T17:46:18.452+0000] {processor.py:156} INFO - Started process (PID=12773) to work on /opt/airflow/dags/create_table.py
[2023-05-18T17:46:18.453+0000] {processor.py:758} INFO - Processing file /opt/airflow/dags/create_table.py for tasks to queue
[2023-05-18T17:46:18.453+0000] {logging_mixin.py:117} INFO - [2023-05-18T17:46:18.453+0000] {dagbag.py:525} INFO - Filling up the DagBag from /opt/airflow/dags/create_table.py
[2023-05-18T17:46:18.497+0000] {processor.py:768} INFO - DAG(s) dict_keys(['create_table_dag']) retrieved from /opt/airflow/dags/create_table.py
[2023-05-18T17:46:18.547+0000] {logging_mixin.py:117} INFO - [2023-05-18T17:46:18.547+0000] {dag.py:2573} INFO - Sync 1 DAGs
[2023-05-18T17:46:18.582+0000] {logging_mixin.py:117} INFO - [2023-05-18T17:46:18.581+0000] {dag.py:3328} INFO - Setting next_dagrun for create_table_dag to None, run_after=None
[2023-05-18T17:46:18.611+0000] {processor.py:178} INFO - Processing /opt/airflow/dags/create_table.py took 0.162 seconds
[2023-05-18T17:46:48.668+0000] {processor.py:156} INFO - Started process (PID=12985) to work on /opt/airflow/dags/create_table.py
[2023-05-18T17:46:48.669+0000] {processor.py:758} INFO - Processing file /opt/airflow/dags/create_table.py for tasks to queue
[2023-05-18T17:46:48.670+0000] {logging_mixin.py:117} INFO - [2023-05-18T17:46:48.670+0000] {dagbag.py:525} INFO - Filling up the DagBag from /opt/airflow/dags/create_table.py
[2023-05-18T17:46:48.714+0000] {processor.py:768} INFO - DAG(s) dict_keys(['create_table_dag']) retrieved from /opt/airflow/dags/create_table.py
[2023-05-18T17:46:48.774+0000] {logging_mixin.py:117} INFO - [2023-05-18T17:46:48.774+0000] {dag.py:2573} INFO - Sync 1 DAGs
[2023-05-18T17:46:48.823+0000] {logging_mixin.py:117} INFO - [2023-05-18T17:46:48.823+0000] {dag.py:3328} INFO - Setting next_dagrun for create_table_dag to None, run_after=None
[2023-05-18T17:46:48.855+0000] {processor.py:178} INFO - Processing /opt/airflow/dags/create_table.py took 0.192 seconds
[2023-05-18T17:47:19.535+0000] {processor.py:156} INFO - Started process (PID=13203) to work on /opt/airflow/dags/create_table.py
[2023-05-18T17:47:19.536+0000] {processor.py:758} INFO - Processing file /opt/airflow/dags/create_table.py for tasks to queue
[2023-05-18T17:47:19.537+0000] {logging_mixin.py:117} INFO - [2023-05-18T17:47:19.537+0000] {dagbag.py:525} INFO - Filling up the DagBag from /opt/airflow/dags/create_table.py
[2023-05-18T17:47:19.576+0000] {processor.py:768} INFO - DAG(s) dict_keys(['create_table_dag']) retrieved from /opt/airflow/dags/create_table.py
[2023-05-18T17:47:19.618+0000] {logging_mixin.py:117} INFO - [2023-05-18T17:47:19.618+0000] {dag.py:2573} INFO - Sync 1 DAGs
[2023-05-18T17:47:19.651+0000] {logging_mixin.py:117} INFO - [2023-05-18T17:47:19.650+0000] {dag.py:3328} INFO - Setting next_dagrun for create_table_dag to None, run_after=None
[2023-05-18T17:47:19.670+0000] {processor.py:178} INFO - Processing /opt/airflow/dags/create_table.py took 0.152 seconds
[2023-05-18T17:47:50.247+0000] {processor.py:156} INFO - Started process (PID=13422) to work on /opt/airflow/dags/create_table.py
[2023-05-18T17:47:50.248+0000] {processor.py:758} INFO - Processing file /opt/airflow/dags/create_table.py for tasks to queue
[2023-05-18T17:47:50.249+0000] {logging_mixin.py:117} INFO - [2023-05-18T17:47:50.249+0000] {dagbag.py:525} INFO - Filling up the DagBag from /opt/airflow/dags/create_table.py
[2023-05-18T17:47:50.281+0000] {processor.py:768} INFO - DAG(s) dict_keys(['create_table_dag']) retrieved from /opt/airflow/dags/create_table.py
[2023-05-18T17:47:50.330+0000] {logging_mixin.py:117} INFO - [2023-05-18T17:47:50.330+0000] {dag.py:2573} INFO - Sync 1 DAGs
[2023-05-18T17:47:50.361+0000] {logging_mixin.py:117} INFO - [2023-05-18T17:47:50.361+0000] {dag.py:3328} INFO - Setting next_dagrun for create_table_dag to None, run_after=None
[2023-05-18T17:47:50.388+0000] {processor.py:178} INFO - Processing /opt/airflow/dags/create_table.py took 0.144 seconds
[2023-05-18T17:48:03.371+0000] {processor.py:156} INFO - Started process (PID=13486) to work on /opt/airflow/dags/create_table.py
[2023-05-18T17:48:03.373+0000] {processor.py:758} INFO - Processing file /opt/airflow/dags/create_table.py for tasks to queue
[2023-05-18T17:48:03.374+0000] {logging_mixin.py:117} INFO - [2023-05-18T17:48:03.374+0000] {dagbag.py:525} INFO - Filling up the DagBag from /opt/airflow/dags/create_table.py
[2023-05-18T17:48:03.631+0000] {processor.py:768} INFO - DAG(s) dict_keys(['create_table']) retrieved from /opt/airflow/dags/create_table.py
[2023-05-18T17:48:03.799+0000] {logging_mixin.py:117} INFO - [2023-05-18T17:48:03.799+0000] {manager.py:508} INFO - Created Permission View: can edit on DAG:create_table
[2023-05-18T17:48:03.810+0000] {logging_mixin.py:117} INFO - [2023-05-18T17:48:03.810+0000] {manager.py:508} INFO - Created Permission View: can read on DAG:create_table
[2023-05-18T17:48:03.831+0000] {logging_mixin.py:117} INFO - [2023-05-18T17:48:03.830+0000] {manager.py:508} INFO - Created Permission View: can delete on DAG:create_table
[2023-05-18T17:48:03.831+0000] {logging_mixin.py:117} INFO - [2023-05-18T17:48:03.831+0000] {dag.py:2573} INFO - Sync 1 DAGs
[2023-05-18T17:48:03.858+0000] {logging_mixin.py:117} INFO - [2023-05-18T17:48:03.858+0000] {dag.py:2594} INFO - Creating ORM DAG for create_table
[2023-05-18T17:48:03.875+0000] {logging_mixin.py:117} INFO - [2023-05-18T17:48:03.875+0000] {dag.py:3328} INFO - Setting next_dagrun for create_table to 2023-05-18T16:30:00+00:00, run_after=2023-05-18T17:30:00+00:00
[2023-05-18T17:48:03.911+0000] {processor.py:178} INFO - Processing /opt/airflow/dags/create_table.py took 0.550 seconds
[2023-05-18T17:48:34.036+0000] {processor.py:156} INFO - Started process (PID=13697) to work on /opt/airflow/dags/create_table.py
[2023-05-18T17:48:34.037+0000] {processor.py:758} INFO - Processing file /opt/airflow/dags/create_table.py for tasks to queue
[2023-05-18T17:48:34.039+0000] {logging_mixin.py:117} INFO - [2023-05-18T17:48:34.038+0000] {dagbag.py:525} INFO - Filling up the DagBag from /opt/airflow/dags/create_table.py
[2023-05-18T17:48:34.336+0000] {processor.py:768} INFO - DAG(s) dict_keys(['create_table']) retrieved from /opt/airflow/dags/create_table.py
[2023-05-18T17:48:34.374+0000] {logging_mixin.py:117} INFO - [2023-05-18T17:48:34.374+0000] {dag.py:2573} INFO - Sync 1 DAGs
[2023-05-18T17:48:34.400+0000] {logging_mixin.py:117} INFO - [2023-05-18T17:48:34.400+0000] {dag.py:3328} INFO - Setting next_dagrun for create_table to 2023-05-18T16:30:00+00:00, run_after=2023-05-18T17:30:00+00:00
[2023-05-18T17:48:34.445+0000] {processor.py:178} INFO - Processing /opt/airflow/dags/create_table.py took 0.413 seconds
[2023-05-18T17:49:05.478+0000] {processor.py:156} INFO - Started process (PID=13919) to work on /opt/airflow/dags/create_table.py
[2023-05-18T17:49:05.479+0000] {processor.py:758} INFO - Processing file /opt/airflow/dags/create_table.py for tasks to queue
[2023-05-18T17:49:05.480+0000] {logging_mixin.py:117} INFO - [2023-05-18T17:49:05.479+0000] {dagbag.py:525} INFO - Filling up the DagBag from /opt/airflow/dags/create_table.py
[2023-05-18T17:49:05.782+0000] {processor.py:768} INFO - DAG(s) dict_keys(['create_table']) retrieved from /opt/airflow/dags/create_table.py
[2023-05-18T17:49:05.825+0000] {logging_mixin.py:117} INFO - [2023-05-18T17:49:05.824+0000] {dag.py:2573} INFO - Sync 1 DAGs
[2023-05-18T17:49:05.851+0000] {logging_mixin.py:117} INFO - [2023-05-18T17:49:05.850+0000] {dag.py:3328} INFO - Setting next_dagrun for create_table to 2023-05-18T17:30:00+00:00, run_after=2023-05-18T18:30:00+00:00
[2023-05-18T17:49:05.870+0000] {processor.py:178} INFO - Processing /opt/airflow/dags/create_table.py took 0.398 seconds
[2023-05-18T17:49:35.958+0000] {processor.py:156} INFO - Started process (PID=14134) to work on /opt/airflow/dags/create_table.py
[2023-05-18T17:49:35.960+0000] {processor.py:758} INFO - Processing file /opt/airflow/dags/create_table.py for tasks to queue
[2023-05-18T17:49:35.961+0000] {logging_mixin.py:117} INFO - [2023-05-18T17:49:35.960+0000] {dagbag.py:525} INFO - Filling up the DagBag from /opt/airflow/dags/create_table.py
[2023-05-18T17:49:36.521+0000] {processor.py:768} INFO - DAG(s) dict_keys(['create_table']) retrieved from /opt/airflow/dags/create_table.py
[2023-05-18T17:49:36.570+0000] {logging_mixin.py:117} INFO - [2023-05-18T17:49:36.569+0000] {dag.py:2573} INFO - Sync 1 DAGs
[2023-05-18T17:49:36.604+0000] {logging_mixin.py:117} INFO - [2023-05-18T17:49:36.604+0000] {dag.py:3328} INFO - Setting next_dagrun for create_table to 2023-05-18T17:30:00+00:00, run_after=2023-05-18T18:30:00+00:00
[2023-05-18T17:49:36.644+0000] {processor.py:178} INFO - Processing /opt/airflow/dags/create_table.py took 0.690 seconds
[2023-05-18T17:50:07.091+0000] {processor.py:156} INFO - Started process (PID=14356) to work on /opt/airflow/dags/create_table.py
[2023-05-18T17:50:07.091+0000] {processor.py:758} INFO - Processing file /opt/airflow/dags/create_table.py for tasks to queue
[2023-05-18T17:50:07.092+0000] {logging_mixin.py:117} INFO - [2023-05-18T17:50:07.092+0000] {dagbag.py:525} INFO - Filling up the DagBag from /opt/airflow/dags/create_table.py
[2023-05-18T17:50:07.400+0000] {processor.py:768} INFO - DAG(s) dict_keys(['create_table']) retrieved from /opt/airflow/dags/create_table.py
[2023-05-18T17:50:07.442+0000] {logging_mixin.py:117} INFO - [2023-05-18T17:50:07.442+0000] {dag.py:2573} INFO - Sync 1 DAGs
[2023-05-18T17:50:07.469+0000] {logging_mixin.py:117} INFO - [2023-05-18T17:50:07.469+0000] {dag.py:3328} INFO - Setting next_dagrun for create_table to 2023-05-18T17:30:00+00:00, run_after=2023-05-18T18:30:00+00:00
[2023-05-18T17:50:07.490+0000] {processor.py:178} INFO - Processing /opt/airflow/dags/create_table.py took 0.403 seconds
[2023-05-18T17:50:37.659+0000] {processor.py:156} INFO - Started process (PID=14584) to work on /opt/airflow/dags/create_table.py
[2023-05-18T17:50:37.660+0000] {processor.py:758} INFO - Processing file /opt/airflow/dags/create_table.py for tasks to queue
[2023-05-18T17:50:37.660+0000] {logging_mixin.py:117} INFO - [2023-05-18T17:50:37.660+0000] {dagbag.py:525} INFO - Filling up the DagBag from /opt/airflow/dags/create_table.py
[2023-05-18T17:50:38.047+0000] {processor.py:768} INFO - DAG(s) dict_keys(['create_table']) retrieved from /opt/airflow/dags/create_table.py
[2023-05-18T17:50:38.097+0000] {logging_mixin.py:117} INFO - [2023-05-18T17:50:38.096+0000] {dag.py:2573} INFO - Sync 1 DAGs
[2023-05-18T17:50:38.132+0000] {logging_mixin.py:117} INFO - [2023-05-18T17:50:38.132+0000] {dag.py:3328} INFO - Setting next_dagrun for create_table to 2023-05-18T17:30:00+00:00, run_after=2023-05-18T18:30:00+00:00
[2023-05-18T17:50:38.151+0000] {processor.py:178} INFO - Processing /opt/airflow/dags/create_table.py took 0.496 seconds
[2023-05-18T17:51:08.261+0000] {processor.py:156} INFO - Started process (PID=14806) to work on /opt/airflow/dags/create_table.py
[2023-05-18T17:51:08.262+0000] {processor.py:758} INFO - Processing file /opt/airflow/dags/create_table.py for tasks to queue
[2023-05-18T17:51:08.262+0000] {logging_mixin.py:117} INFO - [2023-05-18T17:51:08.262+0000] {dagbag.py:525} INFO - Filling up the DagBag from /opt/airflow/dags/create_table.py
[2023-05-18T17:51:08.487+0000] {processor.py:768} INFO - DAG(s) dict_keys(['create_table']) retrieved from /opt/airflow/dags/create_table.py
[2023-05-18T17:51:08.540+0000] {logging_mixin.py:117} INFO - [2023-05-18T17:51:08.540+0000] {dag.py:2573} INFO - Sync 1 DAGs
[2023-05-18T17:51:08.615+0000] {logging_mixin.py:117} INFO - [2023-05-18T17:51:08.614+0000] {dag.py:3328} INFO - Setting next_dagrun for create_table to 2023-05-18T17:30:00+00:00, run_after=2023-05-18T18:30:00+00:00
[2023-05-18T17:51:08.649+0000] {processor.py:178} INFO - Processing /opt/airflow/dags/create_table.py took 0.391 seconds
[2023-05-18T17:51:39.503+0000] {processor.py:156} INFO - Started process (PID=15025) to work on /opt/airflow/dags/create_table.py
[2023-05-18T17:51:39.504+0000] {processor.py:758} INFO - Processing file /opt/airflow/dags/create_table.py for tasks to queue
[2023-05-18T17:51:39.506+0000] {logging_mixin.py:117} INFO - [2023-05-18T17:51:39.506+0000] {dagbag.py:525} INFO - Filling up the DagBag from /opt/airflow/dags/create_table.py
[2023-05-18T17:51:39.758+0000] {processor.py:768} INFO - DAG(s) dict_keys(['create_table']) retrieved from /opt/airflow/dags/create_table.py
[2023-05-18T17:51:39.795+0000] {logging_mixin.py:117} INFO - [2023-05-18T17:51:39.795+0000] {dag.py:2573} INFO - Sync 1 DAGs
[2023-05-18T17:51:39.819+0000] {logging_mixin.py:117} INFO - [2023-05-18T17:51:39.818+0000] {dag.py:3328} INFO - Setting next_dagrun for create_table to 2023-05-18T17:30:00+00:00, run_after=2023-05-18T18:30:00+00:00
[2023-05-18T17:51:39.836+0000] {processor.py:178} INFO - Processing /opt/airflow/dags/create_table.py took 0.337 seconds
[2023-05-18T17:52:10.545+0000] {processor.py:156} INFO - Started process (PID=15243) to work on /opt/airflow/dags/create_table.py
[2023-05-18T17:52:10.547+0000] {processor.py:758} INFO - Processing file /opt/airflow/dags/create_table.py for tasks to queue
[2023-05-18T17:52:10.550+0000] {logging_mixin.py:117} INFO - [2023-05-18T17:52:10.549+0000] {dagbag.py:525} INFO - Filling up the DagBag from /opt/airflow/dags/create_table.py
[2023-05-18T17:52:10.849+0000] {processor.py:768} INFO - DAG(s) dict_keys(['create_table']) retrieved from /opt/airflow/dags/create_table.py
[2023-05-18T17:52:10.880+0000] {logging_mixin.py:117} INFO - [2023-05-18T17:52:10.880+0000] {dag.py:2573} INFO - Sync 1 DAGs
[2023-05-18T17:52:10.904+0000] {logging_mixin.py:117} INFO - [2023-05-18T17:52:10.904+0000] {dag.py:3328} INFO - Setting next_dagrun for create_table to 2023-05-18T17:30:00+00:00, run_after=2023-05-18T18:30:00+00:00
[2023-05-18T17:52:10.922+0000] {processor.py:178} INFO - Processing /opt/airflow/dags/create_table.py took 0.392 seconds
[2023-05-18T17:52:41.704+0000] {processor.py:156} INFO - Started process (PID=15452) to work on /opt/airflow/dags/create_table.py
[2023-05-18T17:52:41.705+0000] {processor.py:758} INFO - Processing file /opt/airflow/dags/create_table.py for tasks to queue
[2023-05-18T17:52:41.715+0000] {logging_mixin.py:117} INFO - [2023-05-18T17:52:41.715+0000] {dagbag.py:525} INFO - Filling up the DagBag from /opt/airflow/dags/create_table.py
[2023-05-18T17:52:42.068+0000] {processor.py:768} INFO - DAG(s) dict_keys(['create_table']) retrieved from /opt/airflow/dags/create_table.py
[2023-05-18T17:52:42.105+0000] {logging_mixin.py:117} INFO - [2023-05-18T17:52:42.105+0000] {dag.py:2573} INFO - Sync 1 DAGs
[2023-05-18T17:52:42.144+0000] {logging_mixin.py:117} INFO - [2023-05-18T17:52:42.144+0000] {dag.py:3328} INFO - Setting next_dagrun for create_table to 2023-05-18T17:30:00+00:00, run_after=2023-05-18T18:30:00+00:00
[2023-05-18T17:52:42.171+0000] {processor.py:178} INFO - Processing /opt/airflow/dags/create_table.py took 0.470 seconds
[2023-05-18T17:53:12.876+0000] {processor.py:156} INFO - Started process (PID=15672) to work on /opt/airflow/dags/create_table.py
[2023-05-18T17:53:12.878+0000] {processor.py:758} INFO - Processing file /opt/airflow/dags/create_table.py for tasks to queue
[2023-05-18T17:53:12.879+0000] {logging_mixin.py:117} INFO - [2023-05-18T17:53:12.879+0000] {dagbag.py:525} INFO - Filling up the DagBag from /opt/airflow/dags/create_table.py
[2023-05-18T17:53:13.132+0000] {processor.py:768} INFO - DAG(s) dict_keys(['create_table']) retrieved from /opt/airflow/dags/create_table.py
[2023-05-18T17:53:13.164+0000] {logging_mixin.py:117} INFO - [2023-05-18T17:53:13.163+0000] {dag.py:2573} INFO - Sync 1 DAGs
[2023-05-18T17:53:13.187+0000] {logging_mixin.py:117} INFO - [2023-05-18T17:53:13.187+0000] {dag.py:3328} INFO - Setting next_dagrun for create_table to 2023-05-18T17:30:00+00:00, run_after=2023-05-18T18:30:00+00:00
[2023-05-18T17:53:13.203+0000] {processor.py:178} INFO - Processing /opt/airflow/dags/create_table.py took 0.336 seconds
[2023-05-18T17:53:43.661+0000] {processor.py:156} INFO - Started process (PID=15892) to work on /opt/airflow/dags/create_table.py
[2023-05-18T17:53:43.662+0000] {processor.py:758} INFO - Processing file /opt/airflow/dags/create_table.py for tasks to queue
[2023-05-18T17:53:43.662+0000] {logging_mixin.py:117} INFO - [2023-05-18T17:53:43.662+0000] {dagbag.py:525} INFO - Filling up the DagBag from /opt/airflow/dags/create_table.py
[2023-05-18T17:53:44.110+0000] {processor.py:768} INFO - DAG(s) dict_keys(['create_table']) retrieved from /opt/airflow/dags/create_table.py
[2023-05-18T17:53:44.237+0000] {logging_mixin.py:117} INFO - [2023-05-18T17:53:44.237+0000] {dag.py:2573} INFO - Sync 1 DAGs
[2023-05-18T17:53:44.290+0000] {logging_mixin.py:117} INFO - [2023-05-18T17:53:44.290+0000] {dag.py:3328} INFO - Setting next_dagrun for create_table to 2023-05-18T17:30:00+00:00, run_after=2023-05-18T18:30:00+00:00
[2023-05-18T17:53:44.325+0000] {processor.py:178} INFO - Processing /opt/airflow/dags/create_table.py took 0.668 seconds
[2023-05-18T17:54:14.636+0000] {processor.py:156} INFO - Started process (PID=16102) to work on /opt/airflow/dags/create_table.py
[2023-05-18T17:54:14.637+0000] {processor.py:758} INFO - Processing file /opt/airflow/dags/create_table.py for tasks to queue
[2023-05-18T17:54:14.638+0000] {logging_mixin.py:117} INFO - [2023-05-18T17:54:14.638+0000] {dagbag.py:525} INFO - Filling up the DagBag from /opt/airflow/dags/create_table.py
[2023-05-18T17:54:15.118+0000] {processor.py:768} INFO - DAG(s) dict_keys(['create_table']) retrieved from /opt/airflow/dags/create_table.py
[2023-05-18T17:54:15.155+0000] {logging_mixin.py:117} INFO - [2023-05-18T17:54:15.154+0000] {dag.py:2573} INFO - Sync 1 DAGs
[2023-05-18T17:54:15.217+0000] {logging_mixin.py:117} INFO - [2023-05-18T17:54:15.217+0000] {dag.py:3328} INFO - Setting next_dagrun for create_table to 2023-05-18T17:30:00+00:00, run_after=2023-05-18T18:30:00+00:00
[2023-05-18T17:54:15.246+0000] {processor.py:178} INFO - Processing /opt/airflow/dags/create_table.py took 0.616 seconds
[2023-05-18T17:54:45.349+0000] {processor.py:156} INFO - Started process (PID=16331) to work on /opt/airflow/dags/create_table.py
[2023-05-18T17:54:45.350+0000] {processor.py:758} INFO - Processing file /opt/airflow/dags/create_table.py for tasks to queue
[2023-05-18T17:54:45.351+0000] {logging_mixin.py:117} INFO - [2023-05-18T17:54:45.351+0000] {dagbag.py:525} INFO - Filling up the DagBag from /opt/airflow/dags/create_table.py
[2023-05-18T17:54:45.606+0000] {processor.py:768} INFO - DAG(s) dict_keys(['create_table']) retrieved from /opt/airflow/dags/create_table.py
[2023-05-18T17:54:45.648+0000] {logging_mixin.py:117} INFO - [2023-05-18T17:54:45.647+0000] {dag.py:2573} INFO - Sync 1 DAGs
[2023-05-18T17:54:45.694+0000] {logging_mixin.py:117} INFO - [2023-05-18T17:54:45.694+0000] {dag.py:3328} INFO - Setting next_dagrun for create_table to 2023-05-18T17:30:00+00:00, run_after=2023-05-18T18:30:00+00:00
[2023-05-18T17:54:45.743+0000] {processor.py:178} INFO - Processing /opt/airflow/dags/create_table.py took 0.400 seconds
[2023-05-18T17:55:16.557+0000] {processor.py:156} INFO - Started process (PID=16554) to work on /opt/airflow/dags/create_table.py
[2023-05-18T17:55:16.559+0000] {processor.py:758} INFO - Processing file /opt/airflow/dags/create_table.py for tasks to queue
[2023-05-18T17:55:16.560+0000] {logging_mixin.py:117} INFO - [2023-05-18T17:55:16.559+0000] {dagbag.py:525} INFO - Filling up the DagBag from /opt/airflow/dags/create_table.py
[2023-05-18T17:55:16.813+0000] {processor.py:768} INFO - DAG(s) dict_keys(['create_table']) retrieved from /opt/airflow/dags/create_table.py
[2023-05-18T17:55:16.852+0000] {logging_mixin.py:117} INFO - [2023-05-18T17:55:16.851+0000] {dag.py:2573} INFO - Sync 1 DAGs
[2023-05-18T17:55:16.885+0000] {logging_mixin.py:117} INFO - [2023-05-18T17:55:16.885+0000] {dag.py:3328} INFO - Setting next_dagrun for create_table to 2023-05-18T17:30:00+00:00, run_after=2023-05-18T18:30:00+00:00
[2023-05-18T17:55:16.911+0000] {processor.py:178} INFO - Processing /opt/airflow/dags/create_table.py took 0.362 seconds
[2023-05-18T17:55:47.596+0000] {processor.py:156} INFO - Started process (PID=16772) to work on /opt/airflow/dags/create_table.py
[2023-05-18T17:55:47.597+0000] {processor.py:758} INFO - Processing file /opt/airflow/dags/create_table.py for tasks to queue
[2023-05-18T17:55:47.598+0000] {logging_mixin.py:117} INFO - [2023-05-18T17:55:47.598+0000] {dagbag.py:525} INFO - Filling up the DagBag from /opt/airflow/dags/create_table.py
[2023-05-18T17:55:47.906+0000] {processor.py:768} INFO - DAG(s) dict_keys(['create_table']) retrieved from /opt/airflow/dags/create_table.py
[2023-05-18T17:55:47.941+0000] {logging_mixin.py:117} INFO - [2023-05-18T17:55:47.941+0000] {dag.py:2573} INFO - Sync 1 DAGs
[2023-05-18T17:55:47.969+0000] {logging_mixin.py:117} INFO - [2023-05-18T17:55:47.969+0000] {dag.py:3328} INFO - Setting next_dagrun for create_table to 2023-05-18T17:30:00+00:00, run_after=2023-05-18T18:30:00+00:00
[2023-05-18T17:55:47.999+0000] {processor.py:178} INFO - Processing /opt/airflow/dags/create_table.py took 0.407 seconds
[2023-05-18T17:56:18.757+0000] {processor.py:156} INFO - Started process (PID=16983) to work on /opt/airflow/dags/create_table.py
[2023-05-18T17:56:18.759+0000] {processor.py:758} INFO - Processing file /opt/airflow/dags/create_table.py for tasks to queue
[2023-05-18T17:56:18.760+0000] {logging_mixin.py:117} INFO - [2023-05-18T17:56:18.759+0000] {dagbag.py:525} INFO - Filling up the DagBag from /opt/airflow/dags/create_table.py
[2023-05-18T17:56:19.021+0000] {processor.py:768} INFO - DAG(s) dict_keys(['create_table']) retrieved from /opt/airflow/dags/create_table.py
[2023-05-18T17:56:19.066+0000] {logging_mixin.py:117} INFO - [2023-05-18T17:56:19.066+0000] {dag.py:2573} INFO - Sync 1 DAGs
[2023-05-18T17:56:19.098+0000] {logging_mixin.py:117} INFO - [2023-05-18T17:56:19.098+0000] {dag.py:3328} INFO - Setting next_dagrun for create_table to 2023-05-18T17:30:00+00:00, run_after=2023-05-18T18:30:00+00:00
[2023-05-18T17:56:19.128+0000] {processor.py:178} INFO - Processing /opt/airflow/dags/create_table.py took 0.376 seconds
[2023-05-18T17:56:49.423+0000] {processor.py:156} INFO - Started process (PID=17201) to work on /opt/airflow/dags/create_table.py
[2023-05-18T17:56:49.424+0000] {processor.py:758} INFO - Processing file /opt/airflow/dags/create_table.py for tasks to queue
[2023-05-18T17:56:49.425+0000] {logging_mixin.py:117} INFO - [2023-05-18T17:56:49.425+0000] {dagbag.py:525} INFO - Filling up the DagBag from /opt/airflow/dags/create_table.py
[2023-05-18T17:56:49.698+0000] {processor.py:768} INFO - DAG(s) dict_keys(['create_table']) retrieved from /opt/airflow/dags/create_table.py
[2023-05-18T17:56:49.744+0000] {logging_mixin.py:117} INFO - [2023-05-18T17:56:49.743+0000] {dag.py:2573} INFO - Sync 1 DAGs
[2023-05-18T17:56:49.778+0000] {logging_mixin.py:117} INFO - [2023-05-18T17:56:49.778+0000] {dag.py:3328} INFO - Setting next_dagrun for create_table to 2023-05-18T17:30:00+00:00, run_after=2023-05-18T18:30:00+00:00
[2023-05-18T17:56:49.808+0000] {processor.py:178} INFO - Processing /opt/airflow/dags/create_table.py took 0.393 seconds
[2023-05-18T17:57:12.640+0000] {processor.py:156} INFO - Started process (PID=17370) to work on /opt/airflow/dags/create_table.py
[2023-05-18T17:57:12.641+0000] {processor.py:758} INFO - Processing file /opt/airflow/dags/create_table.py for tasks to queue
[2023-05-18T17:57:12.642+0000] {logging_mixin.py:117} INFO - [2023-05-18T17:57:12.641+0000] {dagbag.py:525} INFO - Filling up the DagBag from /opt/airflow/dags/create_table.py
[2023-05-18T17:57:12.915+0000] {processor.py:768} INFO - DAG(s) dict_keys(['create_mysql_connection']) retrieved from /opt/airflow/dags/create_table.py
[2023-05-18T17:57:13.053+0000] {logging_mixin.py:117} INFO - [2023-05-18T17:57:13.052+0000] {manager.py:508} INFO - Created Permission View: can edit on DAG:create_mysql_connection
[2023-05-18T17:57:13.066+0000] {logging_mixin.py:117} INFO - [2023-05-18T17:57:13.066+0000] {manager.py:508} INFO - Created Permission View: can read on DAG:create_mysql_connection
[2023-05-18T17:57:13.073+0000] {logging_mixin.py:117} INFO - [2023-05-18T17:57:13.073+0000] {manager.py:508} INFO - Created Permission View: can delete on DAG:create_mysql_connection
[2023-05-18T17:57:13.073+0000] {logging_mixin.py:117} INFO - [2023-05-18T17:57:13.073+0000] {dag.py:2573} INFO - Sync 1 DAGs
[2023-05-18T17:57:13.085+0000] {logging_mixin.py:117} INFO - [2023-05-18T17:57:13.084+0000] {dag.py:2594} INFO - Creating ORM DAG for create_mysql_connection
[2023-05-18T17:57:13.096+0000] {logging_mixin.py:117} INFO - [2023-05-18T17:57:13.096+0000] {dag.py:3328} INFO - Setting next_dagrun for create_mysql_connection to 2023-05-18T16:30:00+00:00, run_after=2023-05-18T17:30:00+00:00
[2023-05-18T17:57:13.121+0000] {processor.py:178} INFO - Processing /opt/airflow/dags/create_table.py took 0.487 seconds
[2023-05-18T17:57:43.168+0000] {processor.py:156} INFO - Started process (PID=17591) to work on /opt/airflow/dags/create_table.py
[2023-05-18T17:57:43.169+0000] {processor.py:758} INFO - Processing file /opt/airflow/dags/create_table.py for tasks to queue
[2023-05-18T17:57:43.170+0000] {logging_mixin.py:117} INFO - [2023-05-18T17:57:43.169+0000] {dagbag.py:525} INFO - Filling up the DagBag from /opt/airflow/dags/create_table.py
[2023-05-18T17:57:43.406+0000] {processor.py:768} INFO - DAG(s) dict_keys(['create_mysql_connection']) retrieved from /opt/airflow/dags/create_table.py
[2023-05-18T17:57:43.439+0000] {logging_mixin.py:117} INFO - [2023-05-18T17:57:43.438+0000] {dag.py:2573} INFO - Sync 1 DAGs
[2023-05-18T17:57:43.462+0000] {logging_mixin.py:117} INFO - [2023-05-18T17:57:43.462+0000] {dag.py:3328} INFO - Setting next_dagrun for create_mysql_connection to 2023-05-18T16:30:00+00:00, run_after=2023-05-18T17:30:00+00:00
[2023-05-18T17:57:43.480+0000] {processor.py:178} INFO - Processing /opt/airflow/dags/create_table.py took 0.316 seconds
[2023-05-18T17:58:14.149+0000] {processor.py:156} INFO - Started process (PID=17801) to work on /opt/airflow/dags/create_table.py
[2023-05-18T17:58:14.152+0000] {processor.py:758} INFO - Processing file /opt/airflow/dags/create_table.py for tasks to queue
[2023-05-18T17:58:14.153+0000] {logging_mixin.py:117} INFO - [2023-05-18T17:58:14.153+0000] {dagbag.py:525} INFO - Filling up the DagBag from /opt/airflow/dags/create_table.py
[2023-05-18T17:58:14.404+0000] {processor.py:768} INFO - DAG(s) dict_keys(['create_mysql_connection']) retrieved from /opt/airflow/dags/create_table.py
[2023-05-18T17:58:14.435+0000] {logging_mixin.py:117} INFO - [2023-05-18T17:58:14.434+0000] {dag.py:2573} INFO - Sync 1 DAGs
[2023-05-18T17:58:14.459+0000] {logging_mixin.py:117} INFO - [2023-05-18T17:58:14.458+0000] {dag.py:3328} INFO - Setting next_dagrun for create_mysql_connection to 2023-05-18T16:30:00+00:00, run_after=2023-05-18T17:30:00+00:00
[2023-05-18T17:58:14.480+0000] {processor.py:178} INFO - Processing /opt/airflow/dags/create_table.py took 0.341 seconds
[2023-05-18T17:58:39.068+0000] {processor.py:156} INFO - Started process (PID=17989) to work on /opt/airflow/dags/create_table.py
[2023-05-18T17:58:39.069+0000] {processor.py:758} INFO - Processing file /opt/airflow/dags/create_table.py for tasks to queue
[2023-05-18T17:58:39.071+0000] {logging_mixin.py:117} INFO - [2023-05-18T17:58:39.071+0000] {dagbag.py:525} INFO - Filling up the DagBag from /opt/airflow/dags/create_table.py
[2023-05-18T17:58:39.446+0000] {processor.py:768} INFO - DAG(s) dict_keys(['create_mysql_connection']) retrieved from /opt/airflow/dags/create_table.py
[2023-05-18T17:58:39.493+0000] {logging_mixin.py:117} INFO - [2023-05-18T17:58:39.493+0000] {dag.py:2573} INFO - Sync 1 DAGs
[2023-05-18T17:58:39.533+0000] {logging_mixin.py:117} INFO - [2023-05-18T17:58:39.533+0000] {dag.py:3328} INFO - Setting next_dagrun for create_mysql_connection to 2023-05-18T16:30:00+00:00, run_after=2023-05-18T17:30:00+00:00
[2023-05-18T17:58:39.559+0000] {processor.py:178} INFO - Processing /opt/airflow/dags/create_table.py took 0.496 seconds
[2023-05-18T17:58:58.316+0000] {processor.py:156} INFO - Started process (PID=18105) to work on /opt/airflow/dags/create_table.py
[2023-05-18T17:58:58.319+0000] {processor.py:758} INFO - Processing file /opt/airflow/dags/create_table.py for tasks to queue
[2023-05-18T17:58:58.321+0000] {logging_mixin.py:117} INFO - [2023-05-18T17:58:58.320+0000] {dagbag.py:525} INFO - Filling up the DagBag from /opt/airflow/dags/create_table.py
[2023-05-18T17:58:58.643+0000] {processor.py:768} INFO - DAG(s) dict_keys(['create_mysql_connection']) retrieved from /opt/airflow/dags/create_table.py
[2023-05-18T17:58:58.724+0000] {logging_mixin.py:117} INFO - [2023-05-18T17:58:58.724+0000] {dag.py:2573} INFO - Sync 1 DAGs
[2023-05-18T17:58:58.749+0000] {logging_mixin.py:117} INFO - [2023-05-18T17:58:58.749+0000] {dag.py:3328} INFO - Setting next_dagrun for create_mysql_connection to 2023-05-18T16:30:00+00:00, run_after=2023-05-18T17:30:00+00:00
[2023-05-18T17:58:58.795+0000] {processor.py:178} INFO - Processing /opt/airflow/dags/create_table.py took 0.488 seconds
[2023-05-18T17:59:29.192+0000] {processor.py:156} INFO - Started process (PID=18323) to work on /opt/airflow/dags/create_table.py
[2023-05-18T17:59:29.193+0000] {processor.py:758} INFO - Processing file /opt/airflow/dags/create_table.py for tasks to queue
[2023-05-18T17:59:29.194+0000] {logging_mixin.py:117} INFO - [2023-05-18T17:59:29.194+0000] {dagbag.py:525} INFO - Filling up the DagBag from /opt/airflow/dags/create_table.py
[2023-05-18T17:59:30.000+0000] {processor.py:768} INFO - DAG(s) dict_keys(['create_mysql_connection']) retrieved from /opt/airflow/dags/create_table.py
[2023-05-18T17:59:30.081+0000] {logging_mixin.py:117} INFO - [2023-05-18T17:59:30.081+0000] {dag.py:2573} INFO - Sync 1 DAGs
[2023-05-18T17:59:30.148+0000] {logging_mixin.py:117} INFO - [2023-05-18T17:59:30.147+0000] {dag.py:3328} INFO - Setting next_dagrun for create_mysql_connection to 2023-05-18T16:30:00+00:00, run_after=2023-05-18T17:30:00+00:00
[2023-05-18T17:59:30.186+0000] {processor.py:178} INFO - Processing /opt/airflow/dags/create_table.py took 1.002 seconds
[2023-05-18T18:00:00.965+0000] {processor.py:156} INFO - Started process (PID=18536) to work on /opt/airflow/dags/create_table.py
[2023-05-18T18:00:00.966+0000] {processor.py:758} INFO - Processing file /opt/airflow/dags/create_table.py for tasks to queue
[2023-05-18T18:00:00.967+0000] {logging_mixin.py:117} INFO - [2023-05-18T18:00:00.967+0000] {dagbag.py:525} INFO - Filling up the DagBag from /opt/airflow/dags/create_table.py
[2023-05-18T18:00:01.349+0000] {processor.py:768} INFO - DAG(s) dict_keys(['create_mysql_connection']) retrieved from /opt/airflow/dags/create_table.py
[2023-05-18T18:00:01.382+0000] {logging_mixin.py:117} INFO - [2023-05-18T18:00:01.382+0000] {dag.py:2573} INFO - Sync 1 DAGs
[2023-05-18T18:00:01.408+0000] {logging_mixin.py:117} INFO - [2023-05-18T18:00:01.408+0000] {dag.py:3328} INFO - Setting next_dagrun for create_mysql_connection to 2023-05-18T17:30:00+00:00, run_after=2023-05-18T18:30:00+00:00
[2023-05-18T18:00:01.428+0000] {processor.py:178} INFO - Processing /opt/airflow/dags/create_table.py took 0.470 seconds
[2023-05-18T18:00:31.927+0000] {processor.py:156} INFO - Started process (PID=18753) to work on /opt/airflow/dags/create_table.py
[2023-05-18T18:00:31.941+0000] {processor.py:758} INFO - Processing file /opt/airflow/dags/create_table.py for tasks to queue
[2023-05-18T18:00:31.942+0000] {logging_mixin.py:117} INFO - [2023-05-18T18:00:31.942+0000] {dagbag.py:525} INFO - Filling up the DagBag from /opt/airflow/dags/create_table.py
[2023-05-18T18:00:32.291+0000] {processor.py:768} INFO - DAG(s) dict_keys(['create_mysql_connection']) retrieved from /opt/airflow/dags/create_table.py
[2023-05-18T18:00:32.348+0000] {logging_mixin.py:117} INFO - [2023-05-18T18:00:32.347+0000] {dag.py:2573} INFO - Sync 1 DAGs
[2023-05-18T18:00:32.377+0000] {logging_mixin.py:117} INFO - [2023-05-18T18:00:32.377+0000] {dag.py:3328} INFO - Setting next_dagrun for create_mysql_connection to 2023-05-18T17:30:00+00:00, run_after=2023-05-18T18:30:00+00:00
[2023-05-18T18:00:32.397+0000] {processor.py:178} INFO - Processing /opt/airflow/dags/create_table.py took 0.478 seconds
[2023-05-18T18:01:03.177+0000] {processor.py:156} INFO - Started process (PID=18973) to work on /opt/airflow/dags/create_table.py
[2023-05-18T18:01:03.178+0000] {processor.py:758} INFO - Processing file /opt/airflow/dags/create_table.py for tasks to queue
[2023-05-18T18:01:03.179+0000] {logging_mixin.py:117} INFO - [2023-05-18T18:01:03.178+0000] {dagbag.py:525} INFO - Filling up the DagBag from /opt/airflow/dags/create_table.py
[2023-05-18T18:01:03.648+0000] {processor.py:768} INFO - DAG(s) dict_keys(['create_mysql_connection']) retrieved from /opt/airflow/dags/create_table.py
[2023-05-18T18:01:03.709+0000] {logging_mixin.py:117} INFO - [2023-05-18T18:01:03.709+0000] {dag.py:2573} INFO - Sync 1 DAGs
[2023-05-18T18:01:03.746+0000] {logging_mixin.py:117} INFO - [2023-05-18T18:01:03.746+0000] {dag.py:3328} INFO - Setting next_dagrun for create_mysql_connection to 2023-05-18T17:30:00+00:00, run_after=2023-05-18T18:30:00+00:00
[2023-05-18T18:01:03.786+0000] {processor.py:178} INFO - Processing /opt/airflow/dags/create_table.py took 0.613 seconds
[2023-05-18T18:01:34.032+0000] {processor.py:156} INFO - Started process (PID=19183) to work on /opt/airflow/dags/create_table.py
[2023-05-18T18:01:34.034+0000] {processor.py:758} INFO - Processing file /opt/airflow/dags/create_table.py for tasks to queue
[2023-05-18T18:01:34.035+0000] {logging_mixin.py:117} INFO - [2023-05-18T18:01:34.035+0000] {dagbag.py:525} INFO - Filling up the DagBag from /opt/airflow/dags/create_table.py
[2023-05-18T18:01:34.615+0000] {processor.py:768} INFO - DAG(s) dict_keys(['create_mysql_connection']) retrieved from /opt/airflow/dags/create_table.py
[2023-05-18T18:01:34.652+0000] {logging_mixin.py:117} INFO - [2023-05-18T18:01:34.652+0000] {dag.py:2573} INFO - Sync 1 DAGs
[2023-05-18T18:01:34.680+0000] {logging_mixin.py:117} INFO - [2023-05-18T18:01:34.680+0000] {dag.py:3328} INFO - Setting next_dagrun for create_mysql_connection to 2023-05-18T17:30:00+00:00, run_after=2023-05-18T18:30:00+00:00
[2023-05-18T18:01:34.721+0000] {processor.py:178} INFO - Processing /opt/airflow/dags/create_table.py took 0.693 seconds
[2023-05-18T18:02:05.094+0000] {processor.py:156} INFO - Started process (PID=19393) to work on /opt/airflow/dags/create_table.py
[2023-05-18T18:02:05.098+0000] {processor.py:758} INFO - Processing file /opt/airflow/dags/create_table.py for tasks to queue
[2023-05-18T18:02:05.101+0000] {logging_mixin.py:117} INFO - [2023-05-18T18:02:05.101+0000] {dagbag.py:525} INFO - Filling up the DagBag from /opt/airflow/dags/create_table.py
[2023-05-18T18:02:05.682+0000] {processor.py:768} INFO - DAG(s) dict_keys(['create_mysql_connection']) retrieved from /opt/airflow/dags/create_table.py
[2023-05-18T18:02:05.745+0000] {logging_mixin.py:117} INFO - [2023-05-18T18:02:05.745+0000] {dag.py:2573} INFO - Sync 1 DAGs
[2023-05-18T18:02:05.784+0000] {logging_mixin.py:117} INFO - [2023-05-18T18:02:05.784+0000] {dag.py:3328} INFO - Setting next_dagrun for create_mysql_connection to 2023-05-18T17:30:00+00:00, run_after=2023-05-18T18:30:00+00:00
[2023-05-18T18:02:06.047+0000] {processor.py:178} INFO - Processing /opt/airflow/dags/create_table.py took 0.966 seconds
[2023-05-18T18:02:36.538+0000] {processor.py:156} INFO - Started process (PID=19609) to work on /opt/airflow/dags/create_table.py
[2023-05-18T18:02:36.539+0000] {processor.py:758} INFO - Processing file /opt/airflow/dags/create_table.py for tasks to queue
[2023-05-18T18:02:36.540+0000] {logging_mixin.py:117} INFO - [2023-05-18T18:02:36.540+0000] {dagbag.py:525} INFO - Filling up the DagBag from /opt/airflow/dags/create_table.py
[2023-05-18T18:02:36.825+0000] {processor.py:768} INFO - DAG(s) dict_keys(['create_mysql_connection']) retrieved from /opt/airflow/dags/create_table.py
[2023-05-18T18:02:36.859+0000] {logging_mixin.py:117} INFO - [2023-05-18T18:02:36.859+0000] {dag.py:2573} INFO - Sync 1 DAGs
[2023-05-18T18:02:36.886+0000] {logging_mixin.py:117} INFO - [2023-05-18T18:02:36.886+0000] {dag.py:3328} INFO - Setting next_dagrun for create_mysql_connection to 2023-05-18T17:30:00+00:00, run_after=2023-05-18T18:30:00+00:00
[2023-05-18T18:02:36.917+0000] {processor.py:178} INFO - Processing /opt/airflow/dags/create_table.py took 0.382 seconds
[2023-05-18T18:02:44.023+0000] {processor.py:156} INFO - Started process (PID=19674) to work on /opt/airflow/dags/create_table.py
[2023-05-18T18:02:44.024+0000] {processor.py:758} INFO - Processing file /opt/airflow/dags/create_table.py for tasks to queue
[2023-05-18T18:02:44.025+0000] {logging_mixin.py:117} INFO - [2023-05-18T18:02:44.025+0000] {dagbag.py:525} INFO - Filling up the DagBag from /opt/airflow/dags/create_table.py
[2023-05-18T18:02:44.393+0000] {processor.py:768} INFO - DAG(s) dict_keys(['create_mysql_connection']) retrieved from /opt/airflow/dags/create_table.py
[2023-05-18T18:02:44.430+0000] {logging_mixin.py:117} INFO - [2023-05-18T18:02:44.429+0000] {dag.py:2573} INFO - Sync 1 DAGs
[2023-05-18T18:02:44.458+0000] {logging_mixin.py:117} INFO - [2023-05-18T18:02:44.458+0000] {dag.py:3328} INFO - Setting next_dagrun for create_mysql_connection to 2023-05-18T17:30:00+00:00, run_after=2023-05-18T18:30:00+00:00
[2023-05-18T18:02:44.480+0000] {processor.py:178} INFO - Processing /opt/airflow/dags/create_table.py took 0.462 seconds
[2023-05-18T18:03:14.526+0000] {processor.py:156} INFO - Started process (PID=19893) to work on /opt/airflow/dags/create_table.py
[2023-05-18T18:03:14.526+0000] {processor.py:758} INFO - Processing file /opt/airflow/dags/create_table.py for tasks to queue
[2023-05-18T18:03:14.527+0000] {logging_mixin.py:117} INFO - [2023-05-18T18:03:14.527+0000] {dagbag.py:525} INFO - Filling up the DagBag from /opt/airflow/dags/create_table.py
[2023-05-18T18:03:14.880+0000] {processor.py:768} INFO - DAG(s) dict_keys(['create_mysql_connection']) retrieved from /opt/airflow/dags/create_table.py
[2023-05-18T18:03:14.935+0000] {logging_mixin.py:117} INFO - [2023-05-18T18:03:14.934+0000] {dag.py:2573} INFO - Sync 1 DAGs
[2023-05-18T18:03:14.968+0000] {logging_mixin.py:117} INFO - [2023-05-18T18:03:14.968+0000] {dag.py:3328} INFO - Setting next_dagrun for create_mysql_connection to 2023-05-18T17:30:00+00:00, run_after=2023-05-18T18:30:00+00:00
[2023-05-18T18:03:14.987+0000] {processor.py:178} INFO - Processing /opt/airflow/dags/create_table.py took 0.466 seconds
[2023-05-18T18:03:45.097+0000] {processor.py:156} INFO - Started process (PID=20111) to work on /opt/airflow/dags/create_table.py
[2023-05-18T18:03:45.100+0000] {processor.py:758} INFO - Processing file /opt/airflow/dags/create_table.py for tasks to queue
[2023-05-18T18:03:45.101+0000] {logging_mixin.py:117} INFO - [2023-05-18T18:03:45.101+0000] {dagbag.py:525} INFO - Filling up the DagBag from /opt/airflow/dags/create_table.py
[2023-05-18T18:03:45.425+0000] {processor.py:768} INFO - DAG(s) dict_keys(['create_mysql_connection']) retrieved from /opt/airflow/dags/create_table.py
[2023-05-18T18:03:45.467+0000] {logging_mixin.py:117} INFO - [2023-05-18T18:03:45.467+0000] {dag.py:2573} INFO - Sync 1 DAGs
[2023-05-18T18:03:45.500+0000] {logging_mixin.py:117} INFO - [2023-05-18T18:03:45.499+0000] {dag.py:3328} INFO - Setting next_dagrun for create_mysql_connection to 2023-05-18T17:30:00+00:00, run_after=2023-05-18T18:30:00+00:00
[2023-05-18T18:03:45.529+0000] {processor.py:178} INFO - Processing /opt/airflow/dags/create_table.py took 0.437 seconds
[2023-05-18T18:04:15.565+0000] {processor.py:156} INFO - Started process (PID=20321) to work on /opt/airflow/dags/create_table.py
[2023-05-18T18:04:15.566+0000] {processor.py:758} INFO - Processing file /opt/airflow/dags/create_table.py for tasks to queue
[2023-05-18T18:04:15.567+0000] {logging_mixin.py:117} INFO - [2023-05-18T18:04:15.567+0000] {dagbag.py:525} INFO - Filling up the DagBag from /opt/airflow/dags/create_table.py
[2023-05-18T18:04:15.945+0000] {processor.py:768} INFO - DAG(s) dict_keys(['create_mysql_connection']) retrieved from /opt/airflow/dags/create_table.py
[2023-05-18T18:04:15.979+0000] {logging_mixin.py:117} INFO - [2023-05-18T18:04:15.978+0000] {dag.py:2573} INFO - Sync 1 DAGs
[2023-05-18T18:04:16.005+0000] {logging_mixin.py:117} INFO - [2023-05-18T18:04:16.005+0000] {dag.py:3328} INFO - Setting next_dagrun for create_mysql_connection to 2023-05-18T17:30:00+00:00, run_after=2023-05-18T18:30:00+00:00
[2023-05-18T18:04:16.054+0000] {processor.py:178} INFO - Processing /opt/airflow/dags/create_table.py took 0.492 seconds
[2023-05-18T18:04:46.151+0000] {processor.py:156} INFO - Started process (PID=20542) to work on /opt/airflow/dags/create_table.py
[2023-05-18T18:04:46.152+0000] {processor.py:758} INFO - Processing file /opt/airflow/dags/create_table.py for tasks to queue
[2023-05-18T18:04:46.153+0000] {logging_mixin.py:117} INFO - [2023-05-18T18:04:46.153+0000] {dagbag.py:525} INFO - Filling up the DagBag from /opt/airflow/dags/create_table.py
[2023-05-18T18:04:46.466+0000] {processor.py:768} INFO - DAG(s) dict_keys(['create_mysql_connection']) retrieved from /opt/airflow/dags/create_table.py
[2023-05-18T18:04:46.511+0000] {logging_mixin.py:117} INFO - [2023-05-18T18:04:46.511+0000] {dag.py:2573} INFO - Sync 1 DAGs
[2023-05-18T18:04:46.542+0000] {logging_mixin.py:117} INFO - [2023-05-18T18:04:46.541+0000] {dag.py:3328} INFO - Setting next_dagrun for create_mysql_connection to 2023-05-18T17:30:00+00:00, run_after=2023-05-18T18:30:00+00:00
[2023-05-18T18:04:46.560+0000] {processor.py:178} INFO - Processing /opt/airflow/dags/create_table.py took 0.413 seconds
[2023-05-18T18:05:17.105+0000] {processor.py:156} INFO - Started process (PID=20756) to work on /opt/airflow/dags/create_table.py
[2023-05-18T18:05:17.107+0000] {processor.py:758} INFO - Processing file /opt/airflow/dags/create_table.py for tasks to queue
[2023-05-18T18:05:17.107+0000] {logging_mixin.py:117} INFO - [2023-05-18T18:05:17.107+0000] {dagbag.py:525} INFO - Filling up the DagBag from /opt/airflow/dags/create_table.py
[2023-05-18T18:05:17.381+0000] {processor.py:768} INFO - DAG(s) dict_keys(['create_mysql_connection']) retrieved from /opt/airflow/dags/create_table.py
[2023-05-18T18:05:17.414+0000] {logging_mixin.py:117} INFO - [2023-05-18T18:05:17.414+0000] {dag.py:2573} INFO - Sync 1 DAGs
[2023-05-18T18:05:17.440+0000] {logging_mixin.py:117} INFO - [2023-05-18T18:05:17.440+0000] {dag.py:3328} INFO - Setting next_dagrun for create_mysql_connection to 2023-05-18T17:30:00+00:00, run_after=2023-05-18T18:30:00+00:00
[2023-05-18T18:05:17.488+0000] {processor.py:178} INFO - Processing /opt/airflow/dags/create_table.py took 0.390 seconds
[2023-05-18T18:05:47.875+0000] {processor.py:156} INFO - Started process (PID=20967) to work on /opt/airflow/dags/create_table.py
[2023-05-18T18:05:47.876+0000] {processor.py:758} INFO - Processing file /opt/airflow/dags/create_table.py for tasks to queue
[2023-05-18T18:05:47.878+0000] {logging_mixin.py:117} INFO - [2023-05-18T18:05:47.877+0000] {dagbag.py:525} INFO - Filling up the DagBag from /opt/airflow/dags/create_table.py
[2023-05-18T18:05:48.183+0000] {processor.py:768} INFO - DAG(s) dict_keys(['create_mysql_connection']) retrieved from /opt/airflow/dags/create_table.py
[2023-05-18T18:05:48.232+0000] {logging_mixin.py:117} INFO - [2023-05-18T18:05:48.231+0000] {dag.py:2573} INFO - Sync 1 DAGs
[2023-05-18T18:05:48.274+0000] {logging_mixin.py:117} INFO - [2023-05-18T18:05:48.274+0000] {dag.py:3328} INFO - Setting next_dagrun for create_mysql_connection to 2023-05-18T17:30:00+00:00, run_after=2023-05-18T18:30:00+00:00
[2023-05-18T18:05:48.305+0000] {processor.py:178} INFO - Processing /opt/airflow/dags/create_table.py took 0.436 seconds
[2023-05-18T18:06:18.426+0000] {processor.py:156} INFO - Started process (PID=21190) to work on /opt/airflow/dags/create_table.py
[2023-05-18T18:06:18.427+0000] {processor.py:758} INFO - Processing file /opt/airflow/dags/create_table.py for tasks to queue
[2023-05-18T18:06:18.428+0000] {logging_mixin.py:117} INFO - [2023-05-18T18:06:18.428+0000] {dagbag.py:525} INFO - Filling up the DagBag from /opt/airflow/dags/create_table.py
[2023-05-18T18:06:18.973+0000] {processor.py:768} INFO - DAG(s) dict_keys(['create_mysql_connection']) retrieved from /opt/airflow/dags/create_table.py
[2023-05-18T18:06:19.021+0000] {logging_mixin.py:117} INFO - [2023-05-18T18:06:19.020+0000] {dag.py:2573} INFO - Sync 1 DAGs
[2023-05-18T18:06:19.062+0000] {logging_mixin.py:117} INFO - [2023-05-18T18:06:19.062+0000] {dag.py:3328} INFO - Setting next_dagrun for create_mysql_connection to 2023-05-18T17:30:00+00:00, run_after=2023-05-18T18:30:00+00:00
[2023-05-18T18:06:19.102+0000] {processor.py:178} INFO - Processing /opt/airflow/dags/create_table.py took 0.682 seconds
[2023-05-18T18:06:49.896+0000] {processor.py:156} INFO - Started process (PID=21413) to work on /opt/airflow/dags/create_table.py
[2023-05-18T18:06:49.900+0000] {processor.py:758} INFO - Processing file /opt/airflow/dags/create_table.py for tasks to queue
[2023-05-18T18:06:49.901+0000] {logging_mixin.py:117} INFO - [2023-05-18T18:06:49.901+0000] {dagbag.py:525} INFO - Filling up the DagBag from /opt/airflow/dags/create_table.py
[2023-05-18T18:06:50.481+0000] {processor.py:768} INFO - DAG(s) dict_keys(['create_mysql_connection']) retrieved from /opt/airflow/dags/create_table.py
[2023-05-18T18:06:50.533+0000] {logging_mixin.py:117} INFO - [2023-05-18T18:06:50.532+0000] {dag.py:2573} INFO - Sync 1 DAGs
[2023-05-18T18:06:50.574+0000] {logging_mixin.py:117} INFO - [2023-05-18T18:06:50.574+0000] {dag.py:3328} INFO - Setting next_dagrun for create_mysql_connection to 2023-05-18T17:30:00+00:00, run_after=2023-05-18T18:30:00+00:00
[2023-05-18T18:06:50.613+0000] {processor.py:178} INFO - Processing /opt/airflow/dags/create_table.py took 0.722 seconds
[2023-05-18T18:07:20.726+0000] {processor.py:156} INFO - Started process (PID=21628) to work on /opt/airflow/dags/create_table.py
[2023-05-18T18:07:20.727+0000] {processor.py:758} INFO - Processing file /opt/airflow/dags/create_table.py for tasks to queue
[2023-05-18T18:07:20.728+0000] {logging_mixin.py:117} INFO - [2023-05-18T18:07:20.728+0000] {dagbag.py:525} INFO - Filling up the DagBag from /opt/airflow/dags/create_table.py
[2023-05-18T18:07:21.071+0000] {processor.py:768} INFO - DAG(s) dict_keys(['create_mysql_connection']) retrieved from /opt/airflow/dags/create_table.py
[2023-05-18T18:07:21.111+0000] {logging_mixin.py:117} INFO - [2023-05-18T18:07:21.111+0000] {dag.py:2573} INFO - Sync 1 DAGs
[2023-05-18T18:07:21.139+0000] {logging_mixin.py:117} INFO - [2023-05-18T18:07:21.139+0000] {dag.py:3328} INFO - Setting next_dagrun for create_mysql_connection to 2023-05-18T17:30:00+00:00, run_after=2023-05-18T18:30:00+00:00
[2023-05-18T18:07:21.171+0000] {processor.py:178} INFO - Processing /opt/airflow/dags/create_table.py took 0.448 seconds
[2023-05-18T18:07:51.454+0000] {processor.py:156} INFO - Started process (PID=21842) to work on /opt/airflow/dags/create_table.py
[2023-05-18T18:07:51.459+0000] {processor.py:758} INFO - Processing file /opt/airflow/dags/create_table.py for tasks to queue
[2023-05-18T18:07:51.461+0000] {logging_mixin.py:117} INFO - [2023-05-18T18:07:51.460+0000] {dagbag.py:525} INFO - Filling up the DagBag from /opt/airflow/dags/create_table.py
[2023-05-18T18:07:51.892+0000] {processor.py:768} INFO - DAG(s) dict_keys(['create_mysql_connection']) retrieved from /opt/airflow/dags/create_table.py
[2023-05-18T18:07:51.940+0000] {logging_mixin.py:117} INFO - [2023-05-18T18:07:51.940+0000] {dag.py:2573} INFO - Sync 1 DAGs
[2023-05-18T18:07:51.969+0000] {logging_mixin.py:117} INFO - [2023-05-18T18:07:51.969+0000] {dag.py:3328} INFO - Setting next_dagrun for create_mysql_connection to 2023-05-18T17:30:00+00:00, run_after=2023-05-18T18:30:00+00:00
[2023-05-18T18:07:51.988+0000] {processor.py:178} INFO - Processing /opt/airflow/dags/create_table.py took 0.544 seconds
[2023-05-18T18:08:22.851+0000] {processor.py:156} INFO - Started process (PID=22056) to work on /opt/airflow/dags/create_table.py
[2023-05-18T18:08:22.853+0000] {processor.py:758} INFO - Processing file /opt/airflow/dags/create_table.py for tasks to queue
[2023-05-18T18:08:22.854+0000] {logging_mixin.py:117} INFO - [2023-05-18T18:08:22.853+0000] {dagbag.py:525} INFO - Filling up the DagBag from /opt/airflow/dags/create_table.py
[2023-05-18T18:08:23.142+0000] {processor.py:768} INFO - DAG(s) dict_keys(['create_mysql_connection']) retrieved from /opt/airflow/dags/create_table.py
[2023-05-18T18:08:23.186+0000] {logging_mixin.py:117} INFO - [2023-05-18T18:08:23.185+0000] {dag.py:2573} INFO - Sync 1 DAGs
[2023-05-18T18:08:23.221+0000] {logging_mixin.py:117} INFO - [2023-05-18T18:08:23.221+0000] {dag.py:3328} INFO - Setting next_dagrun for create_mysql_connection to 2023-05-18T17:30:00+00:00, run_after=2023-05-18T18:30:00+00:00
[2023-05-18T18:08:23.242+0000] {processor.py:178} INFO - Processing /opt/airflow/dags/create_table.py took 0.399 seconds
[2023-05-18T18:08:54.084+0000] {processor.py:156} INFO - Started process (PID=22276) to work on /opt/airflow/dags/create_table.py
[2023-05-18T18:08:54.086+0000] {processor.py:758} INFO - Processing file /opt/airflow/dags/create_table.py for tasks to queue
[2023-05-18T18:08:54.087+0000] {logging_mixin.py:117} INFO - [2023-05-18T18:08:54.087+0000] {dagbag.py:525} INFO - Filling up the DagBag from /opt/airflow/dags/create_table.py
[2023-05-18T18:08:54.406+0000] {processor.py:768} INFO - DAG(s) dict_keys(['create_mysql_connection']) retrieved from /opt/airflow/dags/create_table.py
[2023-05-18T18:08:54.454+0000] {logging_mixin.py:117} INFO - [2023-05-18T18:08:54.454+0000] {dag.py:2573} INFO - Sync 1 DAGs
[2023-05-18T18:08:54.497+0000] {logging_mixin.py:117} INFO - [2023-05-18T18:08:54.497+0000] {dag.py:3328} INFO - Setting next_dagrun for create_mysql_connection to 2023-05-18T17:30:00+00:00, run_after=2023-05-18T18:30:00+00:00
[2023-05-18T18:08:54.529+0000] {processor.py:178} INFO - Processing /opt/airflow/dags/create_table.py took 0.450 seconds
[2023-05-18T18:09:25.312+0000] {processor.py:156} INFO - Started process (PID=22496) to work on /opt/airflow/dags/create_table.py
[2023-05-18T18:09:25.313+0000] {processor.py:758} INFO - Processing file /opt/airflow/dags/create_table.py for tasks to queue
[2023-05-18T18:09:25.314+0000] {logging_mixin.py:117} INFO - [2023-05-18T18:09:25.314+0000] {dagbag.py:525} INFO - Filling up the DagBag from /opt/airflow/dags/create_table.py
[2023-05-18T18:09:26.031+0000] {processor.py:768} INFO - DAG(s) dict_keys(['create_mysql_connection']) retrieved from /opt/airflow/dags/create_table.py
[2023-05-18T18:09:26.097+0000] {logging_mixin.py:117} INFO - [2023-05-18T18:09:26.097+0000] {dag.py:2573} INFO - Sync 1 DAGs
[2023-05-18T18:09:26.142+0000] {logging_mixin.py:117} INFO - [2023-05-18T18:09:26.142+0000] {dag.py:3328} INFO - Setting next_dagrun for create_mysql_connection to 2023-05-18T17:30:00+00:00, run_after=2023-05-18T18:30:00+00:00
[2023-05-18T18:09:26.178+0000] {processor.py:178} INFO - Processing /opt/airflow/dags/create_table.py took 0.869 seconds
[2023-05-18T18:09:56.896+0000] {processor.py:156} INFO - Started process (PID=22707) to work on /opt/airflow/dags/create_table.py
[2023-05-18T18:09:56.898+0000] {processor.py:758} INFO - Processing file /opt/airflow/dags/create_table.py for tasks to queue
[2023-05-18T18:09:56.900+0000] {logging_mixin.py:117} INFO - [2023-05-18T18:09:56.900+0000] {dagbag.py:525} INFO - Filling up the DagBag from /opt/airflow/dags/create_table.py
[2023-05-18T18:09:57.320+0000] {processor.py:768} INFO - DAG(s) dict_keys(['create_mysql_connection']) retrieved from /opt/airflow/dags/create_table.py
[2023-05-18T18:09:57.404+0000] {logging_mixin.py:117} INFO - [2023-05-18T18:09:57.403+0000] {dag.py:2573} INFO - Sync 1 DAGs
[2023-05-18T18:09:57.443+0000] {logging_mixin.py:117} INFO - [2023-05-18T18:09:57.442+0000] {dag.py:3328} INFO - Setting next_dagrun for create_mysql_connection to 2023-05-18T17:30:00+00:00, run_after=2023-05-18T18:30:00+00:00
[2023-05-18T18:09:57.469+0000] {processor.py:178} INFO - Processing /opt/airflow/dags/create_table.py took 0.584 seconds
[2023-05-18T18:10:28.202+0000] {processor.py:156} INFO - Started process (PID=22931) to work on /opt/airflow/dags/create_table.py
[2023-05-18T18:10:28.203+0000] {processor.py:758} INFO - Processing file /opt/airflow/dags/create_table.py for tasks to queue
[2023-05-18T18:10:28.204+0000] {logging_mixin.py:117} INFO - [2023-05-18T18:10:28.204+0000] {dagbag.py:525} INFO - Filling up the DagBag from /opt/airflow/dags/create_table.py
[2023-05-18T18:10:28.520+0000] {processor.py:768} INFO - DAG(s) dict_keys(['create_mysql_connection']) retrieved from /opt/airflow/dags/create_table.py
[2023-05-18T18:10:28.553+0000] {logging_mixin.py:117} INFO - [2023-05-18T18:10:28.553+0000] {dag.py:2573} INFO - Sync 1 DAGs
[2023-05-18T18:10:28.579+0000] {logging_mixin.py:117} INFO - [2023-05-18T18:10:28.579+0000] {dag.py:3328} INFO - Setting next_dagrun for create_mysql_connection to 2023-05-18T17:30:00+00:00, run_after=2023-05-18T18:30:00+00:00
[2023-05-18T18:10:28.598+0000] {processor.py:178} INFO - Processing /opt/airflow/dags/create_table.py took 0.404 seconds
[2023-05-18T18:10:58.910+0000] {processor.py:156} INFO - Started process (PID=23149) to work on /opt/airflow/dags/create_table.py
[2023-05-18T18:10:58.911+0000] {processor.py:758} INFO - Processing file /opt/airflow/dags/create_table.py for tasks to queue
[2023-05-18T18:10:58.912+0000] {logging_mixin.py:117} INFO - [2023-05-18T18:10:58.912+0000] {dagbag.py:525} INFO - Filling up the DagBag from /opt/airflow/dags/create_table.py
[2023-05-18T18:10:59.299+0000] {processor.py:768} INFO - DAG(s) dict_keys(['create_mysql_connection']) retrieved from /opt/airflow/dags/create_table.py
[2023-05-18T18:10:59.355+0000] {logging_mixin.py:117} INFO - [2023-05-18T18:10:59.355+0000] {dag.py:2573} INFO - Sync 1 DAGs
[2023-05-18T18:10:59.387+0000] {logging_mixin.py:117} INFO - [2023-05-18T18:10:59.387+0000] {dag.py:3328} INFO - Setting next_dagrun for create_mysql_connection to 2023-05-18T17:30:00+00:00, run_after=2023-05-18T18:30:00+00:00
[2023-05-18T18:10:59.406+0000] {processor.py:178} INFO - Processing /opt/airflow/dags/create_table.py took 0.500 seconds
[2023-05-18T18:11:29.706+0000] {processor.py:156} INFO - Started process (PID=23359) to work on /opt/airflow/dags/create_table.py
[2023-05-18T18:11:29.707+0000] {processor.py:758} INFO - Processing file /opt/airflow/dags/create_table.py for tasks to queue
[2023-05-18T18:11:29.708+0000] {logging_mixin.py:117} INFO - [2023-05-18T18:11:29.708+0000] {dagbag.py:525} INFO - Filling up the DagBag from /opt/airflow/dags/create_table.py
[2023-05-18T18:11:30.047+0000] {processor.py:768} INFO - DAG(s) dict_keys(['create_mysql_connection']) retrieved from /opt/airflow/dags/create_table.py
[2023-05-18T18:11:30.093+0000] {logging_mixin.py:117} INFO - [2023-05-18T18:11:30.093+0000] {dag.py:2573} INFO - Sync 1 DAGs
[2023-05-18T18:11:30.130+0000] {logging_mixin.py:117} INFO - [2023-05-18T18:11:30.130+0000] {dag.py:3328} INFO - Setting next_dagrun for create_mysql_connection to 2023-05-18T17:30:00+00:00, run_after=2023-05-18T18:30:00+00:00
[2023-05-18T18:11:30.149+0000] {processor.py:178} INFO - Processing /opt/airflow/dags/create_table.py took 0.447 seconds
[2023-05-18T18:12:00.511+0000] {processor.py:156} INFO - Started process (PID=23577) to work on /opt/airflow/dags/create_table.py
[2023-05-18T18:12:00.512+0000] {processor.py:758} INFO - Processing file /opt/airflow/dags/create_table.py for tasks to queue
[2023-05-18T18:12:00.513+0000] {logging_mixin.py:117} INFO - [2023-05-18T18:12:00.513+0000] {dagbag.py:525} INFO - Filling up the DagBag from /opt/airflow/dags/create_table.py
[2023-05-18T18:12:00.858+0000] {processor.py:768} INFO - DAG(s) dict_keys(['create_mysql_connection']) retrieved from /opt/airflow/dags/create_table.py
[2023-05-18T18:12:00.896+0000] {logging_mixin.py:117} INFO - [2023-05-18T18:12:00.896+0000] {dag.py:2573} INFO - Sync 1 DAGs
[2023-05-18T18:12:00.927+0000] {logging_mixin.py:117} INFO - [2023-05-18T18:12:00.927+0000] {dag.py:3328} INFO - Setting next_dagrun for create_mysql_connection to 2023-05-18T17:30:00+00:00, run_after=2023-05-18T18:30:00+00:00
[2023-05-18T18:12:00.950+0000] {processor.py:178} INFO - Processing /opt/airflow/dags/create_table.py took 0.445 seconds
[2023-05-18T18:12:14.671+0000] {processor.py:156} INFO - Started process (PID=23687) to work on /opt/airflow/dags/create_table.py
[2023-05-18T18:12:14.673+0000] {processor.py:758} INFO - Processing file /opt/airflow/dags/create_table.py for tasks to queue
[2023-05-18T18:12:14.674+0000] {logging_mixin.py:117} INFO - [2023-05-18T18:12:14.673+0000] {dagbag.py:525} INFO - Filling up the DagBag from /opt/airflow/dags/create_table.py
[2023-05-18T18:12:15.093+0000] {logging_mixin.py:117} INFO - [2023-05-18T18:12:15.087+0000] {dagbag.py:330} ERROR - Failed to import: /opt/airflow/dags/create_table.py
Traceback (most recent call last):
  File "/home/airflow/.local/lib/python3.7/site-packages/mysql/connector/connection_cext.py", line 263, in _open_connection
    self._cmysql.connect(**cnx_kwargs)
_mysql_connector.MySQLInterfaceError: Can't connect to local MySQL server through socket '/var/run/mysqld/mysqld.sock' (2)

The above exception was the direct cause of the following exception:

Traceback (most recent call last):
  File "/home/airflow/.local/lib/python3.7/site-packages/airflow/models/dagbag.py", line 326, in parse
    loader.exec_module(new_module)
  File "<frozen importlib._bootstrap_external>", line 728, in exec_module
  File "<frozen importlib._bootstrap>", line 219, in _call_with_frames_removed
  File "/opt/airflow/dags/create_table.py", line 14, in <module>
    cnx = mysql.connector.connect(unix_socket='/var/run/mysqld/mysqld.sock', user='root', password='*Mss140920@')
  File "/home/airflow/.local/lib/python3.7/site-packages/mysql/connector/pooling.py", line 286, in connect
    return CMySQLConnection(*args, **kwargs)
  File "/home/airflow/.local/lib/python3.7/site-packages/mysql/connector/connection_cext.py", line 101, in __init__
    self.connect(**kwargs)
  File "/home/airflow/.local/lib/python3.7/site-packages/mysql/connector/abstracts.py", line 1095, in connect
    self._open_connection()
  File "/home/airflow/.local/lib/python3.7/site-packages/mysql/connector/connection_cext.py", line 270, in _open_connection
    ) from err
mysql.connector.errors.InterfaceError: 2002 (HY000): Can't connect to local MySQL server through socket '/var/run/mysqld/mysqld.sock' (2)
[2023-05-18T18:12:15.094+0000] {processor.py:770} WARNING - No viable dags retrieved from /opt/airflow/dags/create_table.py
[2023-05-18T18:12:15.121+0000] {processor.py:178} INFO - Processing /opt/airflow/dags/create_table.py took 0.456 seconds
[2023-05-18T18:12:32.737+0000] {processor.py:156} INFO - Started process (PID=23826) to work on /opt/airflow/dags/create_table.py
[2023-05-18T18:12:32.738+0000] {processor.py:758} INFO - Processing file /opt/airflow/dags/create_table.py for tasks to queue
[2023-05-18T18:12:32.739+0000] {logging_mixin.py:117} INFO - [2023-05-18T18:12:32.739+0000] {dagbag.py:525} INFO - Filling up the DagBag from /opt/airflow/dags/create_table.py
[2023-05-18T18:12:33.068+0000] {processor.py:768} INFO - DAG(s) dict_keys(['create_mysql_connection']) retrieved from /opt/airflow/dags/create_table.py
[2023-05-18T18:12:33.104+0000] {logging_mixin.py:117} INFO - [2023-05-18T18:12:33.104+0000] {dag.py:2573} INFO - Sync 1 DAGs
[2023-05-18T18:12:33.134+0000] {logging_mixin.py:117} INFO - [2023-05-18T18:12:33.133+0000] {dag.py:3328} INFO - Setting next_dagrun for create_mysql_connection to 2023-05-18T17:30:00+00:00, run_after=2023-05-18T18:30:00+00:00
[2023-05-18T18:12:33.158+0000] {processor.py:178} INFO - Processing /opt/airflow/dags/create_table.py took 0.424 seconds
[2023-05-18T18:13:03.481+0000] {processor.py:156} INFO - Started process (PID=24045) to work on /opt/airflow/dags/create_table.py
[2023-05-18T18:13:03.482+0000] {processor.py:758} INFO - Processing file /opt/airflow/dags/create_table.py for tasks to queue
[2023-05-18T18:13:03.483+0000] {logging_mixin.py:117} INFO - [2023-05-18T18:13:03.483+0000] {dagbag.py:525} INFO - Filling up the DagBag from /opt/airflow/dags/create_table.py
[2023-05-18T18:13:03.945+0000] {processor.py:768} INFO - DAG(s) dict_keys(['create_mysql_connection']) retrieved from /opt/airflow/dags/create_table.py
[2023-05-18T18:13:03.984+0000] {logging_mixin.py:117} INFO - [2023-05-18T18:13:03.984+0000] {dag.py:2573} INFO - Sync 1 DAGs
[2023-05-18T18:13:04.014+0000] {logging_mixin.py:117} INFO - [2023-05-18T18:13:04.014+0000] {dag.py:3328} INFO - Setting next_dagrun for create_mysql_connection to 2023-05-18T17:30:00+00:00, run_after=2023-05-18T18:30:00+00:00
[2023-05-18T18:13:04.045+0000] {processor.py:178} INFO - Processing /opt/airflow/dags/create_table.py took 0.570 seconds
[2023-05-18T18:13:34.797+0000] {processor.py:156} INFO - Started process (PID=24263) to work on /opt/airflow/dags/create_table.py
[2023-05-18T18:13:34.802+0000] {processor.py:758} INFO - Processing file /opt/airflow/dags/create_table.py for tasks to queue
[2023-05-18T18:13:34.803+0000] {logging_mixin.py:117} INFO - [2023-05-18T18:13:34.802+0000] {dagbag.py:525} INFO - Filling up the DagBag from /opt/airflow/dags/create_table.py
[2023-05-18T18:13:35.656+0000] {processor.py:768} INFO - DAG(s) dict_keys(['create_mysql_connection']) retrieved from /opt/airflow/dags/create_table.py
[2023-05-18T18:13:35.710+0000] {logging_mixin.py:117} INFO - [2023-05-18T18:13:35.710+0000] {dag.py:2573} INFO - Sync 1 DAGs
[2023-05-18T18:13:35.755+0000] {logging_mixin.py:117} INFO - [2023-05-18T18:13:35.755+0000] {dag.py:3328} INFO - Setting next_dagrun for create_mysql_connection to 2023-05-18T17:30:00+00:00, run_after=2023-05-18T18:30:00+00:00
[2023-05-18T18:13:35.777+0000] {processor.py:178} INFO - Processing /opt/airflow/dags/create_table.py took 0.984 seconds
[2023-05-18T18:14:05.940+0000] {processor.py:156} INFO - Started process (PID=24473) to work on /opt/airflow/dags/create_table.py
[2023-05-18T18:14:05.941+0000] {processor.py:758} INFO - Processing file /opt/airflow/dags/create_table.py for tasks to queue
[2023-05-18T18:14:05.942+0000] {logging_mixin.py:117} INFO - [2023-05-18T18:14:05.942+0000] {dagbag.py:525} INFO - Filling up the DagBag from /opt/airflow/dags/create_table.py
[2023-05-18T18:14:06.308+0000] {processor.py:768} INFO - DAG(s) dict_keys(['create_mysql_connection']) retrieved from /opt/airflow/dags/create_table.py
[2023-05-18T18:14:06.361+0000] {logging_mixin.py:117} INFO - [2023-05-18T18:14:06.361+0000] {dag.py:2573} INFO - Sync 1 DAGs
[2023-05-18T18:14:06.391+0000] {logging_mixin.py:117} INFO - [2023-05-18T18:14:06.391+0000] {dag.py:3328} INFO - Setting next_dagrun for create_mysql_connection to 2023-05-18T17:30:00+00:00, run_after=2023-05-18T18:30:00+00:00
[2023-05-18T18:14:06.413+0000] {processor.py:178} INFO - Processing /opt/airflow/dags/create_table.py took 0.478 seconds
[2023-05-18T18:14:36.573+0000] {processor.py:156} INFO - Started process (PID=24699) to work on /opt/airflow/dags/create_table.py
[2023-05-18T18:14:36.574+0000] {processor.py:758} INFO - Processing file /opt/airflow/dags/create_table.py for tasks to queue
[2023-05-18T18:14:36.575+0000] {logging_mixin.py:117} INFO - [2023-05-18T18:14:36.575+0000] {dagbag.py:525} INFO - Filling up the DagBag from /opt/airflow/dags/create_table.py
[2023-05-18T18:14:37.071+0000] {processor.py:768} INFO - DAG(s) dict_keys(['create_mysql_connection']) retrieved from /opt/airflow/dags/create_table.py
[2023-05-18T18:14:37.126+0000] {logging_mixin.py:117} INFO - [2023-05-18T18:14:37.126+0000] {dag.py:2573} INFO - Sync 1 DAGs
[2023-05-18T18:14:37.166+0000] {logging_mixin.py:117} INFO - [2023-05-18T18:14:37.166+0000] {dag.py:3328} INFO - Setting next_dagrun for create_mysql_connection to 2023-05-18T17:30:00+00:00, run_after=2023-05-18T18:30:00+00:00
[2023-05-18T18:14:37.198+0000] {processor.py:178} INFO - Processing /opt/airflow/dags/create_table.py took 0.630 seconds
[2023-05-18T18:15:07.320+0000] {processor.py:156} INFO - Started process (PID=24901) to work on /opt/airflow/dags/create_table.py
[2023-05-18T18:15:07.322+0000] {processor.py:758} INFO - Processing file /opt/airflow/dags/create_table.py for tasks to queue
[2023-05-18T18:15:07.325+0000] {logging_mixin.py:117} INFO - [2023-05-18T18:15:07.324+0000] {dagbag.py:525} INFO - Filling up the DagBag from /opt/airflow/dags/create_table.py
[2023-05-18T18:15:07.718+0000] {processor.py:768} INFO - DAG(s) dict_keys(['create_mysql_connection']) retrieved from /opt/airflow/dags/create_table.py
[2023-05-18T18:15:07.784+0000] {logging_mixin.py:117} INFO - [2023-05-18T18:15:07.784+0000] {dag.py:2573} INFO - Sync 1 DAGs
[2023-05-18T18:15:07.850+0000] {logging_mixin.py:117} INFO - [2023-05-18T18:15:07.850+0000] {dag.py:3328} INFO - Setting next_dagrun for create_mysql_connection to 2023-05-18T17:30:00+00:00, run_after=2023-05-18T18:30:00+00:00
[2023-05-18T18:15:07.900+0000] {processor.py:178} INFO - Processing /opt/airflow/dags/create_table.py took 0.589 seconds
[2023-05-18T18:15:38.271+0000] {processor.py:156} INFO - Started process (PID=25118) to work on /opt/airflow/dags/create_table.py
[2023-05-18T18:15:38.275+0000] {processor.py:758} INFO - Processing file /opt/airflow/dags/create_table.py for tasks to queue
[2023-05-18T18:15:38.283+0000] {logging_mixin.py:117} INFO - [2023-05-18T18:15:38.283+0000] {dagbag.py:525} INFO - Filling up the DagBag from /opt/airflow/dags/create_table.py
[2023-05-18T18:15:38.970+0000] {processor.py:768} INFO - DAG(s) dict_keys(['create_mysql_connection']) retrieved from /opt/airflow/dags/create_table.py
[2023-05-18T18:15:39.016+0000] {logging_mixin.py:117} INFO - [2023-05-18T18:15:39.015+0000] {dag.py:2573} INFO - Sync 1 DAGs
[2023-05-18T18:15:39.060+0000] {logging_mixin.py:117} INFO - [2023-05-18T18:15:39.060+0000] {dag.py:3328} INFO - Setting next_dagrun for create_mysql_connection to 2023-05-18T17:30:00+00:00, run_after=2023-05-18T18:30:00+00:00
[2023-05-18T18:15:39.093+0000] {processor.py:178} INFO - Processing /opt/airflow/dags/create_table.py took 0.827 seconds
[2023-05-18T18:16:01.702+0000] {processor.py:156} INFO - Started process (PID=25262) to work on /opt/airflow/dags/create_table.py
[2023-05-18T18:16:01.703+0000] {processor.py:758} INFO - Processing file /opt/airflow/dags/create_table.py for tasks to queue
[2023-05-18T18:16:01.704+0000] {logging_mixin.py:117} INFO - [2023-05-18T18:16:01.704+0000] {dagbag.py:525} INFO - Filling up the DagBag from /opt/airflow/dags/create_table.py
[2023-05-18T18:16:02.039+0000] {logging_mixin.py:117} INFO - [2023-05-18T18:16:02.038+0000] {dagbag.py:330} ERROR - Failed to import: /opt/airflow/dags/create_table.py
Traceback (most recent call last):
  File "/home/airflow/.local/lib/python3.7/site-packages/airflow/models/dagbag.py", line 326, in parse
    loader.exec_module(new_module)
  File "<frozen importlib._bootstrap_external>", line 728, in exec_module
  File "<frozen importlib._bootstrap>", line 219, in _call_with_frames_removed
  File "/opt/airflow/dags/create_table.py", line 50, in <module>
    python_callable=create_mysql_connection
NameError: name 'create_mysql_connection' is not defined
[2023-05-18T18:16:02.040+0000] {processor.py:770} WARNING - No viable dags retrieved from /opt/airflow/dags/create_table.py
[2023-05-18T18:16:02.061+0000] {processor.py:178} INFO - Processing /opt/airflow/dags/create_table.py took 0.363 seconds
[2023-05-18T18:16:32.176+0000] {processor.py:156} INFO - Started process (PID=25473) to work on /opt/airflow/dags/create_table.py
[2023-05-18T18:16:32.177+0000] {processor.py:758} INFO - Processing file /opt/airflow/dags/create_table.py for tasks to queue
[2023-05-18T18:16:32.178+0000] {logging_mixin.py:117} INFO - [2023-05-18T18:16:32.178+0000] {dagbag.py:525} INFO - Filling up the DagBag from /opt/airflow/dags/create_table.py
[2023-05-18T18:16:32.548+0000] {processor.py:768} INFO - DAG(s) dict_keys(['create_tabele_connection']) retrieved from /opt/airflow/dags/create_table.py
[2023-05-18T18:16:32.727+0000] {logging_mixin.py:117} INFO - [2023-05-18T18:16:32.727+0000] {manager.py:508} INFO - Created Permission View: can edit on DAG:create_tabele_connection
[2023-05-18T18:16:32.741+0000] {logging_mixin.py:117} INFO - [2023-05-18T18:16:32.741+0000] {manager.py:508} INFO - Created Permission View: can read on DAG:create_tabele_connection
[2023-05-18T18:16:32.752+0000] {logging_mixin.py:117} INFO - [2023-05-18T18:16:32.752+0000] {manager.py:508} INFO - Created Permission View: can delete on DAG:create_tabele_connection
[2023-05-18T18:16:32.753+0000] {logging_mixin.py:117} INFO - [2023-05-18T18:16:32.752+0000] {dag.py:2573} INFO - Sync 1 DAGs
[2023-05-18T18:16:32.768+0000] {logging_mixin.py:117} INFO - [2023-05-18T18:16:32.767+0000] {dag.py:2594} INFO - Creating ORM DAG for create_tabele_connection
[2023-05-18T18:16:32.782+0000] {logging_mixin.py:117} INFO - [2023-05-18T18:16:32.782+0000] {dag.py:3328} INFO - Setting next_dagrun for create_tabele_connection to 2023-05-18T16:30:00+00:00, run_after=2023-05-18T17:30:00+00:00
[2023-05-18T18:16:32.803+0000] {processor.py:178} INFO - Processing /opt/airflow/dags/create_table.py took 0.630 seconds
[2023-05-18T18:17:03.615+0000] {processor.py:156} INFO - Started process (PID=25691) to work on /opt/airflow/dags/create_table.py
[2023-05-18T18:17:03.622+0000] {processor.py:758} INFO - Processing file /opt/airflow/dags/create_table.py for tasks to queue
[2023-05-18T18:17:03.625+0000] {logging_mixin.py:117} INFO - [2023-05-18T18:17:03.625+0000] {dagbag.py:525} INFO - Filling up the DagBag from /opt/airflow/dags/create_table.py
[2023-05-18T18:17:04.306+0000] {processor.py:768} INFO - DAG(s) dict_keys(['create_tabele_connection']) retrieved from /opt/airflow/dags/create_table.py
[2023-05-18T18:17:04.346+0000] {logging_mixin.py:117} INFO - [2023-05-18T18:17:04.346+0000] {dag.py:2573} INFO - Sync 1 DAGs
[2023-05-18T18:17:04.380+0000] {logging_mixin.py:117} INFO - [2023-05-18T18:17:04.380+0000] {dag.py:3328} INFO - Setting next_dagrun for create_tabele_connection to 2023-05-18T16:30:00+00:00, run_after=2023-05-18T17:30:00+00:00
[2023-05-18T18:17:04.406+0000] {processor.py:178} INFO - Processing /opt/airflow/dags/create_table.py took 0.796 seconds
[2023-05-18T18:17:35.132+0000] {processor.py:156} INFO - Started process (PID=25919) to work on /opt/airflow/dags/create_table.py
[2023-05-18T18:17:35.135+0000] {processor.py:758} INFO - Processing file /opt/airflow/dags/create_table.py for tasks to queue
[2023-05-18T18:17:35.135+0000] {logging_mixin.py:117} INFO - [2023-05-18T18:17:35.135+0000] {dagbag.py:525} INFO - Filling up the DagBag from /opt/airflow/dags/create_table.py
[2023-05-18T18:17:35.789+0000] {processor.py:768} INFO - DAG(s) dict_keys(['create_tabele_connection']) retrieved from /opt/airflow/dags/create_table.py
[2023-05-18T18:17:35.837+0000] {logging_mixin.py:117} INFO - [2023-05-18T18:17:35.836+0000] {dag.py:2573} INFO - Sync 1 DAGs
[2023-05-18T18:17:35.887+0000] {logging_mixin.py:117} INFO - [2023-05-18T18:17:35.887+0000] {dag.py:3328} INFO - Setting next_dagrun for create_tabele_connection to 2023-05-18T17:30:00+00:00, run_after=2023-05-18T18:30:00+00:00
[2023-05-18T18:17:35.921+0000] {processor.py:178} INFO - Processing /opt/airflow/dags/create_table.py took 0.801 seconds
[2023-05-18T18:18:06.511+0000] {processor.py:156} INFO - Started process (PID=26134) to work on /opt/airflow/dags/create_table.py
[2023-05-18T18:18:06.513+0000] {processor.py:758} INFO - Processing file /opt/airflow/dags/create_table.py for tasks to queue
[2023-05-18T18:18:06.514+0000] {logging_mixin.py:117} INFO - [2023-05-18T18:18:06.514+0000] {dagbag.py:525} INFO - Filling up the DagBag from /opt/airflow/dags/create_table.py
[2023-05-18T18:18:07.205+0000] {processor.py:768} INFO - DAG(s) dict_keys(['create_tabele_connection']) retrieved from /opt/airflow/dags/create_table.py
[2023-05-18T18:18:07.244+0000] {logging_mixin.py:117} INFO - [2023-05-18T18:18:07.244+0000] {dag.py:2573} INFO - Sync 1 DAGs
[2023-05-18T18:18:07.272+0000] {logging_mixin.py:117} INFO - [2023-05-18T18:18:07.272+0000] {dag.py:3328} INFO - Setting next_dagrun for create_tabele_connection to 2023-05-18T17:30:00+00:00, run_after=2023-05-18T18:30:00+00:00
[2023-05-18T18:18:07.301+0000] {processor.py:178} INFO - Processing /opt/airflow/dags/create_table.py took 0.793 seconds
[2023-05-18T18:18:37.639+0000] {processor.py:156} INFO - Started process (PID=26354) to work on /opt/airflow/dags/create_table.py
[2023-05-18T18:18:37.643+0000] {processor.py:758} INFO - Processing file /opt/airflow/dags/create_table.py for tasks to queue
[2023-05-18T18:18:37.644+0000] {logging_mixin.py:117} INFO - [2023-05-18T18:18:37.644+0000] {dagbag.py:525} INFO - Filling up the DagBag from /opt/airflow/dags/create_table.py
[2023-05-18T18:18:38.369+0000] {processor.py:768} INFO - DAG(s) dict_keys(['create_tabele_connection']) retrieved from /opt/airflow/dags/create_table.py
[2023-05-18T18:18:38.412+0000] {logging_mixin.py:117} INFO - [2023-05-18T18:18:38.412+0000] {dag.py:2573} INFO - Sync 1 DAGs
[2023-05-18T18:18:38.445+0000] {logging_mixin.py:117} INFO - [2023-05-18T18:18:38.445+0000] {dag.py:3328} INFO - Setting next_dagrun for create_tabele_connection to 2023-05-18T17:30:00+00:00, run_after=2023-05-18T18:30:00+00:00
[2023-05-18T18:18:38.470+0000] {processor.py:178} INFO - Processing /opt/airflow/dags/create_table.py took 0.840 seconds
[2023-05-18T18:19:08.747+0000] {processor.py:156} INFO - Started process (PID=26566) to work on /opt/airflow/dags/create_table.py
[2023-05-18T18:19:08.749+0000] {processor.py:758} INFO - Processing file /opt/airflow/dags/create_table.py for tasks to queue
[2023-05-18T18:19:08.750+0000] {logging_mixin.py:117} INFO - [2023-05-18T18:19:08.750+0000] {dagbag.py:525} INFO - Filling up the DagBag from /opt/airflow/dags/create_table.py
[2023-05-18T18:19:09.466+0000] {processor.py:768} INFO - DAG(s) dict_keys(['create_tabele_connection']) retrieved from /opt/airflow/dags/create_table.py
[2023-05-18T18:19:09.526+0000] {logging_mixin.py:117} INFO - [2023-05-18T18:19:09.525+0000] {dag.py:2573} INFO - Sync 1 DAGs
[2023-05-18T18:19:09.568+0000] {logging_mixin.py:117} INFO - [2023-05-18T18:19:09.568+0000] {dag.py:3328} INFO - Setting next_dagrun for create_tabele_connection to 2023-05-18T17:30:00+00:00, run_after=2023-05-18T18:30:00+00:00
[2023-05-18T18:19:09.595+0000] {processor.py:178} INFO - Processing /opt/airflow/dags/create_table.py took 0.858 seconds
[2023-05-18T18:19:39.645+0000] {processor.py:156} INFO - Started process (PID=26791) to work on /opt/airflow/dags/create_table.py
[2023-05-18T18:19:39.646+0000] {processor.py:758} INFO - Processing file /opt/airflow/dags/create_table.py for tasks to queue
[2023-05-18T18:19:39.646+0000] {logging_mixin.py:117} INFO - [2023-05-18T18:19:39.646+0000] {dagbag.py:525} INFO - Filling up the DagBag from /opt/airflow/dags/create_table.py
[2023-05-18T18:19:40.099+0000] {processor.py:768} INFO - DAG(s) dict_keys(['create_tabele_connection']) retrieved from /opt/airflow/dags/create_table.py
[2023-05-18T18:19:40.138+0000] {logging_mixin.py:117} INFO - [2023-05-18T18:19:40.137+0000] {dag.py:2573} INFO - Sync 1 DAGs
[2023-05-18T18:19:40.170+0000] {logging_mixin.py:117} INFO - [2023-05-18T18:19:40.170+0000] {dag.py:3328} INFO - Setting next_dagrun for create_tabele_connection to 2023-05-18T17:30:00+00:00, run_after=2023-05-18T18:30:00+00:00
[2023-05-18T18:19:40.189+0000] {processor.py:178} INFO - Processing /opt/airflow/dags/create_table.py took 0.548 seconds
[2023-05-18T18:20:10.876+0000] {processor.py:156} INFO - Started process (PID=27000) to work on /opt/airflow/dags/create_table.py
[2023-05-18T18:20:10.878+0000] {processor.py:758} INFO - Processing file /opt/airflow/dags/create_table.py for tasks to queue
[2023-05-18T18:20:10.878+0000] {logging_mixin.py:117} INFO - [2023-05-18T18:20:10.878+0000] {dagbag.py:525} INFO - Filling up the DagBag from /opt/airflow/dags/create_table.py
[2023-05-18T18:20:11.256+0000] {processor.py:768} INFO - DAG(s) dict_keys(['create_tabele_connection']) retrieved from /opt/airflow/dags/create_table.py
[2023-05-18T18:20:11.344+0000] {logging_mixin.py:117} INFO - [2023-05-18T18:20:11.344+0000] {dag.py:2573} INFO - Sync 1 DAGs
[2023-05-18T18:20:11.394+0000] {logging_mixin.py:117} INFO - [2023-05-18T18:20:11.394+0000] {dag.py:3328} INFO - Setting next_dagrun for create_tabele_connection to 2023-05-18T17:30:00+00:00, run_after=2023-05-18T18:30:00+00:00
[2023-05-18T18:20:11.441+0000] {processor.py:178} INFO - Processing /opt/airflow/dags/create_table.py took 0.573 seconds
[2023-05-18T18:20:41.929+0000] {processor.py:156} INFO - Started process (PID=27218) to work on /opt/airflow/dags/create_table.py
[2023-05-18T18:20:41.934+0000] {processor.py:758} INFO - Processing file /opt/airflow/dags/create_table.py for tasks to queue
[2023-05-18T18:20:41.935+0000] {logging_mixin.py:117} INFO - [2023-05-18T18:20:41.935+0000] {dagbag.py:525} INFO - Filling up the DagBag from /opt/airflow/dags/create_table.py
[2023-05-18T18:20:42.565+0000] {processor.py:768} INFO - DAG(s) dict_keys(['create_tabele_connection']) retrieved from /opt/airflow/dags/create_table.py
[2023-05-18T18:20:42.605+0000] {logging_mixin.py:117} INFO - [2023-05-18T18:20:42.605+0000] {dag.py:2573} INFO - Sync 1 DAGs
[2023-05-18T18:20:42.630+0000] {logging_mixin.py:117} INFO - [2023-05-18T18:20:42.630+0000] {dag.py:3328} INFO - Setting next_dagrun for create_tabele_connection to 2023-05-18T17:30:00+00:00, run_after=2023-05-18T18:30:00+00:00
[2023-05-18T18:20:42.650+0000] {processor.py:178} INFO - Processing /opt/airflow/dags/create_table.py took 0.729 seconds
[2023-05-18T18:21:13.401+0000] {processor.py:156} INFO - Started process (PID=27438) to work on /opt/airflow/dags/create_table.py
[2023-05-18T18:21:13.402+0000] {processor.py:758} INFO - Processing file /opt/airflow/dags/create_table.py for tasks to queue
[2023-05-18T18:21:13.403+0000] {logging_mixin.py:117} INFO - [2023-05-18T18:21:13.403+0000] {dagbag.py:525} INFO - Filling up the DagBag from /opt/airflow/dags/create_table.py
[2023-05-18T18:21:14.171+0000] {processor.py:768} INFO - DAG(s) dict_keys(['create_tabele_connection']) retrieved from /opt/airflow/dags/create_table.py
[2023-05-18T18:21:14.216+0000] {logging_mixin.py:117} INFO - [2023-05-18T18:21:14.216+0000] {dag.py:2573} INFO - Sync 1 DAGs
[2023-05-18T18:21:14.258+0000] {logging_mixin.py:117} INFO - [2023-05-18T18:21:14.258+0000] {dag.py:3328} INFO - Setting next_dagrun for create_tabele_connection to 2023-05-18T17:30:00+00:00, run_after=2023-05-18T18:30:00+00:00
[2023-05-18T18:21:14.290+0000] {processor.py:178} INFO - Processing /opt/airflow/dags/create_table.py took 0.895 seconds
