[2023-05-18T17:35:46.737+0000] {processor.py:156} INFO - Started process (PID=8404) to work on /opt/airflow/dags/export_sql.py
[2023-05-18T17:35:46.738+0000] {processor.py:758} INFO - Processing file /opt/airflow/dags/export_sql.py for tasks to queue
[2023-05-18T17:35:46.738+0000] {logging_mixin.py:117} INFO - [2023-05-18T17:35:46.738+0000] {dagbag.py:525} INFO - Filling up the DagBag from /opt/airflow/dags/export_sql.py
[2023-05-18T17:35:46.971+0000] {processor.py:768} INFO - DAG(s) dict_keys(['parquet_to_sql_dag']) retrieved from /opt/airflow/dags/export_sql.py
[2023-05-18T17:35:47.203+0000] {logging_mixin.py:117} INFO - [2023-05-18T17:35:47.203+0000] {manager.py:508} INFO - Created Permission View: can edit on DAG:parquet_to_sql_dag
[2023-05-18T17:35:47.236+0000] {logging_mixin.py:117} INFO - [2023-05-18T17:35:47.236+0000] {manager.py:508} INFO - Created Permission View: can read on DAG:parquet_to_sql_dag
[2023-05-18T17:35:47.268+0000] {logging_mixin.py:117} INFO - [2023-05-18T17:35:47.268+0000] {manager.py:508} INFO - Created Permission View: can delete on DAG:parquet_to_sql_dag
[2023-05-18T17:35:47.269+0000] {logging_mixin.py:117} INFO - [2023-05-18T17:35:47.268+0000] {dag.py:2573} INFO - Sync 1 DAGs
[2023-05-18T17:35:47.289+0000] {logging_mixin.py:117} INFO - [2023-05-18T17:35:47.289+0000] {dag.py:2594} INFO - Creating ORM DAG for parquet_to_sql_dag
[2023-05-18T17:35:47.303+0000] {logging_mixin.py:117} INFO - [2023-05-18T17:35:47.303+0000] {dag.py:3328} INFO - Setting next_dagrun for parquet_to_sql_dag to None, run_after=None
[2023-05-18T17:35:47.323+0000] {processor.py:178} INFO - Processing /opt/airflow/dags/export_sql.py took 0.591 seconds
[2023-05-18T17:36:17.718+0000] {processor.py:156} INFO - Started process (PID=8622) to work on /opt/airflow/dags/export_sql.py
[2023-05-18T17:36:17.718+0000] {processor.py:758} INFO - Processing file /opt/airflow/dags/export_sql.py for tasks to queue
[2023-05-18T17:36:17.719+0000] {logging_mixin.py:117} INFO - [2023-05-18T17:36:17.719+0000] {dagbag.py:525} INFO - Filling up the DagBag from /opt/airflow/dags/export_sql.py
[2023-05-18T17:36:17.925+0000] {processor.py:768} INFO - DAG(s) dict_keys(['parquet_to_sql_dag']) retrieved from /opt/airflow/dags/export_sql.py
[2023-05-18T17:36:17.957+0000] {logging_mixin.py:117} INFO - [2023-05-18T17:36:17.956+0000] {dag.py:2573} INFO - Sync 1 DAGs
[2023-05-18T17:36:17.979+0000] {logging_mixin.py:117} INFO - [2023-05-18T17:36:17.979+0000] {dag.py:3328} INFO - Setting next_dagrun for parquet_to_sql_dag to None, run_after=None
[2023-05-18T17:36:18.010+0000] {processor.py:178} INFO - Processing /opt/airflow/dags/export_sql.py took 0.296 seconds
[2023-05-18T17:36:48.065+0000] {processor.py:156} INFO - Started process (PID=8841) to work on /opt/airflow/dags/export_sql.py
[2023-05-18T17:36:48.066+0000] {processor.py:758} INFO - Processing file /opt/airflow/dags/export_sql.py for tasks to queue
[2023-05-18T17:36:48.067+0000] {logging_mixin.py:117} INFO - [2023-05-18T17:36:48.067+0000] {dagbag.py:525} INFO - Filling up the DagBag from /opt/airflow/dags/export_sql.py
[2023-05-18T17:36:48.335+0000] {processor.py:768} INFO - DAG(s) dict_keys(['parquet_to_sql_dag']) retrieved from /opt/airflow/dags/export_sql.py
[2023-05-18T17:36:48.370+0000] {logging_mixin.py:117} INFO - [2023-05-18T17:36:48.370+0000] {dag.py:2573} INFO - Sync 1 DAGs
[2023-05-18T17:36:48.405+0000] {logging_mixin.py:117} INFO - [2023-05-18T17:36:48.405+0000] {dag.py:3328} INFO - Setting next_dagrun for parquet_to_sql_dag to None, run_after=None
[2023-05-18T17:36:48.427+0000] {processor.py:178} INFO - Processing /opt/airflow/dags/export_sql.py took 0.368 seconds
