[2023-05-21T23:36:01.186+0000] {taskinstance.py:1083} INFO - Dependencies all met for <TaskInstance: daggroup.task1 manual__2023-05-21T23:35:56.945430+00:00 [queued]>
[2023-05-21T23:36:01.205+0000] {taskinstance.py:1083} INFO - Dependencies all met for <TaskInstance: daggroup.task1 manual__2023-05-21T23:35:56.945430+00:00 [queued]>
[2023-05-21T23:36:01.214+0000] {taskinstance.py:1279} INFO - 
--------------------------------------------------------------------------------
[2023-05-21T23:36:01.217+0000] {taskinstance.py:1280} INFO - Starting attempt 1 of 1
[2023-05-21T23:36:01.218+0000] {taskinstance.py:1281} INFO - 
--------------------------------------------------------------------------------
[2023-05-21T23:36:01.267+0000] {taskinstance.py:1300} INFO - Executing <Task(BashOperator): task1> on 2023-05-21 23:35:56.945430+00:00
[2023-05-21T23:36:01.276+0000] {standard_task_runner.py:55} INFO - Started process 17302 to run task
[2023-05-21T23:36:01.303+0000] {standard_task_runner.py:82} INFO - Running: ['***', 'tasks', 'run', 'daggroup', 'task1', 'manual__2023-05-21T23:35:56.945430+00:00', '--job-id', '84', '--raw', '--subdir', 'DAGS_FOLDER/daggroup.py', '--cfg-path', '/tmp/tmp1_wkh0_j']
[2023-05-21T23:36:01.305+0000] {standard_task_runner.py:83} INFO - Job 84: Subtask task1
[2023-05-21T23:36:01.441+0000] {task_command.py:388} INFO - Running <TaskInstance: daggroup.task1 manual__2023-05-21T23:35:56.945430+00:00 [running]> on host cae8e8ceecb4
[2023-05-21T23:36:01.706+0000] {taskinstance.py:1509} INFO - Exporting the following env vars:
AIRFLOW_CTX_DAG_OWNER=***
AIRFLOW_CTX_DAG_ID=daggroup
AIRFLOW_CTX_TASK_ID=task1
AIRFLOW_CTX_EXECUTION_DATE=2023-05-21T23:35:56.945430+00:00
AIRFLOW_CTX_TRY_NUMBER=1
AIRFLOW_CTX_DAG_RUN_ID=manual__2023-05-21T23:35:56.945430+00:00
[2023-05-21T23:36:01.707+0000] {subprocess.py:63} INFO - Tmp dir root location: 
 /tmp
[2023-05-21T23:36:01.708+0000] {subprocess.py:75} INFO - Running command: ['/bin/bash', '-c', 'echo "Task 1"']
[2023-05-21T23:36:01.756+0000] {subprocess.py:86} INFO - Output:
[2023-05-21T23:36:01.762+0000] {subprocess.py:93} INFO - Task 1
[2023-05-21T23:36:01.763+0000] {subprocess.py:97} INFO - Command exited with return code 0
[2023-05-21T23:36:01.848+0000] {taskinstance.py:1323} INFO - Marking task as SUCCESS. dag_id=daggroup, task_id=task1, execution_date=20230521T233556, start_date=20230521T233601, end_date=20230521T233601
[2023-05-21T23:36:01.912+0000] {local_task_job.py:208} INFO - Task exited with return code 0
[2023-05-21T23:36:02.003+0000] {taskinstance.py:2578} INFO - 1 downstream tasks scheduled from follow-on schedule check
