[2023-05-28T01:48:56.135+0000] {taskinstance.py:1083} INFO - Dependencies all met for <TaskInstance: captura_dados.verifica_arquivos_task manual__2023-05-28T00:46:55.050023+00:00 [queued]>
[2023-05-28T01:48:56.145+0000] {taskinstance.py:1083} INFO - Dependencies all met for <TaskInstance: captura_dados.verifica_arquivos_task manual__2023-05-28T00:46:55.050023+00:00 [queued]>
[2023-05-28T01:48:56.145+0000] {taskinstance.py:1279} INFO - 
--------------------------------------------------------------------------------
[2023-05-28T01:48:56.145+0000] {taskinstance.py:1280} INFO - Starting attempt 2 of 3
[2023-05-28T01:48:56.145+0000] {taskinstance.py:1281} INFO - 
--------------------------------------------------------------------------------
[2023-05-28T01:48:56.160+0000] {taskinstance.py:1300} INFO - Executing <Task(PythonOperator): verifica_arquivos_task> on 2023-05-28 00:46:55.050023+00:00
[2023-05-28T01:48:56.167+0000] {standard_task_runner.py:55} INFO - Started process 406 to run task
[2023-05-28T01:48:56.171+0000] {standard_task_runner.py:82} INFO - Running: ['***', 'tasks', 'run', 'captura_dados', 'verifica_arquivos_task', 'manual__2023-05-28T00:46:55.050023+00:00', '--job-id', '361', '--raw', '--subdir', 'DAGS_FOLDER/captura_dados.py', '--cfg-path', '/tmp/tmp3h8sxod6']
[2023-05-28T01:48:56.173+0000] {standard_task_runner.py:83} INFO - Job 361: Subtask verifica_arquivos_task
[2023-05-28T01:48:56.251+0000] {task_command.py:388} INFO - Running <TaskInstance: captura_dados.verifica_arquivos_task manual__2023-05-28T00:46:55.050023+00:00 [running]> on host 04212fe07565
[2023-05-28T01:48:56.336+0000] {taskinstance.py:1509} INFO - Exporting the following env vars:
AIRFLOW_CTX_DAG_EMAIL=test@test.com
AIRFLOW_CTX_DAG_OWNER=***
AIRFLOW_CTX_DAG_ID=captura_dados
AIRFLOW_CTX_TASK_ID=verifica_arquivos_task
AIRFLOW_CTX_EXECUTION_DATE=2023-05-28T00:46:55.050023+00:00
AIRFLOW_CTX_TRY_NUMBER=2
AIRFLOW_CTX_DAG_RUN_ID=manual__2023-05-28T00:46:55.050023+00:00
[2023-05-28T01:48:56.337+0000] {logging_mixin.py:137} INFO - O diretório contém arquivos.
[2023-05-28T01:48:56.337+0000] {python.py:177} INFO - Done. Returned value was: True
[2023-05-28T01:48:56.365+0000] {taskinstance.py:1323} INFO - Marking task as SUCCESS. dag_id=captura_dados, task_id=verifica_arquivos_task, execution_date=20230528T004655, start_date=20230528T014856, end_date=20230528T014856
[2023-05-28T01:48:56.425+0000] {local_task_job.py:208} INFO - Task exited with return code 0
[2023-05-28T01:48:56.469+0000] {taskinstance.py:2578} INFO - 1 downstream tasks scheduled from follow-on schedule check
