[2023-05-31T03:16:12.417+0000] {taskinstance.py:1083} INFO - Dependencies all met for <TaskInstance: olist_brasil.created_folders_task manual__2023-05-31T03:07:09.945713+00:00 [queued]>
[2023-05-31T03:16:12.429+0000] {taskinstance.py:1083} INFO - Dependencies all met for <TaskInstance: olist_brasil.created_folders_task manual__2023-05-31T03:07:09.945713+00:00 [queued]>
[2023-05-31T03:16:12.430+0000] {taskinstance.py:1279} INFO - 
--------------------------------------------------------------------------------
[2023-05-31T03:16:12.430+0000] {taskinstance.py:1280} INFO - Starting attempt 14 of 15
[2023-05-31T03:16:12.430+0000] {taskinstance.py:1281} INFO - 
--------------------------------------------------------------------------------
[2023-05-31T03:16:12.456+0000] {taskinstance.py:1300} INFO - Executing <Task(PythonOperator): created_folders_task> on 2023-05-31 03:07:09.945713+00:00
[2023-05-31T03:16:12.466+0000] {standard_task_runner.py:55} INFO - Started process 901 to run task
[2023-05-31T03:16:12.471+0000] {standard_task_runner.py:82} INFO - Running: ['***', 'tasks', 'run', 'olist_brasil', 'created_folders_task', 'manual__2023-05-31T03:07:09.945713+00:00', '--job-id', '142', '--raw', '--subdir', 'DAGS_FOLDER/olist_brasil.py', '--cfg-path', '/tmp/tmp6ur029y8']
[2023-05-31T03:16:12.472+0000] {standard_task_runner.py:83} INFO - Job 142: Subtask created_folders_task
[2023-05-31T03:16:12.578+0000] {task_command.py:388} INFO - Running <TaskInstance: olist_brasil.created_folders_task manual__2023-05-31T03:07:09.945713+00:00 [running]> on host 402c803b83a1
[2023-05-31T03:16:12.658+0000] {taskinstance.py:1509} INFO - Exporting the following env vars:
AIRFLOW_CTX_DAG_EMAIL=test@test.com
AIRFLOW_CTX_DAG_OWNER=***
AIRFLOW_CTX_DAG_ID=olist_brasil
AIRFLOW_CTX_TASK_ID=created_folders_task
AIRFLOW_CTX_EXECUTION_DATE=2023-05-31T03:07:09.945713+00:00
AIRFLOW_CTX_TRY_NUMBER=14
AIRFLOW_CTX_DAG_RUN_ID=manual__2023-05-31T03:07:09.945713+00:00
[2023-05-31T03:16:12.666+0000] {logging_mixin.py:137} INFO - O diretório engineer já existe.
[2023-05-31T03:16:12.666+0000] {logging_mixin.py:137} INFO - O diretório raw já existe.
[2023-05-31T03:16:12.666+0000] {logging_mixin.py:137} INFO - O diretório refined já existe.
[2023-05-31T03:16:12.667+0000] {logging_mixin.py:137} INFO - O diretório transient já existe.
[2023-05-31T03:16:12.667+0000] {logging_mixin.py:137} INFO - O diretório trusted já existe.
[2023-05-31T03:16:12.667+0000] {python.py:177} INFO - Done. Returned value was: None
[2023-05-31T03:16:12.677+0000] {taskinstance.py:1323} INFO - Marking task as SUCCESS. dag_id=olist_brasil, task_id=created_folders_task, execution_date=20230531T030709, start_date=20230531T031612, end_date=20230531T031612
[2023-05-31T03:16:12.725+0000] {local_task_job.py:208} INFO - Task exited with return code 0
[2023-05-31T03:16:12.743+0000] {taskinstance.py:2578} INFO - 0 downstream tasks scheduled from follow-on schedule check
