[2023-05-28T00:11:55.800+0000] {processor.py:153} INFO - Started process (PID=45) to work on /opt/airflow/dags/captura_dados.py
[2023-05-28T00:11:55.811+0000] {processor.py:743} INFO - Processing file /opt/airflow/dags/captura_dados.py for tasks to queue
[2023-05-28T00:11:55.813+0000] {logging_mixin.py:137} INFO - [2023-05-28T00:11:55.812+0000] {dagbag.py:538} INFO - Filling up the DagBag from /opt/airflow/dags/captura_dados.py
[2023-05-28T00:11:55.870+0000] {logging_mixin.py:137} WARNING - /home/airflow/.local/lib/python3.7/site-packages/airflow/models/baseoperator.py:394 RemovedInAirflow3Warning: provide_context is deprecated as of 2.0 and is no longer required
[2023-05-28T00:11:55.939+0000] {processor.py:753} INFO - DAG(s) dict_keys(['captura_dados']) retrieved from /opt/airflow/dags/captura_dados.py
[2023-05-28T00:11:56.155+0000] {logging_mixin.py:137} INFO - [2023-05-28T00:11:56.155+0000] {dag.py:2690} INFO - Sync 1 DAGs
[2023-05-28T00:11:56.196+0000] {logging_mixin.py:137} INFO - [2023-05-28T00:11:56.196+0000] {dag.py:3441} INFO - Setting next_dagrun for captura_dados to None, run_after=None
[2023-05-28T00:11:56.232+0000] {processor.py:175} INFO - Processing /opt/airflow/dags/captura_dados.py took 0.436 seconds
[2023-05-28T00:12:26.460+0000] {processor.py:153} INFO - Started process (PID=71) to work on /opt/airflow/dags/captura_dados.py
[2023-05-28T00:12:26.461+0000] {processor.py:743} INFO - Processing file /opt/airflow/dags/captura_dados.py for tasks to queue
[2023-05-28T00:12:26.471+0000] {logging_mixin.py:137} INFO - [2023-05-28T00:12:26.470+0000] {dagbag.py:538} INFO - Filling up the DagBag from /opt/airflow/dags/captura_dados.py
[2023-05-28T00:12:26.519+0000] {logging_mixin.py:137} WARNING - /home/airflow/.local/lib/python3.7/site-packages/airflow/models/baseoperator.py:394 RemovedInAirflow3Warning: provide_context is deprecated as of 2.0 and is no longer required
[2023-05-28T00:12:26.554+0000] {processor.py:753} INFO - DAG(s) dict_keys(['captura_dados']) retrieved from /opt/airflow/dags/captura_dados.py
[2023-05-28T00:12:26.618+0000] {logging_mixin.py:137} INFO - [2023-05-28T00:12:26.618+0000] {dag.py:2690} INFO - Sync 1 DAGs
[2023-05-28T00:12:26.748+0000] {logging_mixin.py:137} INFO - [2023-05-28T00:12:26.748+0000] {dag.py:3441} INFO - Setting next_dagrun for captura_dados to None, run_after=None
[2023-05-28T00:12:26.806+0000] {processor.py:175} INFO - Processing /opt/airflow/dags/captura_dados.py took 0.357 seconds
[2023-05-28T00:12:56.905+0000] {processor.py:153} INFO - Started process (PID=107) to work on /opt/airflow/dags/captura_dados.py
[2023-05-28T00:12:56.906+0000] {processor.py:743} INFO - Processing file /opt/airflow/dags/captura_dados.py for tasks to queue
[2023-05-28T00:12:56.907+0000] {logging_mixin.py:137} INFO - [2023-05-28T00:12:56.907+0000] {dagbag.py:538} INFO - Filling up the DagBag from /opt/airflow/dags/captura_dados.py
[2023-05-28T00:12:56.919+0000] {logging_mixin.py:137} WARNING - /home/airflow/.local/lib/python3.7/site-packages/airflow/models/baseoperator.py:394 RemovedInAirflow3Warning: provide_context is deprecated as of 2.0 and is no longer required
[2023-05-28T00:12:56.925+0000] {processor.py:753} INFO - DAG(s) dict_keys(['captura_dados']) retrieved from /opt/airflow/dags/captura_dados.py
[2023-05-28T00:12:56.951+0000] {logging_mixin.py:137} INFO - [2023-05-28T00:12:56.951+0000] {dag.py:2690} INFO - Sync 1 DAGs
[2023-05-28T00:12:56.975+0000] {logging_mixin.py:137} INFO - [2023-05-28T00:12:56.975+0000] {dag.py:3441} INFO - Setting next_dagrun for captura_dados to None, run_after=None
[2023-05-28T00:12:56.992+0000] {processor.py:175} INFO - Processing /opt/airflow/dags/captura_dados.py took 0.090 seconds
[2023-05-28T00:13:27.158+0000] {processor.py:153} INFO - Started process (PID=143) to work on /opt/airflow/dags/captura_dados.py
[2023-05-28T00:13:27.159+0000] {processor.py:743} INFO - Processing file /opt/airflow/dags/captura_dados.py for tasks to queue
[2023-05-28T00:13:27.160+0000] {logging_mixin.py:137} INFO - [2023-05-28T00:13:27.160+0000] {dagbag.py:538} INFO - Filling up the DagBag from /opt/airflow/dags/captura_dados.py
[2023-05-28T00:13:27.174+0000] {logging_mixin.py:137} WARNING - /home/airflow/.local/lib/python3.7/site-packages/airflow/models/baseoperator.py:394 RemovedInAirflow3Warning: provide_context is deprecated as of 2.0 and is no longer required
[2023-05-28T00:13:27.183+0000] {processor.py:753} INFO - DAG(s) dict_keys(['captura_dados']) retrieved from /opt/airflow/dags/captura_dados.py
[2023-05-28T00:13:27.215+0000] {logging_mixin.py:137} INFO - [2023-05-28T00:13:27.214+0000] {dag.py:2690} INFO - Sync 1 DAGs
[2023-05-28T00:13:27.252+0000] {logging_mixin.py:137} INFO - [2023-05-28T00:13:27.252+0000] {dag.py:3441} INFO - Setting next_dagrun for captura_dados to None, run_after=None
[2023-05-28T00:13:27.273+0000] {processor.py:175} INFO - Processing /opt/airflow/dags/captura_dados.py took 0.118 seconds
[2023-05-28T00:13:57.448+0000] {processor.py:153} INFO - Started process (PID=173) to work on /opt/airflow/dags/captura_dados.py
[2023-05-28T00:13:57.449+0000] {processor.py:743} INFO - Processing file /opt/airflow/dags/captura_dados.py for tasks to queue
[2023-05-28T00:13:57.450+0000] {logging_mixin.py:137} INFO - [2023-05-28T00:13:57.450+0000] {dagbag.py:538} INFO - Filling up the DagBag from /opt/airflow/dags/captura_dados.py
[2023-05-28T00:13:57.461+0000] {logging_mixin.py:137} WARNING - /home/airflow/.local/lib/python3.7/site-packages/airflow/models/baseoperator.py:394 RemovedInAirflow3Warning: provide_context is deprecated as of 2.0 and is no longer required
[2023-05-28T00:13:57.468+0000] {processor.py:753} INFO - DAG(s) dict_keys(['captura_dados']) retrieved from /opt/airflow/dags/captura_dados.py
[2023-05-28T00:13:57.493+0000] {logging_mixin.py:137} INFO - [2023-05-28T00:13:57.493+0000] {dag.py:2690} INFO - Sync 1 DAGs
[2023-05-28T00:13:57.524+0000] {logging_mixin.py:137} INFO - [2023-05-28T00:13:57.524+0000] {dag.py:3441} INFO - Setting next_dagrun for captura_dados to None, run_after=None
[2023-05-28T00:13:57.547+0000] {processor.py:175} INFO - Processing /opt/airflow/dags/captura_dados.py took 0.101 seconds
[2023-05-28T00:14:20.288+0000] {processor.py:153} INFO - Started process (PID=199) to work on /opt/airflow/dags/captura_dados.py
[2023-05-28T00:14:20.289+0000] {processor.py:743} INFO - Processing file /opt/airflow/dags/captura_dados.py for tasks to queue
[2023-05-28T00:14:20.290+0000] {logging_mixin.py:137} INFO - [2023-05-28T00:14:20.290+0000] {dagbag.py:538} INFO - Filling up the DagBag from /opt/airflow/dags/captura_dados.py
[2023-05-28T00:14:20.307+0000] {logging_mixin.py:137} WARNING - /home/airflow/.local/lib/python3.7/site-packages/airflow/models/baseoperator.py:394 RemovedInAirflow3Warning: provide_context is deprecated as of 2.0 and is no longer required
[2023-05-28T00:14:20.316+0000] {processor.py:753} INFO - DAG(s) dict_keys(['captura_dados']) retrieved from /opt/airflow/dags/captura_dados.py
[2023-05-28T00:14:20.353+0000] {logging_mixin.py:137} INFO - [2023-05-28T00:14:20.353+0000] {dag.py:2690} INFO - Sync 1 DAGs
[2023-05-28T00:14:20.403+0000] {logging_mixin.py:137} INFO - [2023-05-28T00:14:20.403+0000] {dag.py:3441} INFO - Setting next_dagrun for captura_dados to None, run_after=None
[2023-05-28T00:14:20.490+0000] {processor.py:175} INFO - Processing /opt/airflow/dags/captura_dados.py took 0.207 seconds
[2023-05-28T00:14:50.675+0000] {processor.py:153} INFO - Started process (PID=225) to work on /opt/airflow/dags/captura_dados.py
[2023-05-28T00:14:50.676+0000] {processor.py:743} INFO - Processing file /opt/airflow/dags/captura_dados.py for tasks to queue
[2023-05-28T00:14:50.676+0000] {logging_mixin.py:137} INFO - [2023-05-28T00:14:50.676+0000] {dagbag.py:538} INFO - Filling up the DagBag from /opt/airflow/dags/captura_dados.py
[2023-05-28T00:14:50.687+0000] {logging_mixin.py:137} WARNING - /home/airflow/.local/lib/python3.7/site-packages/airflow/models/baseoperator.py:394 RemovedInAirflow3Warning: provide_context is deprecated as of 2.0 and is no longer required
[2023-05-28T00:14:50.693+0000] {processor.py:753} INFO - DAG(s) dict_keys(['captura_dados']) retrieved from /opt/airflow/dags/captura_dados.py
[2023-05-28T00:14:50.730+0000] {logging_mixin.py:137} INFO - [2023-05-28T00:14:50.730+0000] {dag.py:2690} INFO - Sync 1 DAGs
[2023-05-28T00:14:50.760+0000] {logging_mixin.py:137} INFO - [2023-05-28T00:14:50.760+0000] {dag.py:3441} INFO - Setting next_dagrun for captura_dados to None, run_after=None
[2023-05-28T00:14:50.782+0000] {processor.py:175} INFO - Processing /opt/airflow/dags/captura_dados.py took 0.110 seconds
[2023-05-28T00:15:20.937+0000] {processor.py:153} INFO - Started process (PID=260) to work on /opt/airflow/dags/captura_dados.py
[2023-05-28T00:15:20.938+0000] {processor.py:743} INFO - Processing file /opt/airflow/dags/captura_dados.py for tasks to queue
[2023-05-28T00:15:20.939+0000] {logging_mixin.py:137} INFO - [2023-05-28T00:15:20.938+0000] {dagbag.py:538} INFO - Filling up the DagBag from /opt/airflow/dags/captura_dados.py
[2023-05-28T00:15:20.950+0000] {logging_mixin.py:137} WARNING - /home/airflow/.local/lib/python3.7/site-packages/airflow/models/baseoperator.py:394 RemovedInAirflow3Warning: provide_context is deprecated as of 2.0 and is no longer required
[2023-05-28T00:15:20.958+0000] {processor.py:753} INFO - DAG(s) dict_keys(['captura_dados']) retrieved from /opt/airflow/dags/captura_dados.py
[2023-05-28T00:15:20.981+0000] {logging_mixin.py:137} INFO - [2023-05-28T00:15:20.981+0000] {dag.py:2690} INFO - Sync 1 DAGs
[2023-05-28T00:15:21.006+0000] {logging_mixin.py:137} INFO - [2023-05-28T00:15:21.005+0000] {dag.py:3441} INFO - Setting next_dagrun for captura_dados to None, run_after=None
[2023-05-28T00:15:21.024+0000] {processor.py:175} INFO - Processing /opt/airflow/dags/captura_dados.py took 0.090 seconds
[2023-05-28T00:15:51.251+0000] {processor.py:153} INFO - Started process (PID=287) to work on /opt/airflow/dags/captura_dados.py
[2023-05-28T00:15:51.252+0000] {processor.py:743} INFO - Processing file /opt/airflow/dags/captura_dados.py for tasks to queue
[2023-05-28T00:15:51.253+0000] {logging_mixin.py:137} INFO - [2023-05-28T00:15:51.253+0000] {dagbag.py:538} INFO - Filling up the DagBag from /opt/airflow/dags/captura_dados.py
[2023-05-28T00:15:51.265+0000] {logging_mixin.py:137} WARNING - /home/airflow/.local/lib/python3.7/site-packages/airflow/models/baseoperator.py:394 RemovedInAirflow3Warning: provide_context is deprecated as of 2.0 and is no longer required
[2023-05-28T00:15:51.273+0000] {processor.py:753} INFO - DAG(s) dict_keys(['captura_dados']) retrieved from /opt/airflow/dags/captura_dados.py
[2023-05-28T00:15:51.297+0000] {logging_mixin.py:137} INFO - [2023-05-28T00:15:51.297+0000] {dag.py:2690} INFO - Sync 1 DAGs
[2023-05-28T00:15:51.321+0000] {logging_mixin.py:137} INFO - [2023-05-28T00:15:51.321+0000] {dag.py:3441} INFO - Setting next_dagrun for captura_dados to None, run_after=None
[2023-05-28T00:15:51.339+0000] {processor.py:175} INFO - Processing /opt/airflow/dags/captura_dados.py took 0.091 seconds
[2023-05-28T00:16:21.510+0000] {processor.py:153} INFO - Started process (PID=313) to work on /opt/airflow/dags/captura_dados.py
[2023-05-28T00:16:21.511+0000] {processor.py:743} INFO - Processing file /opt/airflow/dags/captura_dados.py for tasks to queue
[2023-05-28T00:16:21.512+0000] {logging_mixin.py:137} INFO - [2023-05-28T00:16:21.512+0000] {dagbag.py:538} INFO - Filling up the DagBag from /opt/airflow/dags/captura_dados.py
[2023-05-28T00:16:21.529+0000] {logging_mixin.py:137} WARNING - /home/airflow/.local/lib/python3.7/site-packages/airflow/models/baseoperator.py:394 RemovedInAirflow3Warning: provide_context is deprecated as of 2.0 and is no longer required
[2023-05-28T00:16:21.542+0000] {processor.py:753} INFO - DAG(s) dict_keys(['captura_dados']) retrieved from /opt/airflow/dags/captura_dados.py
[2023-05-28T00:16:21.575+0000] {logging_mixin.py:137} INFO - [2023-05-28T00:16:21.575+0000] {dag.py:2690} INFO - Sync 1 DAGs
[2023-05-28T00:16:21.610+0000] {logging_mixin.py:137} INFO - [2023-05-28T00:16:21.610+0000] {dag.py:3441} INFO - Setting next_dagrun for captura_dados to None, run_after=None
[2023-05-28T00:16:21.640+0000] {processor.py:175} INFO - Processing /opt/airflow/dags/captura_dados.py took 0.134 seconds
[2023-05-28T00:16:51.956+0000] {processor.py:153} INFO - Started process (PID=349) to work on /opt/airflow/dags/captura_dados.py
[2023-05-28T00:16:51.959+0000] {processor.py:743} INFO - Processing file /opt/airflow/dags/captura_dados.py for tasks to queue
[2023-05-28T00:16:51.960+0000] {logging_mixin.py:137} INFO - [2023-05-28T00:16:51.959+0000] {dagbag.py:538} INFO - Filling up the DagBag from /opt/airflow/dags/captura_dados.py
[2023-05-28T00:16:51.977+0000] {logging_mixin.py:137} WARNING - /home/airflow/.local/lib/python3.7/site-packages/airflow/models/baseoperator.py:394 RemovedInAirflow3Warning: provide_context is deprecated as of 2.0 and is no longer required
[2023-05-28T00:16:51.989+0000] {processor.py:753} INFO - DAG(s) dict_keys(['captura_dados']) retrieved from /opt/airflow/dags/captura_dados.py
[2023-05-28T00:16:52.068+0000] {logging_mixin.py:137} INFO - [2023-05-28T00:16:52.068+0000] {dag.py:2690} INFO - Sync 1 DAGs
[2023-05-28T00:16:52.114+0000] {logging_mixin.py:137} INFO - [2023-05-28T00:16:52.113+0000] {dag.py:3441} INFO - Setting next_dagrun for captura_dados to None, run_after=None
[2023-05-28T00:16:52.156+0000] {processor.py:175} INFO - Processing /opt/airflow/dags/captura_dados.py took 0.207 seconds
[2023-05-28T00:17:22.226+0000] {processor.py:153} INFO - Started process (PID=376) to work on /opt/airflow/dags/captura_dados.py
[2023-05-28T00:17:22.236+0000] {processor.py:743} INFO - Processing file /opt/airflow/dags/captura_dados.py for tasks to queue
[2023-05-28T00:17:22.238+0000] {logging_mixin.py:137} INFO - [2023-05-28T00:17:22.237+0000] {dagbag.py:538} INFO - Filling up the DagBag from /opt/airflow/dags/captura_dados.py
[2023-05-28T00:17:22.294+0000] {logging_mixin.py:137} WARNING - /home/airflow/.local/lib/python3.7/site-packages/airflow/models/baseoperator.py:394 RemovedInAirflow3Warning: provide_context is deprecated as of 2.0 and is no longer required
[2023-05-28T00:17:22.307+0000] {processor.py:753} INFO - DAG(s) dict_keys(['captura_dados']) retrieved from /opt/airflow/dags/captura_dados.py
[2023-05-28T00:17:22.381+0000] {logging_mixin.py:137} INFO - [2023-05-28T00:17:22.380+0000] {dag.py:2690} INFO - Sync 1 DAGs
[2023-05-28T00:17:22.479+0000] {logging_mixin.py:137} INFO - [2023-05-28T00:17:22.479+0000] {dag.py:3441} INFO - Setting next_dagrun for captura_dados to None, run_after=None
[2023-05-28T00:17:22.533+0000] {processor.py:175} INFO - Processing /opt/airflow/dags/captura_dados.py took 0.313 seconds
[2023-05-28T00:17:52.686+0000] {processor.py:153} INFO - Started process (PID=406) to work on /opt/airflow/dags/captura_dados.py
[2023-05-28T00:17:52.687+0000] {processor.py:743} INFO - Processing file /opt/airflow/dags/captura_dados.py for tasks to queue
[2023-05-28T00:17:52.688+0000] {logging_mixin.py:137} INFO - [2023-05-28T00:17:52.688+0000] {dagbag.py:538} INFO - Filling up the DagBag from /opt/airflow/dags/captura_dados.py
[2023-05-28T00:17:52.699+0000] {logging_mixin.py:137} WARNING - /home/airflow/.local/lib/python3.7/site-packages/airflow/models/baseoperator.py:394 RemovedInAirflow3Warning: provide_context is deprecated as of 2.0 and is no longer required
[2023-05-28T00:17:52.707+0000] {processor.py:753} INFO - DAG(s) dict_keys(['captura_dados']) retrieved from /opt/airflow/dags/captura_dados.py
[2023-05-28T00:17:52.730+0000] {logging_mixin.py:137} INFO - [2023-05-28T00:17:52.730+0000] {dag.py:2690} INFO - Sync 1 DAGs
[2023-05-28T00:17:52.757+0000] {logging_mixin.py:137} INFO - [2023-05-28T00:17:52.757+0000] {dag.py:3441} INFO - Setting next_dagrun for captura_dados to None, run_after=None
[2023-05-28T00:17:52.776+0000] {processor.py:175} INFO - Processing /opt/airflow/dags/captura_dados.py took 0.093 seconds
[2023-05-28T00:18:17.266+0000] {processor.py:153} INFO - Started process (PID=433) to work on /opt/airflow/dags/captura_dados.py
[2023-05-28T00:18:17.267+0000] {processor.py:743} INFO - Processing file /opt/airflow/dags/captura_dados.py for tasks to queue
[2023-05-28T00:18:17.268+0000] {logging_mixin.py:137} INFO - [2023-05-28T00:18:17.267+0000] {dagbag.py:538} INFO - Filling up the DagBag from /opt/airflow/dags/captura_dados.py
[2023-05-28T00:18:17.283+0000] {logging_mixin.py:137} WARNING - /home/airflow/.local/lib/python3.7/site-packages/airflow/models/baseoperator.py:394 RemovedInAirflow3Warning: provide_context is deprecated as of 2.0 and is no longer required
[2023-05-28T00:18:17.294+0000] {processor.py:753} INFO - DAG(s) dict_keys(['captura_dados']) retrieved from /opt/airflow/dags/captura_dados.py
[2023-05-28T00:18:17.327+0000] {logging_mixin.py:137} INFO - [2023-05-28T00:18:17.326+0000] {dag.py:2690} INFO - Sync 1 DAGs
[2023-05-28T00:18:17.369+0000] {logging_mixin.py:137} INFO - [2023-05-28T00:18:17.369+0000] {dag.py:3441} INFO - Setting next_dagrun for captura_dados to None, run_after=None
[2023-05-28T00:18:17.403+0000] {processor.py:175} INFO - Processing /opt/airflow/dags/captura_dados.py took 0.142 seconds
[2023-05-28T00:18:47.561+0000] {processor.py:153} INFO - Started process (PID=459) to work on /opt/airflow/dags/captura_dados.py
[2023-05-28T00:18:47.562+0000] {processor.py:743} INFO - Processing file /opt/airflow/dags/captura_dados.py for tasks to queue
[2023-05-28T00:18:47.562+0000] {logging_mixin.py:137} INFO - [2023-05-28T00:18:47.562+0000] {dagbag.py:538} INFO - Filling up the DagBag from /opt/airflow/dags/captura_dados.py
[2023-05-28T00:18:47.574+0000] {logging_mixin.py:137} WARNING - /home/airflow/.local/lib/python3.7/site-packages/airflow/models/baseoperator.py:394 RemovedInAirflow3Warning: provide_context is deprecated as of 2.0 and is no longer required
[2023-05-28T00:18:47.582+0000] {processor.py:753} INFO - DAG(s) dict_keys(['captura_dados']) retrieved from /opt/airflow/dags/captura_dados.py
[2023-05-28T00:18:47.609+0000] {logging_mixin.py:137} INFO - [2023-05-28T00:18:47.609+0000] {dag.py:2690} INFO - Sync 1 DAGs
[2023-05-28T00:18:47.645+0000] {logging_mixin.py:137} INFO - [2023-05-28T00:18:47.644+0000] {dag.py:3441} INFO - Setting next_dagrun for captura_dados to None, run_after=None
[2023-05-28T00:18:47.665+0000] {processor.py:175} INFO - Processing /opt/airflow/dags/captura_dados.py took 0.108 seconds
[2023-05-28T00:19:17.808+0000] {processor.py:153} INFO - Started process (PID=495) to work on /opt/airflow/dags/captura_dados.py
[2023-05-28T00:19:17.809+0000] {processor.py:743} INFO - Processing file /opt/airflow/dags/captura_dados.py for tasks to queue
[2023-05-28T00:19:17.810+0000] {logging_mixin.py:137} INFO - [2023-05-28T00:19:17.809+0000] {dagbag.py:538} INFO - Filling up the DagBag from /opt/airflow/dags/captura_dados.py
[2023-05-28T00:19:17.821+0000] {logging_mixin.py:137} WARNING - /home/airflow/.local/lib/python3.7/site-packages/airflow/models/baseoperator.py:394 RemovedInAirflow3Warning: provide_context is deprecated as of 2.0 and is no longer required
[2023-05-28T00:19:17.829+0000] {processor.py:753} INFO - DAG(s) dict_keys(['captura_dados']) retrieved from /opt/airflow/dags/captura_dados.py
[2023-05-28T00:19:17.852+0000] {logging_mixin.py:137} INFO - [2023-05-28T00:19:17.852+0000] {dag.py:2690} INFO - Sync 1 DAGs
[2023-05-28T00:19:17.879+0000] {logging_mixin.py:137} INFO - [2023-05-28T00:19:17.879+0000] {dag.py:3441} INFO - Setting next_dagrun for captura_dados to None, run_after=None
[2023-05-28T00:19:17.923+0000] {processor.py:175} INFO - Processing /opt/airflow/dags/captura_dados.py took 0.118 seconds
[2023-05-28T00:19:48.060+0000] {processor.py:153} INFO - Started process (PID=532) to work on /opt/airflow/dags/captura_dados.py
[2023-05-28T00:19:48.061+0000] {processor.py:743} INFO - Processing file /opt/airflow/dags/captura_dados.py for tasks to queue
[2023-05-28T00:19:48.061+0000] {logging_mixin.py:137} INFO - [2023-05-28T00:19:48.061+0000] {dagbag.py:538} INFO - Filling up the DagBag from /opt/airflow/dags/captura_dados.py
[2023-05-28T00:19:48.072+0000] {logging_mixin.py:137} WARNING - /home/airflow/.local/lib/python3.7/site-packages/airflow/models/baseoperator.py:394 RemovedInAirflow3Warning: provide_context is deprecated as of 2.0 and is no longer required
[2023-05-28T00:19:48.078+0000] {processor.py:753} INFO - DAG(s) dict_keys(['captura_dados']) retrieved from /opt/airflow/dags/captura_dados.py
[2023-05-28T00:19:48.102+0000] {logging_mixin.py:137} INFO - [2023-05-28T00:19:48.102+0000] {dag.py:2690} INFO - Sync 1 DAGs
[2023-05-28T00:19:48.127+0000] {logging_mixin.py:137} INFO - [2023-05-28T00:19:48.127+0000] {dag.py:3441} INFO - Setting next_dagrun for captura_dados to None, run_after=None
[2023-05-28T00:19:48.146+0000] {processor.py:175} INFO - Processing /opt/airflow/dags/captura_dados.py took 0.089 seconds
[2023-05-28T00:20:18.274+0000] {processor.py:153} INFO - Started process (PID=559) to work on /opt/airflow/dags/captura_dados.py
[2023-05-28T00:20:18.275+0000] {processor.py:743} INFO - Processing file /opt/airflow/dags/captura_dados.py for tasks to queue
[2023-05-28T00:20:18.276+0000] {logging_mixin.py:137} INFO - [2023-05-28T00:20:18.276+0000] {dagbag.py:538} INFO - Filling up the DagBag from /opt/airflow/dags/captura_dados.py
[2023-05-28T00:20:18.286+0000] {logging_mixin.py:137} WARNING - /home/airflow/.local/lib/python3.7/site-packages/airflow/models/baseoperator.py:394 RemovedInAirflow3Warning: provide_context is deprecated as of 2.0 and is no longer required
[2023-05-28T00:20:18.292+0000] {processor.py:753} INFO - DAG(s) dict_keys(['captura_dados']) retrieved from /opt/airflow/dags/captura_dados.py
[2023-05-28T00:20:18.314+0000] {logging_mixin.py:137} INFO - [2023-05-28T00:20:18.314+0000] {dag.py:2690} INFO - Sync 1 DAGs
[2023-05-28T00:20:18.341+0000] {logging_mixin.py:137} INFO - [2023-05-28T00:20:18.341+0000] {dag.py:3441} INFO - Setting next_dagrun for captura_dados to None, run_after=None
[2023-05-28T00:20:18.358+0000] {processor.py:175} INFO - Processing /opt/airflow/dags/captura_dados.py took 0.087 seconds
[2023-05-28T00:20:22.317+0000] {processor.py:153} INFO - Started process (PID=560) to work on /opt/airflow/dags/captura_dados.py
[2023-05-28T00:20:22.318+0000] {processor.py:743} INFO - Processing file /opt/airflow/dags/captura_dados.py for tasks to queue
[2023-05-28T00:20:22.319+0000] {logging_mixin.py:137} INFO - [2023-05-28T00:20:22.319+0000] {dagbag.py:538} INFO - Filling up the DagBag from /opt/airflow/dags/captura_dados.py
[2023-05-28T00:20:22.331+0000] {logging_mixin.py:137} WARNING - /home/airflow/.local/lib/python3.7/site-packages/airflow/models/baseoperator.py:394 RemovedInAirflow3Warning: provide_context is deprecated as of 2.0 and is no longer required
[2023-05-28T00:20:22.340+0000] {processor.py:753} INFO - DAG(s) dict_keys(['captura_dados']) retrieved from /opt/airflow/dags/captura_dados.py
[2023-05-28T00:20:22.365+0000] {logging_mixin.py:137} INFO - [2023-05-28T00:20:22.364+0000] {dag.py:2690} INFO - Sync 1 DAGs
[2023-05-28T00:20:22.393+0000] {logging_mixin.py:137} INFO - [2023-05-28T00:20:22.393+0000] {dag.py:3441} INFO - Setting next_dagrun for captura_dados to None, run_after=None
[2023-05-28T00:20:22.412+0000] {processor.py:175} INFO - Processing /opt/airflow/dags/captura_dados.py took 0.099 seconds
[2023-05-28T00:20:52.586+0000] {processor.py:153} INFO - Started process (PID=605) to work on /opt/airflow/dags/captura_dados.py
[2023-05-28T00:20:52.587+0000] {processor.py:743} INFO - Processing file /opt/airflow/dags/captura_dados.py for tasks to queue
[2023-05-28T00:20:52.589+0000] {logging_mixin.py:137} INFO - [2023-05-28T00:20:52.588+0000] {dagbag.py:538} INFO - Filling up the DagBag from /opt/airflow/dags/captura_dados.py
[2023-05-28T00:20:52.605+0000] {logging_mixin.py:137} WARNING - /home/airflow/.local/lib/python3.7/site-packages/airflow/models/baseoperator.py:394 RemovedInAirflow3Warning: provide_context is deprecated as of 2.0 and is no longer required
[2023-05-28T00:20:52.620+0000] {processor.py:753} INFO - DAG(s) dict_keys(['captura_dados']) retrieved from /opt/airflow/dags/captura_dados.py
[2023-05-28T00:20:52.656+0000] {logging_mixin.py:137} INFO - [2023-05-28T00:20:52.656+0000] {dag.py:2690} INFO - Sync 1 DAGs
[2023-05-28T00:20:52.701+0000] {logging_mixin.py:137} INFO - [2023-05-28T00:20:52.701+0000] {dag.py:3441} INFO - Setting next_dagrun for captura_dados to None, run_after=None
[2023-05-28T00:20:52.728+0000] {processor.py:175} INFO - Processing /opt/airflow/dags/captura_dados.py took 0.145 seconds
[2023-05-28T00:21:16.741+0000] {processor.py:153} INFO - Started process (PID=623) to work on /opt/airflow/dags/captura_dados.py
[2023-05-28T00:21:16.743+0000] {processor.py:743} INFO - Processing file /opt/airflow/dags/captura_dados.py for tasks to queue
[2023-05-28T00:21:16.744+0000] {logging_mixin.py:137} INFO - [2023-05-28T00:21:16.743+0000] {dagbag.py:538} INFO - Filling up the DagBag from /opt/airflow/dags/captura_dados.py
[2023-05-28T00:21:16.761+0000] {logging_mixin.py:137} WARNING - /home/airflow/.local/lib/python3.7/site-packages/airflow/models/baseoperator.py:394 RemovedInAirflow3Warning: provide_context is deprecated as of 2.0 and is no longer required
[2023-05-28T00:21:16.773+0000] {processor.py:753} INFO - DAG(s) dict_keys(['captura_dados']) retrieved from /opt/airflow/dags/captura_dados.py
[2023-05-28T00:21:16.815+0000] {logging_mixin.py:137} INFO - [2023-05-28T00:21:16.814+0000] {dag.py:2690} INFO - Sync 1 DAGs
[2023-05-28T00:21:16.845+0000] {logging_mixin.py:137} INFO - [2023-05-28T00:21:16.845+0000] {dag.py:3441} INFO - Setting next_dagrun for captura_dados to None, run_after=None
[2023-05-28T00:21:16.882+0000] {processor.py:175} INFO - Processing /opt/airflow/dags/captura_dados.py took 0.145 seconds
[2023-05-28T00:21:47.103+0000] {processor.py:153} INFO - Started process (PID=663) to work on /opt/airflow/dags/captura_dados.py
[2023-05-28T00:21:47.130+0000] {processor.py:743} INFO - Processing file /opt/airflow/dags/captura_dados.py for tasks to queue
[2023-05-28T00:21:47.136+0000] {logging_mixin.py:137} INFO - [2023-05-28T00:21:47.133+0000] {dagbag.py:538} INFO - Filling up the DagBag from /opt/airflow/dags/captura_dados.py
[2023-05-28T00:21:47.167+0000] {logging_mixin.py:137} WARNING - /home/airflow/.local/lib/python3.7/site-packages/airflow/models/baseoperator.py:394 RemovedInAirflow3Warning: provide_context is deprecated as of 2.0 and is no longer required
[2023-05-28T00:21:47.180+0000] {processor.py:753} INFO - DAG(s) dict_keys(['captura_dados']) retrieved from /opt/airflow/dags/captura_dados.py
[2023-05-28T00:21:47.276+0000] {logging_mixin.py:137} INFO - [2023-05-28T00:21:47.276+0000] {dag.py:2690} INFO - Sync 1 DAGs
[2023-05-28T00:21:47.494+0000] {logging_mixin.py:137} INFO - [2023-05-28T00:21:47.494+0000] {dag.py:3441} INFO - Setting next_dagrun for captura_dados to None, run_after=None
[2023-05-28T00:21:47.672+0000] {processor.py:175} INFO - Processing /opt/airflow/dags/captura_dados.py took 0.576 seconds
[2023-05-28T00:22:18.249+0000] {processor.py:153} INFO - Started process (PID=701) to work on /opt/airflow/dags/captura_dados.py
[2023-05-28T00:22:18.250+0000] {processor.py:743} INFO - Processing file /opt/airflow/dags/captura_dados.py for tasks to queue
[2023-05-28T00:22:18.251+0000] {logging_mixin.py:137} INFO - [2023-05-28T00:22:18.251+0000] {dagbag.py:538} INFO - Filling up the DagBag from /opt/airflow/dags/captura_dados.py
[2023-05-28T00:22:18.265+0000] {logging_mixin.py:137} WARNING - /home/airflow/.local/lib/python3.7/site-packages/airflow/models/baseoperator.py:394 RemovedInAirflow3Warning: provide_context is deprecated as of 2.0 and is no longer required
[2023-05-28T00:22:18.276+0000] {processor.py:753} INFO - DAG(s) dict_keys(['captura_dados']) retrieved from /opt/airflow/dags/captura_dados.py
[2023-05-28T00:22:18.308+0000] {logging_mixin.py:137} INFO - [2023-05-28T00:22:18.308+0000] {dag.py:2690} INFO - Sync 1 DAGs
[2023-05-28T00:22:18.344+0000] {logging_mixin.py:137} INFO - [2023-05-28T00:22:18.344+0000] {dag.py:3441} INFO - Setting next_dagrun for captura_dados to None, run_after=None
[2023-05-28T00:22:18.362+0000] {processor.py:175} INFO - Processing /opt/airflow/dags/captura_dados.py took 0.116 seconds
[2023-05-28T00:22:48.538+0000] {processor.py:153} INFO - Started process (PID=728) to work on /opt/airflow/dags/captura_dados.py
[2023-05-28T00:22:48.539+0000] {processor.py:743} INFO - Processing file /opt/airflow/dags/captura_dados.py for tasks to queue
[2023-05-28T00:22:48.539+0000] {logging_mixin.py:137} INFO - [2023-05-28T00:22:48.539+0000] {dagbag.py:538} INFO - Filling up the DagBag from /opt/airflow/dags/captura_dados.py
[2023-05-28T00:22:48.584+0000] {logging_mixin.py:137} WARNING - /home/airflow/.local/lib/python3.7/site-packages/airflow/models/baseoperator.py:394 RemovedInAirflow3Warning: provide_context is deprecated as of 2.0 and is no longer required
[2023-05-28T00:22:48.594+0000] {processor.py:753} INFO - DAG(s) dict_keys(['captura_dados']) retrieved from /opt/airflow/dags/captura_dados.py
[2023-05-28T00:22:48.636+0000] {logging_mixin.py:137} INFO - [2023-05-28T00:22:48.635+0000] {dag.py:2690} INFO - Sync 1 DAGs
[2023-05-28T00:22:48.675+0000] {logging_mixin.py:137} INFO - [2023-05-28T00:22:48.675+0000] {dag.py:3441} INFO - Setting next_dagrun for captura_dados to None, run_after=None
[2023-05-28T00:22:48.712+0000] {processor.py:175} INFO - Processing /opt/airflow/dags/captura_dados.py took 0.179 seconds
[2023-05-28T00:22:53.508+0000] {processor.py:153} INFO - Started process (PID=742) to work on /opt/airflow/dags/captura_dados.py
[2023-05-28T00:22:53.508+0000] {processor.py:743} INFO - Processing file /opt/airflow/dags/captura_dados.py for tasks to queue
[2023-05-28T00:22:53.509+0000] {logging_mixin.py:137} INFO - [2023-05-28T00:22:53.509+0000] {dagbag.py:538} INFO - Filling up the DagBag from /opt/airflow/dags/captura_dados.py
[2023-05-28T00:22:53.522+0000] {logging_mixin.py:137} WARNING - /home/airflow/.local/lib/python3.7/site-packages/airflow/models/baseoperator.py:394 RemovedInAirflow3Warning: provide_context is deprecated as of 2.0 and is no longer required
[2023-05-28T00:22:53.528+0000] {processor.py:753} INFO - DAG(s) dict_keys(['captura_dados']) retrieved from /opt/airflow/dags/captura_dados.py
[2023-05-28T00:22:53.556+0000] {logging_mixin.py:137} INFO - [2023-05-28T00:22:53.556+0000] {dag.py:2690} INFO - Sync 1 DAGs
[2023-05-28T00:22:53.592+0000] {logging_mixin.py:137} INFO - [2023-05-28T00:22:53.592+0000] {dag.py:3441} INFO - Setting next_dagrun for captura_dados to None, run_after=None
[2023-05-28T00:22:53.617+0000] {processor.py:175} INFO - Processing /opt/airflow/dags/captura_dados.py took 0.112 seconds
[2023-05-28T00:23:23.780+0000] {processor.py:153} INFO - Started process (PID=770) to work on /opt/airflow/dags/captura_dados.py
[2023-05-28T00:23:23.781+0000] {processor.py:743} INFO - Processing file /opt/airflow/dags/captura_dados.py for tasks to queue
[2023-05-28T00:23:23.782+0000] {logging_mixin.py:137} INFO - [2023-05-28T00:23:23.782+0000] {dagbag.py:538} INFO - Filling up the DagBag from /opt/airflow/dags/captura_dados.py
[2023-05-28T00:23:23.802+0000] {logging_mixin.py:137} WARNING - /home/airflow/.local/lib/python3.7/site-packages/airflow/models/baseoperator.py:394 RemovedInAirflow3Warning: provide_context is deprecated as of 2.0 and is no longer required
[2023-05-28T00:23:23.814+0000] {processor.py:753} INFO - DAG(s) dict_keys(['captura_dados']) retrieved from /opt/airflow/dags/captura_dados.py
[2023-05-28T00:23:23.859+0000] {logging_mixin.py:137} INFO - [2023-05-28T00:23:23.858+0000] {dag.py:2690} INFO - Sync 1 DAGs
[2023-05-28T00:23:23.913+0000] {logging_mixin.py:137} INFO - [2023-05-28T00:23:23.913+0000] {dag.py:3441} INFO - Setting next_dagrun for captura_dados to None, run_after=None
[2023-05-28T00:23:23.952+0000] {processor.py:175} INFO - Processing /opt/airflow/dags/captura_dados.py took 0.178 seconds
[2023-05-28T00:23:54.140+0000] {processor.py:153} INFO - Started process (PID=812) to work on /opt/airflow/dags/captura_dados.py
[2023-05-28T00:23:54.141+0000] {processor.py:743} INFO - Processing file /opt/airflow/dags/captura_dados.py for tasks to queue
[2023-05-28T00:23:54.142+0000] {logging_mixin.py:137} INFO - [2023-05-28T00:23:54.142+0000] {dagbag.py:538} INFO - Filling up the DagBag from /opt/airflow/dags/captura_dados.py
[2023-05-28T00:23:54.152+0000] {logging_mixin.py:137} WARNING - /home/airflow/.local/lib/python3.7/site-packages/airflow/models/baseoperator.py:394 RemovedInAirflow3Warning: provide_context is deprecated as of 2.0 and is no longer required
[2023-05-28T00:23:54.160+0000] {processor.py:753} INFO - DAG(s) dict_keys(['captura_dados']) retrieved from /opt/airflow/dags/captura_dados.py
[2023-05-28T00:23:54.186+0000] {logging_mixin.py:137} INFO - [2023-05-28T00:23:54.186+0000] {dag.py:2690} INFO - Sync 1 DAGs
[2023-05-28T00:23:54.212+0000] {logging_mixin.py:137} INFO - [2023-05-28T00:23:54.212+0000] {dag.py:3441} INFO - Setting next_dagrun for captura_dados to None, run_after=None
[2023-05-28T00:23:54.232+0000] {processor.py:175} INFO - Processing /opt/airflow/dags/captura_dados.py took 0.095 seconds
[2023-05-28T00:24:24.419+0000] {processor.py:153} INFO - Started process (PID=844) to work on /opt/airflow/dags/captura_dados.py
[2023-05-28T00:24:24.419+0000] {processor.py:743} INFO - Processing file /opt/airflow/dags/captura_dados.py for tasks to queue
[2023-05-28T00:24:24.420+0000] {logging_mixin.py:137} INFO - [2023-05-28T00:24:24.420+0000] {dagbag.py:538} INFO - Filling up the DagBag from /opt/airflow/dags/captura_dados.py
[2023-05-28T00:24:24.434+0000] {logging_mixin.py:137} WARNING - /home/airflow/.local/lib/python3.7/site-packages/airflow/models/baseoperator.py:394 RemovedInAirflow3Warning: provide_context is deprecated as of 2.0 and is no longer required
[2023-05-28T00:24:24.443+0000] {processor.py:753} INFO - DAG(s) dict_keys(['captura_dados']) retrieved from /opt/airflow/dags/captura_dados.py
[2023-05-28T00:24:24.470+0000] {logging_mixin.py:137} INFO - [2023-05-28T00:24:24.470+0000] {dag.py:2690} INFO - Sync 1 DAGs
[2023-05-28T00:24:24.494+0000] {logging_mixin.py:137} INFO - [2023-05-28T00:24:24.494+0000] {dag.py:3441} INFO - Setting next_dagrun for captura_dados to None, run_after=None
[2023-05-28T00:24:24.511+0000] {processor.py:175} INFO - Processing /opt/airflow/dags/captura_dados.py took 0.095 seconds
[2023-05-28T00:24:54.657+0000] {processor.py:153} INFO - Started process (PID=872) to work on /opt/airflow/dags/captura_dados.py
[2023-05-28T00:24:54.658+0000] {processor.py:743} INFO - Processing file /opt/airflow/dags/captura_dados.py for tasks to queue
[2023-05-28T00:24:54.659+0000] {logging_mixin.py:137} INFO - [2023-05-28T00:24:54.659+0000] {dagbag.py:538} INFO - Filling up the DagBag from /opt/airflow/dags/captura_dados.py
[2023-05-28T00:24:54.669+0000] {logging_mixin.py:137} WARNING - /home/airflow/.local/lib/python3.7/site-packages/airflow/models/baseoperator.py:394 RemovedInAirflow3Warning: provide_context is deprecated as of 2.0 and is no longer required
[2023-05-28T00:24:54.676+0000] {processor.py:753} INFO - DAG(s) dict_keys(['captura_dados']) retrieved from /opt/airflow/dags/captura_dados.py
[2023-05-28T00:24:54.699+0000] {logging_mixin.py:137} INFO - [2023-05-28T00:24:54.699+0000] {dag.py:2690} INFO - Sync 1 DAGs
[2023-05-28T00:24:54.724+0000] {logging_mixin.py:137} INFO - [2023-05-28T00:24:54.724+0000] {dag.py:3441} INFO - Setting next_dagrun for captura_dados to None, run_after=None
[2023-05-28T00:24:54.746+0000] {processor.py:175} INFO - Processing /opt/airflow/dags/captura_dados.py took 0.091 seconds
[2023-05-28T00:25:25.004+0000] {processor.py:153} INFO - Started process (PID=900) to work on /opt/airflow/dags/captura_dados.py
[2023-05-28T00:25:25.006+0000] {processor.py:743} INFO - Processing file /opt/airflow/dags/captura_dados.py for tasks to queue
[2023-05-28T00:25:25.012+0000] {logging_mixin.py:137} INFO - [2023-05-28T00:25:25.011+0000] {dagbag.py:538} INFO - Filling up the DagBag from /opt/airflow/dags/captura_dados.py
[2023-05-28T00:25:25.071+0000] {logging_mixin.py:137} WARNING - /home/airflow/.local/lib/python3.7/site-packages/airflow/models/baseoperator.py:394 RemovedInAirflow3Warning: provide_context is deprecated as of 2.0 and is no longer required
[2023-05-28T00:25:25.091+0000] {processor.py:753} INFO - DAG(s) dict_keys(['captura_dados']) retrieved from /opt/airflow/dags/captura_dados.py
[2023-05-28T00:25:25.156+0000] {logging_mixin.py:137} INFO - [2023-05-28T00:25:25.156+0000] {dag.py:2690} INFO - Sync 1 DAGs
[2023-05-28T00:25:25.221+0000] {logging_mixin.py:137} INFO - [2023-05-28T00:25:25.221+0000] {dag.py:3441} INFO - Setting next_dagrun for captura_dados to None, run_after=None
[2023-05-28T00:25:25.271+0000] {processor.py:175} INFO - Processing /opt/airflow/dags/captura_dados.py took 0.284 seconds
[2023-05-28T00:25:55.487+0000] {processor.py:153} INFO - Started process (PID=935) to work on /opt/airflow/dags/captura_dados.py
[2023-05-28T00:25:55.487+0000] {processor.py:743} INFO - Processing file /opt/airflow/dags/captura_dados.py for tasks to queue
[2023-05-28T00:25:55.488+0000] {logging_mixin.py:137} INFO - [2023-05-28T00:25:55.488+0000] {dagbag.py:538} INFO - Filling up the DagBag from /opt/airflow/dags/captura_dados.py
[2023-05-28T00:25:55.504+0000] {logging_mixin.py:137} WARNING - /home/airflow/.local/lib/python3.7/site-packages/airflow/models/baseoperator.py:394 RemovedInAirflow3Warning: provide_context is deprecated as of 2.0 and is no longer required
[2023-05-28T00:25:55.514+0000] {processor.py:753} INFO - DAG(s) dict_keys(['captura_dados']) retrieved from /opt/airflow/dags/captura_dados.py
[2023-05-28T00:25:55.546+0000] {logging_mixin.py:137} INFO - [2023-05-28T00:25:55.546+0000] {dag.py:2690} INFO - Sync 1 DAGs
[2023-05-28T00:25:55.582+0000] {logging_mixin.py:137} INFO - [2023-05-28T00:25:55.582+0000] {dag.py:3441} INFO - Setting next_dagrun for captura_dados to None, run_after=None
[2023-05-28T00:25:55.601+0000] {processor.py:175} INFO - Processing /opt/airflow/dags/captura_dados.py took 0.119 seconds
[2023-05-28T00:26:25.784+0000] {processor.py:153} INFO - Started process (PID=964) to work on /opt/airflow/dags/captura_dados.py
[2023-05-28T00:26:25.784+0000] {processor.py:743} INFO - Processing file /opt/airflow/dags/captura_dados.py for tasks to queue
[2023-05-28T00:26:25.785+0000] {logging_mixin.py:137} INFO - [2023-05-28T00:26:25.785+0000] {dagbag.py:538} INFO - Filling up the DagBag from /opt/airflow/dags/captura_dados.py
[2023-05-28T00:26:25.801+0000] {logging_mixin.py:137} WARNING - /home/airflow/.local/lib/python3.7/site-packages/airflow/models/baseoperator.py:394 RemovedInAirflow3Warning: provide_context is deprecated as of 2.0 and is no longer required
[2023-05-28T00:26:25.814+0000] {processor.py:753} INFO - DAG(s) dict_keys(['captura_dados']) retrieved from /opt/airflow/dags/captura_dados.py
[2023-05-28T00:26:25.845+0000] {logging_mixin.py:137} INFO - [2023-05-28T00:26:25.845+0000] {dag.py:2690} INFO - Sync 1 DAGs
[2023-05-28T00:26:25.873+0000] {logging_mixin.py:137} INFO - [2023-05-28T00:26:25.873+0000] {dag.py:3441} INFO - Setting next_dagrun for captura_dados to None, run_after=None
[2023-05-28T00:26:25.893+0000] {processor.py:175} INFO - Processing /opt/airflow/dags/captura_dados.py took 0.113 seconds
[2023-05-28T00:26:56.102+0000] {processor.py:153} INFO - Started process (PID=990) to work on /opt/airflow/dags/captura_dados.py
[2023-05-28T00:26:56.105+0000] {processor.py:743} INFO - Processing file /opt/airflow/dags/captura_dados.py for tasks to queue
[2023-05-28T00:26:56.106+0000] {logging_mixin.py:137} INFO - [2023-05-28T00:26:56.106+0000] {dagbag.py:538} INFO - Filling up the DagBag from /opt/airflow/dags/captura_dados.py
[2023-05-28T00:26:56.120+0000] {logging_mixin.py:137} WARNING - /home/airflow/.local/lib/python3.7/site-packages/airflow/models/baseoperator.py:394 RemovedInAirflow3Warning: provide_context is deprecated as of 2.0 and is no longer required
[2023-05-28T00:26:56.133+0000] {processor.py:753} INFO - DAG(s) dict_keys(['captura_dados']) retrieved from /opt/airflow/dags/captura_dados.py
[2023-05-28T00:26:56.168+0000] {logging_mixin.py:137} INFO - [2023-05-28T00:26:56.168+0000] {dag.py:2690} INFO - Sync 1 DAGs
[2023-05-28T00:26:56.204+0000] {logging_mixin.py:137} INFO - [2023-05-28T00:26:56.204+0000] {dag.py:3441} INFO - Setting next_dagrun for captura_dados to None, run_after=None
[2023-05-28T00:26:56.230+0000] {processor.py:175} INFO - Processing /opt/airflow/dags/captura_dados.py took 0.131 seconds
[2023-05-28T00:27:26.640+0000] {processor.py:153} INFO - Started process (PID=1013) to work on /opt/airflow/dags/captura_dados.py
[2023-05-28T00:27:26.664+0000] {processor.py:743} INFO - Processing file /opt/airflow/dags/captura_dados.py for tasks to queue
[2023-05-28T00:27:26.665+0000] {logging_mixin.py:137} INFO - [2023-05-28T00:27:26.664+0000] {dagbag.py:538} INFO - Filling up the DagBag from /opt/airflow/dags/captura_dados.py
[2023-05-28T00:27:26.953+0000] {logging_mixin.py:137} WARNING - /home/airflow/.local/lib/python3.7/site-packages/airflow/models/baseoperator.py:394 RemovedInAirflow3Warning: provide_context is deprecated as of 2.0 and is no longer required
[2023-05-28T00:27:28.078+0000] {processor.py:753} INFO - DAG(s) dict_keys(['captura_dados']) retrieved from /opt/airflow/dags/captura_dados.py
[2023-05-28T00:27:45.064+0000] {logging_mixin.py:137} INFO - [2023-05-28T00:27:45.017+0000] {dag.py:2690} INFO - Sync 1 DAGs
[2023-05-28T00:28:11.132+0000] {logging_mixin.py:137} INFO - [2023-05-28T00:28:11.132+0000] {dag.py:3441} INFO - Setting next_dagrun for captura_dados to None, run_after=None
[2023-05-28T00:28:12.844+0000] {processor.py:175} INFO - Processing /opt/airflow/dags/captura_dados.py took 46.272 seconds
[2023-05-28T00:43:51.563+0000] {processor.py:153} INFO - Started process (PID=45) to work on /opt/airflow/dags/captura_dados.py
[2023-05-28T00:43:51.569+0000] {processor.py:743} INFO - Processing file /opt/airflow/dags/captura_dados.py for tasks to queue
[2023-05-28T00:43:51.570+0000] {logging_mixin.py:137} INFO - [2023-05-28T00:43:51.570+0000] {dagbag.py:538} INFO - Filling up the DagBag from /opt/airflow/dags/captura_dados.py
[2023-05-28T00:43:51.635+0000] {logging_mixin.py:137} WARNING - /home/airflow/.local/lib/python3.7/site-packages/airflow/models/baseoperator.py:394 RemovedInAirflow3Warning: provide_context is deprecated as of 2.0 and is no longer required
[2023-05-28T00:43:51.743+0000] {processor.py:753} INFO - DAG(s) dict_keys(['captura_dados']) retrieved from /opt/airflow/dags/captura_dados.py
[2023-05-28T00:43:52.100+0000] {logging_mixin.py:137} INFO - [2023-05-28T00:43:52.099+0000] {dag.py:2690} INFO - Sync 1 DAGs
[2023-05-28T00:43:52.191+0000] {logging_mixin.py:137} INFO - [2023-05-28T00:43:52.191+0000] {dag.py:3441} INFO - Setting next_dagrun for captura_dados to None, run_after=None
[2023-05-28T00:43:52.298+0000] {processor.py:175} INFO - Processing /opt/airflow/dags/captura_dados.py took 0.754 seconds
[2023-05-28T00:44:22.458+0000] {processor.py:153} INFO - Started process (PID=73) to work on /opt/airflow/dags/captura_dados.py
[2023-05-28T00:44:22.459+0000] {processor.py:743} INFO - Processing file /opt/airflow/dags/captura_dados.py for tasks to queue
[2023-05-28T00:44:22.460+0000] {logging_mixin.py:137} INFO - [2023-05-28T00:44:22.460+0000] {dagbag.py:538} INFO - Filling up the DagBag from /opt/airflow/dags/captura_dados.py
[2023-05-28T00:44:22.473+0000] {logging_mixin.py:137} WARNING - /home/airflow/.local/lib/python3.7/site-packages/airflow/models/baseoperator.py:394 RemovedInAirflow3Warning: provide_context is deprecated as of 2.0 and is no longer required
[2023-05-28T00:44:22.485+0000] {processor.py:753} INFO - DAG(s) dict_keys(['captura_dados']) retrieved from /opt/airflow/dags/captura_dados.py
[2023-05-28T00:44:22.518+0000] {logging_mixin.py:137} INFO - [2023-05-28T00:44:22.517+0000] {dag.py:2690} INFO - Sync 1 DAGs
[2023-05-28T00:44:22.557+0000] {logging_mixin.py:137} INFO - [2023-05-28T00:44:22.557+0000] {dag.py:3441} INFO - Setting next_dagrun for captura_dados to None, run_after=None
[2023-05-28T00:44:22.609+0000] {processor.py:175} INFO - Processing /opt/airflow/dags/captura_dados.py took 0.156 seconds
[2023-05-28T00:44:52.786+0000] {processor.py:153} INFO - Started process (PID=102) to work on /opt/airflow/dags/captura_dados.py
[2023-05-28T00:44:52.787+0000] {processor.py:743} INFO - Processing file /opt/airflow/dags/captura_dados.py for tasks to queue
[2023-05-28T00:44:52.787+0000] {logging_mixin.py:137} INFO - [2023-05-28T00:44:52.787+0000] {dagbag.py:538} INFO - Filling up the DagBag from /opt/airflow/dags/captura_dados.py
[2023-05-28T00:44:52.797+0000] {logging_mixin.py:137} WARNING - /home/airflow/.local/lib/python3.7/site-packages/airflow/models/baseoperator.py:394 RemovedInAirflow3Warning: provide_context is deprecated as of 2.0 and is no longer required
[2023-05-28T00:44:52.804+0000] {processor.py:753} INFO - DAG(s) dict_keys(['captura_dados']) retrieved from /opt/airflow/dags/captura_dados.py
[2023-05-28T00:44:52.827+0000] {logging_mixin.py:137} INFO - [2023-05-28T00:44:52.827+0000] {dag.py:2690} INFO - Sync 1 DAGs
[2023-05-28T00:44:52.855+0000] {logging_mixin.py:137} INFO - [2023-05-28T00:44:52.855+0000] {dag.py:3441} INFO - Setting next_dagrun for captura_dados to None, run_after=None
[2023-05-28T00:44:52.876+0000] {processor.py:175} INFO - Processing /opt/airflow/dags/captura_dados.py took 0.094 seconds
[2023-05-28T00:45:23.032+0000] {processor.py:153} INFO - Started process (PID=144) to work on /opt/airflow/dags/captura_dados.py
[2023-05-28T00:45:23.033+0000] {processor.py:743} INFO - Processing file /opt/airflow/dags/captura_dados.py for tasks to queue
[2023-05-28T00:45:23.034+0000] {logging_mixin.py:137} INFO - [2023-05-28T00:45:23.034+0000] {dagbag.py:538} INFO - Filling up the DagBag from /opt/airflow/dags/captura_dados.py
[2023-05-28T00:45:23.050+0000] {logging_mixin.py:137} WARNING - /home/airflow/.local/lib/python3.7/site-packages/airflow/models/baseoperator.py:394 RemovedInAirflow3Warning: provide_context is deprecated as of 2.0 and is no longer required
[2023-05-28T00:45:23.068+0000] {processor.py:753} INFO - DAG(s) dict_keys(['captura_dados']) retrieved from /opt/airflow/dags/captura_dados.py
[2023-05-28T00:45:23.109+0000] {logging_mixin.py:137} INFO - [2023-05-28T00:45:23.108+0000] {dag.py:2690} INFO - Sync 1 DAGs
[2023-05-28T00:45:23.157+0000] {logging_mixin.py:137} INFO - [2023-05-28T00:45:23.156+0000] {dag.py:3441} INFO - Setting next_dagrun for captura_dados to None, run_after=None
[2023-05-28T00:45:23.189+0000] {processor.py:175} INFO - Processing /opt/airflow/dags/captura_dados.py took 0.161 seconds
[2023-05-28T00:45:53.339+0000] {processor.py:153} INFO - Started process (PID=171) to work on /opt/airflow/dags/captura_dados.py
[2023-05-28T00:45:53.339+0000] {processor.py:743} INFO - Processing file /opt/airflow/dags/captura_dados.py for tasks to queue
[2023-05-28T00:45:53.340+0000] {logging_mixin.py:137} INFO - [2023-05-28T00:45:53.340+0000] {dagbag.py:538} INFO - Filling up the DagBag from /opt/airflow/dags/captura_dados.py
[2023-05-28T00:45:53.352+0000] {logging_mixin.py:137} WARNING - /home/airflow/.local/lib/python3.7/site-packages/airflow/models/baseoperator.py:394 RemovedInAirflow3Warning: provide_context is deprecated as of 2.0 and is no longer required
[2023-05-28T00:45:53.359+0000] {processor.py:753} INFO - DAG(s) dict_keys(['captura_dados']) retrieved from /opt/airflow/dags/captura_dados.py
[2023-05-28T00:45:53.383+0000] {logging_mixin.py:137} INFO - [2023-05-28T00:45:53.383+0000] {dag.py:2690} INFO - Sync 1 DAGs
[2023-05-28T00:45:53.407+0000] {logging_mixin.py:137} INFO - [2023-05-28T00:45:53.407+0000] {dag.py:3441} INFO - Setting next_dagrun for captura_dados to None, run_after=None
[2023-05-28T00:45:53.425+0000] {processor.py:175} INFO - Processing /opt/airflow/dags/captura_dados.py took 0.089 seconds
[2023-05-28T00:46:20.969+0000] {processor.py:153} INFO - Started process (PID=197) to work on /opt/airflow/dags/captura_dados.py
[2023-05-28T00:46:20.970+0000] {processor.py:743} INFO - Processing file /opt/airflow/dags/captura_dados.py for tasks to queue
[2023-05-28T00:46:20.970+0000] {logging_mixin.py:137} INFO - [2023-05-28T00:46:20.970+0000] {dagbag.py:538} INFO - Filling up the DagBag from /opt/airflow/dags/captura_dados.py
[2023-05-28T00:46:20.982+0000] {logging_mixin.py:137} WARNING - /home/airflow/.local/lib/python3.7/site-packages/airflow/models/baseoperator.py:394 RemovedInAirflow3Warning: provide_context is deprecated as of 2.0 and is no longer required
[2023-05-28T00:46:20.989+0000] {processor.py:753} INFO - DAG(s) dict_keys(['captura_dados']) retrieved from /opt/airflow/dags/captura_dados.py
[2023-05-28T00:46:21.062+0000] {logging_mixin.py:137} INFO - [2023-05-28T00:46:21.061+0000] {dag.py:2690} INFO - Sync 1 DAGs
[2023-05-28T00:46:21.095+0000] {logging_mixin.py:137} INFO - [2023-05-28T00:46:21.095+0000] {dag.py:3441} INFO - Setting next_dagrun for captura_dados to None, run_after=None
[2023-05-28T00:46:21.119+0000] {processor.py:175} INFO - Processing /opt/airflow/dags/captura_dados.py took 0.154 seconds
[2023-05-28T00:46:51.287+0000] {processor.py:153} INFO - Started process (PID=224) to work on /opt/airflow/dags/captura_dados.py
[2023-05-28T00:46:51.288+0000] {processor.py:743} INFO - Processing file /opt/airflow/dags/captura_dados.py for tasks to queue
[2023-05-28T00:46:51.289+0000] {logging_mixin.py:137} INFO - [2023-05-28T00:46:51.288+0000] {dagbag.py:538} INFO - Filling up the DagBag from /opt/airflow/dags/captura_dados.py
[2023-05-28T00:46:51.300+0000] {logging_mixin.py:137} WARNING - /home/airflow/.local/lib/python3.7/site-packages/airflow/models/baseoperator.py:394 RemovedInAirflow3Warning: provide_context is deprecated as of 2.0 and is no longer required
[2023-05-28T00:46:51.307+0000] {processor.py:753} INFO - DAG(s) dict_keys(['captura_dados']) retrieved from /opt/airflow/dags/captura_dados.py
[2023-05-28T00:46:51.331+0000] {logging_mixin.py:137} INFO - [2023-05-28T00:46:51.331+0000] {dag.py:2690} INFO - Sync 1 DAGs
[2023-05-28T00:46:51.358+0000] {logging_mixin.py:137} INFO - [2023-05-28T00:46:51.358+0000] {dag.py:3441} INFO - Setting next_dagrun for captura_dados to None, run_after=None
[2023-05-28T00:46:51.379+0000] {processor.py:175} INFO - Processing /opt/airflow/dags/captura_dados.py took 0.095 seconds
[2023-05-28T00:47:21.530+0000] {processor.py:153} INFO - Started process (PID=275) to work on /opt/airflow/dags/captura_dados.py
[2023-05-28T00:47:21.530+0000] {processor.py:743} INFO - Processing file /opt/airflow/dags/captura_dados.py for tasks to queue
[2023-05-28T00:47:21.531+0000] {logging_mixin.py:137} INFO - [2023-05-28T00:47:21.531+0000] {dagbag.py:538} INFO - Filling up the DagBag from /opt/airflow/dags/captura_dados.py
[2023-05-28T00:47:21.541+0000] {logging_mixin.py:137} WARNING - /home/airflow/.local/lib/python3.7/site-packages/airflow/models/baseoperator.py:394 RemovedInAirflow3Warning: provide_context is deprecated as of 2.0 and is no longer required
[2023-05-28T00:47:21.547+0000] {processor.py:753} INFO - DAG(s) dict_keys(['captura_dados']) retrieved from /opt/airflow/dags/captura_dados.py
[2023-05-28T00:47:21.570+0000] {logging_mixin.py:137} INFO - [2023-05-28T00:47:21.570+0000] {dag.py:2690} INFO - Sync 1 DAGs
[2023-05-28T00:47:21.594+0000] {logging_mixin.py:137} INFO - [2023-05-28T00:47:21.594+0000] {dag.py:3441} INFO - Setting next_dagrun for captura_dados to None, run_after=None
[2023-05-28T00:47:21.618+0000] {processor.py:175} INFO - Processing /opt/airflow/dags/captura_dados.py took 0.091 seconds
[2023-05-28T00:47:51.776+0000] {processor.py:153} INFO - Started process (PID=302) to work on /opt/airflow/dags/captura_dados.py
[2023-05-28T00:47:51.777+0000] {processor.py:743} INFO - Processing file /opt/airflow/dags/captura_dados.py for tasks to queue
[2023-05-28T00:47:51.778+0000] {logging_mixin.py:137} INFO - [2023-05-28T00:47:51.778+0000] {dagbag.py:538} INFO - Filling up the DagBag from /opt/airflow/dags/captura_dados.py
[2023-05-28T00:47:51.788+0000] {logging_mixin.py:137} WARNING - /home/airflow/.local/lib/python3.7/site-packages/airflow/models/baseoperator.py:394 RemovedInAirflow3Warning: provide_context is deprecated as of 2.0 and is no longer required
[2023-05-28T00:47:51.798+0000] {processor.py:753} INFO - DAG(s) dict_keys(['captura_dados']) retrieved from /opt/airflow/dags/captura_dados.py
[2023-05-28T00:47:51.845+0000] {logging_mixin.py:137} INFO - [2023-05-28T00:47:51.845+0000] {dag.py:2690} INFO - Sync 1 DAGs
[2023-05-28T00:47:51.886+0000] {logging_mixin.py:137} INFO - [2023-05-28T00:47:51.886+0000] {dag.py:3441} INFO - Setting next_dagrun for captura_dados to None, run_after=None
[2023-05-28T00:47:51.904+0000] {processor.py:175} INFO - Processing /opt/airflow/dags/captura_dados.py took 0.132 seconds
