[2023-05-28T00:11:55.810+0000] {processor.py:153} INFO - Started process (PID=46) to work on /opt/airflow/dags/tutorial_dag_mss.py
[2023-05-28T00:11:55.811+0000] {processor.py:743} INFO - Processing file /opt/airflow/dags/tutorial_dag_mss.py for tasks to queue
[2023-05-28T00:11:55.812+0000] {logging_mixin.py:137} INFO - [2023-05-28T00:11:55.812+0000] {dagbag.py:538} INFO - Filling up the DagBag from /opt/airflow/dags/tutorial_dag_mss.py
[2023-05-28T00:11:57.300+0000] {processor.py:753} INFO - DAG(s) dict_keys(['tutorial_dag_mss']) retrieved from /opt/airflow/dags/tutorial_dag_mss.py
[2023-05-28T00:11:57.468+0000] {logging_mixin.py:137} INFO - [2023-05-28T00:11:57.468+0000] {dag.py:2690} INFO - Sync 1 DAGs
[2023-05-28T00:11:57.517+0000] {logging_mixin.py:137} INFO - [2023-05-28T00:11:57.517+0000] {dag.py:3441} INFO - Setting next_dagrun for tutorial_dag_mss to 2023-05-27T22:30:00+00:00, run_after=2023-05-27T23:30:00+00:00
[2023-05-28T00:11:57.548+0000] {processor.py:175} INFO - Processing /opt/airflow/dags/tutorial_dag_mss.py took 1.742 seconds
[2023-05-28T00:12:27.751+0000] {processor.py:153} INFO - Started process (PID=72) to work on /opt/airflow/dags/tutorial_dag_mss.py
[2023-05-28T00:12:27.753+0000] {processor.py:743} INFO - Processing file /opt/airflow/dags/tutorial_dag_mss.py for tasks to queue
[2023-05-28T00:12:27.754+0000] {logging_mixin.py:137} INFO - [2023-05-28T00:12:27.754+0000] {dagbag.py:538} INFO - Filling up the DagBag from /opt/airflow/dags/tutorial_dag_mss.py
[2023-05-28T00:12:28.615+0000] {processor.py:753} INFO - DAG(s) dict_keys(['tutorial_dag_mss']) retrieved from /opt/airflow/dags/tutorial_dag_mss.py
[2023-05-28T00:12:28.644+0000] {logging_mixin.py:137} INFO - [2023-05-28T00:12:28.643+0000] {dag.py:2690} INFO - Sync 1 DAGs
[2023-05-28T00:12:28.674+0000] {logging_mixin.py:137} INFO - [2023-05-28T00:12:28.674+0000] {dag.py:3441} INFO - Setting next_dagrun for tutorial_dag_mss to 2023-05-27T22:30:00+00:00, run_after=2023-05-27T23:30:00+00:00
[2023-05-28T00:12:28.696+0000] {processor.py:175} INFO - Processing /opt/airflow/dags/tutorial_dag_mss.py took 0.948 seconds
[2023-05-28T00:12:58.964+0000] {processor.py:153} INFO - Started process (PID=108) to work on /opt/airflow/dags/tutorial_dag_mss.py
[2023-05-28T00:12:58.965+0000] {processor.py:743} INFO - Processing file /opt/airflow/dags/tutorial_dag_mss.py for tasks to queue
[2023-05-28T00:12:58.966+0000] {logging_mixin.py:137} INFO - [2023-05-28T00:12:58.965+0000] {dagbag.py:538} INFO - Filling up the DagBag from /opt/airflow/dags/tutorial_dag_mss.py
[2023-05-28T00:12:59.344+0000] {processor.py:753} INFO - DAG(s) dict_keys(['tutorial_dag_mss']) retrieved from /opt/airflow/dags/tutorial_dag_mss.py
[2023-05-28T00:12:59.366+0000] {logging_mixin.py:137} INFO - [2023-05-28T00:12:59.365+0000] {dag.py:2690} INFO - Sync 1 DAGs
[2023-05-28T00:12:59.401+0000] {logging_mixin.py:137} INFO - [2023-05-28T00:12:59.401+0000] {dag.py:3441} INFO - Setting next_dagrun for tutorial_dag_mss to 2023-05-27T22:30:00+00:00, run_after=2023-05-27T23:30:00+00:00
[2023-05-28T00:12:59.420+0000] {processor.py:175} INFO - Processing /opt/airflow/dags/tutorial_dag_mss.py took 0.460 seconds
[2023-05-28T00:13:30.177+0000] {processor.py:153} INFO - Started process (PID=147) to work on /opt/airflow/dags/tutorial_dag_mss.py
[2023-05-28T00:13:30.178+0000] {processor.py:743} INFO - Processing file /opt/airflow/dags/tutorial_dag_mss.py for tasks to queue
[2023-05-28T00:13:30.178+0000] {logging_mixin.py:137} INFO - [2023-05-28T00:13:30.178+0000] {dagbag.py:538} INFO - Filling up the DagBag from /opt/airflow/dags/tutorial_dag_mss.py
[2023-05-28T00:13:30.526+0000] {processor.py:753} INFO - DAG(s) dict_keys(['tutorial_dag_mss']) retrieved from /opt/airflow/dags/tutorial_dag_mss.py
[2023-05-28T00:13:30.545+0000] {logging_mixin.py:137} INFO - [2023-05-28T00:13:30.544+0000] {dag.py:2690} INFO - Sync 1 DAGs
[2023-05-28T00:13:30.568+0000] {logging_mixin.py:137} INFO - [2023-05-28T00:13:30.567+0000] {dag.py:3441} INFO - Setting next_dagrun for tutorial_dag_mss to 2023-05-27T22:30:00+00:00, run_after=2023-05-27T23:30:00+00:00
[2023-05-28T00:13:30.584+0000] {processor.py:175} INFO - Processing /opt/airflow/dags/tutorial_dag_mss.py took 0.411 seconds
[2023-05-28T00:14:01.474+0000] {processor.py:153} INFO - Started process (PID=174) to work on /opt/airflow/dags/tutorial_dag_mss.py
[2023-05-28T00:14:01.475+0000] {processor.py:743} INFO - Processing file /opt/airflow/dags/tutorial_dag_mss.py for tasks to queue
[2023-05-28T00:14:01.476+0000] {logging_mixin.py:137} INFO - [2023-05-28T00:14:01.475+0000] {dagbag.py:538} INFO - Filling up the DagBag from /opt/airflow/dags/tutorial_dag_mss.py
[2023-05-28T00:14:02.063+0000] {processor.py:753} INFO - DAG(s) dict_keys(['tutorial_dag_mss']) retrieved from /opt/airflow/dags/tutorial_dag_mss.py
[2023-05-28T00:14:02.100+0000] {logging_mixin.py:137} INFO - [2023-05-28T00:14:02.100+0000] {dag.py:2690} INFO - Sync 1 DAGs
[2023-05-28T00:14:02.146+0000] {logging_mixin.py:137} INFO - [2023-05-28T00:14:02.146+0000] {dag.py:3441} INFO - Setting next_dagrun for tutorial_dag_mss to 2023-05-27T22:30:00+00:00, run_after=2023-05-27T23:30:00+00:00
[2023-05-28T00:14:02.173+0000] {processor.py:175} INFO - Processing /opt/airflow/dags/tutorial_dag_mss.py took 0.703 seconds
[2023-05-28T00:14:32.333+0000] {processor.py:153} INFO - Started process (PID=209) to work on /opt/airflow/dags/tutorial_dag_mss.py
[2023-05-28T00:14:32.334+0000] {processor.py:743} INFO - Processing file /opt/airflow/dags/tutorial_dag_mss.py for tasks to queue
[2023-05-28T00:14:32.335+0000] {logging_mixin.py:137} INFO - [2023-05-28T00:14:32.334+0000] {dagbag.py:538} INFO - Filling up the DagBag from /opt/airflow/dags/tutorial_dag_mss.py
[2023-05-28T00:14:32.757+0000] {processor.py:753} INFO - DAG(s) dict_keys(['tutorial_dag_mss']) retrieved from /opt/airflow/dags/tutorial_dag_mss.py
[2023-05-28T00:14:32.788+0000] {logging_mixin.py:137} INFO - [2023-05-28T00:14:32.787+0000] {dag.py:2690} INFO - Sync 1 DAGs
[2023-05-28T00:14:32.817+0000] {logging_mixin.py:137} INFO - [2023-05-28T00:14:32.817+0000] {dag.py:3441} INFO - Setting next_dagrun for tutorial_dag_mss to 2023-05-27T22:30:00+00:00, run_after=2023-05-27T23:30:00+00:00
[2023-05-28T00:14:32.837+0000] {processor.py:175} INFO - Processing /opt/airflow/dags/tutorial_dag_mss.py took 0.507 seconds
[2023-05-28T00:15:03.762+0000] {processor.py:153} INFO - Started process (PID=242) to work on /opt/airflow/dags/tutorial_dag_mss.py
[2023-05-28T00:15:03.763+0000] {processor.py:743} INFO - Processing file /opt/airflow/dags/tutorial_dag_mss.py for tasks to queue
[2023-05-28T00:15:03.763+0000] {logging_mixin.py:137} INFO - [2023-05-28T00:15:03.763+0000] {dagbag.py:538} INFO - Filling up the DagBag from /opt/airflow/dags/tutorial_dag_mss.py
[2023-05-28T00:15:04.113+0000] {processor.py:753} INFO - DAG(s) dict_keys(['tutorial_dag_mss']) retrieved from /opt/airflow/dags/tutorial_dag_mss.py
[2023-05-28T00:15:04.135+0000] {logging_mixin.py:137} INFO - [2023-05-28T00:15:04.135+0000] {dag.py:2690} INFO - Sync 1 DAGs
[2023-05-28T00:15:04.159+0000] {logging_mixin.py:137} INFO - [2023-05-28T00:15:04.159+0000] {dag.py:3441} INFO - Setting next_dagrun for tutorial_dag_mss to 2023-05-27T22:30:00+00:00, run_after=2023-05-27T23:30:00+00:00
[2023-05-28T00:15:04.178+0000] {processor.py:175} INFO - Processing /opt/airflow/dags/tutorial_dag_mss.py took 0.419 seconds
[2023-05-28T00:15:35.006+0000] {processor.py:153} INFO - Started process (PID=273) to work on /opt/airflow/dags/tutorial_dag_mss.py
[2023-05-28T00:15:35.007+0000] {processor.py:743} INFO - Processing file /opt/airflow/dags/tutorial_dag_mss.py for tasks to queue
[2023-05-28T00:15:35.008+0000] {logging_mixin.py:137} INFO - [2023-05-28T00:15:35.007+0000] {dagbag.py:538} INFO - Filling up the DagBag from /opt/airflow/dags/tutorial_dag_mss.py
[2023-05-28T00:15:35.512+0000] {processor.py:753} INFO - DAG(s) dict_keys(['tutorial_dag_mss']) retrieved from /opt/airflow/dags/tutorial_dag_mss.py
[2023-05-28T00:15:35.551+0000] {logging_mixin.py:137} INFO - [2023-05-28T00:15:35.550+0000] {dag.py:2690} INFO - Sync 1 DAGs
[2023-05-28T00:15:35.584+0000] {logging_mixin.py:137} INFO - [2023-05-28T00:15:35.583+0000] {dag.py:3441} INFO - Setting next_dagrun for tutorial_dag_mss to 2023-05-27T22:30:00+00:00, run_after=2023-05-27T23:30:00+00:00
[2023-05-28T00:15:35.606+0000] {processor.py:175} INFO - Processing /opt/airflow/dags/tutorial_dag_mss.py took 0.605 seconds
[2023-05-28T00:16:06.360+0000] {processor.py:153} INFO - Started process (PID=300) to work on /opt/airflow/dags/tutorial_dag_mss.py
[2023-05-28T00:16:06.362+0000] {processor.py:743} INFO - Processing file /opt/airflow/dags/tutorial_dag_mss.py for tasks to queue
[2023-05-28T00:16:06.363+0000] {logging_mixin.py:137} INFO - [2023-05-28T00:16:06.363+0000] {dagbag.py:538} INFO - Filling up the DagBag from /opt/airflow/dags/tutorial_dag_mss.py
[2023-05-28T00:16:07.177+0000] {processor.py:753} INFO - DAG(s) dict_keys(['tutorial_dag_mss']) retrieved from /opt/airflow/dags/tutorial_dag_mss.py
[2023-05-28T00:16:07.218+0000] {logging_mixin.py:137} INFO - [2023-05-28T00:16:07.217+0000] {dag.py:2690} INFO - Sync 1 DAGs
[2023-05-28T00:16:07.340+0000] {logging_mixin.py:137} INFO - [2023-05-28T00:16:07.340+0000] {dag.py:3441} INFO - Setting next_dagrun for tutorial_dag_mss to 2023-05-27T22:30:00+00:00, run_after=2023-05-27T23:30:00+00:00
[2023-05-28T00:16:07.415+0000] {processor.py:175} INFO - Processing /opt/airflow/dags/tutorial_dag_mss.py took 1.057 seconds
[2023-05-28T00:16:37.611+0000] {processor.py:153} INFO - Started process (PID=335) to work on /opt/airflow/dags/tutorial_dag_mss.py
[2023-05-28T00:16:37.614+0000] {processor.py:743} INFO - Processing file /opt/airflow/dags/tutorial_dag_mss.py for tasks to queue
[2023-05-28T00:16:37.615+0000] {logging_mixin.py:137} INFO - [2023-05-28T00:16:37.615+0000] {dagbag.py:538} INFO - Filling up the DagBag from /opt/airflow/dags/tutorial_dag_mss.py
[2023-05-28T00:16:38.948+0000] {processor.py:753} INFO - DAG(s) dict_keys(['tutorial_dag_mss']) retrieved from /opt/airflow/dags/tutorial_dag_mss.py
[2023-05-28T00:16:39.037+0000] {logging_mixin.py:137} INFO - [2023-05-28T00:16:39.036+0000] {dag.py:2690} INFO - Sync 1 DAGs
[2023-05-28T00:16:39.159+0000] {logging_mixin.py:137} INFO - [2023-05-28T00:16:39.158+0000] {dag.py:3441} INFO - Setting next_dagrun for tutorial_dag_mss to 2023-05-27T22:30:00+00:00, run_after=2023-05-27T23:30:00+00:00
[2023-05-28T00:16:39.204+0000] {processor.py:175} INFO - Processing /opt/airflow/dags/tutorial_dag_mss.py took 1.602 seconds
[2023-05-28T00:17:09.277+0000] {processor.py:153} INFO - Started process (PID=365) to work on /opt/airflow/dags/tutorial_dag_mss.py
[2023-05-28T00:17:09.278+0000] {processor.py:743} INFO - Processing file /opt/airflow/dags/tutorial_dag_mss.py for tasks to queue
[2023-05-28T00:17:09.279+0000] {logging_mixin.py:137} INFO - [2023-05-28T00:17:09.279+0000] {dagbag.py:538} INFO - Filling up the DagBag from /opt/airflow/dags/tutorial_dag_mss.py
[2023-05-28T00:17:10.000+0000] {processor.py:753} INFO - DAG(s) dict_keys(['tutorial_dag_mss']) retrieved from /opt/airflow/dags/tutorial_dag_mss.py
[2023-05-28T00:17:10.025+0000] {logging_mixin.py:137} INFO - [2023-05-28T00:17:10.023+0000] {dag.py:2690} INFO - Sync 1 DAGs
[2023-05-28T00:17:10.068+0000] {logging_mixin.py:137} INFO - [2023-05-28T00:17:10.068+0000] {dag.py:3441} INFO - Setting next_dagrun for tutorial_dag_mss to 2023-05-27T22:30:00+00:00, run_after=2023-05-27T23:30:00+00:00
[2023-05-28T00:17:10.093+0000] {processor.py:175} INFO - Processing /opt/airflow/dags/tutorial_dag_mss.py took 0.826 seconds
[2023-05-28T00:17:40.361+0000] {processor.py:153} INFO - Started process (PID=392) to work on /opt/airflow/dags/tutorial_dag_mss.py
[2023-05-28T00:17:40.363+0000] {processor.py:743} INFO - Processing file /opt/airflow/dags/tutorial_dag_mss.py for tasks to queue
[2023-05-28T00:17:40.365+0000] {logging_mixin.py:137} INFO - [2023-05-28T00:17:40.364+0000] {dagbag.py:538} INFO - Filling up the DagBag from /opt/airflow/dags/tutorial_dag_mss.py
[2023-05-28T00:17:40.974+0000] {processor.py:753} INFO - DAG(s) dict_keys(['tutorial_dag_mss']) retrieved from /opt/airflow/dags/tutorial_dag_mss.py
[2023-05-28T00:17:40.997+0000] {logging_mixin.py:137} INFO - [2023-05-28T00:17:40.995+0000] {dag.py:2690} INFO - Sync 1 DAGs
[2023-05-28T00:17:41.036+0000] {logging_mixin.py:137} INFO - [2023-05-28T00:17:41.036+0000] {dag.py:3441} INFO - Setting next_dagrun for tutorial_dag_mss to 2023-05-27T22:30:00+00:00, run_after=2023-05-27T23:30:00+00:00
[2023-05-28T00:17:41.060+0000] {processor.py:175} INFO - Processing /opt/airflow/dags/tutorial_dag_mss.py took 0.703 seconds
[2023-05-28T00:18:11.786+0000] {processor.py:153} INFO - Started process (PID=419) to work on /opt/airflow/dags/tutorial_dag_mss.py
[2023-05-28T00:18:11.786+0000] {processor.py:743} INFO - Processing file /opt/airflow/dags/tutorial_dag_mss.py for tasks to queue
[2023-05-28T00:18:11.787+0000] {logging_mixin.py:137} INFO - [2023-05-28T00:18:11.787+0000] {dagbag.py:538} INFO - Filling up the DagBag from /opt/airflow/dags/tutorial_dag_mss.py
[2023-05-28T00:18:12.149+0000] {processor.py:753} INFO - DAG(s) dict_keys(['tutorial_dag_mss']) retrieved from /opt/airflow/dags/tutorial_dag_mss.py
[2023-05-28T00:18:12.167+0000] {logging_mixin.py:137} INFO - [2023-05-28T00:18:12.166+0000] {dag.py:2690} INFO - Sync 1 DAGs
[2023-05-28T00:18:12.198+0000] {logging_mixin.py:137} INFO - [2023-05-28T00:18:12.198+0000] {dag.py:3441} INFO - Setting next_dagrun for tutorial_dag_mss to 2023-05-27T22:30:00+00:00, run_after=2023-05-27T23:30:00+00:00
[2023-05-28T00:18:12.217+0000] {processor.py:175} INFO - Processing /opt/airflow/dags/tutorial_dag_mss.py took 0.434 seconds
[2023-05-28T00:18:42.437+0000] {processor.py:153} INFO - Started process (PID=457) to work on /opt/airflow/dags/tutorial_dag_mss.py
[2023-05-28T00:18:42.447+0000] {processor.py:743} INFO - Processing file /opt/airflow/dags/tutorial_dag_mss.py for tasks to queue
[2023-05-28T00:18:42.449+0000] {logging_mixin.py:137} INFO - [2023-05-28T00:18:42.448+0000] {dagbag.py:538} INFO - Filling up the DagBag from /opt/airflow/dags/tutorial_dag_mss.py
[2023-05-28T00:18:43.454+0000] {processor.py:753} INFO - DAG(s) dict_keys(['tutorial_dag_mss']) retrieved from /opt/airflow/dags/tutorial_dag_mss.py
[2023-05-28T00:18:43.486+0000] {logging_mixin.py:137} INFO - [2023-05-28T00:18:43.485+0000] {dag.py:2690} INFO - Sync 1 DAGs
[2023-05-28T00:18:43.536+0000] {logging_mixin.py:137} INFO - [2023-05-28T00:18:43.536+0000] {dag.py:3441} INFO - Setting next_dagrun for tutorial_dag_mss to 2023-05-27T22:30:00+00:00, run_after=2023-05-27T23:30:00+00:00
[2023-05-28T00:18:43.587+0000] {processor.py:175} INFO - Processing /opt/airflow/dags/tutorial_dag_mss.py took 1.157 seconds
[2023-05-28T00:19:13.760+0000] {processor.py:153} INFO - Started process (PID=493) to work on /opt/airflow/dags/tutorial_dag_mss.py
[2023-05-28T00:19:13.761+0000] {processor.py:743} INFO - Processing file /opt/airflow/dags/tutorial_dag_mss.py for tasks to queue
[2023-05-28T00:19:13.762+0000] {logging_mixin.py:137} INFO - [2023-05-28T00:19:13.762+0000] {dagbag.py:538} INFO - Filling up the DagBag from /opt/airflow/dags/tutorial_dag_mss.py
[2023-05-28T00:19:14.144+0000] {processor.py:753} INFO - DAG(s) dict_keys(['tutorial_dag_mss']) retrieved from /opt/airflow/dags/tutorial_dag_mss.py
[2023-05-28T00:19:14.164+0000] {logging_mixin.py:137} INFO - [2023-05-28T00:19:14.163+0000] {dag.py:2690} INFO - Sync 1 DAGs
[2023-05-28T00:19:14.188+0000] {logging_mixin.py:137} INFO - [2023-05-28T00:19:14.188+0000] {dag.py:3441} INFO - Setting next_dagrun for tutorial_dag_mss to 2023-05-27T22:30:00+00:00, run_after=2023-05-27T23:30:00+00:00
[2023-05-28T00:19:14.206+0000] {processor.py:175} INFO - Processing /opt/airflow/dags/tutorial_dag_mss.py took 0.449 seconds
[2023-05-28T00:19:44.980+0000] {processor.py:153} INFO - Started process (PID=527) to work on /opt/airflow/dags/tutorial_dag_mss.py
[2023-05-28T00:19:44.983+0000] {processor.py:743} INFO - Processing file /opt/airflow/dags/tutorial_dag_mss.py for tasks to queue
[2023-05-28T00:19:44.984+0000] {logging_mixin.py:137} INFO - [2023-05-28T00:19:44.983+0000] {dagbag.py:538} INFO - Filling up the DagBag from /opt/airflow/dags/tutorial_dag_mss.py
[2023-05-28T00:19:45.560+0000] {processor.py:753} INFO - DAG(s) dict_keys(['tutorial_dag_mss']) retrieved from /opt/airflow/dags/tutorial_dag_mss.py
[2023-05-28T00:19:45.586+0000] {logging_mixin.py:137} INFO - [2023-05-28T00:19:45.585+0000] {dag.py:2690} INFO - Sync 1 DAGs
[2023-05-28T00:19:45.626+0000] {logging_mixin.py:137} INFO - [2023-05-28T00:19:45.625+0000] {dag.py:3441} INFO - Setting next_dagrun for tutorial_dag_mss to 2023-05-27T22:30:00+00:00, run_after=2023-05-27T23:30:00+00:00
[2023-05-28T00:19:45.651+0000] {processor.py:175} INFO - Processing /opt/airflow/dags/tutorial_dag_mss.py took 0.681 seconds
[2023-05-28T00:20:16.188+0000] {processor.py:153} INFO - Started process (PID=557) to work on /opt/airflow/dags/tutorial_dag_mss.py
[2023-05-28T00:20:16.189+0000] {processor.py:743} INFO - Processing file /opt/airflow/dags/tutorial_dag_mss.py for tasks to queue
[2023-05-28T00:20:16.190+0000] {logging_mixin.py:137} INFO - [2023-05-28T00:20:16.190+0000] {dagbag.py:538} INFO - Filling up the DagBag from /opt/airflow/dags/tutorial_dag_mss.py
[2023-05-28T00:20:16.633+0000] {processor.py:753} INFO - DAG(s) dict_keys(['tutorial_dag_mss']) retrieved from /opt/airflow/dags/tutorial_dag_mss.py
[2023-05-28T00:20:16.652+0000] {logging_mixin.py:137} INFO - [2023-05-28T00:20:16.652+0000] {dag.py:2690} INFO - Sync 1 DAGs
[2023-05-28T00:20:16.681+0000] {logging_mixin.py:137} INFO - [2023-05-28T00:20:16.681+0000] {dag.py:3441} INFO - Setting next_dagrun for tutorial_dag_mss to 2023-05-27T22:30:00+00:00, run_after=2023-05-27T23:30:00+00:00
[2023-05-28T00:20:16.705+0000] {processor.py:175} INFO - Processing /opt/airflow/dags/tutorial_dag_mss.py took 0.520 seconds
[2023-05-28T00:20:47.541+0000] {processor.py:153} INFO - Started process (PID=596) to work on /opt/airflow/dags/tutorial_dag_mss.py
[2023-05-28T00:20:47.543+0000] {processor.py:743} INFO - Processing file /opt/airflow/dags/tutorial_dag_mss.py for tasks to queue
[2023-05-28T00:20:47.544+0000] {logging_mixin.py:137} INFO - [2023-05-28T00:20:47.544+0000] {dagbag.py:538} INFO - Filling up the DagBag from /opt/airflow/dags/tutorial_dag_mss.py
[2023-05-28T00:20:48.043+0000] {processor.py:753} INFO - DAG(s) dict_keys(['tutorial_dag_mss']) retrieved from /opt/airflow/dags/tutorial_dag_mss.py
[2023-05-28T00:20:48.061+0000] {logging_mixin.py:137} INFO - [2023-05-28T00:20:48.061+0000] {dag.py:2690} INFO - Sync 1 DAGs
[2023-05-28T00:20:48.085+0000] {logging_mixin.py:137} INFO - [2023-05-28T00:20:48.085+0000] {dag.py:3441} INFO - Setting next_dagrun for tutorial_dag_mss to 2023-05-27T22:30:00+00:00, run_after=2023-05-27T23:30:00+00:00
[2023-05-28T00:20:48.101+0000] {processor.py:175} INFO - Processing /opt/airflow/dags/tutorial_dag_mss.py took 0.566 seconds
[2023-05-28T00:21:18.858+0000] {processor.py:153} INFO - Started process (PID=633) to work on /opt/airflow/dags/tutorial_dag_mss.py
[2023-05-28T00:21:18.860+0000] {processor.py:743} INFO - Processing file /opt/airflow/dags/tutorial_dag_mss.py for tasks to queue
[2023-05-28T00:21:18.861+0000] {logging_mixin.py:137} INFO - [2023-05-28T00:21:18.861+0000] {dagbag.py:538} INFO - Filling up the DagBag from /opt/airflow/dags/tutorial_dag_mss.py
[2023-05-28T00:21:19.476+0000] {processor.py:753} INFO - DAG(s) dict_keys(['tutorial_dag_mss']) retrieved from /opt/airflow/dags/tutorial_dag_mss.py
[2023-05-28T00:21:19.505+0000] {logging_mixin.py:137} INFO - [2023-05-28T00:21:19.503+0000] {dag.py:2690} INFO - Sync 1 DAGs
[2023-05-28T00:21:19.545+0000] {logging_mixin.py:137} INFO - [2023-05-28T00:21:19.544+0000] {dag.py:3441} INFO - Setting next_dagrun for tutorial_dag_mss to 2023-05-27T22:30:00+00:00, run_after=2023-05-27T23:30:00+00:00
[2023-05-28T00:21:19.569+0000] {processor.py:175} INFO - Processing /opt/airflow/dags/tutorial_dag_mss.py took 0.715 seconds
[2023-05-28T00:21:49.761+0000] {processor.py:153} INFO - Started process (PID=671) to work on /opt/airflow/dags/tutorial_dag_mss.py
[2023-05-28T00:21:49.762+0000] {processor.py:743} INFO - Processing file /opt/airflow/dags/tutorial_dag_mss.py for tasks to queue
[2023-05-28T00:21:49.763+0000] {logging_mixin.py:137} INFO - [2023-05-28T00:21:49.763+0000] {dagbag.py:538} INFO - Filling up the DagBag from /opt/airflow/dags/tutorial_dag_mss.py
[2023-05-28T00:21:50.264+0000] {processor.py:753} INFO - DAG(s) dict_keys(['tutorial_dag_mss']) retrieved from /opt/airflow/dags/tutorial_dag_mss.py
[2023-05-28T00:21:50.298+0000] {logging_mixin.py:137} INFO - [2023-05-28T00:21:50.298+0000] {dag.py:2690} INFO - Sync 1 DAGs
[2023-05-28T00:21:50.330+0000] {logging_mixin.py:137} INFO - [2023-05-28T00:21:50.330+0000] {dag.py:3441} INFO - Setting next_dagrun for tutorial_dag_mss to 2023-05-27T22:30:00+00:00, run_after=2023-05-27T23:30:00+00:00
[2023-05-28T00:21:50.354+0000] {processor.py:175} INFO - Processing /opt/airflow/dags/tutorial_dag_mss.py took 0.597 seconds
[2023-05-28T00:22:20.393+0000] {processor.py:153} INFO - Started process (PID=702) to work on /opt/airflow/dags/tutorial_dag_mss.py
[2023-05-28T00:22:20.394+0000] {processor.py:743} INFO - Processing file /opt/airflow/dags/tutorial_dag_mss.py for tasks to queue
[2023-05-28T00:22:20.395+0000] {logging_mixin.py:137} INFO - [2023-05-28T00:22:20.395+0000] {dagbag.py:538} INFO - Filling up the DagBag from /opt/airflow/dags/tutorial_dag_mss.py
[2023-05-28T00:22:20.858+0000] {processor.py:753} INFO - DAG(s) dict_keys(['tutorial_dag_mss']) retrieved from /opt/airflow/dags/tutorial_dag_mss.py
[2023-05-28T00:22:20.883+0000] {logging_mixin.py:137} INFO - [2023-05-28T00:22:20.883+0000] {dag.py:2690} INFO - Sync 1 DAGs
[2023-05-28T00:22:20.912+0000] {logging_mixin.py:137} INFO - [2023-05-28T00:22:20.912+0000] {dag.py:3441} INFO - Setting next_dagrun for tutorial_dag_mss to 2023-05-27T22:30:00+00:00, run_after=2023-05-27T23:30:00+00:00
[2023-05-28T00:22:20.940+0000] {processor.py:175} INFO - Processing /opt/airflow/dags/tutorial_dag_mss.py took 0.551 seconds
[2023-05-28T00:22:51.556+0000] {processor.py:153} INFO - Started process (PID=740) to work on /opt/airflow/dags/tutorial_dag_mss.py
[2023-05-28T00:22:51.557+0000] {processor.py:743} INFO - Processing file /opt/airflow/dags/tutorial_dag_mss.py for tasks to queue
[2023-05-28T00:22:51.557+0000] {logging_mixin.py:137} INFO - [2023-05-28T00:22:51.557+0000] {dagbag.py:538} INFO - Filling up the DagBag from /opt/airflow/dags/tutorial_dag_mss.py
[2023-05-28T00:22:52.394+0000] {processor.py:753} INFO - DAG(s) dict_keys(['tutorial_dag_mss']) retrieved from /opt/airflow/dags/tutorial_dag_mss.py
[2023-05-28T00:22:52.421+0000] {logging_mixin.py:137} INFO - [2023-05-28T00:22:52.421+0000] {dag.py:2690} INFO - Sync 1 DAGs
[2023-05-28T00:22:52.453+0000] {logging_mixin.py:137} INFO - [2023-05-28T00:22:52.453+0000] {dag.py:3441} INFO - Setting next_dagrun for tutorial_dag_mss to 2023-05-27T22:30:00+00:00, run_after=2023-05-27T23:30:00+00:00
[2023-05-28T00:22:52.476+0000] {processor.py:175} INFO - Processing /opt/airflow/dags/tutorial_dag_mss.py took 0.923 seconds
[2023-05-28T00:23:22.698+0000] {processor.py:153} INFO - Started process (PID=768) to work on /opt/airflow/dags/tutorial_dag_mss.py
[2023-05-28T00:23:22.699+0000] {processor.py:743} INFO - Processing file /opt/airflow/dags/tutorial_dag_mss.py for tasks to queue
[2023-05-28T00:23:22.700+0000] {logging_mixin.py:137} INFO - [2023-05-28T00:23:22.699+0000] {dagbag.py:538} INFO - Filling up the DagBag from /opt/airflow/dags/tutorial_dag_mss.py
[2023-05-28T00:23:23.415+0000] {processor.py:753} INFO - DAG(s) dict_keys(['tutorial_dag_mss']) retrieved from /opt/airflow/dags/tutorial_dag_mss.py
[2023-05-28T00:23:23.448+0000] {logging_mixin.py:137} INFO - [2023-05-28T00:23:23.446+0000] {dag.py:2690} INFO - Sync 1 DAGs
[2023-05-28T00:23:23.481+0000] {logging_mixin.py:137} INFO - [2023-05-28T00:23:23.481+0000] {dag.py:3441} INFO - Setting next_dagrun for tutorial_dag_mss to 2023-05-27T22:30:00+00:00, run_after=2023-05-27T23:30:00+00:00
[2023-05-28T00:23:23.506+0000] {processor.py:175} INFO - Processing /opt/airflow/dags/tutorial_dag_mss.py took 0.813 seconds
[2023-05-28T00:23:53.931+0000] {processor.py:153} INFO - Started process (PID=804) to work on /opt/airflow/dags/tutorial_dag_mss.py
[2023-05-28T00:23:53.932+0000] {processor.py:743} INFO - Processing file /opt/airflow/dags/tutorial_dag_mss.py for tasks to queue
[2023-05-28T00:23:53.932+0000] {logging_mixin.py:137} INFO - [2023-05-28T00:23:53.932+0000] {dagbag.py:538} INFO - Filling up the DagBag from /opt/airflow/dags/tutorial_dag_mss.py
[2023-05-28T00:23:54.342+0000] {processor.py:753} INFO - DAG(s) dict_keys(['tutorial_dag_mss']) retrieved from /opt/airflow/dags/tutorial_dag_mss.py
[2023-05-28T00:23:54.367+0000] {logging_mixin.py:137} INFO - [2023-05-28T00:23:54.366+0000] {dag.py:2690} INFO - Sync 1 DAGs
[2023-05-28T00:23:54.403+0000] {logging_mixin.py:137} INFO - [2023-05-28T00:23:54.403+0000] {dag.py:3441} INFO - Setting next_dagrun for tutorial_dag_mss to 2023-05-27T22:30:00+00:00, run_after=2023-05-27T23:30:00+00:00
[2023-05-28T00:23:54.429+0000] {processor.py:175} INFO - Processing /opt/airflow/dags/tutorial_dag_mss.py took 0.501 seconds
[2023-05-28T00:24:24.534+0000] {processor.py:153} INFO - Started process (PID=845) to work on /opt/airflow/dags/tutorial_dag_mss.py
[2023-05-28T00:24:24.535+0000] {processor.py:743} INFO - Processing file /opt/airflow/dags/tutorial_dag_mss.py for tasks to queue
[2023-05-28T00:24:24.535+0000] {logging_mixin.py:137} INFO - [2023-05-28T00:24:24.535+0000] {dagbag.py:538} INFO - Filling up the DagBag from /opt/airflow/dags/tutorial_dag_mss.py
[2023-05-28T00:24:24.990+0000] {processor.py:753} INFO - DAG(s) dict_keys(['tutorial_dag_mss']) retrieved from /opt/airflow/dags/tutorial_dag_mss.py
[2023-05-28T00:24:25.010+0000] {logging_mixin.py:137} INFO - [2023-05-28T00:24:25.009+0000] {dag.py:2690} INFO - Sync 1 DAGs
[2023-05-28T00:24:25.037+0000] {logging_mixin.py:137} INFO - [2023-05-28T00:24:25.037+0000] {dag.py:3441} INFO - Setting next_dagrun for tutorial_dag_mss to 2023-05-27T22:30:00+00:00, run_after=2023-05-27T23:30:00+00:00
[2023-05-28T00:24:25.056+0000] {processor.py:175} INFO - Processing /opt/airflow/dags/tutorial_dag_mss.py took 0.525 seconds
[2023-05-28T00:24:55.668+0000] {processor.py:153} INFO - Started process (PID=873) to work on /opt/airflow/dags/tutorial_dag_mss.py
[2023-05-28T00:24:55.669+0000] {processor.py:743} INFO - Processing file /opt/airflow/dags/tutorial_dag_mss.py for tasks to queue
[2023-05-28T00:24:55.670+0000] {logging_mixin.py:137} INFO - [2023-05-28T00:24:55.670+0000] {dagbag.py:538} INFO - Filling up the DagBag from /opt/airflow/dags/tutorial_dag_mss.py
[2023-05-28T00:24:56.116+0000] {processor.py:753} INFO - DAG(s) dict_keys(['tutorial_dag_mss']) retrieved from /opt/airflow/dags/tutorial_dag_mss.py
[2023-05-28T00:24:56.134+0000] {logging_mixin.py:137} INFO - [2023-05-28T00:24:56.134+0000] {dag.py:2690} INFO - Sync 1 DAGs
[2023-05-28T00:24:56.161+0000] {logging_mixin.py:137} INFO - [2023-05-28T00:24:56.161+0000] {dag.py:3441} INFO - Setting next_dagrun for tutorial_dag_mss to 2023-05-27T22:30:00+00:00, run_after=2023-05-27T23:30:00+00:00
[2023-05-28T00:24:56.179+0000] {processor.py:175} INFO - Processing /opt/airflow/dags/tutorial_dag_mss.py took 0.514 seconds
[2023-05-28T00:25:26.328+0000] {processor.py:153} INFO - Started process (PID=908) to work on /opt/airflow/dags/tutorial_dag_mss.py
[2023-05-28T00:25:26.347+0000] {processor.py:743} INFO - Processing file /opt/airflow/dags/tutorial_dag_mss.py for tasks to queue
[2023-05-28T00:25:26.348+0000] {logging_mixin.py:137} INFO - [2023-05-28T00:25:26.348+0000] {dagbag.py:538} INFO - Filling up the DagBag from /opt/airflow/dags/tutorial_dag_mss.py
[2023-05-28T00:25:28.178+0000] {processor.py:753} INFO - DAG(s) dict_keys(['tutorial_dag_mss']) retrieved from /opt/airflow/dags/tutorial_dag_mss.py
[2023-05-28T00:25:28.226+0000] {logging_mixin.py:137} INFO - [2023-05-28T00:25:28.225+0000] {dag.py:2690} INFO - Sync 1 DAGs
[2023-05-28T00:25:28.279+0000] {logging_mixin.py:137} INFO - [2023-05-28T00:25:28.279+0000] {dag.py:3441} INFO - Setting next_dagrun for tutorial_dag_mss to 2023-05-27T22:30:00+00:00, run_after=2023-05-27T23:30:00+00:00
[2023-05-28T00:25:28.311+0000] {processor.py:175} INFO - Processing /opt/airflow/dags/tutorial_dag_mss.py took 1.988 seconds
[2023-05-28T00:25:58.517+0000] {processor.py:153} INFO - Started process (PID=939) to work on /opt/airflow/dags/tutorial_dag_mss.py
[2023-05-28T00:25:58.519+0000] {processor.py:743} INFO - Processing file /opt/airflow/dags/tutorial_dag_mss.py for tasks to queue
[2023-05-28T00:25:58.519+0000] {logging_mixin.py:137} INFO - [2023-05-28T00:25:58.519+0000] {dagbag.py:538} INFO - Filling up the DagBag from /opt/airflow/dags/tutorial_dag_mss.py
[2023-05-28T00:25:59.021+0000] {processor.py:753} INFO - DAG(s) dict_keys(['tutorial_dag_mss']) retrieved from /opt/airflow/dags/tutorial_dag_mss.py
[2023-05-28T00:25:59.040+0000] {logging_mixin.py:137} INFO - [2023-05-28T00:25:59.040+0000] {dag.py:2690} INFO - Sync 1 DAGs
[2023-05-28T00:25:59.064+0000] {logging_mixin.py:137} INFO - [2023-05-28T00:25:59.064+0000] {dag.py:3441} INFO - Setting next_dagrun for tutorial_dag_mss to 2023-05-27T22:30:00+00:00, run_after=2023-05-27T23:30:00+00:00
[2023-05-28T00:25:59.085+0000] {processor.py:175} INFO - Processing /opt/airflow/dags/tutorial_dag_mss.py took 0.571 seconds
[2023-05-28T00:26:29.807+0000] {processor.py:153} INFO - Started process (PID=965) to work on /opt/airflow/dags/tutorial_dag_mss.py
[2023-05-28T00:26:29.809+0000] {processor.py:743} INFO - Processing file /opt/airflow/dags/tutorial_dag_mss.py for tasks to queue
[2023-05-28T00:26:29.810+0000] {logging_mixin.py:137} INFO - [2023-05-28T00:26:29.810+0000] {dagbag.py:538} INFO - Filling up the DagBag from /opt/airflow/dags/tutorial_dag_mss.py
[2023-05-28T00:26:30.838+0000] {processor.py:753} INFO - DAG(s) dict_keys(['tutorial_dag_mss']) retrieved from /opt/airflow/dags/tutorial_dag_mss.py
[2023-05-28T00:26:30.929+0000] {logging_mixin.py:137} INFO - [2023-05-28T00:26:30.927+0000] {dag.py:2690} INFO - Sync 1 DAGs
[2023-05-28T00:26:30.990+0000] {logging_mixin.py:137} INFO - [2023-05-28T00:26:30.990+0000] {dag.py:3441} INFO - Setting next_dagrun for tutorial_dag_mss to 2023-05-27T22:30:00+00:00, run_after=2023-05-27T23:30:00+00:00
[2023-05-28T00:26:31.022+0000] {processor.py:175} INFO - Processing /opt/airflow/dags/tutorial_dag_mss.py took 1.219 seconds
[2023-05-28T00:27:01.305+0000] {processor.py:153} INFO - Started process (PID=1000) to work on /opt/airflow/dags/tutorial_dag_mss.py
[2023-05-28T00:27:01.315+0000] {processor.py:743} INFO - Processing file /opt/airflow/dags/tutorial_dag_mss.py for tasks to queue
[2023-05-28T00:27:01.317+0000] {logging_mixin.py:137} INFO - [2023-05-28T00:27:01.316+0000] {dagbag.py:538} INFO - Filling up the DagBag from /opt/airflow/dags/tutorial_dag_mss.py
[2023-05-28T00:27:11.632+0000] {processor.py:753} INFO - DAG(s) dict_keys(['tutorial_dag_mss']) retrieved from /opt/airflow/dags/tutorial_dag_mss.py
[2023-05-28T00:27:12.169+0000] {logging_mixin.py:137} INFO - [2023-05-28T00:27:12.167+0000] {dag.py:2690} INFO - Sync 1 DAGs
[2023-05-28T00:27:12.238+0000] {logging_mixin.py:137} INFO - [2023-05-28T00:27:12.238+0000] {dag.py:3441} INFO - Setting next_dagrun for tutorial_dag_mss to 2023-05-27T22:30:00+00:00, run_after=2023-05-27T23:30:00+00:00
[2023-05-28T00:27:12.310+0000] {processor.py:175} INFO - Processing /opt/airflow/dags/tutorial_dag_mss.py took 11.010 seconds
[2023-05-28T00:27:49.691+0000] {processor.py:153} INFO - Started process (PID=1014) to work on /opt/airflow/dags/tutorial_dag_mss.py
[2023-05-28T00:27:50.814+0000] {processor.py:743} INFO - Processing file /opt/airflow/dags/tutorial_dag_mss.py for tasks to queue
[2023-05-28T00:27:53.932+0000] {logging_mixin.py:137} INFO - [2023-05-28T00:27:52.990+0000] {dagbag.py:538} INFO - Filling up the DagBag from /opt/airflow/dags/tutorial_dag_mss.py
[2023-05-28T00:28:16.432+0000] {processor.py:753} INFO - DAG(s) dict_keys(['tutorial_dag_mss']) retrieved from /opt/airflow/dags/tutorial_dag_mss.py
[2023-05-28T00:28:16.483+0000] {logging_mixin.py:137} INFO - [2023-05-28T00:28:16.482+0000] {dag.py:2690} INFO - Sync 1 DAGs
[2023-05-28T00:28:16.510+0000] {logging_mixin.py:137} INFO - [2023-05-28T00:28:16.510+0000] {dag.py:3441} INFO - Setting next_dagrun for tutorial_dag_mss to 2023-05-27T22:30:00+00:00, run_after=2023-05-27T23:30:00+00:00
[2023-05-28T00:28:16.553+0000] {processor.py:175} INFO - Processing /opt/airflow/dags/tutorial_dag_mss.py took 28.881 seconds
[2023-05-28T00:43:51.578+0000] {processor.py:153} INFO - Started process (PID=46) to work on /opt/airflow/dags/tutorial_dag_mss.py
[2023-05-28T00:43:51.587+0000] {processor.py:743} INFO - Processing file /opt/airflow/dags/tutorial_dag_mss.py for tasks to queue
[2023-05-28T00:43:51.588+0000] {logging_mixin.py:137} INFO - [2023-05-28T00:43:51.588+0000] {dagbag.py:538} INFO - Filling up the DagBag from /opt/airflow/dags/tutorial_dag_mss.py
[2023-05-28T00:43:53.387+0000] {processor.py:753} INFO - DAG(s) dict_keys(['tutorial_dag_mss']) retrieved from /opt/airflow/dags/tutorial_dag_mss.py
[2023-05-28T00:43:53.511+0000] {logging_mixin.py:137} INFO - [2023-05-28T00:43:53.510+0000] {dag.py:2690} INFO - Sync 1 DAGs
[2023-05-28T00:43:53.554+0000] {logging_mixin.py:137} INFO - [2023-05-28T00:43:53.554+0000] {dag.py:3441} INFO - Setting next_dagrun for tutorial_dag_mss to 2023-05-27T23:30:00+00:00, run_after=2023-05-28T00:30:00+00:00
[2023-05-28T00:43:53.610+0000] {processor.py:175} INFO - Processing /opt/airflow/dags/tutorial_dag_mss.py took 2.049 seconds
[2023-05-28T00:44:24.469+0000] {processor.py:153} INFO - Started process (PID=74) to work on /opt/airflow/dags/tutorial_dag_mss.py
[2023-05-28T00:44:24.470+0000] {processor.py:743} INFO - Processing file /opt/airflow/dags/tutorial_dag_mss.py for tasks to queue
[2023-05-28T00:44:24.470+0000] {logging_mixin.py:137} INFO - [2023-05-28T00:44:24.470+0000] {dagbag.py:538} INFO - Filling up the DagBag from /opt/airflow/dags/tutorial_dag_mss.py
[2023-05-28T00:44:24.844+0000] {processor.py:753} INFO - DAG(s) dict_keys(['tutorial_dag_mss']) retrieved from /opt/airflow/dags/tutorial_dag_mss.py
[2023-05-28T00:44:24.863+0000] {logging_mixin.py:137} INFO - [2023-05-28T00:44:24.863+0000] {dag.py:2690} INFO - Sync 1 DAGs
[2023-05-28T00:44:24.888+0000] {logging_mixin.py:137} INFO - [2023-05-28T00:44:24.888+0000] {dag.py:3441} INFO - Setting next_dagrun for tutorial_dag_mss to 2023-05-27T23:30:00+00:00, run_after=2023-05-28T00:30:00+00:00
[2023-05-28T00:44:24.908+0000] {processor.py:175} INFO - Processing /opt/airflow/dags/tutorial_dag_mss.py took 0.443 seconds
[2023-05-28T00:44:55.805+0000] {processor.py:153} INFO - Started process (PID=112) to work on /opt/airflow/dags/tutorial_dag_mss.py
[2023-05-28T00:44:55.806+0000] {processor.py:743} INFO - Processing file /opt/airflow/dags/tutorial_dag_mss.py for tasks to queue
[2023-05-28T00:44:55.806+0000] {logging_mixin.py:137} INFO - [2023-05-28T00:44:55.806+0000] {dagbag.py:538} INFO - Filling up the DagBag from /opt/airflow/dags/tutorial_dag_mss.py
[2023-05-28T00:44:56.242+0000] {processor.py:753} INFO - DAG(s) dict_keys(['tutorial_dag_mss']) retrieved from /opt/airflow/dags/tutorial_dag_mss.py
[2023-05-28T00:44:56.270+0000] {logging_mixin.py:137} INFO - [2023-05-28T00:44:56.268+0000] {dag.py:2690} INFO - Sync 1 DAGs
[2023-05-28T00:44:56.310+0000] {logging_mixin.py:137} INFO - [2023-05-28T00:44:56.310+0000] {dag.py:3441} INFO - Setting next_dagrun for tutorial_dag_mss to 2023-05-27T23:30:00+00:00, run_after=2023-05-28T00:30:00+00:00
[2023-05-28T00:44:56.335+0000] {processor.py:175} INFO - Processing /opt/airflow/dags/tutorial_dag_mss.py took 0.533 seconds
[2023-05-28T00:45:27.049+0000] {processor.py:153} INFO - Started process (PID=145) to work on /opt/airflow/dags/tutorial_dag_mss.py
[2023-05-28T00:45:27.050+0000] {processor.py:743} INFO - Processing file /opt/airflow/dags/tutorial_dag_mss.py for tasks to queue
[2023-05-28T00:45:27.051+0000] {logging_mixin.py:137} INFO - [2023-05-28T00:45:27.050+0000] {dagbag.py:538} INFO - Filling up the DagBag from /opt/airflow/dags/tutorial_dag_mss.py
[2023-05-28T00:45:27.435+0000] {processor.py:753} INFO - DAG(s) dict_keys(['tutorial_dag_mss']) retrieved from /opt/airflow/dags/tutorial_dag_mss.py
[2023-05-28T00:45:27.458+0000] {logging_mixin.py:137} INFO - [2023-05-28T00:45:27.457+0000] {dag.py:2690} INFO - Sync 1 DAGs
[2023-05-28T00:45:27.497+0000] {logging_mixin.py:137} INFO - [2023-05-28T00:45:27.497+0000] {dag.py:3441} INFO - Setting next_dagrun for tutorial_dag_mss to 2023-05-27T23:30:00+00:00, run_after=2023-05-28T00:30:00+00:00
[2023-05-28T00:45:27.514+0000] {processor.py:175} INFO - Processing /opt/airflow/dags/tutorial_dag_mss.py took 0.468 seconds
[2023-05-28T00:45:58.364+0000] {processor.py:153} INFO - Started process (PID=172) to work on /opt/airflow/dags/tutorial_dag_mss.py
[2023-05-28T00:45:58.365+0000] {processor.py:743} INFO - Processing file /opt/airflow/dags/tutorial_dag_mss.py for tasks to queue
[2023-05-28T00:45:58.365+0000] {logging_mixin.py:137} INFO - [2023-05-28T00:45:58.365+0000] {dagbag.py:538} INFO - Filling up the DagBag from /opt/airflow/dags/tutorial_dag_mss.py
[2023-05-28T00:45:58.750+0000] {processor.py:753} INFO - DAG(s) dict_keys(['tutorial_dag_mss']) retrieved from /opt/airflow/dags/tutorial_dag_mss.py
[2023-05-28T00:45:58.778+0000] {logging_mixin.py:137} INFO - [2023-05-28T00:45:58.777+0000] {dag.py:2690} INFO - Sync 1 DAGs
[2023-05-28T00:45:58.813+0000] {logging_mixin.py:137} INFO - [2023-05-28T00:45:58.813+0000] {dag.py:3441} INFO - Setting next_dagrun for tutorial_dag_mss to 2023-05-27T23:30:00+00:00, run_after=2023-05-28T00:30:00+00:00
[2023-05-28T00:45:58.838+0000] {processor.py:175} INFO - Processing /opt/airflow/dags/tutorial_dag_mss.py took 0.477 seconds
[2023-05-28T00:46:29.005+0000] {processor.py:153} INFO - Started process (PID=210) to work on /opt/airflow/dags/tutorial_dag_mss.py
[2023-05-28T00:46:29.005+0000] {processor.py:743} INFO - Processing file /opt/airflow/dags/tutorial_dag_mss.py for tasks to queue
[2023-05-28T00:46:29.006+0000] {logging_mixin.py:137} INFO - [2023-05-28T00:46:29.006+0000] {dagbag.py:538} INFO - Filling up the DagBag from /opt/airflow/dags/tutorial_dag_mss.py
[2023-05-28T00:46:29.388+0000] {processor.py:753} INFO - DAG(s) dict_keys(['tutorial_dag_mss']) retrieved from /opt/airflow/dags/tutorial_dag_mss.py
[2023-05-28T00:46:29.407+0000] {logging_mixin.py:137} INFO - [2023-05-28T00:46:29.407+0000] {dag.py:2690} INFO - Sync 1 DAGs
[2023-05-28T00:46:29.433+0000] {logging_mixin.py:137} INFO - [2023-05-28T00:46:29.433+0000] {dag.py:3441} INFO - Setting next_dagrun for tutorial_dag_mss to 2023-05-27T23:30:00+00:00, run_after=2023-05-28T00:30:00+00:00
[2023-05-28T00:46:29.454+0000] {processor.py:175} INFO - Processing /opt/airflow/dags/tutorial_dag_mss.py took 0.453 seconds
[2023-05-28T00:47:00.394+0000] {processor.py:153} INFO - Started process (PID=249) to work on /opt/airflow/dags/tutorial_dag_mss.py
[2023-05-28T00:47:00.395+0000] {processor.py:743} INFO - Processing file /opt/airflow/dags/tutorial_dag_mss.py for tasks to queue
[2023-05-28T00:47:00.396+0000] {logging_mixin.py:137} INFO - [2023-05-28T00:47:00.396+0000] {dagbag.py:538} INFO - Filling up the DagBag from /opt/airflow/dags/tutorial_dag_mss.py
[2023-05-28T00:47:00.749+0000] {processor.py:753} INFO - DAG(s) dict_keys(['tutorial_dag_mss']) retrieved from /opt/airflow/dags/tutorial_dag_mss.py
[2023-05-28T00:47:00.773+0000] {logging_mixin.py:137} INFO - [2023-05-28T00:47:00.771+0000] {dag.py:2690} INFO - Sync 1 DAGs
[2023-05-28T00:47:00.798+0000] {logging_mixin.py:137} INFO - [2023-05-28T00:47:00.798+0000] {dag.py:3441} INFO - Setting next_dagrun for tutorial_dag_mss to 2023-05-27T23:30:00+00:00, run_after=2023-05-28T00:30:00+00:00
[2023-05-28T00:47:00.818+0000] {processor.py:175} INFO - Processing /opt/airflow/dags/tutorial_dag_mss.py took 0.426 seconds
[2023-05-28T00:47:31.577+0000] {processor.py:153} INFO - Started process (PID=288) to work on /opt/airflow/dags/tutorial_dag_mss.py
[2023-05-28T00:47:31.578+0000] {processor.py:743} INFO - Processing file /opt/airflow/dags/tutorial_dag_mss.py for tasks to queue
[2023-05-28T00:47:31.579+0000] {logging_mixin.py:137} INFO - [2023-05-28T00:47:31.579+0000] {dagbag.py:538} INFO - Filling up the DagBag from /opt/airflow/dags/tutorial_dag_mss.py
[2023-05-28T00:47:32.046+0000] {processor.py:753} INFO - DAG(s) dict_keys(['tutorial_dag_mss']) retrieved from /opt/airflow/dags/tutorial_dag_mss.py
[2023-05-28T00:47:32.073+0000] {logging_mixin.py:137} INFO - [2023-05-28T00:47:32.072+0000] {dag.py:2690} INFO - Sync 1 DAGs
[2023-05-28T00:47:32.105+0000] {logging_mixin.py:137} INFO - [2023-05-28T00:47:32.104+0000] {dag.py:3441} INFO - Setting next_dagrun for tutorial_dag_mss to 2023-05-27T23:30:00+00:00, run_after=2023-05-28T00:30:00+00:00
[2023-05-28T00:47:32.127+0000] {processor.py:175} INFO - Processing /opt/airflow/dags/tutorial_dag_mss.py took 0.553 seconds
