[2023-05-31T01:52:57.464+0000] {taskinstance.py:1083} INFO - Dependencies all met for <TaskInstance: captura_dados.created_folders_task manual__2023-05-31T01:40:46.166777+00:00 [queued]>
[2023-05-31T01:52:57.477+0000] {taskinstance.py:1083} INFO - Dependencies all met for <TaskInstance: captura_dados.created_folders_task manual__2023-05-31T01:40:46.166777+00:00 [queued]>
[2023-05-31T01:52:57.478+0000] {taskinstance.py:1279} INFO - 
--------------------------------------------------------------------------------
[2023-05-31T01:52:57.478+0000] {taskinstance.py:1280} INFO - Starting attempt 5 of 6
[2023-05-31T01:52:57.478+0000] {taskinstance.py:1281} INFO - 
--------------------------------------------------------------------------------
[2023-05-31T01:52:57.497+0000] {taskinstance.py:1300} INFO - Executing <Task(PythonOperator): created_folders_task> on 2023-05-31 01:40:46.166777+00:00
[2023-05-31T01:52:57.506+0000] {standard_task_runner.py:55} INFO - Started process 977 to run task
[2023-05-31T01:52:57.514+0000] {standard_task_runner.py:82} INFO - Running: ['***', 'tasks', 'run', 'captura_dados', 'created_folders_task', 'manual__2023-05-31T01:40:46.166777+00:00', '--job-id', '35', '--raw', '--subdir', 'DAGS_FOLDER/captura_dados.py', '--cfg-path', '/tmp/tmp2nro9x9_']
[2023-05-31T01:52:57.517+0000] {standard_task_runner.py:83} INFO - Job 35: Subtask created_folders_task
[2023-05-31T01:52:57.626+0000] {task_command.py:388} INFO - Running <TaskInstance: captura_dados.created_folders_task manual__2023-05-31T01:40:46.166777+00:00 [running]> on host 5219a5ad576c
[2023-05-31T01:52:57.806+0000] {taskinstance.py:1509} INFO - Exporting the following env vars:
AIRFLOW_CTX_DAG_EMAIL=test@test.com
AIRFLOW_CTX_DAG_OWNER=***
AIRFLOW_CTX_DAG_ID=captura_dados
AIRFLOW_CTX_TASK_ID=created_folders_task
AIRFLOW_CTX_EXECUTION_DATE=2023-05-31T01:40:46.166777+00:00
AIRFLOW_CTX_TRY_NUMBER=5
AIRFLOW_CTX_DAG_RUN_ID=manual__2023-05-31T01:40:46.166777+00:00
[2023-05-31T01:52:57.819+0000] {logging_mixin.py:137} INFO - O diretório engineer já existe.
[2023-05-31T01:52:57.819+0000] {logging_mixin.py:137} INFO - O diretório raw já existe.
[2023-05-31T01:52:57.819+0000] {logging_mixin.py:137} INFO - O diretório refined já existe.
[2023-05-31T01:52:57.819+0000] {logging_mixin.py:137} INFO - O diretório transient já existe.
[2023-05-31T01:52:57.819+0000] {logging_mixin.py:137} INFO - O diretório trusted já existe.
[2023-05-31T01:52:57.819+0000] {python.py:177} INFO - Done. Returned value was: None
[2023-05-31T01:52:57.840+0000] {taskinstance.py:1323} INFO - Marking task as SUCCESS. dag_id=captura_dados, task_id=created_folders_task, execution_date=20230531T014046, start_date=20230531T015257, end_date=20230531T015257
[2023-05-31T01:52:57.878+0000] {local_task_job.py:208} INFO - Task exited with return code 0
[2023-05-31T01:52:57.918+0000] {taskinstance.py:2578} INFO - 0 downstream tasks scheduled from follow-on schedule check
