[2023-05-31T03:16:12.496+0000] {taskinstance.py:1083} INFO - Dependencies all met for <TaskInstance: olist_brasil.created_folders_task manual__2023-05-31T03:16:10.700243+00:00 [queued]>
[2023-05-31T03:16:12.514+0000] {taskinstance.py:1083} INFO - Dependencies all met for <TaskInstance: olist_brasil.created_folders_task manual__2023-05-31T03:16:10.700243+00:00 [queued]>
[2023-05-31T03:16:12.514+0000] {taskinstance.py:1279} INFO - 
--------------------------------------------------------------------------------
[2023-05-31T03:16:12.514+0000] {taskinstance.py:1280} INFO - Starting attempt 1 of 2
[2023-05-31T03:16:12.514+0000] {taskinstance.py:1281} INFO - 
--------------------------------------------------------------------------------
[2023-05-31T03:16:12.547+0000] {taskinstance.py:1300} INFO - Executing <Task(PythonOperator): created_folders_task> on 2023-05-31 03:16:10.700243+00:00
[2023-05-31T03:16:12.556+0000] {standard_task_runner.py:55} INFO - Started process 902 to run task
[2023-05-31T03:16:12.562+0000] {standard_task_runner.py:82} INFO - Running: ['***', 'tasks', 'run', 'olist_brasil', 'created_folders_task', 'manual__2023-05-31T03:16:10.700243+00:00', '--job-id', '143', '--raw', '--subdir', 'DAGS_FOLDER/olist_brasil.py', '--cfg-path', '/tmp/tmp_iamttft']
[2023-05-31T03:16:12.565+0000] {standard_task_runner.py:83} INFO - Job 143: Subtask created_folders_task
[2023-05-31T03:16:12.643+0000] {task_command.py:388} INFO - Running <TaskInstance: olist_brasil.created_folders_task manual__2023-05-31T03:16:10.700243+00:00 [running]> on host 402c803b83a1
[2023-05-31T03:16:12.715+0000] {taskinstance.py:1509} INFO - Exporting the following env vars:
AIRFLOW_CTX_DAG_EMAIL=test@test.com
AIRFLOW_CTX_DAG_OWNER=***
AIRFLOW_CTX_DAG_ID=olist_brasil
AIRFLOW_CTX_TASK_ID=created_folders_task
AIRFLOW_CTX_EXECUTION_DATE=2023-05-31T03:16:10.700243+00:00
AIRFLOW_CTX_TRY_NUMBER=1
AIRFLOW_CTX_DAG_RUN_ID=manual__2023-05-31T03:16:10.700243+00:00
[2023-05-31T03:16:12.721+0000] {logging_mixin.py:137} INFO - O diretório engineer já existe.
[2023-05-31T03:16:12.721+0000] {logging_mixin.py:137} INFO - O diretório raw já existe.
[2023-05-31T03:16:12.721+0000] {logging_mixin.py:137} INFO - O diretório refined já existe.
[2023-05-31T03:16:12.721+0000] {logging_mixin.py:137} INFO - O diretório transient já existe.
[2023-05-31T03:16:12.721+0000] {logging_mixin.py:137} INFO - O diretório trusted já existe.
[2023-05-31T03:16:12.721+0000] {python.py:177} INFO - Done. Returned value was: None
[2023-05-31T03:16:12.731+0000] {taskinstance.py:1323} INFO - Marking task as SUCCESS. dag_id=olist_brasil, task_id=created_folders_task, execution_date=20230531T031610, start_date=20230531T031612, end_date=20230531T031612
[2023-05-31T03:16:12.774+0000] {local_task_job.py:208} INFO - Task exited with return code 0
[2023-05-31T03:16:12.792+0000] {taskinstance.py:2578} INFO - 0 downstream tasks scheduled from follow-on schedule check
