[2023-05-21T23:36:07.770+0000] {taskinstance.py:1083} INFO - Dependencies all met for <TaskInstance: daggroup.tsk_group1.task7 scheduled__2023-05-21T22:30:00+00:00 [queued]>
[2023-05-21T23:36:07.788+0000] {taskinstance.py:1083} INFO - Dependencies all met for <TaskInstance: daggroup.tsk_group1.task7 scheduled__2023-05-21T22:30:00+00:00 [queued]>
[2023-05-21T23:36:07.788+0000] {taskinstance.py:1279} INFO - 
--------------------------------------------------------------------------------
[2023-05-21T23:36:07.789+0000] {taskinstance.py:1280} INFO - Starting attempt 1 of 1
[2023-05-21T23:36:07.789+0000] {taskinstance.py:1281} INFO - 
--------------------------------------------------------------------------------
[2023-05-21T23:36:07.817+0000] {taskinstance.py:1300} INFO - Executing <Task(BashOperator): tsk_group1.task7> on 2023-05-21 22:30:00+00:00
[2023-05-21T23:36:07.825+0000] {standard_task_runner.py:55} INFO - Started process 17336 to run task
[2023-05-21T23:36:07.835+0000] {standard_task_runner.py:82} INFO - Running: ['***', 'tasks', 'run', 'daggroup', 'tsk_group1.task7', 'scheduled__2023-05-21T22:30:00+00:00', '--job-id', '94', '--raw', '--subdir', 'DAGS_FOLDER/daggroup.py', '--cfg-path', '/tmp/tmpz5tzfo6u']
[2023-05-21T23:36:07.836+0000] {standard_task_runner.py:83} INFO - Job 94: Subtask tsk_group1.task7
[2023-05-21T23:36:07.952+0000] {task_command.py:388} INFO - Running <TaskInstance: daggroup.tsk_group1.task7 scheduled__2023-05-21T22:30:00+00:00 [running]> on host cae8e8ceecb4
[2023-05-21T23:36:08.100+0000] {taskinstance.py:1509} INFO - Exporting the following env vars:
AIRFLOW_CTX_DAG_OWNER=***
AIRFLOW_CTX_DAG_ID=daggroup
AIRFLOW_CTX_TASK_ID=tsk_group1.task7
AIRFLOW_CTX_EXECUTION_DATE=2023-05-21T22:30:00+00:00
AIRFLOW_CTX_TRY_NUMBER=1
AIRFLOW_CTX_DAG_RUN_ID=scheduled__2023-05-21T22:30:00+00:00
[2023-05-21T23:36:08.101+0000] {subprocess.py:63} INFO - Tmp dir root location: 
 /tmp
[2023-05-21T23:36:08.102+0000] {subprocess.py:75} INFO - Running command: ['/bin/bash', '-c', 'echo "Task 7"']
[2023-05-21T23:36:08.121+0000] {subprocess.py:86} INFO - Output:
[2023-05-21T23:36:08.124+0000] {subprocess.py:93} INFO - Task 7
[2023-05-21T23:36:08.125+0000] {subprocess.py:97} INFO - Command exited with return code 0
[2023-05-21T23:36:08.212+0000] {taskinstance.py:1323} INFO - Marking task as SUCCESS. dag_id=daggroup, task_id=tsk_group1.task7, execution_date=20230521T223000, start_date=20230521T233607, end_date=20230521T233608
[2023-05-21T23:36:08.310+0000] {local_task_job.py:208} INFO - Task exited with return code 0
[2023-05-21T23:36:08.378+0000] {taskinstance.py:2578} INFO - 0 downstream tasks scheduled from follow-on schedule check
