[2023-05-28T00:21:51.349+0000] {taskinstance.py:1083} INFO - Dependencies all met for <TaskInstance: captura_dados.arquivos_existentes manual__2023-05-28T00:21:45.811544+00:00 [queued]>
[2023-05-28T00:21:51.367+0000] {taskinstance.py:1083} INFO - Dependencies all met for <TaskInstance: captura_dados.arquivos_existentes manual__2023-05-28T00:21:45.811544+00:00 [queued]>
[2023-05-28T00:21:51.368+0000] {taskinstance.py:1279} INFO - 
--------------------------------------------------------------------------------
[2023-05-28T00:21:51.368+0000] {taskinstance.py:1280} INFO - Starting attempt 1 of 2
[2023-05-28T00:21:51.368+0000] {taskinstance.py:1281} INFO - 
--------------------------------------------------------------------------------
[2023-05-28T00:21:51.391+0000] {taskinstance.py:1300} INFO - Executing <Task(BashOperator): arquivos_existentes> on 2023-05-28 00:21:45.811544+00:00
[2023-05-28T00:21:51.398+0000] {standard_task_runner.py:55} INFO - Started process 666 to run task
[2023-05-28T00:21:51.403+0000] {standard_task_runner.py:82} INFO - Running: ['***', 'tasks', 'run', 'captura_dados', 'arquivos_existentes', 'manual__2023-05-28T00:21:45.811544+00:00', '--job-id', '339', '--raw', '--subdir', 'DAGS_FOLDER/captura_dados.py', '--cfg-path', '/tmp/tmp8h1ljwpn']
[2023-05-28T00:21:51.404+0000] {standard_task_runner.py:83} INFO - Job 339: Subtask arquivos_existentes
[2023-05-28T00:21:51.476+0000] {task_command.py:388} INFO - Running <TaskInstance: captura_dados.arquivos_existentes manual__2023-05-28T00:21:45.811544+00:00 [running]> on host 185349a2ec48
[2023-05-28T00:21:51.555+0000] {taskinstance.py:1509} INFO - Exporting the following env vars:
AIRFLOW_CTX_DAG_EMAIL=test@test.com
AIRFLOW_CTX_DAG_OWNER=***
AIRFLOW_CTX_DAG_ID=captura_dados
AIRFLOW_CTX_TASK_ID=arquivos_existentes
AIRFLOW_CTX_EXECUTION_DATE=2023-05-28T00:21:45.811544+00:00
AIRFLOW_CTX_TRY_NUMBER=1
AIRFLOW_CTX_DAG_RUN_ID=manual__2023-05-28T00:21:45.811544+00:00
[2023-05-28T00:21:51.556+0000] {subprocess.py:63} INFO - Tmp dir root location: 
 /tmp
[2023-05-28T00:21:51.557+0000] {subprocess.py:75} INFO - Running command: ['/bin/bash', '-c', 'echo "Quantidade não OK"']
[2023-05-28T00:21:51.572+0000] {subprocess.py:86} INFO - Output:
[2023-05-28T00:21:51.574+0000] {subprocess.py:93} INFO - Quantidade não OK
[2023-05-28T00:21:51.574+0000] {subprocess.py:97} INFO - Command exited with return code 0
[2023-05-28T00:21:51.607+0000] {taskinstance.py:1323} INFO - Marking task as SUCCESS. dag_id=captura_dados, task_id=arquivos_existentes, execution_date=20230528T002145, start_date=20230528T002151, end_date=20230528T002151
[2023-05-28T00:21:51.656+0000] {local_task_job.py:208} INFO - Task exited with return code 0
[2023-05-28T00:21:51.677+0000] {taskinstance.py:2578} INFO - 0 downstream tasks scheduled from follow-on schedule check
