[2023-05-21T23:30:02.403+0000] {taskinstance.py:1083} INFO - Dependencies all met for <TaskInstance: outradag.task4 scheduled__2023-05-21T22:30:00+00:00 [queued]>
[2023-05-21T23:30:02.422+0000] {taskinstance.py:1083} INFO - Dependencies all met for <TaskInstance: outradag.task4 scheduled__2023-05-21T22:30:00+00:00 [queued]>
[2023-05-21T23:30:02.423+0000] {taskinstance.py:1279} INFO - 
--------------------------------------------------------------------------------
[2023-05-21T23:30:02.423+0000] {taskinstance.py:1280} INFO - Starting attempt 1 of 1
[2023-05-21T23:30:02.423+0000] {taskinstance.py:1281} INFO - 
--------------------------------------------------------------------------------
[2023-05-21T23:30:02.446+0000] {taskinstance.py:1300} INFO - Executing <Task(BashOperator): task4> on 2023-05-21 22:30:00+00:00
[2023-05-21T23:30:02.454+0000] {standard_task_runner.py:55} INFO - Started process 16939 to run task
[2023-05-21T23:30:02.458+0000] {standard_task_runner.py:82} INFO - Running: ['***', 'tasks', 'run', 'outradag', 'task4', 'scheduled__2023-05-21T22:30:00+00:00', '--job-id', '75', '--raw', '--subdir', 'DAGS_FOLDER/outradag.py', '--cfg-path', '/tmp/tmpin5cbroz']
[2023-05-21T23:30:02.458+0000] {standard_task_runner.py:83} INFO - Job 75: Subtask task4
[2023-05-21T23:30:02.551+0000] {task_command.py:388} INFO - Running <TaskInstance: outradag.task4 scheduled__2023-05-21T22:30:00+00:00 [running]> on host cae8e8ceecb4
[2023-05-21T23:30:02.654+0000] {taskinstance.py:1509} INFO - Exporting the following env vars:
AIRFLOW_CTX_DAG_OWNER=***
AIRFLOW_CTX_DAG_ID=outradag
AIRFLOW_CTX_TASK_ID=task4
AIRFLOW_CTX_EXECUTION_DATE=2023-05-21T22:30:00+00:00
AIRFLOW_CTX_TRY_NUMBER=1
AIRFLOW_CTX_DAG_RUN_ID=scheduled__2023-05-21T22:30:00+00:00
[2023-05-21T23:30:02.656+0000] {subprocess.py:63} INFO - Tmp dir root location: 
 /tmp
[2023-05-21T23:30:02.657+0000] {subprocess.py:75} INFO - Running command: ['/bin/bash', '-c', 'echo "Task 4"']
[2023-05-21T23:30:02.677+0000] {subprocess.py:86} INFO - Output:
[2023-05-21T23:30:02.679+0000] {subprocess.py:93} INFO - Task 4
[2023-05-21T23:30:02.680+0000] {subprocess.py:97} INFO - Command exited with return code 0
[2023-05-21T23:30:02.722+0000] {taskinstance.py:1323} INFO - Marking task as SUCCESS. dag_id=outradag, task_id=task4, execution_date=20230521T223000, start_date=20230521T233002, end_date=20230521T233002
[2023-05-21T23:30:02.754+0000] {local_task_job.py:208} INFO - Task exited with return code 0
[2023-05-21T23:30:02.834+0000] {taskinstance.py:2578} INFO - 1 downstream tasks scheduled from follow-on schedule check
