[2023-05-27T19:23:53.107+0000] {taskinstance.py:1083} INFO - Dependencies all met for <TaskInstance: cria_diretorios_projeto.permissoes_diretorios manual__2023-05-27T17:21:25.944771+00:00 [queued]>
[2023-05-27T19:23:53.119+0000] {taskinstance.py:1083} INFO - Dependencies all met for <TaskInstance: cria_diretorios_projeto.permissoes_diretorios manual__2023-05-27T17:21:25.944771+00:00 [queued]>
[2023-05-27T19:23:53.119+0000] {taskinstance.py:1279} INFO - 
--------------------------------------------------------------------------------
[2023-05-27T19:23:53.120+0000] {taskinstance.py:1280} INFO - Starting attempt 2 of 3
[2023-05-27T19:23:53.120+0000] {taskinstance.py:1281} INFO - 
--------------------------------------------------------------------------------
[2023-05-27T19:23:53.138+0000] {taskinstance.py:1300} INFO - Executing <Task(PythonOperator): permissoes_diretorios> on 2023-05-27 17:21:25.944771+00:00
[2023-05-27T19:23:53.146+0000] {standard_task_runner.py:55} INFO - Started process 624 to run task
[2023-05-27T19:23:53.149+0000] {standard_task_runner.py:82} INFO - Running: ['***', 'tasks', 'run', 'cria_diretorios_projeto', 'permissoes_diretorios', 'manual__2023-05-27T17:21:25.944771+00:00', '--job-id', '213', '--raw', '--subdir', 'DAGS_FOLDER/cria_diretorios_projeto.py', '--cfg-path', '/tmp/tmp7rhsg7fi']
[2023-05-27T19:23:53.151+0000] {standard_task_runner.py:83} INFO - Job 213: Subtask permissoes_diretorios
[2023-05-27T19:23:53.222+0000] {task_command.py:388} INFO - Running <TaskInstance: cria_diretorios_projeto.permissoes_diretorios manual__2023-05-27T17:21:25.944771+00:00 [running]> on host 36658c0564dd
[2023-05-27T19:23:53.302+0000] {taskinstance.py:1509} INFO - Exporting the following env vars:
AIRFLOW_CTX_DAG_EMAIL=test@test.com
AIRFLOW_CTX_DAG_OWNER=***
AIRFLOW_CTX_DAG_ID=cria_diretorios_projeto
AIRFLOW_CTX_TASK_ID=permissoes_diretorios
AIRFLOW_CTX_EXECUTION_DATE=2023-05-27T17:21:25.944771+00:00
AIRFLOW_CTX_TRY_NUMBER=2
AIRFLOW_CTX_DAG_RUN_ID=manual__2023-05-27T17:21:25.944771+00:00
[2023-05-27T19:23:53.325+0000] {python.py:177} INFO - Done. Returned value was: None
[2023-05-27T19:23:53.338+0000] {taskinstance.py:1323} INFO - Marking task as SUCCESS. dag_id=cria_diretorios_projeto, task_id=permissoes_diretorios, execution_date=20230527T172125, start_date=20230527T192353, end_date=20230527T192353
[2023-05-27T19:23:53.362+0000] {local_task_job.py:208} INFO - Task exited with return code 0
[2023-05-27T19:23:53.379+0000] {taskinstance.py:2578} INFO - 0 downstream tasks scheduled from follow-on schedule check
