[2023-05-31T02:32:09.717+0000] {taskinstance.py:1083} INFO - Dependencies all met for <TaskInstance: captura_dados.created_folders_task manual__2023-05-31T02:32:06.825784+00:00 [queued]>
[2023-05-31T02:32:09.743+0000] {taskinstance.py:1083} INFO - Dependencies all met for <TaskInstance: captura_dados.created_folders_task manual__2023-05-31T02:32:06.825784+00:00 [queued]>
[2023-05-31T02:32:09.743+0000] {taskinstance.py:1279} INFO - 
--------------------------------------------------------------------------------
[2023-05-31T02:32:09.744+0000] {taskinstance.py:1280} INFO - Starting attempt 1 of 2
[2023-05-31T02:32:09.744+0000] {taskinstance.py:1281} INFO - 
--------------------------------------------------------------------------------
[2023-05-31T02:32:09.765+0000] {taskinstance.py:1300} INFO - Executing <Task(PythonOperator): created_folders_task> on 2023-05-31 02:32:06.825784+00:00
[2023-05-31T02:32:09.771+0000] {standard_task_runner.py:55} INFO - Started process 218 to run task
[2023-05-31T02:32:09.776+0000] {standard_task_runner.py:82} INFO - Running: ['***', 'tasks', 'run', 'captura_dados', 'created_folders_task', 'manual__2023-05-31T02:32:06.825784+00:00', '--job-id', '79', '--raw', '--subdir', 'DAGS_FOLDER/captura_dados.py', '--cfg-path', '/tmp/tmpawn_5j3q']
[2023-05-31T02:32:09.778+0000] {standard_task_runner.py:83} INFO - Job 79: Subtask created_folders_task
[2023-05-31T02:32:09.850+0000] {task_command.py:388} INFO - Running <TaskInstance: captura_dados.created_folders_task manual__2023-05-31T02:32:06.825784+00:00 [running]> on host bbf89157dbab
[2023-05-31T02:32:09.958+0000] {taskinstance.py:1509} INFO - Exporting the following env vars:
AIRFLOW_CTX_DAG_EMAIL=test@test.com
AIRFLOW_CTX_DAG_OWNER=***
AIRFLOW_CTX_DAG_ID=captura_dados
AIRFLOW_CTX_TASK_ID=created_folders_task
AIRFLOW_CTX_EXECUTION_DATE=2023-05-31T02:32:06.825784+00:00
AIRFLOW_CTX_TRY_NUMBER=1
AIRFLOW_CTX_DAG_RUN_ID=manual__2023-05-31T02:32:06.825784+00:00
[2023-05-31T02:32:09.967+0000] {logging_mixin.py:137} INFO - Diretório 'olist_brasil/engineer' criado com sucesso!
[2023-05-31T02:32:09.968+0000] {logging_mixin.py:137} INFO - Diretório 'olist_brasil/raw' criado com sucesso!
[2023-05-31T02:32:09.968+0000] {logging_mixin.py:137} INFO - Diretório 'olist_brasil/refined' criado com sucesso!
[2023-05-31T02:32:09.968+0000] {logging_mixin.py:137} INFO - Diretório 'olist_brasil/transient' criado com sucesso!
[2023-05-31T02:32:09.968+0000] {logging_mixin.py:137} INFO - Diretório 'olist_brasil/trusted' criado com sucesso!
[2023-05-31T02:32:09.969+0000] {python.py:177} INFO - Done. Returned value was: None
[2023-05-31T02:32:09.985+0000] {taskinstance.py:1323} INFO - Marking task as SUCCESS. dag_id=captura_dados, task_id=created_folders_task, execution_date=20230531T023206, start_date=20230531T023209, end_date=20230531T023209
[2023-05-31T02:32:10.027+0000] {local_task_job.py:208} INFO - Task exited with return code 0
[2023-05-31T02:32:10.058+0000] {taskinstance.py:2578} INFO - 0 downstream tasks scheduled from follow-on schedule check
