[2023-05-22T00:28:00.323+0000] {taskinstance.py:1083} INFO - Dependencies all met for <TaskInstance: defaultargs.task1 manual__2023-05-22T00:27:58.554309+00:00 [queued]>
[2023-05-22T00:28:00.338+0000] {taskinstance.py:1083} INFO - Dependencies all met for <TaskInstance: defaultargs.task1 manual__2023-05-22T00:27:58.554309+00:00 [queued]>
[2023-05-22T00:28:00.338+0000] {taskinstance.py:1279} INFO - 
--------------------------------------------------------------------------------
[2023-05-22T00:28:00.338+0000] {taskinstance.py:1280} INFO - Starting attempt 1 of 2
[2023-05-22T00:28:00.339+0000] {taskinstance.py:1281} INFO - 
--------------------------------------------------------------------------------
[2023-05-22T00:28:00.363+0000] {taskinstance.py:1300} INFO - Executing <Task(BashOperator): task1> on 2023-05-22 00:27:58.554309+00:00
[2023-05-22T00:28:00.370+0000] {standard_task_runner.py:55} INFO - Started process 20239 to run task
[2023-05-22T00:28:00.373+0000] {standard_task_runner.py:82} INFO - Running: ['***', 'tasks', 'run', 'defaultargs', 'task1', 'manual__2023-05-22T00:27:58.554309+00:00', '--job-id', '113', '--raw', '--subdir', 'DAGS_FOLDER/defaultargs.py', '--cfg-path', '/tmp/tmplt2omxx2']
[2023-05-22T00:28:00.374+0000] {standard_task_runner.py:83} INFO - Job 113: Subtask task1
[2023-05-22T00:28:00.454+0000] {task_command.py:388} INFO - Running <TaskInstance: defaultargs.task1 manual__2023-05-22T00:27:58.554309+00:00 [running]> on host cae8e8ceecb4
[2023-05-22T00:28:00.568+0000] {taskinstance.py:1509} INFO - Exporting the following env vars:
AIRFLOW_CTX_DAG_EMAIL=test@test.com
AIRFLOW_CTX_DAG_OWNER=***
AIRFLOW_CTX_DAG_ID=defaultargs
AIRFLOW_CTX_TASK_ID=task1
AIRFLOW_CTX_EXECUTION_DATE=2023-05-22T00:27:58.554309+00:00
AIRFLOW_CTX_TRY_NUMBER=1
AIRFLOW_CTX_DAG_RUN_ID=manual__2023-05-22T00:27:58.554309+00:00
[2023-05-22T00:28:00.570+0000] {subprocess.py:63} INFO - Tmp dir root location: 
 /tmp
[2023-05-22T00:28:00.571+0000] {subprocess.py:75} INFO - Running command: ['/bin/bash', '-c', 'echo "Task 1"']
[2023-05-22T00:28:00.586+0000] {subprocess.py:86} INFO - Output:
[2023-05-22T00:28:00.590+0000] {subprocess.py:93} INFO - Task 1
[2023-05-22T00:28:00.591+0000] {subprocess.py:97} INFO - Command exited with return code 0
[2023-05-22T00:28:00.629+0000] {taskinstance.py:1323} INFO - Marking task as SUCCESS. dag_id=defaultargs, task_id=task1, execution_date=20230522T002758, start_date=20230522T002800, end_date=20230522T002800
[2023-05-22T00:28:00.669+0000] {local_task_job.py:208} INFO - Task exited with return code 0
[2023-05-22T00:28:00.712+0000] {taskinstance.py:2578} INFO - 1 downstream tasks scheduled from follow-on schedule check
