[2023-05-21T23:36:00.100+0000] {taskinstance.py:1083} INFO - Dependencies all met for <TaskInstance: daggroup.task1 scheduled__2023-05-21T22:30:00+00:00 [queued]>
[2023-05-21T23:36:00.159+0000] {taskinstance.py:1083} INFO - Dependencies all met for <TaskInstance: daggroup.task1 scheduled__2023-05-21T22:30:00+00:00 [queued]>
[2023-05-21T23:36:00.160+0000] {taskinstance.py:1279} INFO - 
--------------------------------------------------------------------------------
[2023-05-21T23:36:00.160+0000] {taskinstance.py:1280} INFO - Starting attempt 1 of 1
[2023-05-21T23:36:00.160+0000] {taskinstance.py:1281} INFO - 
--------------------------------------------------------------------------------
[2023-05-21T23:36:00.212+0000] {taskinstance.py:1300} INFO - Executing <Task(BashOperator): task1> on 2023-05-21 22:30:00+00:00
[2023-05-21T23:36:00.257+0000] {standard_task_runner.py:55} INFO - Started process 17299 to run task
[2023-05-21T23:36:00.261+0000] {standard_task_runner.py:82} INFO - Running: ['***', 'tasks', 'run', 'daggroup', 'task1', 'scheduled__2023-05-21T22:30:00+00:00', '--job-id', '81', '--raw', '--subdir', 'DAGS_FOLDER/daggroup.py', '--cfg-path', '/tmp/tmpuzxhwr2g']
[2023-05-21T23:36:00.272+0000] {standard_task_runner.py:83} INFO - Job 81: Subtask task1
[2023-05-21T23:36:01.022+0000] {task_command.py:388} INFO - Running <TaskInstance: daggroup.task1 scheduled__2023-05-21T22:30:00+00:00 [running]> on host cae8e8ceecb4
[2023-05-21T23:36:01.304+0000] {taskinstance.py:1509} INFO - Exporting the following env vars:
AIRFLOW_CTX_DAG_OWNER=***
AIRFLOW_CTX_DAG_ID=daggroup
AIRFLOW_CTX_TASK_ID=task1
AIRFLOW_CTX_EXECUTION_DATE=2023-05-21T22:30:00+00:00
AIRFLOW_CTX_TRY_NUMBER=1
AIRFLOW_CTX_DAG_RUN_ID=scheduled__2023-05-21T22:30:00+00:00
[2023-05-21T23:36:01.331+0000] {subprocess.py:63} INFO - Tmp dir root location: 
 /tmp
[2023-05-21T23:36:01.331+0000] {subprocess.py:75} INFO - Running command: ['/bin/bash', '-c', 'echo "Task 1"']
[2023-05-21T23:36:01.357+0000] {subprocess.py:86} INFO - Output:
[2023-05-21T23:36:01.371+0000] {subprocess.py:93} INFO - Task 1
[2023-05-21T23:36:01.375+0000] {subprocess.py:97} INFO - Command exited with return code 0
[2023-05-21T23:36:01.465+0000] {taskinstance.py:1323} INFO - Marking task as SUCCESS. dag_id=daggroup, task_id=task1, execution_date=20230521T223000, start_date=20230521T233600, end_date=20230521T233601
[2023-05-21T23:36:01.516+0000] {local_task_job.py:208} INFO - Task exited with return code 0
[2023-05-21T23:36:01.609+0000] {taskinstance.py:2578} INFO - 1 downstream tasks scheduled from follow-on schedule check
