[2023-05-27T18:35:46.954+0000] {taskinstance.py:1083} INFO - Dependencies all met for <TaskInstance: captura_dados.extract_zip_file manual__2023-05-27T18:35:39.402728+00:00 [queued]>
[2023-05-27T18:35:46.963+0000] {taskinstance.py:1083} INFO - Dependencies all met for <TaskInstance: captura_dados.extract_zip_file manual__2023-05-27T18:35:39.402728+00:00 [queued]>
[2023-05-27T18:35:46.964+0000] {taskinstance.py:1279} INFO - 
--------------------------------------------------------------------------------
[2023-05-27T18:35:46.964+0000] {taskinstance.py:1280} INFO - Starting attempt 1 of 2
[2023-05-27T18:35:46.964+0000] {taskinstance.py:1281} INFO - 
--------------------------------------------------------------------------------
[2023-05-27T18:35:46.978+0000] {taskinstance.py:1300} INFO - Executing <Task(PythonOperator): extract_zip_file> on 2023-05-27 18:35:39.402728+00:00
[2023-05-27T18:35:46.983+0000] {standard_task_runner.py:55} INFO - Started process 3565 to run task
[2023-05-27T18:35:46.987+0000] {standard_task_runner.py:82} INFO - Running: ['***', 'tasks', 'run', 'captura_dados', 'extract_zip_file', 'manual__2023-05-27T18:35:39.402728+00:00', '--job-id', '199', '--raw', '--subdir', 'DAGS_FOLDER/captura_dados.py', '--cfg-path', '/tmp/tmpqfneco93']
[2023-05-27T18:35:46.988+0000] {standard_task_runner.py:83} INFO - Job 199: Subtask extract_zip_file
[2023-05-27T18:35:47.048+0000] {task_command.py:388} INFO - Running <TaskInstance: captura_dados.extract_zip_file manual__2023-05-27T18:35:39.402728+00:00 [running]> on host df5a7ad10ac6
[2023-05-27T18:35:47.117+0000] {taskinstance.py:1509} INFO - Exporting the following env vars:
AIRFLOW_CTX_DAG_EMAIL=test@test.com
AIRFLOW_CTX_DAG_OWNER=***
AIRFLOW_CTX_DAG_ID=captura_dados
AIRFLOW_CTX_TASK_ID=extract_zip_file
AIRFLOW_CTX_EXECUTION_DATE=2023-05-27T18:35:39.402728+00:00
AIRFLOW_CTX_TRY_NUMBER=1
AIRFLOW_CTX_DAG_RUN_ID=manual__2023-05-27T18:35:39.402728+00:00
[2023-05-27T18:35:47.117+0000] {logging_mixin.py:137} INFO - Extracting file: /opt/***/dags/transient/brazilian-ecommerce.zip
[2023-05-27T18:35:47.118+0000] {logging_mixin.py:137} INFO - Extraction path: /opt/***/dags/transient
[2023-05-27T18:35:47.118+0000] {logging_mixin.py:137} INFO - Error: File is not a valid zip file
[2023-05-27T18:35:47.118+0000] {python.py:177} INFO - Done. Returned value was: None
[2023-05-27T18:35:47.130+0000] {taskinstance.py:1323} INFO - Marking task as SUCCESS. dag_id=captura_dados, task_id=extract_zip_file, execution_date=20230527T183539, start_date=20230527T183546, end_date=20230527T183547
[2023-05-27T18:35:47.158+0000] {local_task_job.py:208} INFO - Task exited with return code 0
[2023-05-27T18:35:47.176+0000] {taskinstance.py:2578} INFO - 0 downstream tasks scheduled from follow-on schedule check
