[2023-05-27T16:26:26.728+0000] {processor.py:153} INFO - Started process (PID=46) to work on /opt/airflow/dags/dag_run_dag.py
[2023-05-27T16:26:26.740+0000] {processor.py:743} INFO - Processing file /opt/airflow/dags/dag_run_dag.py for tasks to queue
[2023-05-27T16:26:26.742+0000] {logging_mixin.py:137} INFO - [2023-05-27T16:26:26.742+0000] {dagbag.py:538} INFO - Filling up the DagBag from /opt/airflow/dags/dag_run_dag.py
[2023-05-27T16:26:26.849+0000] {processor.py:753} INFO - DAG(s) dict_keys(['dag_run_dag']) retrieved from /opt/airflow/dags/dag_run_dag.py
[2023-05-27T16:26:27.054+0000] {logging_mixin.py:137} INFO - [2023-05-27T16:26:27.053+0000] {dag.py:2690} INFO - Sync 1 DAGs
[2023-05-27T16:26:27.174+0000] {logging_mixin.py:137} INFO - [2023-05-27T16:26:27.174+0000] {dag.py:3441} INFO - Setting next_dagrun for dag_run_dag to 2023-05-27T14:30:00+00:00, run_after=2023-05-27T15:30:00+00:00
[2023-05-27T16:26:27.247+0000] {processor.py:175} INFO - Processing /opt/airflow/dags/dag_run_dag.py took 0.525 seconds
[2023-05-27T16:27:18.784+0000] {processor.py:153} INFO - Started process (PID=72) to work on /opt/airflow/dags/dag_run_dag.py
[2023-05-27T16:27:19.029+0000] {processor.py:743} INFO - Processing file /opt/airflow/dags/dag_run_dag.py for tasks to queue
[2023-05-27T16:27:19.149+0000] {logging_mixin.py:137} INFO - [2023-05-27T16:27:19.133+0000] {dagbag.py:538} INFO - Filling up the DagBag from /opt/airflow/dags/dag_run_dag.py
[2023-05-27T16:27:19.613+0000] {processor.py:753} INFO - DAG(s) dict_keys(['dag_run_dag']) retrieved from /opt/airflow/dags/dag_run_dag.py
[2023-05-27T16:27:19.740+0000] {logging_mixin.py:137} INFO - [2023-05-27T16:27:19.740+0000] {dag.py:2690} INFO - Sync 1 DAGs
[2023-05-27T16:27:19.908+0000] {logging_mixin.py:137} INFO - [2023-05-27T16:27:19.908+0000] {dag.py:3441} INFO - Setting next_dagrun for dag_run_dag to 2023-05-27T14:30:00+00:00, run_after=2023-05-27T15:30:00+00:00
[2023-05-27T16:27:20.054+0000] {processor.py:175} INFO - Processing /opt/airflow/dags/dag_run_dag.py took 1.285 seconds
[2023-05-27T16:27:50.806+0000] {processor.py:153} INFO - Started process (PID=110) to work on /opt/airflow/dags/dag_run_dag.py
[2023-05-27T16:27:50.808+0000] {processor.py:743} INFO - Processing file /opt/airflow/dags/dag_run_dag.py for tasks to queue
[2023-05-27T16:27:50.811+0000] {logging_mixin.py:137} INFO - [2023-05-27T16:27:50.810+0000] {dagbag.py:538} INFO - Filling up the DagBag from /opt/airflow/dags/dag_run_dag.py
[2023-05-27T16:27:50.845+0000] {processor.py:753} INFO - DAG(s) dict_keys(['dag_run_dag']) retrieved from /opt/airflow/dags/dag_run_dag.py
[2023-05-27T16:27:50.887+0000] {logging_mixin.py:137} INFO - [2023-05-27T16:27:50.884+0000] {dag.py:2690} INFO - Sync 1 DAGs
[2023-05-27T16:27:50.965+0000] {logging_mixin.py:137} INFO - [2023-05-27T16:27:50.965+0000] {dag.py:3441} INFO - Setting next_dagrun for dag_run_dag to 2023-05-27T14:30:00+00:00, run_after=2023-05-27T15:30:00+00:00
[2023-05-27T16:27:50.997+0000] {processor.py:175} INFO - Processing /opt/airflow/dags/dag_run_dag.py took 0.195 seconds
[2023-05-27T16:28:21.890+0000] {processor.py:153} INFO - Started process (PID=152) to work on /opt/airflow/dags/dag_run_dag.py
[2023-05-27T16:28:21.891+0000] {processor.py:743} INFO - Processing file /opt/airflow/dags/dag_run_dag.py for tasks to queue
[2023-05-27T16:28:21.892+0000] {logging_mixin.py:137} INFO - [2023-05-27T16:28:21.892+0000] {dagbag.py:538} INFO - Filling up the DagBag from /opt/airflow/dags/dag_run_dag.py
[2023-05-27T16:28:21.915+0000] {processor.py:753} INFO - DAG(s) dict_keys(['dag_run_dag']) retrieved from /opt/airflow/dags/dag_run_dag.py
[2023-05-27T16:28:21.947+0000] {logging_mixin.py:137} INFO - [2023-05-27T16:28:21.946+0000] {dag.py:2690} INFO - Sync 1 DAGs
[2023-05-27T16:28:21.992+0000] {logging_mixin.py:137} INFO - [2023-05-27T16:28:21.992+0000] {dag.py:3441} INFO - Setting next_dagrun for dag_run_dag to 2023-05-27T14:30:00+00:00, run_after=2023-05-27T15:30:00+00:00
[2023-05-27T16:28:22.018+0000] {processor.py:175} INFO - Processing /opt/airflow/dags/dag_run_dag.py took 0.131 seconds
[2023-05-27T16:28:52.813+0000] {processor.py:153} INFO - Started process (PID=188) to work on /opt/airflow/dags/dag_run_dag.py
[2023-05-27T16:28:52.814+0000] {processor.py:743} INFO - Processing file /opt/airflow/dags/dag_run_dag.py for tasks to queue
[2023-05-27T16:28:52.815+0000] {logging_mixin.py:137} INFO - [2023-05-27T16:28:52.815+0000] {dagbag.py:538} INFO - Filling up the DagBag from /opt/airflow/dags/dag_run_dag.py
[2023-05-27T16:28:52.837+0000] {processor.py:753} INFO - DAG(s) dict_keys(['dag_run_dag']) retrieved from /opt/airflow/dags/dag_run_dag.py
[2023-05-27T16:28:52.860+0000] {logging_mixin.py:137} INFO - [2023-05-27T16:28:52.860+0000] {dag.py:2690} INFO - Sync 1 DAGs
[2023-05-27T16:28:52.892+0000] {logging_mixin.py:137} INFO - [2023-05-27T16:28:52.892+0000] {dag.py:3441} INFO - Setting next_dagrun for dag_run_dag to 2023-05-27T14:30:00+00:00, run_after=2023-05-27T15:30:00+00:00
[2023-05-27T16:28:52.915+0000] {processor.py:175} INFO - Processing /opt/airflow/dags/dag_run_dag.py took 0.106 seconds
[2023-05-27T16:29:23.779+0000] {processor.py:153} INFO - Started process (PID=232) to work on /opt/airflow/dags/dag_run_dag.py
[2023-05-27T16:29:23.780+0000] {processor.py:743} INFO - Processing file /opt/airflow/dags/dag_run_dag.py for tasks to queue
[2023-05-27T16:29:23.781+0000] {logging_mixin.py:137} INFO - [2023-05-27T16:29:23.781+0000] {dagbag.py:538} INFO - Filling up the DagBag from /opt/airflow/dags/dag_run_dag.py
[2023-05-27T16:29:23.803+0000] {processor.py:753} INFO - DAG(s) dict_keys(['dag_run_dag']) retrieved from /opt/airflow/dags/dag_run_dag.py
[2023-05-27T16:29:23.830+0000] {logging_mixin.py:137} INFO - [2023-05-27T16:29:23.830+0000] {dag.py:2690} INFO - Sync 1 DAGs
[2023-05-27T16:29:23.859+0000] {logging_mixin.py:137} INFO - [2023-05-27T16:29:23.859+0000] {dag.py:3441} INFO - Setting next_dagrun for dag_run_dag to 2023-05-27T14:30:00+00:00, run_after=2023-05-27T15:30:00+00:00
[2023-05-27T16:29:23.886+0000] {processor.py:175} INFO - Processing /opt/airflow/dags/dag_run_dag.py took 0.111 seconds
[2023-05-27T16:29:54.664+0000] {processor.py:153} INFO - Started process (PID=266) to work on /opt/airflow/dags/dag_run_dag.py
[2023-05-27T16:29:54.664+0000] {processor.py:743} INFO - Processing file /opt/airflow/dags/dag_run_dag.py for tasks to queue
[2023-05-27T16:29:54.665+0000] {logging_mixin.py:137} INFO - [2023-05-27T16:29:54.665+0000] {dagbag.py:538} INFO - Filling up the DagBag from /opt/airflow/dags/dag_run_dag.py
[2023-05-27T16:29:54.689+0000] {processor.py:753} INFO - DAG(s) dict_keys(['dag_run_dag']) retrieved from /opt/airflow/dags/dag_run_dag.py
[2023-05-27T16:29:54.713+0000] {logging_mixin.py:137} INFO - [2023-05-27T16:29:54.712+0000] {dag.py:2690} INFO - Sync 1 DAGs
[2023-05-27T16:29:54.741+0000] {logging_mixin.py:137} INFO - [2023-05-27T16:29:54.741+0000] {dag.py:3441} INFO - Setting next_dagrun for dag_run_dag to 2023-05-27T14:30:00+00:00, run_after=2023-05-27T15:30:00+00:00
[2023-05-27T16:29:54.760+0000] {processor.py:175} INFO - Processing /opt/airflow/dags/dag_run_dag.py took 0.101 seconds
[2023-05-27T16:30:25.557+0000] {processor.py:153} INFO - Started process (PID=311) to work on /opt/airflow/dags/dag_run_dag.py
[2023-05-27T16:30:25.558+0000] {processor.py:743} INFO - Processing file /opt/airflow/dags/dag_run_dag.py for tasks to queue
[2023-05-27T16:30:25.559+0000] {logging_mixin.py:137} INFO - [2023-05-27T16:30:25.559+0000] {dagbag.py:538} INFO - Filling up the DagBag from /opt/airflow/dags/dag_run_dag.py
[2023-05-27T16:30:25.580+0000] {processor.py:753} INFO - DAG(s) dict_keys(['dag_run_dag']) retrieved from /opt/airflow/dags/dag_run_dag.py
[2023-05-27T16:30:25.611+0000] {logging_mixin.py:137} INFO - [2023-05-27T16:30:25.611+0000] {dag.py:2690} INFO - Sync 1 DAGs
[2023-05-27T16:30:25.650+0000] {logging_mixin.py:137} INFO - [2023-05-27T16:30:25.649+0000] {dag.py:3441} INFO - Setting next_dagrun for dag_run_dag to 2023-05-27T15:30:00+00:00, run_after=2023-05-27T16:30:00+00:00
[2023-05-27T16:30:25.673+0000] {processor.py:175} INFO - Processing /opt/airflow/dags/dag_run_dag.py took 0.121 seconds
[2023-05-27T16:30:56.529+0000] {processor.py:153} INFO - Started process (PID=343) to work on /opt/airflow/dags/dag_run_dag.py
[2023-05-27T16:30:56.530+0000] {processor.py:743} INFO - Processing file /opt/airflow/dags/dag_run_dag.py for tasks to queue
[2023-05-27T16:30:56.532+0000] {logging_mixin.py:137} INFO - [2023-05-27T16:30:56.531+0000] {dagbag.py:538} INFO - Filling up the DagBag from /opt/airflow/dags/dag_run_dag.py
[2023-05-27T16:30:56.560+0000] {processor.py:753} INFO - DAG(s) dict_keys(['dag_run_dag']) retrieved from /opt/airflow/dags/dag_run_dag.py
[2023-05-27T16:30:56.596+0000] {logging_mixin.py:137} INFO - [2023-05-27T16:30:56.596+0000] {dag.py:2690} INFO - Sync 1 DAGs
[2023-05-27T16:30:56.645+0000] {logging_mixin.py:137} INFO - [2023-05-27T16:30:56.645+0000] {dag.py:3441} INFO - Setting next_dagrun for dag_run_dag to 2023-05-27T15:30:00+00:00, run_after=2023-05-27T16:30:00+00:00
[2023-05-27T16:30:56.668+0000] {processor.py:175} INFO - Processing /opt/airflow/dags/dag_run_dag.py took 0.144 seconds
[2023-05-27T16:31:27.547+0000] {processor.py:153} INFO - Started process (PID=388) to work on /opt/airflow/dags/dag_run_dag.py
[2023-05-27T16:31:27.548+0000] {processor.py:743} INFO - Processing file /opt/airflow/dags/dag_run_dag.py for tasks to queue
[2023-05-27T16:31:27.549+0000] {logging_mixin.py:137} INFO - [2023-05-27T16:31:27.549+0000] {dagbag.py:538} INFO - Filling up the DagBag from /opt/airflow/dags/dag_run_dag.py
[2023-05-27T16:31:27.570+0000] {processor.py:753} INFO - DAG(s) dict_keys(['dag_run_dag']) retrieved from /opt/airflow/dags/dag_run_dag.py
[2023-05-27T16:31:27.600+0000] {logging_mixin.py:137} INFO - [2023-05-27T16:31:27.600+0000] {dag.py:2690} INFO - Sync 1 DAGs
[2023-05-27T16:31:27.644+0000] {logging_mixin.py:137} INFO - [2023-05-27T16:31:27.643+0000] {dag.py:3441} INFO - Setting next_dagrun for dag_run_dag to 2023-05-27T15:30:00+00:00, run_after=2023-05-27T16:30:00+00:00
[2023-05-27T16:31:27.670+0000] {processor.py:175} INFO - Processing /opt/airflow/dags/dag_run_dag.py took 0.127 seconds
[2023-05-27T16:31:58.002+0000] {processor.py:153} INFO - Started process (PID=420) to work on /opt/airflow/dags/dag_run_dag.py
[2023-05-27T16:31:58.003+0000] {processor.py:743} INFO - Processing file /opt/airflow/dags/dag_run_dag.py for tasks to queue
[2023-05-27T16:31:58.003+0000] {logging_mixin.py:137} INFO - [2023-05-27T16:31:58.003+0000] {dagbag.py:538} INFO - Filling up the DagBag from /opt/airflow/dags/dag_run_dag.py
[2023-05-27T16:31:58.026+0000] {processor.py:753} INFO - DAG(s) dict_keys(['dag_run_dag']) retrieved from /opt/airflow/dags/dag_run_dag.py
[2023-05-27T16:31:58.048+0000] {logging_mixin.py:137} INFO - [2023-05-27T16:31:58.048+0000] {dag.py:2690} INFO - Sync 1 DAGs
[2023-05-27T16:31:58.076+0000] {logging_mixin.py:137} INFO - [2023-05-27T16:31:58.076+0000] {dag.py:3441} INFO - Setting next_dagrun for dag_run_dag to 2023-05-27T15:30:00+00:00, run_after=2023-05-27T16:30:00+00:00
[2023-05-27T16:31:58.095+0000] {processor.py:175} INFO - Processing /opt/airflow/dags/dag_run_dag.py took 0.098 seconds
[2023-05-27T16:32:28.327+0000] {processor.py:153} INFO - Started process (PID=455) to work on /opt/airflow/dags/dag_run_dag.py
[2023-05-27T16:32:28.328+0000] {processor.py:743} INFO - Processing file /opt/airflow/dags/dag_run_dag.py for tasks to queue
[2023-05-27T16:32:28.329+0000] {logging_mixin.py:137} INFO - [2023-05-27T16:32:28.329+0000] {dagbag.py:538} INFO - Filling up the DagBag from /opt/airflow/dags/dag_run_dag.py
[2023-05-27T16:32:28.362+0000] {processor.py:753} INFO - DAG(s) dict_keys(['dag_run_dag']) retrieved from /opt/airflow/dags/dag_run_dag.py
[2023-05-27T16:32:28.398+0000] {logging_mixin.py:137} INFO - [2023-05-27T16:32:28.398+0000] {dag.py:2690} INFO - Sync 1 DAGs
[2023-05-27T16:32:28.453+0000] {logging_mixin.py:137} INFO - [2023-05-27T16:32:28.453+0000] {dag.py:3441} INFO - Setting next_dagrun for dag_run_dag to 2023-05-27T15:30:00+00:00, run_after=2023-05-27T16:30:00+00:00
[2023-05-27T16:32:28.494+0000] {processor.py:175} INFO - Processing /opt/airflow/dags/dag_run_dag.py took 0.177 seconds
[2023-05-27T16:32:58.771+0000] {processor.py:153} INFO - Started process (PID=494) to work on /opt/airflow/dags/dag_run_dag.py
[2023-05-27T16:32:58.772+0000] {processor.py:743} INFO - Processing file /opt/airflow/dags/dag_run_dag.py for tasks to queue
[2023-05-27T16:32:58.772+0000] {logging_mixin.py:137} INFO - [2023-05-27T16:32:58.772+0000] {dagbag.py:538} INFO - Filling up the DagBag from /opt/airflow/dags/dag_run_dag.py
[2023-05-27T16:32:58.789+0000] {processor.py:753} INFO - DAG(s) dict_keys(['dag_run_dag']) retrieved from /opt/airflow/dags/dag_run_dag.py
[2023-05-27T16:32:58.818+0000] {logging_mixin.py:137} INFO - [2023-05-27T16:32:58.817+0000] {dag.py:2690} INFO - Sync 1 DAGs
[2023-05-27T16:32:58.850+0000] {logging_mixin.py:137} INFO - [2023-05-27T16:32:58.850+0000] {dag.py:3441} INFO - Setting next_dagrun for dag_run_dag to 2023-05-27T15:30:00+00:00, run_after=2023-05-27T16:30:00+00:00
[2023-05-27T16:32:58.875+0000] {processor.py:175} INFO - Processing /opt/airflow/dags/dag_run_dag.py took 0.107 seconds
[2023-05-27T16:33:29.707+0000] {processor.py:153} INFO - Started process (PID=525) to work on /opt/airflow/dags/dag_run_dag.py
[2023-05-27T16:33:29.709+0000] {processor.py:743} INFO - Processing file /opt/airflow/dags/dag_run_dag.py for tasks to queue
[2023-05-27T16:33:29.710+0000] {logging_mixin.py:137} INFO - [2023-05-27T16:33:29.709+0000] {dagbag.py:538} INFO - Filling up the DagBag from /opt/airflow/dags/dag_run_dag.py
[2023-05-27T16:33:29.737+0000] {processor.py:753} INFO - DAG(s) dict_keys(['dag_run_dag']) retrieved from /opt/airflow/dags/dag_run_dag.py
[2023-05-27T16:33:29.781+0000] {logging_mixin.py:137} INFO - [2023-05-27T16:33:29.781+0000] {dag.py:2690} INFO - Sync 1 DAGs
[2023-05-27T16:33:29.818+0000] {logging_mixin.py:137} INFO - [2023-05-27T16:33:29.817+0000] {dag.py:3441} INFO - Setting next_dagrun for dag_run_dag to 2023-05-27T15:30:00+00:00, run_after=2023-05-27T16:30:00+00:00
[2023-05-27T16:33:29.845+0000] {processor.py:175} INFO - Processing /opt/airflow/dags/dag_run_dag.py took 0.141 seconds
[2023-05-27T16:34:00.302+0000] {processor.py:153} INFO - Started process (PID=569) to work on /opt/airflow/dags/dag_run_dag.py
[2023-05-27T16:34:00.303+0000] {processor.py:743} INFO - Processing file /opt/airflow/dags/dag_run_dag.py for tasks to queue
[2023-05-27T16:34:00.304+0000] {logging_mixin.py:137} INFO - [2023-05-27T16:34:00.303+0000] {dagbag.py:538} INFO - Filling up the DagBag from /opt/airflow/dags/dag_run_dag.py
[2023-05-27T16:34:00.326+0000] {processor.py:753} INFO - DAG(s) dict_keys(['dag_run_dag']) retrieved from /opt/airflow/dags/dag_run_dag.py
[2023-05-27T16:34:00.357+0000] {logging_mixin.py:137} INFO - [2023-05-27T16:34:00.357+0000] {dag.py:2690} INFO - Sync 1 DAGs
[2023-05-27T16:34:00.402+0000] {logging_mixin.py:137} INFO - [2023-05-27T16:34:00.402+0000] {dag.py:3441} INFO - Setting next_dagrun for dag_run_dag to 2023-05-27T15:30:00+00:00, run_after=2023-05-27T16:30:00+00:00
[2023-05-27T16:34:00.428+0000] {processor.py:175} INFO - Processing /opt/airflow/dags/dag_run_dag.py took 0.130 seconds
[2023-05-27T16:34:30.742+0000] {processor.py:153} INFO - Started process (PID=601) to work on /opt/airflow/dags/dag_run_dag.py
[2023-05-27T16:34:30.743+0000] {processor.py:743} INFO - Processing file /opt/airflow/dags/dag_run_dag.py for tasks to queue
[2023-05-27T16:34:30.743+0000] {logging_mixin.py:137} INFO - [2023-05-27T16:34:30.743+0000] {dagbag.py:538} INFO - Filling up the DagBag from /opt/airflow/dags/dag_run_dag.py
[2023-05-27T16:34:30.760+0000] {processor.py:753} INFO - DAG(s) dict_keys(['dag_run_dag']) retrieved from /opt/airflow/dags/dag_run_dag.py
[2023-05-27T16:34:30.789+0000] {logging_mixin.py:137} INFO - [2023-05-27T16:34:30.789+0000] {dag.py:2690} INFO - Sync 1 DAGs
[2023-05-27T16:34:30.829+0000] {logging_mixin.py:137} INFO - [2023-05-27T16:34:30.829+0000] {dag.py:3441} INFO - Setting next_dagrun for dag_run_dag to 2023-05-27T15:30:00+00:00, run_after=2023-05-27T16:30:00+00:00
[2023-05-27T16:34:30.850+0000] {processor.py:175} INFO - Processing /opt/airflow/dags/dag_run_dag.py took 0.112 seconds
[2023-05-27T16:35:01.243+0000] {processor.py:153} INFO - Started process (PID=640) to work on /opt/airflow/dags/dag_run_dag.py
[2023-05-27T16:35:01.244+0000] {processor.py:743} INFO - Processing file /opt/airflow/dags/dag_run_dag.py for tasks to queue
[2023-05-27T16:35:01.245+0000] {logging_mixin.py:137} INFO - [2023-05-27T16:35:01.245+0000] {dagbag.py:538} INFO - Filling up the DagBag from /opt/airflow/dags/dag_run_dag.py
[2023-05-27T16:35:01.271+0000] {processor.py:753} INFO - DAG(s) dict_keys(['dag_run_dag']) retrieved from /opt/airflow/dags/dag_run_dag.py
[2023-05-27T16:35:01.305+0000] {logging_mixin.py:137} INFO - [2023-05-27T16:35:01.305+0000] {dag.py:2690} INFO - Sync 1 DAGs
[2023-05-27T16:35:01.350+0000] {logging_mixin.py:137} INFO - [2023-05-27T16:35:01.350+0000] {dag.py:3441} INFO - Setting next_dagrun for dag_run_dag to 2023-05-27T15:30:00+00:00, run_after=2023-05-27T16:30:00+00:00
[2023-05-27T16:35:01.376+0000] {processor.py:175} INFO - Processing /opt/airflow/dags/dag_run_dag.py took 0.138 seconds
[2023-05-27T16:35:32.231+0000] {processor.py:153} INFO - Started process (PID=677) to work on /opt/airflow/dags/dag_run_dag.py
[2023-05-27T16:35:32.232+0000] {processor.py:743} INFO - Processing file /opt/airflow/dags/dag_run_dag.py for tasks to queue
[2023-05-27T16:35:32.232+0000] {logging_mixin.py:137} INFO - [2023-05-27T16:35:32.232+0000] {dagbag.py:538} INFO - Filling up the DagBag from /opt/airflow/dags/dag_run_dag.py
[2023-05-27T16:35:32.249+0000] {processor.py:753} INFO - DAG(s) dict_keys(['dag_run_dag']) retrieved from /opt/airflow/dags/dag_run_dag.py
[2023-05-27T16:35:32.270+0000] {logging_mixin.py:137} INFO - [2023-05-27T16:35:32.270+0000] {dag.py:2690} INFO - Sync 1 DAGs
[2023-05-27T16:35:32.298+0000] {logging_mixin.py:137} INFO - [2023-05-27T16:35:32.298+0000] {dag.py:3441} INFO - Setting next_dagrun for dag_run_dag to 2023-05-27T15:30:00+00:00, run_after=2023-05-27T16:30:00+00:00
[2023-05-27T16:35:32.316+0000] {processor.py:175} INFO - Processing /opt/airflow/dags/dag_run_dag.py took 0.089 seconds
[2023-05-27T16:36:03.264+0000] {processor.py:153} INFO - Started process (PID=719) to work on /opt/airflow/dags/dag_run_dag.py
[2023-05-27T16:36:03.265+0000] {processor.py:743} INFO - Processing file /opt/airflow/dags/dag_run_dag.py for tasks to queue
[2023-05-27T16:36:03.265+0000] {logging_mixin.py:137} INFO - [2023-05-27T16:36:03.265+0000] {dagbag.py:538} INFO - Filling up the DagBag from /opt/airflow/dags/dag_run_dag.py
[2023-05-27T16:36:03.288+0000] {processor.py:753} INFO - DAG(s) dict_keys(['dag_run_dag']) retrieved from /opt/airflow/dags/dag_run_dag.py
[2023-05-27T16:36:03.318+0000] {logging_mixin.py:137} INFO - [2023-05-27T16:36:03.318+0000] {dag.py:2690} INFO - Sync 1 DAGs
[2023-05-27T16:36:03.363+0000] {logging_mixin.py:137} INFO - [2023-05-27T16:36:03.363+0000] {dag.py:3441} INFO - Setting next_dagrun for dag_run_dag to 2023-05-27T15:30:00+00:00, run_after=2023-05-27T16:30:00+00:00
[2023-05-27T16:36:03.386+0000] {processor.py:175} INFO - Processing /opt/airflow/dags/dag_run_dag.py took 0.127 seconds
[2023-05-27T16:36:34.291+0000] {processor.py:153} INFO - Started process (PID=754) to work on /opt/airflow/dags/dag_run_dag.py
[2023-05-27T16:36:34.292+0000] {processor.py:743} INFO - Processing file /opt/airflow/dags/dag_run_dag.py for tasks to queue
[2023-05-27T16:36:34.292+0000] {logging_mixin.py:137} INFO - [2023-05-27T16:36:34.292+0000] {dagbag.py:538} INFO - Filling up the DagBag from /opt/airflow/dags/dag_run_dag.py
[2023-05-27T16:36:34.314+0000] {processor.py:753} INFO - DAG(s) dict_keys(['dag_run_dag']) retrieved from /opt/airflow/dags/dag_run_dag.py
[2023-05-27T16:36:34.343+0000] {logging_mixin.py:137} INFO - [2023-05-27T16:36:34.343+0000] {dag.py:2690} INFO - Sync 1 DAGs
[2023-05-27T16:36:34.380+0000] {logging_mixin.py:137} INFO - [2023-05-27T16:36:34.380+0000] {dag.py:3441} INFO - Setting next_dagrun for dag_run_dag to 2023-05-27T15:30:00+00:00, run_after=2023-05-27T16:30:00+00:00
[2023-05-27T16:36:34.407+0000] {processor.py:175} INFO - Processing /opt/airflow/dags/dag_run_dag.py took 0.120 seconds
[2023-05-27T16:37:05.231+0000] {processor.py:153} INFO - Started process (PID=793) to work on /opt/airflow/dags/dag_run_dag.py
[2023-05-27T16:37:05.232+0000] {processor.py:743} INFO - Processing file /opt/airflow/dags/dag_run_dag.py for tasks to queue
[2023-05-27T16:37:05.233+0000] {logging_mixin.py:137} INFO - [2023-05-27T16:37:05.233+0000] {dagbag.py:538} INFO - Filling up the DagBag from /opt/airflow/dags/dag_run_dag.py
[2023-05-27T16:37:05.260+0000] {processor.py:753} INFO - DAG(s) dict_keys(['dag_run_dag']) retrieved from /opt/airflow/dags/dag_run_dag.py
[2023-05-27T16:37:05.294+0000] {logging_mixin.py:137} INFO - [2023-05-27T16:37:05.293+0000] {dag.py:2690} INFO - Sync 1 DAGs
[2023-05-27T16:37:05.345+0000] {logging_mixin.py:137} INFO - [2023-05-27T16:37:05.345+0000] {dag.py:3441} INFO - Setting next_dagrun for dag_run_dag to 2023-05-27T15:30:00+00:00, run_after=2023-05-27T16:30:00+00:00
[2023-05-27T16:37:05.368+0000] {processor.py:175} INFO - Processing /opt/airflow/dags/dag_run_dag.py took 0.141 seconds
[2023-05-27T16:37:36.312+0000] {processor.py:153} INFO - Started process (PID=832) to work on /opt/airflow/dags/dag_run_dag.py
[2023-05-27T16:37:36.313+0000] {processor.py:743} INFO - Processing file /opt/airflow/dags/dag_run_dag.py for tasks to queue
[2023-05-27T16:37:36.314+0000] {logging_mixin.py:137} INFO - [2023-05-27T16:37:36.313+0000] {dagbag.py:538} INFO - Filling up the DagBag from /opt/airflow/dags/dag_run_dag.py
[2023-05-27T16:37:36.338+0000] {processor.py:753} INFO - DAG(s) dict_keys(['dag_run_dag']) retrieved from /opt/airflow/dags/dag_run_dag.py
[2023-05-27T16:37:36.364+0000] {logging_mixin.py:137} INFO - [2023-05-27T16:37:36.364+0000] {dag.py:2690} INFO - Sync 1 DAGs
[2023-05-27T16:37:36.401+0000] {logging_mixin.py:137} INFO - [2023-05-27T16:37:36.401+0000] {dag.py:3441} INFO - Setting next_dagrun for dag_run_dag to 2023-05-27T15:30:00+00:00, run_after=2023-05-27T16:30:00+00:00
[2023-05-27T16:37:36.426+0000] {processor.py:175} INFO - Processing /opt/airflow/dags/dag_run_dag.py took 0.119 seconds
[2023-05-27T16:38:06.805+0000] {processor.py:153} INFO - Started process (PID=873) to work on /opt/airflow/dags/dag_run_dag.py
[2023-05-27T16:38:06.806+0000] {processor.py:743} INFO - Processing file /opt/airflow/dags/dag_run_dag.py for tasks to queue
[2023-05-27T16:38:06.807+0000] {logging_mixin.py:137} INFO - [2023-05-27T16:38:06.807+0000] {dagbag.py:538} INFO - Filling up the DagBag from /opt/airflow/dags/dag_run_dag.py
[2023-05-27T16:38:06.829+0000] {processor.py:753} INFO - DAG(s) dict_keys(['dag_run_dag']) retrieved from /opt/airflow/dags/dag_run_dag.py
[2023-05-27T16:38:06.859+0000] {logging_mixin.py:137} INFO - [2023-05-27T16:38:06.859+0000] {dag.py:2690} INFO - Sync 1 DAGs
[2023-05-27T16:38:06.912+0000] {logging_mixin.py:137} INFO - [2023-05-27T16:38:06.912+0000] {dag.py:3441} INFO - Setting next_dagrun for dag_run_dag to 2023-05-27T15:30:00+00:00, run_after=2023-05-27T16:30:00+00:00
[2023-05-27T16:38:06.940+0000] {processor.py:175} INFO - Processing /opt/airflow/dags/dag_run_dag.py took 0.138 seconds
[2023-05-27T16:38:37.756+0000] {processor.py:153} INFO - Started process (PID=910) to work on /opt/airflow/dags/dag_run_dag.py
[2023-05-27T16:38:37.757+0000] {processor.py:743} INFO - Processing file /opt/airflow/dags/dag_run_dag.py for tasks to queue
[2023-05-27T16:38:37.758+0000] {logging_mixin.py:137} INFO - [2023-05-27T16:38:37.758+0000] {dagbag.py:538} INFO - Filling up the DagBag from /opt/airflow/dags/dag_run_dag.py
[2023-05-27T16:38:37.782+0000] {processor.py:753} INFO - DAG(s) dict_keys(['dag_run_dag']) retrieved from /opt/airflow/dags/dag_run_dag.py
[2023-05-27T16:38:37.816+0000] {logging_mixin.py:137} INFO - [2023-05-27T16:38:37.816+0000] {dag.py:2690} INFO - Sync 1 DAGs
[2023-05-27T16:38:37.863+0000] {logging_mixin.py:137} INFO - [2023-05-27T16:38:37.863+0000] {dag.py:3441} INFO - Setting next_dagrun for dag_run_dag to 2023-05-27T15:30:00+00:00, run_after=2023-05-27T16:30:00+00:00
[2023-05-27T16:38:37.897+0000] {processor.py:175} INFO - Processing /opt/airflow/dags/dag_run_dag.py took 0.145 seconds
[2023-05-27T16:39:07.967+0000] {processor.py:153} INFO - Started process (PID=949) to work on /opt/airflow/dags/dag_run_dag.py
[2023-05-27T16:39:07.968+0000] {processor.py:743} INFO - Processing file /opt/airflow/dags/dag_run_dag.py for tasks to queue
[2023-05-27T16:39:07.969+0000] {logging_mixin.py:137} INFO - [2023-05-27T16:39:07.969+0000] {dagbag.py:538} INFO - Filling up the DagBag from /opt/airflow/dags/dag_run_dag.py
[2023-05-27T16:39:07.991+0000] {processor.py:753} INFO - DAG(s) dict_keys(['dag_run_dag']) retrieved from /opt/airflow/dags/dag_run_dag.py
[2023-05-27T16:39:08.022+0000] {logging_mixin.py:137} INFO - [2023-05-27T16:39:08.022+0000] {dag.py:2690} INFO - Sync 1 DAGs
[2023-05-27T16:39:08.064+0000] {logging_mixin.py:137} INFO - [2023-05-27T16:39:08.064+0000] {dag.py:3441} INFO - Setting next_dagrun for dag_run_dag to 2023-05-27T15:30:00+00:00, run_after=2023-05-27T16:30:00+00:00
[2023-05-27T16:39:08.088+0000] {processor.py:175} INFO - Processing /opt/airflow/dags/dag_run_dag.py took 0.125 seconds
[2023-05-27T16:39:39.070+0000] {processor.py:153} INFO - Started process (PID=986) to work on /opt/airflow/dags/dag_run_dag.py
[2023-05-27T16:39:39.071+0000] {processor.py:743} INFO - Processing file /opt/airflow/dags/dag_run_dag.py for tasks to queue
[2023-05-27T16:39:39.072+0000] {logging_mixin.py:137} INFO - [2023-05-27T16:39:39.072+0000] {dagbag.py:538} INFO - Filling up the DagBag from /opt/airflow/dags/dag_run_dag.py
[2023-05-27T16:39:39.096+0000] {processor.py:753} INFO - DAG(s) dict_keys(['dag_run_dag']) retrieved from /opt/airflow/dags/dag_run_dag.py
[2023-05-27T16:39:39.129+0000] {logging_mixin.py:137} INFO - [2023-05-27T16:39:39.128+0000] {dag.py:2690} INFO - Sync 1 DAGs
[2023-05-27T16:39:39.172+0000] {logging_mixin.py:137} INFO - [2023-05-27T16:39:39.172+0000] {dag.py:3441} INFO - Setting next_dagrun for dag_run_dag to 2023-05-27T15:30:00+00:00, run_after=2023-05-27T16:30:00+00:00
[2023-05-27T16:39:39.202+0000] {processor.py:175} INFO - Processing /opt/airflow/dags/dag_run_dag.py took 0.135 seconds
[2023-05-27T16:40:10.146+0000] {processor.py:153} INFO - Started process (PID=1018) to work on /opt/airflow/dags/dag_run_dag.py
[2023-05-27T16:40:10.150+0000] {processor.py:743} INFO - Processing file /opt/airflow/dags/dag_run_dag.py for tasks to queue
[2023-05-27T16:40:10.151+0000] {logging_mixin.py:137} INFO - [2023-05-27T16:40:10.151+0000] {dagbag.py:538} INFO - Filling up the DagBag from /opt/airflow/dags/dag_run_dag.py
[2023-05-27T16:40:10.214+0000] {processor.py:753} INFO - DAG(s) dict_keys(['dag_run_dag']) retrieved from /opt/airflow/dags/dag_run_dag.py
[2023-05-27T16:40:10.328+0000] {logging_mixin.py:137} INFO - [2023-05-27T16:40:10.328+0000] {dag.py:2690} INFO - Sync 1 DAGs
[2023-05-27T16:40:10.449+0000] {logging_mixin.py:137} INFO - [2023-05-27T16:40:10.448+0000] {dag.py:3441} INFO - Setting next_dagrun for dag_run_dag to 2023-05-27T15:30:00+00:00, run_after=2023-05-27T16:30:00+00:00
[2023-05-27T16:40:10.533+0000] {processor.py:175} INFO - Processing /opt/airflow/dags/dag_run_dag.py took 0.412 seconds
[2023-05-27T16:40:40.951+0000] {processor.py:153} INFO - Started process (PID=1056) to work on /opt/airflow/dags/dag_run_dag.py
[2023-05-27T16:40:40.953+0000] {processor.py:743} INFO - Processing file /opt/airflow/dags/dag_run_dag.py for tasks to queue
[2023-05-27T16:40:40.955+0000] {logging_mixin.py:137} INFO - [2023-05-27T16:40:40.955+0000] {dagbag.py:538} INFO - Filling up the DagBag from /opt/airflow/dags/dag_run_dag.py
[2023-05-27T16:40:40.984+0000] {processor.py:753} INFO - DAG(s) dict_keys(['dag_run_dag']) retrieved from /opt/airflow/dags/dag_run_dag.py
[2023-05-27T16:40:41.036+0000] {logging_mixin.py:137} INFO - [2023-05-27T16:40:41.036+0000] {dag.py:2690} INFO - Sync 1 DAGs
[2023-05-27T16:40:41.097+0000] {logging_mixin.py:137} INFO - [2023-05-27T16:40:41.097+0000] {dag.py:3441} INFO - Setting next_dagrun for dag_run_dag to 2023-05-27T15:30:00+00:00, run_after=2023-05-27T16:30:00+00:00
[2023-05-27T16:40:41.131+0000] {processor.py:175} INFO - Processing /opt/airflow/dags/dag_run_dag.py took 0.185 seconds
[2023-05-27T16:41:11.621+0000] {processor.py:153} INFO - Started process (PID=1093) to work on /opt/airflow/dags/dag_run_dag.py
[2023-05-27T16:41:11.623+0000] {processor.py:743} INFO - Processing file /opt/airflow/dags/dag_run_dag.py for tasks to queue
[2023-05-27T16:41:11.624+0000] {logging_mixin.py:137} INFO - [2023-05-27T16:41:11.623+0000] {dagbag.py:538} INFO - Filling up the DagBag from /opt/airflow/dags/dag_run_dag.py
[2023-05-27T16:41:11.660+0000] {processor.py:753} INFO - DAG(s) dict_keys(['dag_run_dag']) retrieved from /opt/airflow/dags/dag_run_dag.py
[2023-05-27T16:41:11.719+0000] {logging_mixin.py:137} INFO - [2023-05-27T16:41:11.718+0000] {dag.py:2690} INFO - Sync 1 DAGs
[2023-05-27T16:41:11.774+0000] {logging_mixin.py:137} INFO - [2023-05-27T16:41:11.774+0000] {dag.py:3441} INFO - Setting next_dagrun for dag_run_dag to 2023-05-27T15:30:00+00:00, run_after=2023-05-27T16:30:00+00:00
[2023-05-27T16:41:11.815+0000] {processor.py:175} INFO - Processing /opt/airflow/dags/dag_run_dag.py took 0.200 seconds
[2023-05-27T16:41:43.195+0000] {processor.py:153} INFO - Started process (PID=1121) to work on /opt/airflow/dags/dag_run_dag.py
[2023-05-27T16:41:43.347+0000] {processor.py:743} INFO - Processing file /opt/airflow/dags/dag_run_dag.py for tasks to queue
[2023-05-27T16:41:43.361+0000] {logging_mixin.py:137} INFO - [2023-05-27T16:41:43.361+0000] {dagbag.py:538} INFO - Filling up the DagBag from /opt/airflow/dags/dag_run_dag.py
[2023-05-27T16:41:51.896+0000] {processor.py:753} INFO - DAG(s) dict_keys(['dag_run_dag']) retrieved from /opt/airflow/dags/dag_run_dag.py
[2023-05-27T16:41:56.626+0000] {logging_mixin.py:137} INFO - [2023-05-27T16:41:56.626+0000] {dag.py:2690} INFO - Sync 1 DAGs
[2023-05-27T16:41:56.900+0000] {logging_mixin.py:137} INFO - [2023-05-27T16:41:56.900+0000] {dag.py:3441} INFO - Setting next_dagrun for dag_run_dag to 2023-05-27T15:30:00+00:00, run_after=2023-05-27T16:30:00+00:00
[2023-05-27T16:41:57.246+0000] {processor.py:175} INFO - Processing /opt/airflow/dags/dag_run_dag.py took 14.055 seconds
[2023-05-27T16:42:28.139+0000] {processor.py:153} INFO - Started process (PID=1158) to work on /opt/airflow/dags/dag_run_dag.py
[2023-05-27T16:42:28.150+0000] {processor.py:743} INFO - Processing file /opt/airflow/dags/dag_run_dag.py for tasks to queue
[2023-05-27T16:42:28.151+0000] {logging_mixin.py:137} INFO - [2023-05-27T16:42:28.150+0000] {dagbag.py:538} INFO - Filling up the DagBag from /opt/airflow/dags/dag_run_dag.py
[2023-05-27T16:42:28.202+0000] {processor.py:753} INFO - DAG(s) dict_keys(['dag_run_dag']) retrieved from /opt/airflow/dags/dag_run_dag.py
[2023-05-27T16:42:28.266+0000] {logging_mixin.py:137} INFO - [2023-05-27T16:42:28.266+0000] {dag.py:2690} INFO - Sync 1 DAGs
[2023-05-27T16:42:28.330+0000] {logging_mixin.py:137} INFO - [2023-05-27T16:42:28.330+0000] {dag.py:3441} INFO - Setting next_dagrun for dag_run_dag to 2023-05-27T15:30:00+00:00, run_after=2023-05-27T16:30:00+00:00
[2023-05-27T16:42:28.369+0000] {processor.py:175} INFO - Processing /opt/airflow/dags/dag_run_dag.py took 0.235 seconds
[2023-05-27T16:42:59.075+0000] {processor.py:153} INFO - Started process (PID=1188) to work on /opt/airflow/dags/dag_run_dag.py
[2023-05-27T16:42:59.081+0000] {processor.py:743} INFO - Processing file /opt/airflow/dags/dag_run_dag.py for tasks to queue
[2023-05-27T16:42:59.083+0000] {logging_mixin.py:137} INFO - [2023-05-27T16:42:59.082+0000] {dagbag.py:538} INFO - Filling up the DagBag from /opt/airflow/dags/dag_run_dag.py
[2023-05-27T16:42:59.129+0000] {processor.py:753} INFO - DAG(s) dict_keys(['dag_run_dag']) retrieved from /opt/airflow/dags/dag_run_dag.py
[2023-05-27T16:42:59.206+0000] {logging_mixin.py:137} INFO - [2023-05-27T16:42:59.206+0000] {dag.py:2690} INFO - Sync 1 DAGs
[2023-05-27T16:42:59.272+0000] {logging_mixin.py:137} INFO - [2023-05-27T16:42:59.272+0000] {dag.py:3441} INFO - Setting next_dagrun for dag_run_dag to 2023-05-27T15:30:00+00:00, run_after=2023-05-27T16:30:00+00:00
[2023-05-27T16:42:59.338+0000] {processor.py:175} INFO - Processing /opt/airflow/dags/dag_run_dag.py took 0.271 seconds
[2023-05-27T16:43:29.567+0000] {processor.py:153} INFO - Started process (PID=1220) to work on /opt/airflow/dags/dag_run_dag.py
[2023-05-27T16:43:29.568+0000] {processor.py:743} INFO - Processing file /opt/airflow/dags/dag_run_dag.py for tasks to queue
[2023-05-27T16:43:29.569+0000] {logging_mixin.py:137} INFO - [2023-05-27T16:43:29.569+0000] {dagbag.py:538} INFO - Filling up the DagBag from /opt/airflow/dags/dag_run_dag.py
[2023-05-27T16:43:29.601+0000] {processor.py:753} INFO - DAG(s) dict_keys(['dag_run_dag']) retrieved from /opt/airflow/dags/dag_run_dag.py
[2023-05-27T16:43:29.652+0000] {logging_mixin.py:137} INFO - [2023-05-27T16:43:29.652+0000] {dag.py:2690} INFO - Sync 1 DAGs
[2023-05-27T16:43:29.792+0000] {logging_mixin.py:137} INFO - [2023-05-27T16:43:29.792+0000] {dag.py:3441} INFO - Setting next_dagrun for dag_run_dag to 2023-05-27T15:30:00+00:00, run_after=2023-05-27T16:30:00+00:00
[2023-05-27T16:43:29.830+0000] {processor.py:175} INFO - Processing /opt/airflow/dags/dag_run_dag.py took 0.268 seconds
[2023-05-27T16:44:00.100+0000] {processor.py:153} INFO - Started process (PID=1264) to work on /opt/airflow/dags/dag_run_dag.py
[2023-05-27T16:44:00.101+0000] {processor.py:743} INFO - Processing file /opt/airflow/dags/dag_run_dag.py for tasks to queue
[2023-05-27T16:44:00.102+0000] {logging_mixin.py:137} INFO - [2023-05-27T16:44:00.102+0000] {dagbag.py:538} INFO - Filling up the DagBag from /opt/airflow/dags/dag_run_dag.py
[2023-05-27T16:44:00.126+0000] {processor.py:753} INFO - DAG(s) dict_keys(['dag_run_dag']) retrieved from /opt/airflow/dags/dag_run_dag.py
[2023-05-27T16:44:00.162+0000] {logging_mixin.py:137} INFO - [2023-05-27T16:44:00.162+0000] {dag.py:2690} INFO - Sync 1 DAGs
[2023-05-27T16:44:00.207+0000] {logging_mixin.py:137} INFO - [2023-05-27T16:44:00.206+0000] {dag.py:3441} INFO - Setting next_dagrun for dag_run_dag to 2023-05-27T15:30:00+00:00, run_after=2023-05-27T16:30:00+00:00
[2023-05-27T16:44:00.246+0000] {processor.py:175} INFO - Processing /opt/airflow/dags/dag_run_dag.py took 0.149 seconds
[2023-05-27T16:44:30.695+0000] {processor.py:153} INFO - Started process (PID=1296) to work on /opt/airflow/dags/dag_run_dag.py
[2023-05-27T16:44:30.705+0000] {processor.py:743} INFO - Processing file /opt/airflow/dags/dag_run_dag.py for tasks to queue
[2023-05-27T16:44:30.706+0000] {logging_mixin.py:137} INFO - [2023-05-27T16:44:30.705+0000] {dagbag.py:538} INFO - Filling up the DagBag from /opt/airflow/dags/dag_run_dag.py
[2023-05-27T16:44:30.780+0000] {processor.py:753} INFO - DAG(s) dict_keys(['dag_run_dag']) retrieved from /opt/airflow/dags/dag_run_dag.py
[2023-05-27T16:44:30.914+0000] {logging_mixin.py:137} INFO - [2023-05-27T16:44:30.914+0000] {dag.py:2690} INFO - Sync 1 DAGs
[2023-05-27T16:44:30.999+0000] {logging_mixin.py:137} INFO - [2023-05-27T16:44:30.998+0000] {dag.py:3441} INFO - Setting next_dagrun for dag_run_dag to 2023-05-27T15:30:00+00:00, run_after=2023-05-27T16:30:00+00:00
[2023-05-27T16:44:31.064+0000] {processor.py:175} INFO - Processing /opt/airflow/dags/dag_run_dag.py took 0.373 seconds
[2023-05-27T16:45:03.061+0000] {processor.py:153} INFO - Started process (PID=1323) to work on /opt/airflow/dags/dag_run_dag.py
[2023-05-27T16:45:03.071+0000] {processor.py:743} INFO - Processing file /opt/airflow/dags/dag_run_dag.py for tasks to queue
[2023-05-27T16:45:03.072+0000] {logging_mixin.py:137} INFO - [2023-05-27T16:45:03.072+0000] {dagbag.py:538} INFO - Filling up the DagBag from /opt/airflow/dags/dag_run_dag.py
[2023-05-27T16:45:03.281+0000] {processor.py:753} INFO - DAG(s) dict_keys(['dag_run_dag']) retrieved from /opt/airflow/dags/dag_run_dag.py
[2023-05-27T16:45:03.581+0000] {logging_mixin.py:137} INFO - [2023-05-27T16:45:03.581+0000] {dag.py:2690} INFO - Sync 1 DAGs
[2023-05-27T16:45:03.756+0000] {logging_mixin.py:137} INFO - [2023-05-27T16:45:03.755+0000] {dag.py:3441} INFO - Setting next_dagrun for dag_run_dag to 2023-05-27T15:30:00+00:00, run_after=2023-05-27T16:30:00+00:00
[2023-05-27T16:45:03.835+0000] {processor.py:175} INFO - Processing /opt/airflow/dags/dag_run_dag.py took 0.779 seconds
[2023-05-27T16:45:35.044+0000] {processor.py:153} INFO - Started process (PID=1344) to work on /opt/airflow/dags/dag_run_dag.py
[2023-05-27T16:45:35.091+0000] {processor.py:743} INFO - Processing file /opt/airflow/dags/dag_run_dag.py for tasks to queue
[2023-05-27T16:45:35.099+0000] {logging_mixin.py:137} INFO - [2023-05-27T16:45:35.099+0000] {dagbag.py:538} INFO - Filling up the DagBag from /opt/airflow/dags/dag_run_dag.py
[2023-05-27T16:45:36.499+0000] {processor.py:753} INFO - DAG(s) dict_keys(['dag_run_dag']) retrieved from /opt/airflow/dags/dag_run_dag.py
[2023-05-27T16:45:38.796+0000] {logging_mixin.py:137} INFO - [2023-05-27T16:45:38.776+0000] {dag.py:2690} INFO - Sync 1 DAGs
[2023-05-27T16:45:39.013+0000] {logging_mixin.py:137} INFO - [2023-05-27T16:45:39.013+0000] {dag.py:3441} INFO - Setting next_dagrun for dag_run_dag to 2023-05-27T15:30:00+00:00, run_after=2023-05-27T16:30:00+00:00
[2023-05-27T16:46:28.214+0000] {processor.py:175} INFO - Processing /opt/airflow/dags/dag_run_dag.py took 52.839 seconds
[2023-05-27T16:47:27.825+0000] {processor.py:153} INFO - Started process (PID=1357) to work on /opt/airflow/dags/dag_run_dag.py
[2023-05-27T16:47:27.889+0000] {processor.py:743} INFO - Processing file /opt/airflow/dags/dag_run_dag.py for tasks to queue
[2023-05-27T16:47:27.890+0000] {logging_mixin.py:137} INFO - [2023-05-27T16:47:27.890+0000] {dagbag.py:538} INFO - Filling up the DagBag from /opt/airflow/dags/dag_run_dag.py
[2023-05-27T16:47:28.001+0000] {processor.py:753} INFO - DAG(s) dict_keys(['dag_run_dag']) retrieved from /opt/airflow/dags/dag_run_dag.py
[2023-05-27T16:47:28.364+0000] {logging_mixin.py:137} INFO - [2023-05-27T16:47:28.363+0000] {dag.py:2690} INFO - Sync 1 DAGs
[2023-05-27T16:47:28.555+0000] {logging_mixin.py:137} INFO - [2023-05-27T16:47:28.550+0000] {dag.py:3441} INFO - Setting next_dagrun for dag_run_dag to 2023-05-27T15:30:00+00:00, run_after=2023-05-27T16:30:00+00:00
[2023-05-27T16:47:28.673+0000] {processor.py:175} INFO - Processing /opt/airflow/dags/dag_run_dag.py took 0.852 seconds
[2023-05-27T16:47:59.199+0000] {processor.py:153} INFO - Started process (PID=1382) to work on /opt/airflow/dags/dag_run_dag.py
[2023-05-27T16:47:59.200+0000] {processor.py:743} INFO - Processing file /opt/airflow/dags/dag_run_dag.py for tasks to queue
[2023-05-27T16:47:59.200+0000] {logging_mixin.py:137} INFO - [2023-05-27T16:47:59.200+0000] {dagbag.py:538} INFO - Filling up the DagBag from /opt/airflow/dags/dag_run_dag.py
[2023-05-27T16:47:59.224+0000] {processor.py:753} INFO - DAG(s) dict_keys(['dag_run_dag']) retrieved from /opt/airflow/dags/dag_run_dag.py
[2023-05-27T16:47:59.247+0000] {logging_mixin.py:137} INFO - [2023-05-27T16:47:59.247+0000] {dag.py:2690} INFO - Sync 1 DAGs
[2023-05-27T16:47:59.276+0000] {logging_mixin.py:137} INFO - [2023-05-27T16:47:59.276+0000] {dag.py:3441} INFO - Setting next_dagrun for dag_run_dag to 2023-05-27T15:30:00+00:00, run_after=2023-05-27T16:30:00+00:00
[2023-05-27T16:47:59.343+0000] {processor.py:175} INFO - Processing /opt/airflow/dags/dag_run_dag.py took 0.149 seconds
[2023-05-27T16:48:30.040+0000] {processor.py:153} INFO - Started process (PID=1425) to work on /opt/airflow/dags/dag_run_dag.py
[2023-05-27T16:48:30.041+0000] {processor.py:743} INFO - Processing file /opt/airflow/dags/dag_run_dag.py for tasks to queue
[2023-05-27T16:48:30.042+0000] {logging_mixin.py:137} INFO - [2023-05-27T16:48:30.042+0000] {dagbag.py:538} INFO - Filling up the DagBag from /opt/airflow/dags/dag_run_dag.py
[2023-05-27T16:48:30.076+0000] {processor.py:753} INFO - DAG(s) dict_keys(['dag_run_dag']) retrieved from /opt/airflow/dags/dag_run_dag.py
[2023-05-27T16:48:30.111+0000] {logging_mixin.py:137} INFO - [2023-05-27T16:48:30.111+0000] {dag.py:2690} INFO - Sync 1 DAGs
[2023-05-27T16:48:30.158+0000] {logging_mixin.py:137} INFO - [2023-05-27T16:48:30.158+0000] {dag.py:3441} INFO - Setting next_dagrun for dag_run_dag to 2023-05-27T15:30:00+00:00, run_after=2023-05-27T16:30:00+00:00
[2023-05-27T16:48:30.185+0000] {processor.py:175} INFO - Processing /opt/airflow/dags/dag_run_dag.py took 0.150 seconds
[2023-05-27T16:49:00.363+0000] {processor.py:153} INFO - Started process (PID=1454) to work on /opt/airflow/dags/dag_run_dag.py
[2023-05-27T16:49:00.364+0000] {processor.py:743} INFO - Processing file /opt/airflow/dags/dag_run_dag.py for tasks to queue
[2023-05-27T16:49:00.365+0000] {logging_mixin.py:137} INFO - [2023-05-27T16:49:00.365+0000] {dagbag.py:538} INFO - Filling up the DagBag from /opt/airflow/dags/dag_run_dag.py
[2023-05-27T16:49:00.411+0000] {processor.py:753} INFO - DAG(s) dict_keys(['dag_run_dag']) retrieved from /opt/airflow/dags/dag_run_dag.py
[2023-05-27T16:49:00.446+0000] {logging_mixin.py:137} INFO - [2023-05-27T16:49:00.446+0000] {dag.py:2690} INFO - Sync 1 DAGs
[2023-05-27T16:49:00.487+0000] {logging_mixin.py:137} INFO - [2023-05-27T16:49:00.487+0000] {dag.py:3441} INFO - Setting next_dagrun for dag_run_dag to 2023-05-27T15:30:00+00:00, run_after=2023-05-27T16:30:00+00:00
[2023-05-27T16:49:00.825+0000] {processor.py:175} INFO - Processing /opt/airflow/dags/dag_run_dag.py took 0.466 seconds
[2023-05-27T16:49:31.543+0000] {processor.py:153} INFO - Started process (PID=1486) to work on /opt/airflow/dags/dag_run_dag.py
[2023-05-27T16:49:31.544+0000] {processor.py:743} INFO - Processing file /opt/airflow/dags/dag_run_dag.py for tasks to queue
[2023-05-27T16:49:31.545+0000] {logging_mixin.py:137} INFO - [2023-05-27T16:49:31.545+0000] {dagbag.py:538} INFO - Filling up the DagBag from /opt/airflow/dags/dag_run_dag.py
[2023-05-27T16:49:31.569+0000] {processor.py:753} INFO - DAG(s) dict_keys(['dag_run_dag']) retrieved from /opt/airflow/dags/dag_run_dag.py
[2023-05-27T16:49:31.601+0000] {logging_mixin.py:137} INFO - [2023-05-27T16:49:31.601+0000] {dag.py:2690} INFO - Sync 1 DAGs
[2023-05-27T16:49:31.635+0000] {logging_mixin.py:137} INFO - [2023-05-27T16:49:31.635+0000] {dag.py:3441} INFO - Setting next_dagrun for dag_run_dag to 2023-05-27T15:30:00+00:00, run_after=2023-05-27T16:30:00+00:00
[2023-05-27T16:49:31.851+0000] {processor.py:175} INFO - Processing /opt/airflow/dags/dag_run_dag.py took 0.312 seconds
[2023-05-27T16:50:02.447+0000] {processor.py:153} INFO - Started process (PID=1530) to work on /opt/airflow/dags/dag_run_dag.py
[2023-05-27T16:50:02.496+0000] {processor.py:743} INFO - Processing file /opt/airflow/dags/dag_run_dag.py for tasks to queue
[2023-05-27T16:50:02.498+0000] {logging_mixin.py:137} INFO - [2023-05-27T16:50:02.497+0000] {dagbag.py:538} INFO - Filling up the DagBag from /opt/airflow/dags/dag_run_dag.py
[2023-05-27T16:50:02.523+0000] {processor.py:753} INFO - DAG(s) dict_keys(['dag_run_dag']) retrieved from /opt/airflow/dags/dag_run_dag.py
[2023-05-27T16:50:02.578+0000] {logging_mixin.py:137} INFO - [2023-05-27T16:50:02.578+0000] {dag.py:2690} INFO - Sync 1 DAGs
[2023-05-27T16:50:02.668+0000] {logging_mixin.py:137} INFO - [2023-05-27T16:50:02.668+0000] {dag.py:3441} INFO - Setting next_dagrun for dag_run_dag to 2023-05-27T15:30:00+00:00, run_after=2023-05-27T16:30:00+00:00
[2023-05-27T16:50:02.876+0000] {processor.py:175} INFO - Processing /opt/airflow/dags/dag_run_dag.py took 0.434 seconds
[2023-05-27T16:50:32.974+0000] {processor.py:153} INFO - Started process (PID=1560) to work on /opt/airflow/dags/dag_run_dag.py
[2023-05-27T16:50:32.974+0000] {processor.py:743} INFO - Processing file /opt/airflow/dags/dag_run_dag.py for tasks to queue
[2023-05-27T16:50:32.975+0000] {logging_mixin.py:137} INFO - [2023-05-27T16:50:32.975+0000] {dagbag.py:538} INFO - Filling up the DagBag from /opt/airflow/dags/dag_run_dag.py
[2023-05-27T16:50:32.990+0000] {processor.py:753} INFO - DAG(s) dict_keys(['dag_run_dag']) retrieved from /opt/airflow/dags/dag_run_dag.py
[2023-05-27T16:50:33.012+0000] {logging_mixin.py:137} INFO - [2023-05-27T16:50:33.012+0000] {dag.py:2690} INFO - Sync 1 DAGs
[2023-05-27T16:50:33.040+0000] {logging_mixin.py:137} INFO - [2023-05-27T16:50:33.039+0000] {dag.py:3441} INFO - Setting next_dagrun for dag_run_dag to 2023-05-27T15:30:00+00:00, run_after=2023-05-27T16:30:00+00:00
[2023-05-27T16:50:33.317+0000] {processor.py:175} INFO - Processing /opt/airflow/dags/dag_run_dag.py took 0.347 seconds
[2023-05-27T16:51:03.526+0000] {processor.py:153} INFO - Started process (PID=1593) to work on /opt/airflow/dags/dag_run_dag.py
[2023-05-27T16:51:03.526+0000] {processor.py:743} INFO - Processing file /opt/airflow/dags/dag_run_dag.py for tasks to queue
[2023-05-27T16:51:03.527+0000] {logging_mixin.py:137} INFO - [2023-05-27T16:51:03.527+0000] {dagbag.py:538} INFO - Filling up the DagBag from /opt/airflow/dags/dag_run_dag.py
[2023-05-27T16:51:03.542+0000] {processor.py:753} INFO - DAG(s) dict_keys(['dag_run_dag']) retrieved from /opt/airflow/dags/dag_run_dag.py
[2023-05-27T16:51:03.565+0000] {logging_mixin.py:137} INFO - [2023-05-27T16:51:03.565+0000] {dag.py:2690} INFO - Sync 1 DAGs
[2023-05-27T16:51:03.602+0000] {logging_mixin.py:137} INFO - [2023-05-27T16:51:03.602+0000] {dag.py:3441} INFO - Setting next_dagrun for dag_run_dag to 2023-05-27T15:30:00+00:00, run_after=2023-05-27T16:30:00+00:00
[2023-05-27T16:51:04.275+0000] {processor.py:175} INFO - Processing /opt/airflow/dags/dag_run_dag.py took 0.752 seconds
[2023-05-27T16:51:35.135+0000] {processor.py:153} INFO - Started process (PID=1626) to work on /opt/airflow/dags/dag_run_dag.py
[2023-05-27T16:51:35.136+0000] {processor.py:743} INFO - Processing file /opt/airflow/dags/dag_run_dag.py for tasks to queue
[2023-05-27T16:51:35.137+0000] {logging_mixin.py:137} INFO - [2023-05-27T16:51:35.137+0000] {dagbag.py:538} INFO - Filling up the DagBag from /opt/airflow/dags/dag_run_dag.py
[2023-05-27T16:51:35.162+0000] {processor.py:753} INFO - DAG(s) dict_keys(['dag_run_dag']) retrieved from /opt/airflow/dags/dag_run_dag.py
[2023-05-27T16:51:35.193+0000] {logging_mixin.py:137} INFO - [2023-05-27T16:51:35.193+0000] {dag.py:2690} INFO - Sync 1 DAGs
[2023-05-27T16:51:35.227+0000] {logging_mixin.py:137} INFO - [2023-05-27T16:51:35.227+0000] {dag.py:3441} INFO - Setting next_dagrun for dag_run_dag to 2023-05-27T15:30:00+00:00, run_after=2023-05-27T16:30:00+00:00
[2023-05-27T16:51:35.253+0000] {processor.py:175} INFO - Processing /opt/airflow/dags/dag_run_dag.py took 0.124 seconds
[2023-05-27T16:52:05.808+0000] {processor.py:153} INFO - Started process (PID=1670) to work on /opt/airflow/dags/dag_run_dag.py
[2023-05-27T16:52:05.809+0000] {processor.py:743} INFO - Processing file /opt/airflow/dags/dag_run_dag.py for tasks to queue
[2023-05-27T16:52:05.809+0000] {logging_mixin.py:137} INFO - [2023-05-27T16:52:05.809+0000] {dagbag.py:538} INFO - Filling up the DagBag from /opt/airflow/dags/dag_run_dag.py
[2023-05-27T16:52:05.830+0000] {processor.py:753} INFO - DAG(s) dict_keys(['dag_run_dag']) retrieved from /opt/airflow/dags/dag_run_dag.py
[2023-05-27T16:52:05.865+0000] {logging_mixin.py:137} INFO - [2023-05-27T16:52:05.865+0000] {dag.py:2690} INFO - Sync 1 DAGs
[2023-05-27T16:52:05.899+0000] {logging_mixin.py:137} INFO - [2023-05-27T16:52:05.899+0000] {dag.py:3441} INFO - Setting next_dagrun for dag_run_dag to 2023-05-27T15:30:00+00:00, run_after=2023-05-27T16:30:00+00:00
[2023-05-27T16:52:06.414+0000] {processor.py:175} INFO - Processing /opt/airflow/dags/dag_run_dag.py took 0.609 seconds
[2023-05-27T16:52:36.890+0000] {processor.py:153} INFO - Started process (PID=1701) to work on /opt/airflow/dags/dag_run_dag.py
[2023-05-27T16:52:36.891+0000] {processor.py:743} INFO - Processing file /opt/airflow/dags/dag_run_dag.py for tasks to queue
[2023-05-27T16:52:36.892+0000] {logging_mixin.py:137} INFO - [2023-05-27T16:52:36.892+0000] {dagbag.py:538} INFO - Filling up the DagBag from /opt/airflow/dags/dag_run_dag.py
[2023-05-27T16:52:36.911+0000] {processor.py:753} INFO - DAG(s) dict_keys(['dag_run_dag']) retrieved from /opt/airflow/dags/dag_run_dag.py
[2023-05-27T16:52:36.965+0000] {logging_mixin.py:137} INFO - [2023-05-27T16:52:36.964+0000] {dag.py:2690} INFO - Sync 1 DAGs
[2023-05-27T16:52:37.006+0000] {logging_mixin.py:137} INFO - [2023-05-27T16:52:37.006+0000] {dag.py:3441} INFO - Setting next_dagrun for dag_run_dag to 2023-05-27T15:30:00+00:00, run_after=2023-05-27T16:30:00+00:00
[2023-05-27T16:52:37.059+0000] {processor.py:175} INFO - Processing /opt/airflow/dags/dag_run_dag.py took 0.172 seconds
[2023-05-27T16:53:07.174+0000] {processor.py:153} INFO - Started process (PID=1744) to work on /opt/airflow/dags/dag_run_dag.py
[2023-05-27T16:53:07.175+0000] {processor.py:743} INFO - Processing file /opt/airflow/dags/dag_run_dag.py for tasks to queue
[2023-05-27T16:53:07.176+0000] {logging_mixin.py:137} INFO - [2023-05-27T16:53:07.176+0000] {dagbag.py:538} INFO - Filling up the DagBag from /opt/airflow/dags/dag_run_dag.py
[2023-05-27T16:53:07.203+0000] {processor.py:753} INFO - DAG(s) dict_keys(['dag_run_dag']) retrieved from /opt/airflow/dags/dag_run_dag.py
[2023-05-27T16:53:07.227+0000] {logging_mixin.py:137} INFO - [2023-05-27T16:53:07.227+0000] {dag.py:2690} INFO - Sync 1 DAGs
[2023-05-27T16:53:07.254+0000] {logging_mixin.py:137} INFO - [2023-05-27T16:53:07.254+0000] {dag.py:3441} INFO - Setting next_dagrun for dag_run_dag to 2023-05-27T15:30:00+00:00, run_after=2023-05-27T16:30:00+00:00
[2023-05-27T16:53:07.272+0000] {processor.py:175} INFO - Processing /opt/airflow/dags/dag_run_dag.py took 0.103 seconds
