[2023-05-27T16:26:26.732+0000] {processor.py:153} INFO - Started process (PID=45) to work on /opt/airflow/dags/defaultargs.py
[2023-05-27T16:26:26.746+0000] {processor.py:743} INFO - Processing file /opt/airflow/dags/defaultargs.py for tasks to queue
[2023-05-27T16:26:26.761+0000] {logging_mixin.py:137} INFO - [2023-05-27T16:26:26.760+0000] {dagbag.py:538} INFO - Filling up the DagBag from /opt/airflow/dags/defaultargs.py
[2023-05-27T16:26:26.851+0000] {processor.py:753} INFO - DAG(s) dict_keys(['defaultargs']) retrieved from /opt/airflow/dags/defaultargs.py
[2023-05-27T16:26:27.065+0000] {logging_mixin.py:137} INFO - [2023-05-27T16:26:27.065+0000] {dag.py:2690} INFO - Sync 1 DAGs
[2023-05-27T16:26:27.150+0000] {logging_mixin.py:137} INFO - [2023-05-27T16:26:27.150+0000] {dag.py:3441} INFO - Setting next_dagrun for defaultargs to 2023-05-27T14:30:00+00:00, run_after=2023-05-27T15:30:00+00:00
[2023-05-27T16:26:27.217+0000] {processor.py:175} INFO - Processing /opt/airflow/dags/defaultargs.py took 0.515 seconds
[2023-05-27T16:27:18.794+0000] {processor.py:153} INFO - Started process (PID=71) to work on /opt/airflow/dags/defaultargs.py
[2023-05-27T16:27:18.986+0000] {processor.py:743} INFO - Processing file /opt/airflow/dags/defaultargs.py for tasks to queue
[2023-05-27T16:27:19.149+0000] {logging_mixin.py:137} INFO - [2023-05-27T16:27:19.132+0000] {dagbag.py:538} INFO - Filling up the DagBag from /opt/airflow/dags/defaultargs.py
[2023-05-27T16:27:19.615+0000] {processor.py:753} INFO - DAG(s) dict_keys(['defaultargs']) retrieved from /opt/airflow/dags/defaultargs.py
[2023-05-27T16:27:19.774+0000] {logging_mixin.py:137} INFO - [2023-05-27T16:27:19.774+0000] {dag.py:2690} INFO - Sync 1 DAGs
[2023-05-27T16:27:19.898+0000] {logging_mixin.py:137} INFO - [2023-05-27T16:27:19.898+0000] {dag.py:3441} INFO - Setting next_dagrun for defaultargs to 2023-05-27T14:30:00+00:00, run_after=2023-05-27T15:30:00+00:00
[2023-05-27T16:27:20.019+0000] {processor.py:175} INFO - Processing /opt/airflow/dags/defaultargs.py took 1.249 seconds
[2023-05-27T16:27:50.778+0000] {processor.py:153} INFO - Started process (PID=109) to work on /opt/airflow/dags/defaultargs.py
[2023-05-27T16:27:50.779+0000] {processor.py:743} INFO - Processing file /opt/airflow/dags/defaultargs.py for tasks to queue
[2023-05-27T16:27:50.796+0000] {logging_mixin.py:137} INFO - [2023-05-27T16:27:50.795+0000] {dagbag.py:538} INFO - Filling up the DagBag from /opt/airflow/dags/defaultargs.py
[2023-05-27T16:27:50.826+0000] {processor.py:753} INFO - DAG(s) dict_keys(['defaultargs']) retrieved from /opt/airflow/dags/defaultargs.py
[2023-05-27T16:27:50.866+0000] {logging_mixin.py:137} INFO - [2023-05-27T16:27:50.866+0000] {dag.py:2690} INFO - Sync 1 DAGs
[2023-05-27T16:27:50.975+0000] {logging_mixin.py:137} INFO - [2023-05-27T16:27:50.975+0000] {dag.py:3441} INFO - Setting next_dagrun for defaultargs to 2023-05-27T14:30:00+00:00, run_after=2023-05-27T15:30:00+00:00
[2023-05-27T16:27:51.007+0000] {processor.py:175} INFO - Processing /opt/airflow/dags/defaultargs.py took 0.233 seconds
[2023-05-27T16:28:21.882+0000] {processor.py:153} INFO - Started process (PID=151) to work on /opt/airflow/dags/defaultargs.py
[2023-05-27T16:28:21.883+0000] {processor.py:743} INFO - Processing file /opt/airflow/dags/defaultargs.py for tasks to queue
[2023-05-27T16:28:21.884+0000] {logging_mixin.py:137} INFO - [2023-05-27T16:28:21.884+0000] {dagbag.py:538} INFO - Filling up the DagBag from /opt/airflow/dags/defaultargs.py
[2023-05-27T16:28:21.901+0000] {processor.py:753} INFO - DAG(s) dict_keys(['defaultargs']) retrieved from /opt/airflow/dags/defaultargs.py
[2023-05-27T16:28:21.928+0000] {logging_mixin.py:137} INFO - [2023-05-27T16:28:21.927+0000] {dag.py:2690} INFO - Sync 1 DAGs
[2023-05-27T16:28:21.956+0000] {logging_mixin.py:137} INFO - [2023-05-27T16:28:21.955+0000] {dag.py:3441} INFO - Setting next_dagrun for defaultargs to 2023-05-27T14:30:00+00:00, run_after=2023-05-27T15:30:00+00:00
[2023-05-27T16:28:21.975+0000] {processor.py:175} INFO - Processing /opt/airflow/dags/defaultargs.py took 0.097 seconds
[2023-05-27T16:28:52.802+0000] {processor.py:153} INFO - Started process (PID=187) to work on /opt/airflow/dags/defaultargs.py
[2023-05-27T16:28:52.803+0000] {processor.py:743} INFO - Processing file /opt/airflow/dags/defaultargs.py for tasks to queue
[2023-05-27T16:28:52.804+0000] {logging_mixin.py:137} INFO - [2023-05-27T16:28:52.804+0000] {dagbag.py:538} INFO - Filling up the DagBag from /opt/airflow/dags/defaultargs.py
[2023-05-27T16:28:52.828+0000] {processor.py:753} INFO - DAG(s) dict_keys(['defaultargs']) retrieved from /opt/airflow/dags/defaultargs.py
[2023-05-27T16:28:52.859+0000] {logging_mixin.py:137} INFO - [2023-05-27T16:28:52.859+0000] {dag.py:2690} INFO - Sync 1 DAGs
[2023-05-27T16:28:52.903+0000] {logging_mixin.py:137} INFO - [2023-05-27T16:28:52.903+0000] {dag.py:3441} INFO - Setting next_dagrun for defaultargs to 2023-05-27T14:30:00+00:00, run_after=2023-05-27T15:30:00+00:00
[2023-05-27T16:28:52.930+0000] {processor.py:175} INFO - Processing /opt/airflow/dags/defaultargs.py took 0.130 seconds
[2023-05-27T16:29:23.768+0000] {processor.py:153} INFO - Started process (PID=231) to work on /opt/airflow/dags/defaultargs.py
[2023-05-27T16:29:23.769+0000] {processor.py:743} INFO - Processing file /opt/airflow/dags/defaultargs.py for tasks to queue
[2023-05-27T16:29:23.770+0000] {logging_mixin.py:137} INFO - [2023-05-27T16:29:23.770+0000] {dagbag.py:538} INFO - Filling up the DagBag from /opt/airflow/dags/defaultargs.py
[2023-05-27T16:29:23.793+0000] {processor.py:753} INFO - DAG(s) dict_keys(['defaultargs']) retrieved from /opt/airflow/dags/defaultargs.py
[2023-05-27T16:29:23.827+0000] {logging_mixin.py:137} INFO - [2023-05-27T16:29:23.827+0000] {dag.py:2690} INFO - Sync 1 DAGs
[2023-05-27T16:29:23.869+0000] {logging_mixin.py:137} INFO - [2023-05-27T16:29:23.869+0000] {dag.py:3441} INFO - Setting next_dagrun for defaultargs to 2023-05-27T14:30:00+00:00, run_after=2023-05-27T15:30:00+00:00
[2023-05-27T16:29:23.891+0000] {processor.py:175} INFO - Processing /opt/airflow/dags/defaultargs.py took 0.126 seconds
[2023-05-27T16:29:54.652+0000] {processor.py:153} INFO - Started process (PID=265) to work on /opt/airflow/dags/defaultargs.py
[2023-05-27T16:29:54.653+0000] {processor.py:743} INFO - Processing file /opt/airflow/dags/defaultargs.py for tasks to queue
[2023-05-27T16:29:54.653+0000] {logging_mixin.py:137} INFO - [2023-05-27T16:29:54.653+0000] {dagbag.py:538} INFO - Filling up the DagBag from /opt/airflow/dags/defaultargs.py
[2023-05-27T16:29:54.677+0000] {processor.py:753} INFO - DAG(s) dict_keys(['defaultargs']) retrieved from /opt/airflow/dags/defaultargs.py
[2023-05-27T16:29:54.710+0000] {logging_mixin.py:137} INFO - [2023-05-27T16:29:54.710+0000] {dag.py:2690} INFO - Sync 1 DAGs
[2023-05-27T16:29:54.759+0000] {logging_mixin.py:137} INFO - [2023-05-27T16:29:54.759+0000] {dag.py:3441} INFO - Setting next_dagrun for defaultargs to 2023-05-27T14:30:00+00:00, run_after=2023-05-27T15:30:00+00:00
[2023-05-27T16:29:54.786+0000] {processor.py:175} INFO - Processing /opt/airflow/dags/defaultargs.py took 0.137 seconds
[2023-05-27T16:30:25.546+0000] {processor.py:153} INFO - Started process (PID=310) to work on /opt/airflow/dags/defaultargs.py
[2023-05-27T16:30:25.547+0000] {processor.py:743} INFO - Processing file /opt/airflow/dags/defaultargs.py for tasks to queue
[2023-05-27T16:30:25.547+0000] {logging_mixin.py:137} INFO - [2023-05-27T16:30:25.547+0000] {dagbag.py:538} INFO - Filling up the DagBag from /opt/airflow/dags/defaultargs.py
[2023-05-27T16:30:25.571+0000] {processor.py:753} INFO - DAG(s) dict_keys(['defaultargs']) retrieved from /opt/airflow/dags/defaultargs.py
[2023-05-27T16:30:25.604+0000] {logging_mixin.py:137} INFO - [2023-05-27T16:30:25.604+0000] {dag.py:2690} INFO - Sync 1 DAGs
[2023-05-27T16:30:25.651+0000] {logging_mixin.py:137} INFO - [2023-05-27T16:30:25.651+0000] {dag.py:3441} INFO - Setting next_dagrun for defaultargs to 2023-05-27T15:30:00+00:00, run_after=2023-05-27T16:30:00+00:00
[2023-05-27T16:30:25.679+0000] {processor.py:175} INFO - Processing /opt/airflow/dags/defaultargs.py took 0.136 seconds
[2023-05-27T16:30:56.519+0000] {processor.py:153} INFO - Started process (PID=342) to work on /opt/airflow/dags/defaultargs.py
[2023-05-27T16:30:56.520+0000] {processor.py:743} INFO - Processing file /opt/airflow/dags/defaultargs.py for tasks to queue
[2023-05-27T16:30:56.521+0000] {logging_mixin.py:137} INFO - [2023-05-27T16:30:56.521+0000] {dagbag.py:538} INFO - Filling up the DagBag from /opt/airflow/dags/defaultargs.py
[2023-05-27T16:30:56.549+0000] {processor.py:753} INFO - DAG(s) dict_keys(['defaultargs']) retrieved from /opt/airflow/dags/defaultargs.py
[2023-05-27T16:30:56.592+0000] {logging_mixin.py:137} INFO - [2023-05-27T16:30:56.591+0000] {dag.py:2690} INFO - Sync 1 DAGs
[2023-05-27T16:30:56.645+0000] {logging_mixin.py:137} INFO - [2023-05-27T16:30:56.645+0000] {dag.py:3441} INFO - Setting next_dagrun for defaultargs to 2023-05-27T15:30:00+00:00, run_after=2023-05-27T16:30:00+00:00
[2023-05-27T16:30:56.676+0000] {processor.py:175} INFO - Processing /opt/airflow/dags/defaultargs.py took 0.161 seconds
[2023-05-27T16:31:27.539+0000] {processor.py:153} INFO - Started process (PID=387) to work on /opt/airflow/dags/defaultargs.py
[2023-05-27T16:31:27.540+0000] {processor.py:743} INFO - Processing file /opt/airflow/dags/defaultargs.py for tasks to queue
[2023-05-27T16:31:27.541+0000] {logging_mixin.py:137} INFO - [2023-05-27T16:31:27.540+0000] {dagbag.py:538} INFO - Filling up the DagBag from /opt/airflow/dags/defaultargs.py
[2023-05-27T16:31:27.557+0000] {processor.py:753} INFO - DAG(s) dict_keys(['defaultargs']) retrieved from /opt/airflow/dags/defaultargs.py
[2023-05-27T16:31:27.585+0000] {logging_mixin.py:137} INFO - [2023-05-27T16:31:27.584+0000] {dag.py:2690} INFO - Sync 1 DAGs
[2023-05-27T16:31:27.615+0000] {logging_mixin.py:137} INFO - [2023-05-27T16:31:27.615+0000] {dag.py:3441} INFO - Setting next_dagrun for defaultargs to 2023-05-27T15:30:00+00:00, run_after=2023-05-27T16:30:00+00:00
[2023-05-27T16:31:27.638+0000] {processor.py:175} INFO - Processing /opt/airflow/dags/defaultargs.py took 0.104 seconds
[2023-05-27T16:31:57.990+0000] {processor.py:153} INFO - Started process (PID=419) to work on /opt/airflow/dags/defaultargs.py
[2023-05-27T16:31:57.991+0000] {processor.py:743} INFO - Processing file /opt/airflow/dags/defaultargs.py for tasks to queue
[2023-05-27T16:31:57.992+0000] {logging_mixin.py:137} INFO - [2023-05-27T16:31:57.992+0000] {dagbag.py:538} INFO - Filling up the DagBag from /opt/airflow/dags/defaultargs.py
[2023-05-27T16:31:58.015+0000] {processor.py:753} INFO - DAG(s) dict_keys(['defaultargs']) retrieved from /opt/airflow/dags/defaultargs.py
[2023-05-27T16:31:58.046+0000] {logging_mixin.py:137} INFO - [2023-05-27T16:31:58.046+0000] {dag.py:2690} INFO - Sync 1 DAGs
[2023-05-27T16:31:58.092+0000] {logging_mixin.py:137} INFO - [2023-05-27T16:31:58.092+0000] {dag.py:3441} INFO - Setting next_dagrun for defaultargs to 2023-05-27T15:30:00+00:00, run_after=2023-05-27T16:30:00+00:00
[2023-05-27T16:31:58.122+0000] {processor.py:175} INFO - Processing /opt/airflow/dags/defaultargs.py took 0.135 seconds
[2023-05-27T16:32:28.314+0000] {processor.py:153} INFO - Started process (PID=454) to work on /opt/airflow/dags/defaultargs.py
[2023-05-27T16:32:28.315+0000] {processor.py:743} INFO - Processing file /opt/airflow/dags/defaultargs.py for tasks to queue
[2023-05-27T16:32:28.316+0000] {logging_mixin.py:137} INFO - [2023-05-27T16:32:28.316+0000] {dagbag.py:538} INFO - Filling up the DagBag from /opt/airflow/dags/defaultargs.py
[2023-05-27T16:32:28.342+0000] {processor.py:753} INFO - DAG(s) dict_keys(['defaultargs']) retrieved from /opt/airflow/dags/defaultargs.py
[2023-05-27T16:32:28.388+0000] {logging_mixin.py:137} INFO - [2023-05-27T16:32:28.387+0000] {dag.py:2690} INFO - Sync 1 DAGs
[2023-05-27T16:32:28.448+0000] {logging_mixin.py:137} INFO - [2023-05-27T16:32:28.448+0000] {dag.py:3441} INFO - Setting next_dagrun for defaultargs to 2023-05-27T15:30:00+00:00, run_after=2023-05-27T16:30:00+00:00
[2023-05-27T16:32:28.483+0000] {processor.py:175} INFO - Processing /opt/airflow/dags/defaultargs.py took 0.177 seconds
[2023-05-27T16:32:58.765+0000] {processor.py:153} INFO - Started process (PID=493) to work on /opt/airflow/dags/defaultargs.py
[2023-05-27T16:32:58.766+0000] {processor.py:743} INFO - Processing file /opt/airflow/dags/defaultargs.py for tasks to queue
[2023-05-27T16:32:58.766+0000] {logging_mixin.py:137} INFO - [2023-05-27T16:32:58.766+0000] {dagbag.py:538} INFO - Filling up the DagBag from /opt/airflow/dags/defaultargs.py
[2023-05-27T16:32:58.782+0000] {processor.py:753} INFO - DAG(s) dict_keys(['defaultargs']) retrieved from /opt/airflow/dags/defaultargs.py
[2023-05-27T16:32:58.811+0000] {logging_mixin.py:137} INFO - [2023-05-27T16:32:58.811+0000] {dag.py:2690} INFO - Sync 1 DAGs
[2023-05-27T16:32:58.842+0000] {logging_mixin.py:137} INFO - [2023-05-27T16:32:58.842+0000] {dag.py:3441} INFO - Setting next_dagrun for defaultargs to 2023-05-27T15:30:00+00:00, run_after=2023-05-27T16:30:00+00:00
[2023-05-27T16:32:58.863+0000] {processor.py:175} INFO - Processing /opt/airflow/dags/defaultargs.py took 0.100 seconds
[2023-05-27T16:33:29.699+0000] {processor.py:153} INFO - Started process (PID=524) to work on /opt/airflow/dags/defaultargs.py
[2023-05-27T16:33:29.700+0000] {processor.py:743} INFO - Processing file /opt/airflow/dags/defaultargs.py for tasks to queue
[2023-05-27T16:33:29.701+0000] {logging_mixin.py:137} INFO - [2023-05-27T16:33:29.701+0000] {dagbag.py:538} INFO - Filling up the DagBag from /opt/airflow/dags/defaultargs.py
[2023-05-27T16:33:29.727+0000] {processor.py:753} INFO - DAG(s) dict_keys(['defaultargs']) retrieved from /opt/airflow/dags/defaultargs.py
[2023-05-27T16:33:29.776+0000] {logging_mixin.py:137} INFO - [2023-05-27T16:33:29.776+0000] {dag.py:2690} INFO - Sync 1 DAGs
[2023-05-27T16:33:29.809+0000] {logging_mixin.py:137} INFO - [2023-05-27T16:33:29.809+0000] {dag.py:3441} INFO - Setting next_dagrun for defaultargs to 2023-05-27T15:30:00+00:00, run_after=2023-05-27T16:30:00+00:00
[2023-05-27T16:33:29.832+0000] {processor.py:175} INFO - Processing /opt/airflow/dags/defaultargs.py took 0.136 seconds
[2023-05-27T16:34:00.293+0000] {processor.py:153} INFO - Started process (PID=568) to work on /opt/airflow/dags/defaultargs.py
[2023-05-27T16:34:00.294+0000] {processor.py:743} INFO - Processing file /opt/airflow/dags/defaultargs.py for tasks to queue
[2023-05-27T16:34:00.295+0000] {logging_mixin.py:137} INFO - [2023-05-27T16:34:00.295+0000] {dagbag.py:538} INFO - Filling up the DagBag from /opt/airflow/dags/defaultargs.py
[2023-05-27T16:34:00.311+0000] {processor.py:753} INFO - DAG(s) dict_keys(['defaultargs']) retrieved from /opt/airflow/dags/defaultargs.py
[2023-05-27T16:34:00.337+0000] {logging_mixin.py:137} INFO - [2023-05-27T16:34:00.337+0000] {dag.py:2690} INFO - Sync 1 DAGs
[2023-05-27T16:34:00.365+0000] {logging_mixin.py:137} INFO - [2023-05-27T16:34:00.365+0000] {dag.py:3441} INFO - Setting next_dagrun for defaultargs to 2023-05-27T15:30:00+00:00, run_after=2023-05-27T16:30:00+00:00
[2023-05-27T16:34:00.386+0000] {processor.py:175} INFO - Processing /opt/airflow/dags/defaultargs.py took 0.097 seconds
[2023-05-27T16:34:30.736+0000] {processor.py:153} INFO - Started process (PID=600) to work on /opt/airflow/dags/defaultargs.py
[2023-05-27T16:34:30.736+0000] {processor.py:743} INFO - Processing file /opt/airflow/dags/defaultargs.py for tasks to queue
[2023-05-27T16:34:30.737+0000] {logging_mixin.py:137} INFO - [2023-05-27T16:34:30.737+0000] {dagbag.py:538} INFO - Filling up the DagBag from /opt/airflow/dags/defaultargs.py
[2023-05-27T16:34:30.755+0000] {processor.py:753} INFO - DAG(s) dict_keys(['defaultargs']) retrieved from /opt/airflow/dags/defaultargs.py
[2023-05-27T16:34:30.786+0000] {logging_mixin.py:137} INFO - [2023-05-27T16:34:30.786+0000] {dag.py:2690} INFO - Sync 1 DAGs
[2023-05-27T16:34:30.827+0000] {logging_mixin.py:137} INFO - [2023-05-27T16:34:30.826+0000] {dag.py:3441} INFO - Setting next_dagrun for defaultargs to 2023-05-27T15:30:00+00:00, run_after=2023-05-27T16:30:00+00:00
[2023-05-27T16:34:30.848+0000] {processor.py:175} INFO - Processing /opt/airflow/dags/defaultargs.py took 0.116 seconds
[2023-05-27T16:35:01.231+0000] {processor.py:153} INFO - Started process (PID=639) to work on /opt/airflow/dags/defaultargs.py
[2023-05-27T16:35:01.232+0000] {processor.py:743} INFO - Processing file /opt/airflow/dags/defaultargs.py for tasks to queue
[2023-05-27T16:35:01.234+0000] {logging_mixin.py:137} INFO - [2023-05-27T16:35:01.233+0000] {dagbag.py:538} INFO - Filling up the DagBag from /opt/airflow/dags/defaultargs.py
[2023-05-27T16:35:01.260+0000] {processor.py:753} INFO - DAG(s) dict_keys(['defaultargs']) retrieved from /opt/airflow/dags/defaultargs.py
[2023-05-27T16:35:01.294+0000] {logging_mixin.py:137} INFO - [2023-05-27T16:35:01.294+0000] {dag.py:2690} INFO - Sync 1 DAGs
[2023-05-27T16:35:01.342+0000] {logging_mixin.py:137} INFO - [2023-05-27T16:35:01.342+0000] {dag.py:3441} INFO - Setting next_dagrun for defaultargs to 2023-05-27T15:30:00+00:00, run_after=2023-05-27T16:30:00+00:00
[2023-05-27T16:35:01.368+0000] {processor.py:175} INFO - Processing /opt/airflow/dags/defaultargs.py took 0.142 seconds
[2023-05-27T16:35:32.223+0000] {processor.py:153} INFO - Started process (PID=676) to work on /opt/airflow/dags/defaultargs.py
[2023-05-27T16:35:32.223+0000] {processor.py:743} INFO - Processing file /opt/airflow/dags/defaultargs.py for tasks to queue
[2023-05-27T16:35:32.224+0000] {logging_mixin.py:137} INFO - [2023-05-27T16:35:32.224+0000] {dagbag.py:538} INFO - Filling up the DagBag from /opt/airflow/dags/defaultargs.py
[2023-05-27T16:35:32.240+0000] {processor.py:753} INFO - DAG(s) dict_keys(['defaultargs']) retrieved from /opt/airflow/dags/defaultargs.py
[2023-05-27T16:35:32.263+0000] {logging_mixin.py:137} INFO - [2023-05-27T16:35:32.263+0000] {dag.py:2690} INFO - Sync 1 DAGs
[2023-05-27T16:35:32.290+0000] {logging_mixin.py:137} INFO - [2023-05-27T16:35:32.290+0000] {dag.py:3441} INFO - Setting next_dagrun for defaultargs to 2023-05-27T15:30:00+00:00, run_after=2023-05-27T16:30:00+00:00
[2023-05-27T16:35:32.309+0000] {processor.py:175} INFO - Processing /opt/airflow/dags/defaultargs.py took 0.090 seconds
[2023-05-27T16:36:03.255+0000] {processor.py:153} INFO - Started process (PID=718) to work on /opt/airflow/dags/defaultargs.py
[2023-05-27T16:36:03.256+0000] {processor.py:743} INFO - Processing file /opt/airflow/dags/defaultargs.py for tasks to queue
[2023-05-27T16:36:03.257+0000] {logging_mixin.py:137} INFO - [2023-05-27T16:36:03.257+0000] {dagbag.py:538} INFO - Filling up the DagBag from /opt/airflow/dags/defaultargs.py
[2023-05-27T16:36:03.280+0000] {processor.py:753} INFO - DAG(s) dict_keys(['defaultargs']) retrieved from /opt/airflow/dags/defaultargs.py
[2023-05-27T16:36:03.309+0000] {logging_mixin.py:137} INFO - [2023-05-27T16:36:03.309+0000] {dag.py:2690} INFO - Sync 1 DAGs
[2023-05-27T16:36:03.337+0000] {logging_mixin.py:137} INFO - [2023-05-27T16:36:03.336+0000] {dag.py:3441} INFO - Setting next_dagrun for defaultargs to 2023-05-27T15:30:00+00:00, run_after=2023-05-27T16:30:00+00:00
[2023-05-27T16:36:03.364+0000] {processor.py:175} INFO - Processing /opt/airflow/dags/defaultargs.py took 0.113 seconds
[2023-05-27T16:36:34.280+0000] {processor.py:153} INFO - Started process (PID=753) to work on /opt/airflow/dags/defaultargs.py
[2023-05-27T16:36:34.282+0000] {processor.py:743} INFO - Processing file /opt/airflow/dags/defaultargs.py for tasks to queue
[2023-05-27T16:36:34.284+0000] {logging_mixin.py:137} INFO - [2023-05-27T16:36:34.284+0000] {dagbag.py:538} INFO - Filling up the DagBag from /opt/airflow/dags/defaultargs.py
[2023-05-27T16:36:34.304+0000] {processor.py:753} INFO - DAG(s) dict_keys(['defaultargs']) retrieved from /opt/airflow/dags/defaultargs.py
[2023-05-27T16:36:34.336+0000] {logging_mixin.py:137} INFO - [2023-05-27T16:36:34.336+0000] {dag.py:2690} INFO - Sync 1 DAGs
[2023-05-27T16:36:34.372+0000] {logging_mixin.py:137} INFO - [2023-05-27T16:36:34.372+0000] {dag.py:3441} INFO - Setting next_dagrun for defaultargs to 2023-05-27T15:30:00+00:00, run_after=2023-05-27T16:30:00+00:00
[2023-05-27T16:36:34.396+0000] {processor.py:175} INFO - Processing /opt/airflow/dags/defaultargs.py took 0.121 seconds
[2023-05-27T16:37:05.218+0000] {processor.py:153} INFO - Started process (PID=792) to work on /opt/airflow/dags/defaultargs.py
[2023-05-27T16:37:05.219+0000] {processor.py:743} INFO - Processing file /opt/airflow/dags/defaultargs.py for tasks to queue
[2023-05-27T16:37:05.221+0000] {logging_mixin.py:137} INFO - [2023-05-27T16:37:05.220+0000] {dagbag.py:538} INFO - Filling up the DagBag from /opt/airflow/dags/defaultargs.py
[2023-05-27T16:37:05.251+0000] {processor.py:753} INFO - DAG(s) dict_keys(['defaultargs']) retrieved from /opt/airflow/dags/defaultargs.py
[2023-05-27T16:37:05.296+0000] {logging_mixin.py:137} INFO - [2023-05-27T16:37:05.295+0000] {dag.py:2690} INFO - Sync 1 DAGs
[2023-05-27T16:37:05.348+0000] {logging_mixin.py:137} INFO - [2023-05-27T16:37:05.348+0000] {dag.py:3441} INFO - Setting next_dagrun for defaultargs to 2023-05-27T15:30:00+00:00, run_after=2023-05-27T16:30:00+00:00
[2023-05-27T16:37:05.388+0000] {processor.py:175} INFO - Processing /opt/airflow/dags/defaultargs.py took 0.173 seconds
[2023-05-27T16:37:36.300+0000] {processor.py:153} INFO - Started process (PID=831) to work on /opt/airflow/dags/defaultargs.py
[2023-05-27T16:37:36.301+0000] {processor.py:743} INFO - Processing file /opt/airflow/dags/defaultargs.py for tasks to queue
[2023-05-27T16:37:36.302+0000] {logging_mixin.py:137} INFO - [2023-05-27T16:37:36.302+0000] {dagbag.py:538} INFO - Filling up the DagBag from /opt/airflow/dags/defaultargs.py
[2023-05-27T16:37:36.325+0000] {processor.py:753} INFO - DAG(s) dict_keys(['defaultargs']) retrieved from /opt/airflow/dags/defaultargs.py
[2023-05-27T16:37:36.358+0000] {logging_mixin.py:137} INFO - [2023-05-27T16:37:36.357+0000] {dag.py:2690} INFO - Sync 1 DAGs
[2023-05-27T16:37:36.391+0000] {logging_mixin.py:137} INFO - [2023-05-27T16:37:36.391+0000] {dag.py:3441} INFO - Setting next_dagrun for defaultargs to 2023-05-27T15:30:00+00:00, run_after=2023-05-27T16:30:00+00:00
[2023-05-27T16:37:36.409+0000] {processor.py:175} INFO - Processing /opt/airflow/dags/defaultargs.py took 0.112 seconds
[2023-05-27T16:38:06.797+0000] {processor.py:153} INFO - Started process (PID=872) to work on /opt/airflow/dags/defaultargs.py
[2023-05-27T16:38:06.798+0000] {processor.py:743} INFO - Processing file /opt/airflow/dags/defaultargs.py for tasks to queue
[2023-05-27T16:38:06.799+0000] {logging_mixin.py:137} INFO - [2023-05-27T16:38:06.799+0000] {dagbag.py:538} INFO - Filling up the DagBag from /opt/airflow/dags/defaultargs.py
[2023-05-27T16:38:06.814+0000] {processor.py:753} INFO - DAG(s) dict_keys(['defaultargs']) retrieved from /opt/airflow/dags/defaultargs.py
[2023-05-27T16:38:06.841+0000] {logging_mixin.py:137} INFO - [2023-05-27T16:38:06.840+0000] {dag.py:2690} INFO - Sync 1 DAGs
[2023-05-27T16:38:06.873+0000] {logging_mixin.py:137} INFO - [2023-05-27T16:38:06.873+0000] {dag.py:3441} INFO - Setting next_dagrun for defaultargs to 2023-05-27T15:30:00+00:00, run_after=2023-05-27T16:30:00+00:00
[2023-05-27T16:38:06.898+0000] {processor.py:175} INFO - Processing /opt/airflow/dags/defaultargs.py took 0.105 seconds
[2023-05-27T16:38:37.748+0000] {processor.py:153} INFO - Started process (PID=909) to work on /opt/airflow/dags/defaultargs.py
[2023-05-27T16:38:37.749+0000] {processor.py:743} INFO - Processing file /opt/airflow/dags/defaultargs.py for tasks to queue
[2023-05-27T16:38:37.750+0000] {logging_mixin.py:137} INFO - [2023-05-27T16:38:37.750+0000] {dagbag.py:538} INFO - Filling up the DagBag from /opt/airflow/dags/defaultargs.py
[2023-05-27T16:38:37.767+0000] {processor.py:753} INFO - DAG(s) dict_keys(['defaultargs']) retrieved from /opt/airflow/dags/defaultargs.py
[2023-05-27T16:38:37.793+0000] {logging_mixin.py:137} INFO - [2023-05-27T16:38:37.793+0000] {dag.py:2690} INFO - Sync 1 DAGs
[2023-05-27T16:38:37.833+0000] {logging_mixin.py:137} INFO - [2023-05-27T16:38:37.833+0000] {dag.py:3441} INFO - Setting next_dagrun for defaultargs to 2023-05-27T15:30:00+00:00, run_after=2023-05-27T16:30:00+00:00
[2023-05-27T16:38:37.856+0000] {processor.py:175} INFO - Processing /opt/airflow/dags/defaultargs.py took 0.113 seconds
[2023-05-27T16:39:07.956+0000] {processor.py:153} INFO - Started process (PID=948) to work on /opt/airflow/dags/defaultargs.py
[2023-05-27T16:39:07.957+0000] {processor.py:743} INFO - Processing file /opt/airflow/dags/defaultargs.py for tasks to queue
[2023-05-27T16:39:07.958+0000] {logging_mixin.py:137} INFO - [2023-05-27T16:39:07.958+0000] {dagbag.py:538} INFO - Filling up the DagBag from /opt/airflow/dags/defaultargs.py
[2023-05-27T16:39:07.981+0000] {processor.py:753} INFO - DAG(s) dict_keys(['defaultargs']) retrieved from /opt/airflow/dags/defaultargs.py
[2023-05-27T16:39:08.012+0000] {logging_mixin.py:137} INFO - [2023-05-27T16:39:08.012+0000] {dag.py:2690} INFO - Sync 1 DAGs
[2023-05-27T16:39:08.055+0000] {logging_mixin.py:137} INFO - [2023-05-27T16:39:08.055+0000] {dag.py:3441} INFO - Setting next_dagrun for defaultargs to 2023-05-27T15:30:00+00:00, run_after=2023-05-27T16:30:00+00:00
[2023-05-27T16:39:08.079+0000] {processor.py:175} INFO - Processing /opt/airflow/dags/defaultargs.py took 0.126 seconds
[2023-05-27T16:39:39.051+0000] {processor.py:153} INFO - Started process (PID=985) to work on /opt/airflow/dags/defaultargs.py
[2023-05-27T16:39:39.052+0000] {processor.py:743} INFO - Processing file /opt/airflow/dags/defaultargs.py for tasks to queue
[2023-05-27T16:39:39.053+0000] {logging_mixin.py:137} INFO - [2023-05-27T16:39:39.053+0000] {dagbag.py:538} INFO - Filling up the DagBag from /opt/airflow/dags/defaultargs.py
[2023-05-27T16:39:39.077+0000] {processor.py:753} INFO - DAG(s) dict_keys(['defaultargs']) retrieved from /opt/airflow/dags/defaultargs.py
[2023-05-27T16:39:39.121+0000] {logging_mixin.py:137} INFO - [2023-05-27T16:39:39.120+0000] {dag.py:2690} INFO - Sync 1 DAGs
[2023-05-27T16:39:39.166+0000] {logging_mixin.py:137} INFO - [2023-05-27T16:39:39.166+0000] {dag.py:3441} INFO - Setting next_dagrun for defaultargs to 2023-05-27T15:30:00+00:00, run_after=2023-05-27T16:30:00+00:00
[2023-05-27T16:39:39.193+0000] {processor.py:175} INFO - Processing /opt/airflow/dags/defaultargs.py took 0.147 seconds
[2023-05-27T16:40:10.069+0000] {processor.py:153} INFO - Started process (PID=1017) to work on /opt/airflow/dags/defaultargs.py
[2023-05-27T16:40:10.074+0000] {processor.py:743} INFO - Processing file /opt/airflow/dags/defaultargs.py for tasks to queue
[2023-05-27T16:40:10.075+0000] {logging_mixin.py:137} INFO - [2023-05-27T16:40:10.075+0000] {dagbag.py:538} INFO - Filling up the DagBag from /opt/airflow/dags/defaultargs.py
[2023-05-27T16:40:10.156+0000] {processor.py:753} INFO - DAG(s) dict_keys(['defaultargs']) retrieved from /opt/airflow/dags/defaultargs.py
[2023-05-27T16:40:10.270+0000] {logging_mixin.py:137} INFO - [2023-05-27T16:40:10.269+0000] {dag.py:2690} INFO - Sync 1 DAGs
[2023-05-27T16:40:10.413+0000] {logging_mixin.py:137} INFO - [2023-05-27T16:40:10.413+0000] {dag.py:3441} INFO - Setting next_dagrun for defaultargs to 2023-05-27T15:30:00+00:00, run_after=2023-05-27T16:30:00+00:00
[2023-05-27T16:40:10.488+0000] {processor.py:175} INFO - Processing /opt/airflow/dags/defaultargs.py took 0.429 seconds
[2023-05-27T16:40:40.941+0000] {processor.py:153} INFO - Started process (PID=1055) to work on /opt/airflow/dags/defaultargs.py
[2023-05-27T16:40:40.943+0000] {processor.py:743} INFO - Processing file /opt/airflow/dags/defaultargs.py for tasks to queue
[2023-05-27T16:40:40.944+0000] {logging_mixin.py:137} INFO - [2023-05-27T16:40:40.944+0000] {dagbag.py:538} INFO - Filling up the DagBag from /opt/airflow/dags/defaultargs.py
[2023-05-27T16:40:40.977+0000] {processor.py:753} INFO - DAG(s) dict_keys(['defaultargs']) retrieved from /opt/airflow/dags/defaultargs.py
[2023-05-27T16:40:41.023+0000] {logging_mixin.py:137} INFO - [2023-05-27T16:40:41.023+0000] {dag.py:2690} INFO - Sync 1 DAGs
[2023-05-27T16:40:41.082+0000] {logging_mixin.py:137} INFO - [2023-05-27T16:40:41.082+0000] {dag.py:3441} INFO - Setting next_dagrun for defaultargs to 2023-05-27T15:30:00+00:00, run_after=2023-05-27T16:30:00+00:00
[2023-05-27T16:40:41.121+0000] {processor.py:175} INFO - Processing /opt/airflow/dags/defaultargs.py took 0.188 seconds
[2023-05-27T16:41:11.610+0000] {processor.py:153} INFO - Started process (PID=1092) to work on /opt/airflow/dags/defaultargs.py
[2023-05-27T16:41:11.614+0000] {processor.py:743} INFO - Processing file /opt/airflow/dags/defaultargs.py for tasks to queue
[2023-05-27T16:41:11.615+0000] {logging_mixin.py:137} INFO - [2023-05-27T16:41:11.615+0000] {dagbag.py:538} INFO - Filling up the DagBag from /opt/airflow/dags/defaultargs.py
[2023-05-27T16:41:11.656+0000] {processor.py:753} INFO - DAG(s) dict_keys(['defaultargs']) retrieved from /opt/airflow/dags/defaultargs.py
[2023-05-27T16:41:11.709+0000] {logging_mixin.py:137} INFO - [2023-05-27T16:41:11.709+0000] {dag.py:2690} INFO - Sync 1 DAGs
[2023-05-27T16:41:11.765+0000] {logging_mixin.py:137} INFO - [2023-05-27T16:41:11.765+0000] {dag.py:3441} INFO - Setting next_dagrun for defaultargs to 2023-05-27T15:30:00+00:00, run_after=2023-05-27T16:30:00+00:00
[2023-05-27T16:41:11.817+0000] {processor.py:175} INFO - Processing /opt/airflow/dags/defaultargs.py took 0.211 seconds
[2023-05-27T16:41:43.195+0000] {processor.py:153} INFO - Started process (PID=1120) to work on /opt/airflow/dags/defaultargs.py
[2023-05-27T16:41:43.304+0000] {processor.py:743} INFO - Processing file /opt/airflow/dags/defaultargs.py for tasks to queue
[2023-05-27T16:41:43.361+0000] {logging_mixin.py:137} INFO - [2023-05-27T16:41:43.361+0000] {dagbag.py:538} INFO - Filling up the DagBag from /opt/airflow/dags/defaultargs.py
[2023-05-27T16:41:51.895+0000] {processor.py:753} INFO - DAG(s) dict_keys(['defaultargs']) retrieved from /opt/airflow/dags/defaultargs.py
[2023-05-27T16:41:56.840+0000] {logging_mixin.py:137} INFO - [2023-05-27T16:41:56.840+0000] {dag.py:2690} INFO - Sync 1 DAGs
[2023-05-27T16:41:57.227+0000] {logging_mixin.py:137} INFO - [2023-05-27T16:41:57.227+0000] {dag.py:3441} INFO - Setting next_dagrun for defaultargs to 2023-05-27T15:30:00+00:00, run_after=2023-05-27T16:30:00+00:00
[2023-05-27T16:41:57.440+0000] {processor.py:175} INFO - Processing /opt/airflow/dags/defaultargs.py took 14.249 seconds
[2023-05-27T16:42:28.120+0000] {processor.py:153} INFO - Started process (PID=1157) to work on /opt/airflow/dags/defaultargs.py
[2023-05-27T16:42:28.121+0000] {processor.py:743} INFO - Processing file /opt/airflow/dags/defaultargs.py for tasks to queue
[2023-05-27T16:42:28.122+0000] {logging_mixin.py:137} INFO - [2023-05-27T16:42:28.122+0000] {dagbag.py:538} INFO - Filling up the DagBag from /opt/airflow/dags/defaultargs.py
[2023-05-27T16:42:28.155+0000] {processor.py:753} INFO - DAG(s) dict_keys(['defaultargs']) retrieved from /opt/airflow/dags/defaultargs.py
[2023-05-27T16:42:28.213+0000] {logging_mixin.py:137} INFO - [2023-05-27T16:42:28.212+0000] {dag.py:2690} INFO - Sync 1 DAGs
[2023-05-27T16:42:28.273+0000] {logging_mixin.py:137} INFO - [2023-05-27T16:42:28.273+0000] {dag.py:3441} INFO - Setting next_dagrun for defaultargs to 2023-05-27T15:30:00+00:00, run_after=2023-05-27T16:30:00+00:00
[2023-05-27T16:42:28.312+0000] {processor.py:175} INFO - Processing /opt/airflow/dags/defaultargs.py took 0.197 seconds
[2023-05-27T16:42:59.062+0000] {processor.py:153} INFO - Started process (PID=1187) to work on /opt/airflow/dags/defaultargs.py
[2023-05-27T16:42:59.064+0000] {processor.py:743} INFO - Processing file /opt/airflow/dags/defaultargs.py for tasks to queue
[2023-05-27T16:42:59.065+0000] {logging_mixin.py:137} INFO - [2023-05-27T16:42:59.065+0000] {dagbag.py:538} INFO - Filling up the DagBag from /opt/airflow/dags/defaultargs.py
[2023-05-27T16:42:59.109+0000] {processor.py:753} INFO - DAG(s) dict_keys(['defaultargs']) retrieved from /opt/airflow/dags/defaultargs.py
[2023-05-27T16:42:59.206+0000] {logging_mixin.py:137} INFO - [2023-05-27T16:42:59.206+0000] {dag.py:2690} INFO - Sync 1 DAGs
[2023-05-27T16:42:59.293+0000] {logging_mixin.py:137} INFO - [2023-05-27T16:42:59.293+0000] {dag.py:3441} INFO - Setting next_dagrun for defaultargs to 2023-05-27T15:30:00+00:00, run_after=2023-05-27T16:30:00+00:00
[2023-05-27T16:42:59.388+0000] {processor.py:175} INFO - Processing /opt/airflow/dags/defaultargs.py took 0.339 seconds
[2023-05-27T16:43:29.542+0000] {processor.py:153} INFO - Started process (PID=1219) to work on /opt/airflow/dags/defaultargs.py
[2023-05-27T16:43:29.543+0000] {processor.py:743} INFO - Processing file /opt/airflow/dags/defaultargs.py for tasks to queue
[2023-05-27T16:43:29.546+0000] {logging_mixin.py:137} INFO - [2023-05-27T16:43:29.545+0000] {dagbag.py:538} INFO - Filling up the DagBag from /opt/airflow/dags/defaultargs.py
[2023-05-27T16:43:29.574+0000] {processor.py:753} INFO - DAG(s) dict_keys(['defaultargs']) retrieved from /opt/airflow/dags/defaultargs.py
[2023-05-27T16:43:29.620+0000] {logging_mixin.py:137} INFO - [2023-05-27T16:43:29.620+0000] {dag.py:2690} INFO - Sync 1 DAGs
[2023-05-27T16:43:29.715+0000] {logging_mixin.py:137} INFO - [2023-05-27T16:43:29.714+0000] {dag.py:3441} INFO - Setting next_dagrun for defaultargs to 2023-05-27T15:30:00+00:00, run_after=2023-05-27T16:30:00+00:00
[2023-05-27T16:43:29.766+0000] {processor.py:175} INFO - Processing /opt/airflow/dags/defaultargs.py took 0.237 seconds
[2023-05-27T16:44:00.092+0000] {processor.py:153} INFO - Started process (PID=1263) to work on /opt/airflow/dags/defaultargs.py
[2023-05-27T16:44:00.095+0000] {processor.py:743} INFO - Processing file /opt/airflow/dags/defaultargs.py for tasks to queue
[2023-05-27T16:44:00.102+0000] {logging_mixin.py:137} INFO - [2023-05-27T16:44:00.101+0000] {dagbag.py:538} INFO - Filling up the DagBag from /opt/airflow/dags/defaultargs.py
[2023-05-27T16:44:00.125+0000] {processor.py:753} INFO - DAG(s) dict_keys(['defaultargs']) retrieved from /opt/airflow/dags/defaultargs.py
[2023-05-27T16:44:00.162+0000] {logging_mixin.py:137} INFO - [2023-05-27T16:44:00.162+0000] {dag.py:2690} INFO - Sync 1 DAGs
[2023-05-27T16:44:00.208+0000] {logging_mixin.py:137} INFO - [2023-05-27T16:44:00.208+0000] {dag.py:3441} INFO - Setting next_dagrun for defaultargs to 2023-05-27T15:30:00+00:00, run_after=2023-05-27T16:30:00+00:00
[2023-05-27T16:44:00.241+0000] {processor.py:175} INFO - Processing /opt/airflow/dags/defaultargs.py took 0.153 seconds
[2023-05-27T16:44:30.684+0000] {processor.py:153} INFO - Started process (PID=1295) to work on /opt/airflow/dags/defaultargs.py
[2023-05-27T16:44:30.686+0000] {processor.py:743} INFO - Processing file /opt/airflow/dags/defaultargs.py for tasks to queue
[2023-05-27T16:44:30.689+0000] {logging_mixin.py:137} INFO - [2023-05-27T16:44:30.688+0000] {dagbag.py:538} INFO - Filling up the DagBag from /opt/airflow/dags/defaultargs.py
[2023-05-27T16:44:30.791+0000] {processor.py:753} INFO - DAG(s) dict_keys(['defaultargs']) retrieved from /opt/airflow/dags/defaultargs.py
[2023-05-27T16:44:30.873+0000] {logging_mixin.py:137} INFO - [2023-05-27T16:44:30.872+0000] {dag.py:2690} INFO - Sync 1 DAGs
[2023-05-27T16:44:30.973+0000] {logging_mixin.py:137} INFO - [2023-05-27T16:44:30.972+0000] {dag.py:3441} INFO - Setting next_dagrun for defaultargs to 2023-05-27T15:30:00+00:00, run_after=2023-05-27T16:30:00+00:00
[2023-05-27T16:44:31.025+0000] {processor.py:175} INFO - Processing /opt/airflow/dags/defaultargs.py took 0.346 seconds
[2023-05-27T16:45:02.963+0000] {processor.py:153} INFO - Started process (PID=1322) to work on /opt/airflow/dags/defaultargs.py
[2023-05-27T16:45:02.978+0000] {processor.py:743} INFO - Processing file /opt/airflow/dags/defaultargs.py for tasks to queue
[2023-05-27T16:45:02.979+0000] {logging_mixin.py:137} INFO - [2023-05-27T16:45:02.979+0000] {dagbag.py:538} INFO - Filling up the DagBag from /opt/airflow/dags/defaultargs.py
[2023-05-27T16:45:03.281+0000] {processor.py:753} INFO - DAG(s) dict_keys(['defaultargs']) retrieved from /opt/airflow/dags/defaultargs.py
[2023-05-27T16:45:03.586+0000] {logging_mixin.py:137} INFO - [2023-05-27T16:45:03.586+0000] {dag.py:2690} INFO - Sync 1 DAGs
[2023-05-27T16:45:03.746+0000] {logging_mixin.py:137} INFO - [2023-05-27T16:45:03.743+0000] {dag.py:3441} INFO - Setting next_dagrun for defaultargs to 2023-05-27T15:30:00+00:00, run_after=2023-05-27T16:30:00+00:00
[2023-05-27T16:45:03.841+0000] {processor.py:175} INFO - Processing /opt/airflow/dags/defaultargs.py took 0.884 seconds
[2023-05-27T16:45:35.045+0000] {processor.py:153} INFO - Started process (PID=1343) to work on /opt/airflow/dags/defaultargs.py
[2023-05-27T16:45:35.087+0000] {processor.py:743} INFO - Processing file /opt/airflow/dags/defaultargs.py for tasks to queue
[2023-05-27T16:45:35.099+0000] {logging_mixin.py:137} INFO - [2023-05-27T16:45:35.099+0000] {dagbag.py:538} INFO - Filling up the DagBag from /opt/airflow/dags/defaultargs.py
[2023-05-27T16:45:36.499+0000] {processor.py:753} INFO - DAG(s) dict_keys(['defaultargs']) retrieved from /opt/airflow/dags/defaultargs.py
[2023-05-27T16:45:38.796+0000] {logging_mixin.py:137} INFO - [2023-05-27T16:45:38.776+0000] {dag.py:2690} INFO - Sync 1 DAGs
[2023-05-27T16:45:39.013+0000] {logging_mixin.py:137} INFO - [2023-05-27T16:45:39.012+0000] {dag.py:3441} INFO - Setting next_dagrun for defaultargs to 2023-05-27T15:30:00+00:00, run_after=2023-05-27T16:30:00+00:00
[2023-05-27T16:46:28.214+0000] {processor.py:175} INFO - Processing /opt/airflow/dags/defaultargs.py took 52.839 seconds
[2023-05-27T16:47:27.697+0000] {processor.py:153} INFO - Started process (PID=1356) to work on /opt/airflow/dags/defaultargs.py
[2023-05-27T16:47:27.742+0000] {processor.py:743} INFO - Processing file /opt/airflow/dags/defaultargs.py for tasks to queue
[2023-05-27T16:47:27.743+0000] {logging_mixin.py:137} INFO - [2023-05-27T16:47:27.743+0000] {dagbag.py:538} INFO - Filling up the DagBag from /opt/airflow/dags/defaultargs.py
[2023-05-27T16:47:28.000+0000] {processor.py:753} INFO - DAG(s) dict_keys(['defaultargs']) retrieved from /opt/airflow/dags/defaultargs.py
[2023-05-27T16:47:28.608+0000] {logging_mixin.py:137} INFO - [2023-05-27T16:47:28.607+0000] {dag.py:2690} INFO - Sync 1 DAGs
[2023-05-27T16:47:28.824+0000] {logging_mixin.py:137} INFO - [2023-05-27T16:47:28.824+0000] {dag.py:3441} INFO - Setting next_dagrun for defaultargs to 2023-05-27T15:30:00+00:00, run_after=2023-05-27T16:30:00+00:00
[2023-05-27T16:47:28.922+0000] {processor.py:175} INFO - Processing /opt/airflow/dags/defaultargs.py took 1.229 seconds
[2023-05-27T16:47:59.189+0000] {processor.py:153} INFO - Started process (PID=1381) to work on /opt/airflow/dags/defaultargs.py
[2023-05-27T16:47:59.191+0000] {processor.py:743} INFO - Processing file /opt/airflow/dags/defaultargs.py for tasks to queue
[2023-05-27T16:47:59.192+0000] {logging_mixin.py:137} INFO - [2023-05-27T16:47:59.192+0000] {dagbag.py:538} INFO - Filling up the DagBag from /opt/airflow/dags/defaultargs.py
[2023-05-27T16:47:59.217+0000] {processor.py:753} INFO - DAG(s) dict_keys(['defaultargs']) retrieved from /opt/airflow/dags/defaultargs.py
[2023-05-27T16:47:59.243+0000] {logging_mixin.py:137} INFO - [2023-05-27T16:47:59.243+0000] {dag.py:2690} INFO - Sync 1 DAGs
[2023-05-27T16:47:59.272+0000] {logging_mixin.py:137} INFO - [2023-05-27T16:47:59.272+0000] {dag.py:3441} INFO - Setting next_dagrun for defaultargs to 2023-05-27T15:30:00+00:00, run_after=2023-05-27T16:30:00+00:00
[2023-05-27T16:47:59.316+0000] {processor.py:175} INFO - Processing /opt/airflow/dags/defaultargs.py took 0.130 seconds
[2023-05-27T16:48:29.816+0000] {processor.py:153} INFO - Started process (PID=1424) to work on /opt/airflow/dags/defaultargs.py
[2023-05-27T16:48:29.818+0000] {processor.py:743} INFO - Processing file /opt/airflow/dags/defaultargs.py for tasks to queue
[2023-05-27T16:48:29.819+0000] {logging_mixin.py:137} INFO - [2023-05-27T16:48:29.818+0000] {dagbag.py:538} INFO - Filling up the DagBag from /opt/airflow/dags/defaultargs.py
[2023-05-27T16:48:29.865+0000] {processor.py:753} INFO - DAG(s) dict_keys(['defaultargs']) retrieved from /opt/airflow/dags/defaultargs.py
[2023-05-27T16:48:29.913+0000] {logging_mixin.py:137} INFO - [2023-05-27T16:48:29.913+0000] {dag.py:2690} INFO - Sync 1 DAGs
[2023-05-27T16:48:29.963+0000] {logging_mixin.py:137} INFO - [2023-05-27T16:48:29.963+0000] {dag.py:3441} INFO - Setting next_dagrun for defaultargs to 2023-05-27T15:30:00+00:00, run_after=2023-05-27T16:30:00+00:00
[2023-05-27T16:48:30.007+0000] {processor.py:175} INFO - Processing /opt/airflow/dags/defaultargs.py took 0.201 seconds
[2023-05-27T16:49:00.356+0000] {processor.py:153} INFO - Started process (PID=1453) to work on /opt/airflow/dags/defaultargs.py
[2023-05-27T16:49:00.357+0000] {processor.py:743} INFO - Processing file /opt/airflow/dags/defaultargs.py for tasks to queue
[2023-05-27T16:49:00.358+0000] {logging_mixin.py:137} INFO - [2023-05-27T16:49:00.358+0000] {dagbag.py:538} INFO - Filling up the DagBag from /opt/airflow/dags/defaultargs.py
[2023-05-27T16:49:00.382+0000] {processor.py:753} INFO - DAG(s) dict_keys(['defaultargs']) retrieved from /opt/airflow/dags/defaultargs.py
[2023-05-27T16:49:00.427+0000] {logging_mixin.py:137} INFO - [2023-05-27T16:49:00.427+0000] {dag.py:2690} INFO - Sync 1 DAGs
[2023-05-27T16:49:00.472+0000] {logging_mixin.py:137} INFO - [2023-05-27T16:49:00.472+0000] {dag.py:3441} INFO - Setting next_dagrun for defaultargs to 2023-05-27T15:30:00+00:00, run_after=2023-05-27T16:30:00+00:00
[2023-05-27T16:49:00.653+0000] {processor.py:175} INFO - Processing /opt/airflow/dags/defaultargs.py took 0.301 seconds
[2023-05-27T16:49:31.524+0000] {processor.py:153} INFO - Started process (PID=1485) to work on /opt/airflow/dags/defaultargs.py
[2023-05-27T16:49:31.525+0000] {processor.py:743} INFO - Processing file /opt/airflow/dags/defaultargs.py for tasks to queue
[2023-05-27T16:49:31.525+0000] {logging_mixin.py:137} INFO - [2023-05-27T16:49:31.525+0000] {dagbag.py:538} INFO - Filling up the DagBag from /opt/airflow/dags/defaultargs.py
[2023-05-27T16:49:31.547+0000] {processor.py:753} INFO - DAG(s) dict_keys(['defaultargs']) retrieved from /opt/airflow/dags/defaultargs.py
[2023-05-27T16:49:31.576+0000] {logging_mixin.py:137} INFO - [2023-05-27T16:49:31.576+0000] {dag.py:2690} INFO - Sync 1 DAGs
[2023-05-27T16:49:31.611+0000] {logging_mixin.py:137} INFO - [2023-05-27T16:49:31.610+0000] {dag.py:3441} INFO - Setting next_dagrun for defaultargs to 2023-05-27T15:30:00+00:00, run_after=2023-05-27T16:30:00+00:00
[2023-05-27T16:49:31.851+0000] {processor.py:175} INFO - Processing /opt/airflow/dags/defaultargs.py took 0.331 seconds
[2023-05-27T16:50:02.438+0000] {processor.py:153} INFO - Started process (PID=1529) to work on /opt/airflow/dags/defaultargs.py
[2023-05-27T16:50:02.487+0000] {processor.py:743} INFO - Processing file /opt/airflow/dags/defaultargs.py for tasks to queue
[2023-05-27T16:50:02.488+0000] {logging_mixin.py:137} INFO - [2023-05-27T16:50:02.488+0000] {dagbag.py:538} INFO - Filling up the DagBag from /opt/airflow/dags/defaultargs.py
[2023-05-27T16:50:02.526+0000] {processor.py:753} INFO - DAG(s) dict_keys(['defaultargs']) retrieved from /opt/airflow/dags/defaultargs.py
[2023-05-27T16:50:02.604+0000] {logging_mixin.py:137} INFO - [2023-05-27T16:50:02.604+0000] {dag.py:2690} INFO - Sync 1 DAGs
[2023-05-27T16:50:02.688+0000] {logging_mixin.py:137} INFO - [2023-05-27T16:50:02.688+0000] {dag.py:3441} INFO - Setting next_dagrun for defaultargs to 2023-05-27T15:30:00+00:00, run_after=2023-05-27T16:30:00+00:00
[2023-05-27T16:50:02.998+0000] {processor.py:175} INFO - Processing /opt/airflow/dags/defaultargs.py took 0.565 seconds
[2023-05-27T16:50:33.339+0000] {processor.py:153} INFO - Started process (PID=1561) to work on /opt/airflow/dags/defaultargs.py
[2023-05-27T16:50:33.536+0000] {processor.py:743} INFO - Processing file /opt/airflow/dags/defaultargs.py for tasks to queue
[2023-05-27T16:50:33.537+0000] {logging_mixin.py:137} INFO - [2023-05-27T16:50:33.537+0000] {dagbag.py:538} INFO - Filling up the DagBag from /opt/airflow/dags/defaultargs.py
[2023-05-27T16:50:33.554+0000] {processor.py:753} INFO - DAG(s) dict_keys(['defaultargs']) retrieved from /opt/airflow/dags/defaultargs.py
[2023-05-27T16:50:33.580+0000] {logging_mixin.py:137} INFO - [2023-05-27T16:50:33.580+0000] {dag.py:2690} INFO - Sync 1 DAGs
[2023-05-27T16:50:33.605+0000] {logging_mixin.py:137} INFO - [2023-05-27T16:50:33.605+0000] {dag.py:3441} INFO - Setting next_dagrun for defaultargs to 2023-05-27T15:30:00+00:00, run_after=2023-05-27T16:30:00+00:00
[2023-05-27T16:50:33.804+0000] {processor.py:175} INFO - Processing /opt/airflow/dags/defaultargs.py took 0.469 seconds
[2023-05-27T16:51:04.045+0000] {processor.py:153} INFO - Started process (PID=1594) to work on /opt/airflow/dags/defaultargs.py
[2023-05-27T16:51:04.266+0000] {processor.py:743} INFO - Processing file /opt/airflow/dags/defaultargs.py for tasks to queue
[2023-05-27T16:51:04.267+0000] {logging_mixin.py:137} INFO - [2023-05-27T16:51:04.267+0000] {dagbag.py:538} INFO - Filling up the DagBag from /opt/airflow/dags/defaultargs.py
[2023-05-27T16:51:04.286+0000] {processor.py:753} INFO - DAG(s) dict_keys(['defaultargs']) retrieved from /opt/airflow/dags/defaultargs.py
[2023-05-27T16:51:04.309+0000] {logging_mixin.py:137} INFO - [2023-05-27T16:51:04.309+0000] {dag.py:2690} INFO - Sync 1 DAGs
[2023-05-27T16:51:04.335+0000] {logging_mixin.py:137} INFO - [2023-05-27T16:51:04.335+0000] {dag.py:3441} INFO - Setting next_dagrun for defaultargs to 2023-05-27T15:30:00+00:00, run_after=2023-05-27T16:30:00+00:00
[2023-05-27T16:51:04.417+0000] {processor.py:175} INFO - Processing /opt/airflow/dags/defaultargs.py took 0.375 seconds
[2023-05-27T16:51:35.125+0000] {processor.py:153} INFO - Started process (PID=1625) to work on /opt/airflow/dags/defaultargs.py
[2023-05-27T16:51:35.127+0000] {processor.py:743} INFO - Processing file /opt/airflow/dags/defaultargs.py for tasks to queue
[2023-05-27T16:51:35.128+0000] {logging_mixin.py:137} INFO - [2023-05-27T16:51:35.128+0000] {dagbag.py:538} INFO - Filling up the DagBag from /opt/airflow/dags/defaultargs.py
[2023-05-27T16:51:35.154+0000] {processor.py:753} INFO - DAG(s) dict_keys(['defaultargs']) retrieved from /opt/airflow/dags/defaultargs.py
[2023-05-27T16:51:35.189+0000] {logging_mixin.py:137} INFO - [2023-05-27T16:51:35.189+0000] {dag.py:2690} INFO - Sync 1 DAGs
[2023-05-27T16:51:35.238+0000] {logging_mixin.py:137} INFO - [2023-05-27T16:51:35.238+0000] {dag.py:3441} INFO - Setting next_dagrun for defaultargs to 2023-05-27T15:30:00+00:00, run_after=2023-05-27T16:30:00+00:00
[2023-05-27T16:51:35.393+0000] {processor.py:175} INFO - Processing /opt/airflow/dags/defaultargs.py took 0.273 seconds
[2023-05-27T16:52:05.676+0000] {processor.py:153} INFO - Started process (PID=1669) to work on /opt/airflow/dags/defaultargs.py
[2023-05-27T16:52:06.401+0000] {processor.py:743} INFO - Processing file /opt/airflow/dags/defaultargs.py for tasks to queue
[2023-05-27T16:52:06.402+0000] {logging_mixin.py:137} INFO - [2023-05-27T16:52:06.402+0000] {dagbag.py:538} INFO - Filling up the DagBag from /opt/airflow/dags/defaultargs.py
[2023-05-27T16:52:06.426+0000] {processor.py:753} INFO - DAG(s) dict_keys(['defaultargs']) retrieved from /opt/airflow/dags/defaultargs.py
[2023-05-27T16:52:06.449+0000] {logging_mixin.py:137} INFO - [2023-05-27T16:52:06.449+0000] {dag.py:2690} INFO - Sync 1 DAGs
[2023-05-27T16:52:06.477+0000] {logging_mixin.py:137} INFO - [2023-05-27T16:52:06.477+0000] {dag.py:3441} INFO - Setting next_dagrun for defaultargs to 2023-05-27T15:30:00+00:00, run_after=2023-05-27T16:30:00+00:00
[2023-05-27T16:52:07.005+0000] {processor.py:175} INFO - Processing /opt/airflow/dags/defaultargs.py took 1.332 seconds
[2023-05-27T16:52:37.082+0000] {processor.py:153} INFO - Started process (PID=1702) to work on /opt/airflow/dags/defaultargs.py
[2023-05-27T16:52:37.083+0000] {processor.py:743} INFO - Processing file /opt/airflow/dags/defaultargs.py for tasks to queue
[2023-05-27T16:52:37.083+0000] {logging_mixin.py:137} INFO - [2023-05-27T16:52:37.083+0000] {dagbag.py:538} INFO - Filling up the DagBag from /opt/airflow/dags/defaultargs.py
[2023-05-27T16:52:37.099+0000] {processor.py:753} INFO - DAG(s) dict_keys(['defaultargs']) retrieved from /opt/airflow/dags/defaultargs.py
[2023-05-27T16:52:37.123+0000] {logging_mixin.py:137} INFO - [2023-05-27T16:52:37.123+0000] {dag.py:2690} INFO - Sync 1 DAGs
[2023-05-27T16:52:37.153+0000] {logging_mixin.py:137} INFO - [2023-05-27T16:52:37.153+0000] {dag.py:3441} INFO - Setting next_dagrun for defaultargs to 2023-05-27T15:30:00+00:00, run_after=2023-05-27T16:30:00+00:00
[2023-05-27T16:52:37.175+0000] {processor.py:175} INFO - Processing /opt/airflow/dags/defaultargs.py took 0.096 seconds
[2023-05-27T16:53:07.296+0000] {processor.py:153} INFO - Started process (PID=1745) to work on /opt/airflow/dags/defaultargs.py
[2023-05-27T16:53:07.297+0000] {processor.py:743} INFO - Processing file /opt/airflow/dags/defaultargs.py for tasks to queue
[2023-05-27T16:53:07.298+0000] {logging_mixin.py:137} INFO - [2023-05-27T16:53:07.298+0000] {dagbag.py:538} INFO - Filling up the DagBag from /opt/airflow/dags/defaultargs.py
[2023-05-27T16:53:07.314+0000] {processor.py:753} INFO - DAG(s) dict_keys(['defaultargs']) retrieved from /opt/airflow/dags/defaultargs.py
[2023-05-27T16:53:07.345+0000] {logging_mixin.py:137} INFO - [2023-05-27T16:53:07.345+0000] {dag.py:2690} INFO - Sync 1 DAGs
[2023-05-27T16:53:07.385+0000] {logging_mixin.py:137} INFO - [2023-05-27T16:53:07.385+0000] {dag.py:3441} INFO - Setting next_dagrun for defaultargs to 2023-05-27T15:30:00+00:00, run_after=2023-05-27T16:30:00+00:00
[2023-05-27T16:53:07.411+0000] {processor.py:175} INFO - Processing /opt/airflow/dags/defaultargs.py took 0.119 seconds
