[2023-05-31T02:42:49.948+0000] {taskinstance.py:1083} INFO - Dependencies all met for <TaskInstance: captura_dados.created_folders_task manual__2023-05-31T02:42:47.371381+00:00 [queued]>
[2023-05-31T02:42:49.963+0000] {taskinstance.py:1083} INFO - Dependencies all met for <TaskInstance: captura_dados.created_folders_task manual__2023-05-31T02:42:47.371381+00:00 [queued]>
[2023-05-31T02:42:49.963+0000] {taskinstance.py:1279} INFO - 
--------------------------------------------------------------------------------
[2023-05-31T02:42:49.963+0000] {taskinstance.py:1280} INFO - Starting attempt 1 of 2
[2023-05-31T02:42:49.964+0000] {taskinstance.py:1281} INFO - 
--------------------------------------------------------------------------------
[2023-05-31T02:42:49.993+0000] {taskinstance.py:1300} INFO - Executing <Task(PythonOperator): created_folders_task> on 2023-05-31 02:42:47.371381+00:00
[2023-05-31T02:42:50.001+0000] {standard_task_runner.py:55} INFO - Started process 851 to run task
[2023-05-31T02:42:50.008+0000] {standard_task_runner.py:82} INFO - Running: ['***', 'tasks', 'run', 'captura_dados', 'created_folders_task', 'manual__2023-05-31T02:42:47.371381+00:00', '--job-id', '92', '--raw', '--subdir', 'DAGS_FOLDER/captura_dados.py', '--cfg-path', '/tmp/tmp1n9f5v0f']
[2023-05-31T02:42:50.010+0000] {standard_task_runner.py:83} INFO - Job 92: Subtask created_folders_task
[2023-05-31T02:42:50.124+0000] {task_command.py:388} INFO - Running <TaskInstance: captura_dados.created_folders_task manual__2023-05-31T02:42:47.371381+00:00 [running]> on host bbf89157dbab
[2023-05-31T02:42:50.223+0000] {taskinstance.py:1509} INFO - Exporting the following env vars:
AIRFLOW_CTX_DAG_EMAIL=test@test.com
AIRFLOW_CTX_DAG_OWNER=***
AIRFLOW_CTX_DAG_ID=captura_dados
AIRFLOW_CTX_TASK_ID=created_folders_task
AIRFLOW_CTX_EXECUTION_DATE=2023-05-31T02:42:47.371381+00:00
AIRFLOW_CTX_TRY_NUMBER=1
AIRFLOW_CTX_DAG_RUN_ID=manual__2023-05-31T02:42:47.371381+00:00
[2023-05-31T02:42:50.230+0000] {logging_mixin.py:137} INFO - O diretório engineer já existe.
[2023-05-31T02:42:50.230+0000] {logging_mixin.py:137} INFO - /opt/***/dags/engineer
[2023-05-31T02:42:50.230+0000] {logging_mixin.py:137} INFO - O diretório raw já existe.
[2023-05-31T02:42:50.230+0000] {logging_mixin.py:137} INFO - /opt/***/dags/raw
[2023-05-31T02:42:50.230+0000] {logging_mixin.py:137} INFO - O diretório refined já existe.
[2023-05-31T02:42:50.230+0000] {logging_mixin.py:137} INFO - /opt/***/dags/refined
[2023-05-31T02:42:50.230+0000] {logging_mixin.py:137} INFO - O diretório transient já existe.
[2023-05-31T02:42:50.231+0000] {logging_mixin.py:137} INFO - /opt/***/dags/transient
[2023-05-31T02:42:50.231+0000] {logging_mixin.py:137} INFO - O diretório trusted já existe.
[2023-05-31T02:42:50.231+0000] {logging_mixin.py:137} INFO - /opt/***/dags/trusted
[2023-05-31T02:42:50.231+0000] {python.py:177} INFO - Done. Returned value was: None
[2023-05-31T02:42:50.242+0000] {taskinstance.py:1323} INFO - Marking task as SUCCESS. dag_id=captura_dados, task_id=created_folders_task, execution_date=20230531T024247, start_date=20230531T024249, end_date=20230531T024250
[2023-05-31T02:42:50.305+0000] {local_task_job.py:208} INFO - Task exited with return code 0
[2023-05-31T02:42:50.323+0000] {taskinstance.py:2578} INFO - 0 downstream tasks scheduled from follow-on schedule check
