[2023-05-21T23:45:18.164+0000] {taskinstance.py:1083} INFO - Dependencies all met for <TaskInstance: outradag.task2 manual__2023-05-21T23:45:14.130171+00:00 [queued]>
[2023-05-21T23:45:18.177+0000] {taskinstance.py:1083} INFO - Dependencies all met for <TaskInstance: outradag.task2 manual__2023-05-21T23:45:14.130171+00:00 [queued]>
[2023-05-21T23:45:18.177+0000] {taskinstance.py:1279} INFO - 
--------------------------------------------------------------------------------
[2023-05-21T23:45:18.177+0000] {taskinstance.py:1280} INFO - Starting attempt 1 of 1
[2023-05-21T23:45:18.177+0000] {taskinstance.py:1281} INFO - 
--------------------------------------------------------------------------------
[2023-05-21T23:45:18.197+0000] {taskinstance.py:1300} INFO - Executing <Task(BashOperator): task2> on 2023-05-21 23:45:14.130171+00:00
[2023-05-21T23:45:18.207+0000] {standard_task_runner.py:55} INFO - Started process 17855 to run task
[2023-05-21T23:45:18.211+0000] {standard_task_runner.py:82} INFO - Running: ['***', 'tasks', 'run', 'outradag', 'task2', 'manual__2023-05-21T23:45:14.130171+00:00', '--job-id', '102', '--raw', '--subdir', 'DAGS_FOLDER/outradag.py', '--cfg-path', '/tmp/tmpje8t_u1x']
[2023-05-21T23:45:18.212+0000] {standard_task_runner.py:83} INFO - Job 102: Subtask task2
[2023-05-21T23:45:18.315+0000] {task_command.py:388} INFO - Running <TaskInstance: outradag.task2 manual__2023-05-21T23:45:14.130171+00:00 [running]> on host cae8e8ceecb4
[2023-05-21T23:45:18.428+0000] {taskinstance.py:1509} INFO - Exporting the following env vars:
AIRFLOW_CTX_DAG_OWNER=***
AIRFLOW_CTX_DAG_ID=outradag
AIRFLOW_CTX_TASK_ID=task2
AIRFLOW_CTX_EXECUTION_DATE=2023-05-21T23:45:14.130171+00:00
AIRFLOW_CTX_TRY_NUMBER=1
AIRFLOW_CTX_DAG_RUN_ID=manual__2023-05-21T23:45:14.130171+00:00
[2023-05-21T23:45:18.429+0000] {subprocess.py:63} INFO - Tmp dir root location: 
 /tmp
[2023-05-21T23:45:18.430+0000] {subprocess.py:75} INFO - Running command: ['/bin/bash', '-c', 'echo "Task 2"']
[2023-05-21T23:45:18.449+0000] {subprocess.py:86} INFO - Output:
[2023-05-21T23:45:18.452+0000] {subprocess.py:93} INFO - Task 2
[2023-05-21T23:45:18.454+0000] {subprocess.py:97} INFO - Command exited with return code 0
[2023-05-21T23:45:18.493+0000] {taskinstance.py:1323} INFO - Marking task as SUCCESS. dag_id=outradag, task_id=task2, execution_date=20230521T234514, start_date=20230521T234518, end_date=20230521T234518
[2023-05-21T23:45:18.544+0000] {local_task_job.py:208} INFO - Task exited with return code 0
[2023-05-21T23:45:18.608+0000] {taskinstance.py:2578} INFO - 0 downstream tasks scheduled from follow-on schedule check
