[2023-05-27T20:17:07.346+0000] {taskinstance.py:1083} INFO - Dependencies all met for <TaskInstance: download_and_extract.download_and_extract manual__2023-05-27T20:17:06.268428+00:00 [queued]>
[2023-05-27T20:17:07.370+0000] {taskinstance.py:1083} INFO - Dependencies all met for <TaskInstance: download_and_extract.download_and_extract manual__2023-05-27T20:17:06.268428+00:00 [queued]>
[2023-05-27T20:17:07.370+0000] {taskinstance.py:1279} INFO - 
--------------------------------------------------------------------------------
[2023-05-27T20:17:07.370+0000] {taskinstance.py:1280} INFO - Starting attempt 1 of 2
[2023-05-27T20:17:07.371+0000] {taskinstance.py:1281} INFO - 
--------------------------------------------------------------------------------
[2023-05-27T20:17:07.390+0000] {taskinstance.py:1300} INFO - Executing <Task(BashOperator): download_and_extract> on 2023-05-27 20:17:06.268428+00:00
[2023-05-27T20:17:07.397+0000] {standard_task_runner.py:55} INFO - Started process 138 to run task
[2023-05-27T20:17:07.400+0000] {standard_task_runner.py:82} INFO - Running: ['***', 'tasks', 'run', 'download_and_extract', 'download_and_extract', 'manual__2023-05-27T20:17:06.268428+00:00', '--job-id', '276', '--raw', '--subdir', 'DAGS_FOLDER/captura_dados.py', '--cfg-path', '/tmp/tmp5fvgzw8n']
[2023-05-27T20:17:07.401+0000] {standard_task_runner.py:83} INFO - Job 276: Subtask download_and_extract
[2023-05-27T20:17:07.472+0000] {task_command.py:388} INFO - Running <TaskInstance: download_and_extract.download_and_extract manual__2023-05-27T20:17:06.268428+00:00 [running]> on host c7c762ba6b48
[2023-05-27T20:17:07.555+0000] {taskinstance.py:1509} INFO - Exporting the following env vars:
AIRFLOW_CTX_DAG_EMAIL=test@test.com
AIRFLOW_CTX_DAG_OWNER=***
AIRFLOW_CTX_DAG_ID=download_and_extract
AIRFLOW_CTX_TASK_ID=download_and_extract
AIRFLOW_CTX_EXECUTION_DATE=2023-05-27T20:17:06.268428+00:00
AIRFLOW_CTX_TRY_NUMBER=1
AIRFLOW_CTX_DAG_RUN_ID=manual__2023-05-27T20:17:06.268428+00:00
[2023-05-27T20:17:07.557+0000] {subprocess.py:63} INFO - Tmp dir root location: 
 /tmp
[2023-05-27T20:17:07.557+0000] {subprocess.py:75} INFO - Running command: ['/bin/bash', '-c', '\n        export PATH_FOLDER=/opt/***/dags\n        cd $PATH_FOLDER/transient\n        wget -O brazilian-ecommerce.zip https://www.kaggle.com/datasets/olistbr/brazilian-ecommerce/download\n        unzip brazilian-ecommerce.zip\n        rm brazilian-ecommerce.zip\n    ']
[2023-05-27T20:17:07.574+0000] {subprocess.py:86} INFO - Output:
[2023-05-27T20:17:07.578+0000] {subprocess.py:93} INFO - /bin/bash: line 4: wget: command not found
[2023-05-27T20:17:07.579+0000] {subprocess.py:93} INFO - /bin/bash: line 5: unzip: command not found
[2023-05-27T20:17:07.582+0000] {subprocess.py:93} INFO - rm: cannot remove 'brazilian-ecommerce.zip': No such file or directory
[2023-05-27T20:17:07.583+0000] {subprocess.py:97} INFO - Command exited with return code 1
[2023-05-27T20:17:07.600+0000] {taskinstance.py:1768} ERROR - Task failed with exception
Traceback (most recent call last):
  File "/home/airflow/.local/lib/python3.7/site-packages/airflow/operators/bash.py", line 197, in execute
    f"Bash command failed. The command returned a non-zero exit code {result.exit_code}."
airflow.exceptions.AirflowException: Bash command failed. The command returned a non-zero exit code 1.
[2023-05-27T20:17:07.607+0000] {taskinstance.py:1323} INFO - Marking task as UP_FOR_RETRY. dag_id=download_and_extract, task_id=download_and_extract, execution_date=20230527T201706, start_date=20230527T201707, end_date=20230527T201707
[2023-05-27T20:17:07.634+0000] {standard_task_runner.py:105} ERROR - Failed to execute job 276 for task download_and_extract (Bash command failed. The command returned a non-zero exit code 1.; 138)
[2023-05-27T20:17:07.653+0000] {local_task_job.py:208} INFO - Task exited with return code 1
[2023-05-27T20:17:07.680+0000] {taskinstance.py:2578} INFO - 0 downstream tasks scheduled from follow-on schedule check
