[2023-05-21T23:45:22.763+0000] {taskinstance.py:1083} INFO - Dependencies all met for <TaskInstance: outradag.task8 manual__2023-05-21T23:45:14.130171+00:00 [queued]>
[2023-05-21T23:45:22.858+0000] {taskinstance.py:1083} INFO - Dependencies all met for <TaskInstance: outradag.task8 manual__2023-05-21T23:45:14.130171+00:00 [queued]>
[2023-05-21T23:45:22.858+0000] {taskinstance.py:1279} INFO - 
--------------------------------------------------------------------------------
[2023-05-21T23:45:22.858+0000] {taskinstance.py:1280} INFO - Starting attempt 1 of 1
[2023-05-21T23:45:22.859+0000] {taskinstance.py:1281} INFO - 
--------------------------------------------------------------------------------
[2023-05-21T23:45:22.978+0000] {taskinstance.py:1300} INFO - Executing <Task(BashOperator): task8> on 2023-05-21 23:45:14.130171+00:00
[2023-05-21T23:45:23.004+0000] {standard_task_runner.py:55} INFO - Started process 17867 to run task
[2023-05-21T23:45:23.026+0000] {standard_task_runner.py:82} INFO - Running: ['***', 'tasks', 'run', 'outradag', 'task8', 'manual__2023-05-21T23:45:14.130171+00:00', '--job-id', '106', '--raw', '--subdir', 'DAGS_FOLDER/outradag.py', '--cfg-path', '/tmp/tmpw1gk5yc2']
[2023-05-21T23:45:23.026+0000] {standard_task_runner.py:83} INFO - Job 106: Subtask task8
[2023-05-21T23:45:23.386+0000] {task_command.py:388} INFO - Running <TaskInstance: outradag.task8 manual__2023-05-21T23:45:14.130171+00:00 [running]> on host cae8e8ceecb4
[2023-05-21T23:45:23.868+0000] {taskinstance.py:1509} INFO - Exporting the following env vars:
AIRFLOW_CTX_DAG_OWNER=***
AIRFLOW_CTX_DAG_ID=outradag
AIRFLOW_CTX_TASK_ID=task8
AIRFLOW_CTX_EXECUTION_DATE=2023-05-21T23:45:14.130171+00:00
AIRFLOW_CTX_TRY_NUMBER=1
AIRFLOW_CTX_DAG_RUN_ID=manual__2023-05-21T23:45:14.130171+00:00
[2023-05-21T23:45:23.871+0000] {subprocess.py:63} INFO - Tmp dir root location: 
 /tmp
[2023-05-21T23:45:23.872+0000] {subprocess.py:75} INFO - Running command: ['/bin/bash', '-c', 'echo "Task 8"']
[2023-05-21T23:45:23.933+0000] {subprocess.py:86} INFO - Output:
[2023-05-21T23:45:23.934+0000] {subprocess.py:93} INFO - Task 8
[2023-05-21T23:45:23.934+0000] {subprocess.py:97} INFO - Command exited with return code 0
[2023-05-21T23:45:24.018+0000] {taskinstance.py:1323} INFO - Marking task as SUCCESS. dag_id=outradag, task_id=task8, execution_date=20230521T234514, start_date=20230521T234522, end_date=20230521T234524
[2023-05-21T23:45:24.074+0000] {local_task_job.py:208} INFO - Task exited with return code 0
[2023-05-21T23:45:24.130+0000] {taskinstance.py:2578} INFO - 0 downstream tasks scheduled from follow-on schedule check
