[2023-05-21T23:36:03.060+0000] {taskinstance.py:1083} INFO - Dependencies all met for <TaskInstance: daggroup.task4 manual__2023-05-21T23:35:56.945430+00:00 [queued]>
[2023-05-21T23:36:03.107+0000] {taskinstance.py:1083} INFO - Dependencies all met for <TaskInstance: daggroup.task4 manual__2023-05-21T23:35:56.945430+00:00 [queued]>
[2023-05-21T23:36:03.108+0000] {taskinstance.py:1279} INFO - 
--------------------------------------------------------------------------------
[2023-05-21T23:36:03.108+0000] {taskinstance.py:1280} INFO - Starting attempt 1 of 1
[2023-05-21T23:36:03.109+0000] {taskinstance.py:1281} INFO - 
--------------------------------------------------------------------------------
[2023-05-21T23:36:03.164+0000] {taskinstance.py:1300} INFO - Executing <Task(BashOperator): task4> on 2023-05-21 23:35:56.945430+00:00
[2023-05-21T23:36:03.172+0000] {standard_task_runner.py:55} INFO - Started process 17311 to run task
[2023-05-21T23:36:03.189+0000] {standard_task_runner.py:82} INFO - Running: ['***', 'tasks', 'run', 'daggroup', 'task4', 'manual__2023-05-21T23:35:56.945430+00:00', '--job-id', '85', '--raw', '--subdir', 'DAGS_FOLDER/daggroup.py', '--cfg-path', '/tmp/tmpdega872v']
[2023-05-21T23:36:03.190+0000] {standard_task_runner.py:83} INFO - Job 85: Subtask task4
[2023-05-21T23:36:03.342+0000] {task_command.py:388} INFO - Running <TaskInstance: daggroup.task4 manual__2023-05-21T23:35:56.945430+00:00 [running]> on host cae8e8ceecb4
[2023-05-21T23:36:03.489+0000] {taskinstance.py:1509} INFO - Exporting the following env vars:
AIRFLOW_CTX_DAG_OWNER=***
AIRFLOW_CTX_DAG_ID=daggroup
AIRFLOW_CTX_TASK_ID=task4
AIRFLOW_CTX_EXECUTION_DATE=2023-05-21T23:35:56.945430+00:00
AIRFLOW_CTX_TRY_NUMBER=1
AIRFLOW_CTX_DAG_RUN_ID=manual__2023-05-21T23:35:56.945430+00:00
[2023-05-21T23:36:03.491+0000] {subprocess.py:63} INFO - Tmp dir root location: 
 /tmp
[2023-05-21T23:36:03.491+0000] {subprocess.py:75} INFO - Running command: ['/bin/bash', '-c', 'echo "Task 4"']
[2023-05-21T23:36:03.518+0000] {subprocess.py:86} INFO - Output:
[2023-05-21T23:36:03.527+0000] {subprocess.py:93} INFO - Task 4
[2023-05-21T23:36:03.528+0000] {subprocess.py:97} INFO - Command exited with return code 0
[2023-05-21T23:36:03.573+0000] {taskinstance.py:1323} INFO - Marking task as SUCCESS. dag_id=daggroup, task_id=task4, execution_date=20230521T233556, start_date=20230521T233603, end_date=20230521T233603
[2023-05-21T23:36:03.627+0000] {local_task_job.py:208} INFO - Task exited with return code 0
[2023-05-21T23:36:03.699+0000] {taskinstance.py:2578} INFO - 0 downstream tasks scheduled from follow-on schedule check
