[2023-05-28T00:46:59.060+0000] {taskinstance.py:1083} INFO - Dependencies all met for <TaskInstance: captura_dados.downloads_folders_task manual__2023-05-28T00:44:47.153445+00:00 [queued]>
[2023-05-28T00:46:59.083+0000] {taskinstance.py:1083} INFO - Dependencies all met for <TaskInstance: captura_dados.downloads_folders_task manual__2023-05-28T00:44:47.153445+00:00 [queued]>
[2023-05-28T00:46:59.083+0000] {taskinstance.py:1279} INFO - 
--------------------------------------------------------------------------------
[2023-05-28T00:46:59.083+0000] {taskinstance.py:1280} INFO - Starting attempt 1 of 2
[2023-05-28T00:46:59.084+0000] {taskinstance.py:1281} INFO - 
--------------------------------------------------------------------------------
[2023-05-28T00:46:59.104+0000] {taskinstance.py:1300} INFO - Executing <Task(PythonOperator): downloads_folders_task> on 2023-05-28 00:44:47.153445+00:00
[2023-05-28T00:46:59.115+0000] {standard_task_runner.py:55} INFO - Started process 253 to run task
[2023-05-28T00:46:59.120+0000] {standard_task_runner.py:82} INFO - Running: ['***', 'tasks', 'run', 'captura_dados', 'downloads_folders_task', 'manual__2023-05-28T00:44:47.153445+00:00', '--job-id', '354', '--raw', '--subdir', 'DAGS_FOLDER/captura_dados.py', '--cfg-path', '/tmp/tmpiorr231f']
[2023-05-28T00:46:59.121+0000] {standard_task_runner.py:83} INFO - Job 354: Subtask downloads_folders_task
[2023-05-28T00:46:59.215+0000] {task_command.py:388} INFO - Running <TaskInstance: captura_dados.downloads_folders_task manual__2023-05-28T00:44:47.153445+00:00 [running]> on host 8c251d475d4b
[2023-05-28T00:46:59.321+0000] {taskinstance.py:1509} INFO - Exporting the following env vars:
AIRFLOW_CTX_DAG_EMAIL=test@test.com
AIRFLOW_CTX_DAG_OWNER=***
AIRFLOW_CTX_DAG_ID=captura_dados
AIRFLOW_CTX_TASK_ID=downloads_folders_task
AIRFLOW_CTX_EXECUTION_DATE=2023-05-28T00:44:47.153445+00:00
AIRFLOW_CTX_TRY_NUMBER=1
AIRFLOW_CTX_DAG_RUN_ID=manual__2023-05-28T00:44:47.153445+00:00
[2023-05-28T00:46:59.322+0000] {python.py:177} INFO - Done. Returned value was: r= !pwd; PATH_FOLDER= $r[0] + '/transient'; os.environ['PATH_FOLDER']= PATH_FOLDER; cd $PATH_FOLDER && kaggle datasets download -d olistbr/brazilian-ecommerce; cd $PATH_FOLDER && unzip brazilian-ecommerce.zip; cd $PATH_FOLDER && rm -r brazilian-ecommerce.zip
[2023-05-28T00:46:59.358+0000] {taskinstance.py:1323} INFO - Marking task as SUCCESS. dag_id=captura_dados, task_id=downloads_folders_task, execution_date=20230528T004447, start_date=20230528T004659, end_date=20230528T004659
[2023-05-28T00:46:59.412+0000] {local_task_job.py:208} INFO - Task exited with return code 0
[2023-05-28T00:46:59.432+0000] {taskinstance.py:2578} INFO - 0 downstream tasks scheduled from follow-on schedule check
