[2023-05-14T23:07:03.495+0000] {processor.py:156} INFO - Started process (PID=216) to work on /home/airflow/.local/lib/python3.7/site-packages/airflow/example_dags/example_skip_dag.py
[2023-05-14T23:07:03.496+0000] {processor.py:758} INFO - Processing file /home/airflow/.local/lib/python3.7/site-packages/airflow/example_dags/example_skip_dag.py for tasks to queue
[2023-05-14T23:07:03.496+0000] {logging_mixin.py:117} INFO - [2023-05-14T23:07:03.496+0000] {dagbag.py:525} INFO - Filling up the DagBag from /home/airflow/.local/lib/python3.7/site-packages/airflow/example_dags/example_skip_dag.py
[2023-05-14T23:07:03.570+0000] {processor.py:768} INFO - DAG(s) dict_keys(['example_skip_dag']) retrieved from /home/airflow/.local/lib/python3.7/site-packages/airflow/example_dags/example_skip_dag.py
[2023-05-14T23:07:03.672+0000] {logging_mixin.py:117} INFO - [2023-05-14T23:07:03.671+0000] {dag.py:2573} INFO - Sync 1 DAGs
[2023-05-14T23:07:03.778+0000] {logging_mixin.py:117} INFO - [2023-05-14T23:07:03.778+0000] {dag.py:3328} INFO - Setting next_dagrun for example_skip_dag to 2023-05-13T23:07:03.777278+00:00, run_after=2023-05-14T23:07:03.777278+00:00
[2023-05-14T23:07:03.853+0000] {processor.py:178} INFO - Processing /home/airflow/.local/lib/python3.7/site-packages/airflow/example_dags/example_skip_dag.py took 0.368 seconds
[2023-05-14T23:07:34.746+0000] {processor.py:156} INFO - Started process (PID=418) to work on /home/airflow/.local/lib/python3.7/site-packages/airflow/example_dags/example_skip_dag.py
[2023-05-14T23:07:34.747+0000] {processor.py:758} INFO - Processing file /home/airflow/.local/lib/python3.7/site-packages/airflow/example_dags/example_skip_dag.py for tasks to queue
[2023-05-14T23:07:34.748+0000] {logging_mixin.py:117} INFO - [2023-05-14T23:07:34.748+0000] {dagbag.py:525} INFO - Filling up the DagBag from /home/airflow/.local/lib/python3.7/site-packages/airflow/example_dags/example_skip_dag.py
[2023-05-14T23:07:34.764+0000] {processor.py:768} INFO - DAG(s) dict_keys(['example_skip_dag']) retrieved from /home/airflow/.local/lib/python3.7/site-packages/airflow/example_dags/example_skip_dag.py
[2023-05-14T23:07:34.815+0000] {logging_mixin.py:117} INFO - [2023-05-14T23:07:34.815+0000] {dag.py:2573} INFO - Sync 1 DAGs
[2023-05-14T23:07:34.851+0000] {logging_mixin.py:117} INFO - [2023-05-14T23:07:34.851+0000] {dag.py:3328} INFO - Setting next_dagrun for example_skip_dag to 2023-05-13T23:07:34.851338+00:00, run_after=2023-05-14T23:07:34.851338+00:00
[2023-05-14T23:07:34.877+0000] {processor.py:178} INFO - Processing /home/airflow/.local/lib/python3.7/site-packages/airflow/example_dags/example_skip_dag.py took 0.135 seconds
[2023-05-14T23:08:05.019+0000] {processor.py:156} INFO - Started process (PID=622) to work on /home/airflow/.local/lib/python3.7/site-packages/airflow/example_dags/example_skip_dag.py
[2023-05-14T23:08:05.020+0000] {processor.py:758} INFO - Processing file /home/airflow/.local/lib/python3.7/site-packages/airflow/example_dags/example_skip_dag.py for tasks to queue
[2023-05-14T23:08:05.020+0000] {logging_mixin.py:117} INFO - [2023-05-14T23:08:05.020+0000] {dagbag.py:525} INFO - Filling up the DagBag from /home/airflow/.local/lib/python3.7/site-packages/airflow/example_dags/example_skip_dag.py
[2023-05-14T23:08:05.043+0000] {processor.py:768} INFO - DAG(s) dict_keys(['example_skip_dag']) retrieved from /home/airflow/.local/lib/python3.7/site-packages/airflow/example_dags/example_skip_dag.py
[2023-05-14T23:08:05.113+0000] {logging_mixin.py:117} INFO - [2023-05-14T23:08:05.112+0000] {dag.py:2573} INFO - Sync 1 DAGs
[2023-05-14T23:08:05.154+0000] {logging_mixin.py:117} INFO - [2023-05-14T23:08:05.154+0000] {dag.py:3328} INFO - Setting next_dagrun for example_skip_dag to 2023-05-13T23:08:05.154039+00:00, run_after=2023-05-14T23:08:05.154039+00:00
[2023-05-14T23:08:05.372+0000] {processor.py:178} INFO - Processing /home/airflow/.local/lib/python3.7/site-packages/airflow/example_dags/example_skip_dag.py took 0.358 seconds
[2023-05-14T23:08:36.018+0000] {processor.py:156} INFO - Started process (PID=820) to work on /home/airflow/.local/lib/python3.7/site-packages/airflow/example_dags/example_skip_dag.py
[2023-05-14T23:08:36.019+0000] {processor.py:758} INFO - Processing file /home/airflow/.local/lib/python3.7/site-packages/airflow/example_dags/example_skip_dag.py for tasks to queue
[2023-05-14T23:08:36.020+0000] {logging_mixin.py:117} INFO - [2023-05-14T23:08:36.019+0000] {dagbag.py:525} INFO - Filling up the DagBag from /home/airflow/.local/lib/python3.7/site-packages/airflow/example_dags/example_skip_dag.py
[2023-05-14T23:08:36.038+0000] {processor.py:768} INFO - DAG(s) dict_keys(['example_skip_dag']) retrieved from /home/airflow/.local/lib/python3.7/site-packages/airflow/example_dags/example_skip_dag.py
[2023-05-14T23:08:36.084+0000] {logging_mixin.py:117} INFO - [2023-05-14T23:08:36.084+0000] {dag.py:2573} INFO - Sync 1 DAGs
[2023-05-14T23:08:36.233+0000] {logging_mixin.py:117} INFO - [2023-05-14T23:08:36.233+0000] {dag.py:3328} INFO - Setting next_dagrun for example_skip_dag to 2023-05-13T23:08:36.233538+00:00, run_after=2023-05-14T23:08:36.233538+00:00
[2023-05-14T23:08:36.255+0000] {processor.py:178} INFO - Processing /home/airflow/.local/lib/python3.7/site-packages/airflow/example_dags/example_skip_dag.py took 0.240 seconds
[2023-05-14T23:09:06.676+0000] {processor.py:156} INFO - Started process (PID=1027) to work on /home/airflow/.local/lib/python3.7/site-packages/airflow/example_dags/example_skip_dag.py
[2023-05-14T23:09:06.677+0000] {processor.py:758} INFO - Processing file /home/airflow/.local/lib/python3.7/site-packages/airflow/example_dags/example_skip_dag.py for tasks to queue
[2023-05-14T23:09:06.677+0000] {logging_mixin.py:117} INFO - [2023-05-14T23:09:06.677+0000] {dagbag.py:525} INFO - Filling up the DagBag from /home/airflow/.local/lib/python3.7/site-packages/airflow/example_dags/example_skip_dag.py
[2023-05-14T23:09:06.692+0000] {processor.py:768} INFO - DAG(s) dict_keys(['example_skip_dag']) retrieved from /home/airflow/.local/lib/python3.7/site-packages/airflow/example_dags/example_skip_dag.py
[2023-05-14T23:09:06.732+0000] {logging_mixin.py:117} INFO - [2023-05-14T23:09:06.732+0000] {dag.py:2573} INFO - Sync 1 DAGs
[2023-05-14T23:09:06.890+0000] {logging_mixin.py:117} INFO - [2023-05-14T23:09:06.890+0000] {dag.py:3328} INFO - Setting next_dagrun for example_skip_dag to 2023-05-13T23:09:06.889933+00:00, run_after=2023-05-14T23:09:06.889933+00:00
[2023-05-14T23:09:06.918+0000] {processor.py:178} INFO - Processing /home/airflow/.local/lib/python3.7/site-packages/airflow/example_dags/example_skip_dag.py took 0.246 seconds
[2023-05-14T23:09:37.176+0000] {processor.py:156} INFO - Started process (PID=1233) to work on /home/airflow/.local/lib/python3.7/site-packages/airflow/example_dags/example_skip_dag.py
[2023-05-14T23:09:37.177+0000] {processor.py:758} INFO - Processing file /home/airflow/.local/lib/python3.7/site-packages/airflow/example_dags/example_skip_dag.py for tasks to queue
[2023-05-14T23:09:37.178+0000] {logging_mixin.py:117} INFO - [2023-05-14T23:09:37.178+0000] {dagbag.py:525} INFO - Filling up the DagBag from /home/airflow/.local/lib/python3.7/site-packages/airflow/example_dags/example_skip_dag.py
[2023-05-14T23:09:37.202+0000] {processor.py:768} INFO - DAG(s) dict_keys(['example_skip_dag']) retrieved from /home/airflow/.local/lib/python3.7/site-packages/airflow/example_dags/example_skip_dag.py
[2023-05-14T23:09:37.480+0000] {logging_mixin.py:117} INFO - [2023-05-14T23:09:37.480+0000] {dag.py:2573} INFO - Sync 1 DAGs
[2023-05-14T23:09:37.528+0000] {logging_mixin.py:117} INFO - [2023-05-14T23:09:37.528+0000] {dag.py:3328} INFO - Setting next_dagrun for example_skip_dag to 2023-05-13T23:09:37.527928+00:00, run_after=2023-05-14T23:09:37.527928+00:00
[2023-05-14T23:09:37.558+0000] {processor.py:178} INFO - Processing /home/airflow/.local/lib/python3.7/site-packages/airflow/example_dags/example_skip_dag.py took 0.389 seconds
[2023-05-14T23:10:07.951+0000] {processor.py:156} INFO - Started process (PID=1432) to work on /home/airflow/.local/lib/python3.7/site-packages/airflow/example_dags/example_skip_dag.py
[2023-05-14T23:10:07.952+0000] {processor.py:758} INFO - Processing file /home/airflow/.local/lib/python3.7/site-packages/airflow/example_dags/example_skip_dag.py for tasks to queue
[2023-05-14T23:10:07.953+0000] {logging_mixin.py:117} INFO - [2023-05-14T23:10:07.953+0000] {dagbag.py:525} INFO - Filling up the DagBag from /home/airflow/.local/lib/python3.7/site-packages/airflow/example_dags/example_skip_dag.py
[2023-05-14T23:10:07.971+0000] {processor.py:768} INFO - DAG(s) dict_keys(['example_skip_dag']) retrieved from /home/airflow/.local/lib/python3.7/site-packages/airflow/example_dags/example_skip_dag.py
[2023-05-14T23:10:08.222+0000] {logging_mixin.py:117} INFO - [2023-05-14T23:10:08.222+0000] {dag.py:2573} INFO - Sync 1 DAGs
[2023-05-14T23:10:08.255+0000] {logging_mixin.py:117} INFO - [2023-05-14T23:10:08.255+0000] {dag.py:3328} INFO - Setting next_dagrun for example_skip_dag to 2023-05-13T23:10:08.254777+00:00, run_after=2023-05-14T23:10:08.254777+00:00
[2023-05-14T23:10:08.286+0000] {processor.py:178} INFO - Processing /home/airflow/.local/lib/python3.7/site-packages/airflow/example_dags/example_skip_dag.py took 0.340 seconds
[2023-05-14T23:10:38.744+0000] {processor.py:156} INFO - Started process (PID=1639) to work on /home/airflow/.local/lib/python3.7/site-packages/airflow/example_dags/example_skip_dag.py
[2023-05-14T23:10:38.744+0000] {processor.py:758} INFO - Processing file /home/airflow/.local/lib/python3.7/site-packages/airflow/example_dags/example_skip_dag.py for tasks to queue
[2023-05-14T23:10:38.745+0000] {logging_mixin.py:117} INFO - [2023-05-14T23:10:38.745+0000] {dagbag.py:525} INFO - Filling up the DagBag from /home/airflow/.local/lib/python3.7/site-packages/airflow/example_dags/example_skip_dag.py
[2023-05-14T23:10:38.781+0000] {processor.py:768} INFO - DAG(s) dict_keys(['example_skip_dag']) retrieved from /home/airflow/.local/lib/python3.7/site-packages/airflow/example_dags/example_skip_dag.py
[2023-05-14T23:10:38.852+0000] {logging_mixin.py:117} INFO - [2023-05-14T23:10:38.852+0000] {dag.py:2573} INFO - Sync 1 DAGs
[2023-05-14T23:10:38.913+0000] {logging_mixin.py:117} INFO - [2023-05-14T23:10:38.912+0000] {dag.py:3328} INFO - Setting next_dagrun for example_skip_dag to 2023-05-13T23:10:38.912152+00:00, run_after=2023-05-14T23:10:38.912152+00:00
[2023-05-14T23:10:38.942+0000] {processor.py:178} INFO - Processing /home/airflow/.local/lib/python3.7/site-packages/airflow/example_dags/example_skip_dag.py took 0.203 seconds
[2023-05-14T23:11:09.452+0000] {processor.py:156} INFO - Started process (PID=1837) to work on /home/airflow/.local/lib/python3.7/site-packages/airflow/example_dags/example_skip_dag.py
[2023-05-14T23:11:09.454+0000] {processor.py:758} INFO - Processing file /home/airflow/.local/lib/python3.7/site-packages/airflow/example_dags/example_skip_dag.py for tasks to queue
[2023-05-14T23:11:09.457+0000] {logging_mixin.py:117} INFO - [2023-05-14T23:11:09.456+0000] {dagbag.py:525} INFO - Filling up the DagBag from /home/airflow/.local/lib/python3.7/site-packages/airflow/example_dags/example_skip_dag.py
[2023-05-14T23:11:09.490+0000] {processor.py:768} INFO - DAG(s) dict_keys(['example_skip_dag']) retrieved from /home/airflow/.local/lib/python3.7/site-packages/airflow/example_dags/example_skip_dag.py
[2023-05-14T23:11:09.547+0000] {logging_mixin.py:117} INFO - [2023-05-14T23:11:09.547+0000] {dag.py:2573} INFO - Sync 1 DAGs
[2023-05-14T23:11:09.586+0000] {logging_mixin.py:117} INFO - [2023-05-14T23:11:09.585+0000] {dag.py:3328} INFO - Setting next_dagrun for example_skip_dag to 2023-05-13T23:11:09.585540+00:00, run_after=2023-05-14T23:11:09.585540+00:00
[2023-05-14T23:11:09.626+0000] {processor.py:178} INFO - Processing /home/airflow/.local/lib/python3.7/site-packages/airflow/example_dags/example_skip_dag.py took 0.178 seconds
[2023-05-14T23:11:40.486+0000] {processor.py:156} INFO - Started process (PID=2044) to work on /home/airflow/.local/lib/python3.7/site-packages/airflow/example_dags/example_skip_dag.py
[2023-05-14T23:11:40.487+0000] {processor.py:758} INFO - Processing file /home/airflow/.local/lib/python3.7/site-packages/airflow/example_dags/example_skip_dag.py for tasks to queue
[2023-05-14T23:11:40.488+0000] {logging_mixin.py:117} INFO - [2023-05-14T23:11:40.487+0000] {dagbag.py:525} INFO - Filling up the DagBag from /home/airflow/.local/lib/python3.7/site-packages/airflow/example_dags/example_skip_dag.py
[2023-05-14T23:11:40.511+0000] {processor.py:768} INFO - DAG(s) dict_keys(['example_skip_dag']) retrieved from /home/airflow/.local/lib/python3.7/site-packages/airflow/example_dags/example_skip_dag.py
[2023-05-14T23:11:40.568+0000] {logging_mixin.py:117} INFO - [2023-05-14T23:11:40.568+0000] {dag.py:2573} INFO - Sync 1 DAGs
[2023-05-14T23:11:40.600+0000] {logging_mixin.py:117} INFO - [2023-05-14T23:11:40.600+0000] {dag.py:3328} INFO - Setting next_dagrun for example_skip_dag to 2023-05-13T23:11:40.599898+00:00, run_after=2023-05-14T23:11:40.599898+00:00
[2023-05-14T23:11:40.626+0000] {processor.py:178} INFO - Processing /home/airflow/.local/lib/python3.7/site-packages/airflow/example_dags/example_skip_dag.py took 0.145 seconds
[2023-05-14T23:12:10.858+0000] {processor.py:156} INFO - Started process (PID=2241) to work on /home/airflow/.local/lib/python3.7/site-packages/airflow/example_dags/example_skip_dag.py
[2023-05-14T23:12:10.859+0000] {processor.py:758} INFO - Processing file /home/airflow/.local/lib/python3.7/site-packages/airflow/example_dags/example_skip_dag.py for tasks to queue
[2023-05-14T23:12:10.860+0000] {logging_mixin.py:117} INFO - [2023-05-14T23:12:10.860+0000] {dagbag.py:525} INFO - Filling up the DagBag from /home/airflow/.local/lib/python3.7/site-packages/airflow/example_dags/example_skip_dag.py
[2023-05-14T23:12:10.878+0000] {processor.py:768} INFO - DAG(s) dict_keys(['example_skip_dag']) retrieved from /home/airflow/.local/lib/python3.7/site-packages/airflow/example_dags/example_skip_dag.py
[2023-05-14T23:12:10.959+0000] {logging_mixin.py:117} INFO - [2023-05-14T23:12:10.958+0000] {dag.py:2573} INFO - Sync 1 DAGs
[2023-05-14T23:12:11.015+0000] {logging_mixin.py:117} INFO - [2023-05-14T23:12:11.015+0000] {dag.py:3328} INFO - Setting next_dagrun for example_skip_dag to 2023-05-13T23:12:11.015439+00:00, run_after=2023-05-14T23:12:11.015439+00:00
[2023-05-14T23:12:11.063+0000] {processor.py:178} INFO - Processing /home/airflow/.local/lib/python3.7/site-packages/airflow/example_dags/example_skip_dag.py took 0.208 seconds
[2023-05-14T23:12:41.466+0000] {processor.py:156} INFO - Started process (PID=2446) to work on /home/airflow/.local/lib/python3.7/site-packages/airflow/example_dags/example_skip_dag.py
[2023-05-14T23:12:41.467+0000] {processor.py:758} INFO - Processing file /home/airflow/.local/lib/python3.7/site-packages/airflow/example_dags/example_skip_dag.py for tasks to queue
[2023-05-14T23:12:41.467+0000] {logging_mixin.py:117} INFO - [2023-05-14T23:12:41.467+0000] {dagbag.py:525} INFO - Filling up the DagBag from /home/airflow/.local/lib/python3.7/site-packages/airflow/example_dags/example_skip_dag.py
[2023-05-14T23:12:41.492+0000] {processor.py:768} INFO - DAG(s) dict_keys(['example_skip_dag']) retrieved from /home/airflow/.local/lib/python3.7/site-packages/airflow/example_dags/example_skip_dag.py
[2023-05-14T23:12:41.544+0000] {logging_mixin.py:117} INFO - [2023-05-14T23:12:41.544+0000] {dag.py:2573} INFO - Sync 1 DAGs
[2023-05-14T23:12:41.585+0000] {logging_mixin.py:117} INFO - [2023-05-14T23:12:41.585+0000] {dag.py:3328} INFO - Setting next_dagrun for example_skip_dag to 2023-05-13T23:12:41.584962+00:00, run_after=2023-05-14T23:12:41.584962+00:00
[2023-05-14T23:12:41.623+0000] {processor.py:178} INFO - Processing /home/airflow/.local/lib/python3.7/site-packages/airflow/example_dags/example_skip_dag.py took 0.162 seconds
[2023-05-14T23:13:12.279+0000] {processor.py:156} INFO - Started process (PID=2646) to work on /home/airflow/.local/lib/python3.7/site-packages/airflow/example_dags/example_skip_dag.py
[2023-05-14T23:13:12.281+0000] {processor.py:758} INFO - Processing file /home/airflow/.local/lib/python3.7/site-packages/airflow/example_dags/example_skip_dag.py for tasks to queue
[2023-05-14T23:13:12.282+0000] {logging_mixin.py:117} INFO - [2023-05-14T23:13:12.282+0000] {dagbag.py:525} INFO - Filling up the DagBag from /home/airflow/.local/lib/python3.7/site-packages/airflow/example_dags/example_skip_dag.py
[2023-05-14T23:13:12.306+0000] {processor.py:768} INFO - DAG(s) dict_keys(['example_skip_dag']) retrieved from /home/airflow/.local/lib/python3.7/site-packages/airflow/example_dags/example_skip_dag.py
[2023-05-14T23:13:12.383+0000] {logging_mixin.py:117} INFO - [2023-05-14T23:13:12.382+0000] {dag.py:2573} INFO - Sync 1 DAGs
[2023-05-14T23:13:12.439+0000] {logging_mixin.py:117} INFO - [2023-05-14T23:13:12.439+0000] {dag.py:3328} INFO - Setting next_dagrun for example_skip_dag to 2023-05-13T23:13:12.439303+00:00, run_after=2023-05-14T23:13:12.439303+00:00
[2023-05-14T23:13:12.471+0000] {processor.py:178} INFO - Processing /home/airflow/.local/lib/python3.7/site-packages/airflow/example_dags/example_skip_dag.py took 0.197 seconds
[2023-05-14T23:13:42.797+0000] {processor.py:156} INFO - Started process (PID=2851) to work on /home/airflow/.local/lib/python3.7/site-packages/airflow/example_dags/example_skip_dag.py
[2023-05-14T23:13:42.798+0000] {processor.py:758} INFO - Processing file /home/airflow/.local/lib/python3.7/site-packages/airflow/example_dags/example_skip_dag.py for tasks to queue
[2023-05-14T23:13:42.799+0000] {logging_mixin.py:117} INFO - [2023-05-14T23:13:42.798+0000] {dagbag.py:525} INFO - Filling up the DagBag from /home/airflow/.local/lib/python3.7/site-packages/airflow/example_dags/example_skip_dag.py
[2023-05-14T23:13:42.825+0000] {processor.py:768} INFO - DAG(s) dict_keys(['example_skip_dag']) retrieved from /home/airflow/.local/lib/python3.7/site-packages/airflow/example_dags/example_skip_dag.py
[2023-05-14T23:13:42.918+0000] {logging_mixin.py:117} INFO - [2023-05-14T23:13:42.917+0000] {dag.py:2573} INFO - Sync 1 DAGs
[2023-05-14T23:13:42.990+0000] {logging_mixin.py:117} INFO - [2023-05-14T23:13:42.990+0000] {dag.py:3328} INFO - Setting next_dagrun for example_skip_dag to 2023-05-13T23:13:42.990343+00:00, run_after=2023-05-14T23:13:42.990343+00:00
[2023-05-14T23:13:43.052+0000] {processor.py:178} INFO - Processing /home/airflow/.local/lib/python3.7/site-packages/airflow/example_dags/example_skip_dag.py took 0.259 seconds
[2023-05-14T23:14:13.634+0000] {processor.py:156} INFO - Started process (PID=3049) to work on /home/airflow/.local/lib/python3.7/site-packages/airflow/example_dags/example_skip_dag.py
[2023-05-14T23:14:13.636+0000] {processor.py:758} INFO - Processing file /home/airflow/.local/lib/python3.7/site-packages/airflow/example_dags/example_skip_dag.py for tasks to queue
[2023-05-14T23:14:13.639+0000] {logging_mixin.py:117} INFO - [2023-05-14T23:14:13.638+0000] {dagbag.py:525} INFO - Filling up the DagBag from /home/airflow/.local/lib/python3.7/site-packages/airflow/example_dags/example_skip_dag.py
[2023-05-14T23:14:13.683+0000] {processor.py:768} INFO - DAG(s) dict_keys(['example_skip_dag']) retrieved from /home/airflow/.local/lib/python3.7/site-packages/airflow/example_dags/example_skip_dag.py
[2023-05-14T23:14:13.805+0000] {logging_mixin.py:117} INFO - [2023-05-14T23:14:13.803+0000] {dag.py:2573} INFO - Sync 1 DAGs
[2023-05-14T23:14:13.910+0000] {logging_mixin.py:117} INFO - [2023-05-14T23:14:13.910+0000] {dag.py:3328} INFO - Setting next_dagrun for example_skip_dag to 2023-05-13T23:14:13.909041+00:00, run_after=2023-05-14T23:14:13.909041+00:00
[2023-05-14T23:14:14.013+0000] {processor.py:178} INFO - Processing /home/airflow/.local/lib/python3.7/site-packages/airflow/example_dags/example_skip_dag.py took 0.387 seconds
[2023-05-14T23:22:20.154+0000] {processor.py:156} INFO - Started process (PID=217) to work on /home/airflow/.local/lib/python3.7/site-packages/airflow/example_dags/example_skip_dag.py
[2023-05-14T23:22:20.155+0000] {processor.py:758} INFO - Processing file /home/airflow/.local/lib/python3.7/site-packages/airflow/example_dags/example_skip_dag.py for tasks to queue
[2023-05-14T23:22:20.156+0000] {logging_mixin.py:117} INFO - [2023-05-14T23:22:20.156+0000] {dagbag.py:525} INFO - Filling up the DagBag from /home/airflow/.local/lib/python3.7/site-packages/airflow/example_dags/example_skip_dag.py
[2023-05-14T23:22:20.176+0000] {processor.py:768} INFO - DAG(s) dict_keys(['example_skip_dag']) retrieved from /home/airflow/.local/lib/python3.7/site-packages/airflow/example_dags/example_skip_dag.py
[2023-05-14T23:22:20.209+0000] {logging_mixin.py:117} INFO - [2023-05-14T23:22:20.209+0000] {dag.py:2573} INFO - Sync 1 DAGs
[2023-05-14T23:22:20.262+0000] {logging_mixin.py:117} INFO - [2023-05-14T23:22:20.261+0000] {dag.py:3328} INFO - Setting next_dagrun for example_skip_dag to 2023-05-13T23:22:20.261663+00:00, run_after=2023-05-14T23:22:20.261663+00:00
[2023-05-14T23:22:20.292+0000] {processor.py:178} INFO - Processing /home/airflow/.local/lib/python3.7/site-packages/airflow/example_dags/example_skip_dag.py took 0.142 seconds
[2023-05-14T23:22:50.639+0000] {processor.py:156} INFO - Started process (PID=416) to work on /home/airflow/.local/lib/python3.7/site-packages/airflow/example_dags/example_skip_dag.py
[2023-05-14T23:22:50.640+0000] {processor.py:758} INFO - Processing file /home/airflow/.local/lib/python3.7/site-packages/airflow/example_dags/example_skip_dag.py for tasks to queue
[2023-05-14T23:22:50.641+0000] {logging_mixin.py:117} INFO - [2023-05-14T23:22:50.641+0000] {dagbag.py:525} INFO - Filling up the DagBag from /home/airflow/.local/lib/python3.7/site-packages/airflow/example_dags/example_skip_dag.py
[2023-05-14T23:22:50.654+0000] {processor.py:768} INFO - DAG(s) dict_keys(['example_skip_dag']) retrieved from /home/airflow/.local/lib/python3.7/site-packages/airflow/example_dags/example_skip_dag.py
[2023-05-14T23:22:50.680+0000] {logging_mixin.py:117} INFO - [2023-05-14T23:22:50.680+0000] {dag.py:2573} INFO - Sync 1 DAGs
[2023-05-14T23:22:50.711+0000] {logging_mixin.py:117} INFO - [2023-05-14T23:22:50.711+0000] {dag.py:3328} INFO - Setting next_dagrun for example_skip_dag to 2023-05-13T23:22:50.710800+00:00, run_after=2023-05-14T23:22:50.710800+00:00
[2023-05-14T23:22:50.735+0000] {processor.py:178} INFO - Processing /home/airflow/.local/lib/python3.7/site-packages/airflow/example_dags/example_skip_dag.py took 0.099 seconds
[2023-05-14T23:23:23.365+0000] {processor.py:156} INFO - Started process (PID=623) to work on /home/airflow/.local/lib/python3.7/site-packages/airflow/example_dags/example_skip_dag.py
[2023-05-14T23:23:23.369+0000] {processor.py:758} INFO - Processing file /home/airflow/.local/lib/python3.7/site-packages/airflow/example_dags/example_skip_dag.py for tasks to queue
[2023-05-14T23:23:23.370+0000] {logging_mixin.py:117} INFO - [2023-05-14T23:23:23.370+0000] {dagbag.py:525} INFO - Filling up the DagBag from /home/airflow/.local/lib/python3.7/site-packages/airflow/example_dags/example_skip_dag.py
[2023-05-14T23:23:23.406+0000] {processor.py:768} INFO - DAG(s) dict_keys(['example_skip_dag']) retrieved from /home/airflow/.local/lib/python3.7/site-packages/airflow/example_dags/example_skip_dag.py
[2023-05-14T23:23:23.480+0000] {logging_mixin.py:117} INFO - [2023-05-14T23:23:23.480+0000] {dag.py:2573} INFO - Sync 1 DAGs
[2023-05-14T23:23:23.522+0000] {logging_mixin.py:117} INFO - [2023-05-14T23:23:23.521+0000] {dag.py:3328} INFO - Setting next_dagrun for example_skip_dag to 2023-05-13T23:23:23.521583+00:00, run_after=2023-05-14T23:23:23.521583+00:00
[2023-05-14T23:23:23.752+0000] {processor.py:178} INFO - Processing /home/airflow/.local/lib/python3.7/site-packages/airflow/example_dags/example_skip_dag.py took 0.393 seconds
[2023-05-14T23:23:55.672+0000] {processor.py:156} INFO - Started process (PID=821) to work on /home/airflow/.local/lib/python3.7/site-packages/airflow/example_dags/example_skip_dag.py
[2023-05-14T23:23:55.673+0000] {processor.py:758} INFO - Processing file /home/airflow/.local/lib/python3.7/site-packages/airflow/example_dags/example_skip_dag.py for tasks to queue
[2023-05-14T23:23:55.674+0000] {logging_mixin.py:117} INFO - [2023-05-14T23:23:55.674+0000] {dagbag.py:525} INFO - Filling up the DagBag from /home/airflow/.local/lib/python3.7/site-packages/airflow/example_dags/example_skip_dag.py
[2023-05-14T23:23:55.719+0000] {processor.py:768} INFO - DAG(s) dict_keys(['example_skip_dag']) retrieved from /home/airflow/.local/lib/python3.7/site-packages/airflow/example_dags/example_skip_dag.py
[2023-05-14T23:23:55.901+0000] {logging_mixin.py:117} INFO - [2023-05-14T23:23:55.901+0000] {dag.py:2573} INFO - Sync 1 DAGs
[2023-05-14T23:23:56.320+0000] {logging_mixin.py:117} INFO - [2023-05-14T23:23:56.320+0000] {dag.py:3328} INFO - Setting next_dagrun for example_skip_dag to 2023-05-13T23:23:56.319767+00:00, run_after=2023-05-14T23:23:56.319767+00:00
[2023-05-14T23:23:56.431+0000] {processor.py:178} INFO - Processing /home/airflow/.local/lib/python3.7/site-packages/airflow/example_dags/example_skip_dag.py took 0.780 seconds
[2023-05-14T23:24:27.425+0000] {processor.py:156} INFO - Started process (PID=1026) to work on /home/airflow/.local/lib/python3.7/site-packages/airflow/example_dags/example_skip_dag.py
[2023-05-14T23:24:27.426+0000] {processor.py:758} INFO - Processing file /home/airflow/.local/lib/python3.7/site-packages/airflow/example_dags/example_skip_dag.py for tasks to queue
[2023-05-14T23:24:27.427+0000] {logging_mixin.py:117} INFO - [2023-05-14T23:24:27.427+0000] {dagbag.py:525} INFO - Filling up the DagBag from /home/airflow/.local/lib/python3.7/site-packages/airflow/example_dags/example_skip_dag.py
[2023-05-14T23:24:27.453+0000] {processor.py:768} INFO - DAG(s) dict_keys(['example_skip_dag']) retrieved from /home/airflow/.local/lib/python3.7/site-packages/airflow/example_dags/example_skip_dag.py
[2023-05-14T23:24:27.706+0000] {logging_mixin.py:117} INFO - [2023-05-14T23:24:27.705+0000] {dag.py:2573} INFO - Sync 1 DAGs
[2023-05-14T23:24:27.743+0000] {logging_mixin.py:117} INFO - [2023-05-14T23:24:27.742+0000] {dag.py:3328} INFO - Setting next_dagrun for example_skip_dag to 2023-05-13T23:24:27.742649+00:00, run_after=2023-05-14T23:24:27.742649+00:00
[2023-05-14T23:24:27.776+0000] {processor.py:178} INFO - Processing /home/airflow/.local/lib/python3.7/site-packages/airflow/example_dags/example_skip_dag.py took 0.355 seconds
[2023-05-14T23:24:58.269+0000] {processor.py:156} INFO - Started process (PID=1226) to work on /home/airflow/.local/lib/python3.7/site-packages/airflow/example_dags/example_skip_dag.py
[2023-05-14T23:24:58.271+0000] {processor.py:758} INFO - Processing file /home/airflow/.local/lib/python3.7/site-packages/airflow/example_dags/example_skip_dag.py for tasks to queue
[2023-05-14T23:24:58.272+0000] {logging_mixin.py:117} INFO - [2023-05-14T23:24:58.271+0000] {dagbag.py:525} INFO - Filling up the DagBag from /home/airflow/.local/lib/python3.7/site-packages/airflow/example_dags/example_skip_dag.py
[2023-05-14T23:24:58.318+0000] {processor.py:768} INFO - DAG(s) dict_keys(['example_skip_dag']) retrieved from /home/airflow/.local/lib/python3.7/site-packages/airflow/example_dags/example_skip_dag.py
[2023-05-14T23:24:58.583+0000] {logging_mixin.py:117} INFO - [2023-05-14T23:24:58.583+0000] {dag.py:2573} INFO - Sync 1 DAGs
[2023-05-14T23:24:58.628+0000] {logging_mixin.py:117} INFO - [2023-05-14T23:24:58.627+0000] {dag.py:3328} INFO - Setting next_dagrun for example_skip_dag to 2023-05-13T23:24:58.627708+00:00, run_after=2023-05-14T23:24:58.627708+00:00
[2023-05-14T23:24:58.660+0000] {processor.py:178} INFO - Processing /home/airflow/.local/lib/python3.7/site-packages/airflow/example_dags/example_skip_dag.py took 0.396 seconds
[2023-05-14T23:25:29.130+0000] {processor.py:156} INFO - Started process (PID=1432) to work on /home/airflow/.local/lib/python3.7/site-packages/airflow/example_dags/example_skip_dag.py
[2023-05-14T23:25:29.133+0000] {processor.py:758} INFO - Processing file /home/airflow/.local/lib/python3.7/site-packages/airflow/example_dags/example_skip_dag.py for tasks to queue
[2023-05-14T23:25:29.134+0000] {logging_mixin.py:117} INFO - [2023-05-14T23:25:29.134+0000] {dagbag.py:525} INFO - Filling up the DagBag from /home/airflow/.local/lib/python3.7/site-packages/airflow/example_dags/example_skip_dag.py
[2023-05-14T23:25:29.207+0000] {processor.py:768} INFO - DAG(s) dict_keys(['example_skip_dag']) retrieved from /home/airflow/.local/lib/python3.7/site-packages/airflow/example_dags/example_skip_dag.py
[2023-05-14T23:25:29.619+0000] {logging_mixin.py:117} INFO - [2023-05-14T23:25:29.619+0000] {dag.py:2573} INFO - Sync 1 DAGs
[2023-05-14T23:25:29.672+0000] {logging_mixin.py:117} INFO - [2023-05-14T23:25:29.672+0000] {dag.py:3328} INFO - Setting next_dagrun for example_skip_dag to 2023-05-13T23:25:29.671964+00:00, run_after=2023-05-14T23:25:29.671964+00:00
[2023-05-14T23:25:29.719+0000] {processor.py:178} INFO - Processing /home/airflow/.local/lib/python3.7/site-packages/airflow/example_dags/example_skip_dag.py took 0.599 seconds
[2023-05-14T23:26:00.528+0000] {processor.py:156} INFO - Started process (PID=1630) to work on /home/airflow/.local/lib/python3.7/site-packages/airflow/example_dags/example_skip_dag.py
[2023-05-14T23:26:00.536+0000] {processor.py:758} INFO - Processing file /home/airflow/.local/lib/python3.7/site-packages/airflow/example_dags/example_skip_dag.py for tasks to queue
[2023-05-14T23:26:00.537+0000] {logging_mixin.py:117} INFO - [2023-05-14T23:26:00.537+0000] {dagbag.py:525} INFO - Filling up the DagBag from /home/airflow/.local/lib/python3.7/site-packages/airflow/example_dags/example_skip_dag.py
[2023-05-14T23:26:00.576+0000] {processor.py:768} INFO - DAG(s) dict_keys(['example_skip_dag']) retrieved from /home/airflow/.local/lib/python3.7/site-packages/airflow/example_dags/example_skip_dag.py
[2023-05-14T23:26:00.678+0000] {logging_mixin.py:117} INFO - [2023-05-14T23:26:00.677+0000] {dag.py:2573} INFO - Sync 1 DAGs
[2023-05-14T23:26:00.754+0000] {logging_mixin.py:117} INFO - [2023-05-14T23:26:00.754+0000] {dag.py:3328} INFO - Setting next_dagrun for example_skip_dag to 2023-05-13T23:26:00.753795+00:00, run_after=2023-05-14T23:26:00.753795+00:00
[2023-05-14T23:26:00.791+0000] {processor.py:178} INFO - Processing /home/airflow/.local/lib/python3.7/site-packages/airflow/example_dags/example_skip_dag.py took 0.541 seconds
[2023-05-14T23:26:30.955+0000] {processor.py:156} INFO - Started process (PID=1837) to work on /home/airflow/.local/lib/python3.7/site-packages/airflow/example_dags/example_skip_dag.py
[2023-05-14T23:26:30.956+0000] {processor.py:758} INFO - Processing file /home/airflow/.local/lib/python3.7/site-packages/airflow/example_dags/example_skip_dag.py for tasks to queue
[2023-05-14T23:26:30.956+0000] {logging_mixin.py:117} INFO - [2023-05-14T23:26:30.956+0000] {dagbag.py:525} INFO - Filling up the DagBag from /home/airflow/.local/lib/python3.7/site-packages/airflow/example_dags/example_skip_dag.py
[2023-05-14T23:26:30.983+0000] {processor.py:768} INFO - DAG(s) dict_keys(['example_skip_dag']) retrieved from /home/airflow/.local/lib/python3.7/site-packages/airflow/example_dags/example_skip_dag.py
[2023-05-14T23:26:31.055+0000] {logging_mixin.py:117} INFO - [2023-05-14T23:26:31.055+0000] {dag.py:2573} INFO - Sync 1 DAGs
[2023-05-14T23:26:31.094+0000] {logging_mixin.py:117} INFO - [2023-05-14T23:26:31.094+0000] {dag.py:3328} INFO - Setting next_dagrun for example_skip_dag to 2023-05-13T23:26:31.094317+00:00, run_after=2023-05-14T23:26:31.094317+00:00
[2023-05-14T23:26:31.123+0000] {processor.py:178} INFO - Processing /home/airflow/.local/lib/python3.7/site-packages/airflow/example_dags/example_skip_dag.py took 0.178 seconds
