[2023-05-14T23:07:01.771+0000] {processor.py:156} INFO - Started process (PID=166) to work on /home/airflow/.local/lib/python3.7/site-packages/airflow/example_dags/example_short_circuit_operator.py
[2023-05-14T23:07:01.775+0000] {processor.py:758} INFO - Processing file /home/airflow/.local/lib/python3.7/site-packages/airflow/example_dags/example_short_circuit_operator.py for tasks to queue
[2023-05-14T23:07:01.776+0000] {logging_mixin.py:117} INFO - [2023-05-14T23:07:01.776+0000] {dagbag.py:525} INFO - Filling up the DagBag from /home/airflow/.local/lib/python3.7/site-packages/airflow/example_dags/example_short_circuit_operator.py
[2023-05-14T23:07:01.941+0000] {processor.py:768} INFO - DAG(s) dict_keys(['example_short_circuit_operator']) retrieved from /home/airflow/.local/lib/python3.7/site-packages/airflow/example_dags/example_short_circuit_operator.py
[2023-05-14T23:07:02.012+0000] {logging_mixin.py:117} INFO - [2023-05-14T23:07:02.012+0000] {dag.py:2573} INFO - Sync 1 DAGs
[2023-05-14T23:07:02.114+0000] {logging_mixin.py:117} INFO - [2023-05-14T23:07:02.114+0000] {dag.py:3328} INFO - Setting next_dagrun for example_short_circuit_operator to 2023-05-13T23:07:02.113392+00:00, run_after=2023-05-14T23:07:02.113392+00:00
[2023-05-14T23:07:02.170+0000] {processor.py:178} INFO - Processing /home/airflow/.local/lib/python3.7/site-packages/airflow/example_dags/example_short_circuit_operator.py took 0.411 seconds
[2023-05-14T23:07:32.708+0000] {processor.py:156} INFO - Started process (PID=376) to work on /home/airflow/.local/lib/python3.7/site-packages/airflow/example_dags/example_short_circuit_operator.py
[2023-05-14T23:07:32.709+0000] {processor.py:758} INFO - Processing file /home/airflow/.local/lib/python3.7/site-packages/airflow/example_dags/example_short_circuit_operator.py for tasks to queue
[2023-05-14T23:07:32.710+0000] {logging_mixin.py:117} INFO - [2023-05-14T23:07:32.710+0000] {dagbag.py:525} INFO - Filling up the DagBag from /home/airflow/.local/lib/python3.7/site-packages/airflow/example_dags/example_short_circuit_operator.py
[2023-05-14T23:07:32.748+0000] {processor.py:768} INFO - DAG(s) dict_keys(['example_short_circuit_operator']) retrieved from /home/airflow/.local/lib/python3.7/site-packages/airflow/example_dags/example_short_circuit_operator.py
[2023-05-14T23:07:32.869+0000] {logging_mixin.py:117} INFO - [2023-05-14T23:07:32.869+0000] {dag.py:2573} INFO - Sync 1 DAGs
[2023-05-14T23:07:32.899+0000] {logging_mixin.py:117} INFO - [2023-05-14T23:07:32.899+0000] {dag.py:3328} INFO - Setting next_dagrun for example_short_circuit_operator to 2023-05-13T23:07:32.899462+00:00, run_after=2023-05-14T23:07:32.899462+00:00
[2023-05-14T23:07:32.926+0000] {processor.py:178} INFO - Processing /home/airflow/.local/lib/python3.7/site-packages/airflow/example_dags/example_short_circuit_operator.py took 0.223 seconds
[2023-05-14T23:08:03.403+0000] {processor.py:156} INFO - Started process (PID=573) to work on /home/airflow/.local/lib/python3.7/site-packages/airflow/example_dags/example_short_circuit_operator.py
[2023-05-14T23:08:03.404+0000] {processor.py:758} INFO - Processing file /home/airflow/.local/lib/python3.7/site-packages/airflow/example_dags/example_short_circuit_operator.py for tasks to queue
[2023-05-14T23:08:03.404+0000] {logging_mixin.py:117} INFO - [2023-05-14T23:08:03.404+0000] {dagbag.py:525} INFO - Filling up the DagBag from /home/airflow/.local/lib/python3.7/site-packages/airflow/example_dags/example_short_circuit_operator.py
[2023-05-14T23:08:03.451+0000] {processor.py:768} INFO - DAG(s) dict_keys(['example_short_circuit_operator']) retrieved from /home/airflow/.local/lib/python3.7/site-packages/airflow/example_dags/example_short_circuit_operator.py
[2023-05-14T23:08:03.510+0000] {logging_mixin.py:117} INFO - [2023-05-14T23:08:03.510+0000] {dag.py:2573} INFO - Sync 1 DAGs
[2023-05-14T23:08:03.549+0000] {logging_mixin.py:117} INFO - [2023-05-14T23:08:03.549+0000] {dag.py:3328} INFO - Setting next_dagrun for example_short_circuit_operator to 2023-05-13T23:08:03.549099+00:00, run_after=2023-05-14T23:08:03.549099+00:00
[2023-05-14T23:08:03.754+0000] {processor.py:178} INFO - Processing /home/airflow/.local/lib/python3.7/site-packages/airflow/example_dags/example_short_circuit_operator.py took 0.358 seconds
[2023-05-14T23:08:34.626+0000] {processor.py:156} INFO - Started process (PID=780) to work on /home/airflow/.local/lib/python3.7/site-packages/airflow/example_dags/example_short_circuit_operator.py
[2023-05-14T23:08:34.627+0000] {processor.py:758} INFO - Processing file /home/airflow/.local/lib/python3.7/site-packages/airflow/example_dags/example_short_circuit_operator.py for tasks to queue
[2023-05-14T23:08:34.628+0000] {logging_mixin.py:117} INFO - [2023-05-14T23:08:34.628+0000] {dagbag.py:525} INFO - Filling up the DagBag from /home/airflow/.local/lib/python3.7/site-packages/airflow/example_dags/example_short_circuit_operator.py
[2023-05-14T23:08:34.651+0000] {processor.py:768} INFO - DAG(s) dict_keys(['example_short_circuit_operator']) retrieved from /home/airflow/.local/lib/python3.7/site-packages/airflow/example_dags/example_short_circuit_operator.py
[2023-05-14T23:08:34.698+0000] {logging_mixin.py:117} INFO - [2023-05-14T23:08:34.698+0000] {dag.py:2573} INFO - Sync 1 DAGs
[2023-05-14T23:08:34.851+0000] {logging_mixin.py:117} INFO - [2023-05-14T23:08:34.851+0000] {dag.py:3328} INFO - Setting next_dagrun for example_short_circuit_operator to 2023-05-13T23:08:34.850807+00:00, run_after=2023-05-14T23:08:34.850807+00:00
[2023-05-14T23:08:34.872+0000] {processor.py:178} INFO - Processing /home/airflow/.local/lib/python3.7/site-packages/airflow/example_dags/example_short_circuit_operator.py took 0.251 seconds
[2023-05-14T23:09:05.398+0000] {processor.py:156} INFO - Started process (PID=987) to work on /home/airflow/.local/lib/python3.7/site-packages/airflow/example_dags/example_short_circuit_operator.py
[2023-05-14T23:09:05.399+0000] {processor.py:758} INFO - Processing file /home/airflow/.local/lib/python3.7/site-packages/airflow/example_dags/example_short_circuit_operator.py for tasks to queue
[2023-05-14T23:09:05.400+0000] {logging_mixin.py:117} INFO - [2023-05-14T23:09:05.399+0000] {dagbag.py:525} INFO - Filling up the DagBag from /home/airflow/.local/lib/python3.7/site-packages/airflow/example_dags/example_short_circuit_operator.py
[2023-05-14T23:09:05.425+0000] {processor.py:768} INFO - DAG(s) dict_keys(['example_short_circuit_operator']) retrieved from /home/airflow/.local/lib/python3.7/site-packages/airflow/example_dags/example_short_circuit_operator.py
[2023-05-14T23:09:05.635+0000] {logging_mixin.py:117} INFO - [2023-05-14T23:09:05.635+0000] {dag.py:2573} INFO - Sync 1 DAGs
[2023-05-14T23:09:05.668+0000] {logging_mixin.py:117} INFO - [2023-05-14T23:09:05.667+0000] {dag.py:3328} INFO - Setting next_dagrun for example_short_circuit_operator to 2023-05-13T23:09:05.667622+00:00, run_after=2023-05-14T23:09:05.667622+00:00
[2023-05-14T23:09:05.687+0000] {processor.py:178} INFO - Processing /home/airflow/.local/lib/python3.7/site-packages/airflow/example_dags/example_short_circuit_operator.py took 0.294 seconds
[2023-05-14T23:09:35.809+0000] {processor.py:156} INFO - Started process (PID=1186) to work on /home/airflow/.local/lib/python3.7/site-packages/airflow/example_dags/example_short_circuit_operator.py
[2023-05-14T23:09:35.810+0000] {processor.py:758} INFO - Processing file /home/airflow/.local/lib/python3.7/site-packages/airflow/example_dags/example_short_circuit_operator.py for tasks to queue
[2023-05-14T23:09:35.811+0000] {logging_mixin.py:117} INFO - [2023-05-14T23:09:35.811+0000] {dagbag.py:525} INFO - Filling up the DagBag from /home/airflow/.local/lib/python3.7/site-packages/airflow/example_dags/example_short_circuit_operator.py
[2023-05-14T23:09:35.826+0000] {processor.py:768} INFO - DAG(s) dict_keys(['example_short_circuit_operator']) retrieved from /home/airflow/.local/lib/python3.7/site-packages/airflow/example_dags/example_short_circuit_operator.py
[2023-05-14T23:09:35.994+0000] {logging_mixin.py:117} INFO - [2023-05-14T23:09:35.994+0000] {dag.py:2573} INFO - Sync 1 DAGs
[2023-05-14T23:09:36.019+0000] {logging_mixin.py:117} INFO - [2023-05-14T23:09:36.019+0000] {dag.py:3328} INFO - Setting next_dagrun for example_short_circuit_operator to 2023-05-13T23:09:36.019048+00:00, run_after=2023-05-14T23:09:36.019048+00:00
[2023-05-14T23:09:36.046+0000] {processor.py:178} INFO - Processing /home/airflow/.local/lib/python3.7/site-packages/airflow/example_dags/example_short_circuit_operator.py took 0.240 seconds
[2023-05-14T23:10:06.214+0000] {processor.py:156} INFO - Started process (PID=1392) to work on /home/airflow/.local/lib/python3.7/site-packages/airflow/example_dags/example_short_circuit_operator.py
[2023-05-14T23:10:06.215+0000] {processor.py:758} INFO - Processing file /home/airflow/.local/lib/python3.7/site-packages/airflow/example_dags/example_short_circuit_operator.py for tasks to queue
[2023-05-14T23:10:06.216+0000] {logging_mixin.py:117} INFO - [2023-05-14T23:10:06.215+0000] {dagbag.py:525} INFO - Filling up the DagBag from /home/airflow/.local/lib/python3.7/site-packages/airflow/example_dags/example_short_circuit_operator.py
[2023-05-14T23:10:06.362+0000] {processor.py:768} INFO - DAG(s) dict_keys(['example_short_circuit_operator']) retrieved from /home/airflow/.local/lib/python3.7/site-packages/airflow/example_dags/example_short_circuit_operator.py
[2023-05-14T23:10:06.412+0000] {logging_mixin.py:117} INFO - [2023-05-14T23:10:06.412+0000] {dag.py:2573} INFO - Sync 1 DAGs
[2023-05-14T23:10:06.436+0000] {logging_mixin.py:117} INFO - [2023-05-14T23:10:06.436+0000] {dag.py:3328} INFO - Setting next_dagrun for example_short_circuit_operator to 2023-05-13T23:10:06.436351+00:00, run_after=2023-05-14T23:10:06.436351+00:00
[2023-05-14T23:10:06.457+0000] {processor.py:178} INFO - Processing /home/airflow/.local/lib/python3.7/site-packages/airflow/example_dags/example_short_circuit_operator.py took 0.248 seconds
[2023-05-14T23:10:36.682+0000] {processor.py:156} INFO - Started process (PID=1599) to work on /home/airflow/.local/lib/python3.7/site-packages/airflow/example_dags/example_short_circuit_operator.py
[2023-05-14T23:10:36.682+0000] {processor.py:758} INFO - Processing file /home/airflow/.local/lib/python3.7/site-packages/airflow/example_dags/example_short_circuit_operator.py for tasks to queue
[2023-05-14T23:10:36.683+0000] {logging_mixin.py:117} INFO - [2023-05-14T23:10:36.683+0000] {dagbag.py:525} INFO - Filling up the DagBag from /home/airflow/.local/lib/python3.7/site-packages/airflow/example_dags/example_short_circuit_operator.py
[2023-05-14T23:10:36.871+0000] {processor.py:768} INFO - DAG(s) dict_keys(['example_short_circuit_operator']) retrieved from /home/airflow/.local/lib/python3.7/site-packages/airflow/example_dags/example_short_circuit_operator.py
[2023-05-14T23:10:36.928+0000] {logging_mixin.py:117} INFO - [2023-05-14T23:10:36.928+0000] {dag.py:2573} INFO - Sync 1 DAGs
[2023-05-14T23:10:36.974+0000] {logging_mixin.py:117} INFO - [2023-05-14T23:10:36.973+0000] {dag.py:3328} INFO - Setting next_dagrun for example_short_circuit_operator to 2023-05-13T23:10:36.973408+00:00, run_after=2023-05-14T23:10:36.973408+00:00
[2023-05-14T23:10:37.022+0000] {processor.py:178} INFO - Processing /home/airflow/.local/lib/python3.7/site-packages/airflow/example_dags/example_short_circuit_operator.py took 0.344 seconds
[2023-05-14T23:11:07.113+0000] {processor.py:156} INFO - Started process (PID=1797) to work on /home/airflow/.local/lib/python3.7/site-packages/airflow/example_dags/example_short_circuit_operator.py
[2023-05-14T23:11:07.115+0000] {processor.py:758} INFO - Processing file /home/airflow/.local/lib/python3.7/site-packages/airflow/example_dags/example_short_circuit_operator.py for tasks to queue
[2023-05-14T23:11:07.117+0000] {logging_mixin.py:117} INFO - [2023-05-14T23:11:07.116+0000] {dagbag.py:525} INFO - Filling up the DagBag from /home/airflow/.local/lib/python3.7/site-packages/airflow/example_dags/example_short_circuit_operator.py
[2023-05-14T23:11:07.157+0000] {processor.py:768} INFO - DAG(s) dict_keys(['example_short_circuit_operator']) retrieved from /home/airflow/.local/lib/python3.7/site-packages/airflow/example_dags/example_short_circuit_operator.py
[2023-05-14T23:11:07.240+0000] {logging_mixin.py:117} INFO - [2023-05-14T23:11:07.240+0000] {dag.py:2573} INFO - Sync 1 DAGs
[2023-05-14T23:11:07.287+0000] {logging_mixin.py:117} INFO - [2023-05-14T23:11:07.287+0000] {dag.py:3328} INFO - Setting next_dagrun for example_short_circuit_operator to 2023-05-13T23:11:07.287452+00:00, run_after=2023-05-14T23:11:07.287452+00:00
[2023-05-14T23:11:07.331+0000] {processor.py:178} INFO - Processing /home/airflow/.local/lib/python3.7/site-packages/airflow/example_dags/example_short_circuit_operator.py took 0.225 seconds
[2023-05-14T23:11:38.259+0000] {processor.py:156} INFO - Started process (PID=2004) to work on /home/airflow/.local/lib/python3.7/site-packages/airflow/example_dags/example_short_circuit_operator.py
[2023-05-14T23:11:38.261+0000] {processor.py:758} INFO - Processing file /home/airflow/.local/lib/python3.7/site-packages/airflow/example_dags/example_short_circuit_operator.py for tasks to queue
[2023-05-14T23:11:38.264+0000] {logging_mixin.py:117} INFO - [2023-05-14T23:11:38.263+0000] {dagbag.py:525} INFO - Filling up the DagBag from /home/airflow/.local/lib/python3.7/site-packages/airflow/example_dags/example_short_circuit_operator.py
[2023-05-14T23:11:38.302+0000] {processor.py:768} INFO - DAG(s) dict_keys(['example_short_circuit_operator']) retrieved from /home/airflow/.local/lib/python3.7/site-packages/airflow/example_dags/example_short_circuit_operator.py
[2023-05-14T23:11:38.408+0000] {logging_mixin.py:117} INFO - [2023-05-14T23:11:38.407+0000] {dag.py:2573} INFO - Sync 1 DAGs
[2023-05-14T23:11:38.477+0000] {logging_mixin.py:117} INFO - [2023-05-14T23:11:38.476+0000] {dag.py:3328} INFO - Setting next_dagrun for example_short_circuit_operator to 2023-05-13T23:11:38.476100+00:00, run_after=2023-05-14T23:11:38.476100+00:00
[2023-05-14T23:11:38.529+0000] {processor.py:178} INFO - Processing /home/airflow/.local/lib/python3.7/site-packages/airflow/example_dags/example_short_circuit_operator.py took 0.276 seconds
[2023-05-14T23:12:08.740+0000] {processor.py:156} INFO - Started process (PID=2200) to work on /home/airflow/.local/lib/python3.7/site-packages/airflow/example_dags/example_short_circuit_operator.py
[2023-05-14T23:12:08.741+0000] {processor.py:758} INFO - Processing file /home/airflow/.local/lib/python3.7/site-packages/airflow/example_dags/example_short_circuit_operator.py for tasks to queue
[2023-05-14T23:12:08.742+0000] {logging_mixin.py:117} INFO - [2023-05-14T23:12:08.742+0000] {dagbag.py:525} INFO - Filling up the DagBag from /home/airflow/.local/lib/python3.7/site-packages/airflow/example_dags/example_short_circuit_operator.py
[2023-05-14T23:12:08.780+0000] {processor.py:768} INFO - DAG(s) dict_keys(['example_short_circuit_operator']) retrieved from /home/airflow/.local/lib/python3.7/site-packages/airflow/example_dags/example_short_circuit_operator.py
[2023-05-14T23:12:08.901+0000] {logging_mixin.py:117} INFO - [2023-05-14T23:12:08.901+0000] {dag.py:2573} INFO - Sync 1 DAGs
[2023-05-14T23:12:08.936+0000] {logging_mixin.py:117} INFO - [2023-05-14T23:12:08.936+0000] {dag.py:3328} INFO - Setting next_dagrun for example_short_circuit_operator to 2023-05-13T23:12:08.936250+00:00, run_after=2023-05-14T23:12:08.936250+00:00
[2023-05-14T23:12:08.966+0000] {processor.py:178} INFO - Processing /home/airflow/.local/lib/python3.7/site-packages/airflow/example_dags/example_short_circuit_operator.py took 0.231 seconds
[2023-05-14T23:12:39.404+0000] {processor.py:156} INFO - Started process (PID=2404) to work on /home/airflow/.local/lib/python3.7/site-packages/airflow/example_dags/example_short_circuit_operator.py
[2023-05-14T23:12:39.406+0000] {processor.py:758} INFO - Processing file /home/airflow/.local/lib/python3.7/site-packages/airflow/example_dags/example_short_circuit_operator.py for tasks to queue
[2023-05-14T23:12:39.407+0000] {logging_mixin.py:117} INFO - [2023-05-14T23:12:39.407+0000] {dagbag.py:525} INFO - Filling up the DagBag from /home/airflow/.local/lib/python3.7/site-packages/airflow/example_dags/example_short_circuit_operator.py
[2023-05-14T23:12:39.472+0000] {processor.py:768} INFO - DAG(s) dict_keys(['example_short_circuit_operator']) retrieved from /home/airflow/.local/lib/python3.7/site-packages/airflow/example_dags/example_short_circuit_operator.py
[2023-05-14T23:12:39.627+0000] {logging_mixin.py:117} INFO - [2023-05-14T23:12:39.627+0000] {dag.py:2573} INFO - Sync 1 DAGs
[2023-05-14T23:12:39.697+0000] {logging_mixin.py:117} INFO - [2023-05-14T23:12:39.697+0000] {dag.py:3328} INFO - Setting next_dagrun for example_short_circuit_operator to 2023-05-13T23:12:39.696750+00:00, run_after=2023-05-14T23:12:39.696750+00:00
[2023-05-14T23:12:39.748+0000] {processor.py:178} INFO - Processing /home/airflow/.local/lib/python3.7/site-packages/airflow/example_dags/example_short_circuit_operator.py took 0.368 seconds
[2023-05-14T23:13:10.013+0000] {processor.py:156} INFO - Started process (PID=2604) to work on /home/airflow/.local/lib/python3.7/site-packages/airflow/example_dags/example_short_circuit_operator.py
[2023-05-14T23:13:10.014+0000] {processor.py:758} INFO - Processing file /home/airflow/.local/lib/python3.7/site-packages/airflow/example_dags/example_short_circuit_operator.py for tasks to queue
[2023-05-14T23:13:10.015+0000] {logging_mixin.py:117} INFO - [2023-05-14T23:13:10.015+0000] {dagbag.py:525} INFO - Filling up the DagBag from /home/airflow/.local/lib/python3.7/site-packages/airflow/example_dags/example_short_circuit_operator.py
[2023-05-14T23:13:10.053+0000] {processor.py:768} INFO - DAG(s) dict_keys(['example_short_circuit_operator']) retrieved from /home/airflow/.local/lib/python3.7/site-packages/airflow/example_dags/example_short_circuit_operator.py
[2023-05-14T23:13:10.135+0000] {logging_mixin.py:117} INFO - [2023-05-14T23:13:10.134+0000] {dag.py:2573} INFO - Sync 1 DAGs
[2023-05-14T23:13:10.182+0000] {logging_mixin.py:117} INFO - [2023-05-14T23:13:10.182+0000] {dag.py:3328} INFO - Setting next_dagrun for example_short_circuit_operator to 2023-05-13T23:13:10.182111+00:00, run_after=2023-05-14T23:13:10.182111+00:00
[2023-05-14T23:13:10.216+0000] {processor.py:178} INFO - Processing /home/airflow/.local/lib/python3.7/site-packages/airflow/example_dags/example_short_circuit_operator.py took 0.215 seconds
[2023-05-14T23:13:40.597+0000] {processor.py:156} INFO - Started process (PID=2811) to work on /home/airflow/.local/lib/python3.7/site-packages/airflow/example_dags/example_short_circuit_operator.py
[2023-05-14T23:13:40.598+0000] {processor.py:758} INFO - Processing file /home/airflow/.local/lib/python3.7/site-packages/airflow/example_dags/example_short_circuit_operator.py for tasks to queue
[2023-05-14T23:13:40.598+0000] {logging_mixin.py:117} INFO - [2023-05-14T23:13:40.598+0000] {dagbag.py:525} INFO - Filling up the DagBag from /home/airflow/.local/lib/python3.7/site-packages/airflow/example_dags/example_short_circuit_operator.py
[2023-05-14T23:13:40.622+0000] {processor.py:768} INFO - DAG(s) dict_keys(['example_short_circuit_operator']) retrieved from /home/airflow/.local/lib/python3.7/site-packages/airflow/example_dags/example_short_circuit_operator.py
[2023-05-14T23:13:40.686+0000] {logging_mixin.py:117} INFO - [2023-05-14T23:13:40.686+0000] {dag.py:2573} INFO - Sync 1 DAGs
[2023-05-14T23:13:40.722+0000] {logging_mixin.py:117} INFO - [2023-05-14T23:13:40.722+0000] {dag.py:3328} INFO - Setting next_dagrun for example_short_circuit_operator to 2023-05-13T23:13:40.722506+00:00, run_after=2023-05-14T23:13:40.722506+00:00
[2023-05-14T23:13:40.760+0000] {processor.py:178} INFO - Processing /home/airflow/.local/lib/python3.7/site-packages/airflow/example_dags/example_short_circuit_operator.py took 0.171 seconds
[2023-05-14T23:14:11.154+0000] {processor.py:156} INFO - Started process (PID=3009) to work on /home/airflow/.local/lib/python3.7/site-packages/airflow/example_dags/example_short_circuit_operator.py
[2023-05-14T23:14:11.155+0000] {processor.py:758} INFO - Processing file /home/airflow/.local/lib/python3.7/site-packages/airflow/example_dags/example_short_circuit_operator.py for tasks to queue
[2023-05-14T23:14:11.156+0000] {logging_mixin.py:117} INFO - [2023-05-14T23:14:11.156+0000] {dagbag.py:525} INFO - Filling up the DagBag from /home/airflow/.local/lib/python3.7/site-packages/airflow/example_dags/example_short_circuit_operator.py
[2023-05-14T23:14:11.180+0000] {processor.py:768} INFO - DAG(s) dict_keys(['example_short_circuit_operator']) retrieved from /home/airflow/.local/lib/python3.7/site-packages/airflow/example_dags/example_short_circuit_operator.py
[2023-05-14T23:14:11.240+0000] {logging_mixin.py:117} INFO - [2023-05-14T23:14:11.240+0000] {dag.py:2573} INFO - Sync 1 DAGs
[2023-05-14T23:14:11.274+0000] {logging_mixin.py:117} INFO - [2023-05-14T23:14:11.274+0000] {dag.py:3328} INFO - Setting next_dagrun for example_short_circuit_operator to 2023-05-13T23:14:11.274240+00:00, run_after=2023-05-14T23:14:11.274240+00:00
[2023-05-14T23:14:11.305+0000] {processor.py:178} INFO - Processing /home/airflow/.local/lib/python3.7/site-packages/airflow/example_dags/example_short_circuit_operator.py took 0.159 seconds
[2023-05-14T23:22:18.971+0000] {processor.py:156} INFO - Started process (PID=175) to work on /home/airflow/.local/lib/python3.7/site-packages/airflow/example_dags/example_short_circuit_operator.py
[2023-05-14T23:22:18.974+0000] {processor.py:758} INFO - Processing file /home/airflow/.local/lib/python3.7/site-packages/airflow/example_dags/example_short_circuit_operator.py for tasks to queue
[2023-05-14T23:22:18.979+0000] {logging_mixin.py:117} INFO - [2023-05-14T23:22:18.978+0000] {dagbag.py:525} INFO - Filling up the DagBag from /home/airflow/.local/lib/python3.7/site-packages/airflow/example_dags/example_short_circuit_operator.py
[2023-05-14T23:22:19.086+0000] {processor.py:768} INFO - DAG(s) dict_keys(['example_short_circuit_operator']) retrieved from /home/airflow/.local/lib/python3.7/site-packages/airflow/example_dags/example_short_circuit_operator.py
[2023-05-14T23:22:19.128+0000] {logging_mixin.py:117} INFO - [2023-05-14T23:22:19.127+0000] {dag.py:2573} INFO - Sync 1 DAGs
[2023-05-14T23:22:19.221+0000] {logging_mixin.py:117} INFO - [2023-05-14T23:22:19.221+0000] {dag.py:3328} INFO - Setting next_dagrun for example_short_circuit_operator to 2023-05-13T23:22:19.207927+00:00, run_after=2023-05-14T23:22:19.207927+00:00
[2023-05-14T23:22:19.261+0000] {processor.py:178} INFO - Processing /home/airflow/.local/lib/python3.7/site-packages/airflow/example_dags/example_short_circuit_operator.py took 0.295 seconds
[2023-05-14T23:22:49.924+0000] {processor.py:156} INFO - Started process (PID=376) to work on /home/airflow/.local/lib/python3.7/site-packages/airflow/example_dags/example_short_circuit_operator.py
[2023-05-14T23:22:49.925+0000] {processor.py:758} INFO - Processing file /home/airflow/.local/lib/python3.7/site-packages/airflow/example_dags/example_short_circuit_operator.py for tasks to queue
[2023-05-14T23:22:49.926+0000] {logging_mixin.py:117} INFO - [2023-05-14T23:22:49.926+0000] {dagbag.py:525} INFO - Filling up the DagBag from /home/airflow/.local/lib/python3.7/site-packages/airflow/example_dags/example_short_circuit_operator.py
[2023-05-14T23:22:49.950+0000] {processor.py:768} INFO - DAG(s) dict_keys(['example_short_circuit_operator']) retrieved from /home/airflow/.local/lib/python3.7/site-packages/airflow/example_dags/example_short_circuit_operator.py
[2023-05-14T23:22:49.985+0000] {logging_mixin.py:117} INFO - [2023-05-14T23:22:49.985+0000] {dag.py:2573} INFO - Sync 1 DAGs
[2023-05-14T23:22:50.029+0000] {logging_mixin.py:117} INFO - [2023-05-14T23:22:50.029+0000] {dag.py:3328} INFO - Setting next_dagrun for example_short_circuit_operator to 2023-05-13T23:22:50.029452+00:00, run_after=2023-05-14T23:22:50.029452+00:00
[2023-05-14T23:22:50.056+0000] {processor.py:178} INFO - Processing /home/airflow/.local/lib/python3.7/site-packages/airflow/example_dags/example_short_circuit_operator.py took 0.138 seconds
[2023-05-14T23:23:20.958+0000] {processor.py:156} INFO - Started process (PID=583) to work on /home/airflow/.local/lib/python3.7/site-packages/airflow/example_dags/example_short_circuit_operator.py
[2023-05-14T23:23:20.961+0000] {processor.py:758} INFO - Processing file /home/airflow/.local/lib/python3.7/site-packages/airflow/example_dags/example_short_circuit_operator.py for tasks to queue
[2023-05-14T23:23:20.962+0000] {logging_mixin.py:117} INFO - [2023-05-14T23:23:20.962+0000] {dagbag.py:525} INFO - Filling up the DagBag from /home/airflow/.local/lib/python3.7/site-packages/airflow/example_dags/example_short_circuit_operator.py
[2023-05-14T23:23:21.008+0000] {processor.py:768} INFO - DAG(s) dict_keys(['example_short_circuit_operator']) retrieved from /home/airflow/.local/lib/python3.7/site-packages/airflow/example_dags/example_short_circuit_operator.py
[2023-05-14T23:23:21.101+0000] {logging_mixin.py:117} INFO - [2023-05-14T23:23:21.100+0000] {dag.py:2573} INFO - Sync 1 DAGs
[2023-05-14T23:23:21.163+0000] {logging_mixin.py:117} INFO - [2023-05-14T23:23:21.163+0000] {dag.py:3328} INFO - Setting next_dagrun for example_short_circuit_operator to 2023-05-13T23:23:21.163410+00:00, run_after=2023-05-14T23:23:21.163410+00:00
[2023-05-14T23:23:21.467+0000] {processor.py:178} INFO - Processing /home/airflow/.local/lib/python3.7/site-packages/airflow/example_dags/example_short_circuit_operator.py took 0.519 seconds
[2023-05-14T23:23:52.002+0000] {processor.py:156} INFO - Started process (PID=781) to work on /home/airflow/.local/lib/python3.7/site-packages/airflow/example_dags/example_short_circuit_operator.py
[2023-05-14T23:23:52.006+0000] {processor.py:758} INFO - Processing file /home/airflow/.local/lib/python3.7/site-packages/airflow/example_dags/example_short_circuit_operator.py for tasks to queue
[2023-05-14T23:23:52.008+0000] {logging_mixin.py:117} INFO - [2023-05-14T23:23:52.008+0000] {dagbag.py:525} INFO - Filling up the DagBag from /home/airflow/.local/lib/python3.7/site-packages/airflow/example_dags/example_short_circuit_operator.py
[2023-05-14T23:23:52.063+0000] {processor.py:768} INFO - DAG(s) dict_keys(['example_short_circuit_operator']) retrieved from /home/airflow/.local/lib/python3.7/site-packages/airflow/example_dags/example_short_circuit_operator.py
[2023-05-14T23:23:52.180+0000] {logging_mixin.py:117} INFO - [2023-05-14T23:23:52.179+0000] {dag.py:2573} INFO - Sync 1 DAGs
[2023-05-14T23:23:52.612+0000] {logging_mixin.py:117} INFO - [2023-05-14T23:23:52.611+0000] {dag.py:3328} INFO - Setting next_dagrun for example_short_circuit_operator to 2023-05-13T23:23:52.611285+00:00, run_after=2023-05-14T23:23:52.611285+00:00
[2023-05-14T23:23:52.677+0000] {processor.py:178} INFO - Processing /home/airflow/.local/lib/python3.7/site-packages/airflow/example_dags/example_short_circuit_operator.py took 0.683 seconds
[2023-05-14T23:24:23.128+0000] {processor.py:156} INFO - Started process (PID=979) to work on /home/airflow/.local/lib/python3.7/site-packages/airflow/example_dags/example_short_circuit_operator.py
[2023-05-14T23:24:23.129+0000] {processor.py:758} INFO - Processing file /home/airflow/.local/lib/python3.7/site-packages/airflow/example_dags/example_short_circuit_operator.py for tasks to queue
[2023-05-14T23:24:23.131+0000] {logging_mixin.py:117} INFO - [2023-05-14T23:24:23.130+0000] {dagbag.py:525} INFO - Filling up the DagBag from /home/airflow/.local/lib/python3.7/site-packages/airflow/example_dags/example_short_circuit_operator.py
[2023-05-14T23:24:23.166+0000] {processor.py:768} INFO - DAG(s) dict_keys(['example_short_circuit_operator']) retrieved from /home/airflow/.local/lib/python3.7/site-packages/airflow/example_dags/example_short_circuit_operator.py
[2023-05-14T23:24:23.563+0000] {logging_mixin.py:117} INFO - [2023-05-14T23:24:23.563+0000] {dag.py:2573} INFO - Sync 1 DAGs
[2023-05-14T23:24:23.623+0000] {logging_mixin.py:117} INFO - [2023-05-14T23:24:23.623+0000] {dag.py:3328} INFO - Setting next_dagrun for example_short_circuit_operator to 2023-05-13T23:24:23.622834+00:00, run_after=2023-05-14T23:24:23.622834+00:00
[2023-05-14T23:24:23.665+0000] {processor.py:178} INFO - Processing /home/airflow/.local/lib/python3.7/site-packages/airflow/example_dags/example_short_circuit_operator.py took 0.542 seconds
[2023-05-14T23:24:54.144+0000] {processor.py:156} INFO - Started process (PID=1185) to work on /home/airflow/.local/lib/python3.7/site-packages/airflow/example_dags/example_short_circuit_operator.py
[2023-05-14T23:24:54.145+0000] {processor.py:758} INFO - Processing file /home/airflow/.local/lib/python3.7/site-packages/airflow/example_dags/example_short_circuit_operator.py for tasks to queue
[2023-05-14T23:24:54.146+0000] {logging_mixin.py:117} INFO - [2023-05-14T23:24:54.146+0000] {dagbag.py:525} INFO - Filling up the DagBag from /home/airflow/.local/lib/python3.7/site-packages/airflow/example_dags/example_short_circuit_operator.py
[2023-05-14T23:24:54.202+0000] {processor.py:768} INFO - DAG(s) dict_keys(['example_short_circuit_operator']) retrieved from /home/airflow/.local/lib/python3.7/site-packages/airflow/example_dags/example_short_circuit_operator.py
[2023-05-14T23:24:54.618+0000] {logging_mixin.py:117} INFO - [2023-05-14T23:24:54.617+0000] {dag.py:2573} INFO - Sync 1 DAGs
[2023-05-14T23:24:54.667+0000] {logging_mixin.py:117} INFO - [2023-05-14T23:24:54.667+0000] {dag.py:3328} INFO - Setting next_dagrun for example_short_circuit_operator to 2023-05-13T23:24:54.666667+00:00, run_after=2023-05-14T23:24:54.666667+00:00
[2023-05-14T23:24:54.709+0000] {processor.py:178} INFO - Processing /home/airflow/.local/lib/python3.7/site-packages/airflow/example_dags/example_short_circuit_operator.py took 0.575 seconds
[2023-05-14T23:25:24.917+0000] {processor.py:156} INFO - Started process (PID=1388) to work on /home/airflow/.local/lib/python3.7/site-packages/airflow/example_dags/example_short_circuit_operator.py
[2023-05-14T23:25:24.926+0000] {processor.py:758} INFO - Processing file /home/airflow/.local/lib/python3.7/site-packages/airflow/example_dags/example_short_circuit_operator.py for tasks to queue
[2023-05-14T23:25:24.927+0000] {logging_mixin.py:117} INFO - [2023-05-14T23:25:24.927+0000] {dagbag.py:525} INFO - Filling up the DagBag from /home/airflow/.local/lib/python3.7/site-packages/airflow/example_dags/example_short_circuit_operator.py
[2023-05-14T23:25:24.972+0000] {processor.py:768} INFO - DAG(s) dict_keys(['example_short_circuit_operator']) retrieved from /home/airflow/.local/lib/python3.7/site-packages/airflow/example_dags/example_short_circuit_operator.py
[2023-05-14T23:25:25.331+0000] {logging_mixin.py:117} INFO - [2023-05-14T23:25:25.330+0000] {dag.py:2573} INFO - Sync 1 DAGs
[2023-05-14T23:25:25.378+0000] {logging_mixin.py:117} INFO - [2023-05-14T23:25:25.377+0000] {dag.py:3328} INFO - Setting next_dagrun for example_short_circuit_operator to 2023-05-13T23:25:25.377458+00:00, run_after=2023-05-14T23:25:25.377458+00:00
[2023-05-14T23:25:25.426+0000] {processor.py:178} INFO - Processing /home/airflow/.local/lib/python3.7/site-packages/airflow/example_dags/example_short_circuit_operator.py took 0.517 seconds
[2023-05-14T23:25:55.522+0000] {processor.py:156} INFO - Started process (PID=1590) to work on /home/airflow/.local/lib/python3.7/site-packages/airflow/example_dags/example_short_circuit_operator.py
[2023-05-14T23:25:55.524+0000] {processor.py:758} INFO - Processing file /home/airflow/.local/lib/python3.7/site-packages/airflow/example_dags/example_short_circuit_operator.py for tasks to queue
[2023-05-14T23:25:55.525+0000] {logging_mixin.py:117} INFO - [2023-05-14T23:25:55.524+0000] {dagbag.py:525} INFO - Filling up the DagBag from /home/airflow/.local/lib/python3.7/site-packages/airflow/example_dags/example_short_circuit_operator.py
[2023-05-14T23:25:55.800+0000] {processor.py:768} INFO - DAG(s) dict_keys(['example_short_circuit_operator']) retrieved from /home/airflow/.local/lib/python3.7/site-packages/airflow/example_dags/example_short_circuit_operator.py
[2023-05-14T23:25:55.860+0000] {logging_mixin.py:117} INFO - [2023-05-14T23:25:55.860+0000] {dag.py:2573} INFO - Sync 1 DAGs
[2023-05-14T23:25:55.906+0000] {logging_mixin.py:117} INFO - [2023-05-14T23:25:55.906+0000] {dag.py:3328} INFO - Setting next_dagrun for example_short_circuit_operator to 2023-05-13T23:25:55.906035+00:00, run_after=2023-05-14T23:25:55.906035+00:00
[2023-05-14T23:25:55.939+0000] {processor.py:178} INFO - Processing /home/airflow/.local/lib/python3.7/site-packages/airflow/example_dags/example_short_circuit_operator.py took 0.422 seconds
[2023-05-14T23:26:25.985+0000] {processor.py:156} INFO - Started process (PID=1794) to work on /home/airflow/.local/lib/python3.7/site-packages/airflow/example_dags/example_short_circuit_operator.py
[2023-05-14T23:26:25.986+0000] {processor.py:758} INFO - Processing file /home/airflow/.local/lib/python3.7/site-packages/airflow/example_dags/example_short_circuit_operator.py for tasks to queue
[2023-05-14T23:26:25.987+0000] {logging_mixin.py:117} INFO - [2023-05-14T23:26:25.987+0000] {dagbag.py:525} INFO - Filling up the DagBag from /home/airflow/.local/lib/python3.7/site-packages/airflow/example_dags/example_short_circuit_operator.py
[2023-05-14T23:26:26.012+0000] {processor.py:768} INFO - DAG(s) dict_keys(['example_short_circuit_operator']) retrieved from /home/airflow/.local/lib/python3.7/site-packages/airflow/example_dags/example_short_circuit_operator.py
[2023-05-14T23:26:26.070+0000] {logging_mixin.py:117} INFO - [2023-05-14T23:26:26.070+0000] {dag.py:2573} INFO - Sync 1 DAGs
[2023-05-14T23:26:26.105+0000] {logging_mixin.py:117} INFO - [2023-05-14T23:26:26.104+0000] {dag.py:3328} INFO - Setting next_dagrun for example_short_circuit_operator to 2023-05-13T23:26:26.104775+00:00, run_after=2023-05-14T23:26:26.104775+00:00
[2023-05-14T23:26:26.135+0000] {processor.py:178} INFO - Processing /home/airflow/.local/lib/python3.7/site-packages/airflow/example_dags/example_short_circuit_operator.py took 0.156 seconds
[2023-05-14T23:26:56.556+0000] {processor.py:156} INFO - Started process (PID=1996) to work on /home/airflow/.local/lib/python3.7/site-packages/airflow/example_dags/example_short_circuit_operator.py
[2023-05-14T23:26:56.556+0000] {processor.py:758} INFO - Processing file /home/airflow/.local/lib/python3.7/site-packages/airflow/example_dags/example_short_circuit_operator.py for tasks to queue
[2023-05-14T23:26:56.557+0000] {logging_mixin.py:117} INFO - [2023-05-14T23:26:56.557+0000] {dagbag.py:525} INFO - Filling up the DagBag from /home/airflow/.local/lib/python3.7/site-packages/airflow/example_dags/example_short_circuit_operator.py
[2023-05-14T23:26:56.580+0000] {processor.py:768} INFO - DAG(s) dict_keys(['example_short_circuit_operator']) retrieved from /home/airflow/.local/lib/python3.7/site-packages/airflow/example_dags/example_short_circuit_operator.py
[2023-05-14T23:26:56.622+0000] {logging_mixin.py:117} INFO - [2023-05-14T23:26:56.622+0000] {dag.py:2573} INFO - Sync 1 DAGs
[2023-05-14T23:26:56.646+0000] {logging_mixin.py:117} INFO - [2023-05-14T23:26:56.646+0000] {dag.py:3328} INFO - Setting next_dagrun for example_short_circuit_operator to 2023-05-13T23:26:56.646153+00:00, run_after=2023-05-14T23:26:56.646153+00:00
[2023-05-14T23:26:56.667+0000] {processor.py:178} INFO - Processing /home/airflow/.local/lib/python3.7/site-packages/airflow/example_dags/example_short_circuit_operator.py took 0.117 seconds
