[2023-05-14T23:07:05.790+0000] {processor.py:156} INFO - Started process (PID=288) to work on /home/airflow/.local/lib/python3.7/site-packages/airflow/example_dags/example_task_group.py
[2023-05-14T23:07:05.791+0000] {processor.py:758} INFO - Processing file /home/airflow/.local/lib/python3.7/site-packages/airflow/example_dags/example_task_group.py for tasks to queue
[2023-05-14T23:07:05.798+0000] {logging_mixin.py:117} INFO - [2023-05-14T23:07:05.798+0000] {dagbag.py:525} INFO - Filling up the DagBag from /home/airflow/.local/lib/python3.7/site-packages/airflow/example_dags/example_task_group.py
[2023-05-14T23:07:05.835+0000] {processor.py:768} INFO - DAG(s) dict_keys(['example_task_group']) retrieved from /home/airflow/.local/lib/python3.7/site-packages/airflow/example_dags/example_task_group.py
[2023-05-14T23:07:05.931+0000] {logging_mixin.py:117} INFO - [2023-05-14T23:07:05.930+0000] {dag.py:2573} INFO - Sync 1 DAGs
[2023-05-14T23:07:05.989+0000] {logging_mixin.py:117} INFO - [2023-05-14T23:07:05.989+0000] {dag.py:3328} INFO - Setting next_dagrun for example_task_group to 2023-05-13T23:07:05.988575+00:00, run_after=2023-05-14T23:07:05.988575+00:00
[2023-05-14T23:07:06.051+0000] {processor.py:178} INFO - Processing /home/airflow/.local/lib/python3.7/site-packages/airflow/example_dags/example_task_group.py took 0.265 seconds
[2023-05-14T23:07:36.320+0000] {processor.py:156} INFO - Started process (PID=486) to work on /home/airflow/.local/lib/python3.7/site-packages/airflow/example_dags/example_task_group.py
[2023-05-14T23:07:36.321+0000] {processor.py:758} INFO - Processing file /home/airflow/.local/lib/python3.7/site-packages/airflow/example_dags/example_task_group.py for tasks to queue
[2023-05-14T23:07:36.322+0000] {logging_mixin.py:117} INFO - [2023-05-14T23:07:36.322+0000] {dagbag.py:525} INFO - Filling up the DagBag from /home/airflow/.local/lib/python3.7/site-packages/airflow/example_dags/example_task_group.py
[2023-05-14T23:07:36.341+0000] {processor.py:768} INFO - DAG(s) dict_keys(['example_task_group']) retrieved from /home/airflow/.local/lib/python3.7/site-packages/airflow/example_dags/example_task_group.py
[2023-05-14T23:07:36.380+0000] {logging_mixin.py:117} INFO - [2023-05-14T23:07:36.380+0000] {dag.py:2573} INFO - Sync 1 DAGs
[2023-05-14T23:07:36.413+0000] {logging_mixin.py:117} INFO - [2023-05-14T23:07:36.412+0000] {dag.py:3328} INFO - Setting next_dagrun for example_task_group to 2023-05-13T23:07:36.412474+00:00, run_after=2023-05-14T23:07:36.412474+00:00
[2023-05-14T23:07:36.459+0000] {processor.py:178} INFO - Processing /home/airflow/.local/lib/python3.7/site-packages/airflow/example_dags/example_task_group.py took 0.143 seconds
[2023-05-14T23:08:08.418+0000] {processor.py:156} INFO - Started process (PID=692) to work on /home/airflow/.local/lib/python3.7/site-packages/airflow/example_dags/example_task_group.py
[2023-05-14T23:08:08.418+0000] {processor.py:758} INFO - Processing file /home/airflow/.local/lib/python3.7/site-packages/airflow/example_dags/example_task_group.py for tasks to queue
[2023-05-14T23:08:08.419+0000] {logging_mixin.py:117} INFO - [2023-05-14T23:08:08.419+0000] {dagbag.py:525} INFO - Filling up the DagBag from /home/airflow/.local/lib/python3.7/site-packages/airflow/example_dags/example_task_group.py
[2023-05-14T23:08:08.442+0000] {processor.py:768} INFO - DAG(s) dict_keys(['example_task_group']) retrieved from /home/airflow/.local/lib/python3.7/site-packages/airflow/example_dags/example_task_group.py
[2023-05-14T23:08:08.504+0000] {logging_mixin.py:117} INFO - [2023-05-14T23:08:08.504+0000] {dag.py:2573} INFO - Sync 1 DAGs
[2023-05-14T23:08:08.543+0000] {logging_mixin.py:117} INFO - [2023-05-14T23:08:08.543+0000] {dag.py:3328} INFO - Setting next_dagrun for example_task_group to 2023-05-13T23:08:08.542530+00:00, run_after=2023-05-14T23:08:08.542530+00:00
[2023-05-14T23:08:08.766+0000] {processor.py:178} INFO - Processing /home/airflow/.local/lib/python3.7/site-packages/airflow/example_dags/example_task_group.py took 0.353 seconds
[2023-05-14T23:08:39.267+0000] {processor.py:156} INFO - Started process (PID=901) to work on /home/airflow/.local/lib/python3.7/site-packages/airflow/example_dags/example_task_group.py
[2023-05-14T23:08:39.268+0000] {processor.py:758} INFO - Processing file /home/airflow/.local/lib/python3.7/site-packages/airflow/example_dags/example_task_group.py for tasks to queue
[2023-05-14T23:08:39.269+0000] {logging_mixin.py:117} INFO - [2023-05-14T23:08:39.269+0000] {dagbag.py:525} INFO - Filling up the DagBag from /home/airflow/.local/lib/python3.7/site-packages/airflow/example_dags/example_task_group.py
[2023-05-14T23:08:39.284+0000] {processor.py:768} INFO - DAG(s) dict_keys(['example_task_group']) retrieved from /home/airflow/.local/lib/python3.7/site-packages/airflow/example_dags/example_task_group.py
[2023-05-14T23:08:39.321+0000] {logging_mixin.py:117} INFO - [2023-05-14T23:08:39.321+0000] {dag.py:2573} INFO - Sync 1 DAGs
[2023-05-14T23:08:39.479+0000] {logging_mixin.py:117} INFO - [2023-05-14T23:08:39.479+0000] {dag.py:3328} INFO - Setting next_dagrun for example_task_group to 2023-05-13T23:08:39.479376+00:00, run_after=2023-05-14T23:08:39.479376+00:00
[2023-05-14T23:08:39.508+0000] {processor.py:178} INFO - Processing /home/airflow/.local/lib/python3.7/site-packages/airflow/example_dags/example_task_group.py took 0.244 seconds
[2023-05-14T23:09:09.692+0000] {processor.py:156} INFO - Started process (PID=1099) to work on /home/airflow/.local/lib/python3.7/site-packages/airflow/example_dags/example_task_group.py
[2023-05-14T23:09:09.693+0000] {processor.py:758} INFO - Processing file /home/airflow/.local/lib/python3.7/site-packages/airflow/example_dags/example_task_group.py for tasks to queue
[2023-05-14T23:09:09.694+0000] {logging_mixin.py:117} INFO - [2023-05-14T23:09:09.694+0000] {dagbag.py:525} INFO - Filling up the DagBag from /home/airflow/.local/lib/python3.7/site-packages/airflow/example_dags/example_task_group.py
[2023-05-14T23:09:09.708+0000] {processor.py:768} INFO - DAG(s) dict_keys(['example_task_group']) retrieved from /home/airflow/.local/lib/python3.7/site-packages/airflow/example_dags/example_task_group.py
[2023-05-14T23:09:09.872+0000] {logging_mixin.py:117} INFO - [2023-05-14T23:09:09.872+0000] {dag.py:2573} INFO - Sync 1 DAGs
[2023-05-14T23:09:09.900+0000] {logging_mixin.py:117} INFO - [2023-05-14T23:09:09.900+0000] {dag.py:3328} INFO - Setting next_dagrun for example_task_group to 2023-05-13T23:09:09.899961+00:00, run_after=2023-05-14T23:09:09.899961+00:00
[2023-05-14T23:09:09.919+0000] {processor.py:178} INFO - Processing /home/airflow/.local/lib/python3.7/site-packages/airflow/example_dags/example_task_group.py took 0.231 seconds
[2023-05-14T23:09:40.146+0000] {processor.py:156} INFO - Started process (PID=1305) to work on /home/airflow/.local/lib/python3.7/site-packages/airflow/example_dags/example_task_group.py
[2023-05-14T23:09:40.147+0000] {processor.py:758} INFO - Processing file /home/airflow/.local/lib/python3.7/site-packages/airflow/example_dags/example_task_group.py for tasks to queue
[2023-05-14T23:09:40.147+0000] {logging_mixin.py:117} INFO - [2023-05-14T23:09:40.147+0000] {dagbag.py:525} INFO - Filling up the DagBag from /home/airflow/.local/lib/python3.7/site-packages/airflow/example_dags/example_task_group.py
[2023-05-14T23:09:40.161+0000] {processor.py:768} INFO - DAG(s) dict_keys(['example_task_group']) retrieved from /home/airflow/.local/lib/python3.7/site-packages/airflow/example_dags/example_task_group.py
[2023-05-14T23:09:40.308+0000] {logging_mixin.py:117} INFO - [2023-05-14T23:09:40.307+0000] {dag.py:2573} INFO - Sync 1 DAGs
[2023-05-14T23:09:40.337+0000] {logging_mixin.py:117} INFO - [2023-05-14T23:09:40.337+0000] {dag.py:3328} INFO - Setting next_dagrun for example_task_group to 2023-05-13T23:09:40.337469+00:00, run_after=2023-05-14T23:09:40.337469+00:00
[2023-05-14T23:09:40.356+0000] {processor.py:178} INFO - Processing /home/airflow/.local/lib/python3.7/site-packages/airflow/example_dags/example_task_group.py took 0.213 seconds
[2023-05-14T23:10:10.407+0000] {processor.py:156} INFO - Started process (PID=1502) to work on /home/airflow/.local/lib/python3.7/site-packages/airflow/example_dags/example_task_group.py
[2023-05-14T23:10:10.408+0000] {processor.py:758} INFO - Processing file /home/airflow/.local/lib/python3.7/site-packages/airflow/example_dags/example_task_group.py for tasks to queue
[2023-05-14T23:10:10.409+0000] {logging_mixin.py:117} INFO - [2023-05-14T23:10:10.408+0000] {dagbag.py:525} INFO - Filling up the DagBag from /home/airflow/.local/lib/python3.7/site-packages/airflow/example_dags/example_task_group.py
[2023-05-14T23:10:10.554+0000] {processor.py:768} INFO - DAG(s) dict_keys(['example_task_group']) retrieved from /home/airflow/.local/lib/python3.7/site-packages/airflow/example_dags/example_task_group.py
[2023-05-14T23:10:10.598+0000] {logging_mixin.py:117} INFO - [2023-05-14T23:10:10.598+0000] {dag.py:2573} INFO - Sync 1 DAGs
[2023-05-14T23:10:10.632+0000] {logging_mixin.py:117} INFO - [2023-05-14T23:10:10.632+0000] {dag.py:3328} INFO - Setting next_dagrun for example_task_group to 2023-05-13T23:10:10.632276+00:00, run_after=2023-05-14T23:10:10.632276+00:00
[2023-05-14T23:10:10.656+0000] {processor.py:178} INFO - Processing /home/airflow/.local/lib/python3.7/site-packages/airflow/example_dags/example_task_group.py took 0.252 seconds
[2023-05-14T23:10:41.148+0000] {processor.py:156} INFO - Started process (PID=1704) to work on /home/airflow/.local/lib/python3.7/site-packages/airflow/example_dags/example_task_group.py
[2023-05-14T23:10:41.149+0000] {processor.py:758} INFO - Processing file /home/airflow/.local/lib/python3.7/site-packages/airflow/example_dags/example_task_group.py for tasks to queue
[2023-05-14T23:10:41.150+0000] {logging_mixin.py:117} INFO - [2023-05-14T23:10:41.150+0000] {dagbag.py:525} INFO - Filling up the DagBag from /home/airflow/.local/lib/python3.7/site-packages/airflow/example_dags/example_task_group.py
[2023-05-14T23:10:41.170+0000] {processor.py:768} INFO - DAG(s) dict_keys(['example_task_group']) retrieved from /home/airflow/.local/lib/python3.7/site-packages/airflow/example_dags/example_task_group.py
[2023-05-14T23:10:41.223+0000] {logging_mixin.py:117} INFO - [2023-05-14T23:10:41.223+0000] {dag.py:2573} INFO - Sync 1 DAGs
[2023-05-14T23:10:41.271+0000] {logging_mixin.py:117} INFO - [2023-05-14T23:10:41.271+0000] {dag.py:3328} INFO - Setting next_dagrun for example_task_group to 2023-05-13T23:10:41.270750+00:00, run_after=2023-05-14T23:10:41.270750+00:00
[2023-05-14T23:10:41.301+0000] {processor.py:178} INFO - Processing /home/airflow/.local/lib/python3.7/site-packages/airflow/example_dags/example_task_group.py took 0.159 seconds
[2023-05-14T23:11:12.206+0000] {processor.py:156} INFO - Started process (PID=1911) to work on /home/airflow/.local/lib/python3.7/site-packages/airflow/example_dags/example_task_group.py
[2023-05-14T23:11:12.207+0000] {processor.py:758} INFO - Processing file /home/airflow/.local/lib/python3.7/site-packages/airflow/example_dags/example_task_group.py for tasks to queue
[2023-05-14T23:11:12.208+0000] {logging_mixin.py:117} INFO - [2023-05-14T23:11:12.207+0000] {dagbag.py:525} INFO - Filling up the DagBag from /home/airflow/.local/lib/python3.7/site-packages/airflow/example_dags/example_task_group.py
[2023-05-14T23:11:12.238+0000] {processor.py:768} INFO - DAG(s) dict_keys(['example_task_group']) retrieved from /home/airflow/.local/lib/python3.7/site-packages/airflow/example_dags/example_task_group.py
[2023-05-14T23:11:12.313+0000] {logging_mixin.py:117} INFO - [2023-05-14T23:11:12.313+0000] {dag.py:2573} INFO - Sync 1 DAGs
[2023-05-14T23:11:12.358+0000] {logging_mixin.py:117} INFO - [2023-05-14T23:11:12.358+0000] {dag.py:3328} INFO - Setting next_dagrun for example_task_group to 2023-05-13T23:11:12.358427+00:00, run_after=2023-05-14T23:11:12.358427+00:00
[2023-05-14T23:11:12.402+0000] {processor.py:178} INFO - Processing /home/airflow/.local/lib/python3.7/site-packages/airflow/example_dags/example_task_group.py took 0.201 seconds
[2023-05-14T23:11:43.128+0000] {processor.py:156} INFO - Started process (PID=2109) to work on /home/airflow/.local/lib/python3.7/site-packages/airflow/example_dags/example_task_group.py
[2023-05-14T23:11:43.129+0000] {processor.py:758} INFO - Processing file /home/airflow/.local/lib/python3.7/site-packages/airflow/example_dags/example_task_group.py for tasks to queue
[2023-05-14T23:11:43.130+0000] {logging_mixin.py:117} INFO - [2023-05-14T23:11:43.130+0000] {dagbag.py:525} INFO - Filling up the DagBag from /home/airflow/.local/lib/python3.7/site-packages/airflow/example_dags/example_task_group.py
[2023-05-14T23:11:43.164+0000] {processor.py:768} INFO - DAG(s) dict_keys(['example_task_group']) retrieved from /home/airflow/.local/lib/python3.7/site-packages/airflow/example_dags/example_task_group.py
[2023-05-14T23:11:43.243+0000] {logging_mixin.py:117} INFO - [2023-05-14T23:11:43.242+0000] {dag.py:2573} INFO - Sync 1 DAGs
[2023-05-14T23:11:43.298+0000] {logging_mixin.py:117} INFO - [2023-05-14T23:11:43.298+0000] {dag.py:3328} INFO - Setting next_dagrun for example_task_group to 2023-05-13T23:11:43.298044+00:00, run_after=2023-05-14T23:11:43.298044+00:00
[2023-05-14T23:11:43.349+0000] {processor.py:178} INFO - Processing /home/airflow/.local/lib/python3.7/site-packages/airflow/example_dags/example_task_group.py took 0.231 seconds
[2023-05-14T23:12:13.967+0000] {processor.py:156} INFO - Started process (PID=2316) to work on /home/airflow/.local/lib/python3.7/site-packages/airflow/example_dags/example_task_group.py
[2023-05-14T23:12:13.971+0000] {processor.py:758} INFO - Processing file /home/airflow/.local/lib/python3.7/site-packages/airflow/example_dags/example_task_group.py for tasks to queue
[2023-05-14T23:12:13.972+0000] {logging_mixin.py:117} INFO - [2023-05-14T23:12:13.972+0000] {dagbag.py:525} INFO - Filling up the DagBag from /home/airflow/.local/lib/python3.7/site-packages/airflow/example_dags/example_task_group.py
[2023-05-14T23:12:14.014+0000] {processor.py:768} INFO - DAG(s) dict_keys(['example_task_group']) retrieved from /home/airflow/.local/lib/python3.7/site-packages/airflow/example_dags/example_task_group.py
[2023-05-14T23:12:14.146+0000] {logging_mixin.py:117} INFO - [2023-05-14T23:12:14.145+0000] {dag.py:2573} INFO - Sync 1 DAGs
[2023-05-14T23:12:14.210+0000] {logging_mixin.py:117} INFO - [2023-05-14T23:12:14.209+0000] {dag.py:3328} INFO - Setting next_dagrun for example_task_group to 2023-05-13T23:12:14.209668+00:00, run_after=2023-05-14T23:12:14.209668+00:00
[2023-05-14T23:12:14.251+0000] {processor.py:178} INFO - Processing /home/airflow/.local/lib/python3.7/site-packages/airflow/example_dags/example_task_group.py took 0.291 seconds
[2023-05-14T23:12:44.577+0000] {processor.py:156} INFO - Started process (PID=2511) to work on /home/airflow/.local/lib/python3.7/site-packages/airflow/example_dags/example_task_group.py
[2023-05-14T23:12:44.579+0000] {processor.py:758} INFO - Processing file /home/airflow/.local/lib/python3.7/site-packages/airflow/example_dags/example_task_group.py for tasks to queue
[2023-05-14T23:12:44.581+0000] {logging_mixin.py:117} INFO - [2023-05-14T23:12:44.581+0000] {dagbag.py:525} INFO - Filling up the DagBag from /home/airflow/.local/lib/python3.7/site-packages/airflow/example_dags/example_task_group.py
[2023-05-14T23:12:44.614+0000] {processor.py:768} INFO - DAG(s) dict_keys(['example_task_group']) retrieved from /home/airflow/.local/lib/python3.7/site-packages/airflow/example_dags/example_task_group.py
[2023-05-14T23:12:44.701+0000] {logging_mixin.py:117} INFO - [2023-05-14T23:12:44.700+0000] {dag.py:2573} INFO - Sync 1 DAGs
[2023-05-14T23:12:44.759+0000] {logging_mixin.py:117} INFO - [2023-05-14T23:12:44.759+0000] {dag.py:3328} INFO - Setting next_dagrun for example_task_group to 2023-05-13T23:12:44.758721+00:00, run_after=2023-05-14T23:12:44.758721+00:00
[2023-05-14T23:12:44.810+0000] {processor.py:178} INFO - Processing /home/airflow/.local/lib/python3.7/site-packages/airflow/example_dags/example_task_group.py took 0.237 seconds
[2023-05-14T23:13:16.388+0000] {processor.py:156} INFO - Started process (PID=2723) to work on /home/airflow/.local/lib/python3.7/site-packages/airflow/example_dags/example_task_group.py
[2023-05-14T23:13:16.389+0000] {processor.py:758} INFO - Processing file /home/airflow/.local/lib/python3.7/site-packages/airflow/example_dags/example_task_group.py for tasks to queue
[2023-05-14T23:13:16.390+0000] {logging_mixin.py:117} INFO - [2023-05-14T23:13:16.390+0000] {dagbag.py:525} INFO - Filling up the DagBag from /home/airflow/.local/lib/python3.7/site-packages/airflow/example_dags/example_task_group.py
[2023-05-14T23:13:16.429+0000] {processor.py:768} INFO - DAG(s) dict_keys(['example_task_group']) retrieved from /home/airflow/.local/lib/python3.7/site-packages/airflow/example_dags/example_task_group.py
[2023-05-14T23:13:16.532+0000] {logging_mixin.py:117} INFO - [2023-05-14T23:13:16.532+0000] {dag.py:2573} INFO - Sync 1 DAGs
[2023-05-14T23:13:16.590+0000] {logging_mixin.py:117} INFO - [2023-05-14T23:13:16.590+0000] {dag.py:3328} INFO - Setting next_dagrun for example_task_group to 2023-05-13T23:13:16.589738+00:00, run_after=2023-05-14T23:13:16.589738+00:00
[2023-05-14T23:13:16.644+0000] {processor.py:178} INFO - Processing /home/airflow/.local/lib/python3.7/site-packages/airflow/example_dags/example_task_group.py took 0.261 seconds
[2023-05-14T23:13:47.008+0000] {processor.py:156} INFO - Started process (PID=2916) to work on /home/airflow/.local/lib/python3.7/site-packages/airflow/example_dags/example_task_group.py
[2023-05-14T23:13:47.009+0000] {processor.py:758} INFO - Processing file /home/airflow/.local/lib/python3.7/site-packages/airflow/example_dags/example_task_group.py for tasks to queue
[2023-05-14T23:13:47.009+0000] {logging_mixin.py:117} INFO - [2023-05-14T23:13:47.009+0000] {dagbag.py:525} INFO - Filling up the DagBag from /home/airflow/.local/lib/python3.7/site-packages/airflow/example_dags/example_task_group.py
[2023-05-14T23:13:47.029+0000] {processor.py:768} INFO - DAG(s) dict_keys(['example_task_group']) retrieved from /home/airflow/.local/lib/python3.7/site-packages/airflow/example_dags/example_task_group.py
[2023-05-14T23:13:47.108+0000] {logging_mixin.py:117} INFO - [2023-05-14T23:13:47.108+0000] {dag.py:2573} INFO - Sync 1 DAGs
[2023-05-14T23:13:47.158+0000] {logging_mixin.py:117} INFO - [2023-05-14T23:13:47.157+0000] {dag.py:3328} INFO - Setting next_dagrun for example_task_group to 2023-05-13T23:13:47.157698+00:00, run_after=2023-05-14T23:13:47.157698+00:00
[2023-05-14T23:13:47.190+0000] {processor.py:178} INFO - Processing /home/airflow/.local/lib/python3.7/site-packages/airflow/example_dags/example_task_group.py took 0.187 seconds
[2023-05-14T23:14:18.265+0000] {processor.py:156} INFO - Started process (PID=3123) to work on /home/airflow/.local/lib/python3.7/site-packages/airflow/example_dags/example_task_group.py
[2023-05-14T23:14:18.266+0000] {processor.py:758} INFO - Processing file /home/airflow/.local/lib/python3.7/site-packages/airflow/example_dags/example_task_group.py for tasks to queue
[2023-05-14T23:14:18.267+0000] {logging_mixin.py:117} INFO - [2023-05-14T23:14:18.267+0000] {dagbag.py:525} INFO - Filling up the DagBag from /home/airflow/.local/lib/python3.7/site-packages/airflow/example_dags/example_task_group.py
[2023-05-14T23:14:18.295+0000] {processor.py:768} INFO - DAG(s) dict_keys(['example_task_group']) retrieved from /home/airflow/.local/lib/python3.7/site-packages/airflow/example_dags/example_task_group.py
[2023-05-14T23:14:18.350+0000] {logging_mixin.py:117} INFO - [2023-05-14T23:14:18.350+0000] {dag.py:2573} INFO - Sync 1 DAGs
[2023-05-14T23:14:18.411+0000] {logging_mixin.py:117} INFO - [2023-05-14T23:14:18.410+0000] {dag.py:3328} INFO - Setting next_dagrun for example_task_group to 2023-05-13T23:14:18.410495+00:00, run_after=2023-05-14T23:14:18.410495+00:00
[2023-05-14T23:14:18.456+0000] {processor.py:178} INFO - Processing /home/airflow/.local/lib/python3.7/site-packages/airflow/example_dags/example_task_group.py took 0.195 seconds
[2023-05-14T23:22:21.581+0000] {processor.py:156} INFO - Started process (PID=287) to work on /home/airflow/.local/lib/python3.7/site-packages/airflow/example_dags/example_task_group.py
[2023-05-14T23:22:21.583+0000] {processor.py:758} INFO - Processing file /home/airflow/.local/lib/python3.7/site-packages/airflow/example_dags/example_task_group.py for tasks to queue
[2023-05-14T23:22:21.584+0000] {logging_mixin.py:117} INFO - [2023-05-14T23:22:21.583+0000] {dagbag.py:525} INFO - Filling up the DagBag from /home/airflow/.local/lib/python3.7/site-packages/airflow/example_dags/example_task_group.py
[2023-05-14T23:22:21.645+0000] {processor.py:768} INFO - DAG(s) dict_keys(['example_task_group']) retrieved from /home/airflow/.local/lib/python3.7/site-packages/airflow/example_dags/example_task_group.py
[2023-05-14T23:22:21.706+0000] {logging_mixin.py:117} INFO - [2023-05-14T23:22:21.706+0000] {dag.py:2573} INFO - Sync 1 DAGs
[2023-05-14T23:22:21.761+0000] {logging_mixin.py:117} INFO - [2023-05-14T23:22:21.759+0000] {dag.py:3328} INFO - Setting next_dagrun for example_task_group to 2023-05-13T23:22:21.759121+00:00, run_after=2023-05-14T23:22:21.759121+00:00
[2023-05-14T23:22:21.816+0000] {processor.py:178} INFO - Processing /home/airflow/.local/lib/python3.7/site-packages/airflow/example_dags/example_task_group.py took 0.240 seconds
[2023-05-14T23:22:52.774+0000] {processor.py:156} INFO - Started process (PID=488) to work on /home/airflow/.local/lib/python3.7/site-packages/airflow/example_dags/example_task_group.py
[2023-05-14T23:22:52.775+0000] {processor.py:758} INFO - Processing file /home/airflow/.local/lib/python3.7/site-packages/airflow/example_dags/example_task_group.py for tasks to queue
[2023-05-14T23:22:52.776+0000] {logging_mixin.py:117} INFO - [2023-05-14T23:22:52.776+0000] {dagbag.py:525} INFO - Filling up the DagBag from /home/airflow/.local/lib/python3.7/site-packages/airflow/example_dags/example_task_group.py
[2023-05-14T23:22:52.801+0000] {processor.py:768} INFO - DAG(s) dict_keys(['example_task_group']) retrieved from /home/airflow/.local/lib/python3.7/site-packages/airflow/example_dags/example_task_group.py
[2023-05-14T23:22:52.832+0000] {logging_mixin.py:117} INFO - [2023-05-14T23:22:52.832+0000] {dag.py:2573} INFO - Sync 1 DAGs
[2023-05-14T23:22:52.867+0000] {logging_mixin.py:117} INFO - [2023-05-14T23:22:52.866+0000] {dag.py:3328} INFO - Setting next_dagrun for example_task_group to 2023-05-13T23:22:52.866666+00:00, run_after=2023-05-14T23:22:52.866666+00:00
[2023-05-14T23:22:52.895+0000] {processor.py:178} INFO - Processing /home/airflow/.local/lib/python3.7/site-packages/airflow/example_dags/example_task_group.py took 0.128 seconds
[2023-05-14T23:23:26.797+0000] {processor.py:156} INFO - Started process (PID=693) to work on /home/airflow/.local/lib/python3.7/site-packages/airflow/example_dags/example_task_group.py
[2023-05-14T23:23:26.798+0000] {processor.py:758} INFO - Processing file /home/airflow/.local/lib/python3.7/site-packages/airflow/example_dags/example_task_group.py for tasks to queue
[2023-05-14T23:23:26.799+0000] {logging_mixin.py:117} INFO - [2023-05-14T23:23:26.799+0000] {dagbag.py:525} INFO - Filling up the DagBag from /home/airflow/.local/lib/python3.7/site-packages/airflow/example_dags/example_task_group.py
[2023-05-14T23:23:26.825+0000] {processor.py:768} INFO - DAG(s) dict_keys(['example_task_group']) retrieved from /home/airflow/.local/lib/python3.7/site-packages/airflow/example_dags/example_task_group.py
[2023-05-14T23:23:26.895+0000] {logging_mixin.py:117} INFO - [2023-05-14T23:23:26.895+0000] {dag.py:2573} INFO - Sync 1 DAGs
[2023-05-14T23:23:27.096+0000] {logging_mixin.py:117} INFO - [2023-05-14T23:23:27.096+0000] {dag.py:3328} INFO - Setting next_dagrun for example_task_group to 2023-05-13T23:23:27.096456+00:00, run_after=2023-05-14T23:23:27.096456+00:00
[2023-05-14T23:23:27.134+0000] {processor.py:178} INFO - Processing /home/airflow/.local/lib/python3.7/site-packages/airflow/example_dags/example_task_group.py took 0.342 seconds
[2023-05-14T23:24:02.206+0000] {processor.py:156} INFO - Started process (PID=900) to work on /home/airflow/.local/lib/python3.7/site-packages/airflow/example_dags/example_task_group.py
[2023-05-14T23:24:02.207+0000] {processor.py:758} INFO - Processing file /home/airflow/.local/lib/python3.7/site-packages/airflow/example_dags/example_task_group.py for tasks to queue
[2023-05-14T23:24:02.210+0000] {logging_mixin.py:117} INFO - [2023-05-14T23:24:02.208+0000] {dagbag.py:525} INFO - Filling up the DagBag from /home/airflow/.local/lib/python3.7/site-packages/airflow/example_dags/example_task_group.py
[2023-05-14T23:24:02.250+0000] {processor.py:768} INFO - DAG(s) dict_keys(['example_task_group']) retrieved from /home/airflow/.local/lib/python3.7/site-packages/airflow/example_dags/example_task_group.py
[2023-05-14T23:24:02.322+0000] {logging_mixin.py:117} INFO - [2023-05-14T23:24:02.322+0000] {dag.py:2573} INFO - Sync 1 DAGs
[2023-05-14T23:24:02.556+0000] {logging_mixin.py:117} INFO - [2023-05-14T23:24:02.556+0000] {dag.py:3328} INFO - Setting next_dagrun for example_task_group to 2023-05-13T23:24:02.556336+00:00, run_after=2023-05-14T23:24:02.556336+00:00
[2023-05-14T23:24:02.592+0000] {processor.py:178} INFO - Processing /home/airflow/.local/lib/python3.7/site-packages/airflow/example_dags/example_task_group.py took 0.390 seconds
[2023-05-14T23:24:32.920+0000] {processor.py:156} INFO - Started process (PID=1098) to work on /home/airflow/.local/lib/python3.7/site-packages/airflow/example_dags/example_task_group.py
[2023-05-14T23:24:32.921+0000] {processor.py:758} INFO - Processing file /home/airflow/.local/lib/python3.7/site-packages/airflow/example_dags/example_task_group.py for tasks to queue
[2023-05-14T23:24:32.922+0000] {logging_mixin.py:117} INFO - [2023-05-14T23:24:32.922+0000] {dagbag.py:525} INFO - Filling up the DagBag from /home/airflow/.local/lib/python3.7/site-packages/airflow/example_dags/example_task_group.py
[2023-05-14T23:24:32.942+0000] {processor.py:768} INFO - DAG(s) dict_keys(['example_task_group']) retrieved from /home/airflow/.local/lib/python3.7/site-packages/airflow/example_dags/example_task_group.py
[2023-05-14T23:24:33.152+0000] {logging_mixin.py:117} INFO - [2023-05-14T23:24:33.151+0000] {dag.py:2573} INFO - Sync 1 DAGs
[2023-05-14T23:24:33.208+0000] {logging_mixin.py:117} INFO - [2023-05-14T23:24:33.208+0000] {dag.py:3328} INFO - Setting next_dagrun for example_task_group to 2023-05-13T23:24:33.208222+00:00, run_after=2023-05-14T23:24:33.208222+00:00
[2023-05-14T23:24:33.246+0000] {processor.py:178} INFO - Processing /home/airflow/.local/lib/python3.7/site-packages/airflow/example_dags/example_task_group.py took 0.331 seconds
[2023-05-14T23:25:03.647+0000] {processor.py:156} INFO - Started process (PID=1305) to work on /home/airflow/.local/lib/python3.7/site-packages/airflow/example_dags/example_task_group.py
[2023-05-14T23:25:03.650+0000] {processor.py:758} INFO - Processing file /home/airflow/.local/lib/python3.7/site-packages/airflow/example_dags/example_task_group.py for tasks to queue
[2023-05-14T23:25:03.656+0000] {logging_mixin.py:117} INFO - [2023-05-14T23:25:03.656+0000] {dagbag.py:525} INFO - Filling up the DagBag from /home/airflow/.local/lib/python3.7/site-packages/airflow/example_dags/example_task_group.py
[2023-05-14T23:25:03.686+0000] {processor.py:768} INFO - DAG(s) dict_keys(['example_task_group']) retrieved from /home/airflow/.local/lib/python3.7/site-packages/airflow/example_dags/example_task_group.py
[2023-05-14T23:25:03.923+0000] {logging_mixin.py:117} INFO - [2023-05-14T23:25:03.922+0000] {dag.py:2573} INFO - Sync 1 DAGs
[2023-05-14T23:25:03.959+0000] {logging_mixin.py:117} INFO - [2023-05-14T23:25:03.958+0000] {dag.py:3328} INFO - Setting next_dagrun for example_task_group to 2023-05-13T23:25:03.958778+00:00, run_after=2023-05-14T23:25:03.958778+00:00
[2023-05-14T23:25:03.984+0000] {processor.py:178} INFO - Processing /home/airflow/.local/lib/python3.7/site-packages/airflow/example_dags/example_task_group.py took 0.346 seconds
[2023-05-14T23:25:34.200+0000] {processor.py:156} INFO - Started process (PID=1502) to work on /home/airflow/.local/lib/python3.7/site-packages/airflow/example_dags/example_task_group.py
[2023-05-14T23:25:34.201+0000] {processor.py:758} INFO - Processing file /home/airflow/.local/lib/python3.7/site-packages/airflow/example_dags/example_task_group.py for tasks to queue
[2023-05-14T23:25:34.202+0000] {logging_mixin.py:117} INFO - [2023-05-14T23:25:34.202+0000] {dagbag.py:525} INFO - Filling up the DagBag from /home/airflow/.local/lib/python3.7/site-packages/airflow/example_dags/example_task_group.py
[2023-05-14T23:25:34.433+0000] {processor.py:768} INFO - DAG(s) dict_keys(['example_task_group']) retrieved from /home/airflow/.local/lib/python3.7/site-packages/airflow/example_dags/example_task_group.py
[2023-05-14T23:25:34.491+0000] {logging_mixin.py:117} INFO - [2023-05-14T23:25:34.491+0000] {dag.py:2573} INFO - Sync 1 DAGs
[2023-05-14T23:25:34.537+0000] {logging_mixin.py:117} INFO - [2023-05-14T23:25:34.537+0000] {dag.py:3328} INFO - Setting next_dagrun for example_task_group to 2023-05-13T23:25:34.536934+00:00, run_after=2023-05-14T23:25:34.536934+00:00
[2023-05-14T23:25:34.568+0000] {processor.py:178} INFO - Processing /home/airflow/.local/lib/python3.7/site-packages/airflow/example_dags/example_task_group.py took 0.371 seconds
[2023-05-14T23:26:04.633+0000] {processor.py:156} INFO - Started process (PID=1704) to work on /home/airflow/.local/lib/python3.7/site-packages/airflow/example_dags/example_task_group.py
[2023-05-14T23:26:04.634+0000] {processor.py:758} INFO - Processing file /home/airflow/.local/lib/python3.7/site-packages/airflow/example_dags/example_task_group.py for tasks to queue
[2023-05-14T23:26:04.635+0000] {logging_mixin.py:117} INFO - [2023-05-14T23:26:04.635+0000] {dagbag.py:525} INFO - Filling up the DagBag from /home/airflow/.local/lib/python3.7/site-packages/airflow/example_dags/example_task_group.py
[2023-05-14T23:26:04.665+0000] {processor.py:768} INFO - DAG(s) dict_keys(['example_task_group']) retrieved from /home/airflow/.local/lib/python3.7/site-packages/airflow/example_dags/example_task_group.py
[2023-05-14T23:26:04.722+0000] {logging_mixin.py:117} INFO - [2023-05-14T23:26:04.722+0000] {dag.py:2573} INFO - Sync 1 DAGs
[2023-05-14T23:26:04.765+0000] {logging_mixin.py:117} INFO - [2023-05-14T23:26:04.764+0000] {dag.py:3328} INFO - Setting next_dagrun for example_task_group to 2023-05-13T23:26:04.764664+00:00, run_after=2023-05-14T23:26:04.764664+00:00
[2023-05-14T23:26:04.799+0000] {processor.py:178} INFO - Processing /home/airflow/.local/lib/python3.7/site-packages/airflow/example_dags/example_task_group.py took 0.172 seconds
[2023-05-14T23:26:36.086+0000] {processor.py:156} INFO - Started process (PID=1904) to work on /home/airflow/.local/lib/python3.7/site-packages/airflow/example_dags/example_task_group.py
[2023-05-14T23:26:36.087+0000] {processor.py:758} INFO - Processing file /home/airflow/.local/lib/python3.7/site-packages/airflow/example_dags/example_task_group.py for tasks to queue
[2023-05-14T23:26:36.088+0000] {logging_mixin.py:117} INFO - [2023-05-14T23:26:36.087+0000] {dagbag.py:525} INFO - Filling up the DagBag from /home/airflow/.local/lib/python3.7/site-packages/airflow/example_dags/example_task_group.py
[2023-05-14T23:26:36.132+0000] {processor.py:768} INFO - DAG(s) dict_keys(['example_task_group']) retrieved from /home/airflow/.local/lib/python3.7/site-packages/airflow/example_dags/example_task_group.py
[2023-05-14T23:26:36.234+0000] {logging_mixin.py:117} INFO - [2023-05-14T23:26:36.233+0000] {dag.py:2573} INFO - Sync 1 DAGs
[2023-05-14T23:26:36.280+0000] {logging_mixin.py:117} INFO - [2023-05-14T23:26:36.280+0000] {dag.py:3328} INFO - Setting next_dagrun for example_task_group to 2023-05-13T23:26:36.280159+00:00, run_after=2023-05-14T23:26:36.280159+00:00
[2023-05-14T23:26:36.316+0000] {processor.py:178} INFO - Processing /home/airflow/.local/lib/python3.7/site-packages/airflow/example_dags/example_task_group.py took 0.236 seconds
