[2023-05-14T23:07:02.762+0000] {processor.py:156} INFO - Started process (PID=191) to work on /home/airflow/.local/lib/python3.7/site-packages/airflow/example_dags/example_task_group_decorator.py
[2023-05-14T23:07:02.763+0000] {processor.py:758} INFO - Processing file /home/airflow/.local/lib/python3.7/site-packages/airflow/example_dags/example_task_group_decorator.py for tasks to queue
[2023-05-14T23:07:02.763+0000] {logging_mixin.py:117} INFO - [2023-05-14T23:07:02.763+0000] {dagbag.py:525} INFO - Filling up the DagBag from /home/airflow/.local/lib/python3.7/site-packages/airflow/example_dags/example_task_group_decorator.py
[2023-05-14T23:07:02.889+0000] {processor.py:768} INFO - DAG(s) dict_keys(['example_task_group_decorator']) retrieved from /home/airflow/.local/lib/python3.7/site-packages/airflow/example_dags/example_task_group_decorator.py
[2023-05-14T23:07:03.011+0000] {logging_mixin.py:117} INFO - [2023-05-14T23:07:03.011+0000] {dag.py:2573} INFO - Sync 1 DAGs
[2023-05-14T23:07:03.074+0000] {logging_mixin.py:117} INFO - [2023-05-14T23:07:03.074+0000] {dag.py:3328} INFO - Setting next_dagrun for example_task_group_decorator to 2023-05-13T23:07:03.074428+00:00, run_after=2023-05-14T23:07:03.074428+00:00
[2023-05-14T23:07:03.137+0000] {processor.py:178} INFO - Processing /home/airflow/.local/lib/python3.7/site-packages/airflow/example_dags/example_task_group_decorator.py took 0.385 seconds
[2023-05-14T23:07:33.755+0000] {processor.py:156} INFO - Started process (PID=396) to work on /home/airflow/.local/lib/python3.7/site-packages/airflow/example_dags/example_task_group_decorator.py
[2023-05-14T23:07:33.756+0000] {processor.py:758} INFO - Processing file /home/airflow/.local/lib/python3.7/site-packages/airflow/example_dags/example_task_group_decorator.py for tasks to queue
[2023-05-14T23:07:33.757+0000] {logging_mixin.py:117} INFO - [2023-05-14T23:07:33.757+0000] {dagbag.py:525} INFO - Filling up the DagBag from /home/airflow/.local/lib/python3.7/site-packages/airflow/example_dags/example_task_group_decorator.py
[2023-05-14T23:07:33.835+0000] {processor.py:768} INFO - DAG(s) dict_keys(['example_task_group_decorator']) retrieved from /home/airflow/.local/lib/python3.7/site-packages/airflow/example_dags/example_task_group_decorator.py
[2023-05-14T23:07:33.881+0000] {logging_mixin.py:117} INFO - [2023-05-14T23:07:33.881+0000] {dag.py:2573} INFO - Sync 1 DAGs
[2023-05-14T23:07:33.916+0000] {logging_mixin.py:117} INFO - [2023-05-14T23:07:33.915+0000] {dag.py:3328} INFO - Setting next_dagrun for example_task_group_decorator to 2023-05-13T23:07:33.915455+00:00, run_after=2023-05-14T23:07:33.915455+00:00
[2023-05-14T23:07:34.159+0000] {processor.py:178} INFO - Processing /home/airflow/.local/lib/python3.7/site-packages/airflow/example_dags/example_task_group_decorator.py took 0.408 seconds
[2023-05-14T23:08:04.217+0000] {processor.py:156} INFO - Started process (PID=600) to work on /home/airflow/.local/lib/python3.7/site-packages/airflow/example_dags/example_task_group_decorator.py
[2023-05-14T23:08:04.218+0000] {processor.py:758} INFO - Processing file /home/airflow/.local/lib/python3.7/site-packages/airflow/example_dags/example_task_group_decorator.py for tasks to queue
[2023-05-14T23:08:04.219+0000] {logging_mixin.py:117} INFO - [2023-05-14T23:08:04.219+0000] {dagbag.py:525} INFO - Filling up the DagBag from /home/airflow/.local/lib/python3.7/site-packages/airflow/example_dags/example_task_group_decorator.py
[2023-05-14T23:08:04.275+0000] {processor.py:768} INFO - DAG(s) dict_keys(['example_task_group_decorator']) retrieved from /home/airflow/.local/lib/python3.7/site-packages/airflow/example_dags/example_task_group_decorator.py
[2023-05-14T23:08:04.331+0000] {logging_mixin.py:117} INFO - [2023-05-14T23:08:04.331+0000] {dag.py:2573} INFO - Sync 1 DAGs
[2023-05-14T23:08:04.527+0000] {logging_mixin.py:117} INFO - [2023-05-14T23:08:04.527+0000] {dag.py:3328} INFO - Setting next_dagrun for example_task_group_decorator to 2023-05-13T23:08:04.526812+00:00, run_after=2023-05-14T23:08:04.526812+00:00
[2023-05-14T23:08:04.553+0000] {processor.py:178} INFO - Processing /home/airflow/.local/lib/python3.7/site-packages/airflow/example_dags/example_task_group_decorator.py took 0.340 seconds
[2023-05-14T23:08:35.428+0000] {processor.py:156} INFO - Started process (PID=801) to work on /home/airflow/.local/lib/python3.7/site-packages/airflow/example_dags/example_task_group_decorator.py
[2023-05-14T23:08:35.429+0000] {processor.py:758} INFO - Processing file /home/airflow/.local/lib/python3.7/site-packages/airflow/example_dags/example_task_group_decorator.py for tasks to queue
[2023-05-14T23:08:35.430+0000] {logging_mixin.py:117} INFO - [2023-05-14T23:08:35.429+0000] {dagbag.py:525} INFO - Filling up the DagBag from /home/airflow/.local/lib/python3.7/site-packages/airflow/example_dags/example_task_group_decorator.py
[2023-05-14T23:08:35.467+0000] {processor.py:768} INFO - DAG(s) dict_keys(['example_task_group_decorator']) retrieved from /home/airflow/.local/lib/python3.7/site-packages/airflow/example_dags/example_task_group_decorator.py
[2023-05-14T23:08:35.516+0000] {logging_mixin.py:117} INFO - [2023-05-14T23:08:35.516+0000] {dag.py:2573} INFO - Sync 1 DAGs
[2023-05-14T23:08:35.728+0000] {logging_mixin.py:117} INFO - [2023-05-14T23:08:35.728+0000] {dag.py:3328} INFO - Setting next_dagrun for example_task_group_decorator to 2023-05-13T23:08:35.727890+00:00, run_after=2023-05-14T23:08:35.727890+00:00
[2023-05-14T23:08:35.756+0000] {processor.py:178} INFO - Processing /home/airflow/.local/lib/python3.7/site-packages/airflow/example_dags/example_task_group_decorator.py took 0.331 seconds
[2023-05-14T23:09:06.033+0000] {processor.py:156} INFO - Started process (PID=1007) to work on /home/airflow/.local/lib/python3.7/site-packages/airflow/example_dags/example_task_group_decorator.py
[2023-05-14T23:09:06.034+0000] {processor.py:758} INFO - Processing file /home/airflow/.local/lib/python3.7/site-packages/airflow/example_dags/example_task_group_decorator.py for tasks to queue
[2023-05-14T23:09:06.035+0000] {logging_mixin.py:117} INFO - [2023-05-14T23:09:06.035+0000] {dagbag.py:525} INFO - Filling up the DagBag from /home/airflow/.local/lib/python3.7/site-packages/airflow/example_dags/example_task_group_decorator.py
[2023-05-14T23:09:06.072+0000] {processor.py:768} INFO - DAG(s) dict_keys(['example_task_group_decorator']) retrieved from /home/airflow/.local/lib/python3.7/site-packages/airflow/example_dags/example_task_group_decorator.py
[2023-05-14T23:09:06.236+0000] {logging_mixin.py:117} INFO - [2023-05-14T23:09:06.236+0000] {dag.py:2573} INFO - Sync 1 DAGs
[2023-05-14T23:09:06.266+0000] {logging_mixin.py:117} INFO - [2023-05-14T23:09:06.266+0000] {dag.py:3328} INFO - Setting next_dagrun for example_task_group_decorator to 2023-05-13T23:09:06.265867+00:00, run_after=2023-05-14T23:09:06.265867+00:00
[2023-05-14T23:09:06.288+0000] {processor.py:178} INFO - Processing /home/airflow/.local/lib/python3.7/site-packages/airflow/example_dags/example_task_group_decorator.py took 0.258 seconds
[2023-05-14T23:09:36.390+0000] {processor.py:156} INFO - Started process (PID=1206) to work on /home/airflow/.local/lib/python3.7/site-packages/airflow/example_dags/example_task_group_decorator.py
[2023-05-14T23:09:36.391+0000] {processor.py:758} INFO - Processing file /home/airflow/.local/lib/python3.7/site-packages/airflow/example_dags/example_task_group_decorator.py for tasks to queue
[2023-05-14T23:09:36.391+0000] {logging_mixin.py:117} INFO - [2023-05-14T23:09:36.391+0000] {dagbag.py:525} INFO - Filling up the DagBag from /home/airflow/.local/lib/python3.7/site-packages/airflow/example_dags/example_task_group_decorator.py
[2023-05-14T23:09:36.423+0000] {processor.py:768} INFO - DAG(s) dict_keys(['example_task_group_decorator']) retrieved from /home/airflow/.local/lib/python3.7/site-packages/airflow/example_dags/example_task_group_decorator.py
[2023-05-14T23:09:36.589+0000] {logging_mixin.py:117} INFO - [2023-05-14T23:09:36.589+0000] {dag.py:2573} INFO - Sync 1 DAGs
[2023-05-14T23:09:36.622+0000] {logging_mixin.py:117} INFO - [2023-05-14T23:09:36.621+0000] {dag.py:3328} INFO - Setting next_dagrun for example_task_group_decorator to 2023-05-13T23:09:36.621551+00:00, run_after=2023-05-14T23:09:36.621551+00:00
[2023-05-14T23:09:36.649+0000] {processor.py:178} INFO - Processing /home/airflow/.local/lib/python3.7/site-packages/airflow/example_dags/example_task_group_decorator.py took 0.263 seconds
[2023-05-14T23:10:07.016+0000] {processor.py:156} INFO - Started process (PID=1412) to work on /home/airflow/.local/lib/python3.7/site-packages/airflow/example_dags/example_task_group_decorator.py
[2023-05-14T23:10:07.017+0000] {processor.py:758} INFO - Processing file /home/airflow/.local/lib/python3.7/site-packages/airflow/example_dags/example_task_group_decorator.py for tasks to queue
[2023-05-14T23:10:07.018+0000] {logging_mixin.py:117} INFO - [2023-05-14T23:10:07.018+0000] {dagbag.py:525} INFO - Filling up the DagBag from /home/airflow/.local/lib/python3.7/site-packages/airflow/example_dags/example_task_group_decorator.py
[2023-05-14T23:10:07.295+0000] {processor.py:768} INFO - DAG(s) dict_keys(['example_task_group_decorator']) retrieved from /home/airflow/.local/lib/python3.7/site-packages/airflow/example_dags/example_task_group_decorator.py
[2023-05-14T23:10:07.351+0000] {logging_mixin.py:117} INFO - [2023-05-14T23:10:07.351+0000] {dag.py:2573} INFO - Sync 1 DAGs
[2023-05-14T23:10:07.387+0000] {logging_mixin.py:117} INFO - [2023-05-14T23:10:07.387+0000] {dag.py:3328} INFO - Setting next_dagrun for example_task_group_decorator to 2023-05-13T23:10:07.386874+00:00, run_after=2023-05-14T23:10:07.386874+00:00
[2023-05-14T23:10:07.422+0000] {processor.py:178} INFO - Processing /home/airflow/.local/lib/python3.7/site-packages/airflow/example_dags/example_task_group_decorator.py took 0.411 seconds
[2023-05-14T23:10:37.924+0000] {processor.py:156} INFO - Started process (PID=1619) to work on /home/airflow/.local/lib/python3.7/site-packages/airflow/example_dags/example_task_group_decorator.py
[2023-05-14T23:10:37.925+0000] {processor.py:758} INFO - Processing file /home/airflow/.local/lib/python3.7/site-packages/airflow/example_dags/example_task_group_decorator.py for tasks to queue
[2023-05-14T23:10:37.926+0000] {logging_mixin.py:117} INFO - [2023-05-14T23:10:37.926+0000] {dagbag.py:525} INFO - Filling up the DagBag from /home/airflow/.local/lib/python3.7/site-packages/airflow/example_dags/example_task_group_decorator.py
[2023-05-14T23:10:37.988+0000] {processor.py:768} INFO - DAG(s) dict_keys(['example_task_group_decorator']) retrieved from /home/airflow/.local/lib/python3.7/site-packages/airflow/example_dags/example_task_group_decorator.py
[2023-05-14T23:10:38.067+0000] {logging_mixin.py:117} INFO - [2023-05-14T23:10:38.067+0000] {dag.py:2573} INFO - Sync 1 DAGs
[2023-05-14T23:10:38.103+0000] {logging_mixin.py:117} INFO - [2023-05-14T23:10:38.103+0000] {dag.py:3328} INFO - Setting next_dagrun for example_task_group_decorator to 2023-05-13T23:10:38.103005+00:00, run_after=2023-05-14T23:10:38.103005+00:00
[2023-05-14T23:10:38.140+0000] {processor.py:178} INFO - Processing /home/airflow/.local/lib/python3.7/site-packages/airflow/example_dags/example_task_group_decorator.py took 0.499 seconds
[2023-05-14T23:11:08.811+0000] {processor.py:156} INFO - Started process (PID=1817) to work on /home/airflow/.local/lib/python3.7/site-packages/airflow/example_dags/example_task_group_decorator.py
[2023-05-14T23:11:08.813+0000] {processor.py:758} INFO - Processing file /home/airflow/.local/lib/python3.7/site-packages/airflow/example_dags/example_task_group_decorator.py for tasks to queue
[2023-05-14T23:11:08.814+0000] {logging_mixin.py:117} INFO - [2023-05-14T23:11:08.814+0000] {dagbag.py:525} INFO - Filling up the DagBag from /home/airflow/.local/lib/python3.7/site-packages/airflow/example_dags/example_task_group_decorator.py
[2023-05-14T23:11:08.896+0000] {processor.py:768} INFO - DAG(s) dict_keys(['example_task_group_decorator']) retrieved from /home/airflow/.local/lib/python3.7/site-packages/airflow/example_dags/example_task_group_decorator.py
[2023-05-14T23:11:08.981+0000] {logging_mixin.py:117} INFO - [2023-05-14T23:11:08.981+0000] {dag.py:2573} INFO - Sync 1 DAGs
[2023-05-14T23:11:09.032+0000] {logging_mixin.py:117} INFO - [2023-05-14T23:11:09.032+0000] {dag.py:3328} INFO - Setting next_dagrun for example_task_group_decorator to 2023-05-13T23:11:09.032017+00:00, run_after=2023-05-14T23:11:09.032017+00:00
[2023-05-14T23:11:09.083+0000] {processor.py:178} INFO - Processing /home/airflow/.local/lib/python3.7/site-packages/airflow/example_dags/example_task_group_decorator.py took 0.282 seconds
[2023-05-14T23:11:39.987+0000] {processor.py:156} INFO - Started process (PID=2024) to work on /home/airflow/.local/lib/python3.7/site-packages/airflow/example_dags/example_task_group_decorator.py
[2023-05-14T23:11:39.990+0000] {processor.py:758} INFO - Processing file /home/airflow/.local/lib/python3.7/site-packages/airflow/example_dags/example_task_group_decorator.py for tasks to queue
[2023-05-14T23:11:39.994+0000] {logging_mixin.py:117} INFO - [2023-05-14T23:11:39.993+0000] {dagbag.py:525} INFO - Filling up the DagBag from /home/airflow/.local/lib/python3.7/site-packages/airflow/example_dags/example_task_group_decorator.py
[2023-05-14T23:11:40.082+0000] {processor.py:768} INFO - DAG(s) dict_keys(['example_task_group_decorator']) retrieved from /home/airflow/.local/lib/python3.7/site-packages/airflow/example_dags/example_task_group_decorator.py
[2023-05-14T23:11:40.156+0000] {logging_mixin.py:117} INFO - [2023-05-14T23:11:40.156+0000] {dag.py:2573} INFO - Sync 1 DAGs
[2023-05-14T23:11:40.204+0000] {logging_mixin.py:117} INFO - [2023-05-14T23:11:40.203+0000] {dag.py:3328} INFO - Setting next_dagrun for example_task_group_decorator to 2023-05-13T23:11:40.203623+00:00, run_after=2023-05-14T23:11:40.203623+00:00
[2023-05-14T23:11:40.249+0000] {processor.py:178} INFO - Processing /home/airflow/.local/lib/python3.7/site-packages/airflow/example_dags/example_task_group_decorator.py took 0.276 seconds
[2023-05-14T23:12:10.355+0000] {processor.py:156} INFO - Started process (PID=2221) to work on /home/airflow/.local/lib/python3.7/site-packages/airflow/example_dags/example_task_group_decorator.py
[2023-05-14T23:12:10.380+0000] {processor.py:758} INFO - Processing file /home/airflow/.local/lib/python3.7/site-packages/airflow/example_dags/example_task_group_decorator.py for tasks to queue
[2023-05-14T23:12:10.383+0000] {logging_mixin.py:117} INFO - [2023-05-14T23:12:10.383+0000] {dagbag.py:525} INFO - Filling up the DagBag from /home/airflow/.local/lib/python3.7/site-packages/airflow/example_dags/example_task_group_decorator.py
[2023-05-14T23:12:10.444+0000] {processor.py:768} INFO - DAG(s) dict_keys(['example_task_group_decorator']) retrieved from /home/airflow/.local/lib/python3.7/site-packages/airflow/example_dags/example_task_group_decorator.py
[2023-05-14T23:12:10.530+0000] {logging_mixin.py:117} INFO - [2023-05-14T23:12:10.530+0000] {dag.py:2573} INFO - Sync 1 DAGs
[2023-05-14T23:12:10.576+0000] {logging_mixin.py:117} INFO - [2023-05-14T23:12:10.576+0000] {dag.py:3328} INFO - Setting next_dagrun for example_task_group_decorator to 2023-05-13T23:12:10.576113+00:00, run_after=2023-05-14T23:12:10.576113+00:00
[2023-05-14T23:12:10.610+0000] {processor.py:178} INFO - Processing /home/airflow/.local/lib/python3.7/site-packages/airflow/example_dags/example_task_group_decorator.py took 0.264 seconds
[2023-05-14T23:12:41.022+0000] {processor.py:156} INFO - Started process (PID=2426) to work on /home/airflow/.local/lib/python3.7/site-packages/airflow/example_dags/example_task_group_decorator.py
[2023-05-14T23:12:41.024+0000] {processor.py:758} INFO - Processing file /home/airflow/.local/lib/python3.7/site-packages/airflow/example_dags/example_task_group_decorator.py for tasks to queue
[2023-05-14T23:12:41.025+0000] {logging_mixin.py:117} INFO - [2023-05-14T23:12:41.025+0000] {dagbag.py:525} INFO - Filling up the DagBag from /home/airflow/.local/lib/python3.7/site-packages/airflow/example_dags/example_task_group_decorator.py
[2023-05-14T23:12:41.099+0000] {processor.py:768} INFO - DAG(s) dict_keys(['example_task_group_decorator']) retrieved from /home/airflow/.local/lib/python3.7/site-packages/airflow/example_dags/example_task_group_decorator.py
[2023-05-14T23:12:41.161+0000] {logging_mixin.py:117} INFO - [2023-05-14T23:12:41.161+0000] {dag.py:2573} INFO - Sync 1 DAGs
[2023-05-14T23:12:41.198+0000] {logging_mixin.py:117} INFO - [2023-05-14T23:12:41.198+0000] {dag.py:3328} INFO - Setting next_dagrun for example_task_group_decorator to 2023-05-13T23:12:41.198502+00:00, run_after=2023-05-14T23:12:41.198502+00:00
[2023-05-14T23:12:41.224+0000] {processor.py:178} INFO - Processing /home/airflow/.local/lib/python3.7/site-packages/airflow/example_dags/example_task_group_decorator.py took 0.212 seconds
[2023-05-14T23:13:11.567+0000] {processor.py:156} INFO - Started process (PID=2624) to work on /home/airflow/.local/lib/python3.7/site-packages/airflow/example_dags/example_task_group_decorator.py
[2023-05-14T23:13:11.569+0000] {processor.py:758} INFO - Processing file /home/airflow/.local/lib/python3.7/site-packages/airflow/example_dags/example_task_group_decorator.py for tasks to queue
[2023-05-14T23:13:11.570+0000] {logging_mixin.py:117} INFO - [2023-05-14T23:13:11.570+0000] {dagbag.py:525} INFO - Filling up the DagBag from /home/airflow/.local/lib/python3.7/site-packages/airflow/example_dags/example_task_group_decorator.py
[2023-05-14T23:13:11.624+0000] {processor.py:768} INFO - DAG(s) dict_keys(['example_task_group_decorator']) retrieved from /home/airflow/.local/lib/python3.7/site-packages/airflow/example_dags/example_task_group_decorator.py
[2023-05-14T23:13:11.693+0000] {logging_mixin.py:117} INFO - [2023-05-14T23:13:11.692+0000] {dag.py:2573} INFO - Sync 1 DAGs
[2023-05-14T23:13:11.735+0000] {logging_mixin.py:117} INFO - [2023-05-14T23:13:11.735+0000] {dag.py:3328} INFO - Setting next_dagrun for example_task_group_decorator to 2023-05-13T23:13:11.735100+00:00, run_after=2023-05-14T23:13:11.735100+00:00
[2023-05-14T23:13:11.772+0000] {processor.py:178} INFO - Processing /home/airflow/.local/lib/python3.7/site-packages/airflow/example_dags/example_task_group_decorator.py took 0.216 seconds
[2023-05-14T23:13:42.256+0000] {processor.py:156} INFO - Started process (PID=2831) to work on /home/airflow/.local/lib/python3.7/site-packages/airflow/example_dags/example_task_group_decorator.py
[2023-05-14T23:13:42.257+0000] {processor.py:758} INFO - Processing file /home/airflow/.local/lib/python3.7/site-packages/airflow/example_dags/example_task_group_decorator.py for tasks to queue
[2023-05-14T23:13:42.257+0000] {logging_mixin.py:117} INFO - [2023-05-14T23:13:42.257+0000] {dagbag.py:525} INFO - Filling up the DagBag from /home/airflow/.local/lib/python3.7/site-packages/airflow/example_dags/example_task_group_decorator.py
[2023-05-14T23:13:42.302+0000] {processor.py:768} INFO - DAG(s) dict_keys(['example_task_group_decorator']) retrieved from /home/airflow/.local/lib/python3.7/site-packages/airflow/example_dags/example_task_group_decorator.py
[2023-05-14T23:13:42.371+0000] {logging_mixin.py:117} INFO - [2023-05-14T23:13:42.371+0000] {dag.py:2573} INFO - Sync 1 DAGs
[2023-05-14T23:13:42.430+0000] {logging_mixin.py:117} INFO - [2023-05-14T23:13:42.430+0000] {dag.py:3328} INFO - Setting next_dagrun for example_task_group_decorator to 2023-05-13T23:13:42.429684+00:00, run_after=2023-05-14T23:13:42.429684+00:00
[2023-05-14T23:13:42.472+0000] {processor.py:178} INFO - Processing /home/airflow/.local/lib/python3.7/site-packages/airflow/example_dags/example_task_group_decorator.py took 0.220 seconds
[2023-05-14T23:14:12.785+0000] {processor.py:156} INFO - Started process (PID=3029) to work on /home/airflow/.local/lib/python3.7/site-packages/airflow/example_dags/example_task_group_decorator.py
[2023-05-14T23:14:12.787+0000] {processor.py:758} INFO - Processing file /home/airflow/.local/lib/python3.7/site-packages/airflow/example_dags/example_task_group_decorator.py for tasks to queue
[2023-05-14T23:14:12.788+0000] {logging_mixin.py:117} INFO - [2023-05-14T23:14:12.788+0000] {dagbag.py:525} INFO - Filling up the DagBag from /home/airflow/.local/lib/python3.7/site-packages/airflow/example_dags/example_task_group_decorator.py
[2023-05-14T23:14:12.836+0000] {processor.py:768} INFO - DAG(s) dict_keys(['example_task_group_decorator']) retrieved from /home/airflow/.local/lib/python3.7/site-packages/airflow/example_dags/example_task_group_decorator.py
[2023-05-14T23:14:12.947+0000] {logging_mixin.py:117} INFO - [2023-05-14T23:14:12.947+0000] {dag.py:2573} INFO - Sync 1 DAGs
[2023-05-14T23:14:13.047+0000] {logging_mixin.py:117} INFO - [2023-05-14T23:14:13.046+0000] {dag.py:3328} INFO - Setting next_dagrun for example_task_group_decorator to 2023-05-13T23:14:13.046070+00:00, run_after=2023-05-14T23:14:13.046070+00:00
[2023-05-14T23:14:13.128+0000] {processor.py:178} INFO - Processing /home/airflow/.local/lib/python3.7/site-packages/airflow/example_dags/example_task_group_decorator.py took 0.348 seconds
[2023-05-14T23:22:19.655+0000] {processor.py:156} INFO - Started process (PID=197) to work on /home/airflow/.local/lib/python3.7/site-packages/airflow/example_dags/example_task_group_decorator.py
[2023-05-14T23:22:19.656+0000] {processor.py:758} INFO - Processing file /home/airflow/.local/lib/python3.7/site-packages/airflow/example_dags/example_task_group_decorator.py for tasks to queue
[2023-05-14T23:22:19.658+0000] {logging_mixin.py:117} INFO - [2023-05-14T23:22:19.658+0000] {dagbag.py:525} INFO - Filling up the DagBag from /home/airflow/.local/lib/python3.7/site-packages/airflow/example_dags/example_task_group_decorator.py
[2023-05-14T23:22:19.761+0000] {processor.py:768} INFO - DAG(s) dict_keys(['example_task_group_decorator']) retrieved from /home/airflow/.local/lib/python3.7/site-packages/airflow/example_dags/example_task_group_decorator.py
[2023-05-14T23:22:19.842+0000] {logging_mixin.py:117} INFO - [2023-05-14T23:22:19.841+0000] {dag.py:2573} INFO - Sync 1 DAGs
[2023-05-14T23:22:19.912+0000] {logging_mixin.py:117} INFO - [2023-05-14T23:22:19.912+0000] {dag.py:3328} INFO - Setting next_dagrun for example_task_group_decorator to 2023-05-13T23:22:19.911916+00:00, run_after=2023-05-14T23:22:19.911916+00:00
[2023-05-14T23:22:19.942+0000] {processor.py:178} INFO - Processing /home/airflow/.local/lib/python3.7/site-packages/airflow/example_dags/example_task_group_decorator.py took 0.293 seconds
[2023-05-14T23:22:50.329+0000] {processor.py:156} INFO - Started process (PID=396) to work on /home/airflow/.local/lib/python3.7/site-packages/airflow/example_dags/example_task_group_decorator.py
[2023-05-14T23:22:50.329+0000] {processor.py:758} INFO - Processing file /home/airflow/.local/lib/python3.7/site-packages/airflow/example_dags/example_task_group_decorator.py for tasks to queue
[2023-05-14T23:22:50.330+0000] {logging_mixin.py:117} INFO - [2023-05-14T23:22:50.330+0000] {dagbag.py:525} INFO - Filling up the DagBag from /home/airflow/.local/lib/python3.7/site-packages/airflow/example_dags/example_task_group_decorator.py
[2023-05-14T23:22:50.380+0000] {processor.py:768} INFO - DAG(s) dict_keys(['example_task_group_decorator']) retrieved from /home/airflow/.local/lib/python3.7/site-packages/airflow/example_dags/example_task_group_decorator.py
[2023-05-14T23:22:50.406+0000] {logging_mixin.py:117} INFO - [2023-05-14T23:22:50.406+0000] {dag.py:2573} INFO - Sync 1 DAGs
[2023-05-14T23:22:50.441+0000] {logging_mixin.py:117} INFO - [2023-05-14T23:22:50.440+0000] {dag.py:3328} INFO - Setting next_dagrun for example_task_group_decorator to 2023-05-13T23:22:50.440690+00:00, run_after=2023-05-14T23:22:50.440690+00:00
[2023-05-14T23:22:50.466+0000] {processor.py:178} INFO - Processing /home/airflow/.local/lib/python3.7/site-packages/airflow/example_dags/example_task_group_decorator.py took 0.142 seconds
[2023-05-14T23:23:22.351+0000] {processor.py:156} INFO - Started process (PID=603) to work on /home/airflow/.local/lib/python3.7/site-packages/airflow/example_dags/example_task_group_decorator.py
[2023-05-14T23:23:22.352+0000] {processor.py:758} INFO - Processing file /home/airflow/.local/lib/python3.7/site-packages/airflow/example_dags/example_task_group_decorator.py for tasks to queue
[2023-05-14T23:23:22.352+0000] {logging_mixin.py:117} INFO - [2023-05-14T23:23:22.352+0000] {dagbag.py:525} INFO - Filling up the DagBag from /home/airflow/.local/lib/python3.7/site-packages/airflow/example_dags/example_task_group_decorator.py
[2023-05-14T23:23:22.417+0000] {processor.py:768} INFO - DAG(s) dict_keys(['example_task_group_decorator']) retrieved from /home/airflow/.local/lib/python3.7/site-packages/airflow/example_dags/example_task_group_decorator.py
[2023-05-14T23:23:22.495+0000] {logging_mixin.py:117} INFO - [2023-05-14T23:23:22.493+0000] {dag.py:2573} INFO - Sync 1 DAGs
[2023-05-14T23:23:22.773+0000] {logging_mixin.py:117} INFO - [2023-05-14T23:23:22.773+0000] {dag.py:3328} INFO - Setting next_dagrun for example_task_group_decorator to 2023-05-13T23:23:22.772697+00:00, run_after=2023-05-14T23:23:22.772697+00:00
[2023-05-14T23:23:22.807+0000] {processor.py:178} INFO - Processing /home/airflow/.local/lib/python3.7/site-packages/airflow/example_dags/example_task_group_decorator.py took 0.459 seconds
[2023-05-14T23:23:53.943+0000] {processor.py:156} INFO - Started process (PID=801) to work on /home/airflow/.local/lib/python3.7/site-packages/airflow/example_dags/example_task_group_decorator.py
[2023-05-14T23:23:53.945+0000] {processor.py:758} INFO - Processing file /home/airflow/.local/lib/python3.7/site-packages/airflow/example_dags/example_task_group_decorator.py for tasks to queue
[2023-05-14T23:23:53.948+0000] {logging_mixin.py:117} INFO - [2023-05-14T23:23:53.947+0000] {dagbag.py:525} INFO - Filling up the DagBag from /home/airflow/.local/lib/python3.7/site-packages/airflow/example_dags/example_task_group_decorator.py
[2023-05-14T23:23:54.058+0000] {processor.py:768} INFO - DAG(s) dict_keys(['example_task_group_decorator']) retrieved from /home/airflow/.local/lib/python3.7/site-packages/airflow/example_dags/example_task_group_decorator.py
[2023-05-14T23:23:54.563+0000] {logging_mixin.py:117} INFO - [2023-05-14T23:23:54.563+0000] {dag.py:2573} INFO - Sync 1 DAGs
[2023-05-14T23:23:54.633+0000] {logging_mixin.py:117} INFO - [2023-05-14T23:23:54.633+0000] {dag.py:3328} INFO - Setting next_dagrun for example_task_group_decorator to 2023-05-13T23:23:54.633059+00:00, run_after=2023-05-14T23:23:54.633059+00:00
[2023-05-14T23:23:54.711+0000] {processor.py:178} INFO - Processing /home/airflow/.local/lib/python3.7/site-packages/airflow/example_dags/example_task_group_decorator.py took 0.775 seconds
[2023-05-14T23:24:25.465+0000] {processor.py:156} INFO - Started process (PID=1008) to work on /home/airflow/.local/lib/python3.7/site-packages/airflow/example_dags/example_task_group_decorator.py
[2023-05-14T23:24:25.466+0000] {processor.py:758} INFO - Processing file /home/airflow/.local/lib/python3.7/site-packages/airflow/example_dags/example_task_group_decorator.py for tasks to queue
[2023-05-14T23:24:25.466+0000] {logging_mixin.py:117} INFO - [2023-05-14T23:24:25.466+0000] {dagbag.py:525} INFO - Filling up the DagBag from /home/airflow/.local/lib/python3.7/site-packages/airflow/example_dags/example_task_group_decorator.py
[2023-05-14T23:24:25.528+0000] {processor.py:768} INFO - DAG(s) dict_keys(['example_task_group_decorator']) retrieved from /home/airflow/.local/lib/python3.7/site-packages/airflow/example_dags/example_task_group_decorator.py
[2023-05-14T23:24:25.832+0000] {logging_mixin.py:117} INFO - [2023-05-14T23:24:25.832+0000] {dag.py:2573} INFO - Sync 1 DAGs
[2023-05-14T23:24:25.876+0000] {logging_mixin.py:117} INFO - [2023-05-14T23:24:25.876+0000] {dag.py:3328} INFO - Setting next_dagrun for example_task_group_decorator to 2023-05-13T23:24:25.875814+00:00, run_after=2023-05-14T23:24:25.875814+00:00
[2023-05-14T23:24:25.908+0000] {processor.py:178} INFO - Processing /home/airflow/.local/lib/python3.7/site-packages/airflow/example_dags/example_task_group_decorator.py took 0.447 seconds
[2023-05-14T23:24:56.321+0000] {processor.py:156} INFO - Started process (PID=1206) to work on /home/airflow/.local/lib/python3.7/site-packages/airflow/example_dags/example_task_group_decorator.py
[2023-05-14T23:24:56.322+0000] {processor.py:758} INFO - Processing file /home/airflow/.local/lib/python3.7/site-packages/airflow/example_dags/example_task_group_decorator.py for tasks to queue
[2023-05-14T23:24:56.323+0000] {logging_mixin.py:117} INFO - [2023-05-14T23:24:56.323+0000] {dagbag.py:525} INFO - Filling up the DagBag from /home/airflow/.local/lib/python3.7/site-packages/airflow/example_dags/example_task_group_decorator.py
[2023-05-14T23:24:56.406+0000] {processor.py:768} INFO - DAG(s) dict_keys(['example_task_group_decorator']) retrieved from /home/airflow/.local/lib/python3.7/site-packages/airflow/example_dags/example_task_group_decorator.py
[2023-05-14T23:24:56.689+0000] {logging_mixin.py:117} INFO - [2023-05-14T23:24:56.689+0000] {dag.py:2573} INFO - Sync 1 DAGs
[2023-05-14T23:24:56.734+0000] {logging_mixin.py:117} INFO - [2023-05-14T23:24:56.734+0000] {dag.py:3328} INFO - Setting next_dagrun for example_task_group_decorator to 2023-05-13T23:24:56.734328+00:00, run_after=2023-05-14T23:24:56.734328+00:00
[2023-05-14T23:24:56.773+0000] {processor.py:178} INFO - Processing /home/airflow/.local/lib/python3.7/site-packages/airflow/example_dags/example_task_group_decorator.py took 0.457 seconds
[2023-05-14T23:25:27.030+0000] {processor.py:156} INFO - Started process (PID=1412) to work on /home/airflow/.local/lib/python3.7/site-packages/airflow/example_dags/example_task_group_decorator.py
[2023-05-14T23:25:27.031+0000] {processor.py:758} INFO - Processing file /home/airflow/.local/lib/python3.7/site-packages/airflow/example_dags/example_task_group_decorator.py for tasks to queue
[2023-05-14T23:25:27.034+0000] {logging_mixin.py:117} INFO - [2023-05-14T23:25:27.034+0000] {dagbag.py:525} INFO - Filling up the DagBag from /home/airflow/.local/lib/python3.7/site-packages/airflow/example_dags/example_task_group_decorator.py
[2023-05-14T23:25:27.345+0000] {processor.py:768} INFO - DAG(s) dict_keys(['example_task_group_decorator']) retrieved from /home/airflow/.local/lib/python3.7/site-packages/airflow/example_dags/example_task_group_decorator.py
[2023-05-14T23:25:27.448+0000] {logging_mixin.py:117} INFO - [2023-05-14T23:25:27.448+0000] {dag.py:2573} INFO - Sync 1 DAGs
[2023-05-14T23:25:27.526+0000] {logging_mixin.py:117} INFO - [2023-05-14T23:25:27.526+0000] {dag.py:3328} INFO - Setting next_dagrun for example_task_group_decorator to 2023-05-13T23:25:27.526152+00:00, run_after=2023-05-14T23:25:27.526152+00:00
[2023-05-14T23:25:27.572+0000] {processor.py:178} INFO - Processing /home/airflow/.local/lib/python3.7/site-packages/airflow/example_dags/example_task_group_decorator.py took 0.546 seconds
[2023-05-14T23:25:57.841+0000] {processor.py:156} INFO - Started process (PID=1612) to work on /home/airflow/.local/lib/python3.7/site-packages/airflow/example_dags/example_task_group_decorator.py
[2023-05-14T23:25:57.842+0000] {processor.py:758} INFO - Processing file /home/airflow/.local/lib/python3.7/site-packages/airflow/example_dags/example_task_group_decorator.py for tasks to queue
[2023-05-14T23:25:57.842+0000] {logging_mixin.py:117} INFO - [2023-05-14T23:25:57.842+0000] {dagbag.py:525} INFO - Filling up the DagBag from /home/airflow/.local/lib/python3.7/site-packages/airflow/example_dags/example_task_group_decorator.py
[2023-05-14T23:25:58.031+0000] {processor.py:768} INFO - DAG(s) dict_keys(['example_task_group_decorator']) retrieved from /home/airflow/.local/lib/python3.7/site-packages/airflow/example_dags/example_task_group_decorator.py
[2023-05-14T23:25:58.076+0000] {logging_mixin.py:117} INFO - [2023-05-14T23:25:58.076+0000] {dag.py:2573} INFO - Sync 1 DAGs
[2023-05-14T23:25:58.107+0000] {logging_mixin.py:117} INFO - [2023-05-14T23:25:58.107+0000] {dag.py:3328} INFO - Setting next_dagrun for example_task_group_decorator to 2023-05-13T23:25:58.107473+00:00, run_after=2023-05-14T23:25:58.107473+00:00
[2023-05-14T23:25:58.130+0000] {processor.py:178} INFO - Processing /home/airflow/.local/lib/python3.7/site-packages/airflow/example_dags/example_task_group_decorator.py took 0.294 seconds
[2023-05-14T23:26:28.498+0000] {processor.py:156} INFO - Started process (PID=1817) to work on /home/airflow/.local/lib/python3.7/site-packages/airflow/example_dags/example_task_group_decorator.py
[2023-05-14T23:26:28.499+0000] {processor.py:758} INFO - Processing file /home/airflow/.local/lib/python3.7/site-packages/airflow/example_dags/example_task_group_decorator.py for tasks to queue
[2023-05-14T23:26:28.500+0000] {logging_mixin.py:117} INFO - [2023-05-14T23:26:28.500+0000] {dagbag.py:525} INFO - Filling up the DagBag from /home/airflow/.local/lib/python3.7/site-packages/airflow/example_dags/example_task_group_decorator.py
[2023-05-14T23:26:28.555+0000] {processor.py:768} INFO - DAG(s) dict_keys(['example_task_group_decorator']) retrieved from /home/airflow/.local/lib/python3.7/site-packages/airflow/example_dags/example_task_group_decorator.py
[2023-05-14T23:26:28.618+0000] {logging_mixin.py:117} INFO - [2023-05-14T23:26:28.617+0000] {dag.py:2573} INFO - Sync 1 DAGs
[2023-05-14T23:26:28.665+0000] {logging_mixin.py:117} INFO - [2023-05-14T23:26:28.665+0000] {dag.py:3328} INFO - Setting next_dagrun for example_task_group_decorator to 2023-05-13T23:26:28.664970+00:00, run_after=2023-05-14T23:26:28.664970+00:00
[2023-05-14T23:26:28.694+0000] {processor.py:178} INFO - Processing /home/airflow/.local/lib/python3.7/site-packages/airflow/example_dags/example_task_group_decorator.py took 0.200 seconds
