[2023-05-14T23:07:03.732+0000] {processor.py:156} INFO - Started process (PID=223) to work on /home/airflow/.local/lib/python3.7/site-packages/airflow/example_dags/example_subdag_operator.py
[2023-05-14T23:07:03.733+0000] {processor.py:758} INFO - Processing file /home/airflow/.local/lib/python3.7/site-packages/airflow/example_dags/example_subdag_operator.py for tasks to queue
[2023-05-14T23:07:03.734+0000] {logging_mixin.py:117} INFO - [2023-05-14T23:07:03.734+0000] {dagbag.py:525} INFO - Filling up the DagBag from /home/airflow/.local/lib/python3.7/site-packages/airflow/example_dags/example_subdag_operator.py
[2023-05-14T23:07:03.808+0000] {processor.py:768} INFO - DAG(s) dict_keys(['example_subdag_operator.section-1', 'example_subdag_operator.section-2', 'example_subdag_operator']) retrieved from /home/airflow/.local/lib/python3.7/site-packages/airflow/example_dags/example_subdag_operator.py
[2023-05-14T23:07:03.858+0000] {logging_mixin.py:117} INFO - [2023-05-14T23:07:03.858+0000] {dag.py:2573} INFO - Sync 3 DAGs
[2023-05-14T23:07:03.914+0000] {logging_mixin.py:117} INFO - [2023-05-14T23:07:03.914+0000] {dag.py:3328} INFO - Setting next_dagrun for example_subdag_operator to 2022-01-01T00:00:00+00:00, run_after=2022-01-01T00:00:00+00:00
[2023-05-14T23:07:03.922+0000] {logging_mixin.py:117} INFO - [2023-05-14T23:07:03.921+0000] {dag.py:3328} INFO - Setting next_dagrun for example_subdag_operator.section-1 to None, run_after=None
[2023-05-14T23:07:03.924+0000] {logging_mixin.py:117} INFO - [2023-05-14T23:07:03.924+0000] {dag.py:3328} INFO - Setting next_dagrun for example_subdag_operator.section-2 to None, run_after=None
[2023-05-14T23:07:03.941+0000] {logging_mixin.py:117} INFO - [2023-05-14T23:07:03.941+0000] {dag.py:2573} INFO - Sync 2 DAGs
[2023-05-14T23:07:03.954+0000] {logging_mixin.py:117} INFO - [2023-05-14T23:07:03.954+0000] {dag.py:3328} INFO - Setting next_dagrun for example_subdag_operator.section-1 to None, run_after=None
[2023-05-14T23:07:03.955+0000] {logging_mixin.py:117} INFO - [2023-05-14T23:07:03.955+0000] {dag.py:3328} INFO - Setting next_dagrun for example_subdag_operator.section-2 to None, run_after=None
[2023-05-14T23:07:03.984+0000] {processor.py:178} INFO - Processing /home/airflow/.local/lib/python3.7/site-packages/airflow/example_dags/example_subdag_operator.py took 0.259 seconds
[2023-05-14T23:07:34.752+0000] {processor.py:156} INFO - Started process (PID=421) to work on /home/airflow/.local/lib/python3.7/site-packages/airflow/example_dags/example_subdag_operator.py
[2023-05-14T23:07:34.753+0000] {processor.py:758} INFO - Processing file /home/airflow/.local/lib/python3.7/site-packages/airflow/example_dags/example_subdag_operator.py for tasks to queue
[2023-05-14T23:07:34.754+0000] {logging_mixin.py:117} INFO - [2023-05-14T23:07:34.754+0000] {dagbag.py:525} INFO - Filling up the DagBag from /home/airflow/.local/lib/python3.7/site-packages/airflow/example_dags/example_subdag_operator.py
[2023-05-14T23:07:34.792+0000] {processor.py:768} INFO - DAG(s) dict_keys(['example_subdag_operator.section-1', 'example_subdag_operator.section-2', 'example_subdag_operator']) retrieved from /home/airflow/.local/lib/python3.7/site-packages/airflow/example_dags/example_subdag_operator.py
[2023-05-14T23:07:35.026+0000] {logging_mixin.py:117} INFO - [2023-05-14T23:07:35.026+0000] {dag.py:2573} INFO - Sync 3 DAGs
[2023-05-14T23:07:35.061+0000] {logging_mixin.py:117} INFO - [2023-05-14T23:07:35.061+0000] {dag.py:3328} INFO - Setting next_dagrun for example_subdag_operator to 2022-01-01T00:00:00+00:00, run_after=2022-01-01T00:00:00+00:00
[2023-05-14T23:07:35.185+0000] {logging_mixin.py:117} INFO - [2023-05-14T23:07:35.185+0000] {dag.py:3328} INFO - Setting next_dagrun for example_subdag_operator.section-1 to None, run_after=None
[2023-05-14T23:07:35.187+0000] {logging_mixin.py:117} INFO - [2023-05-14T23:07:35.186+0000] {dag.py:3328} INFO - Setting next_dagrun for example_subdag_operator.section-2 to None, run_after=None
[2023-05-14T23:07:35.195+0000] {logging_mixin.py:117} INFO - [2023-05-14T23:07:35.195+0000] {dag.py:2573} INFO - Sync 2 DAGs
[2023-05-14T23:07:35.202+0000] {logging_mixin.py:117} INFO - [2023-05-14T23:07:35.202+0000] {dag.py:3328} INFO - Setting next_dagrun for example_subdag_operator.section-1 to None, run_after=None
[2023-05-14T23:07:35.202+0000] {logging_mixin.py:117} INFO - [2023-05-14T23:07:35.202+0000] {dag.py:3328} INFO - Setting next_dagrun for example_subdag_operator.section-2 to None, run_after=None
[2023-05-14T23:07:35.215+0000] {processor.py:178} INFO - Processing /home/airflow/.local/lib/python3.7/site-packages/airflow/example_dags/example_subdag_operator.py took 0.467 seconds
[2023-05-14T23:08:05.422+0000] {processor.py:156} INFO - Started process (PID=629) to work on /home/airflow/.local/lib/python3.7/site-packages/airflow/example_dags/example_subdag_operator.py
[2023-05-14T23:08:05.423+0000] {processor.py:758} INFO - Processing file /home/airflow/.local/lib/python3.7/site-packages/airflow/example_dags/example_subdag_operator.py for tasks to queue
[2023-05-14T23:08:05.424+0000] {logging_mixin.py:117} INFO - [2023-05-14T23:08:05.424+0000] {dagbag.py:525} INFO - Filling up the DagBag from /home/airflow/.local/lib/python3.7/site-packages/airflow/example_dags/example_subdag_operator.py
[2023-05-14T23:08:05.473+0000] {processor.py:768} INFO - DAG(s) dict_keys(['example_subdag_operator.section-1', 'example_subdag_operator.section-2', 'example_subdag_operator']) retrieved from /home/airflow/.local/lib/python3.7/site-packages/airflow/example_dags/example_subdag_operator.py
[2023-05-14T23:08:05.805+0000] {logging_mixin.py:117} INFO - [2023-05-14T23:08:05.805+0000] {dag.py:2573} INFO - Sync 3 DAGs
[2023-05-14T23:08:05.991+0000] {logging_mixin.py:117} INFO - [2023-05-14T23:08:05.991+0000] {dag.py:3328} INFO - Setting next_dagrun for example_subdag_operator to 2022-01-01T00:00:00+00:00, run_after=2022-01-01T00:00:00+00:00
[2023-05-14T23:08:05.996+0000] {logging_mixin.py:117} INFO - [2023-05-14T23:08:05.996+0000] {dag.py:3328} INFO - Setting next_dagrun for example_subdag_operator.section-1 to None, run_after=None
[2023-05-14T23:08:05.998+0000] {logging_mixin.py:117} INFO - [2023-05-14T23:08:05.998+0000] {dag.py:3328} INFO - Setting next_dagrun for example_subdag_operator.section-2 to None, run_after=None
[2023-05-14T23:08:06.008+0000] {logging_mixin.py:117} INFO - [2023-05-14T23:08:06.007+0000] {dag.py:2573} INFO - Sync 2 DAGs
[2023-05-14T23:08:06.017+0000] {logging_mixin.py:117} INFO - [2023-05-14T23:08:06.016+0000] {dag.py:3328} INFO - Setting next_dagrun for example_subdag_operator.section-1 to None, run_after=None
[2023-05-14T23:08:06.017+0000] {logging_mixin.py:117} INFO - [2023-05-14T23:08:06.017+0000] {dag.py:3328} INFO - Setting next_dagrun for example_subdag_operator.section-2 to None, run_after=None
[2023-05-14T23:08:06.035+0000] {processor.py:178} INFO - Processing /home/airflow/.local/lib/python3.7/site-packages/airflow/example_dags/example_subdag_operator.py took 0.617 seconds
[2023-05-14T23:08:36.287+0000] {processor.py:156} INFO - Started process (PID=827) to work on /home/airflow/.local/lib/python3.7/site-packages/airflow/example_dags/example_subdag_operator.py
[2023-05-14T23:08:36.288+0000] {processor.py:758} INFO - Processing file /home/airflow/.local/lib/python3.7/site-packages/airflow/example_dags/example_subdag_operator.py for tasks to queue
[2023-05-14T23:08:36.289+0000] {logging_mixin.py:117} INFO - [2023-05-14T23:08:36.288+0000] {dagbag.py:525} INFO - Filling up the DagBag from /home/airflow/.local/lib/python3.7/site-packages/airflow/example_dags/example_subdag_operator.py
[2023-05-14T23:08:36.332+0000] {processor.py:768} INFO - DAG(s) dict_keys(['example_subdag_operator.section-1', 'example_subdag_operator.section-2', 'example_subdag_operator']) retrieved from /home/airflow/.local/lib/python3.7/site-packages/airflow/example_dags/example_subdag_operator.py
[2023-05-14T23:08:36.738+0000] {logging_mixin.py:117} INFO - [2023-05-14T23:08:36.738+0000] {dag.py:2573} INFO - Sync 3 DAGs
[2023-05-14T23:08:36.766+0000] {logging_mixin.py:117} INFO - [2023-05-14T23:08:36.766+0000] {dag.py:3328} INFO - Setting next_dagrun for example_subdag_operator to 2022-01-01T00:00:00+00:00, run_after=2022-01-01T00:00:00+00:00
[2023-05-14T23:08:36.769+0000] {logging_mixin.py:117} INFO - [2023-05-14T23:08:36.769+0000] {dag.py:3328} INFO - Setting next_dagrun for example_subdag_operator.section-1 to None, run_after=None
[2023-05-14T23:08:36.770+0000] {logging_mixin.py:117} INFO - [2023-05-14T23:08:36.770+0000] {dag.py:3328} INFO - Setting next_dagrun for example_subdag_operator.section-2 to None, run_after=None
[2023-05-14T23:08:36.777+0000] {logging_mixin.py:117} INFO - [2023-05-14T23:08:36.777+0000] {dag.py:2573} INFO - Sync 2 DAGs
[2023-05-14T23:08:36.783+0000] {logging_mixin.py:117} INFO - [2023-05-14T23:08:36.783+0000] {dag.py:3328} INFO - Setting next_dagrun for example_subdag_operator.section-1 to None, run_after=None
[2023-05-14T23:08:36.783+0000] {logging_mixin.py:117} INFO - [2023-05-14T23:08:36.783+0000] {dag.py:3328} INFO - Setting next_dagrun for example_subdag_operator.section-2 to None, run_after=None
[2023-05-14T23:08:36.795+0000] {processor.py:178} INFO - Processing /home/airflow/.local/lib/python3.7/site-packages/airflow/example_dags/example_subdag_operator.py took 0.512 seconds
[2023-05-14T23:09:06.838+0000] {processor.py:156} INFO - Started process (PID=1032) to work on /home/airflow/.local/lib/python3.7/site-packages/airflow/example_dags/example_subdag_operator.py
[2023-05-14T23:09:06.839+0000] {processor.py:758} INFO - Processing file /home/airflow/.local/lib/python3.7/site-packages/airflow/example_dags/example_subdag_operator.py for tasks to queue
[2023-05-14T23:09:06.840+0000] {logging_mixin.py:117} INFO - [2023-05-14T23:09:06.839+0000] {dagbag.py:525} INFO - Filling up the DagBag from /home/airflow/.local/lib/python3.7/site-packages/airflow/example_dags/example_subdag_operator.py
[2023-05-14T23:09:06.882+0000] {processor.py:768} INFO - DAG(s) dict_keys(['example_subdag_operator.section-1', 'example_subdag_operator.section-2', 'example_subdag_operator']) retrieved from /home/airflow/.local/lib/python3.7/site-packages/airflow/example_dags/example_subdag_operator.py
[2023-05-14T23:09:07.351+0000] {logging_mixin.py:117} INFO - [2023-05-14T23:09:07.350+0000] {dag.py:2573} INFO - Sync 3 DAGs
[2023-05-14T23:09:07.395+0000] {logging_mixin.py:117} INFO - [2023-05-14T23:09:07.395+0000] {dag.py:3328} INFO - Setting next_dagrun for example_subdag_operator to 2022-01-01T00:00:00+00:00, run_after=2022-01-01T00:00:00+00:00
[2023-05-14T23:09:07.398+0000] {logging_mixin.py:117} INFO - [2023-05-14T23:09:07.398+0000] {dag.py:3328} INFO - Setting next_dagrun for example_subdag_operator.section-1 to None, run_after=None
[2023-05-14T23:09:07.400+0000] {logging_mixin.py:117} INFO - [2023-05-14T23:09:07.399+0000] {dag.py:3328} INFO - Setting next_dagrun for example_subdag_operator.section-2 to None, run_after=None
[2023-05-14T23:09:07.411+0000] {logging_mixin.py:117} INFO - [2023-05-14T23:09:07.411+0000] {dag.py:2573} INFO - Sync 2 DAGs
[2023-05-14T23:09:07.417+0000] {logging_mixin.py:117} INFO - [2023-05-14T23:09:07.416+0000] {dag.py:3328} INFO - Setting next_dagrun for example_subdag_operator.section-1 to None, run_after=None
[2023-05-14T23:09:07.417+0000] {logging_mixin.py:117} INFO - [2023-05-14T23:09:07.417+0000] {dag.py:3328} INFO - Setting next_dagrun for example_subdag_operator.section-2 to None, run_after=None
[2023-05-14T23:09:07.433+0000] {processor.py:178} INFO - Processing /home/airflow/.local/lib/python3.7/site-packages/airflow/example_dags/example_subdag_operator.py took 0.599 seconds
[2023-05-14T23:09:37.517+0000] {processor.py:156} INFO - Started process (PID=1240) to work on /home/airflow/.local/lib/python3.7/site-packages/airflow/example_dags/example_subdag_operator.py
[2023-05-14T23:09:37.518+0000] {processor.py:758} INFO - Processing file /home/airflow/.local/lib/python3.7/site-packages/airflow/example_dags/example_subdag_operator.py for tasks to queue
[2023-05-14T23:09:37.519+0000] {logging_mixin.py:117} INFO - [2023-05-14T23:09:37.519+0000] {dagbag.py:525} INFO - Filling up the DagBag from /home/airflow/.local/lib/python3.7/site-packages/airflow/example_dags/example_subdag_operator.py
[2023-05-14T23:09:37.580+0000] {processor.py:768} INFO - DAG(s) dict_keys(['example_subdag_operator.section-1', 'example_subdag_operator.section-2', 'example_subdag_operator']) retrieved from /home/airflow/.local/lib/python3.7/site-packages/airflow/example_dags/example_subdag_operator.py
[2023-05-14T23:09:38.206+0000] {logging_mixin.py:117} INFO - [2023-05-14T23:09:38.201+0000] {dag.py:2573} INFO - Sync 3 DAGs
[2023-05-14T23:09:38.295+0000] {logging_mixin.py:117} INFO - [2023-05-14T23:09:38.294+0000] {dag.py:3328} INFO - Setting next_dagrun for example_subdag_operator to 2022-01-01T00:00:00+00:00, run_after=2022-01-01T00:00:00+00:00
[2023-05-14T23:09:38.307+0000] {logging_mixin.py:117} INFO - [2023-05-14T23:09:38.307+0000] {dag.py:3328} INFO - Setting next_dagrun for example_subdag_operator.section-1 to None, run_after=None
[2023-05-14T23:09:38.312+0000] {logging_mixin.py:117} INFO - [2023-05-14T23:09:38.312+0000] {dag.py:3328} INFO - Setting next_dagrun for example_subdag_operator.section-2 to None, run_after=None
[2023-05-14T23:09:38.332+0000] {logging_mixin.py:117} INFO - [2023-05-14T23:09:38.332+0000] {dag.py:2573} INFO - Sync 2 DAGs
[2023-05-14T23:09:38.359+0000] {logging_mixin.py:117} INFO - [2023-05-14T23:09:38.359+0000] {dag.py:3328} INFO - Setting next_dagrun for example_subdag_operator.section-1 to None, run_after=None
[2023-05-14T23:09:38.360+0000] {logging_mixin.py:117} INFO - [2023-05-14T23:09:38.360+0000] {dag.py:3328} INFO - Setting next_dagrun for example_subdag_operator.section-2 to None, run_after=None
[2023-05-14T23:09:38.396+0000] {processor.py:178} INFO - Processing /home/airflow/.local/lib/python3.7/site-packages/airflow/example_dags/example_subdag_operator.py took 0.883 seconds
[2023-05-14T23:10:08.678+0000] {processor.py:156} INFO - Started process (PID=1444) to work on /home/airflow/.local/lib/python3.7/site-packages/airflow/example_dags/example_subdag_operator.py
[2023-05-14T23:10:08.680+0000] {processor.py:758} INFO - Processing file /home/airflow/.local/lib/python3.7/site-packages/airflow/example_dags/example_subdag_operator.py for tasks to queue
[2023-05-14T23:10:08.681+0000] {logging_mixin.py:117} INFO - [2023-05-14T23:10:08.680+0000] {dagbag.py:525} INFO - Filling up the DagBag from /home/airflow/.local/lib/python3.7/site-packages/airflow/example_dags/example_subdag_operator.py
[2023-05-14T23:10:08.895+0000] {processor.py:768} INFO - DAG(s) dict_keys(['example_subdag_operator.section-1', 'example_subdag_operator.section-2', 'example_subdag_operator']) retrieved from /home/airflow/.local/lib/python3.7/site-packages/airflow/example_dags/example_subdag_operator.py
[2023-05-14T23:10:09.142+0000] {logging_mixin.py:117} INFO - [2023-05-14T23:10:09.142+0000] {dag.py:2573} INFO - Sync 3 DAGs
[2023-05-14T23:10:09.176+0000] {logging_mixin.py:117} INFO - [2023-05-14T23:10:09.176+0000] {dag.py:3328} INFO - Setting next_dagrun for example_subdag_operator to 2022-01-01T00:00:00+00:00, run_after=2022-01-01T00:00:00+00:00
[2023-05-14T23:10:09.180+0000] {logging_mixin.py:117} INFO - [2023-05-14T23:10:09.179+0000] {dag.py:3328} INFO - Setting next_dagrun for example_subdag_operator.section-1 to None, run_after=None
[2023-05-14T23:10:09.181+0000] {logging_mixin.py:117} INFO - [2023-05-14T23:10:09.181+0000] {dag.py:3328} INFO - Setting next_dagrun for example_subdag_operator.section-2 to None, run_after=None
[2023-05-14T23:10:09.188+0000] {logging_mixin.py:117} INFO - [2023-05-14T23:10:09.188+0000] {dag.py:2573} INFO - Sync 2 DAGs
[2023-05-14T23:10:09.193+0000] {logging_mixin.py:117} INFO - [2023-05-14T23:10:09.193+0000] {dag.py:3328} INFO - Setting next_dagrun for example_subdag_operator.section-1 to None, run_after=None
[2023-05-14T23:10:09.194+0000] {logging_mixin.py:117} INFO - [2023-05-14T23:10:09.194+0000] {dag.py:3328} INFO - Setting next_dagrun for example_subdag_operator.section-2 to None, run_after=None
[2023-05-14T23:10:09.204+0000] {processor.py:178} INFO - Processing /home/airflow/.local/lib/python3.7/site-packages/airflow/example_dags/example_subdag_operator.py took 0.530 seconds
[2023-05-14T23:10:40.134+0000] {processor.py:156} INFO - Started process (PID=1656) to work on /home/airflow/.local/lib/python3.7/site-packages/airflow/example_dags/example_subdag_operator.py
[2023-05-14T23:10:40.138+0000] {processor.py:758} INFO - Processing file /home/airflow/.local/lib/python3.7/site-packages/airflow/example_dags/example_subdag_operator.py for tasks to queue
[2023-05-14T23:10:40.141+0000] {logging_mixin.py:117} INFO - [2023-05-14T23:10:40.140+0000] {dagbag.py:525} INFO - Filling up the DagBag from /home/airflow/.local/lib/python3.7/site-packages/airflow/example_dags/example_subdag_operator.py
[2023-05-14T23:10:40.238+0000] {processor.py:768} INFO - DAG(s) dict_keys(['example_subdag_operator.section-1', 'example_subdag_operator.section-2', 'example_subdag_operator']) retrieved from /home/airflow/.local/lib/python3.7/site-packages/airflow/example_dags/example_subdag_operator.py
[2023-05-14T23:10:40.547+0000] {logging_mixin.py:117} INFO - [2023-05-14T23:10:40.547+0000] {dag.py:2573} INFO - Sync 3 DAGs
[2023-05-14T23:10:40.581+0000] {logging_mixin.py:117} INFO - [2023-05-14T23:10:40.581+0000] {dag.py:3328} INFO - Setting next_dagrun for example_subdag_operator to 2022-01-01T00:00:00+00:00, run_after=2022-01-01T00:00:00+00:00
[2023-05-14T23:10:40.584+0000] {logging_mixin.py:117} INFO - [2023-05-14T23:10:40.584+0000] {dag.py:3328} INFO - Setting next_dagrun for example_subdag_operator.section-1 to None, run_after=None
[2023-05-14T23:10:40.585+0000] {logging_mixin.py:117} INFO - [2023-05-14T23:10:40.585+0000] {dag.py:3328} INFO - Setting next_dagrun for example_subdag_operator.section-2 to None, run_after=None
[2023-05-14T23:10:40.597+0000] {logging_mixin.py:117} INFO - [2023-05-14T23:10:40.597+0000] {dag.py:2573} INFO - Sync 2 DAGs
[2023-05-14T23:10:40.606+0000] {logging_mixin.py:117} INFO - [2023-05-14T23:10:40.605+0000] {dag.py:3328} INFO - Setting next_dagrun for example_subdag_operator.section-1 to None, run_after=None
[2023-05-14T23:10:40.606+0000] {logging_mixin.py:117} INFO - [2023-05-14T23:10:40.606+0000] {dag.py:3328} INFO - Setting next_dagrun for example_subdag_operator.section-2 to None, run_after=None
[2023-05-14T23:10:40.619+0000] {processor.py:178} INFO - Processing /home/airflow/.local/lib/python3.7/site-packages/airflow/example_dags/example_subdag_operator.py took 0.504 seconds
[2023-05-14T23:11:10.856+0000] {processor.py:156} INFO - Started process (PID=1854) to work on /home/airflow/.local/lib/python3.7/site-packages/airflow/example_dags/example_subdag_operator.py
[2023-05-14T23:11:10.857+0000] {processor.py:758} INFO - Processing file /home/airflow/.local/lib/python3.7/site-packages/airflow/example_dags/example_subdag_operator.py for tasks to queue
[2023-05-14T23:11:10.860+0000] {logging_mixin.py:117} INFO - [2023-05-14T23:11:10.859+0000] {dagbag.py:525} INFO - Filling up the DagBag from /home/airflow/.local/lib/python3.7/site-packages/airflow/example_dags/example_subdag_operator.py
[2023-05-14T23:11:10.914+0000] {processor.py:768} INFO - DAG(s) dict_keys(['example_subdag_operator.section-1', 'example_subdag_operator.section-2', 'example_subdag_operator']) retrieved from /home/airflow/.local/lib/python3.7/site-packages/airflow/example_dags/example_subdag_operator.py
[2023-05-14T23:11:11.177+0000] {logging_mixin.py:117} INFO - [2023-05-14T23:11:11.177+0000] {dag.py:2573} INFO - Sync 3 DAGs
[2023-05-14T23:11:11.215+0000] {logging_mixin.py:117} INFO - [2023-05-14T23:11:11.215+0000] {dag.py:3328} INFO - Setting next_dagrun for example_subdag_operator to 2022-01-01T00:00:00+00:00, run_after=2022-01-01T00:00:00+00:00
[2023-05-14T23:11:11.219+0000] {logging_mixin.py:117} INFO - [2023-05-14T23:11:11.219+0000] {dag.py:3328} INFO - Setting next_dagrun for example_subdag_operator.section-1 to None, run_after=None
[2023-05-14T23:11:11.221+0000] {logging_mixin.py:117} INFO - [2023-05-14T23:11:11.221+0000] {dag.py:3328} INFO - Setting next_dagrun for example_subdag_operator.section-2 to None, run_after=None
[2023-05-14T23:11:11.232+0000] {logging_mixin.py:117} INFO - [2023-05-14T23:11:11.231+0000] {dag.py:2573} INFO - Sync 2 DAGs
[2023-05-14T23:11:11.238+0000] {logging_mixin.py:117} INFO - [2023-05-14T23:11:11.238+0000] {dag.py:3328} INFO - Setting next_dagrun for example_subdag_operator.section-1 to None, run_after=None
[2023-05-14T23:11:11.238+0000] {logging_mixin.py:117} INFO - [2023-05-14T23:11:11.238+0000] {dag.py:3328} INFO - Setting next_dagrun for example_subdag_operator.section-2 to None, run_after=None
[2023-05-14T23:11:11.259+0000] {processor.py:178} INFO - Processing /home/airflow/.local/lib/python3.7/site-packages/airflow/example_dags/example_subdag_operator.py took 0.408 seconds
[2023-05-14T23:11:41.911+0000] {processor.py:156} INFO - Started process (PID=2061) to work on /home/airflow/.local/lib/python3.7/site-packages/airflow/example_dags/example_subdag_operator.py
[2023-05-14T23:11:41.914+0000] {processor.py:758} INFO - Processing file /home/airflow/.local/lib/python3.7/site-packages/airflow/example_dags/example_subdag_operator.py for tasks to queue
[2023-05-14T23:11:41.918+0000] {logging_mixin.py:117} INFO - [2023-05-14T23:11:41.917+0000] {dagbag.py:525} INFO - Filling up the DagBag from /home/airflow/.local/lib/python3.7/site-packages/airflow/example_dags/example_subdag_operator.py
[2023-05-14T23:11:41.983+0000] {processor.py:768} INFO - DAG(s) dict_keys(['example_subdag_operator.section-1', 'example_subdag_operator.section-2', 'example_subdag_operator']) retrieved from /home/airflow/.local/lib/python3.7/site-packages/airflow/example_dags/example_subdag_operator.py
[2023-05-14T23:11:42.278+0000] {logging_mixin.py:117} INFO - [2023-05-14T23:11:42.278+0000] {dag.py:2573} INFO - Sync 3 DAGs
[2023-05-14T23:11:42.318+0000] {logging_mixin.py:117} INFO - [2023-05-14T23:11:42.317+0000] {dag.py:3328} INFO - Setting next_dagrun for example_subdag_operator to 2022-01-01T00:00:00+00:00, run_after=2022-01-01T00:00:00+00:00
[2023-05-14T23:11:42.325+0000] {logging_mixin.py:117} INFO - [2023-05-14T23:11:42.325+0000] {dag.py:3328} INFO - Setting next_dagrun for example_subdag_operator.section-1 to None, run_after=None
[2023-05-14T23:11:42.326+0000] {logging_mixin.py:117} INFO - [2023-05-14T23:11:42.326+0000] {dag.py:3328} INFO - Setting next_dagrun for example_subdag_operator.section-2 to None, run_after=None
[2023-05-14T23:11:42.337+0000] {logging_mixin.py:117} INFO - [2023-05-14T23:11:42.336+0000] {dag.py:2573} INFO - Sync 2 DAGs
[2023-05-14T23:11:42.345+0000] {logging_mixin.py:117} INFO - [2023-05-14T23:11:42.345+0000] {dag.py:3328} INFO - Setting next_dagrun for example_subdag_operator.section-1 to None, run_after=None
[2023-05-14T23:11:42.345+0000] {logging_mixin.py:117} INFO - [2023-05-14T23:11:42.345+0000] {dag.py:3328} INFO - Setting next_dagrun for example_subdag_operator.section-2 to None, run_after=None
[2023-05-14T23:11:42.362+0000] {processor.py:178} INFO - Processing /home/airflow/.local/lib/python3.7/site-packages/airflow/example_dags/example_subdag_operator.py took 0.472 seconds
[2023-05-14T23:12:12.536+0000] {processor.py:156} INFO - Started process (PID=2266) to work on /home/airflow/.local/lib/python3.7/site-packages/airflow/example_dags/example_subdag_operator.py
[2023-05-14T23:12:12.537+0000] {processor.py:758} INFO - Processing file /home/airflow/.local/lib/python3.7/site-packages/airflow/example_dags/example_subdag_operator.py for tasks to queue
[2023-05-14T23:12:12.537+0000] {logging_mixin.py:117} INFO - [2023-05-14T23:12:12.537+0000] {dagbag.py:525} INFO - Filling up the DagBag from /home/airflow/.local/lib/python3.7/site-packages/airflow/example_dags/example_subdag_operator.py
[2023-05-14T23:12:12.590+0000] {processor.py:768} INFO - DAG(s) dict_keys(['example_subdag_operator.section-1', 'example_subdag_operator.section-2', 'example_subdag_operator']) retrieved from /home/airflow/.local/lib/python3.7/site-packages/airflow/example_dags/example_subdag_operator.py
[2023-05-14T23:12:12.886+0000] {logging_mixin.py:117} INFO - [2023-05-14T23:12:12.885+0000] {dag.py:2573} INFO - Sync 3 DAGs
[2023-05-14T23:12:12.928+0000] {logging_mixin.py:117} INFO - [2023-05-14T23:12:12.928+0000] {dag.py:3328} INFO - Setting next_dagrun for example_subdag_operator to 2022-01-01T00:00:00+00:00, run_after=2022-01-01T00:00:00+00:00
[2023-05-14T23:12:12.935+0000] {logging_mixin.py:117} INFO - [2023-05-14T23:12:12.934+0000] {dag.py:3328} INFO - Setting next_dagrun for example_subdag_operator.section-1 to None, run_after=None
[2023-05-14T23:12:12.937+0000] {logging_mixin.py:117} INFO - [2023-05-14T23:12:12.937+0000] {dag.py:3328} INFO - Setting next_dagrun for example_subdag_operator.section-2 to None, run_after=None
[2023-05-14T23:12:12.954+0000] {logging_mixin.py:117} INFO - [2023-05-14T23:12:12.954+0000] {dag.py:2573} INFO - Sync 2 DAGs
[2023-05-14T23:12:12.969+0000] {logging_mixin.py:117} INFO - [2023-05-14T23:12:12.968+0000] {dag.py:3328} INFO - Setting next_dagrun for example_subdag_operator.section-1 to None, run_after=None
[2023-05-14T23:12:12.969+0000] {logging_mixin.py:117} INFO - [2023-05-14T23:12:12.969+0000] {dag.py:3328} INFO - Setting next_dagrun for example_subdag_operator.section-2 to None, run_after=None
[2023-05-14T23:12:12.995+0000] {processor.py:178} INFO - Processing /home/airflow/.local/lib/python3.7/site-packages/airflow/example_dags/example_subdag_operator.py took 0.463 seconds
[2023-05-14T23:12:43.282+0000] {processor.py:156} INFO - Started process (PID=2476) to work on /home/airflow/.local/lib/python3.7/site-packages/airflow/example_dags/example_subdag_operator.py
[2023-05-14T23:12:43.284+0000] {processor.py:758} INFO - Processing file /home/airflow/.local/lib/python3.7/site-packages/airflow/example_dags/example_subdag_operator.py for tasks to queue
[2023-05-14T23:12:43.286+0000] {logging_mixin.py:117} INFO - [2023-05-14T23:12:43.285+0000] {dagbag.py:525} INFO - Filling up the DagBag from /home/airflow/.local/lib/python3.7/site-packages/airflow/example_dags/example_subdag_operator.py
[2023-05-14T23:12:43.357+0000] {processor.py:768} INFO - DAG(s) dict_keys(['example_subdag_operator.section-1', 'example_subdag_operator.section-2', 'example_subdag_operator']) retrieved from /home/airflow/.local/lib/python3.7/site-packages/airflow/example_dags/example_subdag_operator.py
[2023-05-14T23:12:43.804+0000] {logging_mixin.py:117} INFO - [2023-05-14T23:12:43.804+0000] {dag.py:2573} INFO - Sync 3 DAGs
[2023-05-14T23:12:43.856+0000] {logging_mixin.py:117} INFO - [2023-05-14T23:12:43.856+0000] {dag.py:3328} INFO - Setting next_dagrun for example_subdag_operator to 2022-01-01T00:00:00+00:00, run_after=2022-01-01T00:00:00+00:00
[2023-05-14T23:12:43.862+0000] {logging_mixin.py:117} INFO - [2023-05-14T23:12:43.862+0000] {dag.py:3328} INFO - Setting next_dagrun for example_subdag_operator.section-1 to None, run_after=None
[2023-05-14T23:12:43.867+0000] {logging_mixin.py:117} INFO - [2023-05-14T23:12:43.867+0000] {dag.py:3328} INFO - Setting next_dagrun for example_subdag_operator.section-2 to None, run_after=None
[2023-05-14T23:12:43.884+0000] {logging_mixin.py:117} INFO - [2023-05-14T23:12:43.883+0000] {dag.py:2573} INFO - Sync 2 DAGs
[2023-05-14T23:12:43.895+0000] {logging_mixin.py:117} INFO - [2023-05-14T23:12:43.895+0000] {dag.py:3328} INFO - Setting next_dagrun for example_subdag_operator.section-1 to None, run_after=None
[2023-05-14T23:12:43.896+0000] {logging_mixin.py:117} INFO - [2023-05-14T23:12:43.896+0000] {dag.py:3328} INFO - Setting next_dagrun for example_subdag_operator.section-2 to None, run_after=None
[2023-05-14T23:12:43.923+0000] {processor.py:178} INFO - Processing /home/airflow/.local/lib/python3.7/site-packages/airflow/example_dags/example_subdag_operator.py took 0.650 seconds
[2023-05-14T23:13:14.836+0000] {processor.py:156} INFO - Started process (PID=2688) to work on /home/airflow/.local/lib/python3.7/site-packages/airflow/example_dags/example_subdag_operator.py
[2023-05-14T23:13:14.842+0000] {processor.py:758} INFO - Processing file /home/airflow/.local/lib/python3.7/site-packages/airflow/example_dags/example_subdag_operator.py for tasks to queue
[2023-05-14T23:13:14.847+0000] {logging_mixin.py:117} INFO - [2023-05-14T23:13:14.847+0000] {dagbag.py:525} INFO - Filling up the DagBag from /home/airflow/.local/lib/python3.7/site-packages/airflow/example_dags/example_subdag_operator.py
[2023-05-14T23:13:14.955+0000] {processor.py:768} INFO - DAG(s) dict_keys(['example_subdag_operator.section-1', 'example_subdag_operator.section-2', 'example_subdag_operator']) retrieved from /home/airflow/.local/lib/python3.7/site-packages/airflow/example_dags/example_subdag_operator.py
[2023-05-14T23:13:15.413+0000] {logging_mixin.py:117} INFO - [2023-05-14T23:13:15.413+0000] {dag.py:2573} INFO - Sync 3 DAGs
[2023-05-14T23:13:15.499+0000] {logging_mixin.py:117} INFO - [2023-05-14T23:13:15.499+0000] {dag.py:3328} INFO - Setting next_dagrun for example_subdag_operator to 2022-01-01T00:00:00+00:00, run_after=2022-01-01T00:00:00+00:00
[2023-05-14T23:13:15.512+0000] {logging_mixin.py:117} INFO - [2023-05-14T23:13:15.511+0000] {dag.py:3328} INFO - Setting next_dagrun for example_subdag_operator.section-1 to None, run_after=None
[2023-05-14T23:13:15.515+0000] {logging_mixin.py:117} INFO - [2023-05-14T23:13:15.515+0000] {dag.py:3328} INFO - Setting next_dagrun for example_subdag_operator.section-2 to None, run_after=None
[2023-05-14T23:13:15.538+0000] {logging_mixin.py:117} INFO - [2023-05-14T23:13:15.538+0000] {dag.py:2573} INFO - Sync 2 DAGs
[2023-05-14T23:13:15.553+0000] {logging_mixin.py:117} INFO - [2023-05-14T23:13:15.553+0000] {dag.py:3328} INFO - Setting next_dagrun for example_subdag_operator.section-1 to None, run_after=None
[2023-05-14T23:13:15.554+0000] {logging_mixin.py:117} INFO - [2023-05-14T23:13:15.554+0000] {dag.py:3328} INFO - Setting next_dagrun for example_subdag_operator.section-2 to None, run_after=None
[2023-05-14T23:13:15.582+0000] {processor.py:178} INFO - Processing /home/airflow/.local/lib/python3.7/site-packages/airflow/example_dags/example_subdag_operator.py took 0.752 seconds
[2023-05-14T23:13:46.291+0000] {processor.py:156} INFO - Started process (PID=2888) to work on /home/airflow/.local/lib/python3.7/site-packages/airflow/example_dags/example_subdag_operator.py
[2023-05-14T23:13:46.292+0000] {processor.py:758} INFO - Processing file /home/airflow/.local/lib/python3.7/site-packages/airflow/example_dags/example_subdag_operator.py for tasks to queue
[2023-05-14T23:13:46.293+0000] {logging_mixin.py:117} INFO - [2023-05-14T23:13:46.293+0000] {dagbag.py:525} INFO - Filling up the DagBag from /home/airflow/.local/lib/python3.7/site-packages/airflow/example_dags/example_subdag_operator.py
[2023-05-14T23:13:46.351+0000] {processor.py:768} INFO - DAG(s) dict_keys(['example_subdag_operator.section-1', 'example_subdag_operator.section-2', 'example_subdag_operator']) retrieved from /home/airflow/.local/lib/python3.7/site-packages/airflow/example_dags/example_subdag_operator.py
[2023-05-14T23:13:46.658+0000] {logging_mixin.py:117} INFO - [2023-05-14T23:13:46.657+0000] {dag.py:2573} INFO - Sync 3 DAGs
[2023-05-14T23:13:46.701+0000] {logging_mixin.py:117} INFO - [2023-05-14T23:13:46.700+0000] {dag.py:3328} INFO - Setting next_dagrun for example_subdag_operator to 2022-01-01T00:00:00+00:00, run_after=2022-01-01T00:00:00+00:00
[2023-05-14T23:13:46.705+0000] {logging_mixin.py:117} INFO - [2023-05-14T23:13:46.705+0000] {dag.py:3328} INFO - Setting next_dagrun for example_subdag_operator.section-1 to None, run_after=None
[2023-05-14T23:13:46.706+0000] {logging_mixin.py:117} INFO - [2023-05-14T23:13:46.706+0000] {dag.py:3328} INFO - Setting next_dagrun for example_subdag_operator.section-2 to None, run_after=None
[2023-05-14T23:13:46.720+0000] {logging_mixin.py:117} INFO - [2023-05-14T23:13:46.720+0000] {dag.py:2573} INFO - Sync 2 DAGs
[2023-05-14T23:13:46.729+0000] {logging_mixin.py:117} INFO - [2023-05-14T23:13:46.728+0000] {dag.py:3328} INFO - Setting next_dagrun for example_subdag_operator.section-1 to None, run_after=None
[2023-05-14T23:13:46.730+0000] {logging_mixin.py:117} INFO - [2023-05-14T23:13:46.729+0000] {dag.py:3328} INFO - Setting next_dagrun for example_subdag_operator.section-2 to None, run_after=None
[2023-05-14T23:13:46.753+0000] {processor.py:178} INFO - Processing /home/airflow/.local/lib/python3.7/site-packages/airflow/example_dags/example_subdag_operator.py took 0.466 seconds
[2023-05-14T23:14:17.344+0000] {processor.py:156} INFO - Started process (PID=3095) to work on /home/airflow/.local/lib/python3.7/site-packages/airflow/example_dags/example_subdag_operator.py
[2023-05-14T23:14:17.345+0000] {processor.py:758} INFO - Processing file /home/airflow/.local/lib/python3.7/site-packages/airflow/example_dags/example_subdag_operator.py for tasks to queue
[2023-05-14T23:14:17.348+0000] {logging_mixin.py:117} INFO - [2023-05-14T23:14:17.347+0000] {dagbag.py:525} INFO - Filling up the DagBag from /home/airflow/.local/lib/python3.7/site-packages/airflow/example_dags/example_subdag_operator.py
[2023-05-14T23:14:17.426+0000] {processor.py:768} INFO - DAG(s) dict_keys(['example_subdag_operator.section-1', 'example_subdag_operator.section-2', 'example_subdag_operator']) retrieved from /home/airflow/.local/lib/python3.7/site-packages/airflow/example_dags/example_subdag_operator.py
[2023-05-14T23:14:17.790+0000] {logging_mixin.py:117} INFO - [2023-05-14T23:14:17.790+0000] {dag.py:2573} INFO - Sync 3 DAGs
[2023-05-14T23:14:17.830+0000] {logging_mixin.py:117} INFO - [2023-05-14T23:14:17.830+0000] {dag.py:3328} INFO - Setting next_dagrun for example_subdag_operator to 2022-01-01T00:00:00+00:00, run_after=2022-01-01T00:00:00+00:00
[2023-05-14T23:14:17.836+0000] {logging_mixin.py:117} INFO - [2023-05-14T23:14:17.836+0000] {dag.py:3328} INFO - Setting next_dagrun for example_subdag_operator.section-1 to None, run_after=None
[2023-05-14T23:14:17.839+0000] {logging_mixin.py:117} INFO - [2023-05-14T23:14:17.839+0000] {dag.py:3328} INFO - Setting next_dagrun for example_subdag_operator.section-2 to None, run_after=None
[2023-05-14T23:14:17.853+0000] {logging_mixin.py:117} INFO - [2023-05-14T23:14:17.853+0000] {dag.py:2573} INFO - Sync 2 DAGs
[2023-05-14T23:14:17.866+0000] {logging_mixin.py:117} INFO - [2023-05-14T23:14:17.866+0000] {dag.py:3328} INFO - Setting next_dagrun for example_subdag_operator.section-1 to None, run_after=None
[2023-05-14T23:14:17.866+0000] {logging_mixin.py:117} INFO - [2023-05-14T23:14:17.866+0000] {dag.py:3328} INFO - Setting next_dagrun for example_subdag_operator.section-2 to None, run_after=None
[2023-05-14T23:14:17.892+0000] {processor.py:178} INFO - Processing /home/airflow/.local/lib/python3.7/site-packages/airflow/example_dags/example_subdag_operator.py took 0.552 seconds
[2023-05-14T23:22:20.274+0000] {processor.py:156} INFO - Started process (PID=222) to work on /home/airflow/.local/lib/python3.7/site-packages/airflow/example_dags/example_subdag_operator.py
[2023-05-14T23:22:20.275+0000] {processor.py:758} INFO - Processing file /home/airflow/.local/lib/python3.7/site-packages/airflow/example_dags/example_subdag_operator.py for tasks to queue
[2023-05-14T23:22:20.276+0000] {logging_mixin.py:117} INFO - [2023-05-14T23:22:20.276+0000] {dagbag.py:525} INFO - Filling up the DagBag from /home/airflow/.local/lib/python3.7/site-packages/airflow/example_dags/example_subdag_operator.py
[2023-05-14T23:22:20.313+0000] {processor.py:768} INFO - DAG(s) dict_keys(['example_subdag_operator.section-1', 'example_subdag_operator.section-2', 'example_subdag_operator']) retrieved from /home/airflow/.local/lib/python3.7/site-packages/airflow/example_dags/example_subdag_operator.py
[2023-05-14T23:22:20.335+0000] {logging_mixin.py:117} INFO - [2023-05-14T23:22:20.335+0000] {dag.py:2573} INFO - Sync 3 DAGs
[2023-05-14T23:22:20.372+0000] {logging_mixin.py:117} INFO - [2023-05-14T23:22:20.372+0000] {dag.py:3328} INFO - Setting next_dagrun for example_subdag_operator to 2022-01-01T00:00:00+00:00, run_after=2022-01-01T00:00:00+00:00
[2023-05-14T23:22:20.377+0000] {logging_mixin.py:117} INFO - [2023-05-14T23:22:20.377+0000] {dag.py:3328} INFO - Setting next_dagrun for example_subdag_operator.section-1 to None, run_after=None
[2023-05-14T23:22:20.380+0000] {logging_mixin.py:117} INFO - [2023-05-14T23:22:20.380+0000] {dag.py:3328} INFO - Setting next_dagrun for example_subdag_operator.section-2 to None, run_after=None
[2023-05-14T23:22:20.389+0000] {logging_mixin.py:117} INFO - [2023-05-14T23:22:20.389+0000] {dag.py:2573} INFO - Sync 2 DAGs
[2023-05-14T23:22:20.396+0000] {logging_mixin.py:117} INFO - [2023-05-14T23:22:20.396+0000] {dag.py:3328} INFO - Setting next_dagrun for example_subdag_operator.section-1 to None, run_after=None
[2023-05-14T23:22:20.396+0000] {logging_mixin.py:117} INFO - [2023-05-14T23:22:20.396+0000] {dag.py:3328} INFO - Setting next_dagrun for example_subdag_operator.section-2 to None, run_after=None
[2023-05-14T23:22:20.409+0000] {processor.py:178} INFO - Processing /home/airflow/.local/lib/python3.7/site-packages/airflow/example_dags/example_subdag_operator.py took 0.138 seconds
[2023-05-14T23:22:50.758+0000] {processor.py:156} INFO - Started process (PID=423) to work on /home/airflow/.local/lib/python3.7/site-packages/airflow/example_dags/example_subdag_operator.py
[2023-05-14T23:22:50.759+0000] {processor.py:758} INFO - Processing file /home/airflow/.local/lib/python3.7/site-packages/airflow/example_dags/example_subdag_operator.py for tasks to queue
[2023-05-14T23:22:50.760+0000] {logging_mixin.py:117} INFO - [2023-05-14T23:22:50.759+0000] {dagbag.py:525} INFO - Filling up the DagBag from /home/airflow/.local/lib/python3.7/site-packages/airflow/example_dags/example_subdag_operator.py
[2023-05-14T23:22:50.789+0000] {processor.py:768} INFO - DAG(s) dict_keys(['example_subdag_operator.section-1', 'example_subdag_operator.section-2', 'example_subdag_operator']) retrieved from /home/airflow/.local/lib/python3.7/site-packages/airflow/example_dags/example_subdag_operator.py
[2023-05-14T23:22:50.805+0000] {logging_mixin.py:117} INFO - [2023-05-14T23:22:50.804+0000] {dag.py:2573} INFO - Sync 3 DAGs
[2023-05-14T23:22:50.828+0000] {logging_mixin.py:117} INFO - [2023-05-14T23:22:50.828+0000] {dag.py:3328} INFO - Setting next_dagrun for example_subdag_operator to 2022-01-01T00:00:00+00:00, run_after=2022-01-01T00:00:00+00:00
[2023-05-14T23:22:50.831+0000] {logging_mixin.py:117} INFO - [2023-05-14T23:22:50.831+0000] {dag.py:3328} INFO - Setting next_dagrun for example_subdag_operator.section-1 to None, run_after=None
[2023-05-14T23:22:50.832+0000] {logging_mixin.py:117} INFO - [2023-05-14T23:22:50.832+0000] {dag.py:3328} INFO - Setting next_dagrun for example_subdag_operator.section-2 to None, run_after=None
[2023-05-14T23:22:50.839+0000] {logging_mixin.py:117} INFO - [2023-05-14T23:22:50.839+0000] {dag.py:2573} INFO - Sync 2 DAGs
[2023-05-14T23:22:50.844+0000] {logging_mixin.py:117} INFO - [2023-05-14T23:22:50.844+0000] {dag.py:3328} INFO - Setting next_dagrun for example_subdag_operator.section-1 to None, run_after=None
[2023-05-14T23:22:50.845+0000] {logging_mixin.py:117} INFO - [2023-05-14T23:22:50.845+0000] {dag.py:3328} INFO - Setting next_dagrun for example_subdag_operator.section-2 to None, run_after=None
[2023-05-14T23:22:50.857+0000] {processor.py:178} INFO - Processing /home/airflow/.local/lib/python3.7/site-packages/airflow/example_dags/example_subdag_operator.py took 0.101 seconds
[2023-05-14T23:23:23.639+0000] {processor.py:156} INFO - Started process (PID=628) to work on /home/airflow/.local/lib/python3.7/site-packages/airflow/example_dags/example_subdag_operator.py
[2023-05-14T23:23:23.640+0000] {processor.py:758} INFO - Processing file /home/airflow/.local/lib/python3.7/site-packages/airflow/example_dags/example_subdag_operator.py for tasks to queue
[2023-05-14T23:23:23.641+0000] {logging_mixin.py:117} INFO - [2023-05-14T23:23:23.641+0000] {dagbag.py:525} INFO - Filling up the DagBag from /home/airflow/.local/lib/python3.7/site-packages/airflow/example_dags/example_subdag_operator.py
[2023-05-14T23:23:23.703+0000] {processor.py:768} INFO - DAG(s) dict_keys(['example_subdag_operator.section-1', 'example_subdag_operator.section-2', 'example_subdag_operator']) retrieved from /home/airflow/.local/lib/python3.7/site-packages/airflow/example_dags/example_subdag_operator.py
[2023-05-14T23:23:24.155+0000] {logging_mixin.py:117} INFO - [2023-05-14T23:23:24.154+0000] {dag.py:2573} INFO - Sync 3 DAGs
[2023-05-14T23:23:24.431+0000] {logging_mixin.py:117} INFO - [2023-05-14T23:23:24.431+0000] {dag.py:3328} INFO - Setting next_dagrun for example_subdag_operator to 2022-01-01T00:00:00+00:00, run_after=2022-01-01T00:00:00+00:00
[2023-05-14T23:23:24.440+0000] {logging_mixin.py:117} INFO - [2023-05-14T23:23:24.440+0000] {dag.py:3328} INFO - Setting next_dagrun for example_subdag_operator.section-1 to None, run_after=None
[2023-05-14T23:23:24.442+0000] {logging_mixin.py:117} INFO - [2023-05-14T23:23:24.441+0000] {dag.py:3328} INFO - Setting next_dagrun for example_subdag_operator.section-2 to None, run_after=None
[2023-05-14T23:23:24.454+0000] {logging_mixin.py:117} INFO - [2023-05-14T23:23:24.454+0000] {dag.py:2573} INFO - Sync 2 DAGs
[2023-05-14T23:23:24.467+0000] {logging_mixin.py:117} INFO - [2023-05-14T23:23:24.467+0000] {dag.py:3328} INFO - Setting next_dagrun for example_subdag_operator.section-1 to None, run_after=None
[2023-05-14T23:23:24.468+0000] {logging_mixin.py:117} INFO - [2023-05-14T23:23:24.468+0000] {dag.py:3328} INFO - Setting next_dagrun for example_subdag_operator.section-2 to None, run_after=None
[2023-05-14T23:23:24.489+0000] {processor.py:178} INFO - Processing /home/airflow/.local/lib/python3.7/site-packages/airflow/example_dags/example_subdag_operator.py took 0.856 seconds
[2023-05-14T23:23:56.575+0000] {processor.py:156} INFO - Started process (PID=833) to work on /home/airflow/.local/lib/python3.7/site-packages/airflow/example_dags/example_subdag_operator.py
[2023-05-14T23:23:56.576+0000] {processor.py:758} INFO - Processing file /home/airflow/.local/lib/python3.7/site-packages/airflow/example_dags/example_subdag_operator.py for tasks to queue
[2023-05-14T23:23:56.577+0000] {logging_mixin.py:117} INFO - [2023-05-14T23:23:56.576+0000] {dagbag.py:525} INFO - Filling up the DagBag from /home/airflow/.local/lib/python3.7/site-packages/airflow/example_dags/example_subdag_operator.py
[2023-05-14T23:23:56.724+0000] {processor.py:768} INFO - DAG(s) dict_keys(['example_subdag_operator.section-1', 'example_subdag_operator.section-2', 'example_subdag_operator']) retrieved from /home/airflow/.local/lib/python3.7/site-packages/airflow/example_dags/example_subdag_operator.py
[2023-05-14T23:23:57.650+0000] {logging_mixin.py:117} INFO - [2023-05-14T23:23:57.650+0000] {dag.py:2573} INFO - Sync 3 DAGs
[2023-05-14T23:23:57.734+0000] {logging_mixin.py:117} INFO - [2023-05-14T23:23:57.734+0000] {dag.py:3328} INFO - Setting next_dagrun for example_subdag_operator to 2022-01-01T00:00:00+00:00, run_after=2022-01-01T00:00:00+00:00
[2023-05-14T23:23:57.747+0000] {logging_mixin.py:117} INFO - [2023-05-14T23:23:57.747+0000] {dag.py:3328} INFO - Setting next_dagrun for example_subdag_operator.section-1 to None, run_after=None
[2023-05-14T23:23:57.751+0000] {logging_mixin.py:117} INFO - [2023-05-14T23:23:57.751+0000] {dag.py:3328} INFO - Setting next_dagrun for example_subdag_operator.section-2 to None, run_after=None
[2023-05-14T23:23:57.777+0000] {logging_mixin.py:117} INFO - [2023-05-14T23:23:57.776+0000] {dag.py:2573} INFO - Sync 2 DAGs
[2023-05-14T23:23:57.799+0000] {logging_mixin.py:117} INFO - [2023-05-14T23:23:57.799+0000] {dag.py:3328} INFO - Setting next_dagrun for example_subdag_operator.section-1 to None, run_after=None
[2023-05-14T23:23:57.799+0000] {logging_mixin.py:117} INFO - [2023-05-14T23:23:57.799+0000] {dag.py:3328} INFO - Setting next_dagrun for example_subdag_operator.section-2 to None, run_after=None
[2023-05-14T23:23:57.852+0000] {processor.py:178} INFO - Processing /home/airflow/.local/lib/python3.7/site-packages/airflow/example_dags/example_subdag_operator.py took 1.283 seconds
[2023-05-14T23:24:28.877+0000] {processor.py:156} INFO - Started process (PID=1035) to work on /home/airflow/.local/lib/python3.7/site-packages/airflow/example_dags/example_subdag_operator.py
[2023-05-14T23:24:28.886+0000] {processor.py:758} INFO - Processing file /home/airflow/.local/lib/python3.7/site-packages/airflow/example_dags/example_subdag_operator.py for tasks to queue
[2023-05-14T23:24:28.888+0000] {logging_mixin.py:117} INFO - [2023-05-14T23:24:28.887+0000] {dagbag.py:525} INFO - Filling up the DagBag from /home/airflow/.local/lib/python3.7/site-packages/airflow/example_dags/example_subdag_operator.py
[2023-05-14T23:24:29.009+0000] {processor.py:768} INFO - DAG(s) dict_keys(['example_subdag_operator.section-1', 'example_subdag_operator.section-2', 'example_subdag_operator']) retrieved from /home/airflow/.local/lib/python3.7/site-packages/airflow/example_dags/example_subdag_operator.py
[2023-05-14T23:24:29.878+0000] {logging_mixin.py:117} INFO - [2023-05-14T23:24:29.877+0000] {dag.py:2573} INFO - Sync 3 DAGs
[2023-05-14T23:24:29.944+0000] {logging_mixin.py:117} INFO - [2023-05-14T23:24:29.943+0000] {dag.py:3328} INFO - Setting next_dagrun for example_subdag_operator to 2022-01-01T00:00:00+00:00, run_after=2022-01-01T00:00:00+00:00
[2023-05-14T23:24:29.949+0000] {logging_mixin.py:117} INFO - [2023-05-14T23:24:29.949+0000] {dag.py:3328} INFO - Setting next_dagrun for example_subdag_operator.section-1 to None, run_after=None
[2023-05-14T23:24:29.952+0000] {logging_mixin.py:117} INFO - [2023-05-14T23:24:29.951+0000] {dag.py:3328} INFO - Setting next_dagrun for example_subdag_operator.section-2 to None, run_after=None
[2023-05-14T23:24:29.978+0000] {logging_mixin.py:117} INFO - [2023-05-14T23:24:29.977+0000] {dag.py:2573} INFO - Sync 2 DAGs
[2023-05-14T23:24:30.000+0000] {logging_mixin.py:117} INFO - [2023-05-14T23:24:30.000+0000] {dag.py:3328} INFO - Setting next_dagrun for example_subdag_operator.section-1 to None, run_after=None
[2023-05-14T23:24:30.001+0000] {logging_mixin.py:117} INFO - [2023-05-14T23:24:30.001+0000] {dag.py:3328} INFO - Setting next_dagrun for example_subdag_operator.section-2 to None, run_after=None
[2023-05-14T23:24:30.044+0000] {processor.py:178} INFO - Processing /home/airflow/.local/lib/python3.7/site-packages/airflow/example_dags/example_subdag_operator.py took 1.180 seconds
[2023-05-14T23:25:00.117+0000] {processor.py:156} INFO - Started process (PID=1238) to work on /home/airflow/.local/lib/python3.7/site-packages/airflow/example_dags/example_subdag_operator.py
[2023-05-14T23:25:00.117+0000] {processor.py:758} INFO - Processing file /home/airflow/.local/lib/python3.7/site-packages/airflow/example_dags/example_subdag_operator.py for tasks to queue
[2023-05-14T23:25:00.118+0000] {logging_mixin.py:117} INFO - [2023-05-14T23:25:00.118+0000] {dagbag.py:525} INFO - Filling up the DagBag from /home/airflow/.local/lib/python3.7/site-packages/airflow/example_dags/example_subdag_operator.py
[2023-05-14T23:25:00.170+0000] {processor.py:768} INFO - DAG(s) dict_keys(['example_subdag_operator.section-1', 'example_subdag_operator.section-2', 'example_subdag_operator']) retrieved from /home/airflow/.local/lib/python3.7/site-packages/airflow/example_dags/example_subdag_operator.py
[2023-05-14T23:25:00.737+0000] {logging_mixin.py:117} INFO - [2023-05-14T23:25:00.737+0000] {dag.py:2573} INFO - Sync 3 DAGs
[2023-05-14T23:25:00.797+0000] {logging_mixin.py:117} INFO - [2023-05-14T23:25:00.797+0000] {dag.py:3328} INFO - Setting next_dagrun for example_subdag_operator to 2022-01-01T00:00:00+00:00, run_after=2022-01-01T00:00:00+00:00
[2023-05-14T23:25:00.805+0000] {logging_mixin.py:117} INFO - [2023-05-14T23:25:00.804+0000] {dag.py:3328} INFO - Setting next_dagrun for example_subdag_operator.section-1 to None, run_after=None
[2023-05-14T23:25:00.806+0000] {logging_mixin.py:117} INFO - [2023-05-14T23:25:00.806+0000] {dag.py:3328} INFO - Setting next_dagrun for example_subdag_operator.section-2 to None, run_after=None
[2023-05-14T23:25:00.823+0000] {logging_mixin.py:117} INFO - [2023-05-14T23:25:00.823+0000] {dag.py:2573} INFO - Sync 2 DAGs
[2023-05-14T23:25:00.839+0000] {logging_mixin.py:117} INFO - [2023-05-14T23:25:00.839+0000] {dag.py:3328} INFO - Setting next_dagrun for example_subdag_operator.section-1 to None, run_after=None
[2023-05-14T23:25:00.839+0000] {logging_mixin.py:117} INFO - [2023-05-14T23:25:00.839+0000] {dag.py:3328} INFO - Setting next_dagrun for example_subdag_operator.section-2 to None, run_after=None
[2023-05-14T23:25:00.869+0000] {processor.py:178} INFO - Processing /home/airflow/.local/lib/python3.7/site-packages/airflow/example_dags/example_subdag_operator.py took 0.757 seconds
[2023-05-14T23:25:31.195+0000] {processor.py:156} INFO - Started process (PID=1444) to work on /home/airflow/.local/lib/python3.7/site-packages/airflow/example_dags/example_subdag_operator.py
[2023-05-14T23:25:31.196+0000] {processor.py:758} INFO - Processing file /home/airflow/.local/lib/python3.7/site-packages/airflow/example_dags/example_subdag_operator.py for tasks to queue
[2023-05-14T23:25:31.198+0000] {logging_mixin.py:117} INFO - [2023-05-14T23:25:31.198+0000] {dagbag.py:525} INFO - Filling up the DagBag from /home/airflow/.local/lib/python3.7/site-packages/airflow/example_dags/example_subdag_operator.py
[2023-05-14T23:25:31.388+0000] {processor.py:768} INFO - DAG(s) dict_keys(['example_subdag_operator.section-1', 'example_subdag_operator.section-2', 'example_subdag_operator']) retrieved from /home/airflow/.local/lib/python3.7/site-packages/airflow/example_dags/example_subdag_operator.py
[2023-05-14T23:25:31.619+0000] {logging_mixin.py:117} INFO - [2023-05-14T23:25:31.619+0000] {dag.py:2573} INFO - Sync 3 DAGs
[2023-05-14T23:25:31.650+0000] {logging_mixin.py:117} INFO - [2023-05-14T23:25:31.650+0000] {dag.py:3328} INFO - Setting next_dagrun for example_subdag_operator to 2022-01-01T00:00:00+00:00, run_after=2022-01-01T00:00:00+00:00
[2023-05-14T23:25:31.653+0000] {logging_mixin.py:117} INFO - [2023-05-14T23:25:31.653+0000] {dag.py:3328} INFO - Setting next_dagrun for example_subdag_operator.section-1 to None, run_after=None
[2023-05-14T23:25:31.654+0000] {logging_mixin.py:117} INFO - [2023-05-14T23:25:31.654+0000] {dag.py:3328} INFO - Setting next_dagrun for example_subdag_operator.section-2 to None, run_after=None
[2023-05-14T23:25:31.662+0000] {logging_mixin.py:117} INFO - [2023-05-14T23:25:31.662+0000] {dag.py:2573} INFO - Sync 2 DAGs
[2023-05-14T23:25:31.671+0000] {logging_mixin.py:117} INFO - [2023-05-14T23:25:31.671+0000] {dag.py:3328} INFO - Setting next_dagrun for example_subdag_operator.section-1 to None, run_after=None
[2023-05-14T23:25:31.671+0000] {logging_mixin.py:117} INFO - [2023-05-14T23:25:31.671+0000] {dag.py:3328} INFO - Setting next_dagrun for example_subdag_operator.section-2 to None, run_after=None
[2023-05-14T23:25:31.687+0000] {processor.py:178} INFO - Processing /home/airflow/.local/lib/python3.7/site-packages/airflow/example_dags/example_subdag_operator.py took 0.495 seconds
[2023-05-14T23:26:02.095+0000] {processor.py:156} INFO - Started process (PID=1644) to work on /home/airflow/.local/lib/python3.7/site-packages/airflow/example_dags/example_subdag_operator.py
[2023-05-14T23:26:02.096+0000] {processor.py:758} INFO - Processing file /home/airflow/.local/lib/python3.7/site-packages/airflow/example_dags/example_subdag_operator.py for tasks to queue
[2023-05-14T23:26:02.097+0000] {logging_mixin.py:117} INFO - [2023-05-14T23:26:02.097+0000] {dagbag.py:525} INFO - Filling up the DagBag from /home/airflow/.local/lib/python3.7/site-packages/airflow/example_dags/example_subdag_operator.py
[2023-05-14T23:26:02.164+0000] {processor.py:768} INFO - DAG(s) dict_keys(['example_subdag_operator.section-1', 'example_subdag_operator.section-2', 'example_subdag_operator']) retrieved from /home/airflow/.local/lib/python3.7/site-packages/airflow/example_dags/example_subdag_operator.py
[2023-05-14T23:26:02.530+0000] {logging_mixin.py:117} INFO - [2023-05-14T23:26:02.529+0000] {dag.py:2573} INFO - Sync 3 DAGs
[2023-05-14T23:26:02.586+0000] {logging_mixin.py:117} INFO - [2023-05-14T23:26:02.586+0000] {dag.py:3328} INFO - Setting next_dagrun for example_subdag_operator to 2022-01-01T00:00:00+00:00, run_after=2022-01-01T00:00:00+00:00
[2023-05-14T23:26:02.593+0000] {logging_mixin.py:117} INFO - [2023-05-14T23:26:02.593+0000] {dag.py:3328} INFO - Setting next_dagrun for example_subdag_operator.section-1 to None, run_after=None
[2023-05-14T23:26:02.595+0000] {logging_mixin.py:117} INFO - [2023-05-14T23:26:02.595+0000] {dag.py:3328} INFO - Setting next_dagrun for example_subdag_operator.section-2 to None, run_after=None
[2023-05-14T23:26:02.608+0000] {logging_mixin.py:117} INFO - [2023-05-14T23:26:02.608+0000] {dag.py:2573} INFO - Sync 2 DAGs
[2023-05-14T23:26:02.615+0000] {logging_mixin.py:117} INFO - [2023-05-14T23:26:02.615+0000] {dag.py:3328} INFO - Setting next_dagrun for example_subdag_operator.section-1 to None, run_after=None
[2023-05-14T23:26:02.615+0000] {logging_mixin.py:117} INFO - [2023-05-14T23:26:02.615+0000] {dag.py:3328} INFO - Setting next_dagrun for example_subdag_operator.section-2 to None, run_after=None
[2023-05-14T23:26:02.640+0000] {processor.py:178} INFO - Processing /home/airflow/.local/lib/python3.7/site-packages/airflow/example_dags/example_subdag_operator.py took 0.547 seconds
[2023-05-14T23:26:33.251+0000] {processor.py:156} INFO - Started process (PID=1844) to work on /home/airflow/.local/lib/python3.7/site-packages/airflow/example_dags/example_subdag_operator.py
[2023-05-14T23:26:33.253+0000] {processor.py:758} INFO - Processing file /home/airflow/.local/lib/python3.7/site-packages/airflow/example_dags/example_subdag_operator.py for tasks to queue
[2023-05-14T23:26:33.254+0000] {logging_mixin.py:117} INFO - [2023-05-14T23:26:33.254+0000] {dagbag.py:525} INFO - Filling up the DagBag from /home/airflow/.local/lib/python3.7/site-packages/airflow/example_dags/example_subdag_operator.py
[2023-05-14T23:26:33.313+0000] {processor.py:768} INFO - DAG(s) dict_keys(['example_subdag_operator.section-1', 'example_subdag_operator.section-2', 'example_subdag_operator']) retrieved from /home/airflow/.local/lib/python3.7/site-packages/airflow/example_dags/example_subdag_operator.py
[2023-05-14T23:26:33.606+0000] {logging_mixin.py:117} INFO - [2023-05-14T23:26:33.606+0000] {dag.py:2573} INFO - Sync 3 DAGs
[2023-05-14T23:26:33.648+0000] {logging_mixin.py:117} INFO - [2023-05-14T23:26:33.648+0000] {dag.py:3328} INFO - Setting next_dagrun for example_subdag_operator to 2022-01-01T00:00:00+00:00, run_after=2022-01-01T00:00:00+00:00
[2023-05-14T23:26:33.653+0000] {logging_mixin.py:117} INFO - [2023-05-14T23:26:33.653+0000] {dag.py:3328} INFO - Setting next_dagrun for example_subdag_operator.section-1 to None, run_after=None
[2023-05-14T23:26:33.655+0000] {logging_mixin.py:117} INFO - [2023-05-14T23:26:33.655+0000] {dag.py:3328} INFO - Setting next_dagrun for example_subdag_operator.section-2 to None, run_after=None
[2023-05-14T23:26:33.668+0000] {logging_mixin.py:117} INFO - [2023-05-14T23:26:33.668+0000] {dag.py:2573} INFO - Sync 2 DAGs
[2023-05-14T23:26:33.679+0000] {logging_mixin.py:117} INFO - [2023-05-14T23:26:33.678+0000] {dag.py:3328} INFO - Setting next_dagrun for example_subdag_operator.section-1 to None, run_after=None
[2023-05-14T23:26:33.680+0000] {logging_mixin.py:117} INFO - [2023-05-14T23:26:33.680+0000] {dag.py:3328} INFO - Setting next_dagrun for example_subdag_operator.section-2 to None, run_after=None
[2023-05-14T23:26:33.698+0000] {processor.py:178} INFO - Processing /home/airflow/.local/lib/python3.7/site-packages/airflow/example_dags/example_subdag_operator.py took 0.476 seconds
