[2023-05-14T23:07:06.723+0000] {processor.py:156} INFO - Started process (PID=313) to work on /home/airflow/.local/lib/python3.7/site-packages/airflow/example_dags/example_external_task_marker_dag.py
[2023-05-14T23:07:06.723+0000] {processor.py:758} INFO - Processing file /home/airflow/.local/lib/python3.7/site-packages/airflow/example_dags/example_external_task_marker_dag.py for tasks to queue
[2023-05-14T23:07:06.724+0000] {logging_mixin.py:117} INFO - [2023-05-14T23:07:06.724+0000] {dagbag.py:525} INFO - Filling up the DagBag from /home/airflow/.local/lib/python3.7/site-packages/airflow/example_dags/example_external_task_marker_dag.py
[2023-05-14T23:07:06.752+0000] {processor.py:768} INFO - DAG(s) dict_keys(['example_external_task_marker_child', 'example_external_task_marker_parent']) retrieved from /home/airflow/.local/lib/python3.7/site-packages/airflow/example_dags/example_external_task_marker_dag.py
[2023-05-14T23:07:06.802+0000] {logging_mixin.py:117} INFO - [2023-05-14T23:07:06.801+0000] {dag.py:2573} INFO - Sync 2 DAGs
[2023-05-14T23:07:06.857+0000] {logging_mixin.py:117} INFO - [2023-05-14T23:07:06.857+0000] {dag.py:3328} INFO - Setting next_dagrun for example_external_task_marker_child to None, run_after=None
[2023-05-14T23:07:06.863+0000] {logging_mixin.py:117} INFO - [2023-05-14T23:07:06.863+0000] {dag.py:3328} INFO - Setting next_dagrun for example_external_task_marker_parent to None, run_after=None
[2023-05-14T23:07:06.896+0000] {processor.py:178} INFO - Processing /home/airflow/.local/lib/python3.7/site-packages/airflow/example_dags/example_external_task_marker_dag.py took 0.177 seconds
[2023-05-14T23:07:37.144+0000] {processor.py:156} INFO - Started process (PID=513) to work on /home/airflow/.local/lib/python3.7/site-packages/airflow/example_dags/example_external_task_marker_dag.py
[2023-05-14T23:07:37.144+0000] {processor.py:758} INFO - Processing file /home/airflow/.local/lib/python3.7/site-packages/airflow/example_dags/example_external_task_marker_dag.py for tasks to queue
[2023-05-14T23:07:37.145+0000] {logging_mixin.py:117} INFO - [2023-05-14T23:07:37.145+0000] {dagbag.py:525} INFO - Filling up the DagBag from /home/airflow/.local/lib/python3.7/site-packages/airflow/example_dags/example_external_task_marker_dag.py
[2023-05-14T23:07:37.161+0000] {processor.py:768} INFO - DAG(s) dict_keys(['example_external_task_marker_child', 'example_external_task_marker_parent']) retrieved from /home/airflow/.local/lib/python3.7/site-packages/airflow/example_dags/example_external_task_marker_dag.py
[2023-05-14T23:07:37.438+0000] {logging_mixin.py:117} INFO - [2023-05-14T23:07:37.437+0000] {dag.py:2573} INFO - Sync 2 DAGs
[2023-05-14T23:07:37.463+0000] {logging_mixin.py:117} INFO - [2023-05-14T23:07:37.463+0000] {dag.py:3328} INFO - Setting next_dagrun for example_external_task_marker_child to None, run_after=None
[2023-05-14T23:07:37.579+0000] {logging_mixin.py:117} INFO - [2023-05-14T23:07:37.578+0000] {dag.py:3328} INFO - Setting next_dagrun for example_external_task_marker_parent to None, run_after=None
[2023-05-14T23:07:37.601+0000] {processor.py:178} INFO - Processing /home/airflow/.local/lib/python3.7/site-packages/airflow/example_dags/example_external_task_marker_dag.py took 0.463 seconds
[2023-05-14T23:08:09.311+0000] {processor.py:156} INFO - Started process (PID=717) to work on /home/airflow/.local/lib/python3.7/site-packages/airflow/example_dags/example_external_task_marker_dag.py
[2023-05-14T23:08:09.312+0000] {processor.py:758} INFO - Processing file /home/airflow/.local/lib/python3.7/site-packages/airflow/example_dags/example_external_task_marker_dag.py for tasks to queue
[2023-05-14T23:08:09.312+0000] {logging_mixin.py:117} INFO - [2023-05-14T23:08:09.312+0000] {dagbag.py:525} INFO - Filling up the DagBag from /home/airflow/.local/lib/python3.7/site-packages/airflow/example_dags/example_external_task_marker_dag.py
[2023-05-14T23:08:09.331+0000] {processor.py:768} INFO - DAG(s) dict_keys(['example_external_task_marker_parent', 'example_external_task_marker_child']) retrieved from /home/airflow/.local/lib/python3.7/site-packages/airflow/example_dags/example_external_task_marker_dag.py
[2023-05-14T23:08:09.527+0000] {logging_mixin.py:117} INFO - [2023-05-14T23:08:09.526+0000] {dag.py:2573} INFO - Sync 2 DAGs
[2023-05-14T23:08:09.665+0000] {logging_mixin.py:117} INFO - [2023-05-14T23:08:09.665+0000] {dag.py:3328} INFO - Setting next_dagrun for example_external_task_marker_child to None, run_after=None
[2023-05-14T23:08:09.670+0000] {logging_mixin.py:117} INFO - [2023-05-14T23:08:09.670+0000] {dag.py:3328} INFO - Setting next_dagrun for example_external_task_marker_parent to None, run_after=None
[2023-05-14T23:08:09.690+0000] {processor.py:178} INFO - Processing /home/airflow/.local/lib/python3.7/site-packages/airflow/example_dags/example_external_task_marker_dag.py took 0.383 seconds
[2023-05-14T23:08:39.898+0000] {processor.py:156} INFO - Started process (PID=924) to work on /home/airflow/.local/lib/python3.7/site-packages/airflow/example_dags/example_external_task_marker_dag.py
[2023-05-14T23:08:39.899+0000] {processor.py:758} INFO - Processing file /home/airflow/.local/lib/python3.7/site-packages/airflow/example_dags/example_external_task_marker_dag.py for tasks to queue
[2023-05-14T23:08:39.899+0000] {logging_mixin.py:117} INFO - [2023-05-14T23:08:39.899+0000] {dagbag.py:525} INFO - Filling up the DagBag from /home/airflow/.local/lib/python3.7/site-packages/airflow/example_dags/example_external_task_marker_dag.py
[2023-05-14T23:08:39.920+0000] {processor.py:768} INFO - DAG(s) dict_keys(['example_external_task_marker_parent', 'example_external_task_marker_child']) retrieved from /home/airflow/.local/lib/python3.7/site-packages/airflow/example_dags/example_external_task_marker_dag.py
[2023-05-14T23:08:40.378+0000] {logging_mixin.py:117} INFO - [2023-05-14T23:08:40.378+0000] {dag.py:2573} INFO - Sync 2 DAGs
[2023-05-14T23:08:40.414+0000] {logging_mixin.py:117} INFO - [2023-05-14T23:08:40.414+0000] {dag.py:3328} INFO - Setting next_dagrun for example_external_task_marker_child to None, run_after=None
[2023-05-14T23:08:40.419+0000] {logging_mixin.py:117} INFO - [2023-05-14T23:08:40.419+0000] {dag.py:3328} INFO - Setting next_dagrun for example_external_task_marker_parent to None, run_after=None
[2023-05-14T23:08:40.439+0000] {processor.py:178} INFO - Processing /home/airflow/.local/lib/python3.7/site-packages/airflow/example_dags/example_external_task_marker_dag.py took 0.545 seconds
[2023-05-14T23:09:10.476+0000] {processor.py:156} INFO - Started process (PID=1124) to work on /home/airflow/.local/lib/python3.7/site-packages/airflow/example_dags/example_external_task_marker_dag.py
[2023-05-14T23:09:10.477+0000] {processor.py:758} INFO - Processing file /home/airflow/.local/lib/python3.7/site-packages/airflow/example_dags/example_external_task_marker_dag.py for tasks to queue
[2023-05-14T23:09:10.478+0000] {logging_mixin.py:117} INFO - [2023-05-14T23:09:10.478+0000] {dagbag.py:525} INFO - Filling up the DagBag from /home/airflow/.local/lib/python3.7/site-packages/airflow/example_dags/example_external_task_marker_dag.py
[2023-05-14T23:09:10.492+0000] {processor.py:768} INFO - DAG(s) dict_keys(['example_external_task_marker_parent', 'example_external_task_marker_child']) retrieved from /home/airflow/.local/lib/python3.7/site-packages/airflow/example_dags/example_external_task_marker_dag.py
[2023-05-14T23:09:10.889+0000] {logging_mixin.py:117} INFO - [2023-05-14T23:09:10.889+0000] {dag.py:2573} INFO - Sync 2 DAGs
[2023-05-14T23:09:10.930+0000] {logging_mixin.py:117} INFO - [2023-05-14T23:09:10.930+0000] {dag.py:3328} INFO - Setting next_dagrun for example_external_task_marker_child to None, run_after=None
[2023-05-14T23:09:10.936+0000] {logging_mixin.py:117} INFO - [2023-05-14T23:09:10.936+0000] {dag.py:3328} INFO - Setting next_dagrun for example_external_task_marker_parent to None, run_after=None
[2023-05-14T23:09:10.961+0000] {processor.py:178} INFO - Processing /home/airflow/.local/lib/python3.7/site-packages/airflow/example_dags/example_external_task_marker_dag.py took 0.488 seconds
[2023-05-14T23:09:41.145+0000] {processor.py:156} INFO - Started process (PID=1337) to work on /home/airflow/.local/lib/python3.7/site-packages/airflow/example_dags/example_external_task_marker_dag.py
[2023-05-14T23:09:41.146+0000] {processor.py:758} INFO - Processing file /home/airflow/.local/lib/python3.7/site-packages/airflow/example_dags/example_external_task_marker_dag.py for tasks to queue
[2023-05-14T23:09:41.146+0000] {logging_mixin.py:117} INFO - [2023-05-14T23:09:41.146+0000] {dagbag.py:525} INFO - Filling up the DagBag from /home/airflow/.local/lib/python3.7/site-packages/airflow/example_dags/example_external_task_marker_dag.py
[2023-05-14T23:09:41.160+0000] {processor.py:768} INFO - DAG(s) dict_keys(['example_external_task_marker_child', 'example_external_task_marker_parent']) retrieved from /home/airflow/.local/lib/python3.7/site-packages/airflow/example_dags/example_external_task_marker_dag.py
[2023-05-14T23:09:41.502+0000] {logging_mixin.py:117} INFO - [2023-05-14T23:09:41.502+0000] {dag.py:2573} INFO - Sync 2 DAGs
[2023-05-14T23:09:41.526+0000] {logging_mixin.py:117} INFO - [2023-05-14T23:09:41.525+0000] {dag.py:3328} INFO - Setting next_dagrun for example_external_task_marker_child to None, run_after=None
[2023-05-14T23:09:41.530+0000] {logging_mixin.py:117} INFO - [2023-05-14T23:09:41.529+0000] {dag.py:3328} INFO - Setting next_dagrun for example_external_task_marker_parent to None, run_after=None
[2023-05-14T23:09:41.551+0000] {processor.py:178} INFO - Processing /home/airflow/.local/lib/python3.7/site-packages/airflow/example_dags/example_external_task_marker_dag.py took 0.409 seconds
[2023-05-14T23:10:11.761+0000] {processor.py:156} INFO - Started process (PID=1539) to work on /home/airflow/.local/lib/python3.7/site-packages/airflow/example_dags/example_external_task_marker_dag.py
[2023-05-14T23:10:11.762+0000] {processor.py:758} INFO - Processing file /home/airflow/.local/lib/python3.7/site-packages/airflow/example_dags/example_external_task_marker_dag.py for tasks to queue
[2023-05-14T23:10:11.763+0000] {logging_mixin.py:117} INFO - [2023-05-14T23:10:11.763+0000] {dagbag.py:525} INFO - Filling up the DagBag from /home/airflow/.local/lib/python3.7/site-packages/airflow/example_dags/example_external_task_marker_dag.py
[2023-05-14T23:10:11.905+0000] {processor.py:768} INFO - DAG(s) dict_keys(['example_external_task_marker_parent', 'example_external_task_marker_child']) retrieved from /home/airflow/.local/lib/python3.7/site-packages/airflow/example_dags/example_external_task_marker_dag.py
[2023-05-14T23:10:12.110+0000] {logging_mixin.py:117} INFO - [2023-05-14T23:10:12.109+0000] {dag.py:2573} INFO - Sync 2 DAGs
[2023-05-14T23:10:12.133+0000] {logging_mixin.py:117} INFO - [2023-05-14T23:10:12.133+0000] {dag.py:3328} INFO - Setting next_dagrun for example_external_task_marker_child to None, run_after=None
[2023-05-14T23:10:12.136+0000] {logging_mixin.py:117} INFO - [2023-05-14T23:10:12.136+0000] {dag.py:3328} INFO - Setting next_dagrun for example_external_task_marker_parent to None, run_after=None
[2023-05-14T23:10:12.154+0000] {processor.py:178} INFO - Processing /home/airflow/.local/lib/python3.7/site-packages/airflow/example_dags/example_external_task_marker_dag.py took 0.397 seconds
[2023-05-14T23:10:42.268+0000] {processor.py:156} INFO - Started process (PID=1751) to work on /home/airflow/.local/lib/python3.7/site-packages/airflow/example_dags/example_external_task_marker_dag.py
[2023-05-14T23:10:42.269+0000] {processor.py:758} INFO - Processing file /home/airflow/.local/lib/python3.7/site-packages/airflow/example_dags/example_external_task_marker_dag.py for tasks to queue
[2023-05-14T23:10:42.269+0000] {logging_mixin.py:117} INFO - [2023-05-14T23:10:42.269+0000] {dagbag.py:525} INFO - Filling up the DagBag from /home/airflow/.local/lib/python3.7/site-packages/airflow/example_dags/example_external_task_marker_dag.py
[2023-05-14T23:10:42.282+0000] {processor.py:768} INFO - DAG(s) dict_keys(['example_external_task_marker_child', 'example_external_task_marker_parent']) retrieved from /home/airflow/.local/lib/python3.7/site-packages/airflow/example_dags/example_external_task_marker_dag.py
[2023-05-14T23:10:42.453+0000] {logging_mixin.py:117} INFO - [2023-05-14T23:10:42.452+0000] {dag.py:2573} INFO - Sync 2 DAGs
[2023-05-14T23:10:42.475+0000] {logging_mixin.py:117} INFO - [2023-05-14T23:10:42.474+0000] {dag.py:3328} INFO - Setting next_dagrun for example_external_task_marker_child to None, run_after=None
[2023-05-14T23:10:42.478+0000] {logging_mixin.py:117} INFO - [2023-05-14T23:10:42.477+0000] {dag.py:3328} INFO - Setting next_dagrun for example_external_task_marker_parent to None, run_after=None
[2023-05-14T23:10:42.494+0000] {processor.py:178} INFO - Processing /home/airflow/.local/lib/python3.7/site-packages/airflow/example_dags/example_external_task_marker_dag.py took 0.228 seconds
[2023-05-14T23:11:14.128+0000] {processor.py:156} INFO - Started process (PID=1956) to work on /home/airflow/.local/lib/python3.7/site-packages/airflow/example_dags/example_external_task_marker_dag.py
[2023-05-14T23:11:14.130+0000] {processor.py:758} INFO - Processing file /home/airflow/.local/lib/python3.7/site-packages/airflow/example_dags/example_external_task_marker_dag.py for tasks to queue
[2023-05-14T23:11:14.131+0000] {logging_mixin.py:117} INFO - [2023-05-14T23:11:14.131+0000] {dagbag.py:525} INFO - Filling up the DagBag from /home/airflow/.local/lib/python3.7/site-packages/airflow/example_dags/example_external_task_marker_dag.py
[2023-05-14T23:11:14.180+0000] {processor.py:768} INFO - DAG(s) dict_keys(['example_external_task_marker_child', 'example_external_task_marker_parent']) retrieved from /home/airflow/.local/lib/python3.7/site-packages/airflow/example_dags/example_external_task_marker_dag.py
[2023-05-14T23:11:14.620+0000] {logging_mixin.py:117} INFO - [2023-05-14T23:11:14.619+0000] {dag.py:2573} INFO - Sync 2 DAGs
[2023-05-14T23:11:14.682+0000] {logging_mixin.py:117} INFO - [2023-05-14T23:11:14.682+0000] {dag.py:3328} INFO - Setting next_dagrun for example_external_task_marker_child to None, run_after=None
[2023-05-14T23:11:14.686+0000] {logging_mixin.py:117} INFO - [2023-05-14T23:11:14.686+0000] {dag.py:3328} INFO - Setting next_dagrun for example_external_task_marker_parent to None, run_after=None
[2023-05-14T23:11:14.733+0000] {processor.py:178} INFO - Processing /home/airflow/.local/lib/python3.7/site-packages/airflow/example_dags/example_external_task_marker_dag.py took 0.612 seconds
[2023-05-14T23:11:44.939+0000] {processor.py:156} INFO - Started process (PID=2161) to work on /home/airflow/.local/lib/python3.7/site-packages/airflow/example_dags/example_external_task_marker_dag.py
[2023-05-14T23:11:44.940+0000] {processor.py:758} INFO - Processing file /home/airflow/.local/lib/python3.7/site-packages/airflow/example_dags/example_external_task_marker_dag.py for tasks to queue
[2023-05-14T23:11:44.940+0000] {logging_mixin.py:117} INFO - [2023-05-14T23:11:44.940+0000] {dagbag.py:525} INFO - Filling up the DagBag from /home/airflow/.local/lib/python3.7/site-packages/airflow/example_dags/example_external_task_marker_dag.py
[2023-05-14T23:11:44.965+0000] {processor.py:768} INFO - DAG(s) dict_keys(['example_external_task_marker_parent', 'example_external_task_marker_child']) retrieved from /home/airflow/.local/lib/python3.7/site-packages/airflow/example_dags/example_external_task_marker_dag.py
[2023-05-14T23:11:45.311+0000] {logging_mixin.py:117} INFO - [2023-05-14T23:11:45.311+0000] {dag.py:2573} INFO - Sync 2 DAGs
[2023-05-14T23:11:45.342+0000] {logging_mixin.py:117} INFO - [2023-05-14T23:11:45.342+0000] {dag.py:3328} INFO - Setting next_dagrun for example_external_task_marker_child to None, run_after=None
[2023-05-14T23:11:45.348+0000] {logging_mixin.py:117} INFO - [2023-05-14T23:11:45.347+0000] {dag.py:3328} INFO - Setting next_dagrun for example_external_task_marker_parent to None, run_after=None
[2023-05-14T23:11:45.372+0000] {processor.py:178} INFO - Processing /home/airflow/.local/lib/python3.7/site-packages/airflow/example_dags/example_external_task_marker_dag.py took 0.439 seconds
[2023-05-14T23:12:16.006+0000] {processor.py:156} INFO - Started process (PID=2379) to work on /home/airflow/.local/lib/python3.7/site-packages/airflow/example_dags/example_external_task_marker_dag.py
[2023-05-14T23:12:16.007+0000] {processor.py:758} INFO - Processing file /home/airflow/.local/lib/python3.7/site-packages/airflow/example_dags/example_external_task_marker_dag.py for tasks to queue
[2023-05-14T23:12:16.008+0000] {logging_mixin.py:117} INFO - [2023-05-14T23:12:16.007+0000] {dagbag.py:525} INFO - Filling up the DagBag from /home/airflow/.local/lib/python3.7/site-packages/airflow/example_dags/example_external_task_marker_dag.py
[2023-05-14T23:12:16.028+0000] {processor.py:768} INFO - DAG(s) dict_keys(['example_external_task_marker_child', 'example_external_task_marker_parent']) retrieved from /home/airflow/.local/lib/python3.7/site-packages/airflow/example_dags/example_external_task_marker_dag.py
[2023-05-14T23:12:16.300+0000] {logging_mixin.py:117} INFO - [2023-05-14T23:12:16.300+0000] {dag.py:2573} INFO - Sync 2 DAGs
[2023-05-14T23:12:16.330+0000] {logging_mixin.py:117} INFO - [2023-05-14T23:12:16.330+0000] {dag.py:3328} INFO - Setting next_dagrun for example_external_task_marker_child to None, run_after=None
[2023-05-14T23:12:16.335+0000] {logging_mixin.py:117} INFO - [2023-05-14T23:12:16.335+0000] {dag.py:3328} INFO - Setting next_dagrun for example_external_task_marker_parent to None, run_after=None
[2023-05-14T23:12:16.361+0000] {processor.py:178} INFO - Processing /home/airflow/.local/lib/python3.7/site-packages/airflow/example_dags/example_external_task_marker_dag.py took 0.361 seconds
[2023-05-14T23:12:47.268+0000] {processor.py:156} INFO - Started process (PID=2578) to work on /home/airflow/.local/lib/python3.7/site-packages/airflow/example_dags/example_external_task_marker_dag.py
[2023-05-14T23:12:47.270+0000] {processor.py:758} INFO - Processing file /home/airflow/.local/lib/python3.7/site-packages/airflow/example_dags/example_external_task_marker_dag.py for tasks to queue
[2023-05-14T23:12:47.272+0000] {logging_mixin.py:117} INFO - [2023-05-14T23:12:47.272+0000] {dagbag.py:525} INFO - Filling up the DagBag from /home/airflow/.local/lib/python3.7/site-packages/airflow/example_dags/example_external_task_marker_dag.py
[2023-05-14T23:12:47.320+0000] {processor.py:768} INFO - DAG(s) dict_keys(['example_external_task_marker_parent', 'example_external_task_marker_child']) retrieved from /home/airflow/.local/lib/python3.7/site-packages/airflow/example_dags/example_external_task_marker_dag.py
[2023-05-14T23:12:47.556+0000] {logging_mixin.py:117} INFO - [2023-05-14T23:12:47.556+0000] {dag.py:2573} INFO - Sync 2 DAGs
[2023-05-14T23:12:47.587+0000] {logging_mixin.py:117} INFO - [2023-05-14T23:12:47.587+0000] {dag.py:3328} INFO - Setting next_dagrun for example_external_task_marker_child to None, run_after=None
[2023-05-14T23:12:47.591+0000] {logging_mixin.py:117} INFO - [2023-05-14T23:12:47.591+0000] {dag.py:3328} INFO - Setting next_dagrun for example_external_task_marker_parent to None, run_after=None
[2023-05-14T23:12:47.615+0000] {processor.py:178} INFO - Processing /home/airflow/.local/lib/python3.7/site-packages/airflow/example_dags/example_external_task_marker_dag.py took 0.363 seconds
[2023-05-14T23:13:18.264+0000] {processor.py:156} INFO - Started process (PID=2783) to work on /home/airflow/.local/lib/python3.7/site-packages/airflow/example_dags/example_external_task_marker_dag.py
[2023-05-14T23:13:18.266+0000] {processor.py:758} INFO - Processing file /home/airflow/.local/lib/python3.7/site-packages/airflow/example_dags/example_external_task_marker_dag.py for tasks to queue
[2023-05-14T23:13:18.268+0000] {logging_mixin.py:117} INFO - [2023-05-14T23:13:18.267+0000] {dagbag.py:525} INFO - Filling up the DagBag from /home/airflow/.local/lib/python3.7/site-packages/airflow/example_dags/example_external_task_marker_dag.py
[2023-05-14T23:13:18.289+0000] {processor.py:768} INFO - DAG(s) dict_keys(['example_external_task_marker_child', 'example_external_task_marker_parent']) retrieved from /home/airflow/.local/lib/python3.7/site-packages/airflow/example_dags/example_external_task_marker_dag.py
[2023-05-14T23:13:18.554+0000] {logging_mixin.py:117} INFO - [2023-05-14T23:13:18.554+0000] {dag.py:2573} INFO - Sync 2 DAGs
[2023-05-14T23:13:18.583+0000] {logging_mixin.py:117} INFO - [2023-05-14T23:13:18.582+0000] {dag.py:3328} INFO - Setting next_dagrun for example_external_task_marker_child to None, run_after=None
[2023-05-14T23:13:18.588+0000] {logging_mixin.py:117} INFO - [2023-05-14T23:13:18.588+0000] {dag.py:3328} INFO - Setting next_dagrun for example_external_task_marker_parent to None, run_after=None
[2023-05-14T23:13:18.611+0000] {processor.py:178} INFO - Processing /home/airflow/.local/lib/python3.7/site-packages/airflow/example_dags/example_external_task_marker_dag.py took 0.355 seconds
[2023-05-14T23:13:48.822+0000] {processor.py:156} INFO - Started process (PID=2983) to work on /home/airflow/.local/lib/python3.7/site-packages/airflow/example_dags/example_external_task_marker_dag.py
[2023-05-14T23:13:48.823+0000] {processor.py:758} INFO - Processing file /home/airflow/.local/lib/python3.7/site-packages/airflow/example_dags/example_external_task_marker_dag.py for tasks to queue
[2023-05-14T23:13:48.824+0000] {logging_mixin.py:117} INFO - [2023-05-14T23:13:48.824+0000] {dagbag.py:525} INFO - Filling up the DagBag from /home/airflow/.local/lib/python3.7/site-packages/airflow/example_dags/example_external_task_marker_dag.py
[2023-05-14T23:13:48.845+0000] {processor.py:768} INFO - DAG(s) dict_keys(['example_external_task_marker_parent', 'example_external_task_marker_child']) retrieved from /home/airflow/.local/lib/python3.7/site-packages/airflow/example_dags/example_external_task_marker_dag.py
[2023-05-14T23:13:49.531+0000] {logging_mixin.py:117} INFO - [2023-05-14T23:13:49.531+0000] {dag.py:2573} INFO - Sync 2 DAGs
[2023-05-14T23:13:49.626+0000] {logging_mixin.py:117} INFO - [2023-05-14T23:13:49.625+0000] {dag.py:3328} INFO - Setting next_dagrun for example_external_task_marker_child to None, run_after=None
[2023-05-14T23:13:49.640+0000] {logging_mixin.py:117} INFO - [2023-05-14T23:13:49.638+0000] {dag.py:3328} INFO - Setting next_dagrun for example_external_task_marker_parent to None, run_after=None
[2023-05-14T23:13:49.707+0000] {processor.py:178} INFO - Processing /home/airflow/.local/lib/python3.7/site-packages/airflow/example_dags/example_external_task_marker_dag.py took 0.891 seconds
[2023-05-14T23:14:20.049+0000] {processor.py:156} INFO - Started process (PID=3165) to work on /home/airflow/.local/lib/python3.7/site-packages/airflow/example_dags/example_external_task_marker_dag.py
[2023-05-14T23:14:20.052+0000] {processor.py:758} INFO - Processing file /home/airflow/.local/lib/python3.7/site-packages/airflow/example_dags/example_external_task_marker_dag.py for tasks to queue
[2023-05-14T23:14:20.054+0000] {logging_mixin.py:117} INFO - [2023-05-14T23:14:20.053+0000] {dagbag.py:525} INFO - Filling up the DagBag from /home/airflow/.local/lib/python3.7/site-packages/airflow/example_dags/example_external_task_marker_dag.py
[2023-05-14T23:14:20.088+0000] {processor.py:768} INFO - DAG(s) dict_keys(['example_external_task_marker_parent', 'example_external_task_marker_child']) retrieved from /home/airflow/.local/lib/python3.7/site-packages/airflow/example_dags/example_external_task_marker_dag.py
[2023-05-14T23:14:20.456+0000] {logging_mixin.py:117} INFO - [2023-05-14T23:14:20.455+0000] {dag.py:2573} INFO - Sync 2 DAGs
[2023-05-14T23:14:20.509+0000] {logging_mixin.py:117} INFO - [2023-05-14T23:14:20.509+0000] {dag.py:3328} INFO - Setting next_dagrun for example_external_task_marker_child to None, run_after=None
[2023-05-14T23:14:20.517+0000] {logging_mixin.py:117} INFO - [2023-05-14T23:14:20.517+0000] {dag.py:3328} INFO - Setting next_dagrun for example_external_task_marker_parent to None, run_after=None
[2023-05-14T23:14:20.557+0000] {processor.py:178} INFO - Processing /home/airflow/.local/lib/python3.7/site-packages/airflow/example_dags/example_external_task_marker_dag.py took 0.514 seconds
[2023-05-14T23:22:22.210+0000] {processor.py:156} INFO - Started process (PID=312) to work on /home/airflow/.local/lib/python3.7/site-packages/airflow/example_dags/example_external_task_marker_dag.py
[2023-05-14T23:22:22.211+0000] {processor.py:758} INFO - Processing file /home/airflow/.local/lib/python3.7/site-packages/airflow/example_dags/example_external_task_marker_dag.py for tasks to queue
[2023-05-14T23:22:22.212+0000] {logging_mixin.py:117} INFO - [2023-05-14T23:22:22.212+0000] {dagbag.py:525} INFO - Filling up the DagBag from /home/airflow/.local/lib/python3.7/site-packages/airflow/example_dags/example_external_task_marker_dag.py
[2023-05-14T23:22:22.236+0000] {processor.py:768} INFO - DAG(s) dict_keys(['example_external_task_marker_parent', 'example_external_task_marker_child']) retrieved from /home/airflow/.local/lib/python3.7/site-packages/airflow/example_dags/example_external_task_marker_dag.py
[2023-05-14T23:22:22.272+0000] {logging_mixin.py:117} INFO - [2023-05-14T23:22:22.271+0000] {dag.py:2573} INFO - Sync 2 DAGs
[2023-05-14T23:22:22.297+0000] {logging_mixin.py:117} INFO - [2023-05-14T23:22:22.296+0000] {dag.py:3328} INFO - Setting next_dagrun for example_external_task_marker_child to None, run_after=None
[2023-05-14T23:22:22.300+0000] {logging_mixin.py:117} INFO - [2023-05-14T23:22:22.300+0000] {dag.py:3328} INFO - Setting next_dagrun for example_external_task_marker_parent to None, run_after=None
[2023-05-14T23:22:22.318+0000] {processor.py:178} INFO - Processing /home/airflow/.local/lib/python3.7/site-packages/airflow/example_dags/example_external_task_marker_dag.py took 0.111 seconds
[2023-05-14T23:22:53.219+0000] {processor.py:156} INFO - Started process (PID=513) to work on /home/airflow/.local/lib/python3.7/site-packages/airflow/example_dags/example_external_task_marker_dag.py
[2023-05-14T23:22:53.220+0000] {processor.py:758} INFO - Processing file /home/airflow/.local/lib/python3.7/site-packages/airflow/example_dags/example_external_task_marker_dag.py for tasks to queue
[2023-05-14T23:22:53.221+0000] {logging_mixin.py:117} INFO - [2023-05-14T23:22:53.220+0000] {dagbag.py:525} INFO - Filling up the DagBag from /home/airflow/.local/lib/python3.7/site-packages/airflow/example_dags/example_external_task_marker_dag.py
[2023-05-14T23:22:53.242+0000] {processor.py:768} INFO - DAG(s) dict_keys(['example_external_task_marker_child', 'example_external_task_marker_parent']) retrieved from /home/airflow/.local/lib/python3.7/site-packages/airflow/example_dags/example_external_task_marker_dag.py
[2023-05-14T23:22:53.268+0000] {logging_mixin.py:117} INFO - [2023-05-14T23:22:53.268+0000] {dag.py:2573} INFO - Sync 2 DAGs
[2023-05-14T23:22:53.299+0000] {logging_mixin.py:117} INFO - [2023-05-14T23:22:53.298+0000] {dag.py:3328} INFO - Setting next_dagrun for example_external_task_marker_child to None, run_after=None
[2023-05-14T23:22:53.302+0000] {logging_mixin.py:117} INFO - [2023-05-14T23:22:53.302+0000] {dag.py:3328} INFO - Setting next_dagrun for example_external_task_marker_parent to None, run_after=None
[2023-05-14T23:22:53.320+0000] {processor.py:178} INFO - Processing /home/airflow/.local/lib/python3.7/site-packages/airflow/example_dags/example_external_task_marker_dag.py took 0.105 seconds
[2023-05-14T23:23:27.743+0000] {processor.py:156} INFO - Started process (PID=718) to work on /home/airflow/.local/lib/python3.7/site-packages/airflow/example_dags/example_external_task_marker_dag.py
[2023-05-14T23:23:27.746+0000] {processor.py:758} INFO - Processing file /home/airflow/.local/lib/python3.7/site-packages/airflow/example_dags/example_external_task_marker_dag.py for tasks to queue
[2023-05-14T23:23:27.748+0000] {logging_mixin.py:117} INFO - [2023-05-14T23:23:27.748+0000] {dagbag.py:525} INFO - Filling up the DagBag from /home/airflow/.local/lib/python3.7/site-packages/airflow/example_dags/example_external_task_marker_dag.py
[2023-05-14T23:23:27.774+0000] {processor.py:768} INFO - DAG(s) dict_keys(['example_external_task_marker_parent', 'example_external_task_marker_child']) retrieved from /home/airflow/.local/lib/python3.7/site-packages/airflow/example_dags/example_external_task_marker_dag.py
[2023-05-14T23:23:28.327+0000] {logging_mixin.py:117} INFO - [2023-05-14T23:23:28.326+0000] {dag.py:2573} INFO - Sync 2 DAGs
[2023-05-14T23:23:28.369+0000] {logging_mixin.py:117} INFO - [2023-05-14T23:23:28.369+0000] {dag.py:3328} INFO - Setting next_dagrun for example_external_task_marker_child to None, run_after=None
[2023-05-14T23:23:28.373+0000] {logging_mixin.py:117} INFO - [2023-05-14T23:23:28.373+0000] {dag.py:3328} INFO - Setting next_dagrun for example_external_task_marker_parent to None, run_after=None
[2023-05-14T23:23:28.400+0000] {processor.py:178} INFO - Processing /home/airflow/.local/lib/python3.7/site-packages/airflow/example_dags/example_external_task_marker_dag.py took 0.662 seconds
[2023-05-14T23:24:03.310+0000] {processor.py:156} INFO - Started process (PID=925) to work on /home/airflow/.local/lib/python3.7/site-packages/airflow/example_dags/example_external_task_marker_dag.py
[2023-05-14T23:24:03.311+0000] {processor.py:758} INFO - Processing file /home/airflow/.local/lib/python3.7/site-packages/airflow/example_dags/example_external_task_marker_dag.py for tasks to queue
[2023-05-14T23:24:03.312+0000] {logging_mixin.py:117} INFO - [2023-05-14T23:24:03.311+0000] {dagbag.py:525} INFO - Filling up the DagBag from /home/airflow/.local/lib/python3.7/site-packages/airflow/example_dags/example_external_task_marker_dag.py
[2023-05-14T23:24:03.336+0000] {processor.py:768} INFO - DAG(s) dict_keys(['example_external_task_marker_parent', 'example_external_task_marker_child']) retrieved from /home/airflow/.local/lib/python3.7/site-packages/airflow/example_dags/example_external_task_marker_dag.py
[2023-05-14T23:24:03.830+0000] {logging_mixin.py:117} INFO - [2023-05-14T23:24:03.830+0000] {dag.py:2573} INFO - Sync 2 DAGs
[2023-05-14T23:24:03.869+0000] {logging_mixin.py:117} INFO - [2023-05-14T23:24:03.869+0000] {dag.py:3328} INFO - Setting next_dagrun for example_external_task_marker_child to None, run_after=None
[2023-05-14T23:24:03.875+0000] {logging_mixin.py:117} INFO - [2023-05-14T23:24:03.875+0000] {dag.py:3328} INFO - Setting next_dagrun for example_external_task_marker_parent to None, run_after=None
[2023-05-14T23:24:03.901+0000] {processor.py:178} INFO - Processing /home/airflow/.local/lib/python3.7/site-packages/airflow/example_dags/example_external_task_marker_dag.py took 0.599 seconds
[2023-05-14T23:24:34.092+0000] {processor.py:156} INFO - Started process (PID=1125) to work on /home/airflow/.local/lib/python3.7/site-packages/airflow/example_dags/example_external_task_marker_dag.py
[2023-05-14T23:24:34.094+0000] {processor.py:758} INFO - Processing file /home/airflow/.local/lib/python3.7/site-packages/airflow/example_dags/example_external_task_marker_dag.py for tasks to queue
[2023-05-14T23:24:34.095+0000] {logging_mixin.py:117} INFO - [2023-05-14T23:24:34.095+0000] {dagbag.py:525} INFO - Filling up the DagBag from /home/airflow/.local/lib/python3.7/site-packages/airflow/example_dags/example_external_task_marker_dag.py
[2023-05-14T23:24:34.129+0000] {processor.py:768} INFO - DAG(s) dict_keys(['example_external_task_marker_child', 'example_external_task_marker_parent']) retrieved from /home/airflow/.local/lib/python3.7/site-packages/airflow/example_dags/example_external_task_marker_dag.py
[2023-05-14T23:24:34.661+0000] {logging_mixin.py:117} INFO - [2023-05-14T23:24:34.661+0000] {dag.py:2573} INFO - Sync 2 DAGs
[2023-05-14T23:24:34.694+0000] {logging_mixin.py:117} INFO - [2023-05-14T23:24:34.694+0000] {dag.py:3328} INFO - Setting next_dagrun for example_external_task_marker_child to None, run_after=None
[2023-05-14T23:24:34.698+0000] {logging_mixin.py:117} INFO - [2023-05-14T23:24:34.697+0000] {dag.py:3328} INFO - Setting next_dagrun for example_external_task_marker_parent to None, run_after=None
[2023-05-14T23:24:34.726+0000] {processor.py:178} INFO - Processing /home/airflow/.local/lib/python3.7/site-packages/airflow/example_dags/example_external_task_marker_dag.py took 0.643 seconds
[2023-05-14T23:25:04.911+0000] {processor.py:156} INFO - Started process (PID=1335) to work on /home/airflow/.local/lib/python3.7/site-packages/airflow/example_dags/example_external_task_marker_dag.py
[2023-05-14T23:25:04.912+0000] {processor.py:758} INFO - Processing file /home/airflow/.local/lib/python3.7/site-packages/airflow/example_dags/example_external_task_marker_dag.py for tasks to queue
[2023-05-14T23:25:04.913+0000] {logging_mixin.py:117} INFO - [2023-05-14T23:25:04.913+0000] {dagbag.py:525} INFO - Filling up the DagBag from /home/airflow/.local/lib/python3.7/site-packages/airflow/example_dags/example_external_task_marker_dag.py
[2023-05-14T23:25:04.934+0000] {processor.py:768} INFO - DAG(s) dict_keys(['example_external_task_marker_child', 'example_external_task_marker_parent']) retrieved from /home/airflow/.local/lib/python3.7/site-packages/airflow/example_dags/example_external_task_marker_dag.py
[2023-05-14T23:25:05.601+0000] {logging_mixin.py:117} INFO - [2023-05-14T23:25:05.601+0000] {dag.py:2573} INFO - Sync 2 DAGs
[2023-05-14T23:25:05.641+0000] {logging_mixin.py:117} INFO - [2023-05-14T23:25:05.640+0000] {dag.py:3328} INFO - Setting next_dagrun for example_external_task_marker_child to None, run_after=None
[2023-05-14T23:25:05.652+0000] {logging_mixin.py:117} INFO - [2023-05-14T23:25:05.652+0000] {dag.py:3328} INFO - Setting next_dagrun for example_external_task_marker_parent to None, run_after=None
[2023-05-14T23:25:05.701+0000] {processor.py:178} INFO - Processing /home/airflow/.local/lib/python3.7/site-packages/airflow/example_dags/example_external_task_marker_dag.py took 0.796 seconds
[2023-05-14T23:25:36.069+0000] {processor.py:156} INFO - Started process (PID=1532) to work on /home/airflow/.local/lib/python3.7/site-packages/airflow/example_dags/example_external_task_marker_dag.py
[2023-05-14T23:25:36.070+0000] {processor.py:758} INFO - Processing file /home/airflow/.local/lib/python3.7/site-packages/airflow/example_dags/example_external_task_marker_dag.py for tasks to queue
[2023-05-14T23:25:36.071+0000] {logging_mixin.py:117} INFO - [2023-05-14T23:25:36.070+0000] {dagbag.py:525} INFO - Filling up the DagBag from /home/airflow/.local/lib/python3.7/site-packages/airflow/example_dags/example_external_task_marker_dag.py
[2023-05-14T23:25:36.339+0000] {processor.py:768} INFO - DAG(s) dict_keys(['example_external_task_marker_parent', 'example_external_task_marker_child']) retrieved from /home/airflow/.local/lib/python3.7/site-packages/airflow/example_dags/example_external_task_marker_dag.py
[2023-05-14T23:25:36.778+0000] {logging_mixin.py:117} INFO - [2023-05-14T23:25:36.778+0000] {dag.py:2573} INFO - Sync 2 DAGs
[2023-05-14T23:25:36.820+0000] {logging_mixin.py:117} INFO - [2023-05-14T23:25:36.820+0000] {dag.py:3328} INFO - Setting next_dagrun for example_external_task_marker_child to None, run_after=None
[2023-05-14T23:25:36.828+0000] {logging_mixin.py:117} INFO - [2023-05-14T23:25:36.827+0000] {dag.py:3328} INFO - Setting next_dagrun for example_external_task_marker_parent to None, run_after=None
[2023-05-14T23:25:36.867+0000] {processor.py:178} INFO - Processing /home/airflow/.local/lib/python3.7/site-packages/airflow/example_dags/example_external_task_marker_dag.py took 0.802 seconds
[2023-05-14T23:26:06.973+0000] {processor.py:156} INFO - Started process (PID=1741) to work on /home/airflow/.local/lib/python3.7/site-packages/airflow/example_dags/example_external_task_marker_dag.py
[2023-05-14T23:26:06.974+0000] {processor.py:758} INFO - Processing file /home/airflow/.local/lib/python3.7/site-packages/airflow/example_dags/example_external_task_marker_dag.py for tasks to queue
[2023-05-14T23:26:06.975+0000] {logging_mixin.py:117} INFO - [2023-05-14T23:26:06.975+0000] {dagbag.py:525} INFO - Filling up the DagBag from /home/airflow/.local/lib/python3.7/site-packages/airflow/example_dags/example_external_task_marker_dag.py
[2023-05-14T23:26:07.011+0000] {processor.py:768} INFO - DAG(s) dict_keys(['example_external_task_marker_parent', 'example_external_task_marker_child']) retrieved from /home/airflow/.local/lib/python3.7/site-packages/airflow/example_dags/example_external_task_marker_dag.py
[2023-05-14T23:26:07.291+0000] {logging_mixin.py:117} INFO - [2023-05-14T23:26:07.290+0000] {dag.py:2573} INFO - Sync 2 DAGs
[2023-05-14T23:26:07.317+0000] {logging_mixin.py:117} INFO - [2023-05-14T23:26:07.316+0000] {dag.py:3328} INFO - Setting next_dagrun for example_external_task_marker_child to None, run_after=None
[2023-05-14T23:26:07.323+0000] {logging_mixin.py:117} INFO - [2023-05-14T23:26:07.323+0000] {dag.py:3328} INFO - Setting next_dagrun for example_external_task_marker_parent to None, run_after=None
[2023-05-14T23:26:07.344+0000] {processor.py:178} INFO - Processing /home/airflow/.local/lib/python3.7/site-packages/airflow/example_dags/example_external_task_marker_dag.py took 0.380 seconds
[2023-05-14T23:26:37.656+0000] {processor.py:156} INFO - Started process (PID=1949) to work on /home/airflow/.local/lib/python3.7/site-packages/airflow/example_dags/example_external_task_marker_dag.py
[2023-05-14T23:26:37.658+0000] {processor.py:758} INFO - Processing file /home/airflow/.local/lib/python3.7/site-packages/airflow/example_dags/example_external_task_marker_dag.py for tasks to queue
[2023-05-14T23:26:37.659+0000] {logging_mixin.py:117} INFO - [2023-05-14T23:26:37.659+0000] {dagbag.py:525} INFO - Filling up the DagBag from /home/airflow/.local/lib/python3.7/site-packages/airflow/example_dags/example_external_task_marker_dag.py
[2023-05-14T23:26:37.695+0000] {processor.py:768} INFO - DAG(s) dict_keys(['example_external_task_marker_child', 'example_external_task_marker_parent']) retrieved from /home/airflow/.local/lib/python3.7/site-packages/airflow/example_dags/example_external_task_marker_dag.py
[2023-05-14T23:26:38.053+0000] {logging_mixin.py:117} INFO - [2023-05-14T23:26:38.053+0000] {dag.py:2573} INFO - Sync 2 DAGs
[2023-05-14T23:26:38.099+0000] {logging_mixin.py:117} INFO - [2023-05-14T23:26:38.098+0000] {dag.py:3328} INFO - Setting next_dagrun for example_external_task_marker_child to None, run_after=None
[2023-05-14T23:26:38.104+0000] {logging_mixin.py:117} INFO - [2023-05-14T23:26:38.104+0000] {dag.py:3328} INFO - Setting next_dagrun for example_external_task_marker_parent to None, run_after=None
[2023-05-14T23:26:38.148+0000] {processor.py:178} INFO - Processing /home/airflow/.local/lib/python3.7/site-packages/airflow/example_dags/example_external_task_marker_dag.py took 0.498 seconds
