[2023-05-14T23:07:04.844+0000] {processor.py:156} INFO - Started process (PID=253) to work on /home/airflow/.local/lib/python3.7/site-packages/airflow/example_dags/example_latest_only.py
[2023-05-14T23:07:04.850+0000] {processor.py:758} INFO - Processing file /home/airflow/.local/lib/python3.7/site-packages/airflow/example_dags/example_latest_only.py for tasks to queue
[2023-05-14T23:07:04.851+0000] {logging_mixin.py:117} INFO - [2023-05-14T23:07:04.851+0000] {dagbag.py:525} INFO - Filling up the DagBag from /home/airflow/.local/lib/python3.7/site-packages/airflow/example_dags/example_latest_only.py
[2023-05-14T23:07:04.884+0000] {processor.py:768} INFO - DAG(s) dict_keys(['latest_only']) retrieved from /home/airflow/.local/lib/python3.7/site-packages/airflow/example_dags/example_latest_only.py
[2023-05-14T23:07:04.947+0000] {logging_mixin.py:117} INFO - [2023-05-14T23:07:04.947+0000] {dag.py:2573} INFO - Sync 1 DAGs
[2023-05-14T23:07:05.015+0000] {logging_mixin.py:117} INFO - [2023-05-14T23:07:05.015+0000] {dag.py:3328} INFO - Setting next_dagrun for latest_only to 2023-05-14T19:07:05.015050+00:00, run_after=2023-05-14T23:07:05.015050+00:00
[2023-05-14T23:07:05.062+0000] {processor.py:178} INFO - Processing /home/airflow/.local/lib/python3.7/site-packages/airflow/example_dags/example_latest_only.py took 0.224 seconds
[2023-05-14T23:07:35.576+0000] {processor.py:156} INFO - Started process (PID=451) to work on /home/airflow/.local/lib/python3.7/site-packages/airflow/example_dags/example_latest_only.py
[2023-05-14T23:07:35.577+0000] {processor.py:758} INFO - Processing file /home/airflow/.local/lib/python3.7/site-packages/airflow/example_dags/example_latest_only.py for tasks to queue
[2023-05-14T23:07:35.577+0000] {logging_mixin.py:117} INFO - [2023-05-14T23:07:35.577+0000] {dagbag.py:525} INFO - Filling up the DagBag from /home/airflow/.local/lib/python3.7/site-packages/airflow/example_dags/example_latest_only.py
[2023-05-14T23:07:35.594+0000] {processor.py:768} INFO - DAG(s) dict_keys(['latest_only']) retrieved from /home/airflow/.local/lib/python3.7/site-packages/airflow/example_dags/example_latest_only.py
[2023-05-14T23:07:35.637+0000] {logging_mixin.py:117} INFO - [2023-05-14T23:07:35.637+0000] {dag.py:2573} INFO - Sync 1 DAGs
[2023-05-14T23:07:35.668+0000] {logging_mixin.py:117} INFO - [2023-05-14T23:07:35.668+0000] {dag.py:3328} INFO - Setting next_dagrun for latest_only to 2023-05-14T19:07:35.668241+00:00, run_after=2023-05-14T23:07:35.668241+00:00
[2023-05-14T23:07:35.695+0000] {processor.py:178} INFO - Processing /home/airflow/.local/lib/python3.7/site-packages/airflow/example_dags/example_latest_only.py took 0.123 seconds
[2023-05-14T23:08:06.519+0000] {processor.py:156} INFO - Started process (PID=657) to work on /home/airflow/.local/lib/python3.7/site-packages/airflow/example_dags/example_latest_only.py
[2023-05-14T23:08:06.520+0000] {processor.py:758} INFO - Processing file /home/airflow/.local/lib/python3.7/site-packages/airflow/example_dags/example_latest_only.py for tasks to queue
[2023-05-14T23:08:06.520+0000] {logging_mixin.py:117} INFO - [2023-05-14T23:08:06.520+0000] {dagbag.py:525} INFO - Filling up the DagBag from /home/airflow/.local/lib/python3.7/site-packages/airflow/example_dags/example_latest_only.py
[2023-05-14T23:08:06.536+0000] {processor.py:768} INFO - DAG(s) dict_keys(['latest_only']) retrieved from /home/airflow/.local/lib/python3.7/site-packages/airflow/example_dags/example_latest_only.py
[2023-05-14T23:08:06.573+0000] {logging_mixin.py:117} INFO - [2023-05-14T23:08:06.573+0000] {dag.py:2573} INFO - Sync 1 DAGs
[2023-05-14T23:08:06.600+0000] {logging_mixin.py:117} INFO - [2023-05-14T23:08:06.600+0000] {dag.py:3328} INFO - Setting next_dagrun for latest_only to 2023-05-14T19:08:06.599838+00:00, run_after=2023-05-14T23:08:06.599838+00:00
[2023-05-14T23:08:06.742+0000] {processor.py:178} INFO - Processing /home/airflow/.local/lib/python3.7/site-packages/airflow/example_dags/example_latest_only.py took 0.226 seconds
[2023-05-14T23:08:37.466+0000] {processor.py:156} INFO - Started process (PID=855) to work on /home/airflow/.local/lib/python3.7/site-packages/airflow/example_dags/example_latest_only.py
[2023-05-14T23:08:37.466+0000] {processor.py:758} INFO - Processing file /home/airflow/.local/lib/python3.7/site-packages/airflow/example_dags/example_latest_only.py for tasks to queue
[2023-05-14T23:08:37.467+0000] {logging_mixin.py:117} INFO - [2023-05-14T23:08:37.467+0000] {dagbag.py:525} INFO - Filling up the DagBag from /home/airflow/.local/lib/python3.7/site-packages/airflow/example_dags/example_latest_only.py
[2023-05-14T23:08:37.488+0000] {processor.py:768} INFO - DAG(s) dict_keys(['latest_only']) retrieved from /home/airflow/.local/lib/python3.7/site-packages/airflow/example_dags/example_latest_only.py
[2023-05-14T23:08:37.549+0000] {logging_mixin.py:117} INFO - [2023-05-14T23:08:37.549+0000] {dag.py:2573} INFO - Sync 1 DAGs
[2023-05-14T23:08:37.753+0000] {logging_mixin.py:117} INFO - [2023-05-14T23:08:37.753+0000] {dag.py:3328} INFO - Setting next_dagrun for latest_only to 2023-05-14T19:08:37.753262+00:00, run_after=2023-05-14T23:08:37.753262+00:00
[2023-05-14T23:08:37.785+0000] {processor.py:178} INFO - Processing /home/airflow/.local/lib/python3.7/site-packages/airflow/example_dags/example_latest_only.py took 0.326 seconds
[2023-05-14T23:09:08.247+0000] {processor.py:156} INFO - Started process (PID=1062) to work on /home/airflow/.local/lib/python3.7/site-packages/airflow/example_dags/example_latest_only.py
[2023-05-14T23:09:08.248+0000] {processor.py:758} INFO - Processing file /home/airflow/.local/lib/python3.7/site-packages/airflow/example_dags/example_latest_only.py for tasks to queue
[2023-05-14T23:09:08.249+0000] {logging_mixin.py:117} INFO - [2023-05-14T23:09:08.249+0000] {dagbag.py:525} INFO - Filling up the DagBag from /home/airflow/.local/lib/python3.7/site-packages/airflow/example_dags/example_latest_only.py
[2023-05-14T23:09:08.268+0000] {processor.py:768} INFO - DAG(s) dict_keys(['latest_only']) retrieved from /home/airflow/.local/lib/python3.7/site-packages/airflow/example_dags/example_latest_only.py
[2023-05-14T23:09:08.497+0000] {logging_mixin.py:117} INFO - [2023-05-14T23:09:08.496+0000] {dag.py:2573} INFO - Sync 1 DAGs
[2023-05-14T23:09:08.529+0000] {logging_mixin.py:117} INFO - [2023-05-14T23:09:08.529+0000] {dag.py:3328} INFO - Setting next_dagrun for latest_only to 2023-05-14T19:09:08.529249+00:00, run_after=2023-05-14T23:09:08.529249+00:00
[2023-05-14T23:09:08.559+0000] {processor.py:178} INFO - Processing /home/airflow/.local/lib/python3.7/site-packages/airflow/example_dags/example_latest_only.py took 0.317 seconds
[2023-05-14T23:09:39.002+0000] {processor.py:156} INFO - Started process (PID=1270) to work on /home/airflow/.local/lib/python3.7/site-packages/airflow/example_dags/example_latest_only.py
[2023-05-14T23:09:39.003+0000] {processor.py:758} INFO - Processing file /home/airflow/.local/lib/python3.7/site-packages/airflow/example_dags/example_latest_only.py for tasks to queue
[2023-05-14T23:09:39.003+0000] {logging_mixin.py:117} INFO - [2023-05-14T23:09:39.003+0000] {dagbag.py:525} INFO - Filling up the DagBag from /home/airflow/.local/lib/python3.7/site-packages/airflow/example_dags/example_latest_only.py
[2023-05-14T23:09:39.017+0000] {processor.py:768} INFO - DAG(s) dict_keys(['latest_only']) retrieved from /home/airflow/.local/lib/python3.7/site-packages/airflow/example_dags/example_latest_only.py
[2023-05-14T23:09:39.182+0000] {logging_mixin.py:117} INFO - [2023-05-14T23:09:39.181+0000] {dag.py:2573} INFO - Sync 1 DAGs
[2023-05-14T23:09:39.206+0000] {logging_mixin.py:117} INFO - [2023-05-14T23:09:39.206+0000] {dag.py:3328} INFO - Setting next_dagrun for latest_only to 2023-05-14T19:09:39.206693+00:00, run_after=2023-05-14T23:09:39.206693+00:00
[2023-05-14T23:09:39.227+0000] {processor.py:178} INFO - Processing /home/airflow/.local/lib/python3.7/site-packages/airflow/example_dags/example_latest_only.py took 0.229 seconds
[2023-05-14T23:10:09.581+0000] {processor.py:156} INFO - Started process (PID=1469) to work on /home/airflow/.local/lib/python3.7/site-packages/airflow/example_dags/example_latest_only.py
[2023-05-14T23:10:09.581+0000] {processor.py:758} INFO - Processing file /home/airflow/.local/lib/python3.7/site-packages/airflow/example_dags/example_latest_only.py for tasks to queue
[2023-05-14T23:10:09.582+0000] {logging_mixin.py:117} INFO - [2023-05-14T23:10:09.582+0000] {dagbag.py:525} INFO - Filling up the DagBag from /home/airflow/.local/lib/python3.7/site-packages/airflow/example_dags/example_latest_only.py
[2023-05-14T23:10:09.746+0000] {processor.py:768} INFO - DAG(s) dict_keys(['latest_only']) retrieved from /home/airflow/.local/lib/python3.7/site-packages/airflow/example_dags/example_latest_only.py
[2023-05-14T23:10:09.782+0000] {logging_mixin.py:117} INFO - [2023-05-14T23:10:09.782+0000] {dag.py:2573} INFO - Sync 1 DAGs
[2023-05-14T23:10:09.805+0000] {logging_mixin.py:117} INFO - [2023-05-14T23:10:09.805+0000] {dag.py:3328} INFO - Setting next_dagrun for latest_only to 2023-05-14T19:10:09.805177+00:00, run_after=2023-05-14T23:10:09.805177+00:00
[2023-05-14T23:10:09.823+0000] {processor.py:178} INFO - Processing /home/airflow/.local/lib/python3.7/site-packages/airflow/example_dags/example_latest_only.py took 0.246 seconds
[2023-05-14T23:10:40.646+0000] {processor.py:156} INFO - Started process (PID=1674) to work on /home/airflow/.local/lib/python3.7/site-packages/airflow/example_dags/example_latest_only.py
[2023-05-14T23:10:40.646+0000] {processor.py:758} INFO - Processing file /home/airflow/.local/lib/python3.7/site-packages/airflow/example_dags/example_latest_only.py for tasks to queue
[2023-05-14T23:10:40.647+0000] {logging_mixin.py:117} INFO - [2023-05-14T23:10:40.647+0000] {dagbag.py:525} INFO - Filling up the DagBag from /home/airflow/.local/lib/python3.7/site-packages/airflow/example_dags/example_latest_only.py
[2023-05-14T23:10:40.662+0000] {processor.py:768} INFO - DAG(s) dict_keys(['latest_only']) retrieved from /home/airflow/.local/lib/python3.7/site-packages/airflow/example_dags/example_latest_only.py
[2023-05-14T23:10:40.707+0000] {logging_mixin.py:117} INFO - [2023-05-14T23:10:40.707+0000] {dag.py:2573} INFO - Sync 1 DAGs
[2023-05-14T23:10:40.744+0000] {logging_mixin.py:117} INFO - [2023-05-14T23:10:40.744+0000] {dag.py:3328} INFO - Setting next_dagrun for latest_only to 2023-05-14T19:10:40.744176+00:00, run_after=2023-05-14T23:10:40.744176+00:00
[2023-05-14T23:10:40.772+0000] {processor.py:178} INFO - Processing /home/airflow/.local/lib/python3.7/site-packages/airflow/example_dags/example_latest_only.py took 0.131 seconds
[2023-05-14T23:11:11.293+0000] {processor.py:156} INFO - Started process (PID=1872) to work on /home/airflow/.local/lib/python3.7/site-packages/airflow/example_dags/example_latest_only.py
[2023-05-14T23:11:11.293+0000] {processor.py:758} INFO - Processing file /home/airflow/.local/lib/python3.7/site-packages/airflow/example_dags/example_latest_only.py for tasks to queue
[2023-05-14T23:11:11.295+0000] {logging_mixin.py:117} INFO - [2023-05-14T23:11:11.294+0000] {dagbag.py:525} INFO - Filling up the DagBag from /home/airflow/.local/lib/python3.7/site-packages/airflow/example_dags/example_latest_only.py
[2023-05-14T23:11:11.315+0000] {processor.py:768} INFO - DAG(s) dict_keys(['latest_only']) retrieved from /home/airflow/.local/lib/python3.7/site-packages/airflow/example_dags/example_latest_only.py
[2023-05-14T23:11:11.365+0000] {logging_mixin.py:117} INFO - [2023-05-14T23:11:11.365+0000] {dag.py:2573} INFO - Sync 1 DAGs
[2023-05-14T23:11:11.418+0000] {logging_mixin.py:117} INFO - [2023-05-14T23:11:11.418+0000] {dag.py:3328} INFO - Setting next_dagrun for latest_only to 2023-05-14T19:11:11.418184+00:00, run_after=2023-05-14T23:11:11.418184+00:00
[2023-05-14T23:11:11.469+0000] {processor.py:178} INFO - Processing /home/airflow/.local/lib/python3.7/site-packages/airflow/example_dags/example_latest_only.py took 0.179 seconds
[2023-05-14T23:11:42.406+0000] {processor.py:156} INFO - Started process (PID=2079) to work on /home/airflow/.local/lib/python3.7/site-packages/airflow/example_dags/example_latest_only.py
[2023-05-14T23:11:42.407+0000] {processor.py:758} INFO - Processing file /home/airflow/.local/lib/python3.7/site-packages/airflow/example_dags/example_latest_only.py for tasks to queue
[2023-05-14T23:11:42.408+0000] {logging_mixin.py:117} INFO - [2023-05-14T23:11:42.408+0000] {dagbag.py:525} INFO - Filling up the DagBag from /home/airflow/.local/lib/python3.7/site-packages/airflow/example_dags/example_latest_only.py
[2023-05-14T23:11:42.426+0000] {processor.py:768} INFO - DAG(s) dict_keys(['latest_only']) retrieved from /home/airflow/.local/lib/python3.7/site-packages/airflow/example_dags/example_latest_only.py
[2023-05-14T23:11:42.477+0000] {logging_mixin.py:117} INFO - [2023-05-14T23:11:42.477+0000] {dag.py:2573} INFO - Sync 1 DAGs
[2023-05-14T23:11:42.513+0000] {logging_mixin.py:117} INFO - [2023-05-14T23:11:42.513+0000] {dag.py:3328} INFO - Setting next_dagrun for latest_only to 2023-05-14T19:11:42.513488+00:00, run_after=2023-05-14T23:11:42.513488+00:00
[2023-05-14T23:11:42.543+0000] {processor.py:178} INFO - Processing /home/airflow/.local/lib/python3.7/site-packages/airflow/example_dags/example_latest_only.py took 0.143 seconds
[2023-05-14T23:12:12.778+0000] {processor.py:156} INFO - Started process (PID=2276) to work on /home/airflow/.local/lib/python3.7/site-packages/airflow/example_dags/example_latest_only.py
[2023-05-14T23:12:12.779+0000] {processor.py:758} INFO - Processing file /home/airflow/.local/lib/python3.7/site-packages/airflow/example_dags/example_latest_only.py for tasks to queue
[2023-05-14T23:12:12.779+0000] {logging_mixin.py:117} INFO - [2023-05-14T23:12:12.779+0000] {dagbag.py:525} INFO - Filling up the DagBag from /home/airflow/.local/lib/python3.7/site-packages/airflow/example_dags/example_latest_only.py
[2023-05-14T23:12:12.802+0000] {processor.py:768} INFO - DAG(s) dict_keys(['latest_only']) retrieved from /home/airflow/.local/lib/python3.7/site-packages/airflow/example_dags/example_latest_only.py
[2023-05-14T23:12:12.862+0000] {logging_mixin.py:117} INFO - [2023-05-14T23:12:12.862+0000] {dag.py:2573} INFO - Sync 1 DAGs
[2023-05-14T23:12:12.907+0000] {logging_mixin.py:117} INFO - [2023-05-14T23:12:12.907+0000] {dag.py:3328} INFO - Setting next_dagrun for latest_only to 2023-05-14T19:12:12.906663+00:00, run_after=2023-05-14T23:12:12.906663+00:00
[2023-05-14T23:12:12.943+0000] {processor.py:178} INFO - Processing /home/airflow/.local/lib/python3.7/site-packages/airflow/example_dags/example_latest_only.py took 0.172 seconds
[2023-05-14T23:12:43.518+0000] {processor.py:156} INFO - Started process (PID=2481) to work on /home/airflow/.local/lib/python3.7/site-packages/airflow/example_dags/example_latest_only.py
[2023-05-14T23:12:43.519+0000] {processor.py:758} INFO - Processing file /home/airflow/.local/lib/python3.7/site-packages/airflow/example_dags/example_latest_only.py for tasks to queue
[2023-05-14T23:12:43.520+0000] {logging_mixin.py:117} INFO - [2023-05-14T23:12:43.520+0000] {dagbag.py:525} INFO - Filling up the DagBag from /home/airflow/.local/lib/python3.7/site-packages/airflow/example_dags/example_latest_only.py
[2023-05-14T23:12:43.544+0000] {processor.py:768} INFO - DAG(s) dict_keys(['latest_only']) retrieved from /home/airflow/.local/lib/python3.7/site-packages/airflow/example_dags/example_latest_only.py
[2023-05-14T23:12:43.626+0000] {logging_mixin.py:117} INFO - [2023-05-14T23:12:43.626+0000] {dag.py:2573} INFO - Sync 1 DAGs
[2023-05-14T23:12:43.687+0000] {logging_mixin.py:117} INFO - [2023-05-14T23:12:43.686+0000] {dag.py:3328} INFO - Setting next_dagrun for latest_only to 2023-05-14T19:12:43.686588+00:00, run_after=2023-05-14T23:12:43.686588+00:00
[2023-05-14T23:12:43.740+0000] {processor.py:178} INFO - Processing /home/airflow/.local/lib/python3.7/site-packages/airflow/example_dags/example_latest_only.py took 0.232 seconds
[2023-05-14T23:13:14.344+0000] {processor.py:156} INFO - Started process (PID=2674) to work on /home/airflow/.local/lib/python3.7/site-packages/airflow/example_dags/example_latest_only.py
[2023-05-14T23:13:14.354+0000] {processor.py:758} INFO - Processing file /home/airflow/.local/lib/python3.7/site-packages/airflow/example_dags/example_latest_only.py for tasks to queue
[2023-05-14T23:13:14.355+0000] {logging_mixin.py:117} INFO - [2023-05-14T23:13:14.355+0000] {dagbag.py:525} INFO - Filling up the DagBag from /home/airflow/.local/lib/python3.7/site-packages/airflow/example_dags/example_latest_only.py
[2023-05-14T23:13:14.411+0000] {processor.py:768} INFO - DAG(s) dict_keys(['latest_only']) retrieved from /home/airflow/.local/lib/python3.7/site-packages/airflow/example_dags/example_latest_only.py
[2023-05-14T23:13:14.577+0000] {logging_mixin.py:117} INFO - [2023-05-14T23:13:14.576+0000] {dag.py:2573} INFO - Sync 1 DAGs
[2023-05-14T23:13:14.688+0000] {logging_mixin.py:117} INFO - [2023-05-14T23:13:14.688+0000] {dag.py:3328} INFO - Setting next_dagrun for latest_only to 2023-05-14T19:13:14.687915+00:00, run_after=2023-05-14T23:13:14.687915+00:00
[2023-05-14T23:13:14.768+0000] {processor.py:178} INFO - Processing /home/airflow/.local/lib/python3.7/site-packages/airflow/example_dags/example_latest_only.py took 0.447 seconds
[2023-05-14T23:13:45.008+0000] {processor.py:156} INFO - Started process (PID=2881) to work on /home/airflow/.local/lib/python3.7/site-packages/airflow/example_dags/example_latest_only.py
[2023-05-14T23:13:45.010+0000] {processor.py:758} INFO - Processing file /home/airflow/.local/lib/python3.7/site-packages/airflow/example_dags/example_latest_only.py for tasks to queue
[2023-05-14T23:13:45.013+0000] {logging_mixin.py:117} INFO - [2023-05-14T23:13:45.012+0000] {dagbag.py:525} INFO - Filling up the DagBag from /home/airflow/.local/lib/python3.7/site-packages/airflow/example_dags/example_latest_only.py
[2023-05-14T23:13:45.047+0000] {processor.py:768} INFO - DAG(s) dict_keys(['latest_only']) retrieved from /home/airflow/.local/lib/python3.7/site-packages/airflow/example_dags/example_latest_only.py
[2023-05-14T23:13:45.152+0000] {logging_mixin.py:117} INFO - [2023-05-14T23:13:45.152+0000] {dag.py:2573} INFO - Sync 1 DAGs
[2023-05-14T23:13:45.190+0000] {logging_mixin.py:117} INFO - [2023-05-14T23:13:45.190+0000] {dag.py:3328} INFO - Setting next_dagrun for latest_only to 2023-05-14T19:13:45.189882+00:00, run_after=2023-05-14T23:13:45.189882+00:00
[2023-05-14T23:13:45.247+0000] {processor.py:178} INFO - Processing /home/airflow/.local/lib/python3.7/site-packages/airflow/example_dags/example_latest_only.py took 0.254 seconds
[2023-05-14T23:14:16.137+0000] {processor.py:156} INFO - Started process (PID=3086) to work on /home/airflow/.local/lib/python3.7/site-packages/airflow/example_dags/example_latest_only.py
[2023-05-14T23:14:16.139+0000] {processor.py:758} INFO - Processing file /home/airflow/.local/lib/python3.7/site-packages/airflow/example_dags/example_latest_only.py for tasks to queue
[2023-05-14T23:14:16.140+0000] {logging_mixin.py:117} INFO - [2023-05-14T23:14:16.139+0000] {dagbag.py:525} INFO - Filling up the DagBag from /home/airflow/.local/lib/python3.7/site-packages/airflow/example_dags/example_latest_only.py
[2023-05-14T23:14:16.164+0000] {processor.py:768} INFO - DAG(s) dict_keys(['latest_only']) retrieved from /home/airflow/.local/lib/python3.7/site-packages/airflow/example_dags/example_latest_only.py
[2023-05-14T23:14:16.226+0000] {logging_mixin.py:117} INFO - [2023-05-14T23:14:16.225+0000] {dag.py:2573} INFO - Sync 1 DAGs
[2023-05-14T23:14:16.272+0000] {logging_mixin.py:117} INFO - [2023-05-14T23:14:16.271+0000] {dag.py:3328} INFO - Setting next_dagrun for latest_only to 2023-05-14T19:14:16.271628+00:00, run_after=2023-05-14T23:14:16.271628+00:00
[2023-05-14T23:14:16.310+0000] {processor.py:178} INFO - Processing /home/airflow/.local/lib/python3.7/site-packages/airflow/example_dags/example_latest_only.py took 0.180 seconds
[2023-05-14T23:22:20.879+0000] {processor.py:156} INFO - Started process (PID=252) to work on /home/airflow/.local/lib/python3.7/site-packages/airflow/example_dags/example_latest_only.py
[2023-05-14T23:22:20.880+0000] {processor.py:758} INFO - Processing file /home/airflow/.local/lib/python3.7/site-packages/airflow/example_dags/example_latest_only.py for tasks to queue
[2023-05-14T23:22:20.880+0000] {logging_mixin.py:117} INFO - [2023-05-14T23:22:20.880+0000] {dagbag.py:525} INFO - Filling up the DagBag from /home/airflow/.local/lib/python3.7/site-packages/airflow/example_dags/example_latest_only.py
[2023-05-14T23:22:20.904+0000] {processor.py:768} INFO - DAG(s) dict_keys(['latest_only']) retrieved from /home/airflow/.local/lib/python3.7/site-packages/airflow/example_dags/example_latest_only.py
[2023-05-14T23:22:20.950+0000] {logging_mixin.py:117} INFO - [2023-05-14T23:22:20.950+0000] {dag.py:2573} INFO - Sync 1 DAGs
[2023-05-14T23:22:20.987+0000] {logging_mixin.py:117} INFO - [2023-05-14T23:22:20.987+0000] {dag.py:3328} INFO - Setting next_dagrun for latest_only to 2023-05-14T19:22:20.986992+00:00, run_after=2023-05-14T23:22:20.986992+00:00
[2023-05-14T23:22:21.040+0000] {processor.py:178} INFO - Processing /home/airflow/.local/lib/python3.7/site-packages/airflow/example_dags/example_latest_only.py took 0.166 seconds
[2023-05-14T23:22:51.211+0000] {processor.py:156} INFO - Started process (PID=451) to work on /home/airflow/.local/lib/python3.7/site-packages/airflow/example_dags/example_latest_only.py
[2023-05-14T23:22:51.212+0000] {processor.py:758} INFO - Processing file /home/airflow/.local/lib/python3.7/site-packages/airflow/example_dags/example_latest_only.py for tasks to queue
[2023-05-14T23:22:51.213+0000] {logging_mixin.py:117} INFO - [2023-05-14T23:22:51.212+0000] {dagbag.py:525} INFO - Filling up the DagBag from /home/airflow/.local/lib/python3.7/site-packages/airflow/example_dags/example_latest_only.py
[2023-05-14T23:22:51.233+0000] {processor.py:768} INFO - DAG(s) dict_keys(['latest_only']) retrieved from /home/airflow/.local/lib/python3.7/site-packages/airflow/example_dags/example_latest_only.py
[2023-05-14T23:22:51.266+0000] {logging_mixin.py:117} INFO - [2023-05-14T23:22:51.266+0000] {dag.py:2573} INFO - Sync 1 DAGs
[2023-05-14T23:22:51.305+0000] {logging_mixin.py:117} INFO - [2023-05-14T23:22:51.305+0000] {dag.py:3328} INFO - Setting next_dagrun for latest_only to 2023-05-14T19:22:51.305370+00:00, run_after=2023-05-14T23:22:51.305370+00:00
[2023-05-14T23:22:51.330+0000] {processor.py:178} INFO - Processing /home/airflow/.local/lib/python3.7/site-packages/airflow/example_dags/example_latest_only.py took 0.123 seconds
[2023-05-14T23:23:25.300+0000] {processor.py:156} INFO - Started process (PID=658) to work on /home/airflow/.local/lib/python3.7/site-packages/airflow/example_dags/example_latest_only.py
[2023-05-14T23:23:25.301+0000] {processor.py:758} INFO - Processing file /home/airflow/.local/lib/python3.7/site-packages/airflow/example_dags/example_latest_only.py for tasks to queue
[2023-05-14T23:23:25.303+0000] {logging_mixin.py:117} INFO - [2023-05-14T23:23:25.302+0000] {dagbag.py:525} INFO - Filling up the DagBag from /home/airflow/.local/lib/python3.7/site-packages/airflow/example_dags/example_latest_only.py
[2023-05-14T23:23:25.333+0000] {processor.py:768} INFO - DAG(s) dict_keys(['latest_only']) retrieved from /home/airflow/.local/lib/python3.7/site-packages/airflow/example_dags/example_latest_only.py
[2023-05-14T23:23:25.402+0000] {logging_mixin.py:117} INFO - [2023-05-14T23:23:25.401+0000] {dag.py:2573} INFO - Sync 1 DAGs
[2023-05-14T23:23:25.441+0000] {logging_mixin.py:117} INFO - [2023-05-14T23:23:25.441+0000] {dag.py:3328} INFO - Setting next_dagrun for latest_only to 2023-05-14T19:23:25.440804+00:00, run_after=2023-05-14T23:23:25.440804+00:00
[2023-05-14T23:23:25.661+0000] {processor.py:178} INFO - Processing /home/airflow/.local/lib/python3.7/site-packages/airflow/example_dags/example_latest_only.py took 0.367 seconds
[2023-05-14T23:24:00.100+0000] {processor.py:156} INFO - Started process (PID=865) to work on /home/airflow/.local/lib/python3.7/site-packages/airflow/example_dags/example_latest_only.py
[2023-05-14T23:24:00.101+0000] {processor.py:758} INFO - Processing file /home/airflow/.local/lib/python3.7/site-packages/airflow/example_dags/example_latest_only.py for tasks to queue
[2023-05-14T23:24:00.102+0000] {logging_mixin.py:117} INFO - [2023-05-14T23:24:00.102+0000] {dagbag.py:525} INFO - Filling up the DagBag from /home/airflow/.local/lib/python3.7/site-packages/airflow/example_dags/example_latest_only.py
[2023-05-14T23:24:00.152+0000] {processor.py:768} INFO - DAG(s) dict_keys(['latest_only']) retrieved from /home/airflow/.local/lib/python3.7/site-packages/airflow/example_dags/example_latest_only.py
[2023-05-14T23:24:00.287+0000] {logging_mixin.py:117} INFO - [2023-05-14T23:24:00.287+0000] {dag.py:2573} INFO - Sync 1 DAGs
[2023-05-14T23:24:00.712+0000] {logging_mixin.py:117} INFO - [2023-05-14T23:24:00.712+0000] {dag.py:3328} INFO - Setting next_dagrun for latest_only to 2023-05-14T19:24:00.711819+00:00, run_after=2023-05-14T23:24:00.711819+00:00
[2023-05-14T23:24:00.780+0000] {processor.py:178} INFO - Processing /home/airflow/.local/lib/python3.7/site-packages/airflow/example_dags/example_latest_only.py took 0.689 seconds
[2023-05-14T23:24:31.202+0000] {processor.py:156} INFO - Started process (PID=1063) to work on /home/airflow/.local/lib/python3.7/site-packages/airflow/example_dags/example_latest_only.py
[2023-05-14T23:24:31.204+0000] {processor.py:758} INFO - Processing file /home/airflow/.local/lib/python3.7/site-packages/airflow/example_dags/example_latest_only.py for tasks to queue
[2023-05-14T23:24:31.207+0000] {logging_mixin.py:117} INFO - [2023-05-14T23:24:31.207+0000] {dagbag.py:525} INFO - Filling up the DagBag from /home/airflow/.local/lib/python3.7/site-packages/airflow/example_dags/example_latest_only.py
[2023-05-14T23:24:31.235+0000] {processor.py:768} INFO - DAG(s) dict_keys(['latest_only']) retrieved from /home/airflow/.local/lib/python3.7/site-packages/airflow/example_dags/example_latest_only.py
[2023-05-14T23:24:31.497+0000] {logging_mixin.py:117} INFO - [2023-05-14T23:24:31.497+0000] {dag.py:2573} INFO - Sync 1 DAGs
[2023-05-14T23:24:31.553+0000] {logging_mixin.py:117} INFO - [2023-05-14T23:24:31.552+0000] {dag.py:3328} INFO - Setting next_dagrun for latest_only to 2023-05-14T19:24:31.552342+00:00, run_after=2023-05-14T23:24:31.552342+00:00
[2023-05-14T23:24:31.589+0000] {processor.py:178} INFO - Processing /home/airflow/.local/lib/python3.7/site-packages/airflow/example_dags/example_latest_only.py took 0.392 seconds
[2023-05-14T23:25:01.741+0000] {processor.py:156} INFO - Started process (PID=1270) to work on /home/airflow/.local/lib/python3.7/site-packages/airflow/example_dags/example_latest_only.py
[2023-05-14T23:25:01.741+0000] {processor.py:758} INFO - Processing file /home/airflow/.local/lib/python3.7/site-packages/airflow/example_dags/example_latest_only.py for tasks to queue
[2023-05-14T23:25:01.742+0000] {logging_mixin.py:117} INFO - [2023-05-14T23:25:01.742+0000] {dagbag.py:525} INFO - Filling up the DagBag from /home/airflow/.local/lib/python3.7/site-packages/airflow/example_dags/example_latest_only.py
[2023-05-14T23:25:01.767+0000] {processor.py:768} INFO - DAG(s) dict_keys(['latest_only']) retrieved from /home/airflow/.local/lib/python3.7/site-packages/airflow/example_dags/example_latest_only.py
[2023-05-14T23:25:02.022+0000] {logging_mixin.py:117} INFO - [2023-05-14T23:25:02.022+0000] {dag.py:2573} INFO - Sync 1 DAGs
[2023-05-14T23:25:02.060+0000] {logging_mixin.py:117} INFO - [2023-05-14T23:25:02.060+0000] {dag.py:3328} INFO - Setting next_dagrun for latest_only to 2023-05-14T19:25:02.060201+00:00, run_after=2023-05-14T23:25:02.060201+00:00
[2023-05-14T23:25:02.090+0000] {processor.py:178} INFO - Processing /home/airflow/.local/lib/python3.7/site-packages/airflow/example_dags/example_latest_only.py took 0.355 seconds
[2023-05-14T23:25:32.180+0000] {processor.py:156} INFO - Started process (PID=1462) to work on /home/airflow/.local/lib/python3.7/site-packages/airflow/example_dags/example_latest_only.py
[2023-05-14T23:25:32.181+0000] {processor.py:758} INFO - Processing file /home/airflow/.local/lib/python3.7/site-packages/airflow/example_dags/example_latest_only.py for tasks to queue
[2023-05-14T23:25:32.182+0000] {logging_mixin.py:117} INFO - [2023-05-14T23:25:32.182+0000] {dagbag.py:525} INFO - Filling up the DagBag from /home/airflow/.local/lib/python3.7/site-packages/airflow/example_dags/example_latest_only.py
[2023-05-14T23:25:32.411+0000] {processor.py:768} INFO - DAG(s) dict_keys(['latest_only']) retrieved from /home/airflow/.local/lib/python3.7/site-packages/airflow/example_dags/example_latest_only.py
[2023-05-14T23:25:32.494+0000] {logging_mixin.py:117} INFO - [2023-05-14T23:25:32.493+0000] {dag.py:2573} INFO - Sync 1 DAGs
[2023-05-14T23:25:32.547+0000] {logging_mixin.py:117} INFO - [2023-05-14T23:25:32.546+0000] {dag.py:3328} INFO - Setting next_dagrun for latest_only to 2023-05-14T19:25:32.546554+00:00, run_after=2023-05-14T23:25:32.546554+00:00
[2023-05-14T23:25:32.582+0000] {processor.py:178} INFO - Processing /home/airflow/.local/lib/python3.7/site-packages/airflow/example_dags/example_latest_only.py took 0.407 seconds
[2023-05-14T23:26:02.842+0000] {processor.py:156} INFO - Started process (PID=1669) to work on /home/airflow/.local/lib/python3.7/site-packages/airflow/example_dags/example_latest_only.py
[2023-05-14T23:26:02.843+0000] {processor.py:758} INFO - Processing file /home/airflow/.local/lib/python3.7/site-packages/airflow/example_dags/example_latest_only.py for tasks to queue
[2023-05-14T23:26:02.844+0000] {logging_mixin.py:117} INFO - [2023-05-14T23:26:02.844+0000] {dagbag.py:525} INFO - Filling up the DagBag from /home/airflow/.local/lib/python3.7/site-packages/airflow/example_dags/example_latest_only.py
[2023-05-14T23:26:02.863+0000] {processor.py:768} INFO - DAG(s) dict_keys(['latest_only']) retrieved from /home/airflow/.local/lib/python3.7/site-packages/airflow/example_dags/example_latest_only.py
[2023-05-14T23:26:02.929+0000] {logging_mixin.py:117} INFO - [2023-05-14T23:26:02.929+0000] {dag.py:2573} INFO - Sync 1 DAGs
[2023-05-14T23:26:02.980+0000] {logging_mixin.py:117} INFO - [2023-05-14T23:26:02.980+0000] {dag.py:3328} INFO - Setting next_dagrun for latest_only to 2023-05-14T19:26:02.980447+00:00, run_after=2023-05-14T23:26:02.980447+00:00
[2023-05-14T23:26:03.009+0000] {processor.py:178} INFO - Processing /home/airflow/.local/lib/python3.7/site-packages/airflow/example_dags/example_latest_only.py took 0.172 seconds
[2023-05-14T23:26:33.868+0000] {processor.py:156} INFO - Started process (PID=1867) to work on /home/airflow/.local/lib/python3.7/site-packages/airflow/example_dags/example_latest_only.py
[2023-05-14T23:26:33.869+0000] {processor.py:758} INFO - Processing file /home/airflow/.local/lib/python3.7/site-packages/airflow/example_dags/example_latest_only.py for tasks to queue
[2023-05-14T23:26:33.870+0000] {logging_mixin.py:117} INFO - [2023-05-14T23:26:33.869+0000] {dagbag.py:525} INFO - Filling up the DagBag from /home/airflow/.local/lib/python3.7/site-packages/airflow/example_dags/example_latest_only.py
[2023-05-14T23:26:33.887+0000] {processor.py:768} INFO - DAG(s) dict_keys(['latest_only']) retrieved from /home/airflow/.local/lib/python3.7/site-packages/airflow/example_dags/example_latest_only.py
[2023-05-14T23:26:33.940+0000] {logging_mixin.py:117} INFO - [2023-05-14T23:26:33.940+0000] {dag.py:2573} INFO - Sync 1 DAGs
[2023-05-14T23:26:33.970+0000] {logging_mixin.py:117} INFO - [2023-05-14T23:26:33.970+0000] {dag.py:3328} INFO - Setting next_dagrun for latest_only to 2023-05-14T19:26:33.969719+00:00, run_after=2023-05-14T23:26:33.969719+00:00
[2023-05-14T23:26:33.993+0000] {processor.py:178} INFO - Processing /home/airflow/.local/lib/python3.7/site-packages/airflow/example_dags/example_latest_only.py took 0.128 seconds
