[2023-05-14T23:07:01.748+0000] {processor.py:156} INFO - Started process (PID=165) to work on /home/airflow/.local/lib/python3.7/site-packages/airflow/example_dags/example_sla_dag.py
[2023-05-14T23:07:01.749+0000] {processor.py:758} INFO - Processing file /home/airflow/.local/lib/python3.7/site-packages/airflow/example_dags/example_sla_dag.py for tasks to queue
[2023-05-14T23:07:01.754+0000] {logging_mixin.py:117} INFO - [2023-05-14T23:07:01.754+0000] {dagbag.py:525} INFO - Filling up the DagBag from /home/airflow/.local/lib/python3.7/site-packages/airflow/example_dags/example_sla_dag.py
[2023-05-14T23:07:01.939+0000] {processor.py:768} INFO - DAG(s) dict_keys(['example_sla_dag']) retrieved from /home/airflow/.local/lib/python3.7/site-packages/airflow/example_dags/example_sla_dag.py
[2023-05-14T23:07:02.013+0000] {logging_mixin.py:117} INFO - [2023-05-14T23:07:02.012+0000] {dag.py:2573} INFO - Sync 1 DAGs
[2023-05-14T23:07:02.132+0000] {logging_mixin.py:117} INFO - [2023-05-14T23:07:02.132+0000] {dag.py:3328} INFO - Setting next_dagrun for example_sla_dag to 2023-05-14T23:04:00+00:00, run_after=2023-05-14T23:06:00+00:00
[2023-05-14T23:07:02.182+0000] {processor.py:178} INFO - Processing /home/airflow/.local/lib/python3.7/site-packages/airflow/example_dags/example_sla_dag.py took 0.451 seconds
[2023-05-14T23:07:32.695+0000] {processor.py:156} INFO - Started process (PID=373) to work on /home/airflow/.local/lib/python3.7/site-packages/airflow/example_dags/example_sla_dag.py
[2023-05-14T23:07:32.696+0000] {processor.py:758} INFO - Processing file /home/airflow/.local/lib/python3.7/site-packages/airflow/example_dags/example_sla_dag.py for tasks to queue
[2023-05-14T23:07:32.698+0000] {logging_mixin.py:117} INFO - [2023-05-14T23:07:32.698+0000] {dagbag.py:525} INFO - Filling up the DagBag from /home/airflow/.local/lib/python3.7/site-packages/airflow/example_dags/example_sla_dag.py
[2023-05-14T23:07:32.753+0000] {processor.py:768} INFO - DAG(s) dict_keys(['example_sla_dag']) retrieved from /home/airflow/.local/lib/python3.7/site-packages/airflow/example_dags/example_sla_dag.py
[2023-05-14T23:07:32.864+0000] {logging_mixin.py:117} INFO - [2023-05-14T23:07:32.864+0000] {dag.py:2573} INFO - Sync 1 DAGs
[2023-05-14T23:07:32.917+0000] {logging_mixin.py:117} INFO - [2023-05-14T23:07:32.917+0000] {dag.py:3328} INFO - Setting next_dagrun for example_sla_dag to 2023-05-14T23:04:00+00:00, run_after=2023-05-14T23:06:00+00:00
[2023-05-14T23:07:32.948+0000] {processor.py:178} INFO - Processing /home/airflow/.local/lib/python3.7/site-packages/airflow/example_dags/example_sla_dag.py took 0.263 seconds
[2023-05-14T23:08:03.389+0000] {processor.py:156} INFO - Started process (PID=570) to work on /home/airflow/.local/lib/python3.7/site-packages/airflow/example_dags/example_sla_dag.py
[2023-05-14T23:08:03.391+0000] {processor.py:758} INFO - Processing file /home/airflow/.local/lib/python3.7/site-packages/airflow/example_dags/example_sla_dag.py for tasks to queue
[2023-05-14T23:08:03.391+0000] {logging_mixin.py:117} INFO - [2023-05-14T23:08:03.391+0000] {dagbag.py:525} INFO - Filling up the DagBag from /home/airflow/.local/lib/python3.7/site-packages/airflow/example_dags/example_sla_dag.py
[2023-05-14T23:08:03.450+0000] {processor.py:768} INFO - DAG(s) dict_keys(['example_sla_dag']) retrieved from /home/airflow/.local/lib/python3.7/site-packages/airflow/example_dags/example_sla_dag.py
[2023-05-14T23:08:03.511+0000] {logging_mixin.py:117} INFO - [2023-05-14T23:08:03.510+0000] {dag.py:2573} INFO - Sync 1 DAGs
[2023-05-14T23:08:03.539+0000] {logging_mixin.py:117} INFO - [2023-05-14T23:08:03.538+0000] {dag.py:3328} INFO - Setting next_dagrun for example_sla_dag to 2023-05-14T23:06:00+00:00, run_after=2023-05-14T23:08:00+00:00
[2023-05-14T23:08:03.764+0000] {processor.py:178} INFO - Processing /home/airflow/.local/lib/python3.7/site-packages/airflow/example_dags/example_sla_dag.py took 0.379 seconds
[2023-05-14T23:08:34.617+0000] {processor.py:156} INFO - Started process (PID=777) to work on /home/airflow/.local/lib/python3.7/site-packages/airflow/example_dags/example_sla_dag.py
[2023-05-14T23:08:34.619+0000] {processor.py:758} INFO - Processing file /home/airflow/.local/lib/python3.7/site-packages/airflow/example_dags/example_sla_dag.py for tasks to queue
[2023-05-14T23:08:34.620+0000] {logging_mixin.py:117} INFO - [2023-05-14T23:08:34.619+0000] {dagbag.py:525} INFO - Filling up the DagBag from /home/airflow/.local/lib/python3.7/site-packages/airflow/example_dags/example_sla_dag.py
[2023-05-14T23:08:34.655+0000] {processor.py:768} INFO - DAG(s) dict_keys(['example_sla_dag']) retrieved from /home/airflow/.local/lib/python3.7/site-packages/airflow/example_dags/example_sla_dag.py
[2023-05-14T23:08:34.700+0000] {logging_mixin.py:117} INFO - [2023-05-14T23:08:34.700+0000] {dag.py:2573} INFO - Sync 1 DAGs
[2023-05-14T23:08:34.855+0000] {logging_mixin.py:117} INFO - [2023-05-14T23:08:34.855+0000] {dag.py:3328} INFO - Setting next_dagrun for example_sla_dag to 2023-05-14T23:06:00+00:00, run_after=2023-05-14T23:08:00+00:00
[2023-05-14T23:08:34.877+0000] {processor.py:178} INFO - Processing /home/airflow/.local/lib/python3.7/site-packages/airflow/example_dags/example_sla_dag.py took 0.266 seconds
[2023-05-14T23:09:05.391+0000] {processor.py:156} INFO - Started process (PID=984) to work on /home/airflow/.local/lib/python3.7/site-packages/airflow/example_dags/example_sla_dag.py
[2023-05-14T23:09:05.392+0000] {processor.py:758} INFO - Processing file /home/airflow/.local/lib/python3.7/site-packages/airflow/example_dags/example_sla_dag.py for tasks to queue
[2023-05-14T23:09:05.393+0000] {logging_mixin.py:117} INFO - [2023-05-14T23:09:05.393+0000] {dagbag.py:525} INFO - Filling up the DagBag from /home/airflow/.local/lib/python3.7/site-packages/airflow/example_dags/example_sla_dag.py
[2023-05-14T23:09:05.430+0000] {processor.py:768} INFO - DAG(s) dict_keys(['example_sla_dag']) retrieved from /home/airflow/.local/lib/python3.7/site-packages/airflow/example_dags/example_sla_dag.py
[2023-05-14T23:09:05.635+0000] {logging_mixin.py:117} INFO - [2023-05-14T23:09:05.635+0000] {dag.py:2573} INFO - Sync 1 DAGs
[2023-05-14T23:09:05.674+0000] {logging_mixin.py:117} INFO - [2023-05-14T23:09:05.674+0000] {dag.py:3328} INFO - Setting next_dagrun for example_sla_dag to 2023-05-14T23:06:00+00:00, run_after=2023-05-14T23:08:00+00:00
[2023-05-14T23:09:05.695+0000] {processor.py:178} INFO - Processing /home/airflow/.local/lib/python3.7/site-packages/airflow/example_dags/example_sla_dag.py took 0.312 seconds
[2023-05-14T23:09:35.804+0000] {processor.py:156} INFO - Started process (PID=1183) to work on /home/airflow/.local/lib/python3.7/site-packages/airflow/example_dags/example_sla_dag.py
[2023-05-14T23:09:35.805+0000] {processor.py:758} INFO - Processing file /home/airflow/.local/lib/python3.7/site-packages/airflow/example_dags/example_sla_dag.py for tasks to queue
[2023-05-14T23:09:35.806+0000] {logging_mixin.py:117} INFO - [2023-05-14T23:09:35.806+0000] {dagbag.py:525} INFO - Filling up the DagBag from /home/airflow/.local/lib/python3.7/site-packages/airflow/example_dags/example_sla_dag.py
[2023-05-14T23:09:35.830+0000] {processor.py:768} INFO - DAG(s) dict_keys(['example_sla_dag']) retrieved from /home/airflow/.local/lib/python3.7/site-packages/airflow/example_dags/example_sla_dag.py
[2023-05-14T23:09:36.000+0000] {logging_mixin.py:117} INFO - [2023-05-14T23:09:36.000+0000] {dag.py:2573} INFO - Sync 1 DAGs
[2023-05-14T23:09:36.030+0000] {logging_mixin.py:117} INFO - [2023-05-14T23:09:36.030+0000] {dag.py:3328} INFO - Setting next_dagrun for example_sla_dag to 2023-05-14T23:06:00+00:00, run_after=2023-05-14T23:08:00+00:00
[2023-05-14T23:09:36.060+0000] {processor.py:178} INFO - Processing /home/airflow/.local/lib/python3.7/site-packages/airflow/example_dags/example_sla_dag.py took 0.261 seconds
[2023-05-14T23:10:06.207+0000] {processor.py:156} INFO - Started process (PID=1389) to work on /home/airflow/.local/lib/python3.7/site-packages/airflow/example_dags/example_sla_dag.py
[2023-05-14T23:10:06.208+0000] {processor.py:758} INFO - Processing file /home/airflow/.local/lib/python3.7/site-packages/airflow/example_dags/example_sla_dag.py for tasks to queue
[2023-05-14T23:10:06.209+0000] {logging_mixin.py:117} INFO - [2023-05-14T23:10:06.209+0000] {dagbag.py:525} INFO - Filling up the DagBag from /home/airflow/.local/lib/python3.7/site-packages/airflow/example_dags/example_sla_dag.py
[2023-05-14T23:10:06.360+0000] {processor.py:768} INFO - DAG(s) dict_keys(['example_sla_dag']) retrieved from /home/airflow/.local/lib/python3.7/site-packages/airflow/example_dags/example_sla_dag.py
[2023-05-14T23:10:06.408+0000] {logging_mixin.py:117} INFO - [2023-05-14T23:10:06.408+0000] {dag.py:2573} INFO - Sync 1 DAGs
[2023-05-14T23:10:06.437+0000] {logging_mixin.py:117} INFO - [2023-05-14T23:10:06.437+0000] {dag.py:3328} INFO - Setting next_dagrun for example_sla_dag to 2023-05-14T23:08:00+00:00, run_after=2023-05-14T23:10:00+00:00
[2023-05-14T23:10:06.455+0000] {processor.py:178} INFO - Processing /home/airflow/.local/lib/python3.7/site-packages/airflow/example_dags/example_sla_dag.py took 0.256 seconds
[2023-05-14T23:10:36.674+0000] {processor.py:156} INFO - Started process (PID=1596) to work on /home/airflow/.local/lib/python3.7/site-packages/airflow/example_dags/example_sla_dag.py
[2023-05-14T23:10:36.674+0000] {processor.py:758} INFO - Processing file /home/airflow/.local/lib/python3.7/site-packages/airflow/example_dags/example_sla_dag.py for tasks to queue
[2023-05-14T23:10:36.675+0000] {logging_mixin.py:117} INFO - [2023-05-14T23:10:36.675+0000] {dagbag.py:525} INFO - Filling up the DagBag from /home/airflow/.local/lib/python3.7/site-packages/airflow/example_dags/example_sla_dag.py
[2023-05-14T23:10:36.834+0000] {processor.py:768} INFO - DAG(s) dict_keys(['example_sla_dag']) retrieved from /home/airflow/.local/lib/python3.7/site-packages/airflow/example_dags/example_sla_dag.py
[2023-05-14T23:10:36.895+0000] {logging_mixin.py:117} INFO - [2023-05-14T23:10:36.895+0000] {dag.py:2573} INFO - Sync 1 DAGs
[2023-05-14T23:10:36.932+0000] {logging_mixin.py:117} INFO - [2023-05-14T23:10:36.932+0000] {dag.py:3328} INFO - Setting next_dagrun for example_sla_dag to 2023-05-14T23:08:00+00:00, run_after=2023-05-14T23:10:00+00:00
[2023-05-14T23:10:36.956+0000] {processor.py:178} INFO - Processing /home/airflow/.local/lib/python3.7/site-packages/airflow/example_dags/example_sla_dag.py took 0.286 seconds
[2023-05-14T23:11:07.103+0000] {processor.py:156} INFO - Started process (PID=1794) to work on /home/airflow/.local/lib/python3.7/site-packages/airflow/example_dags/example_sla_dag.py
[2023-05-14T23:11:07.105+0000] {processor.py:758} INFO - Processing file /home/airflow/.local/lib/python3.7/site-packages/airflow/example_dags/example_sla_dag.py for tasks to queue
[2023-05-14T23:11:07.106+0000] {logging_mixin.py:117} INFO - [2023-05-14T23:11:07.106+0000] {dagbag.py:525} INFO - Filling up the DagBag from /home/airflow/.local/lib/python3.7/site-packages/airflow/example_dags/example_sla_dag.py
[2023-05-14T23:11:07.168+0000] {processor.py:768} INFO - DAG(s) dict_keys(['example_sla_dag']) retrieved from /home/airflow/.local/lib/python3.7/site-packages/airflow/example_dags/example_sla_dag.py
[2023-05-14T23:11:07.251+0000] {logging_mixin.py:117} INFO - [2023-05-14T23:11:07.250+0000] {dag.py:2573} INFO - Sync 1 DAGs
[2023-05-14T23:11:07.307+0000] {logging_mixin.py:117} INFO - [2023-05-14T23:11:07.306+0000] {dag.py:3328} INFO - Setting next_dagrun for example_sla_dag to 2023-05-14T23:08:00+00:00, run_after=2023-05-14T23:10:00+00:00
[2023-05-14T23:11:07.348+0000] {processor.py:178} INFO - Processing /home/airflow/.local/lib/python3.7/site-packages/airflow/example_dags/example_sla_dag.py took 0.258 seconds
[2023-05-14T23:11:38.247+0000] {processor.py:156} INFO - Started process (PID=2001) to work on /home/airflow/.local/lib/python3.7/site-packages/airflow/example_dags/example_sla_dag.py
[2023-05-14T23:11:38.248+0000] {processor.py:758} INFO - Processing file /home/airflow/.local/lib/python3.7/site-packages/airflow/example_dags/example_sla_dag.py for tasks to queue
[2023-05-14T23:11:38.250+0000] {logging_mixin.py:117} INFO - [2023-05-14T23:11:38.249+0000] {dagbag.py:525} INFO - Filling up the DagBag from /home/airflow/.local/lib/python3.7/site-packages/airflow/example_dags/example_sla_dag.py
[2023-05-14T23:11:38.312+0000] {processor.py:768} INFO - DAG(s) dict_keys(['example_sla_dag']) retrieved from /home/airflow/.local/lib/python3.7/site-packages/airflow/example_dags/example_sla_dag.py
[2023-05-14T23:11:38.401+0000] {logging_mixin.py:117} INFO - [2023-05-14T23:11:38.401+0000] {dag.py:2573} INFO - Sync 1 DAGs
[2023-05-14T23:11:38.485+0000] {logging_mixin.py:117} INFO - [2023-05-14T23:11:38.485+0000] {dag.py:3328} INFO - Setting next_dagrun for example_sla_dag to 2023-05-14T23:08:00+00:00, run_after=2023-05-14T23:10:00+00:00
[2023-05-14T23:11:38.545+0000] {processor.py:178} INFO - Processing /home/airflow/.local/lib/python3.7/site-packages/airflow/example_dags/example_sla_dag.py took 0.311 seconds
[2023-05-14T23:12:08.733+0000] {processor.py:156} INFO - Started process (PID=2198) to work on /home/airflow/.local/lib/python3.7/site-packages/airflow/example_dags/example_sla_dag.py
[2023-05-14T23:12:08.736+0000] {processor.py:758} INFO - Processing file /home/airflow/.local/lib/python3.7/site-packages/airflow/example_dags/example_sla_dag.py for tasks to queue
[2023-05-14T23:12:08.737+0000] {logging_mixin.py:117} INFO - [2023-05-14T23:12:08.737+0000] {dagbag.py:525} INFO - Filling up the DagBag from /home/airflow/.local/lib/python3.7/site-packages/airflow/example_dags/example_sla_dag.py
[2023-05-14T23:12:08.797+0000] {processor.py:768} INFO - DAG(s) dict_keys(['example_sla_dag']) retrieved from /home/airflow/.local/lib/python3.7/site-packages/airflow/example_dags/example_sla_dag.py
[2023-05-14T23:12:08.891+0000] {logging_mixin.py:117} INFO - [2023-05-14T23:12:08.891+0000] {dag.py:2573} INFO - Sync 1 DAGs
[2023-05-14T23:12:08.932+0000] {logging_mixin.py:117} INFO - [2023-05-14T23:12:08.932+0000] {dag.py:3328} INFO - Setting next_dagrun for example_sla_dag to 2023-05-14T23:10:00+00:00, run_after=2023-05-14T23:12:00+00:00
[2023-05-14T23:12:08.958+0000] {processor.py:178} INFO - Processing /home/airflow/.local/lib/python3.7/site-packages/airflow/example_dags/example_sla_dag.py took 0.231 seconds
[2023-05-14T23:12:39.397+0000] {processor.py:156} INFO - Started process (PID=2403) to work on /home/airflow/.local/lib/python3.7/site-packages/airflow/example_dags/example_sla_dag.py
[2023-05-14T23:12:39.402+0000] {processor.py:758} INFO - Processing file /home/airflow/.local/lib/python3.7/site-packages/airflow/example_dags/example_sla_dag.py for tasks to queue
[2023-05-14T23:12:39.403+0000] {logging_mixin.py:117} INFO - [2023-05-14T23:12:39.403+0000] {dagbag.py:525} INFO - Filling up the DagBag from /home/airflow/.local/lib/python3.7/site-packages/airflow/example_dags/example_sla_dag.py
[2023-05-14T23:12:39.452+0000] {processor.py:768} INFO - DAG(s) dict_keys(['example_sla_dag']) retrieved from /home/airflow/.local/lib/python3.7/site-packages/airflow/example_dags/example_sla_dag.py
[2023-05-14T23:12:39.534+0000] {logging_mixin.py:117} INFO - [2023-05-14T23:12:39.534+0000] {dag.py:2573} INFO - Sync 1 DAGs
[2023-05-14T23:12:39.607+0000] {logging_mixin.py:117} INFO - [2023-05-14T23:12:39.607+0000] {dag.py:3328} INFO - Setting next_dagrun for example_sla_dag to 2023-05-14T23:10:00+00:00, run_after=2023-05-14T23:12:00+00:00
[2023-05-14T23:12:39.647+0000] {processor.py:178} INFO - Processing /home/airflow/.local/lib/python3.7/site-packages/airflow/example_dags/example_sla_dag.py took 0.272 seconds
[2023-05-14T23:13:09.985+0000] {processor.py:156} INFO - Started process (PID=2601) to work on /home/airflow/.local/lib/python3.7/site-packages/airflow/example_dags/example_sla_dag.py
[2023-05-14T23:13:09.989+0000] {processor.py:758} INFO - Processing file /home/airflow/.local/lib/python3.7/site-packages/airflow/example_dags/example_sla_dag.py for tasks to queue
[2023-05-14T23:13:09.995+0000] {logging_mixin.py:117} INFO - [2023-05-14T23:13:09.993+0000] {dagbag.py:525} INFO - Filling up the DagBag from /home/airflow/.local/lib/python3.7/site-packages/airflow/example_dags/example_sla_dag.py
[2023-05-14T23:13:10.058+0000] {processor.py:768} INFO - DAG(s) dict_keys(['example_sla_dag']) retrieved from /home/airflow/.local/lib/python3.7/site-packages/airflow/example_dags/example_sla_dag.py
[2023-05-14T23:13:10.134+0000] {logging_mixin.py:117} INFO - [2023-05-14T23:13:10.134+0000] {dag.py:2573} INFO - Sync 1 DAGs
[2023-05-14T23:13:10.181+0000] {logging_mixin.py:117} INFO - [2023-05-14T23:13:10.181+0000] {dag.py:3328} INFO - Setting next_dagrun for example_sla_dag to 2023-05-14T23:10:00+00:00, run_after=2023-05-14T23:12:00+00:00
[2023-05-14T23:13:10.213+0000] {processor.py:178} INFO - Processing /home/airflow/.local/lib/python3.7/site-packages/airflow/example_dags/example_sla_dag.py took 0.248 seconds
[2023-05-14T23:13:40.588+0000] {processor.py:156} INFO - Started process (PID=2808) to work on /home/airflow/.local/lib/python3.7/site-packages/airflow/example_dags/example_sla_dag.py
[2023-05-14T23:13:40.589+0000] {processor.py:758} INFO - Processing file /home/airflow/.local/lib/python3.7/site-packages/airflow/example_dags/example_sla_dag.py for tasks to queue
[2023-05-14T23:13:40.590+0000] {logging_mixin.py:117} INFO - [2023-05-14T23:13:40.589+0000] {dagbag.py:525} INFO - Filling up the DagBag from /home/airflow/.local/lib/python3.7/site-packages/airflow/example_dags/example_sla_dag.py
[2023-05-14T23:13:40.634+0000] {processor.py:768} INFO - DAG(s) dict_keys(['example_sla_dag']) retrieved from /home/airflow/.local/lib/python3.7/site-packages/airflow/example_dags/example_sla_dag.py
[2023-05-14T23:13:40.701+0000] {logging_mixin.py:117} INFO - [2023-05-14T23:13:40.700+0000] {dag.py:2573} INFO - Sync 1 DAGs
[2023-05-14T23:13:40.750+0000] {logging_mixin.py:117} INFO - [2023-05-14T23:13:40.750+0000] {dag.py:3328} INFO - Setting next_dagrun for example_sla_dag to 2023-05-14T23:10:00+00:00, run_after=2023-05-14T23:12:00+00:00
[2023-05-14T23:13:40.786+0000] {processor.py:178} INFO - Processing /home/airflow/.local/lib/python3.7/site-packages/airflow/example_dags/example_sla_dag.py took 0.204 seconds
[2023-05-14T23:14:11.141+0000] {processor.py:156} INFO - Started process (PID=3006) to work on /home/airflow/.local/lib/python3.7/site-packages/airflow/example_dags/example_sla_dag.py
[2023-05-14T23:14:11.143+0000] {processor.py:758} INFO - Processing file /home/airflow/.local/lib/python3.7/site-packages/airflow/example_dags/example_sla_dag.py for tasks to queue
[2023-05-14T23:14:11.145+0000] {logging_mixin.py:117} INFO - [2023-05-14T23:14:11.144+0000] {dagbag.py:525} INFO - Filling up the DagBag from /home/airflow/.local/lib/python3.7/site-packages/airflow/example_dags/example_sla_dag.py
[2023-05-14T23:14:11.186+0000] {processor.py:768} INFO - DAG(s) dict_keys(['example_sla_dag']) retrieved from /home/airflow/.local/lib/python3.7/site-packages/airflow/example_dags/example_sla_dag.py
[2023-05-14T23:14:11.237+0000] {logging_mixin.py:117} INFO - [2023-05-14T23:14:11.237+0000] {dag.py:2573} INFO - Sync 1 DAGs
[2023-05-14T23:14:11.274+0000] {logging_mixin.py:117} INFO - [2023-05-14T23:14:11.274+0000] {dag.py:3328} INFO - Setting next_dagrun for example_sla_dag to 2023-05-14T23:12:00+00:00, run_after=2023-05-14T23:14:00+00:00
[2023-05-14T23:14:11.301+0000] {processor.py:178} INFO - Processing /home/airflow/.local/lib/python3.7/site-packages/airflow/example_dags/example_sla_dag.py took 0.174 seconds
[2023-05-14T23:22:18.948+0000] {processor.py:156} INFO - Started process (PID=173) to work on /home/airflow/.local/lib/python3.7/site-packages/airflow/example_dags/example_sla_dag.py
[2023-05-14T23:22:18.957+0000] {processor.py:758} INFO - Processing file /home/airflow/.local/lib/python3.7/site-packages/airflow/example_dags/example_sla_dag.py for tasks to queue
[2023-05-14T23:22:18.958+0000] {logging_mixin.py:117} INFO - [2023-05-14T23:22:18.957+0000] {dagbag.py:525} INFO - Filling up the DagBag from /home/airflow/.local/lib/python3.7/site-packages/airflow/example_dags/example_sla_dag.py
[2023-05-14T23:22:19.086+0000] {processor.py:768} INFO - DAG(s) dict_keys(['example_sla_dag']) retrieved from /home/airflow/.local/lib/python3.7/site-packages/airflow/example_dags/example_sla_dag.py
[2023-05-14T23:22:19.154+0000] {logging_mixin.py:117} INFO - [2023-05-14T23:22:19.145+0000] {dag.py:2573} INFO - Sync 1 DAGs
[2023-05-14T23:22:19.244+0000] {logging_mixin.py:117} INFO - [2023-05-14T23:22:19.244+0000] {dag.py:3328} INFO - Setting next_dagrun for example_sla_dag to 2023-05-14T23:20:00+00:00, run_after=2023-05-14T23:22:00+00:00
[2023-05-14T23:22:19.289+0000] {processor.py:178} INFO - Processing /home/airflow/.local/lib/python3.7/site-packages/airflow/example_dags/example_sla_dag.py took 0.353 seconds
[2023-05-14T23:22:49.916+0000] {processor.py:156} INFO - Started process (PID=373) to work on /home/airflow/.local/lib/python3.7/site-packages/airflow/example_dags/example_sla_dag.py
[2023-05-14T23:22:49.917+0000] {processor.py:758} INFO - Processing file /home/airflow/.local/lib/python3.7/site-packages/airflow/example_dags/example_sla_dag.py for tasks to queue
[2023-05-14T23:22:49.918+0000] {logging_mixin.py:117} INFO - [2023-05-14T23:22:49.918+0000] {dagbag.py:525} INFO - Filling up the DagBag from /home/airflow/.local/lib/python3.7/site-packages/airflow/example_dags/example_sla_dag.py
[2023-05-14T23:22:49.956+0000] {processor.py:768} INFO - DAG(s) dict_keys(['example_sla_dag']) retrieved from /home/airflow/.local/lib/python3.7/site-packages/airflow/example_dags/example_sla_dag.py
[2023-05-14T23:22:49.995+0000] {logging_mixin.py:117} INFO - [2023-05-14T23:22:49.995+0000] {dag.py:2573} INFO - Sync 1 DAGs
[2023-05-14T23:22:50.030+0000] {logging_mixin.py:117} INFO - [2023-05-14T23:22:50.030+0000] {dag.py:3328} INFO - Setting next_dagrun for example_sla_dag to 2023-05-14T23:20:00+00:00, run_after=2023-05-14T23:22:00+00:00
[2023-05-14T23:22:50.052+0000] {processor.py:178} INFO - Processing /home/airflow/.local/lib/python3.7/site-packages/airflow/example_dags/example_sla_dag.py took 0.142 seconds
[2023-05-14T23:23:20.946+0000] {processor.py:156} INFO - Started process (PID=580) to work on /home/airflow/.local/lib/python3.7/site-packages/airflow/example_dags/example_sla_dag.py
[2023-05-14T23:23:20.947+0000] {processor.py:758} INFO - Processing file /home/airflow/.local/lib/python3.7/site-packages/airflow/example_dags/example_sla_dag.py for tasks to queue
[2023-05-14T23:23:20.948+0000] {logging_mixin.py:117} INFO - [2023-05-14T23:23:20.948+0000] {dagbag.py:525} INFO - Filling up the DagBag from /home/airflow/.local/lib/python3.7/site-packages/airflow/example_dags/example_sla_dag.py
[2023-05-14T23:23:21.003+0000] {processor.py:768} INFO - DAG(s) dict_keys(['example_sla_dag']) retrieved from /home/airflow/.local/lib/python3.7/site-packages/airflow/example_dags/example_sla_dag.py
[2023-05-14T23:23:21.097+0000] {logging_mixin.py:117} INFO - [2023-05-14T23:23:21.097+0000] {dag.py:2573} INFO - Sync 1 DAGs
[2023-05-14T23:23:21.491+0000] {logging_mixin.py:117} INFO - [2023-05-14T23:23:21.491+0000] {dag.py:3328} INFO - Setting next_dagrun for example_sla_dag to 2023-05-14T23:20:00+00:00, run_after=2023-05-14T23:22:00+00:00
[2023-05-14T23:23:21.532+0000] {processor.py:178} INFO - Processing /home/airflow/.local/lib/python3.7/site-packages/airflow/example_dags/example_sla_dag.py took 0.590 seconds
[2023-05-14T23:23:51.978+0000] {processor.py:156} INFO - Started process (PID=778) to work on /home/airflow/.local/lib/python3.7/site-packages/airflow/example_dags/example_sla_dag.py
[2023-05-14T23:23:51.981+0000] {processor.py:758} INFO - Processing file /home/airflow/.local/lib/python3.7/site-packages/airflow/example_dags/example_sla_dag.py for tasks to queue
[2023-05-14T23:23:51.988+0000] {logging_mixin.py:117} INFO - [2023-05-14T23:23:51.988+0000] {dagbag.py:525} INFO - Filling up the DagBag from /home/airflow/.local/lib/python3.7/site-packages/airflow/example_dags/example_sla_dag.py
[2023-05-14T23:23:52.070+0000] {processor.py:768} INFO - DAG(s) dict_keys(['example_sla_dag']) retrieved from /home/airflow/.local/lib/python3.7/site-packages/airflow/example_dags/example_sla_dag.py
[2023-05-14T23:23:52.207+0000] {logging_mixin.py:117} INFO - [2023-05-14T23:23:52.206+0000] {dag.py:2573} INFO - Sync 1 DAGs
[2023-05-14T23:23:52.646+0000] {logging_mixin.py:117} INFO - [2023-05-14T23:23:52.645+0000] {dag.py:3328} INFO - Setting next_dagrun for example_sla_dag to 2023-05-14T23:20:00+00:00, run_after=2023-05-14T23:22:00+00:00
[2023-05-14T23:23:52.716+0000] {processor.py:178} INFO - Processing /home/airflow/.local/lib/python3.7/site-packages/airflow/example_dags/example_sla_dag.py took 0.747 seconds
[2023-05-14T23:24:23.114+0000] {processor.py:156} INFO - Started process (PID=976) to work on /home/airflow/.local/lib/python3.7/site-packages/airflow/example_dags/example_sla_dag.py
[2023-05-14T23:24:23.116+0000] {processor.py:758} INFO - Processing file /home/airflow/.local/lib/python3.7/site-packages/airflow/example_dags/example_sla_dag.py for tasks to queue
[2023-05-14T23:24:23.119+0000] {logging_mixin.py:117} INFO - [2023-05-14T23:24:23.118+0000] {dagbag.py:525} INFO - Filling up the DagBag from /home/airflow/.local/lib/python3.7/site-packages/airflow/example_dags/example_sla_dag.py
[2023-05-14T23:24:23.169+0000] {processor.py:768} INFO - DAG(s) dict_keys(['example_sla_dag']) retrieved from /home/airflow/.local/lib/python3.7/site-packages/airflow/example_dags/example_sla_dag.py
[2023-05-14T23:24:23.567+0000] {logging_mixin.py:117} INFO - [2023-05-14T23:24:23.566+0000] {dag.py:2573} INFO - Sync 1 DAGs
[2023-05-14T23:24:23.637+0000] {logging_mixin.py:117} INFO - [2023-05-14T23:24:23.637+0000] {dag.py:3328} INFO - Setting next_dagrun for example_sla_dag to 2023-05-14T23:22:00+00:00, run_after=2023-05-14T23:24:00+00:00
[2023-05-14T23:24:23.682+0000] {processor.py:178} INFO - Processing /home/airflow/.local/lib/python3.7/site-packages/airflow/example_dags/example_sla_dag.py took 0.578 seconds
[2023-05-14T23:24:54.137+0000] {processor.py:156} INFO - Started process (PID=1183) to work on /home/airflow/.local/lib/python3.7/site-packages/airflow/example_dags/example_sla_dag.py
[2023-05-14T23:24:54.139+0000] {processor.py:758} INFO - Processing file /home/airflow/.local/lib/python3.7/site-packages/airflow/example_dags/example_sla_dag.py for tasks to queue
[2023-05-14T23:24:54.140+0000] {logging_mixin.py:117} INFO - [2023-05-14T23:24:54.140+0000] {dagbag.py:525} INFO - Filling up the DagBag from /home/airflow/.local/lib/python3.7/site-packages/airflow/example_dags/example_sla_dag.py
[2023-05-14T23:24:54.199+0000] {processor.py:768} INFO - DAG(s) dict_keys(['example_sla_dag']) retrieved from /home/airflow/.local/lib/python3.7/site-packages/airflow/example_dags/example_sla_dag.py
[2023-05-14T23:24:54.605+0000] {logging_mixin.py:117} INFO - [2023-05-14T23:24:54.605+0000] {dag.py:2573} INFO - Sync 1 DAGs
[2023-05-14T23:24:54.659+0000] {logging_mixin.py:117} INFO - [2023-05-14T23:24:54.659+0000] {dag.py:3328} INFO - Setting next_dagrun for example_sla_dag to 2023-05-14T23:22:00+00:00, run_after=2023-05-14T23:24:00+00:00
[2023-05-14T23:24:54.698+0000] {processor.py:178} INFO - Processing /home/airflow/.local/lib/python3.7/site-packages/airflow/example_dags/example_sla_dag.py took 0.569 seconds
[2023-05-14T23:25:24.895+0000] {processor.py:156} INFO - Started process (PID=1386) to work on /home/airflow/.local/lib/python3.7/site-packages/airflow/example_dags/example_sla_dag.py
[2023-05-14T23:25:24.897+0000] {processor.py:758} INFO - Processing file /home/airflow/.local/lib/python3.7/site-packages/airflow/example_dags/example_sla_dag.py for tasks to queue
[2023-05-14T23:25:24.899+0000] {logging_mixin.py:117} INFO - [2023-05-14T23:25:24.898+0000] {dagbag.py:525} INFO - Filling up the DagBag from /home/airflow/.local/lib/python3.7/site-packages/airflow/example_dags/example_sla_dag.py
[2023-05-14T23:25:25.195+0000] {processor.py:768} INFO - DAG(s) dict_keys(['example_sla_dag']) retrieved from /home/airflow/.local/lib/python3.7/site-packages/airflow/example_dags/example_sla_dag.py
[2023-05-14T23:25:25.287+0000] {logging_mixin.py:117} INFO - [2023-05-14T23:25:25.287+0000] {dag.py:2573} INFO - Sync 1 DAGs
[2023-05-14T23:25:25.346+0000] {logging_mixin.py:117} INFO - [2023-05-14T23:25:25.345+0000] {dag.py:3328} INFO - Setting next_dagrun for example_sla_dag to 2023-05-14T23:22:00+00:00, run_after=2023-05-14T23:24:00+00:00
[2023-05-14T23:25:25.382+0000] {processor.py:178} INFO - Processing /home/airflow/.local/lib/python3.7/site-packages/airflow/example_dags/example_sla_dag.py took 0.491 seconds
[2023-05-14T23:25:55.514+0000] {processor.py:156} INFO - Started process (PID=1587) to work on /home/airflow/.local/lib/python3.7/site-packages/airflow/example_dags/example_sla_dag.py
[2023-05-14T23:25:55.516+0000] {processor.py:758} INFO - Processing file /home/airflow/.local/lib/python3.7/site-packages/airflow/example_dags/example_sla_dag.py for tasks to queue
[2023-05-14T23:25:55.517+0000] {logging_mixin.py:117} INFO - [2023-05-14T23:25:55.517+0000] {dagbag.py:525} INFO - Filling up the DagBag from /home/airflow/.local/lib/python3.7/site-packages/airflow/example_dags/example_sla_dag.py
[2023-05-14T23:25:55.810+0000] {processor.py:768} INFO - DAG(s) dict_keys(['example_sla_dag']) retrieved from /home/airflow/.local/lib/python3.7/site-packages/airflow/example_dags/example_sla_dag.py
[2023-05-14T23:25:55.868+0000] {logging_mixin.py:117} INFO - [2023-05-14T23:25:55.868+0000] {dag.py:2573} INFO - Sync 1 DAGs
[2023-05-14T23:25:55.911+0000] {logging_mixin.py:117} INFO - [2023-05-14T23:25:55.911+0000] {dag.py:3328} INFO - Setting next_dagrun for example_sla_dag to 2023-05-14T23:22:00+00:00, run_after=2023-05-14T23:24:00+00:00
[2023-05-14T23:25:55.950+0000] {processor.py:178} INFO - Processing /home/airflow/.local/lib/python3.7/site-packages/airflow/example_dags/example_sla_dag.py took 0.441 seconds
[2023-05-14T23:26:26.173+0000] {processor.py:156} INFO - Started process (PID=1799) to work on /home/airflow/.local/lib/python3.7/site-packages/airflow/example_dags/example_sla_dag.py
[2023-05-14T23:26:26.174+0000] {processor.py:758} INFO - Processing file /home/airflow/.local/lib/python3.7/site-packages/airflow/example_dags/example_sla_dag.py for tasks to queue
[2023-05-14T23:26:26.175+0000] {logging_mixin.py:117} INFO - [2023-05-14T23:26:26.175+0000] {dagbag.py:525} INFO - Filling up the DagBag from /home/airflow/.local/lib/python3.7/site-packages/airflow/example_dags/example_sla_dag.py
[2023-05-14T23:26:26.212+0000] {processor.py:768} INFO - DAG(s) dict_keys(['example_sla_dag']) retrieved from /home/airflow/.local/lib/python3.7/site-packages/airflow/example_dags/example_sla_dag.py
[2023-05-14T23:26:26.273+0000] {logging_mixin.py:117} INFO - [2023-05-14T23:26:26.273+0000] {dag.py:2573} INFO - Sync 1 DAGs
[2023-05-14T23:26:26.321+0000] {logging_mixin.py:117} INFO - [2023-05-14T23:26:26.321+0000] {dag.py:3328} INFO - Setting next_dagrun for example_sla_dag to 2023-05-14T23:24:00+00:00, run_after=2023-05-14T23:26:00+00:00
[2023-05-14T23:26:26.352+0000] {processor.py:178} INFO - Processing /home/airflow/.local/lib/python3.7/site-packages/airflow/example_dags/example_sla_dag.py took 0.182 seconds
[2023-05-14T23:26:56.546+0000] {processor.py:156} INFO - Started process (PID=1993) to work on /home/airflow/.local/lib/python3.7/site-packages/airflow/example_dags/example_sla_dag.py
[2023-05-14T23:26:56.547+0000] {processor.py:758} INFO - Processing file /home/airflow/.local/lib/python3.7/site-packages/airflow/example_dags/example_sla_dag.py for tasks to queue
[2023-05-14T23:26:56.548+0000] {logging_mixin.py:117} INFO - [2023-05-14T23:26:56.548+0000] {dagbag.py:525} INFO - Filling up the DagBag from /home/airflow/.local/lib/python3.7/site-packages/airflow/example_dags/example_sla_dag.py
[2023-05-14T23:26:56.577+0000] {processor.py:768} INFO - DAG(s) dict_keys(['example_sla_dag']) retrieved from /home/airflow/.local/lib/python3.7/site-packages/airflow/example_dags/example_sla_dag.py
[2023-05-14T23:26:56.613+0000] {logging_mixin.py:117} INFO - [2023-05-14T23:26:56.613+0000] {dag.py:2573} INFO - Sync 1 DAGs
[2023-05-14T23:26:56.640+0000] {logging_mixin.py:117} INFO - [2023-05-14T23:26:56.640+0000] {dag.py:3328} INFO - Setting next_dagrun for example_sla_dag to 2023-05-14T23:24:00+00:00, run_after=2023-05-14T23:26:00+00:00
[2023-05-14T23:26:56.660+0000] {processor.py:178} INFO - Processing /home/airflow/.local/lib/python3.7/site-packages/airflow/example_dags/example_sla_dag.py took 0.120 seconds
