[2023-05-14T23:07:07.312+0000] {processor.py:156} INFO - Started process (PID=338) to work on /home/airflow/.local/lib/python3.7/site-packages/airflow/example_dags/example_branch_operator.py
[2023-05-14T23:07:07.313+0000] {processor.py:758} INFO - Processing file /home/airflow/.local/lib/python3.7/site-packages/airflow/example_dags/example_branch_operator.py for tasks to queue
[2023-05-14T23:07:07.315+0000] {logging_mixin.py:117} INFO - [2023-05-14T23:07:07.315+0000] {dagbag.py:525} INFO - Filling up the DagBag from /home/airflow/.local/lib/python3.7/site-packages/airflow/example_dags/example_branch_operator.py
[2023-05-14T23:07:07.356+0000] {processor.py:768} INFO - DAG(s) dict_keys(['example_branch_operator']) retrieved from /home/airflow/.local/lib/python3.7/site-packages/airflow/example_dags/example_branch_operator.py
[2023-05-14T23:07:07.409+0000] {logging_mixin.py:117} INFO - [2023-05-14T23:07:07.409+0000] {dag.py:2573} INFO - Sync 1 DAGs
[2023-05-14T23:07:07.460+0000] {logging_mixin.py:117} INFO - [2023-05-14T23:07:07.460+0000] {dag.py:3328} INFO - Setting next_dagrun for example_branch_operator to 2023-05-13T00:00:00+00:00, run_after=2023-05-14T00:00:00+00:00
[2023-05-14T23:07:07.500+0000] {processor.py:178} INFO - Processing /home/airflow/.local/lib/python3.7/site-packages/airflow/example_dags/example_branch_operator.py took 0.195 seconds
[2023-05-14T23:07:37.883+0000] {processor.py:156} INFO - Started process (PID=536) to work on /home/airflow/.local/lib/python3.7/site-packages/airflow/example_dags/example_branch_operator.py
[2023-05-14T23:07:37.884+0000] {processor.py:758} INFO - Processing file /home/airflow/.local/lib/python3.7/site-packages/airflow/example_dags/example_branch_operator.py for tasks to queue
[2023-05-14T23:07:37.885+0000] {logging_mixin.py:117} INFO - [2023-05-14T23:07:37.885+0000] {dagbag.py:525} INFO - Filling up the DagBag from /home/airflow/.local/lib/python3.7/site-packages/airflow/example_dags/example_branch_operator.py
[2023-05-14T23:07:37.903+0000] {processor.py:768} INFO - DAG(s) dict_keys(['example_branch_operator']) retrieved from /home/airflow/.local/lib/python3.7/site-packages/airflow/example_dags/example_branch_operator.py
[2023-05-14T23:07:37.947+0000] {logging_mixin.py:117} INFO - [2023-05-14T23:07:37.947+0000] {dag.py:2573} INFO - Sync 1 DAGs
[2023-05-14T23:07:37.973+0000] {logging_mixin.py:117} INFO - [2023-05-14T23:07:37.973+0000] {dag.py:3328} INFO - Setting next_dagrun for example_branch_operator to 2023-05-13T00:00:00+00:00, run_after=2023-05-14T00:00:00+00:00
[2023-05-14T23:07:37.996+0000] {processor.py:178} INFO - Processing /home/airflow/.local/lib/python3.7/site-packages/airflow/example_dags/example_branch_operator.py took 0.116 seconds
[2023-05-14T23:08:09.994+0000] {processor.py:156} INFO - Started process (PID=737) to work on /home/airflow/.local/lib/python3.7/site-packages/airflow/example_dags/example_branch_operator.py
[2023-05-14T23:08:09.995+0000] {processor.py:758} INFO - Processing file /home/airflow/.local/lib/python3.7/site-packages/airflow/example_dags/example_branch_operator.py for tasks to queue
[2023-05-14T23:08:09.996+0000] {logging_mixin.py:117} INFO - [2023-05-14T23:08:09.996+0000] {dagbag.py:525} INFO - Filling up the DagBag from /home/airflow/.local/lib/python3.7/site-packages/airflow/example_dags/example_branch_operator.py
[2023-05-14T23:08:10.026+0000] {processor.py:768} INFO - DAG(s) dict_keys(['example_branch_operator']) retrieved from /home/airflow/.local/lib/python3.7/site-packages/airflow/example_dags/example_branch_operator.py
[2023-05-14T23:08:10.095+0000] {logging_mixin.py:117} INFO - [2023-05-14T23:08:10.095+0000] {dag.py:2573} INFO - Sync 1 DAGs
[2023-05-14T23:08:10.239+0000] {logging_mixin.py:117} INFO - [2023-05-14T23:08:10.239+0000] {dag.py:3328} INFO - Setting next_dagrun for example_branch_operator to 2023-05-13T00:00:00+00:00, run_after=2023-05-14T00:00:00+00:00
[2023-05-14T23:08:10.259+0000] {processor.py:178} INFO - Processing /home/airflow/.local/lib/python3.7/site-packages/airflow/example_dags/example_branch_operator.py took 0.272 seconds
[2023-05-14T23:08:40.857+0000] {processor.py:156} INFO - Started process (PID=949) to work on /home/airflow/.local/lib/python3.7/site-packages/airflow/example_dags/example_branch_operator.py
[2023-05-14T23:08:40.858+0000] {processor.py:758} INFO - Processing file /home/airflow/.local/lib/python3.7/site-packages/airflow/example_dags/example_branch_operator.py for tasks to queue
[2023-05-14T23:08:40.858+0000] {logging_mixin.py:117} INFO - [2023-05-14T23:08:40.858+0000] {dagbag.py:525} INFO - Filling up the DagBag from /home/airflow/.local/lib/python3.7/site-packages/airflow/example_dags/example_branch_operator.py
[2023-05-14T23:08:40.878+0000] {processor.py:768} INFO - DAG(s) dict_keys(['example_branch_operator']) retrieved from /home/airflow/.local/lib/python3.7/site-packages/airflow/example_dags/example_branch_operator.py
[2023-05-14T23:08:40.925+0000] {logging_mixin.py:117} INFO - [2023-05-14T23:08:40.925+0000] {dag.py:2573} INFO - Sync 1 DAGs
[2023-05-14T23:08:41.080+0000] {logging_mixin.py:117} INFO - [2023-05-14T23:08:41.080+0000] {dag.py:3328} INFO - Setting next_dagrun for example_branch_operator to 2023-05-13T00:00:00+00:00, run_after=2023-05-14T00:00:00+00:00
[2023-05-14T23:08:41.109+0000] {processor.py:178} INFO - Processing /home/airflow/.local/lib/python3.7/site-packages/airflow/example_dags/example_branch_operator.py took 0.255 seconds
[2023-05-14T23:09:11.256+0000] {processor.py:156} INFO - Started process (PID=1147) to work on /home/airflow/.local/lib/python3.7/site-packages/airflow/example_dags/example_branch_operator.py
[2023-05-14T23:09:11.257+0000] {processor.py:758} INFO - Processing file /home/airflow/.local/lib/python3.7/site-packages/airflow/example_dags/example_branch_operator.py for tasks to queue
[2023-05-14T23:09:11.258+0000] {logging_mixin.py:117} INFO - [2023-05-14T23:09:11.258+0000] {dagbag.py:525} INFO - Filling up the DagBag from /home/airflow/.local/lib/python3.7/site-packages/airflow/example_dags/example_branch_operator.py
[2023-05-14T23:09:11.277+0000] {processor.py:768} INFO - DAG(s) dict_keys(['example_branch_operator']) retrieved from /home/airflow/.local/lib/python3.7/site-packages/airflow/example_dags/example_branch_operator.py
[2023-05-14T23:09:11.498+0000] {logging_mixin.py:117} INFO - [2023-05-14T23:09:11.498+0000] {dag.py:2573} INFO - Sync 1 DAGs
[2023-05-14T23:09:11.542+0000] {logging_mixin.py:117} INFO - [2023-05-14T23:09:11.542+0000] {dag.py:3328} INFO - Setting next_dagrun for example_branch_operator to 2023-05-13T00:00:00+00:00, run_after=2023-05-14T00:00:00+00:00
[2023-05-14T23:09:11.559+0000] {processor.py:178} INFO - Processing /home/airflow/.local/lib/python3.7/site-packages/airflow/example_dags/example_branch_operator.py took 0.307 seconds
[2023-05-14T23:09:41.673+0000] {processor.py:156} INFO - Started process (PID=1355) to work on /home/airflow/.local/lib/python3.7/site-packages/airflow/example_dags/example_branch_operator.py
[2023-05-14T23:09:41.674+0000] {processor.py:758} INFO - Processing file /home/airflow/.local/lib/python3.7/site-packages/airflow/example_dags/example_branch_operator.py for tasks to queue
[2023-05-14T23:09:41.674+0000] {logging_mixin.py:117} INFO - [2023-05-14T23:09:41.674+0000] {dagbag.py:525} INFO - Filling up the DagBag from /home/airflow/.local/lib/python3.7/site-packages/airflow/example_dags/example_branch_operator.py
[2023-05-14T23:09:41.692+0000] {processor.py:768} INFO - DAG(s) dict_keys(['example_branch_operator']) retrieved from /home/airflow/.local/lib/python3.7/site-packages/airflow/example_dags/example_branch_operator.py
[2023-05-14T23:09:41.857+0000] {logging_mixin.py:117} INFO - [2023-05-14T23:09:41.857+0000] {dag.py:2573} INFO - Sync 1 DAGs
[2023-05-14T23:09:41.893+0000] {logging_mixin.py:117} INFO - [2023-05-14T23:09:41.893+0000] {dag.py:3328} INFO - Setting next_dagrun for example_branch_operator to 2023-05-13T00:00:00+00:00, run_after=2023-05-14T00:00:00+00:00
[2023-05-14T23:09:41.922+0000] {processor.py:178} INFO - Processing /home/airflow/.local/lib/python3.7/site-packages/airflow/example_dags/example_branch_operator.py took 0.253 seconds
[2023-05-14T23:10:12.186+0000] {processor.py:156} INFO - Started process (PID=1552) to work on /home/airflow/.local/lib/python3.7/site-packages/airflow/example_dags/example_branch_operator.py
[2023-05-14T23:10:12.187+0000] {processor.py:758} INFO - Processing file /home/airflow/.local/lib/python3.7/site-packages/airflow/example_dags/example_branch_operator.py for tasks to queue
[2023-05-14T23:10:12.188+0000] {logging_mixin.py:117} INFO - [2023-05-14T23:10:12.188+0000] {dagbag.py:525} INFO - Filling up the DagBag from /home/airflow/.local/lib/python3.7/site-packages/airflow/example_dags/example_branch_operator.py
[2023-05-14T23:10:12.356+0000] {processor.py:768} INFO - DAG(s) dict_keys(['example_branch_operator']) retrieved from /home/airflow/.local/lib/python3.7/site-packages/airflow/example_dags/example_branch_operator.py
[2023-05-14T23:10:12.405+0000] {logging_mixin.py:117} INFO - [2023-05-14T23:10:12.405+0000] {dag.py:2573} INFO - Sync 1 DAGs
[2023-05-14T23:10:12.429+0000] {logging_mixin.py:117} INFO - [2023-05-14T23:10:12.428+0000] {dag.py:3328} INFO - Setting next_dagrun for example_branch_operator to 2023-05-13T00:00:00+00:00, run_after=2023-05-14T00:00:00+00:00
[2023-05-14T23:10:12.446+0000] {processor.py:178} INFO - Processing /home/airflow/.local/lib/python3.7/site-packages/airflow/example_dags/example_branch_operator.py took 0.264 seconds
[2023-05-14T23:10:42.528+0000] {processor.py:156} INFO - Started process (PID=1759) to work on /home/airflow/.local/lib/python3.7/site-packages/airflow/example_dags/example_branch_operator.py
[2023-05-14T23:10:42.529+0000] {processor.py:758} INFO - Processing file /home/airflow/.local/lib/python3.7/site-packages/airflow/example_dags/example_branch_operator.py for tasks to queue
[2023-05-14T23:10:42.530+0000] {logging_mixin.py:117} INFO - [2023-05-14T23:10:42.530+0000] {dagbag.py:525} INFO - Filling up the DagBag from /home/airflow/.local/lib/python3.7/site-packages/airflow/example_dags/example_branch_operator.py
[2023-05-14T23:10:42.552+0000] {processor.py:768} INFO - DAG(s) dict_keys(['example_branch_operator']) retrieved from /home/airflow/.local/lib/python3.7/site-packages/airflow/example_dags/example_branch_operator.py
[2023-05-14T23:10:42.614+0000] {logging_mixin.py:117} INFO - [2023-05-14T23:10:42.614+0000] {dag.py:2573} INFO - Sync 1 DAGs
[2023-05-14T23:10:42.655+0000] {logging_mixin.py:117} INFO - [2023-05-14T23:10:42.655+0000] {dag.py:3328} INFO - Setting next_dagrun for example_branch_operator to 2023-05-13T00:00:00+00:00, run_after=2023-05-14T00:00:00+00:00
[2023-05-14T23:10:42.687+0000] {processor.py:178} INFO - Processing /home/airflow/.local/lib/python3.7/site-packages/airflow/example_dags/example_branch_operator.py took 0.163 seconds
[2023-05-14T23:11:14.703+0000] {processor.py:156} INFO - Started process (PID=1966) to work on /home/airflow/.local/lib/python3.7/site-packages/airflow/example_dags/example_branch_operator.py
[2023-05-14T23:11:14.705+0000] {processor.py:758} INFO - Processing file /home/airflow/.local/lib/python3.7/site-packages/airflow/example_dags/example_branch_operator.py for tasks to queue
[2023-05-14T23:11:14.706+0000] {logging_mixin.py:117} INFO - [2023-05-14T23:11:14.706+0000] {dagbag.py:525} INFO - Filling up the DagBag from /home/airflow/.local/lib/python3.7/site-packages/airflow/example_dags/example_branch_operator.py
[2023-05-14T23:11:14.752+0000] {processor.py:768} INFO - DAG(s) dict_keys(['example_branch_operator']) retrieved from /home/airflow/.local/lib/python3.7/site-packages/airflow/example_dags/example_branch_operator.py
[2023-05-14T23:11:14.851+0000] {logging_mixin.py:117} INFO - [2023-05-14T23:11:14.851+0000] {dag.py:2573} INFO - Sync 1 DAGs
[2023-05-14T23:11:14.907+0000] {logging_mixin.py:117} INFO - [2023-05-14T23:11:14.907+0000] {dag.py:3328} INFO - Setting next_dagrun for example_branch_operator to 2023-05-13T00:00:00+00:00, run_after=2023-05-14T00:00:00+00:00
[2023-05-14T23:11:14.938+0000] {processor.py:178} INFO - Processing /home/airflow/.local/lib/python3.7/site-packages/airflow/example_dags/example_branch_operator.py took 0.239 seconds
[2023-05-14T23:11:45.006+0000] {processor.py:156} INFO - Started process (PID=2169) to work on /home/airflow/.local/lib/python3.7/site-packages/airflow/example_dags/example_branch_operator.py
[2023-05-14T23:11:45.007+0000] {processor.py:758} INFO - Processing file /home/airflow/.local/lib/python3.7/site-packages/airflow/example_dags/example_branch_operator.py for tasks to queue
[2023-05-14T23:11:45.007+0000] {logging_mixin.py:117} INFO - [2023-05-14T23:11:45.007+0000] {dagbag.py:525} INFO - Filling up the DagBag from /home/airflow/.local/lib/python3.7/site-packages/airflow/example_dags/example_branch_operator.py
[2023-05-14T23:11:45.032+0000] {processor.py:768} INFO - DAG(s) dict_keys(['example_branch_operator']) retrieved from /home/airflow/.local/lib/python3.7/site-packages/airflow/example_dags/example_branch_operator.py
[2023-05-14T23:11:45.090+0000] {logging_mixin.py:117} INFO - [2023-05-14T23:11:45.090+0000] {dag.py:2573} INFO - Sync 1 DAGs
[2023-05-14T23:11:45.128+0000] {logging_mixin.py:117} INFO - [2023-05-14T23:11:45.128+0000] {dag.py:3328} INFO - Setting next_dagrun for example_branch_operator to 2023-05-13T00:00:00+00:00, run_after=2023-05-14T00:00:00+00:00
[2023-05-14T23:11:45.192+0000] {processor.py:178} INFO - Processing /home/airflow/.local/lib/python3.7/site-packages/airflow/example_dags/example_branch_operator.py took 0.189 seconds
[2023-05-14T23:12:15.698+0000] {processor.py:156} INFO - Started process (PID=2364) to work on /home/airflow/.local/lib/python3.7/site-packages/airflow/example_dags/example_branch_operator.py
[2023-05-14T23:12:15.704+0000] {processor.py:758} INFO - Processing file /home/airflow/.local/lib/python3.7/site-packages/airflow/example_dags/example_branch_operator.py for tasks to queue
[2023-05-14T23:12:15.705+0000] {logging_mixin.py:117} INFO - [2023-05-14T23:12:15.705+0000] {dagbag.py:525} INFO - Filling up the DagBag from /home/airflow/.local/lib/python3.7/site-packages/airflow/example_dags/example_branch_operator.py
[2023-05-14T23:12:15.750+0000] {processor.py:768} INFO - DAG(s) dict_keys(['example_branch_operator']) retrieved from /home/airflow/.local/lib/python3.7/site-packages/airflow/example_dags/example_branch_operator.py
[2023-05-14T23:12:15.829+0000] {logging_mixin.py:117} INFO - [2023-05-14T23:12:15.829+0000] {dag.py:2573} INFO - Sync 1 DAGs
[2023-05-14T23:12:15.898+0000] {logging_mixin.py:117} INFO - [2023-05-14T23:12:15.898+0000] {dag.py:3328} INFO - Setting next_dagrun for example_branch_operator to 2023-05-13T00:00:00+00:00, run_after=2023-05-14T00:00:00+00:00
[2023-05-14T23:12:15.936+0000] {processor.py:178} INFO - Processing /home/airflow/.local/lib/python3.7/site-packages/airflow/example_dags/example_branch_operator.py took 0.242 seconds
[2023-05-14T23:12:46.014+0000] {processor.py:156} INFO - Started process (PID=2561) to work on /home/airflow/.local/lib/python3.7/site-packages/airflow/example_dags/example_branch_operator.py
[2023-05-14T23:12:46.014+0000] {processor.py:758} INFO - Processing file /home/airflow/.local/lib/python3.7/site-packages/airflow/example_dags/example_branch_operator.py for tasks to queue
[2023-05-14T23:12:46.015+0000] {logging_mixin.py:117} INFO - [2023-05-14T23:12:46.015+0000] {dagbag.py:525} INFO - Filling up the DagBag from /home/airflow/.local/lib/python3.7/site-packages/airflow/example_dags/example_branch_operator.py
[2023-05-14T23:12:46.049+0000] {processor.py:768} INFO - DAG(s) dict_keys(['example_branch_operator']) retrieved from /home/airflow/.local/lib/python3.7/site-packages/airflow/example_dags/example_branch_operator.py
[2023-05-14T23:12:46.109+0000] {logging_mixin.py:117} INFO - [2023-05-14T23:12:46.109+0000] {dag.py:2573} INFO - Sync 1 DAGs
[2023-05-14T23:12:46.157+0000] {logging_mixin.py:117} INFO - [2023-05-14T23:12:46.156+0000] {dag.py:3328} INFO - Setting next_dagrun for example_branch_operator to 2023-05-13T00:00:00+00:00, run_after=2023-05-14T00:00:00+00:00
[2023-05-14T23:12:46.184+0000] {processor.py:178} INFO - Processing /home/airflow/.local/lib/python3.7/site-packages/airflow/example_dags/example_branch_operator.py took 0.174 seconds
[2023-05-14T23:13:17.980+0000] {processor.py:156} INFO - Started process (PID=2768) to work on /home/airflow/.local/lib/python3.7/site-packages/airflow/example_dags/example_branch_operator.py
[2023-05-14T23:13:17.981+0000] {processor.py:758} INFO - Processing file /home/airflow/.local/lib/python3.7/site-packages/airflow/example_dags/example_branch_operator.py for tasks to queue
[2023-05-14T23:13:17.983+0000] {logging_mixin.py:117} INFO - [2023-05-14T23:13:17.982+0000] {dagbag.py:525} INFO - Filling up the DagBag from /home/airflow/.local/lib/python3.7/site-packages/airflow/example_dags/example_branch_operator.py
[2023-05-14T23:13:18.026+0000] {processor.py:768} INFO - DAG(s) dict_keys(['example_branch_operator']) retrieved from /home/airflow/.local/lib/python3.7/site-packages/airflow/example_dags/example_branch_operator.py
[2023-05-14T23:13:18.130+0000] {logging_mixin.py:117} INFO - [2023-05-14T23:13:18.129+0000] {dag.py:2573} INFO - Sync 1 DAGs
[2023-05-14T23:13:18.206+0000] {logging_mixin.py:117} INFO - [2023-05-14T23:13:18.205+0000] {dag.py:3328} INFO - Setting next_dagrun for example_branch_operator to 2023-05-13T00:00:00+00:00, run_after=2023-05-14T00:00:00+00:00
[2023-05-14T23:13:18.247+0000] {processor.py:178} INFO - Processing /home/airflow/.local/lib/python3.7/site-packages/airflow/example_dags/example_branch_operator.py took 0.271 seconds
[2023-05-14T23:13:48.540+0000] {processor.py:156} INFO - Started process (PID=2973) to work on /home/airflow/.local/lib/python3.7/site-packages/airflow/example_dags/example_branch_operator.py
[2023-05-14T23:13:48.541+0000] {processor.py:758} INFO - Processing file /home/airflow/.local/lib/python3.7/site-packages/airflow/example_dags/example_branch_operator.py for tasks to queue
[2023-05-14T23:13:48.542+0000] {logging_mixin.py:117} INFO - [2023-05-14T23:13:48.541+0000] {dagbag.py:525} INFO - Filling up the DagBag from /home/airflow/.local/lib/python3.7/site-packages/airflow/example_dags/example_branch_operator.py
[2023-05-14T23:13:48.565+0000] {processor.py:768} INFO - DAG(s) dict_keys(['example_branch_operator']) retrieved from /home/airflow/.local/lib/python3.7/site-packages/airflow/example_dags/example_branch_operator.py
[2023-05-14T23:13:48.631+0000] {logging_mixin.py:117} INFO - [2023-05-14T23:13:48.630+0000] {dag.py:2573} INFO - Sync 1 DAGs
[2023-05-14T23:13:48.690+0000] {logging_mixin.py:117} INFO - [2023-05-14T23:13:48.689+0000] {dag.py:3328} INFO - Setting next_dagrun for example_branch_operator to 2023-05-13T00:00:00+00:00, run_after=2023-05-14T00:00:00+00:00
[2023-05-14T23:13:48.734+0000] {processor.py:178} INFO - Processing /home/airflow/.local/lib/python3.7/site-packages/airflow/example_dags/example_branch_operator.py took 0.201 seconds
[2023-05-14T23:14:20.947+0000] {processor.py:156} INFO - Started process (PID=3178) to work on /home/airflow/.local/lib/python3.7/site-packages/airflow/example_dags/example_branch_operator.py
[2023-05-14T23:14:20.948+0000] {processor.py:758} INFO - Processing file /home/airflow/.local/lib/python3.7/site-packages/airflow/example_dags/example_branch_operator.py for tasks to queue
[2023-05-14T23:14:20.951+0000] {logging_mixin.py:117} INFO - [2023-05-14T23:14:20.950+0000] {dagbag.py:525} INFO - Filling up the DagBag from /home/airflow/.local/lib/python3.7/site-packages/airflow/example_dags/example_branch_operator.py
[2023-05-14T23:14:20.986+0000] {processor.py:768} INFO - DAG(s) dict_keys(['example_branch_operator']) retrieved from /home/airflow/.local/lib/python3.7/site-packages/airflow/example_dags/example_branch_operator.py
[2023-05-14T23:14:21.057+0000] {logging_mixin.py:117} INFO - [2023-05-14T23:14:21.056+0000] {dag.py:2573} INFO - Sync 1 DAGs
[2023-05-14T23:14:21.120+0000] {logging_mixin.py:117} INFO - [2023-05-14T23:14:21.120+0000] {dag.py:3328} INFO - Setting next_dagrun for example_branch_operator to 2023-05-13T00:00:00+00:00, run_after=2023-05-14T00:00:00+00:00
[2023-05-14T23:14:21.149+0000] {processor.py:178} INFO - Processing /home/airflow/.local/lib/python3.7/site-packages/airflow/example_dags/example_branch_operator.py took 0.206 seconds
[2023-05-14T23:22:22.615+0000] {processor.py:156} INFO - Started process (PID=337) to work on /home/airflow/.local/lib/python3.7/site-packages/airflow/example_dags/example_branch_operator.py
[2023-05-14T23:22:22.616+0000] {processor.py:758} INFO - Processing file /home/airflow/.local/lib/python3.7/site-packages/airflow/example_dags/example_branch_operator.py for tasks to queue
[2023-05-14T23:22:22.617+0000] {logging_mixin.py:117} INFO - [2023-05-14T23:22:22.617+0000] {dagbag.py:525} INFO - Filling up the DagBag from /home/airflow/.local/lib/python3.7/site-packages/airflow/example_dags/example_branch_operator.py
[2023-05-14T23:22:22.642+0000] {processor.py:768} INFO - DAG(s) dict_keys(['example_branch_operator']) retrieved from /home/airflow/.local/lib/python3.7/site-packages/airflow/example_dags/example_branch_operator.py
[2023-05-14T23:22:22.679+0000] {logging_mixin.py:117} INFO - [2023-05-14T23:22:22.679+0000] {dag.py:2573} INFO - Sync 1 DAGs
[2023-05-14T23:22:22.715+0000] {logging_mixin.py:117} INFO - [2023-05-14T23:22:22.714+0000] {dag.py:3328} INFO - Setting next_dagrun for example_branch_operator to 2023-05-13T00:00:00+00:00, run_after=2023-05-14T00:00:00+00:00
[2023-05-14T23:22:22.735+0000] {processor.py:178} INFO - Processing /home/airflow/.local/lib/python3.7/site-packages/airflow/example_dags/example_branch_operator.py took 0.124 seconds
[2023-05-14T23:22:53.582+0000] {processor.py:156} INFO - Started process (PID=546) to work on /home/airflow/.local/lib/python3.7/site-packages/airflow/example_dags/example_branch_operator.py
[2023-05-14T23:22:53.582+0000] {processor.py:758} INFO - Processing file /home/airflow/.local/lib/python3.7/site-packages/airflow/example_dags/example_branch_operator.py for tasks to queue
[2023-05-14T23:22:53.583+0000] {logging_mixin.py:117} INFO - [2023-05-14T23:22:53.583+0000] {dagbag.py:525} INFO - Filling up the DagBag from /home/airflow/.local/lib/python3.7/site-packages/airflow/example_dags/example_branch_operator.py
[2023-05-14T23:22:53.606+0000] {processor.py:768} INFO - DAG(s) dict_keys(['example_branch_operator']) retrieved from /home/airflow/.local/lib/python3.7/site-packages/airflow/example_dags/example_branch_operator.py
[2023-05-14T23:22:53.628+0000] {logging_mixin.py:117} INFO - [2023-05-14T23:22:53.627+0000] {dag.py:2573} INFO - Sync 1 DAGs
[2023-05-14T23:22:53.652+0000] {logging_mixin.py:117} INFO - [2023-05-14T23:22:53.652+0000] {dag.py:3328} INFO - Setting next_dagrun for example_branch_operator to 2023-05-13T00:00:00+00:00, run_after=2023-05-14T00:00:00+00:00
[2023-05-14T23:22:53.670+0000] {processor.py:178} INFO - Processing /home/airflow/.local/lib/python3.7/site-packages/airflow/example_dags/example_branch_operator.py took 0.091 seconds
[2023-05-14T23:23:29.244+0000] {processor.py:156} INFO - Started process (PID=745) to work on /home/airflow/.local/lib/python3.7/site-packages/airflow/example_dags/example_branch_operator.py
[2023-05-14T23:23:29.245+0000] {processor.py:758} INFO - Processing file /home/airflow/.local/lib/python3.7/site-packages/airflow/example_dags/example_branch_operator.py for tasks to queue
[2023-05-14T23:23:29.245+0000] {logging_mixin.py:117} INFO - [2023-05-14T23:23:29.245+0000] {dagbag.py:525} INFO - Filling up the DagBag from /home/airflow/.local/lib/python3.7/site-packages/airflow/example_dags/example_branch_operator.py
[2023-05-14T23:23:29.269+0000] {processor.py:768} INFO - DAG(s) dict_keys(['example_branch_operator']) retrieved from /home/airflow/.local/lib/python3.7/site-packages/airflow/example_dags/example_branch_operator.py
[2023-05-14T23:23:29.319+0000] {logging_mixin.py:117} INFO - [2023-05-14T23:23:29.319+0000] {dag.py:2573} INFO - Sync 1 DAGs
[2023-05-14T23:23:29.575+0000] {logging_mixin.py:117} INFO - [2023-05-14T23:23:29.575+0000] {dag.py:3328} INFO - Setting next_dagrun for example_branch_operator to 2023-05-13T00:00:00+00:00, run_after=2023-05-14T00:00:00+00:00
[2023-05-14T23:23:29.628+0000] {processor.py:178} INFO - Processing /home/airflow/.local/lib/python3.7/site-packages/airflow/example_dags/example_branch_operator.py took 0.387 seconds
[2023-05-14T23:24:04.330+0000] {processor.py:156} INFO - Started process (PID=950) to work on /home/airflow/.local/lib/python3.7/site-packages/airflow/example_dags/example_branch_operator.py
[2023-05-14T23:24:04.331+0000] {processor.py:758} INFO - Processing file /home/airflow/.local/lib/python3.7/site-packages/airflow/example_dags/example_branch_operator.py for tasks to queue
[2023-05-14T23:24:04.331+0000] {logging_mixin.py:117} INFO - [2023-05-14T23:24:04.331+0000] {dagbag.py:525} INFO - Filling up the DagBag from /home/airflow/.local/lib/python3.7/site-packages/airflow/example_dags/example_branch_operator.py
[2023-05-14T23:24:04.359+0000] {processor.py:768} INFO - DAG(s) dict_keys(['example_branch_operator']) retrieved from /home/airflow/.local/lib/python3.7/site-packages/airflow/example_dags/example_branch_operator.py
[2023-05-14T23:24:04.429+0000] {logging_mixin.py:117} INFO - [2023-05-14T23:24:04.429+0000] {dag.py:2573} INFO - Sync 1 DAGs
[2023-05-14T23:24:04.664+0000] {logging_mixin.py:117} INFO - [2023-05-14T23:24:04.664+0000] {dag.py:3328} INFO - Setting next_dagrun for example_branch_operator to 2023-05-13T00:00:00+00:00, run_after=2023-05-14T00:00:00+00:00
[2023-05-14T23:24:04.728+0000] {processor.py:178} INFO - Processing /home/airflow/.local/lib/python3.7/site-packages/airflow/example_dags/example_branch_operator.py took 0.401 seconds
[2023-05-14T23:24:35.253+0000] {processor.py:156} INFO - Started process (PID=1148) to work on /home/airflow/.local/lib/python3.7/site-packages/airflow/example_dags/example_branch_operator.py
[2023-05-14T23:24:35.255+0000] {processor.py:758} INFO - Processing file /home/airflow/.local/lib/python3.7/site-packages/airflow/example_dags/example_branch_operator.py for tasks to queue
[2023-05-14T23:24:35.258+0000] {logging_mixin.py:117} INFO - [2023-05-14T23:24:35.258+0000] {dagbag.py:525} INFO - Filling up the DagBag from /home/airflow/.local/lib/python3.7/site-packages/airflow/example_dags/example_branch_operator.py
[2023-05-14T23:24:35.299+0000] {processor.py:768} INFO - DAG(s) dict_keys(['example_branch_operator']) retrieved from /home/airflow/.local/lib/python3.7/site-packages/airflow/example_dags/example_branch_operator.py
[2023-05-14T23:24:35.674+0000] {logging_mixin.py:117} INFO - [2023-05-14T23:24:35.673+0000] {dag.py:2573} INFO - Sync 1 DAGs
[2023-05-14T23:24:35.795+0000] {logging_mixin.py:117} INFO - [2023-05-14T23:24:35.794+0000] {dag.py:3328} INFO - Setting next_dagrun for example_branch_operator to 2023-05-13T00:00:00+00:00, run_after=2023-05-14T00:00:00+00:00
[2023-05-14T23:24:35.842+0000] {processor.py:178} INFO - Processing /home/airflow/.local/lib/python3.7/site-packages/airflow/example_dags/example_branch_operator.py took 0.596 seconds
[2023-05-14T23:25:06.332+0000] {processor.py:156} INFO - Started process (PID=1355) to work on /home/airflow/.local/lib/python3.7/site-packages/airflow/example_dags/example_branch_operator.py
[2023-05-14T23:25:06.335+0000] {processor.py:758} INFO - Processing file /home/airflow/.local/lib/python3.7/site-packages/airflow/example_dags/example_branch_operator.py for tasks to queue
[2023-05-14T23:25:06.337+0000] {logging_mixin.py:117} INFO - [2023-05-14T23:25:06.337+0000] {dagbag.py:525} INFO - Filling up the DagBag from /home/airflow/.local/lib/python3.7/site-packages/airflow/example_dags/example_branch_operator.py
[2023-05-14T23:25:06.408+0000] {processor.py:768} INFO - DAG(s) dict_keys(['example_branch_operator']) retrieved from /home/airflow/.local/lib/python3.7/site-packages/airflow/example_dags/example_branch_operator.py
[2023-05-14T23:25:06.808+0000] {logging_mixin.py:117} INFO - [2023-05-14T23:25:06.808+0000] {dag.py:2573} INFO - Sync 1 DAGs
[2023-05-14T23:25:06.873+0000] {logging_mixin.py:117} INFO - [2023-05-14T23:25:06.873+0000] {dag.py:3328} INFO - Setting next_dagrun for example_branch_operator to 2023-05-13T00:00:00+00:00, run_after=2023-05-14T00:00:00+00:00
[2023-05-14T23:25:06.909+0000] {processor.py:178} INFO - Processing /home/airflow/.local/lib/python3.7/site-packages/airflow/example_dags/example_branch_operator.py took 0.582 seconds
[2023-05-14T23:25:37.330+0000] {processor.py:156} INFO - Started process (PID=1564) to work on /home/airflow/.local/lib/python3.7/site-packages/airflow/example_dags/example_branch_operator.py
[2023-05-14T23:25:37.331+0000] {processor.py:758} INFO - Processing file /home/airflow/.local/lib/python3.7/site-packages/airflow/example_dags/example_branch_operator.py for tasks to queue
[2023-05-14T23:25:37.331+0000] {logging_mixin.py:117} INFO - [2023-05-14T23:25:37.331+0000] {dagbag.py:525} INFO - Filling up the DagBag from /home/airflow/.local/lib/python3.7/site-packages/airflow/example_dags/example_branch_operator.py
[2023-05-14T23:25:37.521+0000] {processor.py:768} INFO - DAG(s) dict_keys(['example_branch_operator']) retrieved from /home/airflow/.local/lib/python3.7/site-packages/airflow/example_dags/example_branch_operator.py
[2023-05-14T23:25:37.595+0000] {logging_mixin.py:117} INFO - [2023-05-14T23:25:37.595+0000] {dag.py:2573} INFO - Sync 1 DAGs
[2023-05-14T23:25:37.673+0000] {logging_mixin.py:117} INFO - [2023-05-14T23:25:37.673+0000] {dag.py:3328} INFO - Setting next_dagrun for example_branch_operator to 2023-05-13T00:00:00+00:00, run_after=2023-05-14T00:00:00+00:00
[2023-05-14T23:25:37.716+0000] {processor.py:178} INFO - Processing /home/airflow/.local/lib/python3.7/site-packages/airflow/example_dags/example_branch_operator.py took 0.388 seconds
[2023-05-14T23:26:08.645+0000] {processor.py:156} INFO - Started process (PID=1771) to work on /home/airflow/.local/lib/python3.7/site-packages/airflow/example_dags/example_branch_operator.py
[2023-05-14T23:26:08.646+0000] {processor.py:758} INFO - Processing file /home/airflow/.local/lib/python3.7/site-packages/airflow/example_dags/example_branch_operator.py for tasks to queue
[2023-05-14T23:26:08.646+0000] {logging_mixin.py:117} INFO - [2023-05-14T23:26:08.646+0000] {dagbag.py:525} INFO - Filling up the DagBag from /home/airflow/.local/lib/python3.7/site-packages/airflow/example_dags/example_branch_operator.py
[2023-05-14T23:26:08.671+0000] {processor.py:768} INFO - DAG(s) dict_keys(['example_branch_operator']) retrieved from /home/airflow/.local/lib/python3.7/site-packages/airflow/example_dags/example_branch_operator.py
[2023-05-14T23:26:08.722+0000] {logging_mixin.py:117} INFO - [2023-05-14T23:26:08.722+0000] {dag.py:2573} INFO - Sync 1 DAGs
[2023-05-14T23:26:08.752+0000] {logging_mixin.py:117} INFO - [2023-05-14T23:26:08.752+0000] {dag.py:3328} INFO - Setting next_dagrun for example_branch_operator to 2023-05-13T00:00:00+00:00, run_after=2023-05-14T00:00:00+00:00
[2023-05-14T23:26:08.779+0000] {processor.py:178} INFO - Processing /home/airflow/.local/lib/python3.7/site-packages/airflow/example_dags/example_branch_operator.py took 0.140 seconds
[2023-05-14T23:26:39.354+0000] {processor.py:156} INFO - Started process (PID=1978) to work on /home/airflow/.local/lib/python3.7/site-packages/airflow/example_dags/example_branch_operator.py
[2023-05-14T23:26:39.355+0000] {processor.py:758} INFO - Processing file /home/airflow/.local/lib/python3.7/site-packages/airflow/example_dags/example_branch_operator.py for tasks to queue
[2023-05-14T23:26:39.356+0000] {logging_mixin.py:117} INFO - [2023-05-14T23:26:39.356+0000] {dagbag.py:525} INFO - Filling up the DagBag from /home/airflow/.local/lib/python3.7/site-packages/airflow/example_dags/example_branch_operator.py
[2023-05-14T23:26:39.405+0000] {processor.py:768} INFO - DAG(s) dict_keys(['example_branch_operator']) retrieved from /home/airflow/.local/lib/python3.7/site-packages/airflow/example_dags/example_branch_operator.py
[2023-05-14T23:26:39.466+0000] {logging_mixin.py:117} INFO - [2023-05-14T23:26:39.466+0000] {dag.py:2573} INFO - Sync 1 DAGs
[2023-05-14T23:26:39.497+0000] {logging_mixin.py:117} INFO - [2023-05-14T23:26:39.497+0000] {dag.py:3328} INFO - Setting next_dagrun for example_branch_operator to 2023-05-13T00:00:00+00:00, run_after=2023-05-14T00:00:00+00:00
[2023-05-14T23:26:39.521+0000] {processor.py:178} INFO - Processing /home/airflow/.local/lib/python3.7/site-packages/airflow/example_dags/example_branch_operator.py took 0.170 seconds
