[2023-05-14T23:07:02.791+0000] {processor.py:156} INFO - Started process (PID=194) to work on /home/airflow/.local/lib/python3.7/site-packages/airflow/example_dags/example_branch_operator_decorator.py
[2023-05-14T23:07:02.795+0000] {processor.py:758} INFO - Processing file /home/airflow/.local/lib/python3.7/site-packages/airflow/example_dags/example_branch_operator_decorator.py for tasks to queue
[2023-05-14T23:07:02.810+0000] {logging_mixin.py:117} INFO - [2023-05-14T23:07:02.806+0000] {dagbag.py:525} INFO - Filling up the DagBag from /home/airflow/.local/lib/python3.7/site-packages/airflow/example_dags/example_branch_operator_decorator.py
[2023-05-14T23:07:02.875+0000] {processor.py:768} INFO - DAG(s) dict_keys(['example_branch_python_operator_decorator']) retrieved from /home/airflow/.local/lib/python3.7/site-packages/airflow/example_dags/example_branch_operator_decorator.py
[2023-05-14T23:07:02.947+0000] {logging_mixin.py:117} INFO - [2023-05-14T23:07:02.947+0000] {dag.py:2573} INFO - Sync 1 DAGs
[2023-05-14T23:07:03.001+0000] {logging_mixin.py:117} INFO - [2023-05-14T23:07:03.001+0000] {dag.py:3328} INFO - Setting next_dagrun for example_branch_python_operator_decorator to 2023-05-13T00:00:00+00:00, run_after=2023-05-14T00:00:00+00:00
[2023-05-14T23:07:03.046+0000] {processor.py:178} INFO - Processing /home/airflow/.local/lib/python3.7/site-packages/airflow/example_dags/example_branch_operator_decorator.py took 0.262 seconds
[2023-05-14T23:07:33.782+0000] {processor.py:156} INFO - Started process (PID=401) to work on /home/airflow/.local/lib/python3.7/site-packages/airflow/example_dags/example_branch_operator_decorator.py
[2023-05-14T23:07:33.783+0000] {processor.py:758} INFO - Processing file /home/airflow/.local/lib/python3.7/site-packages/airflow/example_dags/example_branch_operator_decorator.py for tasks to queue
[2023-05-14T23:07:33.784+0000] {logging_mixin.py:117} INFO - [2023-05-14T23:07:33.784+0000] {dagbag.py:525} INFO - Filling up the DagBag from /home/airflow/.local/lib/python3.7/site-packages/airflow/example_dags/example_branch_operator_decorator.py
[2023-05-14T23:07:33.829+0000] {processor.py:768} INFO - DAG(s) dict_keys(['example_branch_python_operator_decorator']) retrieved from /home/airflow/.local/lib/python3.7/site-packages/airflow/example_dags/example_branch_operator_decorator.py
[2023-05-14T23:07:33.881+0000] {logging_mixin.py:117} INFO - [2023-05-14T23:07:33.881+0000] {dag.py:2573} INFO - Sync 1 DAGs
[2023-05-14T23:07:33.919+0000] {logging_mixin.py:117} INFO - [2023-05-14T23:07:33.919+0000] {dag.py:3328} INFO - Setting next_dagrun for example_branch_python_operator_decorator to 2023-05-13T00:00:00+00:00, run_after=2023-05-14T00:00:00+00:00
[2023-05-14T23:07:34.160+0000] {processor.py:178} INFO - Processing /home/airflow/.local/lib/python3.7/site-packages/airflow/example_dags/example_branch_operator_decorator.py took 0.383 seconds
[2023-05-14T23:08:04.563+0000] {processor.py:156} INFO - Started process (PID=607) to work on /home/airflow/.local/lib/python3.7/site-packages/airflow/example_dags/example_branch_operator_decorator.py
[2023-05-14T23:08:04.564+0000] {processor.py:758} INFO - Processing file /home/airflow/.local/lib/python3.7/site-packages/airflow/example_dags/example_branch_operator_decorator.py for tasks to queue
[2023-05-14T23:08:04.565+0000] {logging_mixin.py:117} INFO - [2023-05-14T23:08:04.564+0000] {dagbag.py:525} INFO - Filling up the DagBag from /home/airflow/.local/lib/python3.7/site-packages/airflow/example_dags/example_branch_operator_decorator.py
[2023-05-14T23:08:04.604+0000] {processor.py:768} INFO - DAG(s) dict_keys(['example_branch_python_operator_decorator']) retrieved from /home/airflow/.local/lib/python3.7/site-packages/airflow/example_dags/example_branch_operator_decorator.py
[2023-05-14T23:08:04.657+0000] {logging_mixin.py:117} INFO - [2023-05-14T23:08:04.657+0000] {dag.py:2573} INFO - Sync 1 DAGs
[2023-05-14T23:08:04.854+0000] {logging_mixin.py:117} INFO - [2023-05-14T23:08:04.854+0000] {dag.py:3328} INFO - Setting next_dagrun for example_branch_python_operator_decorator to 2023-05-13T00:00:00+00:00, run_after=2023-05-14T00:00:00+00:00
[2023-05-14T23:08:04.886+0000] {processor.py:178} INFO - Processing /home/airflow/.local/lib/python3.7/site-packages/airflow/example_dags/example_branch_operator_decorator.py took 0.327 seconds
[2023-05-14T23:08:35.450+0000] {processor.py:156} INFO - Started process (PID=805) to work on /home/airflow/.local/lib/python3.7/site-packages/airflow/example_dags/example_branch_operator_decorator.py
[2023-05-14T23:08:35.451+0000] {processor.py:758} INFO - Processing file /home/airflow/.local/lib/python3.7/site-packages/airflow/example_dags/example_branch_operator_decorator.py for tasks to queue
[2023-05-14T23:08:35.451+0000] {logging_mixin.py:117} INFO - [2023-05-14T23:08:35.451+0000] {dagbag.py:525} INFO - Filling up the DagBag from /home/airflow/.local/lib/python3.7/site-packages/airflow/example_dags/example_branch_operator_decorator.py
[2023-05-14T23:08:35.476+0000] {processor.py:768} INFO - DAG(s) dict_keys(['example_branch_python_operator_decorator']) retrieved from /home/airflow/.local/lib/python3.7/site-packages/airflow/example_dags/example_branch_operator_decorator.py
[2023-05-14T23:08:35.523+0000] {logging_mixin.py:117} INFO - [2023-05-14T23:08:35.523+0000] {dag.py:2573} INFO - Sync 1 DAGs
[2023-05-14T23:08:35.725+0000] {logging_mixin.py:117} INFO - [2023-05-14T23:08:35.725+0000] {dag.py:3328} INFO - Setting next_dagrun for example_branch_python_operator_decorator to 2023-05-13T00:00:00+00:00, run_after=2023-05-14T00:00:00+00:00
[2023-05-14T23:08:35.750+0000] {processor.py:178} INFO - Processing /home/airflow/.local/lib/python3.7/site-packages/airflow/example_dags/example_branch_operator_decorator.py took 0.304 seconds
[2023-05-14T23:09:06.257+0000] {processor.py:156} INFO - Started process (PID=1012) to work on /home/airflow/.local/lib/python3.7/site-packages/airflow/example_dags/example_branch_operator_decorator.py
[2023-05-14T23:09:06.258+0000] {processor.py:758} INFO - Processing file /home/airflow/.local/lib/python3.7/site-packages/airflow/example_dags/example_branch_operator_decorator.py for tasks to queue
[2023-05-14T23:09:06.258+0000] {logging_mixin.py:117} INFO - [2023-05-14T23:09:06.258+0000] {dagbag.py:525} INFO - Filling up the DagBag from /home/airflow/.local/lib/python3.7/site-packages/airflow/example_dags/example_branch_operator_decorator.py
[2023-05-14T23:09:06.288+0000] {processor.py:768} INFO - DAG(s) dict_keys(['example_branch_python_operator_decorator']) retrieved from /home/airflow/.local/lib/python3.7/site-packages/airflow/example_dags/example_branch_operator_decorator.py
[2023-05-14T23:09:06.482+0000] {logging_mixin.py:117} INFO - [2023-05-14T23:09:06.482+0000] {dag.py:2573} INFO - Sync 1 DAGs
[2023-05-14T23:09:06.506+0000] {logging_mixin.py:117} INFO - [2023-05-14T23:09:06.506+0000] {dag.py:3328} INFO - Setting next_dagrun for example_branch_python_operator_decorator to 2023-05-13T00:00:00+00:00, run_after=2023-05-14T00:00:00+00:00
[2023-05-14T23:09:06.526+0000] {processor.py:178} INFO - Processing /home/airflow/.local/lib/python3.7/site-packages/airflow/example_dags/example_branch_operator_decorator.py took 0.271 seconds
[2023-05-14T23:09:36.618+0000] {processor.py:156} INFO - Started process (PID=1211) to work on /home/airflow/.local/lib/python3.7/site-packages/airflow/example_dags/example_branch_operator_decorator.py
[2023-05-14T23:09:36.619+0000] {processor.py:758} INFO - Processing file /home/airflow/.local/lib/python3.7/site-packages/airflow/example_dags/example_branch_operator_decorator.py for tasks to queue
[2023-05-14T23:09:36.620+0000] {logging_mixin.py:117} INFO - [2023-05-14T23:09:36.620+0000] {dagbag.py:525} INFO - Filling up the DagBag from /home/airflow/.local/lib/python3.7/site-packages/airflow/example_dags/example_branch_operator_decorator.py
[2023-05-14T23:09:36.653+0000] {processor.py:768} INFO - DAG(s) dict_keys(['example_branch_python_operator_decorator']) retrieved from /home/airflow/.local/lib/python3.7/site-packages/airflow/example_dags/example_branch_operator_decorator.py
[2023-05-14T23:09:36.841+0000] {logging_mixin.py:117} INFO - [2023-05-14T23:09:36.841+0000] {dag.py:2573} INFO - Sync 1 DAGs
[2023-05-14T23:09:36.890+0000] {logging_mixin.py:117} INFO - [2023-05-14T23:09:36.889+0000] {dag.py:3328} INFO - Setting next_dagrun for example_branch_python_operator_decorator to 2023-05-13T00:00:00+00:00, run_after=2023-05-14T00:00:00+00:00
[2023-05-14T23:09:36.930+0000] {processor.py:178} INFO - Processing /home/airflow/.local/lib/python3.7/site-packages/airflow/example_dags/example_branch_operator_decorator.py took 0.315 seconds
[2023-05-14T23:10:07.440+0000] {processor.py:156} INFO - Started process (PID=1419) to work on /home/airflow/.local/lib/python3.7/site-packages/airflow/example_dags/example_branch_operator_decorator.py
[2023-05-14T23:10:07.441+0000] {processor.py:758} INFO - Processing file /home/airflow/.local/lib/python3.7/site-packages/airflow/example_dags/example_branch_operator_decorator.py for tasks to queue
[2023-05-14T23:10:07.442+0000] {logging_mixin.py:117} INFO - [2023-05-14T23:10:07.442+0000] {dagbag.py:525} INFO - Filling up the DagBag from /home/airflow/.local/lib/python3.7/site-packages/airflow/example_dags/example_branch_operator_decorator.py
[2023-05-14T23:10:07.698+0000] {processor.py:768} INFO - DAG(s) dict_keys(['example_branch_python_operator_decorator']) retrieved from /home/airflow/.local/lib/python3.7/site-packages/airflow/example_dags/example_branch_operator_decorator.py
[2023-05-14T23:10:07.795+0000] {logging_mixin.py:117} INFO - [2023-05-14T23:10:07.795+0000] {dag.py:2573} INFO - Sync 1 DAGs
[2023-05-14T23:10:07.853+0000] {logging_mixin.py:117} INFO - [2023-05-14T23:10:07.853+0000] {dag.py:3328} INFO - Setting next_dagrun for example_branch_python_operator_decorator to 2023-05-13T00:00:00+00:00, run_after=2023-05-14T00:00:00+00:00
[2023-05-14T23:10:07.878+0000] {processor.py:178} INFO - Processing /home/airflow/.local/lib/python3.7/site-packages/airflow/example_dags/example_branch_operator_decorator.py took 0.442 seconds
[2023-05-14T23:10:38.288+0000] {processor.py:156} INFO - Started process (PID=1624) to work on /home/airflow/.local/lib/python3.7/site-packages/airflow/example_dags/example_branch_operator_decorator.py
[2023-05-14T23:10:38.288+0000] {processor.py:758} INFO - Processing file /home/airflow/.local/lib/python3.7/site-packages/airflow/example_dags/example_branch_operator_decorator.py for tasks to queue
[2023-05-14T23:10:38.289+0000] {logging_mixin.py:117} INFO - [2023-05-14T23:10:38.289+0000] {dagbag.py:525} INFO - Filling up the DagBag from /home/airflow/.local/lib/python3.7/site-packages/airflow/example_dags/example_branch_operator_decorator.py
[2023-05-14T23:10:38.334+0000] {processor.py:768} INFO - DAG(s) dict_keys(['example_branch_python_operator_decorator']) retrieved from /home/airflow/.local/lib/python3.7/site-packages/airflow/example_dags/example_branch_operator_decorator.py
[2023-05-14T23:10:38.406+0000] {logging_mixin.py:117} INFO - [2023-05-14T23:10:38.406+0000] {dag.py:2573} INFO - Sync 1 DAGs
[2023-05-14T23:10:38.469+0000] {logging_mixin.py:117} INFO - [2023-05-14T23:10:38.469+0000] {dag.py:3328} INFO - Setting next_dagrun for example_branch_python_operator_decorator to 2023-05-13T00:00:00+00:00, run_after=2023-05-14T00:00:00+00:00
[2023-05-14T23:10:38.507+0000] {processor.py:178} INFO - Processing /home/airflow/.local/lib/python3.7/site-packages/airflow/example_dags/example_branch_operator_decorator.py took 0.449 seconds
[2023-05-14T23:11:09.009+0000] {processor.py:156} INFO - Started process (PID=1822) to work on /home/airflow/.local/lib/python3.7/site-packages/airflow/example_dags/example_branch_operator_decorator.py
[2023-05-14T23:11:09.010+0000] {processor.py:758} INFO - Processing file /home/airflow/.local/lib/python3.7/site-packages/airflow/example_dags/example_branch_operator_decorator.py for tasks to queue
[2023-05-14T23:11:09.011+0000] {logging_mixin.py:117} INFO - [2023-05-14T23:11:09.011+0000] {dagbag.py:525} INFO - Filling up the DagBag from /home/airflow/.local/lib/python3.7/site-packages/airflow/example_dags/example_branch_operator_decorator.py
[2023-05-14T23:11:09.059+0000] {processor.py:768} INFO - DAG(s) dict_keys(['example_branch_python_operator_decorator']) retrieved from /home/airflow/.local/lib/python3.7/site-packages/airflow/example_dags/example_branch_operator_decorator.py
[2023-05-14T23:11:09.156+0000] {logging_mixin.py:117} INFO - [2023-05-14T23:11:09.156+0000] {dag.py:2573} INFO - Sync 1 DAGs
[2023-05-14T23:11:09.215+0000] {logging_mixin.py:117} INFO - [2023-05-14T23:11:09.214+0000] {dag.py:3328} INFO - Setting next_dagrun for example_branch_python_operator_decorator to 2023-05-13T00:00:00+00:00, run_after=2023-05-14T00:00:00+00:00
[2023-05-14T23:11:09.246+0000] {processor.py:178} INFO - Processing /home/airflow/.local/lib/python3.7/site-packages/airflow/example_dags/example_branch_operator_decorator.py took 0.244 seconds
[2023-05-14T23:11:40.252+0000] {processor.py:156} INFO - Started process (PID=2029) to work on /home/airflow/.local/lib/python3.7/site-packages/airflow/example_dags/example_branch_operator_decorator.py
[2023-05-14T23:11:40.253+0000] {processor.py:758} INFO - Processing file /home/airflow/.local/lib/python3.7/site-packages/airflow/example_dags/example_branch_operator_decorator.py for tasks to queue
[2023-05-14T23:11:40.253+0000] {logging_mixin.py:117} INFO - [2023-05-14T23:11:40.253+0000] {dagbag.py:525} INFO - Filling up the DagBag from /home/airflow/.local/lib/python3.7/site-packages/airflow/example_dags/example_branch_operator_decorator.py
[2023-05-14T23:11:40.291+0000] {processor.py:768} INFO - DAG(s) dict_keys(['example_branch_python_operator_decorator']) retrieved from /home/airflow/.local/lib/python3.7/site-packages/airflow/example_dags/example_branch_operator_decorator.py
[2023-05-14T23:11:40.341+0000] {logging_mixin.py:117} INFO - [2023-05-14T23:11:40.341+0000] {dag.py:2573} INFO - Sync 1 DAGs
[2023-05-14T23:11:40.383+0000] {logging_mixin.py:117} INFO - [2023-05-14T23:11:40.383+0000] {dag.py:3328} INFO - Setting next_dagrun for example_branch_python_operator_decorator to 2023-05-13T00:00:00+00:00, run_after=2023-05-14T00:00:00+00:00
[2023-05-14T23:11:40.415+0000] {processor.py:178} INFO - Processing /home/airflow/.local/lib/python3.7/site-packages/airflow/example_dags/example_branch_operator_decorator.py took 0.167 seconds
[2023-05-14T23:12:10.584+0000] {processor.py:156} INFO - Started process (PID=2226) to work on /home/airflow/.local/lib/python3.7/site-packages/airflow/example_dags/example_branch_operator_decorator.py
[2023-05-14T23:12:10.588+0000] {processor.py:758} INFO - Processing file /home/airflow/.local/lib/python3.7/site-packages/airflow/example_dags/example_branch_operator_decorator.py for tasks to queue
[2023-05-14T23:12:10.589+0000] {logging_mixin.py:117} INFO - [2023-05-14T23:12:10.589+0000] {dagbag.py:525} INFO - Filling up the DagBag from /home/airflow/.local/lib/python3.7/site-packages/airflow/example_dags/example_branch_operator_decorator.py
[2023-05-14T23:12:10.631+0000] {processor.py:768} INFO - DAG(s) dict_keys(['example_branch_python_operator_decorator']) retrieved from /home/airflow/.local/lib/python3.7/site-packages/airflow/example_dags/example_branch_operator_decorator.py
[2023-05-14T23:12:10.696+0000] {logging_mixin.py:117} INFO - [2023-05-14T23:12:10.696+0000] {dag.py:2573} INFO - Sync 1 DAGs
[2023-05-14T23:12:10.747+0000] {logging_mixin.py:117} INFO - [2023-05-14T23:12:10.747+0000] {dag.py:3328} INFO - Setting next_dagrun for example_branch_python_operator_decorator to 2023-05-13T00:00:00+00:00, run_after=2023-05-14T00:00:00+00:00
[2023-05-14T23:12:10.776+0000] {processor.py:178} INFO - Processing /home/airflow/.local/lib/python3.7/site-packages/airflow/example_dags/example_branch_operator_decorator.py took 0.197 seconds
[2023-05-14T23:12:41.195+0000] {processor.py:156} INFO - Started process (PID=2431) to work on /home/airflow/.local/lib/python3.7/site-packages/airflow/example_dags/example_branch_operator_decorator.py
[2023-05-14T23:12:41.196+0000] {processor.py:758} INFO - Processing file /home/airflow/.local/lib/python3.7/site-packages/airflow/example_dags/example_branch_operator_decorator.py for tasks to queue
[2023-05-14T23:12:41.197+0000] {logging_mixin.py:117} INFO - [2023-05-14T23:12:41.196+0000] {dagbag.py:525} INFO - Filling up the DagBag from /home/airflow/.local/lib/python3.7/site-packages/airflow/example_dags/example_branch_operator_decorator.py
[2023-05-14T23:12:41.233+0000] {processor.py:768} INFO - DAG(s) dict_keys(['example_branch_python_operator_decorator']) retrieved from /home/airflow/.local/lib/python3.7/site-packages/airflow/example_dags/example_branch_operator_decorator.py
[2023-05-14T23:12:41.298+0000] {logging_mixin.py:117} INFO - [2023-05-14T23:12:41.298+0000] {dag.py:2573} INFO - Sync 1 DAGs
[2023-05-14T23:12:41.336+0000] {logging_mixin.py:117} INFO - [2023-05-14T23:12:41.335+0000] {dag.py:3328} INFO - Setting next_dagrun for example_branch_python_operator_decorator to 2023-05-13T00:00:00+00:00, run_after=2023-05-14T00:00:00+00:00
[2023-05-14T23:12:41.366+0000] {processor.py:178} INFO - Processing /home/airflow/.local/lib/python3.7/site-packages/airflow/example_dags/example_branch_operator_decorator.py took 0.175 seconds
[2023-05-14T23:13:11.783+0000] {processor.py:156} INFO - Started process (PID=2629) to work on /home/airflow/.local/lib/python3.7/site-packages/airflow/example_dags/example_branch_operator_decorator.py
[2023-05-14T23:13:11.784+0000] {processor.py:758} INFO - Processing file /home/airflow/.local/lib/python3.7/site-packages/airflow/example_dags/example_branch_operator_decorator.py for tasks to queue
[2023-05-14T23:13:11.785+0000] {logging_mixin.py:117} INFO - [2023-05-14T23:13:11.785+0000] {dagbag.py:525} INFO - Filling up the DagBag from /home/airflow/.local/lib/python3.7/site-packages/airflow/example_dags/example_branch_operator_decorator.py
[2023-05-14T23:13:11.833+0000] {processor.py:768} INFO - DAG(s) dict_keys(['example_branch_python_operator_decorator']) retrieved from /home/airflow/.local/lib/python3.7/site-packages/airflow/example_dags/example_branch_operator_decorator.py
[2023-05-14T23:13:11.900+0000] {logging_mixin.py:117} INFO - [2023-05-14T23:13:11.900+0000] {dag.py:2573} INFO - Sync 1 DAGs
[2023-05-14T23:13:11.951+0000] {logging_mixin.py:117} INFO - [2023-05-14T23:13:11.950+0000] {dag.py:3328} INFO - Setting next_dagrun for example_branch_python_operator_decorator to 2023-05-13T00:00:00+00:00, run_after=2023-05-14T00:00:00+00:00
[2023-05-14T23:13:11.998+0000] {processor.py:178} INFO - Processing /home/airflow/.local/lib/python3.7/site-packages/airflow/example_dags/example_branch_operator_decorator.py took 0.222 seconds
[2023-05-14T23:13:42.457+0000] {processor.py:156} INFO - Started process (PID=2836) to work on /home/airflow/.local/lib/python3.7/site-packages/airflow/example_dags/example_branch_operator_decorator.py
[2023-05-14T23:13:42.457+0000] {processor.py:758} INFO - Processing file /home/airflow/.local/lib/python3.7/site-packages/airflow/example_dags/example_branch_operator_decorator.py for tasks to queue
[2023-05-14T23:13:42.458+0000] {logging_mixin.py:117} INFO - [2023-05-14T23:13:42.458+0000] {dagbag.py:525} INFO - Filling up the DagBag from /home/airflow/.local/lib/python3.7/site-packages/airflow/example_dags/example_branch_operator_decorator.py
[2023-05-14T23:13:42.513+0000] {processor.py:768} INFO - DAG(s) dict_keys(['example_branch_python_operator_decorator']) retrieved from /home/airflow/.local/lib/python3.7/site-packages/airflow/example_dags/example_branch_operator_decorator.py
[2023-05-14T23:13:42.642+0000] {logging_mixin.py:117} INFO - [2023-05-14T23:13:42.641+0000] {dag.py:2573} INFO - Sync 1 DAGs
[2023-05-14T23:13:42.696+0000] {logging_mixin.py:117} INFO - [2023-05-14T23:13:42.696+0000] {dag.py:3328} INFO - Setting next_dagrun for example_branch_python_operator_decorator to 2023-05-13T00:00:00+00:00, run_after=2023-05-14T00:00:00+00:00
[2023-05-14T23:13:42.728+0000] {processor.py:178} INFO - Processing /home/airflow/.local/lib/python3.7/site-packages/airflow/example_dags/example_branch_operator_decorator.py took 0.277 seconds
[2023-05-14T23:14:13.086+0000] {processor.py:156} INFO - Started process (PID=3034) to work on /home/airflow/.local/lib/python3.7/site-packages/airflow/example_dags/example_branch_operator_decorator.py
[2023-05-14T23:14:13.090+0000] {processor.py:758} INFO - Processing file /home/airflow/.local/lib/python3.7/site-packages/airflow/example_dags/example_branch_operator_decorator.py for tasks to queue
[2023-05-14T23:14:13.094+0000] {logging_mixin.py:117} INFO - [2023-05-14T23:14:13.093+0000] {dagbag.py:525} INFO - Filling up the DagBag from /home/airflow/.local/lib/python3.7/site-packages/airflow/example_dags/example_branch_operator_decorator.py
[2023-05-14T23:14:13.184+0000] {processor.py:768} INFO - DAG(s) dict_keys(['example_branch_python_operator_decorator']) retrieved from /home/airflow/.local/lib/python3.7/site-packages/airflow/example_dags/example_branch_operator_decorator.py
[2023-05-14T23:14:13.312+0000] {logging_mixin.py:117} INFO - [2023-05-14T23:14:13.312+0000] {dag.py:2573} INFO - Sync 1 DAGs
[2023-05-14T23:14:13.410+0000] {logging_mixin.py:117} INFO - [2023-05-14T23:14:13.409+0000] {dag.py:3328} INFO - Setting next_dagrun for example_branch_python_operator_decorator to 2023-05-13T00:00:00+00:00, run_after=2023-05-14T00:00:00+00:00
[2023-05-14T23:14:13.467+0000] {processor.py:178} INFO - Processing /home/airflow/.local/lib/python3.7/site-packages/airflow/example_dags/example_branch_operator_decorator.py took 0.390 seconds
[2023-05-14T23:22:19.911+0000] {processor.py:156} INFO - Started process (PID=202) to work on /home/airflow/.local/lib/python3.7/site-packages/airflow/example_dags/example_branch_operator_decorator.py
[2023-05-14T23:22:19.912+0000] {processor.py:758} INFO - Processing file /home/airflow/.local/lib/python3.7/site-packages/airflow/example_dags/example_branch_operator_decorator.py for tasks to queue
[2023-05-14T23:22:19.912+0000] {logging_mixin.py:117} INFO - [2023-05-14T23:22:19.912+0000] {dagbag.py:525} INFO - Filling up the DagBag from /home/airflow/.local/lib/python3.7/site-packages/airflow/example_dags/example_branch_operator_decorator.py
[2023-05-14T23:22:19.946+0000] {processor.py:768} INFO - DAG(s) dict_keys(['example_branch_python_operator_decorator']) retrieved from /home/airflow/.local/lib/python3.7/site-packages/airflow/example_dags/example_branch_operator_decorator.py
[2023-05-14T23:22:19.978+0000] {logging_mixin.py:117} INFO - [2023-05-14T23:22:19.977+0000] {dag.py:2573} INFO - Sync 1 DAGs
[2023-05-14T23:22:20.027+0000] {logging_mixin.py:117} INFO - [2023-05-14T23:22:20.027+0000] {dag.py:3328} INFO - Setting next_dagrun for example_branch_python_operator_decorator to 2023-05-13T00:00:00+00:00, run_after=2023-05-14T00:00:00+00:00
[2023-05-14T23:22:20.053+0000] {processor.py:178} INFO - Processing /home/airflow/.local/lib/python3.7/site-packages/airflow/example_dags/example_branch_operator_decorator.py took 0.147 seconds
[2023-05-14T23:22:50.478+0000] {processor.py:156} INFO - Started process (PID=403) to work on /home/airflow/.local/lib/python3.7/site-packages/airflow/example_dags/example_branch_operator_decorator.py
[2023-05-14T23:22:50.479+0000] {processor.py:758} INFO - Processing file /home/airflow/.local/lib/python3.7/site-packages/airflow/example_dags/example_branch_operator_decorator.py for tasks to queue
[2023-05-14T23:22:50.480+0000] {logging_mixin.py:117} INFO - [2023-05-14T23:22:50.479+0000] {dagbag.py:525} INFO - Filling up the DagBag from /home/airflow/.local/lib/python3.7/site-packages/airflow/example_dags/example_branch_operator_decorator.py
[2023-05-14T23:22:50.516+0000] {processor.py:768} INFO - DAG(s) dict_keys(['example_branch_python_operator_decorator']) retrieved from /home/airflow/.local/lib/python3.7/site-packages/airflow/example_dags/example_branch_operator_decorator.py
[2023-05-14T23:22:50.546+0000] {logging_mixin.py:117} INFO - [2023-05-14T23:22:50.546+0000] {dag.py:2573} INFO - Sync 1 DAGs
[2023-05-14T23:22:50.580+0000] {logging_mixin.py:117} INFO - [2023-05-14T23:22:50.580+0000] {dag.py:3328} INFO - Setting next_dagrun for example_branch_python_operator_decorator to 2023-05-13T00:00:00+00:00, run_after=2023-05-14T00:00:00+00:00
[2023-05-14T23:22:50.601+0000] {processor.py:178} INFO - Processing /home/airflow/.local/lib/python3.7/site-packages/airflow/example_dags/example_branch_operator_decorator.py took 0.126 seconds
[2023-05-14T23:23:22.686+0000] {processor.py:156} INFO - Started process (PID=608) to work on /home/airflow/.local/lib/python3.7/site-packages/airflow/example_dags/example_branch_operator_decorator.py
[2023-05-14T23:23:22.687+0000] {processor.py:758} INFO - Processing file /home/airflow/.local/lib/python3.7/site-packages/airflow/example_dags/example_branch_operator_decorator.py for tasks to queue
[2023-05-14T23:23:22.688+0000] {logging_mixin.py:117} INFO - [2023-05-14T23:23:22.688+0000] {dagbag.py:525} INFO - Filling up the DagBag from /home/airflow/.local/lib/python3.7/site-packages/airflow/example_dags/example_branch_operator_decorator.py
[2023-05-14T23:23:22.742+0000] {processor.py:768} INFO - DAG(s) dict_keys(['example_branch_python_operator_decorator']) retrieved from /home/airflow/.local/lib/python3.7/site-packages/airflow/example_dags/example_branch_operator_decorator.py
[2023-05-14T23:23:22.817+0000] {logging_mixin.py:117} INFO - [2023-05-14T23:23:22.817+0000] {dag.py:2573} INFO - Sync 1 DAGs
[2023-05-14T23:23:23.063+0000] {logging_mixin.py:117} INFO - [2023-05-14T23:23:23.062+0000] {dag.py:3328} INFO - Setting next_dagrun for example_branch_python_operator_decorator to 2023-05-13T00:00:00+00:00, run_after=2023-05-14T00:00:00+00:00
[2023-05-14T23:23:23.105+0000] {processor.py:178} INFO - Processing /home/airflow/.local/lib/python3.7/site-packages/airflow/example_dags/example_branch_operator_decorator.py took 0.427 seconds
[2023-05-14T23:23:54.739+0000] {processor.py:156} INFO - Started process (PID=806) to work on /home/airflow/.local/lib/python3.7/site-packages/airflow/example_dags/example_branch_operator_decorator.py
[2023-05-14T23:23:54.740+0000] {processor.py:758} INFO - Processing file /home/airflow/.local/lib/python3.7/site-packages/airflow/example_dags/example_branch_operator_decorator.py for tasks to queue
[2023-05-14T23:23:54.741+0000] {logging_mixin.py:117} INFO - [2023-05-14T23:23:54.741+0000] {dagbag.py:525} INFO - Filling up the DagBag from /home/airflow/.local/lib/python3.7/site-packages/airflow/example_dags/example_branch_operator_decorator.py
[2023-05-14T23:23:54.860+0000] {processor.py:768} INFO - DAG(s) dict_keys(['example_branch_python_operator_decorator']) retrieved from /home/airflow/.local/lib/python3.7/site-packages/airflow/example_dags/example_branch_operator_decorator.py
[2023-05-14T23:23:55.307+0000] {logging_mixin.py:117} INFO - [2023-05-14T23:23:55.307+0000] {dag.py:2573} INFO - Sync 1 DAGs
[2023-05-14T23:23:55.416+0000] {logging_mixin.py:117} INFO - [2023-05-14T23:23:55.416+0000] {dag.py:3328} INFO - Setting next_dagrun for example_branch_python_operator_decorator to 2023-05-13T00:00:00+00:00, run_after=2023-05-14T00:00:00+00:00
[2023-05-14T23:23:55.475+0000] {processor.py:178} INFO - Processing /home/airflow/.local/lib/python3.7/site-packages/airflow/example_dags/example_branch_operator_decorator.py took 0.747 seconds
[2023-05-14T23:24:25.913+0000] {processor.py:156} INFO - Started process (PID=1013) to work on /home/airflow/.local/lib/python3.7/site-packages/airflow/example_dags/example_branch_operator_decorator.py
[2023-05-14T23:24:25.914+0000] {processor.py:758} INFO - Processing file /home/airflow/.local/lib/python3.7/site-packages/airflow/example_dags/example_branch_operator_decorator.py for tasks to queue
[2023-05-14T23:24:25.915+0000] {logging_mixin.py:117} INFO - [2023-05-14T23:24:25.915+0000] {dagbag.py:525} INFO - Filling up the DagBag from /home/airflow/.local/lib/python3.7/site-packages/airflow/example_dags/example_branch_operator_decorator.py
[2023-05-14T23:24:25.956+0000] {processor.py:768} INFO - DAG(s) dict_keys(['example_branch_python_operator_decorator']) retrieved from /home/airflow/.local/lib/python3.7/site-packages/airflow/example_dags/example_branch_operator_decorator.py
[2023-05-14T23:24:26.258+0000] {logging_mixin.py:117} INFO - [2023-05-14T23:24:26.258+0000] {dag.py:2573} INFO - Sync 1 DAGs
[2023-05-14T23:24:26.305+0000] {logging_mixin.py:117} INFO - [2023-05-14T23:24:26.305+0000] {dag.py:3328} INFO - Setting next_dagrun for example_branch_python_operator_decorator to 2023-05-13T00:00:00+00:00, run_after=2023-05-14T00:00:00+00:00
[2023-05-14T23:24:26.347+0000] {processor.py:178} INFO - Processing /home/airflow/.local/lib/python3.7/site-packages/airflow/example_dags/example_branch_operator_decorator.py took 0.440 seconds
[2023-05-14T23:24:56.718+0000] {processor.py:156} INFO - Started process (PID=1211) to work on /home/airflow/.local/lib/python3.7/site-packages/airflow/example_dags/example_branch_operator_decorator.py
[2023-05-14T23:24:56.719+0000] {processor.py:758} INFO - Processing file /home/airflow/.local/lib/python3.7/site-packages/airflow/example_dags/example_branch_operator_decorator.py for tasks to queue
[2023-05-14T23:24:56.720+0000] {logging_mixin.py:117} INFO - [2023-05-14T23:24:56.719+0000] {dagbag.py:525} INFO - Filling up the DagBag from /home/airflow/.local/lib/python3.7/site-packages/airflow/example_dags/example_branch_operator_decorator.py
[2023-05-14T23:24:56.770+0000] {processor.py:768} INFO - DAG(s) dict_keys(['example_branch_python_operator_decorator']) retrieved from /home/airflow/.local/lib/python3.7/site-packages/airflow/example_dags/example_branch_operator_decorator.py
[2023-05-14T23:24:57.054+0000] {logging_mixin.py:117} INFO - [2023-05-14T23:24:57.054+0000] {dag.py:2573} INFO - Sync 1 DAGs
[2023-05-14T23:24:57.091+0000] {logging_mixin.py:117} INFO - [2023-05-14T23:24:57.091+0000] {dag.py:3328} INFO - Setting next_dagrun for example_branch_python_operator_decorator to 2023-05-13T00:00:00+00:00, run_after=2023-05-14T00:00:00+00:00
[2023-05-14T23:24:57.123+0000] {processor.py:178} INFO - Processing /home/airflow/.local/lib/python3.7/site-packages/airflow/example_dags/example_branch_operator_decorator.py took 0.410 seconds
[2023-05-14T23:25:27.508+0000] {processor.py:156} INFO - Started process (PID=1417) to work on /home/airflow/.local/lib/python3.7/site-packages/airflow/example_dags/example_branch_operator_decorator.py
[2023-05-14T23:25:27.509+0000] {processor.py:758} INFO - Processing file /home/airflow/.local/lib/python3.7/site-packages/airflow/example_dags/example_branch_operator_decorator.py for tasks to queue
[2023-05-14T23:25:27.511+0000] {logging_mixin.py:117} INFO - [2023-05-14T23:25:27.511+0000] {dagbag.py:525} INFO - Filling up the DagBag from /home/airflow/.local/lib/python3.7/site-packages/airflow/example_dags/example_branch_operator_decorator.py
[2023-05-14T23:25:27.800+0000] {processor.py:768} INFO - DAG(s) dict_keys(['example_branch_python_operator_decorator']) retrieved from /home/airflow/.local/lib/python3.7/site-packages/airflow/example_dags/example_branch_operator_decorator.py
[2023-05-14T23:25:27.866+0000] {logging_mixin.py:117} INFO - [2023-05-14T23:25:27.865+0000] {dag.py:2573} INFO - Sync 1 DAGs
[2023-05-14T23:25:27.914+0000] {logging_mixin.py:117} INFO - [2023-05-14T23:25:27.914+0000] {dag.py:3328} INFO - Setting next_dagrun for example_branch_python_operator_decorator to 2023-05-13T00:00:00+00:00, run_after=2023-05-14T00:00:00+00:00
[2023-05-14T23:25:27.949+0000] {processor.py:178} INFO - Processing /home/airflow/.local/lib/python3.7/site-packages/airflow/example_dags/example_branch_operator_decorator.py took 0.446 seconds
[2023-05-14T23:25:58.172+0000] {processor.py:156} INFO - Started process (PID=1617) to work on /home/airflow/.local/lib/python3.7/site-packages/airflow/example_dags/example_branch_operator_decorator.py
[2023-05-14T23:25:58.173+0000] {processor.py:758} INFO - Processing file /home/airflow/.local/lib/python3.7/site-packages/airflow/example_dags/example_branch_operator_decorator.py for tasks to queue
[2023-05-14T23:25:58.175+0000] {logging_mixin.py:117} INFO - [2023-05-14T23:25:58.174+0000] {dagbag.py:525} INFO - Filling up the DagBag from /home/airflow/.local/lib/python3.7/site-packages/airflow/example_dags/example_branch_operator_decorator.py
[2023-05-14T23:25:58.444+0000] {processor.py:768} INFO - DAG(s) dict_keys(['example_branch_python_operator_decorator']) retrieved from /home/airflow/.local/lib/python3.7/site-packages/airflow/example_dags/example_branch_operator_decorator.py
[2023-05-14T23:25:58.510+0000] {logging_mixin.py:117} INFO - [2023-05-14T23:25:58.509+0000] {dag.py:2573} INFO - Sync 1 DAGs
[2023-05-14T23:25:58.552+0000] {logging_mixin.py:117} INFO - [2023-05-14T23:25:58.552+0000] {dag.py:3328} INFO - Setting next_dagrun for example_branch_python_operator_decorator to 2023-05-13T00:00:00+00:00, run_after=2023-05-14T00:00:00+00:00
[2023-05-14T23:25:58.581+0000] {processor.py:178} INFO - Processing /home/airflow/.local/lib/python3.7/site-packages/airflow/example_dags/example_branch_operator_decorator.py took 0.416 seconds
[2023-05-14T23:26:28.670+0000] {processor.py:156} INFO - Started process (PID=1822) to work on /home/airflow/.local/lib/python3.7/site-packages/airflow/example_dags/example_branch_operator_decorator.py
[2023-05-14T23:26:28.670+0000] {processor.py:758} INFO - Processing file /home/airflow/.local/lib/python3.7/site-packages/airflow/example_dags/example_branch_operator_decorator.py for tasks to queue
[2023-05-14T23:26:28.671+0000] {logging_mixin.py:117} INFO - [2023-05-14T23:26:28.671+0000] {dagbag.py:525} INFO - Filling up the DagBag from /home/airflow/.local/lib/python3.7/site-packages/airflow/example_dags/example_branch_operator_decorator.py
[2023-05-14T23:26:28.714+0000] {processor.py:768} INFO - DAG(s) dict_keys(['example_branch_python_operator_decorator']) retrieved from /home/airflow/.local/lib/python3.7/site-packages/airflow/example_dags/example_branch_operator_decorator.py
[2023-05-14T23:26:28.772+0000] {logging_mixin.py:117} INFO - [2023-05-14T23:26:28.772+0000] {dag.py:2573} INFO - Sync 1 DAGs
[2023-05-14T23:26:28.808+0000] {logging_mixin.py:117} INFO - [2023-05-14T23:26:28.808+0000] {dag.py:3328} INFO - Setting next_dagrun for example_branch_python_operator_decorator to 2023-05-13T00:00:00+00:00, run_after=2023-05-14T00:00:00+00:00
[2023-05-14T23:26:28.835+0000] {processor.py:178} INFO - Processing /home/airflow/.local/lib/python3.7/site-packages/airflow/example_dags/example_branch_operator_decorator.py took 0.169 seconds
