[2023-05-14T23:07:06.590+0000] {processor.py:156} INFO - Started process (PID=308) to work on /home/airflow/.local/lib/python3.7/site-packages/airflow/example_dags/example_local_kubernetes_executor.py
[2023-05-14T23:07:06.590+0000] {processor.py:758} INFO - Processing file /home/airflow/.local/lib/python3.7/site-packages/airflow/example_dags/example_local_kubernetes_executor.py for tasks to queue
[2023-05-14T23:07:06.591+0000] {logging_mixin.py:117} INFO - [2023-05-14T23:07:06.591+0000] {dagbag.py:525} INFO - Filling up the DagBag from /home/airflow/.local/lib/python3.7/site-packages/airflow/example_dags/example_local_kubernetes_executor.py
[2023-05-14T23:07:06.637+0000] {processor.py:768} INFO - DAG(s) dict_keys(['example_local_kubernetes_executor']) retrieved from /home/airflow/.local/lib/python3.7/site-packages/airflow/example_dags/example_local_kubernetes_executor.py
[2023-05-14T23:07:06.691+0000] {logging_mixin.py:117} INFO - [2023-05-14T23:07:06.691+0000] {dag.py:2573} INFO - Sync 1 DAGs
[2023-05-14T23:07:06.753+0000] {logging_mixin.py:117} INFO - [2023-05-14T23:07:06.753+0000] {dag.py:3328} INFO - Setting next_dagrun for example_local_kubernetes_executor to None, run_after=None
[2023-05-14T23:07:06.797+0000] {processor.py:178} INFO - Processing /home/airflow/.local/lib/python3.7/site-packages/airflow/example_dags/example_local_kubernetes_executor.py took 0.212 seconds
[2023-05-14T23:07:36.890+0000] {processor.py:156} INFO - Started process (PID=508) to work on /home/airflow/.local/lib/python3.7/site-packages/airflow/example_dags/example_local_kubernetes_executor.py
[2023-05-14T23:07:36.891+0000] {processor.py:758} INFO - Processing file /home/airflow/.local/lib/python3.7/site-packages/airflow/example_dags/example_local_kubernetes_executor.py for tasks to queue
[2023-05-14T23:07:36.892+0000] {logging_mixin.py:117} INFO - [2023-05-14T23:07:36.892+0000] {dagbag.py:525} INFO - Filling up the DagBag from /home/airflow/.local/lib/python3.7/site-packages/airflow/example_dags/example_local_kubernetes_executor.py
[2023-05-14T23:07:36.915+0000] {processor.py:768} INFO - DAG(s) dict_keys(['example_local_kubernetes_executor']) retrieved from /home/airflow/.local/lib/python3.7/site-packages/airflow/example_dags/example_local_kubernetes_executor.py
[2023-05-14T23:07:36.949+0000] {logging_mixin.py:117} INFO - [2023-05-14T23:07:36.949+0000] {dag.py:2573} INFO - Sync 1 DAGs
[2023-05-14T23:07:36.973+0000] {logging_mixin.py:117} INFO - [2023-05-14T23:07:36.973+0000] {dag.py:3328} INFO - Setting next_dagrun for example_local_kubernetes_executor to None, run_after=None
[2023-05-14T23:07:37.110+0000] {processor.py:178} INFO - Processing /home/airflow/.local/lib/python3.7/site-packages/airflow/example_dags/example_local_kubernetes_executor.py took 0.223 seconds
[2023-05-14T23:08:09.100+0000] {processor.py:156} INFO - Started process (PID=712) to work on /home/airflow/.local/lib/python3.7/site-packages/airflow/example_dags/example_local_kubernetes_executor.py
[2023-05-14T23:08:09.101+0000] {processor.py:758} INFO - Processing file /home/airflow/.local/lib/python3.7/site-packages/airflow/example_dags/example_local_kubernetes_executor.py for tasks to queue
[2023-05-14T23:08:09.102+0000] {logging_mixin.py:117} INFO - [2023-05-14T23:08:09.102+0000] {dagbag.py:525} INFO - Filling up the DagBag from /home/airflow/.local/lib/python3.7/site-packages/airflow/example_dags/example_local_kubernetes_executor.py
[2023-05-14T23:08:09.133+0000] {processor.py:768} INFO - DAG(s) dict_keys(['example_local_kubernetes_executor']) retrieved from /home/airflow/.local/lib/python3.7/site-packages/airflow/example_dags/example_local_kubernetes_executor.py
[2023-05-14T23:08:09.190+0000] {logging_mixin.py:117} INFO - [2023-05-14T23:08:09.189+0000] {dag.py:2573} INFO - Sync 1 DAGs
[2023-05-14T23:08:09.348+0000] {logging_mixin.py:117} INFO - [2023-05-14T23:08:09.348+0000] {dag.py:3328} INFO - Setting next_dagrun for example_local_kubernetes_executor to None, run_after=None
[2023-05-14T23:08:09.371+0000] {processor.py:178} INFO - Processing /home/airflow/.local/lib/python3.7/site-packages/airflow/example_dags/example_local_kubernetes_executor.py took 0.274 seconds
[2023-05-14T23:08:39.874+0000] {processor.py:156} INFO - Started process (PID=921) to work on /home/airflow/.local/lib/python3.7/site-packages/airflow/example_dags/example_local_kubernetes_executor.py
[2023-05-14T23:08:39.874+0000] {processor.py:758} INFO - Processing file /home/airflow/.local/lib/python3.7/site-packages/airflow/example_dags/example_local_kubernetes_executor.py for tasks to queue
[2023-05-14T23:08:39.875+0000] {logging_mixin.py:117} INFO - [2023-05-14T23:08:39.875+0000] {dagbag.py:525} INFO - Filling up the DagBag from /home/airflow/.local/lib/python3.7/site-packages/airflow/example_dags/example_local_kubernetes_executor.py
[2023-05-14T23:08:39.904+0000] {processor.py:768} INFO - DAG(s) dict_keys(['example_local_kubernetes_executor']) retrieved from /home/airflow/.local/lib/python3.7/site-packages/airflow/example_dags/example_local_kubernetes_executor.py
[2023-05-14T23:08:40.074+0000] {logging_mixin.py:117} INFO - [2023-05-14T23:08:40.074+0000] {dag.py:2573} INFO - Sync 1 DAGs
[2023-05-14T23:08:40.098+0000] {logging_mixin.py:117} INFO - [2023-05-14T23:08:40.098+0000] {dag.py:3328} INFO - Setting next_dagrun for example_local_kubernetes_executor to None, run_after=None
[2023-05-14T23:08:40.118+0000] {processor.py:178} INFO - Processing /home/airflow/.local/lib/python3.7/site-packages/airflow/example_dags/example_local_kubernetes_executor.py took 0.247 seconds
[2023-05-14T23:09:10.238+0000] {processor.py:156} INFO - Started process (PID=1119) to work on /home/airflow/.local/lib/python3.7/site-packages/airflow/example_dags/example_local_kubernetes_executor.py
[2023-05-14T23:09:10.238+0000] {processor.py:758} INFO - Processing file /home/airflow/.local/lib/python3.7/site-packages/airflow/example_dags/example_local_kubernetes_executor.py for tasks to queue
[2023-05-14T23:09:10.239+0000] {logging_mixin.py:117} INFO - [2023-05-14T23:09:10.239+0000] {dagbag.py:525} INFO - Filling up the DagBag from /home/airflow/.local/lib/python3.7/site-packages/airflow/example_dags/example_local_kubernetes_executor.py
[2023-05-14T23:09:10.261+0000] {processor.py:768} INFO - DAG(s) dict_keys(['example_local_kubernetes_executor']) retrieved from /home/airflow/.local/lib/python3.7/site-packages/airflow/example_dags/example_local_kubernetes_executor.py
[2023-05-14T23:09:10.406+0000] {logging_mixin.py:117} INFO - [2023-05-14T23:09:10.406+0000] {dag.py:2573} INFO - Sync 1 DAGs
[2023-05-14T23:09:10.429+0000] {logging_mixin.py:117} INFO - [2023-05-14T23:09:10.429+0000] {dag.py:3328} INFO - Setting next_dagrun for example_local_kubernetes_executor to None, run_after=None
[2023-05-14T23:09:10.448+0000] {processor.py:178} INFO - Processing /home/airflow/.local/lib/python3.7/site-packages/airflow/example_dags/example_local_kubernetes_executor.py took 0.213 seconds
[2023-05-14T23:09:40.676+0000] {processor.py:156} INFO - Started process (PID=1325) to work on /home/airflow/.local/lib/python3.7/site-packages/airflow/example_dags/example_local_kubernetes_executor.py
[2023-05-14T23:09:40.677+0000] {processor.py:758} INFO - Processing file /home/airflow/.local/lib/python3.7/site-packages/airflow/example_dags/example_local_kubernetes_executor.py for tasks to queue
[2023-05-14T23:09:40.678+0000] {logging_mixin.py:117} INFO - [2023-05-14T23:09:40.678+0000] {dagbag.py:525} INFO - Filling up the DagBag from /home/airflow/.local/lib/python3.7/site-packages/airflow/example_dags/example_local_kubernetes_executor.py
[2023-05-14T23:09:40.702+0000] {processor.py:768} INFO - DAG(s) dict_keys(['example_local_kubernetes_executor']) retrieved from /home/airflow/.local/lib/python3.7/site-packages/airflow/example_dags/example_local_kubernetes_executor.py
[2023-05-14T23:09:40.867+0000] {logging_mixin.py:117} INFO - [2023-05-14T23:09:40.867+0000] {dag.py:2573} INFO - Sync 1 DAGs
[2023-05-14T23:09:40.888+0000] {logging_mixin.py:117} INFO - [2023-05-14T23:09:40.888+0000] {dag.py:3328} INFO - Setting next_dagrun for example_local_kubernetes_executor to None, run_after=None
[2023-05-14T23:09:40.908+0000] {processor.py:178} INFO - Processing /home/airflow/.local/lib/python3.7/site-packages/airflow/example_dags/example_local_kubernetes_executor.py took 0.235 seconds
[2023-05-14T23:10:11.138+0000] {processor.py:156} INFO - Started process (PID=1522) to work on /home/airflow/.local/lib/python3.7/site-packages/airflow/example_dags/example_local_kubernetes_executor.py
[2023-05-14T23:10:11.139+0000] {processor.py:758} INFO - Processing file /home/airflow/.local/lib/python3.7/site-packages/airflow/example_dags/example_local_kubernetes_executor.py for tasks to queue
[2023-05-14T23:10:11.140+0000] {logging_mixin.py:117} INFO - [2023-05-14T23:10:11.139+0000] {dagbag.py:525} INFO - Filling up the DagBag from /home/airflow/.local/lib/python3.7/site-packages/airflow/example_dags/example_local_kubernetes_executor.py
[2023-05-14T23:10:11.281+0000] {processor.py:768} INFO - DAG(s) dict_keys(['example_local_kubernetes_executor']) retrieved from /home/airflow/.local/lib/python3.7/site-packages/airflow/example_dags/example_local_kubernetes_executor.py
[2023-05-14T23:10:11.313+0000] {logging_mixin.py:117} INFO - [2023-05-14T23:10:11.313+0000] {dag.py:2573} INFO - Sync 1 DAGs
[2023-05-14T23:10:11.339+0000] {logging_mixin.py:117} INFO - [2023-05-14T23:10:11.339+0000] {dag.py:3328} INFO - Setting next_dagrun for example_local_kubernetes_executor to None, run_after=None
[2023-05-14T23:10:11.360+0000] {processor.py:178} INFO - Processing /home/airflow/.local/lib/python3.7/site-packages/airflow/example_dags/example_local_kubernetes_executor.py took 0.225 seconds
[2023-05-14T23:10:41.794+0000] {processor.py:156} INFO - Started process (PID=1729) to work on /home/airflow/.local/lib/python3.7/site-packages/airflow/example_dags/example_local_kubernetes_executor.py
[2023-05-14T23:10:41.795+0000] {processor.py:758} INFO - Processing file /home/airflow/.local/lib/python3.7/site-packages/airflow/example_dags/example_local_kubernetes_executor.py for tasks to queue
[2023-05-14T23:10:41.796+0000] {logging_mixin.py:117} INFO - [2023-05-14T23:10:41.795+0000] {dagbag.py:525} INFO - Filling up the DagBag from /home/airflow/.local/lib/python3.7/site-packages/airflow/example_dags/example_local_kubernetes_executor.py
[2023-05-14T23:10:41.823+0000] {processor.py:768} INFO - DAG(s) dict_keys(['example_local_kubernetes_executor']) retrieved from /home/airflow/.local/lib/python3.7/site-packages/airflow/example_dags/example_local_kubernetes_executor.py
[2023-05-14T23:10:41.869+0000] {logging_mixin.py:117} INFO - [2023-05-14T23:10:41.869+0000] {dag.py:2573} INFO - Sync 1 DAGs
[2023-05-14T23:10:41.909+0000] {logging_mixin.py:117} INFO - [2023-05-14T23:10:41.909+0000] {dag.py:3328} INFO - Setting next_dagrun for example_local_kubernetes_executor to None, run_after=None
[2023-05-14T23:10:41.931+0000] {processor.py:178} INFO - Processing /home/airflow/.local/lib/python3.7/site-packages/airflow/example_dags/example_local_kubernetes_executor.py took 0.141 seconds
[2023-05-14T23:11:13.276+0000] {processor.py:156} INFO - Started process (PID=1936) to work on /home/airflow/.local/lib/python3.7/site-packages/airflow/example_dags/example_local_kubernetes_executor.py
[2023-05-14T23:11:13.278+0000] {processor.py:758} INFO - Processing file /home/airflow/.local/lib/python3.7/site-packages/airflow/example_dags/example_local_kubernetes_executor.py for tasks to queue
[2023-05-14T23:11:13.279+0000] {logging_mixin.py:117} INFO - [2023-05-14T23:11:13.279+0000] {dagbag.py:525} INFO - Filling up the DagBag from /home/airflow/.local/lib/python3.7/site-packages/airflow/example_dags/example_local_kubernetes_executor.py
[2023-05-14T23:11:13.352+0000] {processor.py:768} INFO - DAG(s) dict_keys(['example_local_kubernetes_executor']) retrieved from /home/airflow/.local/lib/python3.7/site-packages/airflow/example_dags/example_local_kubernetes_executor.py
[2023-05-14T23:11:13.466+0000] {logging_mixin.py:117} INFO - [2023-05-14T23:11:13.466+0000] {dag.py:2573} INFO - Sync 1 DAGs
[2023-05-14T23:11:13.549+0000] {logging_mixin.py:117} INFO - [2023-05-14T23:11:13.549+0000] {dag.py:3328} INFO - Setting next_dagrun for example_local_kubernetes_executor to None, run_after=None
[2023-05-14T23:11:13.600+0000] {processor.py:178} INFO - Processing /home/airflow/.local/lib/python3.7/site-packages/airflow/example_dags/example_local_kubernetes_executor.py took 0.335 seconds
[2023-05-14T23:11:43.967+0000] {processor.py:156} INFO - Started process (PID=2134) to work on /home/airflow/.local/lib/python3.7/site-packages/airflow/example_dags/example_local_kubernetes_executor.py
[2023-05-14T23:11:43.968+0000] {processor.py:758} INFO - Processing file /home/airflow/.local/lib/python3.7/site-packages/airflow/example_dags/example_local_kubernetes_executor.py for tasks to queue
[2023-05-14T23:11:43.969+0000] {logging_mixin.py:117} INFO - [2023-05-14T23:11:43.969+0000] {dagbag.py:525} INFO - Filling up the DagBag from /home/airflow/.local/lib/python3.7/site-packages/airflow/example_dags/example_local_kubernetes_executor.py
[2023-05-14T23:11:44.017+0000] {processor.py:768} INFO - DAG(s) dict_keys(['example_local_kubernetes_executor']) retrieved from /home/airflow/.local/lib/python3.7/site-packages/airflow/example_dags/example_local_kubernetes_executor.py
[2023-05-14T23:11:44.098+0000] {logging_mixin.py:117} INFO - [2023-05-14T23:11:44.098+0000] {dag.py:2573} INFO - Sync 1 DAGs
[2023-05-14T23:11:44.147+0000] {logging_mixin.py:117} INFO - [2023-05-14T23:11:44.147+0000] {dag.py:3328} INFO - Setting next_dagrun for example_local_kubernetes_executor to None, run_after=None
[2023-05-14T23:11:44.194+0000] {processor.py:178} INFO - Processing /home/airflow/.local/lib/python3.7/site-packages/airflow/example_dags/example_local_kubernetes_executor.py took 0.234 seconds
[2023-05-14T23:12:15.113+0000] {processor.py:156} INFO - Started process (PID=2341) to work on /home/airflow/.local/lib/python3.7/site-packages/airflow/example_dags/example_local_kubernetes_executor.py
[2023-05-14T23:12:15.114+0000] {processor.py:758} INFO - Processing file /home/airflow/.local/lib/python3.7/site-packages/airflow/example_dags/example_local_kubernetes_executor.py for tasks to queue
[2023-05-14T23:12:15.115+0000] {logging_mixin.py:117} INFO - [2023-05-14T23:12:15.115+0000] {dagbag.py:525} INFO - Filling up the DagBag from /home/airflow/.local/lib/python3.7/site-packages/airflow/example_dags/example_local_kubernetes_executor.py
[2023-05-14T23:12:15.157+0000] {processor.py:768} INFO - DAG(s) dict_keys(['example_local_kubernetes_executor']) retrieved from /home/airflow/.local/lib/python3.7/site-packages/airflow/example_dags/example_local_kubernetes_executor.py
[2023-05-14T23:12:15.229+0000] {logging_mixin.py:117} INFO - [2023-05-14T23:12:15.228+0000] {dag.py:2573} INFO - Sync 1 DAGs
[2023-05-14T23:12:15.278+0000] {logging_mixin.py:117} INFO - [2023-05-14T23:12:15.278+0000] {dag.py:3328} INFO - Setting next_dagrun for example_local_kubernetes_executor to None, run_after=None
[2023-05-14T23:12:15.319+0000] {processor.py:178} INFO - Processing /home/airflow/.local/lib/python3.7/site-packages/airflow/example_dags/example_local_kubernetes_executor.py took 0.210 seconds
[2023-05-14T23:12:45.383+0000] {processor.py:156} INFO - Started process (PID=2536) to work on /home/airflow/.local/lib/python3.7/site-packages/airflow/example_dags/example_local_kubernetes_executor.py
[2023-05-14T23:12:45.384+0000] {processor.py:758} INFO - Processing file /home/airflow/.local/lib/python3.7/site-packages/airflow/example_dags/example_local_kubernetes_executor.py for tasks to queue
[2023-05-14T23:12:45.385+0000] {logging_mixin.py:117} INFO - [2023-05-14T23:12:45.385+0000] {dagbag.py:525} INFO - Filling up the DagBag from /home/airflow/.local/lib/python3.7/site-packages/airflow/example_dags/example_local_kubernetes_executor.py
[2023-05-14T23:12:45.415+0000] {processor.py:768} INFO - DAG(s) dict_keys(['example_local_kubernetes_executor']) retrieved from /home/airflow/.local/lib/python3.7/site-packages/airflow/example_dags/example_local_kubernetes_executor.py
[2023-05-14T23:12:45.464+0000] {logging_mixin.py:117} INFO - [2023-05-14T23:12:45.464+0000] {dag.py:2573} INFO - Sync 1 DAGs
[2023-05-14T23:12:45.500+0000] {logging_mixin.py:117} INFO - [2023-05-14T23:12:45.500+0000] {dag.py:3328} INFO - Setting next_dagrun for example_local_kubernetes_executor to None, run_after=None
[2023-05-14T23:12:45.530+0000] {processor.py:178} INFO - Processing /home/airflow/.local/lib/python3.7/site-packages/airflow/example_dags/example_local_kubernetes_executor.py took 0.150 seconds
[2023-05-14T23:13:17.170+0000] {processor.py:156} INFO - Started process (PID=2743) to work on /home/airflow/.local/lib/python3.7/site-packages/airflow/example_dags/example_local_kubernetes_executor.py
[2023-05-14T23:13:17.170+0000] {processor.py:758} INFO - Processing file /home/airflow/.local/lib/python3.7/site-packages/airflow/example_dags/example_local_kubernetes_executor.py for tasks to queue
[2023-05-14T23:13:17.171+0000] {logging_mixin.py:117} INFO - [2023-05-14T23:13:17.171+0000] {dagbag.py:525} INFO - Filling up the DagBag from /home/airflow/.local/lib/python3.7/site-packages/airflow/example_dags/example_local_kubernetes_executor.py
[2023-05-14T23:13:17.206+0000] {processor.py:768} INFO - DAG(s) dict_keys(['example_local_kubernetes_executor']) retrieved from /home/airflow/.local/lib/python3.7/site-packages/airflow/example_dags/example_local_kubernetes_executor.py
[2023-05-14T23:13:17.288+0000] {logging_mixin.py:117} INFO - [2023-05-14T23:13:17.288+0000] {dag.py:2573} INFO - Sync 1 DAGs
[2023-05-14T23:13:17.340+0000] {logging_mixin.py:117} INFO - [2023-05-14T23:13:17.339+0000] {dag.py:3328} INFO - Setting next_dagrun for example_local_kubernetes_executor to None, run_after=None
[2023-05-14T23:13:17.400+0000] {processor.py:178} INFO - Processing /home/airflow/.local/lib/python3.7/site-packages/airflow/example_dags/example_local_kubernetes_executor.py took 0.234 seconds
[2023-05-14T23:13:47.691+0000] {processor.py:156} INFO - Started process (PID=2941) to work on /home/airflow/.local/lib/python3.7/site-packages/airflow/example_dags/example_local_kubernetes_executor.py
[2023-05-14T23:13:47.691+0000] {processor.py:758} INFO - Processing file /home/airflow/.local/lib/python3.7/site-packages/airflow/example_dags/example_local_kubernetes_executor.py for tasks to queue
[2023-05-14T23:13:47.692+0000] {logging_mixin.py:117} INFO - [2023-05-14T23:13:47.692+0000] {dagbag.py:525} INFO - Filling up the DagBag from /home/airflow/.local/lib/python3.7/site-packages/airflow/example_dags/example_local_kubernetes_executor.py
[2023-05-14T23:13:47.767+0000] {processor.py:768} INFO - DAG(s) dict_keys(['example_local_kubernetes_executor']) retrieved from /home/airflow/.local/lib/python3.7/site-packages/airflow/example_dags/example_local_kubernetes_executor.py
[2023-05-14T23:13:47.846+0000] {logging_mixin.py:117} INFO - [2023-05-14T23:13:47.845+0000] {dag.py:2573} INFO - Sync 1 DAGs
[2023-05-14T23:13:47.897+0000] {logging_mixin.py:117} INFO - [2023-05-14T23:13:47.897+0000] {dag.py:3328} INFO - Setting next_dagrun for example_local_kubernetes_executor to None, run_after=None
[2023-05-14T23:13:47.940+0000] {processor.py:178} INFO - Processing /home/airflow/.local/lib/python3.7/site-packages/airflow/example_dags/example_local_kubernetes_executor.py took 0.259 seconds
[2023-05-14T23:14:18.990+0000] {processor.py:156} INFO - Started process (PID=3148) to work on /home/airflow/.local/lib/python3.7/site-packages/airflow/example_dags/example_local_kubernetes_executor.py
[2023-05-14T23:14:18.992+0000] {processor.py:758} INFO - Processing file /home/airflow/.local/lib/python3.7/site-packages/airflow/example_dags/example_local_kubernetes_executor.py for tasks to queue
[2023-05-14T23:14:18.993+0000] {logging_mixin.py:117} INFO - [2023-05-14T23:14:18.993+0000] {dagbag.py:525} INFO - Filling up the DagBag from /home/airflow/.local/lib/python3.7/site-packages/airflow/example_dags/example_local_kubernetes_executor.py
[2023-05-14T23:14:19.065+0000] {processor.py:768} INFO - DAG(s) dict_keys(['example_local_kubernetes_executor']) retrieved from /home/airflow/.local/lib/python3.7/site-packages/airflow/example_dags/example_local_kubernetes_executor.py
[2023-05-14T23:14:19.242+0000] {logging_mixin.py:117} INFO - [2023-05-14T23:14:19.241+0000] {dag.py:2573} INFO - Sync 1 DAGs
[2023-05-14T23:14:19.406+0000] {logging_mixin.py:117} INFO - [2023-05-14T23:14:19.405+0000] {dag.py:3328} INFO - Setting next_dagrun for example_local_kubernetes_executor to None, run_after=None
[2023-05-14T23:14:19.489+0000] {processor.py:178} INFO - Processing /home/airflow/.local/lib/python3.7/site-packages/airflow/example_dags/example_local_kubernetes_executor.py took 0.509 seconds
[2023-05-14T23:22:22.099+0000] {processor.py:156} INFO - Started process (PID=307) to work on /home/airflow/.local/lib/python3.7/site-packages/airflow/example_dags/example_local_kubernetes_executor.py
[2023-05-14T23:22:22.100+0000] {processor.py:758} INFO - Processing file /home/airflow/.local/lib/python3.7/site-packages/airflow/example_dags/example_local_kubernetes_executor.py for tasks to queue
[2023-05-14T23:22:22.101+0000] {logging_mixin.py:117} INFO - [2023-05-14T23:22:22.101+0000] {dagbag.py:525} INFO - Filling up the DagBag from /home/airflow/.local/lib/python3.7/site-packages/airflow/example_dags/example_local_kubernetes_executor.py
[2023-05-14T23:22:22.133+0000] {processor.py:768} INFO - DAG(s) dict_keys(['example_local_kubernetes_executor']) retrieved from /home/airflow/.local/lib/python3.7/site-packages/airflow/example_dags/example_local_kubernetes_executor.py
[2023-05-14T23:22:22.171+0000] {logging_mixin.py:117} INFO - [2023-05-14T23:22:22.170+0000] {dag.py:2573} INFO - Sync 1 DAGs
[2023-05-14T23:22:22.215+0000] {logging_mixin.py:117} INFO - [2023-05-14T23:22:22.215+0000] {dag.py:3328} INFO - Setting next_dagrun for example_local_kubernetes_executor to None, run_after=None
[2023-05-14T23:22:22.235+0000] {processor.py:178} INFO - Processing /home/airflow/.local/lib/python3.7/site-packages/airflow/example_dags/example_local_kubernetes_executor.py took 0.139 seconds
[2023-05-14T23:22:53.100+0000] {processor.py:156} INFO - Started process (PID=508) to work on /home/airflow/.local/lib/python3.7/site-packages/airflow/example_dags/example_local_kubernetes_executor.py
[2023-05-14T23:22:53.101+0000] {processor.py:758} INFO - Processing file /home/airflow/.local/lib/python3.7/site-packages/airflow/example_dags/example_local_kubernetes_executor.py for tasks to queue
[2023-05-14T23:22:53.102+0000] {logging_mixin.py:117} INFO - [2023-05-14T23:22:53.102+0000] {dagbag.py:525} INFO - Filling up the DagBag from /home/airflow/.local/lib/python3.7/site-packages/airflow/example_dags/example_local_kubernetes_executor.py
[2023-05-14T23:22:53.127+0000] {processor.py:768} INFO - DAG(s) dict_keys(['example_local_kubernetes_executor']) retrieved from /home/airflow/.local/lib/python3.7/site-packages/airflow/example_dags/example_local_kubernetes_executor.py
[2023-05-14T23:22:53.155+0000] {logging_mixin.py:117} INFO - [2023-05-14T23:22:53.154+0000] {dag.py:2573} INFO - Sync 1 DAGs
[2023-05-14T23:22:53.177+0000] {logging_mixin.py:117} INFO - [2023-05-14T23:22:53.177+0000] {dag.py:3328} INFO - Setting next_dagrun for example_local_kubernetes_executor to None, run_after=None
[2023-05-14T23:22:53.195+0000] {processor.py:178} INFO - Processing /home/airflow/.local/lib/python3.7/site-packages/airflow/example_dags/example_local_kubernetes_executor.py took 0.099 seconds
[2023-05-14T23:23:27.590+0000] {processor.py:156} INFO - Started process (PID=713) to work on /home/airflow/.local/lib/python3.7/site-packages/airflow/example_dags/example_local_kubernetes_executor.py
[2023-05-14T23:23:27.591+0000] {processor.py:758} INFO - Processing file /home/airflow/.local/lib/python3.7/site-packages/airflow/example_dags/example_local_kubernetes_executor.py for tasks to queue
[2023-05-14T23:23:27.592+0000] {logging_mixin.py:117} INFO - [2023-05-14T23:23:27.592+0000] {dagbag.py:525} INFO - Filling up the DagBag from /home/airflow/.local/lib/python3.7/site-packages/airflow/example_dags/example_local_kubernetes_executor.py
[2023-05-14T23:23:27.630+0000] {processor.py:768} INFO - DAG(s) dict_keys(['example_local_kubernetes_executor']) retrieved from /home/airflow/.local/lib/python3.7/site-packages/airflow/example_dags/example_local_kubernetes_executor.py
[2023-05-14T23:23:27.686+0000] {logging_mixin.py:117} INFO - [2023-05-14T23:23:27.686+0000] {dag.py:2573} INFO - Sync 1 DAGs
[2023-05-14T23:23:27.894+0000] {logging_mixin.py:117} INFO - [2023-05-14T23:23:27.894+0000] {dag.py:3328} INFO - Setting next_dagrun for example_local_kubernetes_executor to None, run_after=None
[2023-05-14T23:23:27.923+0000] {processor.py:178} INFO - Processing /home/airflow/.local/lib/python3.7/site-packages/airflow/example_dags/example_local_kubernetes_executor.py took 0.338 seconds
[2023-05-14T23:24:03.036+0000] {processor.py:156} INFO - Started process (PID=920) to work on /home/airflow/.local/lib/python3.7/site-packages/airflow/example_dags/example_local_kubernetes_executor.py
[2023-05-14T23:24:03.037+0000] {processor.py:758} INFO - Processing file /home/airflow/.local/lib/python3.7/site-packages/airflow/example_dags/example_local_kubernetes_executor.py for tasks to queue
[2023-05-14T23:24:03.037+0000] {logging_mixin.py:117} INFO - [2023-05-14T23:24:03.037+0000] {dagbag.py:525} INFO - Filling up the DagBag from /home/airflow/.local/lib/python3.7/site-packages/airflow/example_dags/example_local_kubernetes_executor.py
[2023-05-14T23:24:03.065+0000] {processor.py:768} INFO - DAG(s) dict_keys(['example_local_kubernetes_executor']) retrieved from /home/airflow/.local/lib/python3.7/site-packages/airflow/example_dags/example_local_kubernetes_executor.py
[2023-05-14T23:24:03.318+0000] {logging_mixin.py:117} INFO - [2023-05-14T23:24:03.318+0000] {dag.py:2573} INFO - Sync 1 DAGs
[2023-05-14T23:24:03.359+0000] {logging_mixin.py:117} INFO - [2023-05-14T23:24:03.359+0000] {dag.py:3328} INFO - Setting next_dagrun for example_local_kubernetes_executor to None, run_after=None
[2023-05-14T23:24:03.389+0000] {processor.py:178} INFO - Processing /home/airflow/.local/lib/python3.7/site-packages/airflow/example_dags/example_local_kubernetes_executor.py took 0.360 seconds
[2023-05-14T23:24:33.728+0000] {processor.py:156} INFO - Started process (PID=1118) to work on /home/airflow/.local/lib/python3.7/site-packages/airflow/example_dags/example_local_kubernetes_executor.py
[2023-05-14T23:24:33.728+0000] {processor.py:758} INFO - Processing file /home/airflow/.local/lib/python3.7/site-packages/airflow/example_dags/example_local_kubernetes_executor.py for tasks to queue
[2023-05-14T23:24:33.729+0000] {logging_mixin.py:117} INFO - [2023-05-14T23:24:33.729+0000] {dagbag.py:525} INFO - Filling up the DagBag from /home/airflow/.local/lib/python3.7/site-packages/airflow/example_dags/example_local_kubernetes_executor.py
[2023-05-14T23:24:33.765+0000] {processor.py:768} INFO - DAG(s) dict_keys(['example_local_kubernetes_executor']) retrieved from /home/airflow/.local/lib/python3.7/site-packages/airflow/example_dags/example_local_kubernetes_executor.py
[2023-05-14T23:24:33.976+0000] {logging_mixin.py:117} INFO - [2023-05-14T23:24:33.975+0000] {dag.py:2573} INFO - Sync 1 DAGs
[2023-05-14T23:24:34.015+0000] {logging_mixin.py:117} INFO - [2023-05-14T23:24:34.015+0000] {dag.py:3328} INFO - Setting next_dagrun for example_local_kubernetes_executor to None, run_after=None
[2023-05-14T23:24:34.046+0000] {processor.py:178} INFO - Processing /home/airflow/.local/lib/python3.7/site-packages/airflow/example_dags/example_local_kubernetes_executor.py took 0.323 seconds
[2023-05-14T23:25:04.443+0000] {processor.py:156} INFO - Started process (PID=1325) to work on /home/airflow/.local/lib/python3.7/site-packages/airflow/example_dags/example_local_kubernetes_executor.py
[2023-05-14T23:25:04.446+0000] {processor.py:758} INFO - Processing file /home/airflow/.local/lib/python3.7/site-packages/airflow/example_dags/example_local_kubernetes_executor.py for tasks to queue
[2023-05-14T23:25:04.447+0000] {logging_mixin.py:117} INFO - [2023-05-14T23:25:04.447+0000] {dagbag.py:525} INFO - Filling up the DagBag from /home/airflow/.local/lib/python3.7/site-packages/airflow/example_dags/example_local_kubernetes_executor.py
[2023-05-14T23:25:04.498+0000] {processor.py:768} INFO - DAG(s) dict_keys(['example_local_kubernetes_executor']) retrieved from /home/airflow/.local/lib/python3.7/site-packages/airflow/example_dags/example_local_kubernetes_executor.py
[2023-05-14T23:25:04.782+0000] {logging_mixin.py:117} INFO - [2023-05-14T23:25:04.782+0000] {dag.py:2573} INFO - Sync 1 DAGs
[2023-05-14T23:25:04.830+0000] {logging_mixin.py:117} INFO - [2023-05-14T23:25:04.830+0000] {dag.py:3328} INFO - Setting next_dagrun for example_local_kubernetes_executor to None, run_after=None
[2023-05-14T23:25:04.865+0000] {processor.py:178} INFO - Processing /home/airflow/.local/lib/python3.7/site-packages/airflow/example_dags/example_local_kubernetes_executor.py took 0.429 seconds
[2023-05-14T23:25:35.506+0000] {processor.py:156} INFO - Started process (PID=1522) to work on /home/airflow/.local/lib/python3.7/site-packages/airflow/example_dags/example_local_kubernetes_executor.py
[2023-05-14T23:25:35.507+0000] {processor.py:758} INFO - Processing file /home/airflow/.local/lib/python3.7/site-packages/airflow/example_dags/example_local_kubernetes_executor.py for tasks to queue
[2023-05-14T23:25:35.510+0000] {logging_mixin.py:117} INFO - [2023-05-14T23:25:35.509+0000] {dagbag.py:525} INFO - Filling up the DagBag from /home/airflow/.local/lib/python3.7/site-packages/airflow/example_dags/example_local_kubernetes_executor.py
[2023-05-14T23:25:35.833+0000] {processor.py:768} INFO - DAG(s) dict_keys(['example_local_kubernetes_executor']) retrieved from /home/airflow/.local/lib/python3.7/site-packages/airflow/example_dags/example_local_kubernetes_executor.py
[2023-05-14T23:25:35.914+0000] {logging_mixin.py:117} INFO - [2023-05-14T23:25:35.914+0000] {dag.py:2573} INFO - Sync 1 DAGs
[2023-05-14T23:25:35.975+0000] {logging_mixin.py:117} INFO - [2023-05-14T23:25:35.975+0000] {dag.py:3328} INFO - Setting next_dagrun for example_local_kubernetes_executor to None, run_after=None
[2023-05-14T23:25:36.016+0000] {processor.py:178} INFO - Processing /home/airflow/.local/lib/python3.7/site-packages/airflow/example_dags/example_local_kubernetes_executor.py took 0.516 seconds
[2023-05-14T23:26:06.424+0000] {processor.py:156} INFO - Started process (PID=1729) to work on /home/airflow/.local/lib/python3.7/site-packages/airflow/example_dags/example_local_kubernetes_executor.py
[2023-05-14T23:26:06.425+0000] {processor.py:758} INFO - Processing file /home/airflow/.local/lib/python3.7/site-packages/airflow/example_dags/example_local_kubernetes_executor.py for tasks to queue
[2023-05-14T23:26:06.426+0000] {logging_mixin.py:117} INFO - [2023-05-14T23:26:06.426+0000] {dagbag.py:525} INFO - Filling up the DagBag from /home/airflow/.local/lib/python3.7/site-packages/airflow/example_dags/example_local_kubernetes_executor.py
[2023-05-14T23:26:06.475+0000] {processor.py:768} INFO - DAG(s) dict_keys(['example_local_kubernetes_executor']) retrieved from /home/airflow/.local/lib/python3.7/site-packages/airflow/example_dags/example_local_kubernetes_executor.py
[2023-05-14T23:26:06.558+0000] {logging_mixin.py:117} INFO - [2023-05-14T23:26:06.558+0000] {dag.py:2573} INFO - Sync 1 DAGs
[2023-05-14T23:26:06.623+0000] {logging_mixin.py:117} INFO - [2023-05-14T23:26:06.622+0000] {dag.py:3328} INFO - Setting next_dagrun for example_local_kubernetes_executor to None, run_after=None
[2023-05-14T23:26:06.668+0000] {processor.py:178} INFO - Processing /home/airflow/.local/lib/python3.7/site-packages/airflow/example_dags/example_local_kubernetes_executor.py took 0.252 seconds
[2023-05-14T23:26:37.187+0000] {processor.py:156} INFO - Started process (PID=1927) to work on /home/airflow/.local/lib/python3.7/site-packages/airflow/example_dags/example_local_kubernetes_executor.py
[2023-05-14T23:26:37.189+0000] {processor.py:758} INFO - Processing file /home/airflow/.local/lib/python3.7/site-packages/airflow/example_dags/example_local_kubernetes_executor.py for tasks to queue
[2023-05-14T23:26:37.192+0000] {logging_mixin.py:117} INFO - [2023-05-14T23:26:37.192+0000] {dagbag.py:525} INFO - Filling up the DagBag from /home/airflow/.local/lib/python3.7/site-packages/airflow/example_dags/example_local_kubernetes_executor.py
[2023-05-14T23:26:37.229+0000] {processor.py:768} INFO - DAG(s) dict_keys(['example_local_kubernetes_executor']) retrieved from /home/airflow/.local/lib/python3.7/site-packages/airflow/example_dags/example_local_kubernetes_executor.py
[2023-05-14T23:26:37.301+0000] {logging_mixin.py:117} INFO - [2023-05-14T23:26:37.301+0000] {dag.py:2573} INFO - Sync 1 DAGs
[2023-05-14T23:26:37.376+0000] {logging_mixin.py:117} INFO - [2023-05-14T23:26:37.375+0000] {dag.py:3328} INFO - Setting next_dagrun for example_local_kubernetes_executor to None, run_after=None
[2023-05-14T23:26:37.412+0000] {processor.py:178} INFO - Processing /home/airflow/.local/lib/python3.7/site-packages/airflow/example_dags/example_local_kubernetes_executor.py took 0.232 seconds
