[2023-05-14T23:07:02.235+0000] {processor.py:156} INFO - Started process (PID=176) to work on /home/airflow/.local/lib/python3.7/site-packages/airflow/example_dags/example_short_circuit_decorator.py
[2023-05-14T23:07:02.236+0000] {processor.py:758} INFO - Processing file /home/airflow/.local/lib/python3.7/site-packages/airflow/example_dags/example_short_circuit_decorator.py for tasks to queue
[2023-05-14T23:07:02.236+0000] {logging_mixin.py:117} INFO - [2023-05-14T23:07:02.236+0000] {dagbag.py:525} INFO - Filling up the DagBag from /home/airflow/.local/lib/python3.7/site-packages/airflow/example_dags/example_short_circuit_decorator.py
[2023-05-14T23:07:02.284+0000] {processor.py:768} INFO - DAG(s) dict_keys(['example_short_circuit_decorator']) retrieved from /home/airflow/.local/lib/python3.7/site-packages/airflow/example_dags/example_short_circuit_decorator.py
[2023-05-14T23:07:02.329+0000] {logging_mixin.py:117} INFO - [2023-05-14T23:07:02.329+0000] {dag.py:2573} INFO - Sync 1 DAGs
[2023-05-14T23:07:02.388+0000] {logging_mixin.py:117} INFO - [2023-05-14T23:07:02.388+0000] {dag.py:3328} INFO - Setting next_dagrun for example_short_circuit_decorator to 2023-05-13T23:07:02.387718+00:00, run_after=2023-05-14T23:07:02.387718+00:00
[2023-05-14T23:07:02.429+0000] {processor.py:178} INFO - Processing /home/airflow/.local/lib/python3.7/site-packages/airflow/example_dags/example_short_circuit_decorator.py took 0.199 seconds
[2023-05-14T23:07:32.962+0000] {processor.py:156} INFO - Started process (PID=381) to work on /home/airflow/.local/lib/python3.7/site-packages/airflow/example_dags/example_short_circuit_decorator.py
[2023-05-14T23:07:32.964+0000] {processor.py:758} INFO - Processing file /home/airflow/.local/lib/python3.7/site-packages/airflow/example_dags/example_short_circuit_decorator.py for tasks to queue
[2023-05-14T23:07:32.965+0000] {logging_mixin.py:117} INFO - [2023-05-14T23:07:32.964+0000] {dagbag.py:525} INFO - Filling up the DagBag from /home/airflow/.local/lib/python3.7/site-packages/airflow/example_dags/example_short_circuit_decorator.py
[2023-05-14T23:07:33.011+0000] {processor.py:768} INFO - DAG(s) dict_keys(['example_short_circuit_decorator']) retrieved from /home/airflow/.local/lib/python3.7/site-packages/airflow/example_dags/example_short_circuit_decorator.py
[2023-05-14T23:07:33.103+0000] {logging_mixin.py:117} INFO - [2023-05-14T23:07:33.103+0000] {dag.py:2573} INFO - Sync 1 DAGs
[2023-05-14T23:07:33.178+0000] {logging_mixin.py:117} INFO - [2023-05-14T23:07:33.178+0000] {dag.py:3328} INFO - Setting next_dagrun for example_short_circuit_decorator to 2023-05-13T23:07:33.177939+00:00, run_after=2023-05-14T23:07:33.177939+00:00
[2023-05-14T23:07:33.233+0000] {processor.py:178} INFO - Processing /home/airflow/.local/lib/python3.7/site-packages/airflow/example_dags/example_short_circuit_decorator.py took 0.276 seconds
[2023-05-14T23:08:03.791+0000] {processor.py:156} INFO - Started process (PID=586) to work on /home/airflow/.local/lib/python3.7/site-packages/airflow/example_dags/example_short_circuit_decorator.py
[2023-05-14T23:08:03.792+0000] {processor.py:758} INFO - Processing file /home/airflow/.local/lib/python3.7/site-packages/airflow/example_dags/example_short_circuit_decorator.py for tasks to queue
[2023-05-14T23:08:03.793+0000] {logging_mixin.py:117} INFO - [2023-05-14T23:08:03.793+0000] {dagbag.py:525} INFO - Filling up the DagBag from /home/airflow/.local/lib/python3.7/site-packages/airflow/example_dags/example_short_circuit_decorator.py
[2023-05-14T23:08:03.832+0000] {processor.py:768} INFO - DAG(s) dict_keys(['example_short_circuit_decorator']) retrieved from /home/airflow/.local/lib/python3.7/site-packages/airflow/example_dags/example_short_circuit_decorator.py
[2023-05-14T23:08:03.897+0000] {logging_mixin.py:117} INFO - [2023-05-14T23:08:03.897+0000] {dag.py:2573} INFO - Sync 1 DAGs
[2023-05-14T23:08:04.106+0000] {logging_mixin.py:117} INFO - [2023-05-14T23:08:04.105+0000] {dag.py:3328} INFO - Setting next_dagrun for example_short_circuit_decorator to 2023-05-13T23:08:04.105717+00:00, run_after=2023-05-14T23:08:04.105717+00:00
[2023-05-14T23:08:04.142+0000] {processor.py:178} INFO - Processing /home/airflow/.local/lib/python3.7/site-packages/airflow/example_dags/example_short_circuit_decorator.py took 0.354 seconds
[2023-05-14T23:08:34.899+0000] {processor.py:156} INFO - Started process (PID=787) to work on /home/airflow/.local/lib/python3.7/site-packages/airflow/example_dags/example_short_circuit_decorator.py
[2023-05-14T23:08:34.900+0000] {processor.py:758} INFO - Processing file /home/airflow/.local/lib/python3.7/site-packages/airflow/example_dags/example_short_circuit_decorator.py for tasks to queue
[2023-05-14T23:08:34.900+0000] {logging_mixin.py:117} INFO - [2023-05-14T23:08:34.900+0000] {dagbag.py:525} INFO - Filling up the DagBag from /home/airflow/.local/lib/python3.7/site-packages/airflow/example_dags/example_short_circuit_decorator.py
[2023-05-14T23:08:34.922+0000] {processor.py:768} INFO - DAG(s) dict_keys(['example_short_circuit_decorator']) retrieved from /home/airflow/.local/lib/python3.7/site-packages/airflow/example_dags/example_short_circuit_decorator.py
[2023-05-14T23:08:34.958+0000] {logging_mixin.py:117} INFO - [2023-05-14T23:08:34.958+0000] {dag.py:2573} INFO - Sync 1 DAGs
[2023-05-14T23:08:35.097+0000] {logging_mixin.py:117} INFO - [2023-05-14T23:08:35.097+0000] {dag.py:3328} INFO - Setting next_dagrun for example_short_circuit_decorator to 2023-05-13T23:08:35.097342+00:00, run_after=2023-05-14T23:08:35.097342+00:00
[2023-05-14T23:08:35.117+0000] {processor.py:178} INFO - Processing /home/airflow/.local/lib/python3.7/site-packages/airflow/example_dags/example_short_circuit_decorator.py took 0.220 seconds
[2023-05-14T23:09:05.716+0000] {processor.py:156} INFO - Started process (PID=994) to work on /home/airflow/.local/lib/python3.7/site-packages/airflow/example_dags/example_short_circuit_decorator.py
[2023-05-14T23:09:05.716+0000] {processor.py:758} INFO - Processing file /home/airflow/.local/lib/python3.7/site-packages/airflow/example_dags/example_short_circuit_decorator.py for tasks to queue
[2023-05-14T23:09:05.717+0000] {logging_mixin.py:117} INFO - [2023-05-14T23:09:05.717+0000] {dagbag.py:525} INFO - Filling up the DagBag from /home/airflow/.local/lib/python3.7/site-packages/airflow/example_dags/example_short_circuit_decorator.py
[2023-05-14T23:09:05.744+0000] {processor.py:768} INFO - DAG(s) dict_keys(['example_short_circuit_decorator']) retrieved from /home/airflow/.local/lib/python3.7/site-packages/airflow/example_dags/example_short_circuit_decorator.py
[2023-05-14T23:09:05.907+0000] {logging_mixin.py:117} INFO - [2023-05-14T23:09:05.907+0000] {dag.py:2573} INFO - Sync 1 DAGs
[2023-05-14T23:09:05.932+0000] {logging_mixin.py:117} INFO - [2023-05-14T23:09:05.932+0000] {dag.py:3328} INFO - Setting next_dagrun for example_short_circuit_decorator to 2023-05-13T23:09:05.932524+00:00, run_after=2023-05-14T23:09:05.932524+00:00
[2023-05-14T23:09:05.951+0000] {processor.py:178} INFO - Processing /home/airflow/.local/lib/python3.7/site-packages/airflow/example_dags/example_short_circuit_decorator.py took 0.238 seconds
[2023-05-14T23:09:36.079+0000] {processor.py:156} INFO - Started process (PID=1193) to work on /home/airflow/.local/lib/python3.7/site-packages/airflow/example_dags/example_short_circuit_decorator.py
[2023-05-14T23:09:36.080+0000] {processor.py:758} INFO - Processing file /home/airflow/.local/lib/python3.7/site-packages/airflow/example_dags/example_short_circuit_decorator.py for tasks to queue
[2023-05-14T23:09:36.080+0000] {logging_mixin.py:117} INFO - [2023-05-14T23:09:36.080+0000] {dagbag.py:525} INFO - Filling up the DagBag from /home/airflow/.local/lib/python3.7/site-packages/airflow/example_dags/example_short_circuit_decorator.py
[2023-05-14T23:09:36.103+0000] {processor.py:768} INFO - DAG(s) dict_keys(['example_short_circuit_decorator']) retrieved from /home/airflow/.local/lib/python3.7/site-packages/airflow/example_dags/example_short_circuit_decorator.py
[2023-05-14T23:09:36.271+0000] {logging_mixin.py:117} INFO - [2023-05-14T23:09:36.271+0000] {dag.py:2573} INFO - Sync 1 DAGs
[2023-05-14T23:09:36.295+0000] {logging_mixin.py:117} INFO - [2023-05-14T23:09:36.295+0000] {dag.py:3328} INFO - Setting next_dagrun for example_short_circuit_decorator to 2023-05-13T23:09:36.294868+00:00, run_after=2023-05-14T23:09:36.294868+00:00
[2023-05-14T23:09:36.314+0000] {processor.py:178} INFO - Processing /home/airflow/.local/lib/python3.7/site-packages/airflow/example_dags/example_short_circuit_decorator.py took 0.238 seconds
[2023-05-14T23:10:06.481+0000] {processor.py:156} INFO - Started process (PID=1399) to work on /home/airflow/.local/lib/python3.7/site-packages/airflow/example_dags/example_short_circuit_decorator.py
[2023-05-14T23:10:06.482+0000] {processor.py:758} INFO - Processing file /home/airflow/.local/lib/python3.7/site-packages/airflow/example_dags/example_short_circuit_decorator.py for tasks to queue
[2023-05-14T23:10:06.483+0000] {logging_mixin.py:117} INFO - [2023-05-14T23:10:06.482+0000] {dagbag.py:525} INFO - Filling up the DagBag from /home/airflow/.local/lib/python3.7/site-packages/airflow/example_dags/example_short_circuit_decorator.py
[2023-05-14T23:10:06.614+0000] {processor.py:768} INFO - DAG(s) dict_keys(['example_short_circuit_decorator']) retrieved from /home/airflow/.local/lib/python3.7/site-packages/airflow/example_dags/example_short_circuit_decorator.py
[2023-05-14T23:10:06.648+0000] {logging_mixin.py:117} INFO - [2023-05-14T23:10:06.647+0000] {dag.py:2573} INFO - Sync 1 DAGs
[2023-05-14T23:10:06.669+0000] {logging_mixin.py:117} INFO - [2023-05-14T23:10:06.669+0000] {dag.py:3328} INFO - Setting next_dagrun for example_short_circuit_decorator to 2023-05-13T23:10:06.669108+00:00, run_after=2023-05-14T23:10:06.669108+00:00
[2023-05-14T23:10:06.687+0000] {processor.py:178} INFO - Processing /home/airflow/.local/lib/python3.7/site-packages/airflow/example_dags/example_short_circuit_decorator.py took 0.208 seconds
[2023-05-14T23:10:37.005+0000] {processor.py:156} INFO - Started process (PID=1604) to work on /home/airflow/.local/lib/python3.7/site-packages/airflow/example_dags/example_short_circuit_decorator.py
[2023-05-14T23:10:37.006+0000] {processor.py:758} INFO - Processing file /home/airflow/.local/lib/python3.7/site-packages/airflow/example_dags/example_short_circuit_decorator.py for tasks to queue
[2023-05-14T23:10:37.217+0000] {logging_mixin.py:117} INFO - [2023-05-14T23:10:37.217+0000] {dagbag.py:525} INFO - Filling up the DagBag from /home/airflow/.local/lib/python3.7/site-packages/airflow/example_dags/example_short_circuit_decorator.py
[2023-05-14T23:10:37.292+0000] {processor.py:768} INFO - DAG(s) dict_keys(['example_short_circuit_decorator']) retrieved from /home/airflow/.local/lib/python3.7/site-packages/airflow/example_dags/example_short_circuit_decorator.py
[2023-05-14T23:10:37.390+0000] {logging_mixin.py:117} INFO - [2023-05-14T23:10:37.390+0000] {dag.py:2573} INFO - Sync 1 DAGs
[2023-05-14T23:10:37.438+0000] {logging_mixin.py:117} INFO - [2023-05-14T23:10:37.438+0000] {dag.py:3328} INFO - Setting next_dagrun for example_short_circuit_decorator to 2023-05-13T23:10:37.438039+00:00, run_after=2023-05-14T23:10:37.438039+00:00
[2023-05-14T23:10:37.471+0000] {processor.py:178} INFO - Processing /home/airflow/.local/lib/python3.7/site-packages/airflow/example_dags/example_short_circuit_decorator.py took 0.471 seconds
[2023-05-14T23:11:08.403+0000] {processor.py:156} INFO - Started process (PID=1804) to work on /home/airflow/.local/lib/python3.7/site-packages/airflow/example_dags/example_short_circuit_decorator.py
[2023-05-14T23:11:08.404+0000] {processor.py:758} INFO - Processing file /home/airflow/.local/lib/python3.7/site-packages/airflow/example_dags/example_short_circuit_decorator.py for tasks to queue
[2023-05-14T23:11:08.406+0000] {logging_mixin.py:117} INFO - [2023-05-14T23:11:08.405+0000] {dagbag.py:525} INFO - Filling up the DagBag from /home/airflow/.local/lib/python3.7/site-packages/airflow/example_dags/example_short_circuit_decorator.py
[2023-05-14T23:11:08.474+0000] {processor.py:768} INFO - DAG(s) dict_keys(['example_short_circuit_decorator']) retrieved from /home/airflow/.local/lib/python3.7/site-packages/airflow/example_dags/example_short_circuit_decorator.py
[2023-05-14T23:11:08.562+0000] {logging_mixin.py:117} INFO - [2023-05-14T23:11:08.561+0000] {dag.py:2573} INFO - Sync 1 DAGs
[2023-05-14T23:11:08.617+0000] {logging_mixin.py:117} INFO - [2023-05-14T23:11:08.617+0000] {dag.py:3328} INFO - Setting next_dagrun for example_short_circuit_decorator to 2023-05-13T23:11:08.616987+00:00, run_after=2023-05-14T23:11:08.616987+00:00
[2023-05-14T23:11:08.665+0000] {processor.py:178} INFO - Processing /home/airflow/.local/lib/python3.7/site-packages/airflow/example_dags/example_short_circuit_decorator.py took 0.275 seconds
[2023-05-14T23:11:39.642+0000] {processor.py:156} INFO - Started process (PID=2011) to work on /home/airflow/.local/lib/python3.7/site-packages/airflow/example_dags/example_short_circuit_decorator.py
[2023-05-14T23:11:39.645+0000] {processor.py:758} INFO - Processing file /home/airflow/.local/lib/python3.7/site-packages/airflow/example_dags/example_short_circuit_decorator.py for tasks to queue
[2023-05-14T23:11:39.647+0000] {logging_mixin.py:117} INFO - [2023-05-14T23:11:39.646+0000] {dagbag.py:525} INFO - Filling up the DagBag from /home/airflow/.local/lib/python3.7/site-packages/airflow/example_dags/example_short_circuit_decorator.py
[2023-05-14T23:11:39.693+0000] {processor.py:768} INFO - DAG(s) dict_keys(['example_short_circuit_decorator']) retrieved from /home/airflow/.local/lib/python3.7/site-packages/airflow/example_dags/example_short_circuit_decorator.py
[2023-05-14T23:11:39.757+0000] {logging_mixin.py:117} INFO - [2023-05-14T23:11:39.756+0000] {dag.py:2573} INFO - Sync 1 DAGs
[2023-05-14T23:11:39.802+0000] {logging_mixin.py:117} INFO - [2023-05-14T23:11:39.802+0000] {dag.py:3328} INFO - Setting next_dagrun for example_short_circuit_decorator to 2023-05-13T23:11:39.802276+00:00, run_after=2023-05-14T23:11:39.802276+00:00
[2023-05-14T23:11:39.840+0000] {processor.py:178} INFO - Processing /home/airflow/.local/lib/python3.7/site-packages/airflow/example_dags/example_short_circuit_decorator.py took 0.212 seconds
[2023-05-14T23:12:10.056+0000] {processor.py:156} INFO - Started process (PID=2208) to work on /home/airflow/.local/lib/python3.7/site-packages/airflow/example_dags/example_short_circuit_decorator.py
[2023-05-14T23:12:10.060+0000] {processor.py:758} INFO - Processing file /home/airflow/.local/lib/python3.7/site-packages/airflow/example_dags/example_short_circuit_decorator.py for tasks to queue
[2023-05-14T23:12:10.066+0000] {logging_mixin.py:117} INFO - [2023-05-14T23:12:10.065+0000] {dagbag.py:525} INFO - Filling up the DagBag from /home/airflow/.local/lib/python3.7/site-packages/airflow/example_dags/example_short_circuit_decorator.py
[2023-05-14T23:12:10.129+0000] {processor.py:768} INFO - DAG(s) dict_keys(['example_short_circuit_decorator']) retrieved from /home/airflow/.local/lib/python3.7/site-packages/airflow/example_dags/example_short_circuit_decorator.py
[2023-05-14T23:12:10.189+0000] {logging_mixin.py:117} INFO - [2023-05-14T23:12:10.189+0000] {dag.py:2573} INFO - Sync 1 DAGs
[2023-05-14T23:12:10.225+0000] {logging_mixin.py:117} INFO - [2023-05-14T23:12:10.224+0000] {dag.py:3328} INFO - Setting next_dagrun for example_short_circuit_decorator to 2023-05-13T23:12:10.224758+00:00, run_after=2023-05-14T23:12:10.224758+00:00
[2023-05-14T23:12:10.255+0000] {processor.py:178} INFO - Processing /home/airflow/.local/lib/python3.7/site-packages/airflow/example_dags/example_short_circuit_decorator.py took 0.217 seconds
[2023-05-14T23:12:40.697+0000] {processor.py:156} INFO - Started process (PID=2413) to work on /home/airflow/.local/lib/python3.7/site-packages/airflow/example_dags/example_short_circuit_decorator.py
[2023-05-14T23:12:40.698+0000] {processor.py:758} INFO - Processing file /home/airflow/.local/lib/python3.7/site-packages/airflow/example_dags/example_short_circuit_decorator.py for tasks to queue
[2023-05-14T23:12:40.699+0000] {logging_mixin.py:117} INFO - [2023-05-14T23:12:40.698+0000] {dagbag.py:525} INFO - Filling up the DagBag from /home/airflow/.local/lib/python3.7/site-packages/airflow/example_dags/example_short_circuit_decorator.py
[2023-05-14T23:12:40.729+0000] {processor.py:768} INFO - DAG(s) dict_keys(['example_short_circuit_decorator']) retrieved from /home/airflow/.local/lib/python3.7/site-packages/airflow/example_dags/example_short_circuit_decorator.py
[2023-05-14T23:12:40.780+0000] {logging_mixin.py:117} INFO - [2023-05-14T23:12:40.779+0000] {dag.py:2573} INFO - Sync 1 DAGs
[2023-05-14T23:12:40.815+0000] {logging_mixin.py:117} INFO - [2023-05-14T23:12:40.815+0000] {dag.py:3328} INFO - Setting next_dagrun for example_short_circuit_decorator to 2023-05-13T23:12:40.815099+00:00, run_after=2023-05-14T23:12:40.815099+00:00
[2023-05-14T23:12:40.851+0000] {processor.py:178} INFO - Processing /home/airflow/.local/lib/python3.7/site-packages/airflow/example_dags/example_short_circuit_decorator.py took 0.159 seconds
[2023-05-14T23:13:11.019+0000] {processor.py:156} INFO - Started process (PID=2611) to work on /home/airflow/.local/lib/python3.7/site-packages/airflow/example_dags/example_short_circuit_decorator.py
[2023-05-14T23:13:11.021+0000] {processor.py:758} INFO - Processing file /home/airflow/.local/lib/python3.7/site-packages/airflow/example_dags/example_short_circuit_decorator.py for tasks to queue
[2023-05-14T23:13:11.022+0000] {logging_mixin.py:117} INFO - [2023-05-14T23:13:11.022+0000] {dagbag.py:525} INFO - Filling up the DagBag from /home/airflow/.local/lib/python3.7/site-packages/airflow/example_dags/example_short_circuit_decorator.py
[2023-05-14T23:13:11.089+0000] {processor.py:768} INFO - DAG(s) dict_keys(['example_short_circuit_decorator']) retrieved from /home/airflow/.local/lib/python3.7/site-packages/airflow/example_dags/example_short_circuit_decorator.py
[2023-05-14T23:13:11.316+0000] {logging_mixin.py:117} INFO - [2023-05-14T23:13:11.316+0000] {dag.py:2573} INFO - Sync 1 DAGs
[2023-05-14T23:13:11.433+0000] {logging_mixin.py:117} INFO - [2023-05-14T23:13:11.432+0000] {dag.py:3328} INFO - Setting next_dagrun for example_short_circuit_decorator to 2023-05-13T23:13:11.432513+00:00, run_after=2023-05-14T23:13:11.432513+00:00
[2023-05-14T23:13:11.471+0000] {processor.py:178} INFO - Processing /home/airflow/.local/lib/python3.7/site-packages/airflow/example_dags/example_short_circuit_decorator.py took 0.462 seconds
[2023-05-14T23:13:41.870+0000] {processor.py:156} INFO - Started process (PID=2818) to work on /home/airflow/.local/lib/python3.7/site-packages/airflow/example_dags/example_short_circuit_decorator.py
[2023-05-14T23:13:41.872+0000] {processor.py:758} INFO - Processing file /home/airflow/.local/lib/python3.7/site-packages/airflow/example_dags/example_short_circuit_decorator.py for tasks to queue
[2023-05-14T23:13:41.875+0000] {logging_mixin.py:117} INFO - [2023-05-14T23:13:41.875+0000] {dagbag.py:525} INFO - Filling up the DagBag from /home/airflow/.local/lib/python3.7/site-packages/airflow/example_dags/example_short_circuit_decorator.py
[2023-05-14T23:13:41.957+0000] {processor.py:768} INFO - DAG(s) dict_keys(['example_short_circuit_decorator']) retrieved from /home/airflow/.local/lib/python3.7/site-packages/airflow/example_dags/example_short_circuit_decorator.py
[2023-05-14T23:13:42.035+0000] {logging_mixin.py:117} INFO - [2023-05-14T23:13:42.035+0000] {dag.py:2573} INFO - Sync 1 DAGs
[2023-05-14T23:13:42.122+0000] {logging_mixin.py:117} INFO - [2023-05-14T23:13:42.121+0000] {dag.py:3328} INFO - Setting next_dagrun for example_short_circuit_decorator to 2023-05-13T23:13:42.121543+00:00, run_after=2023-05-14T23:13:42.121543+00:00
[2023-05-14T23:13:42.156+0000] {processor.py:178} INFO - Processing /home/airflow/.local/lib/python3.7/site-packages/airflow/example_dags/example_short_circuit_decorator.py took 0.304 seconds
[2023-05-14T23:14:12.402+0000] {processor.py:156} INFO - Started process (PID=3016) to work on /home/airflow/.local/lib/python3.7/site-packages/airflow/example_dags/example_short_circuit_decorator.py
[2023-05-14T23:14:12.406+0000] {processor.py:758} INFO - Processing file /home/airflow/.local/lib/python3.7/site-packages/airflow/example_dags/example_short_circuit_decorator.py for tasks to queue
[2023-05-14T23:14:12.409+0000] {logging_mixin.py:117} INFO - [2023-05-14T23:14:12.408+0000] {dagbag.py:525} INFO - Filling up the DagBag from /home/airflow/.local/lib/python3.7/site-packages/airflow/example_dags/example_short_circuit_decorator.py
[2023-05-14T23:14:12.495+0000] {processor.py:768} INFO - DAG(s) dict_keys(['example_short_circuit_decorator']) retrieved from /home/airflow/.local/lib/python3.7/site-packages/airflow/example_dags/example_short_circuit_decorator.py
[2023-05-14T23:14:12.584+0000] {logging_mixin.py:117} INFO - [2023-05-14T23:14:12.584+0000] {dag.py:2573} INFO - Sync 1 DAGs
[2023-05-14T23:14:12.643+0000] {logging_mixin.py:117} INFO - [2023-05-14T23:14:12.643+0000] {dag.py:3328} INFO - Setting next_dagrun for example_short_circuit_decorator to 2023-05-13T23:14:12.642813+00:00, run_after=2023-05-14T23:14:12.642813+00:00
[2023-05-14T23:14:12.681+0000] {processor.py:178} INFO - Processing /home/airflow/.local/lib/python3.7/site-packages/airflow/example_dags/example_short_circuit_decorator.py took 0.306 seconds
[2023-05-14T23:22:19.299+0000] {processor.py:156} INFO - Started process (PID=182) to work on /home/airflow/.local/lib/python3.7/site-packages/airflow/example_dags/example_short_circuit_decorator.py
[2023-05-14T23:22:19.300+0000] {processor.py:758} INFO - Processing file /home/airflow/.local/lib/python3.7/site-packages/airflow/example_dags/example_short_circuit_decorator.py for tasks to queue
[2023-05-14T23:22:19.301+0000] {logging_mixin.py:117} INFO - [2023-05-14T23:22:19.301+0000] {dagbag.py:525} INFO - Filling up the DagBag from /home/airflow/.local/lib/python3.7/site-packages/airflow/example_dags/example_short_circuit_decorator.py
[2023-05-14T23:22:19.342+0000] {processor.py:768} INFO - DAG(s) dict_keys(['example_short_circuit_decorator']) retrieved from /home/airflow/.local/lib/python3.7/site-packages/airflow/example_dags/example_short_circuit_decorator.py
[2023-05-14T23:22:19.380+0000] {logging_mixin.py:117} INFO - [2023-05-14T23:22:19.380+0000] {dag.py:2573} INFO - Sync 1 DAGs
[2023-05-14T23:22:19.418+0000] {logging_mixin.py:117} INFO - [2023-05-14T23:22:19.418+0000] {dag.py:3328} INFO - Setting next_dagrun for example_short_circuit_decorator to 2023-05-13T23:22:19.418228+00:00, run_after=2023-05-14T23:22:19.418228+00:00
[2023-05-14T23:22:19.447+0000] {processor.py:178} INFO - Processing /home/airflow/.local/lib/python3.7/site-packages/airflow/example_dags/example_short_circuit_decorator.py took 0.152 seconds
[2023-05-14T23:22:50.074+0000] {processor.py:156} INFO - Started process (PID=383) to work on /home/airflow/.local/lib/python3.7/site-packages/airflow/example_dags/example_short_circuit_decorator.py
[2023-05-14T23:22:50.075+0000] {processor.py:758} INFO - Processing file /home/airflow/.local/lib/python3.7/site-packages/airflow/example_dags/example_short_circuit_decorator.py for tasks to queue
[2023-05-14T23:22:50.075+0000] {logging_mixin.py:117} INFO - [2023-05-14T23:22:50.075+0000] {dagbag.py:525} INFO - Filling up the DagBag from /home/airflow/.local/lib/python3.7/site-packages/airflow/example_dags/example_short_circuit_decorator.py
[2023-05-14T23:22:50.099+0000] {processor.py:768} INFO - DAG(s) dict_keys(['example_short_circuit_decorator']) retrieved from /home/airflow/.local/lib/python3.7/site-packages/airflow/example_dags/example_short_circuit_decorator.py
[2023-05-14T23:22:50.122+0000] {logging_mixin.py:117} INFO - [2023-05-14T23:22:50.122+0000] {dag.py:2573} INFO - Sync 1 DAGs
[2023-05-14T23:22:50.145+0000] {logging_mixin.py:117} INFO - [2023-05-14T23:22:50.145+0000] {dag.py:3328} INFO - Setting next_dagrun for example_short_circuit_decorator to 2023-05-13T23:22:50.145414+00:00, run_after=2023-05-14T23:22:50.145414+00:00
[2023-05-14T23:22:50.163+0000] {processor.py:178} INFO - Processing /home/airflow/.local/lib/python3.7/site-packages/airflow/example_dags/example_short_circuit_decorator.py took 0.092 seconds
[2023-05-14T23:23:21.525+0000] {processor.py:156} INFO - Started process (PID=588) to work on /home/airflow/.local/lib/python3.7/site-packages/airflow/example_dags/example_short_circuit_decorator.py
[2023-05-14T23:23:21.527+0000] {processor.py:758} INFO - Processing file /home/airflow/.local/lib/python3.7/site-packages/airflow/example_dags/example_short_circuit_decorator.py for tasks to queue
[2023-05-14T23:23:21.528+0000] {logging_mixin.py:117} INFO - [2023-05-14T23:23:21.528+0000] {dagbag.py:525} INFO - Filling up the DagBag from /home/airflow/.local/lib/python3.7/site-packages/airflow/example_dags/example_short_circuit_decorator.py
[2023-05-14T23:23:21.586+0000] {processor.py:768} INFO - DAG(s) dict_keys(['example_short_circuit_decorator']) retrieved from /home/airflow/.local/lib/python3.7/site-packages/airflow/example_dags/example_short_circuit_decorator.py
[2023-05-14T23:23:21.674+0000] {logging_mixin.py:117} INFO - [2023-05-14T23:23:21.674+0000] {dag.py:2573} INFO - Sync 1 DAGs
[2023-05-14T23:23:21.999+0000] {logging_mixin.py:117} INFO - [2023-05-14T23:23:21.998+0000] {dag.py:3328} INFO - Setting next_dagrun for example_short_circuit_decorator to 2023-05-13T23:23:21.998509+00:00, run_after=2023-05-14T23:23:21.998509+00:00
[2023-05-14T23:23:22.051+0000] {processor.py:178} INFO - Processing /home/airflow/.local/lib/python3.7/site-packages/airflow/example_dags/example_short_circuit_decorator.py took 0.532 seconds
[2023-05-14T23:23:52.794+0000] {processor.py:156} INFO - Started process (PID=788) to work on /home/airflow/.local/lib/python3.7/site-packages/airflow/example_dags/example_short_circuit_decorator.py
[2023-05-14T23:23:52.797+0000] {processor.py:758} INFO - Processing file /home/airflow/.local/lib/python3.7/site-packages/airflow/example_dags/example_short_circuit_decorator.py for tasks to queue
[2023-05-14T23:23:52.803+0000] {logging_mixin.py:117} INFO - [2023-05-14T23:23:52.802+0000] {dagbag.py:525} INFO - Filling up the DagBag from /home/airflow/.local/lib/python3.7/site-packages/airflow/example_dags/example_short_circuit_decorator.py
[2023-05-14T23:23:52.887+0000] {processor.py:768} INFO - DAG(s) dict_keys(['example_short_circuit_decorator']) retrieved from /home/airflow/.local/lib/python3.7/site-packages/airflow/example_dags/example_short_circuit_decorator.py
[2023-05-14T23:23:53.104+0000] {logging_mixin.py:117} INFO - [2023-05-14T23:23:53.102+0000] {dag.py:2573} INFO - Sync 1 DAGs
[2023-05-14T23:23:53.605+0000] {logging_mixin.py:117} INFO - [2023-05-14T23:23:53.605+0000] {dag.py:3328} INFO - Setting next_dagrun for example_short_circuit_decorator to 2023-05-13T23:23:53.605055+00:00, run_after=2023-05-14T23:23:53.605055+00:00
[2023-05-14T23:23:53.712+0000] {processor.py:178} INFO - Processing /home/airflow/.local/lib/python3.7/site-packages/airflow/example_dags/example_short_circuit_decorator.py took 0.936 seconds
[2023-05-14T23:24:24.745+0000] {processor.py:156} INFO - Started process (PID=995) to work on /home/airflow/.local/lib/python3.7/site-packages/airflow/example_dags/example_short_circuit_decorator.py
[2023-05-14T23:24:24.748+0000] {processor.py:758} INFO - Processing file /home/airflow/.local/lib/python3.7/site-packages/airflow/example_dags/example_short_circuit_decorator.py for tasks to queue
[2023-05-14T23:24:24.750+0000] {logging_mixin.py:117} INFO - [2023-05-14T23:24:24.749+0000] {dagbag.py:525} INFO - Filling up the DagBag from /home/airflow/.local/lib/python3.7/site-packages/airflow/example_dags/example_short_circuit_decorator.py
[2023-05-14T23:24:24.822+0000] {processor.py:768} INFO - DAG(s) dict_keys(['example_short_circuit_decorator']) retrieved from /home/airflow/.local/lib/python3.7/site-packages/airflow/example_dags/example_short_circuit_decorator.py
[2023-05-14T23:24:25.193+0000] {logging_mixin.py:117} INFO - [2023-05-14T23:24:25.193+0000] {dag.py:2573} INFO - Sync 1 DAGs
[2023-05-14T23:24:25.248+0000] {logging_mixin.py:117} INFO - [2023-05-14T23:24:25.248+0000] {dag.py:3328} INFO - Setting next_dagrun for example_short_circuit_decorator to 2023-05-13T23:24:25.247694+00:00, run_after=2023-05-14T23:24:25.247694+00:00
[2023-05-14T23:24:25.294+0000] {processor.py:178} INFO - Processing /home/airflow/.local/lib/python3.7/site-packages/airflow/example_dags/example_short_circuit_decorator.py took 0.560 seconds
[2023-05-14T23:24:55.824+0000] {processor.py:156} INFO - Started process (PID=1193) to work on /home/airflow/.local/lib/python3.7/site-packages/airflow/example_dags/example_short_circuit_decorator.py
[2023-05-14T23:24:55.827+0000] {processor.py:758} INFO - Processing file /home/airflow/.local/lib/python3.7/site-packages/airflow/example_dags/example_short_circuit_decorator.py for tasks to queue
[2023-05-14T23:24:55.830+0000] {logging_mixin.py:117} INFO - [2023-05-14T23:24:55.829+0000] {dagbag.py:525} INFO - Filling up the DagBag from /home/airflow/.local/lib/python3.7/site-packages/airflow/example_dags/example_short_circuit_decorator.py
[2023-05-14T23:24:55.876+0000] {processor.py:768} INFO - DAG(s) dict_keys(['example_short_circuit_decorator']) retrieved from /home/airflow/.local/lib/python3.7/site-packages/airflow/example_dags/example_short_circuit_decorator.py
[2023-05-14T23:24:56.132+0000] {logging_mixin.py:117} INFO - [2023-05-14T23:24:56.132+0000] {dag.py:2573} INFO - Sync 1 DAGs
[2023-05-14T23:24:56.175+0000] {logging_mixin.py:117} INFO - [2023-05-14T23:24:56.175+0000] {dag.py:3328} INFO - Setting next_dagrun for example_short_circuit_decorator to 2023-05-13T23:24:56.174828+00:00, run_after=2023-05-14T23:24:56.174828+00:00
[2023-05-14T23:24:56.206+0000] {processor.py:178} INFO - Processing /home/airflow/.local/lib/python3.7/site-packages/airflow/example_dags/example_short_circuit_decorator.py took 0.406 seconds
[2023-05-14T23:25:26.459+0000] {processor.py:156} INFO - Started process (PID=1399) to work on /home/airflow/.local/lib/python3.7/site-packages/airflow/example_dags/example_short_circuit_decorator.py
[2023-05-14T23:25:26.468+0000] {processor.py:758} INFO - Processing file /home/airflow/.local/lib/python3.7/site-packages/airflow/example_dags/example_short_circuit_decorator.py for tasks to queue
[2023-05-14T23:25:26.469+0000] {logging_mixin.py:117} INFO - [2023-05-14T23:25:26.469+0000] {dagbag.py:525} INFO - Filling up the DagBag from /home/airflow/.local/lib/python3.7/site-packages/airflow/example_dags/example_short_circuit_decorator.py
[2023-05-14T23:25:26.773+0000] {processor.py:768} INFO - DAG(s) dict_keys(['example_short_circuit_decorator']) retrieved from /home/airflow/.local/lib/python3.7/site-packages/airflow/example_dags/example_short_circuit_decorator.py
[2023-05-14T23:25:26.840+0000] {logging_mixin.py:117} INFO - [2023-05-14T23:25:26.840+0000] {dag.py:2573} INFO - Sync 1 DAGs
[2023-05-14T23:25:26.879+0000] {logging_mixin.py:117} INFO - [2023-05-14T23:25:26.879+0000] {dag.py:3328} INFO - Setting next_dagrun for example_short_circuit_decorator to 2023-05-13T23:25:26.879223+00:00, run_after=2023-05-14T23:25:26.879223+00:00
[2023-05-14T23:25:26.909+0000] {processor.py:178} INFO - Processing /home/airflow/.local/lib/python3.7/site-packages/airflow/example_dags/example_short_circuit_decorator.py took 0.461 seconds
[2023-05-14T23:25:57.039+0000] {processor.py:156} INFO - Started process (PID=1597) to work on /home/airflow/.local/lib/python3.7/site-packages/airflow/example_dags/example_short_circuit_decorator.py
[2023-05-14T23:25:57.041+0000] {processor.py:758} INFO - Processing file /home/airflow/.local/lib/python3.7/site-packages/airflow/example_dags/example_short_circuit_decorator.py for tasks to queue
[2023-05-14T23:25:57.043+0000] {logging_mixin.py:117} INFO - [2023-05-14T23:25:57.043+0000] {dagbag.py:525} INFO - Filling up the DagBag from /home/airflow/.local/lib/python3.7/site-packages/airflow/example_dags/example_short_circuit_decorator.py
[2023-05-14T23:25:57.291+0000] {processor.py:768} INFO - DAG(s) dict_keys(['example_short_circuit_decorator']) retrieved from /home/airflow/.local/lib/python3.7/site-packages/airflow/example_dags/example_short_circuit_decorator.py
[2023-05-14T23:25:57.347+0000] {logging_mixin.py:117} INFO - [2023-05-14T23:25:57.346+0000] {dag.py:2573} INFO - Sync 1 DAGs
[2023-05-14T23:25:57.381+0000] {logging_mixin.py:117} INFO - [2023-05-14T23:25:57.381+0000] {dag.py:3328} INFO - Setting next_dagrun for example_short_circuit_decorator to 2023-05-13T23:25:57.380791+00:00, run_after=2023-05-14T23:25:57.380791+00:00
[2023-05-14T23:25:57.412+0000] {processor.py:178} INFO - Processing /home/airflow/.local/lib/python3.7/site-packages/airflow/example_dags/example_short_circuit_decorator.py took 0.389 seconds
[2023-05-14T23:26:28.235+0000] {processor.py:156} INFO - Started process (PID=1804) to work on /home/airflow/.local/lib/python3.7/site-packages/airflow/example_dags/example_short_circuit_decorator.py
[2023-05-14T23:26:28.237+0000] {processor.py:758} INFO - Processing file /home/airflow/.local/lib/python3.7/site-packages/airflow/example_dags/example_short_circuit_decorator.py for tasks to queue
[2023-05-14T23:26:28.238+0000] {logging_mixin.py:117} INFO - [2023-05-14T23:26:28.238+0000] {dagbag.py:525} INFO - Filling up the DagBag from /home/airflow/.local/lib/python3.7/site-packages/airflow/example_dags/example_short_circuit_decorator.py
[2023-05-14T23:26:28.288+0000] {processor.py:768} INFO - DAG(s) dict_keys(['example_short_circuit_decorator']) retrieved from /home/airflow/.local/lib/python3.7/site-packages/airflow/example_dags/example_short_circuit_decorator.py
[2023-05-14T23:26:28.349+0000] {logging_mixin.py:117} INFO - [2023-05-14T23:26:28.349+0000] {dag.py:2573} INFO - Sync 1 DAGs
[2023-05-14T23:26:28.385+0000] {logging_mixin.py:117} INFO - [2023-05-14T23:26:28.385+0000] {dag.py:3328} INFO - Setting next_dagrun for example_short_circuit_decorator to 2023-05-13T23:26:28.384880+00:00, run_after=2023-05-14T23:26:28.384880+00:00
[2023-05-14T23:26:28.412+0000] {processor.py:178} INFO - Processing /home/airflow/.local/lib/python3.7/site-packages/airflow/example_dags/example_short_circuit_decorator.py took 0.186 seconds
