[2023-05-14T23:07:05.187+0000] {processor.py:156} INFO - Started process (PID=268) to work on /home/airflow/.local/lib/python3.7/site-packages/airflow/example_dags/example_branch_day_of_week_operator.py
[2023-05-14T23:07:05.188+0000] {processor.py:758} INFO - Processing file /home/airflow/.local/lib/python3.7/site-packages/airflow/example_dags/example_branch_day_of_week_operator.py for tasks to queue
[2023-05-14T23:07:05.189+0000] {logging_mixin.py:117} INFO - [2023-05-14T23:07:05.188+0000] {dagbag.py:525} INFO - Filling up the DagBag from /home/airflow/.local/lib/python3.7/site-packages/airflow/example_dags/example_branch_day_of_week_operator.py
[2023-05-14T23:07:05.240+0000] {processor.py:768} INFO - DAG(s) dict_keys(['example_weekday_branch_operator']) retrieved from /home/airflow/.local/lib/python3.7/site-packages/airflow/example_dags/example_branch_day_of_week_operator.py
[2023-05-14T23:07:05.301+0000] {logging_mixin.py:117} INFO - [2023-05-14T23:07:05.301+0000] {dag.py:2573} INFO - Sync 1 DAGs
[2023-05-14T23:07:05.422+0000] {logging_mixin.py:117} INFO - [2023-05-14T23:07:05.422+0000] {dag.py:3328} INFO - Setting next_dagrun for example_weekday_branch_operator to 2023-05-13T00:00:00+00:00, run_after=2023-05-14T00:00:00+00:00
[2023-05-14T23:07:05.480+0000] {processor.py:178} INFO - Processing /home/airflow/.local/lib/python3.7/site-packages/airflow/example_dags/example_branch_day_of_week_operator.py took 0.297 seconds
[2023-05-14T23:07:35.887+0000] {processor.py:156} INFO - Started process (PID=466) to work on /home/airflow/.local/lib/python3.7/site-packages/airflow/example_dags/example_branch_day_of_week_operator.py
[2023-05-14T23:07:35.888+0000] {processor.py:758} INFO - Processing file /home/airflow/.local/lib/python3.7/site-packages/airflow/example_dags/example_branch_day_of_week_operator.py for tasks to queue
[2023-05-14T23:07:35.888+0000] {logging_mixin.py:117} INFO - [2023-05-14T23:07:35.888+0000] {dagbag.py:525} INFO - Filling up the DagBag from /home/airflow/.local/lib/python3.7/site-packages/airflow/example_dags/example_branch_day_of_week_operator.py
[2023-05-14T23:07:35.906+0000] {processor.py:768} INFO - DAG(s) dict_keys(['example_weekday_branch_operator']) retrieved from /home/airflow/.local/lib/python3.7/site-packages/airflow/example_dags/example_branch_day_of_week_operator.py
[2023-05-14T23:07:35.955+0000] {logging_mixin.py:117} INFO - [2023-05-14T23:07:35.955+0000] {dag.py:2573} INFO - Sync 1 DAGs
[2023-05-14T23:07:35.986+0000] {logging_mixin.py:117} INFO - [2023-05-14T23:07:35.986+0000] {dag.py:3328} INFO - Setting next_dagrun for example_weekday_branch_operator to 2023-05-13T00:00:00+00:00, run_after=2023-05-14T00:00:00+00:00
[2023-05-14T23:07:36.006+0000] {processor.py:178} INFO - Processing /home/airflow/.local/lib/python3.7/site-packages/airflow/example_dags/example_branch_day_of_week_operator.py took 0.123 seconds
[2023-05-14T23:08:07.422+0000] {processor.py:156} INFO - Started process (PID=674) to work on /home/airflow/.local/lib/python3.7/site-packages/airflow/example_dags/example_branch_day_of_week_operator.py
[2023-05-14T23:08:07.423+0000] {processor.py:758} INFO - Processing file /home/airflow/.local/lib/python3.7/site-packages/airflow/example_dags/example_branch_day_of_week_operator.py for tasks to queue
[2023-05-14T23:08:07.424+0000] {logging_mixin.py:117} INFO - [2023-05-14T23:08:07.424+0000] {dagbag.py:525} INFO - Filling up the DagBag from /home/airflow/.local/lib/python3.7/site-packages/airflow/example_dags/example_branch_day_of_week_operator.py
[2023-05-14T23:08:07.463+0000] {processor.py:768} INFO - DAG(s) dict_keys(['example_weekday_branch_operator']) retrieved from /home/airflow/.local/lib/python3.7/site-packages/airflow/example_dags/example_branch_day_of_week_operator.py
[2023-05-14T23:08:07.541+0000] {logging_mixin.py:117} INFO - [2023-05-14T23:08:07.541+0000] {dag.py:2573} INFO - Sync 1 DAGs
[2023-05-14T23:08:07.588+0000] {logging_mixin.py:117} INFO - [2023-05-14T23:08:07.588+0000] {dag.py:3328} INFO - Setting next_dagrun for example_weekday_branch_operator to 2023-05-13T00:00:00+00:00, run_after=2023-05-14T00:00:00+00:00
[2023-05-14T23:08:07.756+0000] {processor.py:178} INFO - Processing /home/airflow/.local/lib/python3.7/site-packages/airflow/example_dags/example_branch_day_of_week_operator.py took 0.339 seconds
[2023-05-14T23:08:38.044+0000] {processor.py:156} INFO - Started process (PID=870) to work on /home/airflow/.local/lib/python3.7/site-packages/airflow/example_dags/example_branch_day_of_week_operator.py
[2023-05-14T23:08:38.046+0000] {processor.py:758} INFO - Processing file /home/airflow/.local/lib/python3.7/site-packages/airflow/example_dags/example_branch_day_of_week_operator.py for tasks to queue
[2023-05-14T23:08:38.047+0000] {logging_mixin.py:117} INFO - [2023-05-14T23:08:38.047+0000] {dagbag.py:525} INFO - Filling up the DagBag from /home/airflow/.local/lib/python3.7/site-packages/airflow/example_dags/example_branch_day_of_week_operator.py
[2023-05-14T23:08:38.080+0000] {processor.py:768} INFO - DAG(s) dict_keys(['example_weekday_branch_operator']) retrieved from /home/airflow/.local/lib/python3.7/site-packages/airflow/example_dags/example_branch_day_of_week_operator.py
[2023-05-14T23:08:38.144+0000] {logging_mixin.py:117} INFO - [2023-05-14T23:08:38.144+0000] {dag.py:2573} INFO - Sync 1 DAGs
[2023-05-14T23:08:38.361+0000] {logging_mixin.py:117} INFO - [2023-05-14T23:08:38.360+0000] {dag.py:3328} INFO - Setting next_dagrun for example_weekday_branch_operator to 2023-05-13T00:00:00+00:00, run_after=2023-05-14T00:00:00+00:00
[2023-05-14T23:08:38.394+0000] {processor.py:178} INFO - Processing /home/airflow/.local/lib/python3.7/site-packages/airflow/example_dags/example_branch_day_of_week_operator.py took 0.356 seconds
[2023-05-14T23:09:08.787+0000] {processor.py:156} INFO - Started process (PID=1077) to work on /home/airflow/.local/lib/python3.7/site-packages/airflow/example_dags/example_branch_day_of_week_operator.py
[2023-05-14T23:09:08.788+0000] {processor.py:758} INFO - Processing file /home/airflow/.local/lib/python3.7/site-packages/airflow/example_dags/example_branch_day_of_week_operator.py for tasks to queue
[2023-05-14T23:09:08.790+0000] {logging_mixin.py:117} INFO - [2023-05-14T23:09:08.790+0000] {dagbag.py:525} INFO - Filling up the DagBag from /home/airflow/.local/lib/python3.7/site-packages/airflow/example_dags/example_branch_day_of_week_operator.py
[2023-05-14T23:09:08.820+0000] {processor.py:768} INFO - DAG(s) dict_keys(['example_weekday_branch_operator']) retrieved from /home/airflow/.local/lib/python3.7/site-packages/airflow/example_dags/example_branch_day_of_week_operator.py
[2023-05-14T23:09:09.009+0000] {logging_mixin.py:117} INFO - [2023-05-14T23:09:09.009+0000] {dag.py:2573} INFO - Sync 1 DAGs
[2023-05-14T23:09:09.035+0000] {logging_mixin.py:117} INFO - [2023-05-14T23:09:09.035+0000] {dag.py:3328} INFO - Setting next_dagrun for example_weekday_branch_operator to 2023-05-13T00:00:00+00:00, run_after=2023-05-14T00:00:00+00:00
[2023-05-14T23:09:09.060+0000] {processor.py:178} INFO - Processing /home/airflow/.local/lib/python3.7/site-packages/airflow/example_dags/example_branch_day_of_week_operator.py took 0.278 seconds
[2023-05-14T23:09:39.572+0000] {processor.py:156} INFO - Started process (PID=1285) to work on /home/airflow/.local/lib/python3.7/site-packages/airflow/example_dags/example_branch_day_of_week_operator.py
[2023-05-14T23:09:39.573+0000] {processor.py:758} INFO - Processing file /home/airflow/.local/lib/python3.7/site-packages/airflow/example_dags/example_branch_day_of_week_operator.py for tasks to queue
[2023-05-14T23:09:39.575+0000] {logging_mixin.py:117} INFO - [2023-05-14T23:09:39.575+0000] {dagbag.py:525} INFO - Filling up the DagBag from /home/airflow/.local/lib/python3.7/site-packages/airflow/example_dags/example_branch_day_of_week_operator.py
[2023-05-14T23:09:39.591+0000] {processor.py:768} INFO - DAG(s) dict_keys(['example_weekday_branch_operator']) retrieved from /home/airflow/.local/lib/python3.7/site-packages/airflow/example_dags/example_branch_day_of_week_operator.py
[2023-05-14T23:09:39.766+0000] {logging_mixin.py:117} INFO - [2023-05-14T23:09:39.766+0000] {dag.py:2573} INFO - Sync 1 DAGs
[2023-05-14T23:09:39.807+0000] {logging_mixin.py:117} INFO - [2023-05-14T23:09:39.807+0000] {dag.py:3328} INFO - Setting next_dagrun for example_weekday_branch_operator to 2023-05-13T00:00:00+00:00, run_after=2023-05-14T00:00:00+00:00
[2023-05-14T23:09:39.831+0000] {processor.py:178} INFO - Processing /home/airflow/.local/lib/python3.7/site-packages/airflow/example_dags/example_branch_day_of_week_operator.py took 0.262 seconds
[2023-05-14T23:10:09.885+0000] {processor.py:156} INFO - Started process (PID=1482) to work on /home/airflow/.local/lib/python3.7/site-packages/airflow/example_dags/example_branch_day_of_week_operator.py
[2023-05-14T23:10:09.886+0000] {processor.py:758} INFO - Processing file /home/airflow/.local/lib/python3.7/site-packages/airflow/example_dags/example_branch_day_of_week_operator.py for tasks to queue
[2023-05-14T23:10:09.886+0000] {logging_mixin.py:117} INFO - [2023-05-14T23:10:09.886+0000] {dagbag.py:525} INFO - Filling up the DagBag from /home/airflow/.local/lib/python3.7/site-packages/airflow/example_dags/example_branch_day_of_week_operator.py
[2023-05-14T23:10:10.030+0000] {processor.py:768} INFO - DAG(s) dict_keys(['example_weekday_branch_operator']) retrieved from /home/airflow/.local/lib/python3.7/site-packages/airflow/example_dags/example_branch_day_of_week_operator.py
[2023-05-14T23:10:10.069+0000] {logging_mixin.py:117} INFO - [2023-05-14T23:10:10.069+0000] {dag.py:2573} INFO - Sync 1 DAGs
[2023-05-14T23:10:10.093+0000] {logging_mixin.py:117} INFO - [2023-05-14T23:10:10.093+0000] {dag.py:3328} INFO - Setting next_dagrun for example_weekday_branch_operator to 2023-05-13T00:00:00+00:00, run_after=2023-05-14T00:00:00+00:00
[2023-05-14T23:10:10.118+0000] {processor.py:178} INFO - Processing /home/airflow/.local/lib/python3.7/site-packages/airflow/example_dags/example_branch_day_of_week_operator.py took 0.235 seconds
[2023-05-14T23:10:40.922+0000] {processor.py:156} INFO - Started process (PID=1689) to work on /home/airflow/.local/lib/python3.7/site-packages/airflow/example_dags/example_branch_day_of_week_operator.py
[2023-05-14T23:10:40.923+0000] {processor.py:758} INFO - Processing file /home/airflow/.local/lib/python3.7/site-packages/airflow/example_dags/example_branch_day_of_week_operator.py for tasks to queue
[2023-05-14T23:10:40.925+0000] {logging_mixin.py:117} INFO - [2023-05-14T23:10:40.924+0000] {dagbag.py:525} INFO - Filling up the DagBag from /home/airflow/.local/lib/python3.7/site-packages/airflow/example_dags/example_branch_day_of_week_operator.py
[2023-05-14T23:10:40.948+0000] {processor.py:768} INFO - DAG(s) dict_keys(['example_weekday_branch_operator']) retrieved from /home/airflow/.local/lib/python3.7/site-packages/airflow/example_dags/example_branch_day_of_week_operator.py
[2023-05-14T23:10:41.002+0000] {logging_mixin.py:117} INFO - [2023-05-14T23:10:41.001+0000] {dag.py:2573} INFO - Sync 1 DAGs
[2023-05-14T23:10:41.042+0000] {logging_mixin.py:117} INFO - [2023-05-14T23:10:41.042+0000] {dag.py:3328} INFO - Setting next_dagrun for example_weekday_branch_operator to 2023-05-13T00:00:00+00:00, run_after=2023-05-14T00:00:00+00:00
[2023-05-14T23:10:41.068+0000] {processor.py:178} INFO - Processing /home/airflow/.local/lib/python3.7/site-packages/airflow/example_dags/example_branch_day_of_week_operator.py took 0.150 seconds
[2023-05-14T23:11:11.769+0000] {processor.py:156} INFO - Started process (PID=1894) to work on /home/airflow/.local/lib/python3.7/site-packages/airflow/example_dags/example_branch_day_of_week_operator.py
[2023-05-14T23:11:11.769+0000] {processor.py:758} INFO - Processing file /home/airflow/.local/lib/python3.7/site-packages/airflow/example_dags/example_branch_day_of_week_operator.py for tasks to queue
[2023-05-14T23:11:11.770+0000] {logging_mixin.py:117} INFO - [2023-05-14T23:11:11.770+0000] {dagbag.py:525} INFO - Filling up the DagBag from /home/airflow/.local/lib/python3.7/site-packages/airflow/example_dags/example_branch_day_of_week_operator.py
[2023-05-14T23:11:11.797+0000] {processor.py:768} INFO - DAG(s) dict_keys(['example_weekday_branch_operator']) retrieved from /home/airflow/.local/lib/python3.7/site-packages/airflow/example_dags/example_branch_day_of_week_operator.py
[2023-05-14T23:11:11.878+0000] {logging_mixin.py:117} INFO - [2023-05-14T23:11:11.878+0000] {dag.py:2573} INFO - Sync 1 DAGs
[2023-05-14T23:11:11.928+0000] {logging_mixin.py:117} INFO - [2023-05-14T23:11:11.928+0000] {dag.py:3328} INFO - Setting next_dagrun for example_weekday_branch_operator to 2023-05-13T00:00:00+00:00, run_after=2023-05-14T00:00:00+00:00
[2023-05-14T23:11:11.968+0000] {processor.py:178} INFO - Processing /home/airflow/.local/lib/python3.7/site-packages/airflow/example_dags/example_branch_day_of_week_operator.py took 0.203 seconds
[2023-05-14T23:11:42.801+0000] {processor.py:156} INFO - Started process (PID=2094) to work on /home/airflow/.local/lib/python3.7/site-packages/airflow/example_dags/example_branch_day_of_week_operator.py
[2023-05-14T23:11:42.802+0000] {processor.py:758} INFO - Processing file /home/airflow/.local/lib/python3.7/site-packages/airflow/example_dags/example_branch_day_of_week_operator.py for tasks to queue
[2023-05-14T23:11:42.803+0000] {logging_mixin.py:117} INFO - [2023-05-14T23:11:42.803+0000] {dagbag.py:525} INFO - Filling up the DagBag from /home/airflow/.local/lib/python3.7/site-packages/airflow/example_dags/example_branch_day_of_week_operator.py
[2023-05-14T23:11:42.834+0000] {processor.py:768} INFO - DAG(s) dict_keys(['example_weekday_branch_operator']) retrieved from /home/airflow/.local/lib/python3.7/site-packages/airflow/example_dags/example_branch_day_of_week_operator.py
[2023-05-14T23:11:42.916+0000] {logging_mixin.py:117} INFO - [2023-05-14T23:11:42.916+0000] {dag.py:2573} INFO - Sync 1 DAGs
[2023-05-14T23:11:42.984+0000] {logging_mixin.py:117} INFO - [2023-05-14T23:11:42.984+0000] {dag.py:3328} INFO - Setting next_dagrun for example_weekday_branch_operator to 2023-05-13T00:00:00+00:00, run_after=2023-05-14T00:00:00+00:00
[2023-05-14T23:11:43.028+0000] {processor.py:178} INFO - Processing /home/airflow/.local/lib/python3.7/site-packages/airflow/example_dags/example_branch_day_of_week_operator.py took 0.230 seconds
[2023-05-14T23:12:13.364+0000] {processor.py:156} INFO - Started process (PID=2299) to work on /home/airflow/.local/lib/python3.7/site-packages/airflow/example_dags/example_branch_day_of_week_operator.py
[2023-05-14T23:12:13.365+0000] {processor.py:758} INFO - Processing file /home/airflow/.local/lib/python3.7/site-packages/airflow/example_dags/example_branch_day_of_week_operator.py for tasks to queue
[2023-05-14T23:12:13.366+0000] {logging_mixin.py:117} INFO - [2023-05-14T23:12:13.366+0000] {dagbag.py:525} INFO - Filling up the DagBag from /home/airflow/.local/lib/python3.7/site-packages/airflow/example_dags/example_branch_day_of_week_operator.py
[2023-05-14T23:12:13.398+0000] {processor.py:768} INFO - DAG(s) dict_keys(['example_weekday_branch_operator']) retrieved from /home/airflow/.local/lib/python3.7/site-packages/airflow/example_dags/example_branch_day_of_week_operator.py
[2023-05-14T23:12:13.467+0000] {logging_mixin.py:117} INFO - [2023-05-14T23:12:13.466+0000] {dag.py:2573} INFO - Sync 1 DAGs
[2023-05-14T23:12:13.515+0000] {logging_mixin.py:117} INFO - [2023-05-14T23:12:13.515+0000] {dag.py:3328} INFO - Setting next_dagrun for example_weekday_branch_operator to 2023-05-13T00:00:00+00:00, run_after=2023-05-14T00:00:00+00:00
[2023-05-14T23:12:13.555+0000] {processor.py:178} INFO - Processing /home/airflow/.local/lib/python3.7/site-packages/airflow/example_dags/example_branch_day_of_week_operator.py took 0.200 seconds
[2023-05-14T23:12:44.115+0000] {processor.py:156} INFO - Started process (PID=2496) to work on /home/airflow/.local/lib/python3.7/site-packages/airflow/example_dags/example_branch_day_of_week_operator.py
[2023-05-14T23:12:44.118+0000] {processor.py:758} INFO - Processing file /home/airflow/.local/lib/python3.7/site-packages/airflow/example_dags/example_branch_day_of_week_operator.py for tasks to queue
[2023-05-14T23:12:44.121+0000] {logging_mixin.py:117} INFO - [2023-05-14T23:12:44.120+0000] {dagbag.py:525} INFO - Filling up the DagBag from /home/airflow/.local/lib/python3.7/site-packages/airflow/example_dags/example_branch_day_of_week_operator.py
[2023-05-14T23:12:44.157+0000] {processor.py:768} INFO - DAG(s) dict_keys(['example_weekday_branch_operator']) retrieved from /home/airflow/.local/lib/python3.7/site-packages/airflow/example_dags/example_branch_day_of_week_operator.py
[2023-05-14T23:12:44.238+0000] {logging_mixin.py:117} INFO - [2023-05-14T23:12:44.238+0000] {dag.py:2573} INFO - Sync 1 DAGs
[2023-05-14T23:12:44.300+0000] {logging_mixin.py:117} INFO - [2023-05-14T23:12:44.299+0000] {dag.py:3328} INFO - Setting next_dagrun for example_weekday_branch_operator to 2023-05-13T00:00:00+00:00, run_after=2023-05-14T00:00:00+00:00
[2023-05-14T23:12:44.338+0000] {processor.py:178} INFO - Processing /home/airflow/.local/lib/python3.7/site-packages/airflow/example_dags/example_branch_day_of_week_operator.py took 0.230 seconds
[2023-05-14T23:13:15.779+0000] {processor.py:156} INFO - Started process (PID=2703) to work on /home/airflow/.local/lib/python3.7/site-packages/airflow/example_dags/example_branch_day_of_week_operator.py
[2023-05-14T23:13:15.782+0000] {processor.py:758} INFO - Processing file /home/airflow/.local/lib/python3.7/site-packages/airflow/example_dags/example_branch_day_of_week_operator.py for tasks to queue
[2023-05-14T23:13:15.783+0000] {logging_mixin.py:117} INFO - [2023-05-14T23:13:15.783+0000] {dagbag.py:525} INFO - Filling up the DagBag from /home/airflow/.local/lib/python3.7/site-packages/airflow/example_dags/example_branch_day_of_week_operator.py
[2023-05-14T23:13:15.831+0000] {processor.py:768} INFO - DAG(s) dict_keys(['example_weekday_branch_operator']) retrieved from /home/airflow/.local/lib/python3.7/site-packages/airflow/example_dags/example_branch_day_of_week_operator.py
[2023-05-14T23:13:15.909+0000] {logging_mixin.py:117} INFO - [2023-05-14T23:13:15.909+0000] {dag.py:2573} INFO - Sync 1 DAGs
[2023-05-14T23:13:15.970+0000] {logging_mixin.py:117} INFO - [2023-05-14T23:13:15.970+0000] {dag.py:3328} INFO - Setting next_dagrun for example_weekday_branch_operator to 2023-05-13T00:00:00+00:00, run_after=2023-05-14T00:00:00+00:00
[2023-05-14T23:13:16.023+0000] {processor.py:178} INFO - Processing /home/airflow/.local/lib/python3.7/site-packages/airflow/example_dags/example_branch_day_of_week_operator.py took 0.251 seconds
[2023-05-14T23:13:46.735+0000] {processor.py:156} INFO - Started process (PID=2901) to work on /home/airflow/.local/lib/python3.7/site-packages/airflow/example_dags/example_branch_day_of_week_operator.py
[2023-05-14T23:13:46.736+0000] {processor.py:758} INFO - Processing file /home/airflow/.local/lib/python3.7/site-packages/airflow/example_dags/example_branch_day_of_week_operator.py for tasks to queue
[2023-05-14T23:13:46.737+0000] {logging_mixin.py:117} INFO - [2023-05-14T23:13:46.736+0000] {dagbag.py:525} INFO - Filling up the DagBag from /home/airflow/.local/lib/python3.7/site-packages/airflow/example_dags/example_branch_day_of_week_operator.py
[2023-05-14T23:13:46.763+0000] {processor.py:768} INFO - DAG(s) dict_keys(['example_weekday_branch_operator']) retrieved from /home/airflow/.local/lib/python3.7/site-packages/airflow/example_dags/example_branch_day_of_week_operator.py
[2023-05-14T23:13:46.837+0000] {logging_mixin.py:117} INFO - [2023-05-14T23:13:46.836+0000] {dag.py:2573} INFO - Sync 1 DAGs
[2023-05-14T23:13:46.882+0000] {logging_mixin.py:117} INFO - [2023-05-14T23:13:46.882+0000] {dag.py:3328} INFO - Setting next_dagrun for example_weekday_branch_operator to 2023-05-13T00:00:00+00:00, run_after=2023-05-14T00:00:00+00:00
[2023-05-14T23:13:46.909+0000] {processor.py:178} INFO - Processing /home/airflow/.local/lib/python3.7/site-packages/airflow/example_dags/example_branch_day_of_week_operator.py took 0.181 seconds
[2023-05-14T23:14:17.908+0000] {processor.py:156} INFO - Started process (PID=3108) to work on /home/airflow/.local/lib/python3.7/site-packages/airflow/example_dags/example_branch_day_of_week_operator.py
[2023-05-14T23:14:17.909+0000] {processor.py:758} INFO - Processing file /home/airflow/.local/lib/python3.7/site-packages/airflow/example_dags/example_branch_day_of_week_operator.py for tasks to queue
[2023-05-14T23:14:17.911+0000] {logging_mixin.py:117} INFO - [2023-05-14T23:14:17.910+0000] {dagbag.py:525} INFO - Filling up the DagBag from /home/airflow/.local/lib/python3.7/site-packages/airflow/example_dags/example_branch_day_of_week_operator.py
[2023-05-14T23:14:17.952+0000] {processor.py:768} INFO - DAG(s) dict_keys(['example_weekday_branch_operator']) retrieved from /home/airflow/.local/lib/python3.7/site-packages/airflow/example_dags/example_branch_day_of_week_operator.py
[2023-05-14T23:14:18.030+0000] {logging_mixin.py:117} INFO - [2023-05-14T23:14:18.030+0000] {dag.py:2573} INFO - Sync 1 DAGs
[2023-05-14T23:14:18.101+0000] {logging_mixin.py:117} INFO - [2023-05-14T23:14:18.101+0000] {dag.py:3328} INFO - Setting next_dagrun for example_weekday_branch_operator to 2023-05-13T00:00:00+00:00, run_after=2023-05-14T00:00:00+00:00
[2023-05-14T23:14:18.161+0000] {processor.py:178} INFO - Processing /home/airflow/.local/lib/python3.7/site-packages/airflow/example_dags/example_branch_day_of_week_operator.py took 0.262 seconds
[2023-05-14T23:22:21.135+0000] {processor.py:156} INFO - Started process (PID=267) to work on /home/airflow/.local/lib/python3.7/site-packages/airflow/example_dags/example_branch_day_of_week_operator.py
[2023-05-14T23:22:21.136+0000] {processor.py:758} INFO - Processing file /home/airflow/.local/lib/python3.7/site-packages/airflow/example_dags/example_branch_day_of_week_operator.py for tasks to queue
[2023-05-14T23:22:21.137+0000] {logging_mixin.py:117} INFO - [2023-05-14T23:22:21.137+0000] {dagbag.py:525} INFO - Filling up the DagBag from /home/airflow/.local/lib/python3.7/site-packages/airflow/example_dags/example_branch_day_of_week_operator.py
[2023-05-14T23:22:21.165+0000] {processor.py:768} INFO - DAG(s) dict_keys(['example_weekday_branch_operator']) retrieved from /home/airflow/.local/lib/python3.7/site-packages/airflow/example_dags/example_branch_day_of_week_operator.py
[2023-05-14T23:22:21.200+0000] {logging_mixin.py:117} INFO - [2023-05-14T23:22:21.200+0000] {dag.py:2573} INFO - Sync 1 DAGs
[2023-05-14T23:22:21.244+0000] {logging_mixin.py:117} INFO - [2023-05-14T23:22:21.244+0000] {dag.py:3328} INFO - Setting next_dagrun for example_weekday_branch_operator to 2023-05-13T00:00:00+00:00, run_after=2023-05-14T00:00:00+00:00
[2023-05-14T23:22:21.280+0000] {processor.py:178} INFO - Processing /home/airflow/.local/lib/python3.7/site-packages/airflow/example_dags/example_branch_day_of_week_operator.py took 0.151 seconds
[2023-05-14T23:22:51.477+0000] {processor.py:156} INFO - Started process (PID=466) to work on /home/airflow/.local/lib/python3.7/site-packages/airflow/example_dags/example_branch_day_of_week_operator.py
[2023-05-14T23:22:51.478+0000] {processor.py:758} INFO - Processing file /home/airflow/.local/lib/python3.7/site-packages/airflow/example_dags/example_branch_day_of_week_operator.py for tasks to queue
[2023-05-14T23:22:51.479+0000] {logging_mixin.py:117} INFO - [2023-05-14T23:22:51.478+0000] {dagbag.py:525} INFO - Filling up the DagBag from /home/airflow/.local/lib/python3.7/site-packages/airflow/example_dags/example_branch_day_of_week_operator.py
[2023-05-14T23:22:51.506+0000] {processor.py:768} INFO - DAG(s) dict_keys(['example_weekday_branch_operator']) retrieved from /home/airflow/.local/lib/python3.7/site-packages/airflow/example_dags/example_branch_day_of_week_operator.py
[2023-05-14T23:22:51.534+0000] {logging_mixin.py:117} INFO - [2023-05-14T23:22:51.534+0000] {dag.py:2573} INFO - Sync 1 DAGs
[2023-05-14T23:22:51.562+0000] {logging_mixin.py:117} INFO - [2023-05-14T23:22:51.562+0000] {dag.py:3328} INFO - Setting next_dagrun for example_weekday_branch_operator to 2023-05-13T00:00:00+00:00, run_after=2023-05-14T00:00:00+00:00
[2023-05-14T23:22:51.582+0000] {processor.py:178} INFO - Processing /home/airflow/.local/lib/python3.7/site-packages/airflow/example_dags/example_branch_day_of_week_operator.py took 0.109 seconds
[2023-05-14T23:23:25.826+0000] {processor.py:156} INFO - Started process (PID=673) to work on /home/airflow/.local/lib/python3.7/site-packages/airflow/example_dags/example_branch_day_of_week_operator.py
[2023-05-14T23:23:25.826+0000] {processor.py:758} INFO - Processing file /home/airflow/.local/lib/python3.7/site-packages/airflow/example_dags/example_branch_day_of_week_operator.py for tasks to queue
[2023-05-14T23:23:25.827+0000] {logging_mixin.py:117} INFO - [2023-05-14T23:23:25.827+0000] {dagbag.py:525} INFO - Filling up the DagBag from /home/airflow/.local/lib/python3.7/site-packages/airflow/example_dags/example_branch_day_of_week_operator.py
[2023-05-14T23:23:25.846+0000] {processor.py:768} INFO - DAG(s) dict_keys(['example_weekday_branch_operator']) retrieved from /home/airflow/.local/lib/python3.7/site-packages/airflow/example_dags/example_branch_day_of_week_operator.py
[2023-05-14T23:23:25.912+0000] {logging_mixin.py:117} INFO - [2023-05-14T23:23:25.912+0000] {dag.py:2573} INFO - Sync 1 DAGs
[2023-05-14T23:23:25.963+0000] {logging_mixin.py:117} INFO - [2023-05-14T23:23:25.963+0000] {dag.py:3328} INFO - Setting next_dagrun for example_weekday_branch_operator to 2023-05-13T00:00:00+00:00, run_after=2023-05-14T00:00:00+00:00
[2023-05-14T23:23:26.162+0000] {processor.py:178} INFO - Processing /home/airflow/.local/lib/python3.7/site-packages/airflow/example_dags/example_branch_day_of_week_operator.py took 0.345 seconds
[2023-05-14T23:24:01.267+0000] {processor.py:156} INFO - Started process (PID=880) to work on /home/airflow/.local/lib/python3.7/site-packages/airflow/example_dags/example_branch_day_of_week_operator.py
[2023-05-14T23:24:01.268+0000] {processor.py:758} INFO - Processing file /home/airflow/.local/lib/python3.7/site-packages/airflow/example_dags/example_branch_day_of_week_operator.py for tasks to queue
[2023-05-14T23:24:01.269+0000] {logging_mixin.py:117} INFO - [2023-05-14T23:24:01.268+0000] {dagbag.py:525} INFO - Filling up the DagBag from /home/airflow/.local/lib/python3.7/site-packages/airflow/example_dags/example_branch_day_of_week_operator.py
[2023-05-14T23:24:01.302+0000] {processor.py:768} INFO - DAG(s) dict_keys(['example_weekday_branch_operator']) retrieved from /home/airflow/.local/lib/python3.7/site-packages/airflow/example_dags/example_branch_day_of_week_operator.py
[2023-05-14T23:24:01.386+0000] {logging_mixin.py:117} INFO - [2023-05-14T23:24:01.385+0000] {dag.py:2573} INFO - Sync 1 DAGs
[2023-05-14T23:24:01.633+0000] {logging_mixin.py:117} INFO - [2023-05-14T23:24:01.633+0000] {dag.py:3328} INFO - Setting next_dagrun for example_weekday_branch_operator to 2023-05-13T00:00:00+00:00, run_after=2023-05-14T00:00:00+00:00
[2023-05-14T23:24:01.664+0000] {processor.py:178} INFO - Processing /home/airflow/.local/lib/python3.7/site-packages/airflow/example_dags/example_branch_day_of_week_operator.py took 0.405 seconds
[2023-05-14T23:24:31.944+0000] {processor.py:156} INFO - Started process (PID=1078) to work on /home/airflow/.local/lib/python3.7/site-packages/airflow/example_dags/example_branch_day_of_week_operator.py
[2023-05-14T23:24:31.945+0000] {processor.py:758} INFO - Processing file /home/airflow/.local/lib/python3.7/site-packages/airflow/example_dags/example_branch_day_of_week_operator.py for tasks to queue
[2023-05-14T23:24:31.947+0000] {logging_mixin.py:117} INFO - [2023-05-14T23:24:31.947+0000] {dagbag.py:525} INFO - Filling up the DagBag from /home/airflow/.local/lib/python3.7/site-packages/airflow/example_dags/example_branch_day_of_week_operator.py
[2023-05-14T23:24:31.977+0000] {processor.py:768} INFO - DAG(s) dict_keys(['example_weekday_branch_operator']) retrieved from /home/airflow/.local/lib/python3.7/site-packages/airflow/example_dags/example_branch_day_of_week_operator.py
[2023-05-14T23:24:32.259+0000] {logging_mixin.py:117} INFO - [2023-05-14T23:24:32.259+0000] {dag.py:2573} INFO - Sync 1 DAGs
[2023-05-14T23:24:32.323+0000] {logging_mixin.py:117} INFO - [2023-05-14T23:24:32.323+0000] {dag.py:3328} INFO - Setting next_dagrun for example_weekday_branch_operator to 2023-05-13T00:00:00+00:00, run_after=2023-05-14T00:00:00+00:00
[2023-05-14T23:24:32.380+0000] {processor.py:178} INFO - Processing /home/airflow/.local/lib/python3.7/site-packages/airflow/example_dags/example_branch_day_of_week_operator.py took 0.440 seconds
[2023-05-14T23:25:02.622+0000] {processor.py:156} INFO - Started process (PID=1285) to work on /home/airflow/.local/lib/python3.7/site-packages/airflow/example_dags/example_branch_day_of_week_operator.py
[2023-05-14T23:25:02.623+0000] {processor.py:758} INFO - Processing file /home/airflow/.local/lib/python3.7/site-packages/airflow/example_dags/example_branch_day_of_week_operator.py for tasks to queue
[2023-05-14T23:25:02.624+0000] {logging_mixin.py:117} INFO - [2023-05-14T23:25:02.624+0000] {dagbag.py:525} INFO - Filling up the DagBag from /home/airflow/.local/lib/python3.7/site-packages/airflow/example_dags/example_branch_day_of_week_operator.py
[2023-05-14T23:25:02.665+0000] {processor.py:768} INFO - DAG(s) dict_keys(['example_weekday_branch_operator']) retrieved from /home/airflow/.local/lib/python3.7/site-packages/airflow/example_dags/example_branch_day_of_week_operator.py
[2023-05-14T23:25:02.982+0000] {logging_mixin.py:117} INFO - [2023-05-14T23:25:02.982+0000] {dag.py:2573} INFO - Sync 1 DAGs
[2023-05-14T23:25:03.026+0000] {logging_mixin.py:117} INFO - [2023-05-14T23:25:03.026+0000] {dag.py:3328} INFO - Setting next_dagrun for example_weekday_branch_operator to 2023-05-13T00:00:00+00:00, run_after=2023-05-14T00:00:00+00:00
[2023-05-14T23:25:03.070+0000] {processor.py:178} INFO - Processing /home/airflow/.local/lib/python3.7/site-packages/airflow/example_dags/example_branch_day_of_week_operator.py took 0.454 seconds
[2023-05-14T23:25:33.109+0000] {processor.py:156} INFO - Started process (PID=1482) to work on /home/airflow/.local/lib/python3.7/site-packages/airflow/example_dags/example_branch_day_of_week_operator.py
[2023-05-14T23:25:33.111+0000] {processor.py:758} INFO - Processing file /home/airflow/.local/lib/python3.7/site-packages/airflow/example_dags/example_branch_day_of_week_operator.py for tasks to queue
[2023-05-14T23:25:33.112+0000] {logging_mixin.py:117} INFO - [2023-05-14T23:25:33.111+0000] {dagbag.py:525} INFO - Filling up the DagBag from /home/airflow/.local/lib/python3.7/site-packages/airflow/example_dags/example_branch_day_of_week_operator.py
[2023-05-14T23:25:33.349+0000] {processor.py:768} INFO - DAG(s) dict_keys(['example_weekday_branch_operator']) retrieved from /home/airflow/.local/lib/python3.7/site-packages/airflow/example_dags/example_branch_day_of_week_operator.py
[2023-05-14T23:25:33.399+0000] {logging_mixin.py:117} INFO - [2023-05-14T23:25:33.399+0000] {dag.py:2573} INFO - Sync 1 DAGs
[2023-05-14T23:25:33.443+0000] {logging_mixin.py:117} INFO - [2023-05-14T23:25:33.442+0000] {dag.py:3328} INFO - Setting next_dagrun for example_weekday_branch_operator to 2023-05-13T00:00:00+00:00, run_after=2023-05-14T00:00:00+00:00
[2023-05-14T23:25:33.478+0000] {processor.py:178} INFO - Processing /home/airflow/.local/lib/python3.7/site-packages/airflow/example_dags/example_branch_day_of_week_operator.py took 0.374 seconds
[2023-05-14T23:26:04.287+0000] {processor.py:156} INFO - Started process (PID=1689) to work on /home/airflow/.local/lib/python3.7/site-packages/airflow/example_dags/example_branch_day_of_week_operator.py
[2023-05-14T23:26:04.288+0000] {processor.py:758} INFO - Processing file /home/airflow/.local/lib/python3.7/site-packages/airflow/example_dags/example_branch_day_of_week_operator.py for tasks to queue
[2023-05-14T23:26:04.289+0000] {logging_mixin.py:117} INFO - [2023-05-14T23:26:04.289+0000] {dagbag.py:525} INFO - Filling up the DagBag from /home/airflow/.local/lib/python3.7/site-packages/airflow/example_dags/example_branch_day_of_week_operator.py
[2023-05-14T23:26:04.314+0000] {processor.py:768} INFO - DAG(s) dict_keys(['example_weekday_branch_operator']) retrieved from /home/airflow/.local/lib/python3.7/site-packages/airflow/example_dags/example_branch_day_of_week_operator.py
[2023-05-14T23:26:04.365+0000] {logging_mixin.py:117} INFO - [2023-05-14T23:26:04.365+0000] {dag.py:2573} INFO - Sync 1 DAGs
[2023-05-14T23:26:04.403+0000] {logging_mixin.py:117} INFO - [2023-05-14T23:26:04.403+0000] {dag.py:3328} INFO - Setting next_dagrun for example_weekday_branch_operator to 2023-05-13T00:00:00+00:00, run_after=2023-05-14T00:00:00+00:00
[2023-05-14T23:26:04.433+0000] {processor.py:178} INFO - Processing /home/airflow/.local/lib/python3.7/site-packages/airflow/example_dags/example_branch_day_of_week_operator.py took 0.150 seconds
[2023-05-14T23:26:35.581+0000] {processor.py:156} INFO - Started process (PID=1889) to work on /home/airflow/.local/lib/python3.7/site-packages/airflow/example_dags/example_branch_day_of_week_operator.py
[2023-05-14T23:26:35.583+0000] {processor.py:758} INFO - Processing file /home/airflow/.local/lib/python3.7/site-packages/airflow/example_dags/example_branch_day_of_week_operator.py for tasks to queue
[2023-05-14T23:26:35.586+0000] {logging_mixin.py:117} INFO - [2023-05-14T23:26:35.585+0000] {dagbag.py:525} INFO - Filling up the DagBag from /home/airflow/.local/lib/python3.7/site-packages/airflow/example_dags/example_branch_day_of_week_operator.py
[2023-05-14T23:26:35.621+0000] {processor.py:768} INFO - DAG(s) dict_keys(['example_weekday_branch_operator']) retrieved from /home/airflow/.local/lib/python3.7/site-packages/airflow/example_dags/example_branch_day_of_week_operator.py
[2023-05-14T23:26:35.701+0000] {logging_mixin.py:117} INFO - [2023-05-14T23:26:35.701+0000] {dag.py:2573} INFO - Sync 1 DAGs
[2023-05-14T23:26:35.754+0000] {logging_mixin.py:117} INFO - [2023-05-14T23:26:35.754+0000] {dag.py:3328} INFO - Setting next_dagrun for example_weekday_branch_operator to 2023-05-13T00:00:00+00:00, run_after=2023-05-14T00:00:00+00:00
[2023-05-14T23:26:35.793+0000] {processor.py:178} INFO - Processing /home/airflow/.local/lib/python3.7/site-packages/airflow/example_dags/example_branch_day_of_week_operator.py took 0.219 seconds
