[2023-05-14T23:07:03.996+0000] {processor.py:156} INFO - Started process (PID=228) to work on /home/airflow/.local/lib/python3.7/site-packages/airflow/example_dags/example_bash_operator.py
[2023-05-14T23:07:03.997+0000] {processor.py:758} INFO - Processing file /home/airflow/.local/lib/python3.7/site-packages/airflow/example_dags/example_bash_operator.py for tasks to queue
[2023-05-14T23:07:03.997+0000] {logging_mixin.py:117} INFO - [2023-05-14T23:07:03.997+0000] {dagbag.py:525} INFO - Filling up the DagBag from /home/airflow/.local/lib/python3.7/site-packages/airflow/example_dags/example_bash_operator.py
[2023-05-14T23:07:04.036+0000] {processor.py:768} INFO - DAG(s) dict_keys(['example_bash_operator']) retrieved from /home/airflow/.local/lib/python3.7/site-packages/airflow/example_dags/example_bash_operator.py
[2023-05-14T23:07:04.105+0000] {logging_mixin.py:117} INFO - [2023-05-14T23:07:04.104+0000] {dag.py:2573} INFO - Sync 1 DAGs
[2023-05-14T23:07:04.180+0000] {logging_mixin.py:117} INFO - [2023-05-14T23:07:04.180+0000] {dag.py:3328} INFO - Setting next_dagrun for example_bash_operator to 2023-05-13T00:00:00+00:00, run_after=2023-05-14T00:00:00+00:00
[2023-05-14T23:07:04.226+0000] {processor.py:178} INFO - Processing /home/airflow/.local/lib/python3.7/site-packages/airflow/example_dags/example_bash_operator.py took 0.245 seconds
[2023-05-14T23:07:34.901+0000] {processor.py:156} INFO - Started process (PID=426) to work on /home/airflow/.local/lib/python3.7/site-packages/airflow/example_dags/example_bash_operator.py
[2023-05-14T23:07:34.902+0000] {processor.py:758} INFO - Processing file /home/airflow/.local/lib/python3.7/site-packages/airflow/example_dags/example_bash_operator.py for tasks to queue
[2023-05-14T23:07:34.903+0000] {logging_mixin.py:117} INFO - [2023-05-14T23:07:34.903+0000] {dagbag.py:525} INFO - Filling up the DagBag from /home/airflow/.local/lib/python3.7/site-packages/airflow/example_dags/example_bash_operator.py
[2023-05-14T23:07:34.934+0000] {processor.py:768} INFO - DAG(s) dict_keys(['example_bash_operator']) retrieved from /home/airflow/.local/lib/python3.7/site-packages/airflow/example_dags/example_bash_operator.py
[2023-05-14T23:07:34.981+0000] {logging_mixin.py:117} INFO - [2023-05-14T23:07:34.981+0000] {dag.py:2573} INFO - Sync 1 DAGs
[2023-05-14T23:07:35.006+0000] {logging_mixin.py:117} INFO - [2023-05-14T23:07:35.006+0000] {dag.py:3328} INFO - Setting next_dagrun for example_bash_operator to 2023-05-13T00:00:00+00:00, run_after=2023-05-14T00:00:00+00:00
[2023-05-14T23:07:35.024+0000] {processor.py:178} INFO - Processing /home/airflow/.local/lib/python3.7/site-packages/airflow/example_dags/example_bash_operator.py took 0.126 seconds
[2023-05-14T23:08:05.438+0000] {processor.py:156} INFO - Started process (PID=632) to work on /home/airflow/.local/lib/python3.7/site-packages/airflow/example_dags/example_bash_operator.py
[2023-05-14T23:08:05.439+0000] {processor.py:758} INFO - Processing file /home/airflow/.local/lib/python3.7/site-packages/airflow/example_dags/example_bash_operator.py for tasks to queue
[2023-05-14T23:08:05.439+0000] {logging_mixin.py:117} INFO - [2023-05-14T23:08:05.439+0000] {dagbag.py:525} INFO - Filling up the DagBag from /home/airflow/.local/lib/python3.7/site-packages/airflow/example_dags/example_bash_operator.py
[2023-05-14T23:08:05.475+0000] {processor.py:768} INFO - DAG(s) dict_keys(['example_bash_operator']) retrieved from /home/airflow/.local/lib/python3.7/site-packages/airflow/example_dags/example_bash_operator.py
[2023-05-14T23:08:05.542+0000] {logging_mixin.py:117} INFO - [2023-05-14T23:08:05.542+0000] {dag.py:2573} INFO - Sync 1 DAGs
[2023-05-14T23:08:05.588+0000] {logging_mixin.py:117} INFO - [2023-05-14T23:08:05.588+0000] {dag.py:3328} INFO - Setting next_dagrun for example_bash_operator to 2023-05-13T00:00:00+00:00, run_after=2023-05-14T00:00:00+00:00
[2023-05-14T23:08:05.812+0000] {processor.py:178} INFO - Processing /home/airflow/.local/lib/python3.7/site-packages/airflow/example_dags/example_bash_operator.py took 0.379 seconds
[2023-05-14T23:08:36.303+0000] {processor.py:156} INFO - Started process (PID=830) to work on /home/airflow/.local/lib/python3.7/site-packages/airflow/example_dags/example_bash_operator.py
[2023-05-14T23:08:36.303+0000] {processor.py:758} INFO - Processing file /home/airflow/.local/lib/python3.7/site-packages/airflow/example_dags/example_bash_operator.py for tasks to queue
[2023-05-14T23:08:36.304+0000] {logging_mixin.py:117} INFO - [2023-05-14T23:08:36.304+0000] {dagbag.py:525} INFO - Filling up the DagBag from /home/airflow/.local/lib/python3.7/site-packages/airflow/example_dags/example_bash_operator.py
[2023-05-14T23:08:36.333+0000] {processor.py:768} INFO - DAG(s) dict_keys(['example_bash_operator']) retrieved from /home/airflow/.local/lib/python3.7/site-packages/airflow/example_dags/example_bash_operator.py
[2023-05-14T23:08:36.397+0000] {logging_mixin.py:117} INFO - [2023-05-14T23:08:36.396+0000] {dag.py:2573} INFO - Sync 1 DAGs
[2023-05-14T23:08:36.573+0000] {logging_mixin.py:117} INFO - [2023-05-14T23:08:36.573+0000] {dag.py:3328} INFO - Setting next_dagrun for example_bash_operator to 2023-05-13T00:00:00+00:00, run_after=2023-05-14T00:00:00+00:00
[2023-05-14T23:08:36.624+0000] {processor.py:178} INFO - Processing /home/airflow/.local/lib/python3.7/site-packages/airflow/example_dags/example_bash_operator.py took 0.325 seconds
[2023-05-14T23:09:06.957+0000] {processor.py:156} INFO - Started process (PID=1037) to work on /home/airflow/.local/lib/python3.7/site-packages/airflow/example_dags/example_bash_operator.py
[2023-05-14T23:09:06.958+0000] {processor.py:758} INFO - Processing file /home/airflow/.local/lib/python3.7/site-packages/airflow/example_dags/example_bash_operator.py for tasks to queue
[2023-05-14T23:09:06.959+0000] {logging_mixin.py:117} INFO - [2023-05-14T23:09:06.959+0000] {dagbag.py:525} INFO - Filling up the DagBag from /home/airflow/.local/lib/python3.7/site-packages/airflow/example_dags/example_bash_operator.py
[2023-05-14T23:09:06.985+0000] {processor.py:768} INFO - DAG(s) dict_keys(['example_bash_operator']) retrieved from /home/airflow/.local/lib/python3.7/site-packages/airflow/example_dags/example_bash_operator.py
[2023-05-14T23:09:07.224+0000] {logging_mixin.py:117} INFO - [2023-05-14T23:09:07.223+0000] {dag.py:2573} INFO - Sync 1 DAGs
[2023-05-14T23:09:07.254+0000] {logging_mixin.py:117} INFO - [2023-05-14T23:09:07.254+0000] {dag.py:3328} INFO - Setting next_dagrun for example_bash_operator to 2023-05-13T00:00:00+00:00, run_after=2023-05-14T00:00:00+00:00
[2023-05-14T23:09:07.280+0000] {processor.py:178} INFO - Processing /home/airflow/.local/lib/python3.7/site-packages/airflow/example_dags/example_bash_operator.py took 0.330 seconds
[2023-05-14T23:09:37.600+0000] {processor.py:156} INFO - Started process (PID=1245) to work on /home/airflow/.local/lib/python3.7/site-packages/airflow/example_dags/example_bash_operator.py
[2023-05-14T23:09:37.601+0000] {processor.py:758} INFO - Processing file /home/airflow/.local/lib/python3.7/site-packages/airflow/example_dags/example_bash_operator.py for tasks to queue
[2023-05-14T23:09:37.602+0000] {logging_mixin.py:117} INFO - [2023-05-14T23:09:37.602+0000] {dagbag.py:525} INFO - Filling up the DagBag from /home/airflow/.local/lib/python3.7/site-packages/airflow/example_dags/example_bash_operator.py
[2023-05-14T23:09:37.632+0000] {processor.py:768} INFO - DAG(s) dict_keys(['example_bash_operator']) retrieved from /home/airflow/.local/lib/python3.7/site-packages/airflow/example_dags/example_bash_operator.py
[2023-05-14T23:09:37.881+0000] {logging_mixin.py:117} INFO - [2023-05-14T23:09:37.881+0000] {dag.py:2573} INFO - Sync 1 DAGs
[2023-05-14T23:09:37.914+0000] {logging_mixin.py:117} INFO - [2023-05-14T23:09:37.914+0000] {dag.py:3328} INFO - Setting next_dagrun for example_bash_operator to 2023-05-13T00:00:00+00:00, run_after=2023-05-14T00:00:00+00:00
[2023-05-14T23:09:37.943+0000] {processor.py:178} INFO - Processing /home/airflow/.local/lib/python3.7/site-packages/airflow/example_dags/example_bash_operator.py took 0.347 seconds
[2023-05-14T23:10:08.311+0000] {processor.py:156} INFO - Started process (PID=1439) to work on /home/airflow/.local/lib/python3.7/site-packages/airflow/example_dags/example_bash_operator.py
[2023-05-14T23:10:08.312+0000] {processor.py:758} INFO - Processing file /home/airflow/.local/lib/python3.7/site-packages/airflow/example_dags/example_bash_operator.py for tasks to queue
[2023-05-14T23:10:08.312+0000] {logging_mixin.py:117} INFO - [2023-05-14T23:10:08.312+0000] {dagbag.py:525} INFO - Filling up the DagBag from /home/airflow/.local/lib/python3.7/site-packages/airflow/example_dags/example_bash_operator.py
[2023-05-14T23:10:08.489+0000] {processor.py:768} INFO - DAG(s) dict_keys(['example_bash_operator']) retrieved from /home/airflow/.local/lib/python3.7/site-packages/airflow/example_dags/example_bash_operator.py
[2023-05-14T23:10:08.576+0000] {logging_mixin.py:117} INFO - [2023-05-14T23:10:08.576+0000] {dag.py:2573} INFO - Sync 1 DAGs
[2023-05-14T23:10:08.622+0000] {logging_mixin.py:117} INFO - [2023-05-14T23:10:08.622+0000] {dag.py:3328} INFO - Setting next_dagrun for example_bash_operator to 2023-05-13T00:00:00+00:00, run_after=2023-05-14T00:00:00+00:00
[2023-05-14T23:10:08.646+0000] {processor.py:178} INFO - Processing /home/airflow/.local/lib/python3.7/site-packages/airflow/example_dags/example_bash_operator.py took 0.338 seconds
[2023-05-14T23:10:38.875+0000] {processor.py:156} INFO - Started process (PID=1644) to work on /home/airflow/.local/lib/python3.7/site-packages/airflow/example_dags/example_bash_operator.py
[2023-05-14T23:10:38.882+0000] {processor.py:758} INFO - Processing file /home/airflow/.local/lib/python3.7/site-packages/airflow/example_dags/example_bash_operator.py for tasks to queue
[2023-05-14T23:10:38.882+0000] {logging_mixin.py:117} INFO - [2023-05-14T23:10:38.882+0000] {dagbag.py:525} INFO - Filling up the DagBag from /home/airflow/.local/lib/python3.7/site-packages/airflow/example_dags/example_bash_operator.py
[2023-05-14T23:10:38.924+0000] {processor.py:768} INFO - DAG(s) dict_keys(['example_bash_operator']) retrieved from /home/airflow/.local/lib/python3.7/site-packages/airflow/example_dags/example_bash_operator.py
[2023-05-14T23:10:38.992+0000] {logging_mixin.py:117} INFO - [2023-05-14T23:10:38.992+0000] {dag.py:2573} INFO - Sync 1 DAGs
[2023-05-14T23:10:39.019+0000] {logging_mixin.py:117} INFO - [2023-05-14T23:10:39.019+0000] {dag.py:3328} INFO - Setting next_dagrun for example_bash_operator to 2023-05-13T00:00:00+00:00, run_after=2023-05-14T00:00:00+00:00
[2023-05-14T23:10:39.037+0000] {processor.py:178} INFO - Processing /home/airflow/.local/lib/python3.7/site-packages/airflow/example_dags/example_bash_operator.py took 0.166 seconds
[2023-05-14T23:11:09.617+0000] {processor.py:156} INFO - Started process (PID=1842) to work on /home/airflow/.local/lib/python3.7/site-packages/airflow/example_dags/example_bash_operator.py
[2023-05-14T23:11:09.618+0000] {processor.py:758} INFO - Processing file /home/airflow/.local/lib/python3.7/site-packages/airflow/example_dags/example_bash_operator.py for tasks to queue
[2023-05-14T23:11:09.619+0000] {logging_mixin.py:117} INFO - [2023-05-14T23:11:09.619+0000] {dagbag.py:525} INFO - Filling up the DagBag from /home/airflow/.local/lib/python3.7/site-packages/airflow/example_dags/example_bash_operator.py
[2023-05-14T23:11:09.669+0000] {processor.py:768} INFO - DAG(s) dict_keys(['example_bash_operator']) retrieved from /home/airflow/.local/lib/python3.7/site-packages/airflow/example_dags/example_bash_operator.py
[2023-05-14T23:11:09.747+0000] {logging_mixin.py:117} INFO - [2023-05-14T23:11:09.747+0000] {dag.py:2573} INFO - Sync 1 DAGs
[2023-05-14T23:11:09.784+0000] {logging_mixin.py:117} INFO - [2023-05-14T23:11:09.784+0000] {dag.py:3328} INFO - Setting next_dagrun for example_bash_operator to 2023-05-13T00:00:00+00:00, run_after=2023-05-14T00:00:00+00:00
[2023-05-14T23:11:09.814+0000] {processor.py:178} INFO - Processing /home/airflow/.local/lib/python3.7/site-packages/airflow/example_dags/example_bash_operator.py took 0.201 seconds
[2023-05-14T23:11:40.650+0000] {processor.py:156} INFO - Started process (PID=2051) to work on /home/airflow/.local/lib/python3.7/site-packages/airflow/example_dags/example_bash_operator.py
[2023-05-14T23:11:40.651+0000] {processor.py:758} INFO - Processing file /home/airflow/.local/lib/python3.7/site-packages/airflow/example_dags/example_bash_operator.py for tasks to queue
[2023-05-14T23:11:40.651+0000] {logging_mixin.py:117} INFO - [2023-05-14T23:11:40.651+0000] {dagbag.py:525} INFO - Filling up the DagBag from /home/airflow/.local/lib/python3.7/site-packages/airflow/example_dags/example_bash_operator.py
[2023-05-14T23:11:40.685+0000] {processor.py:768} INFO - DAG(s) dict_keys(['example_bash_operator']) retrieved from /home/airflow/.local/lib/python3.7/site-packages/airflow/example_dags/example_bash_operator.py
[2023-05-14T23:11:40.745+0000] {logging_mixin.py:117} INFO - [2023-05-14T23:11:40.744+0000] {dag.py:2573} INFO - Sync 1 DAGs
[2023-05-14T23:11:40.786+0000] {logging_mixin.py:117} INFO - [2023-05-14T23:11:40.786+0000] {dag.py:3328} INFO - Setting next_dagrun for example_bash_operator to 2023-05-13T00:00:00+00:00, run_after=2023-05-14T00:00:00+00:00
[2023-05-14T23:11:40.819+0000] {processor.py:178} INFO - Processing /home/airflow/.local/lib/python3.7/site-packages/airflow/example_dags/example_bash_operator.py took 0.175 seconds
[2023-05-14T23:12:11.073+0000] {processor.py:156} INFO - Started process (PID=2246) to work on /home/airflow/.local/lib/python3.7/site-packages/airflow/example_dags/example_bash_operator.py
[2023-05-14T23:12:11.074+0000] {processor.py:758} INFO - Processing file /home/airflow/.local/lib/python3.7/site-packages/airflow/example_dags/example_bash_operator.py for tasks to queue
[2023-05-14T23:12:11.075+0000] {logging_mixin.py:117} INFO - [2023-05-14T23:12:11.074+0000] {dagbag.py:525} INFO - Filling up the DagBag from /home/airflow/.local/lib/python3.7/site-packages/airflow/example_dags/example_bash_operator.py
[2023-05-14T23:12:11.110+0000] {processor.py:768} INFO - DAG(s) dict_keys(['example_bash_operator']) retrieved from /home/airflow/.local/lib/python3.7/site-packages/airflow/example_dags/example_bash_operator.py
[2023-05-14T23:12:11.174+0000] {logging_mixin.py:117} INFO - [2023-05-14T23:12:11.174+0000] {dag.py:2573} INFO - Sync 1 DAGs
[2023-05-14T23:12:11.213+0000] {logging_mixin.py:117} INFO - [2023-05-14T23:12:11.212+0000] {dag.py:3328} INFO - Setting next_dagrun for example_bash_operator to 2023-05-13T00:00:00+00:00, run_after=2023-05-14T00:00:00+00:00
[2023-05-14T23:12:11.245+0000] {processor.py:178} INFO - Processing /home/airflow/.local/lib/python3.7/site-packages/airflow/example_dags/example_bash_operator.py took 0.180 seconds
[2023-05-14T23:12:41.621+0000] {processor.py:156} INFO - Started process (PID=2451) to work on /home/airflow/.local/lib/python3.7/site-packages/airflow/example_dags/example_bash_operator.py
[2023-05-14T23:12:41.624+0000] {processor.py:758} INFO - Processing file /home/airflow/.local/lib/python3.7/site-packages/airflow/example_dags/example_bash_operator.py for tasks to queue
[2023-05-14T23:12:41.627+0000] {logging_mixin.py:117} INFO - [2023-05-14T23:12:41.626+0000] {dagbag.py:525} INFO - Filling up the DagBag from /home/airflow/.local/lib/python3.7/site-packages/airflow/example_dags/example_bash_operator.py
[2023-05-14T23:12:41.668+0000] {processor.py:768} INFO - DAG(s) dict_keys(['example_bash_operator']) retrieved from /home/airflow/.local/lib/python3.7/site-packages/airflow/example_dags/example_bash_operator.py
[2023-05-14T23:12:41.744+0000] {logging_mixin.py:117} INFO - [2023-05-14T23:12:41.744+0000] {dag.py:2573} INFO - Sync 1 DAGs
[2023-05-14T23:12:41.784+0000] {logging_mixin.py:117} INFO - [2023-05-14T23:12:41.784+0000] {dag.py:3328} INFO - Setting next_dagrun for example_bash_operator to 2023-05-13T00:00:00+00:00, run_after=2023-05-14T00:00:00+00:00
[2023-05-14T23:12:41.821+0000] {processor.py:178} INFO - Processing /home/airflow/.local/lib/python3.7/site-packages/airflow/example_dags/example_bash_operator.py took 0.204 seconds
[2023-05-14T23:13:12.508+0000] {processor.py:156} INFO - Started process (PID=2651) to work on /home/airflow/.local/lib/python3.7/site-packages/airflow/example_dags/example_bash_operator.py
[2023-05-14T23:13:12.510+0000] {processor.py:758} INFO - Processing file /home/airflow/.local/lib/python3.7/site-packages/airflow/example_dags/example_bash_operator.py for tasks to queue
[2023-05-14T23:13:12.511+0000] {logging_mixin.py:117} INFO - [2023-05-14T23:13:12.511+0000] {dagbag.py:525} INFO - Filling up the DagBag from /home/airflow/.local/lib/python3.7/site-packages/airflow/example_dags/example_bash_operator.py
[2023-05-14T23:13:12.546+0000] {processor.py:768} INFO - DAG(s) dict_keys(['example_bash_operator']) retrieved from /home/airflow/.local/lib/python3.7/site-packages/airflow/example_dags/example_bash_operator.py
[2023-05-14T23:13:12.624+0000] {logging_mixin.py:117} INFO - [2023-05-14T23:13:12.624+0000] {dag.py:2573} INFO - Sync 1 DAGs
[2023-05-14T23:13:12.687+0000] {logging_mixin.py:117} INFO - [2023-05-14T23:13:12.684+0000] {dag.py:3328} INFO - Setting next_dagrun for example_bash_operator to 2023-05-13T00:00:00+00:00, run_after=2023-05-14T00:00:00+00:00
[2023-05-14T23:13:12.738+0000] {processor.py:178} INFO - Processing /home/airflow/.local/lib/python3.7/site-packages/airflow/example_dags/example_bash_operator.py took 0.235 seconds
[2023-05-14T23:13:43.116+0000] {processor.py:156} INFO - Started process (PID=2858) to work on /home/airflow/.local/lib/python3.7/site-packages/airflow/example_dags/example_bash_operator.py
[2023-05-14T23:13:43.117+0000] {processor.py:758} INFO - Processing file /home/airflow/.local/lib/python3.7/site-packages/airflow/example_dags/example_bash_operator.py for tasks to queue
[2023-05-14T23:13:43.119+0000] {logging_mixin.py:117} INFO - [2023-05-14T23:13:43.118+0000] {dagbag.py:525} INFO - Filling up the DagBag from /home/airflow/.local/lib/python3.7/site-packages/airflow/example_dags/example_bash_operator.py
[2023-05-14T23:13:43.175+0000] {processor.py:768} INFO - DAG(s) dict_keys(['example_bash_operator']) retrieved from /home/airflow/.local/lib/python3.7/site-packages/airflow/example_dags/example_bash_operator.py
[2023-05-14T23:13:43.266+0000] {logging_mixin.py:117} INFO - [2023-05-14T23:13:43.266+0000] {dag.py:2573} INFO - Sync 1 DAGs
[2023-05-14T23:13:43.318+0000] {logging_mixin.py:117} INFO - [2023-05-14T23:13:43.317+0000] {dag.py:3328} INFO - Setting next_dagrun for example_bash_operator to 2023-05-13T00:00:00+00:00, run_after=2023-05-14T00:00:00+00:00
[2023-05-14T23:13:43.365+0000] {processor.py:178} INFO - Processing /home/airflow/.local/lib/python3.7/site-packages/airflow/example_dags/example_bash_operator.py took 0.253 seconds
[2023-05-14T23:14:14.139+0000] {processor.py:156} INFO - Started process (PID=3056) to work on /home/airflow/.local/lib/python3.7/site-packages/airflow/example_dags/example_bash_operator.py
[2023-05-14T23:14:14.143+0000] {processor.py:758} INFO - Processing file /home/airflow/.local/lib/python3.7/site-packages/airflow/example_dags/example_bash_operator.py for tasks to queue
[2023-05-14T23:14:14.144+0000] {logging_mixin.py:117} INFO - [2023-05-14T23:14:14.144+0000] {dagbag.py:525} INFO - Filling up the DagBag from /home/airflow/.local/lib/python3.7/site-packages/airflow/example_dags/example_bash_operator.py
[2023-05-14T23:14:14.241+0000] {processor.py:768} INFO - DAG(s) dict_keys(['example_bash_operator']) retrieved from /home/airflow/.local/lib/python3.7/site-packages/airflow/example_dags/example_bash_operator.py
[2023-05-14T23:14:14.419+0000] {logging_mixin.py:117} INFO - [2023-05-14T23:14:14.417+0000] {dag.py:2573} INFO - Sync 1 DAGs
[2023-05-14T23:14:14.536+0000] {logging_mixin.py:117} INFO - [2023-05-14T23:14:14.535+0000] {dag.py:3328} INFO - Setting next_dagrun for example_bash_operator to 2023-05-13T00:00:00+00:00, run_after=2023-05-14T00:00:00+00:00
[2023-05-14T23:14:14.635+0000] {processor.py:178} INFO - Processing /home/airflow/.local/lib/python3.7/site-packages/airflow/example_dags/example_bash_operator.py took 0.508 seconds
[2023-05-14T23:22:20.323+0000] {processor.py:156} INFO - Started process (PID=227) to work on /home/airflow/.local/lib/python3.7/site-packages/airflow/example_dags/example_bash_operator.py
[2023-05-14T23:22:20.324+0000] {processor.py:758} INFO - Processing file /home/airflow/.local/lib/python3.7/site-packages/airflow/example_dags/example_bash_operator.py for tasks to queue
[2023-05-14T23:22:20.325+0000] {logging_mixin.py:117} INFO - [2023-05-14T23:22:20.325+0000] {dagbag.py:525} INFO - Filling up the DagBag from /home/airflow/.local/lib/python3.7/site-packages/airflow/example_dags/example_bash_operator.py
[2023-05-14T23:22:20.357+0000] {processor.py:768} INFO - DAG(s) dict_keys(['example_bash_operator']) retrieved from /home/airflow/.local/lib/python3.7/site-packages/airflow/example_dags/example_bash_operator.py
[2023-05-14T23:22:20.389+0000] {logging_mixin.py:117} INFO - [2023-05-14T23:22:20.389+0000] {dag.py:2573} INFO - Sync 1 DAGs
[2023-05-14T23:22:20.430+0000] {logging_mixin.py:117} INFO - [2023-05-14T23:22:20.429+0000] {dag.py:3328} INFO - Setting next_dagrun for example_bash_operator to 2023-05-13T00:00:00+00:00, run_after=2023-05-14T00:00:00+00:00
[2023-05-14T23:22:20.457+0000] {processor.py:178} INFO - Processing /home/airflow/.local/lib/python3.7/site-packages/airflow/example_dags/example_bash_operator.py took 0.137 seconds
[2023-05-14T23:22:50.879+0000] {processor.py:156} INFO - Started process (PID=428) to work on /home/airflow/.local/lib/python3.7/site-packages/airflow/example_dags/example_bash_operator.py
[2023-05-14T23:22:50.880+0000] {processor.py:758} INFO - Processing file /home/airflow/.local/lib/python3.7/site-packages/airflow/example_dags/example_bash_operator.py for tasks to queue
[2023-05-14T23:22:50.880+0000] {logging_mixin.py:117} INFO - [2023-05-14T23:22:50.880+0000] {dagbag.py:525} INFO - Filling up the DagBag from /home/airflow/.local/lib/python3.7/site-packages/airflow/example_dags/example_bash_operator.py
[2023-05-14T23:22:50.913+0000] {processor.py:768} INFO - DAG(s) dict_keys(['example_bash_operator']) retrieved from /home/airflow/.local/lib/python3.7/site-packages/airflow/example_dags/example_bash_operator.py
[2023-05-14T23:22:50.945+0000] {logging_mixin.py:117} INFO - [2023-05-14T23:22:50.944+0000] {dag.py:2573} INFO - Sync 1 DAGs
[2023-05-14T23:22:50.982+0000] {logging_mixin.py:117} INFO - [2023-05-14T23:22:50.982+0000] {dag.py:3328} INFO - Setting next_dagrun for example_bash_operator to 2023-05-13T00:00:00+00:00, run_after=2023-05-14T00:00:00+00:00
[2023-05-14T23:22:51.010+0000] {processor.py:178} INFO - Processing /home/airflow/.local/lib/python3.7/site-packages/airflow/example_dags/example_bash_operator.py took 0.134 seconds
[2023-05-14T23:23:23.801+0000] {processor.py:156} INFO - Started process (PID=633) to work on /home/airflow/.local/lib/python3.7/site-packages/airflow/example_dags/example_bash_operator.py
[2023-05-14T23:23:23.803+0000] {processor.py:758} INFO - Processing file /home/airflow/.local/lib/python3.7/site-packages/airflow/example_dags/example_bash_operator.py for tasks to queue
[2023-05-14T23:23:23.804+0000] {logging_mixin.py:117} INFO - [2023-05-14T23:23:23.803+0000] {dagbag.py:525} INFO - Filling up the DagBag from /home/airflow/.local/lib/python3.7/site-packages/airflow/example_dags/example_bash_operator.py
[2023-05-14T23:23:23.848+0000] {processor.py:768} INFO - DAG(s) dict_keys(['example_bash_operator']) retrieved from /home/airflow/.local/lib/python3.7/site-packages/airflow/example_dags/example_bash_operator.py
[2023-05-14T23:23:23.940+0000] {logging_mixin.py:117} INFO - [2023-05-14T23:23:23.940+0000] {dag.py:2573} INFO - Sync 1 DAGs
[2023-05-14T23:23:24.226+0000] {logging_mixin.py:117} INFO - [2023-05-14T23:23:24.226+0000] {dag.py:3328} INFO - Setting next_dagrun for example_bash_operator to 2023-05-13T00:00:00+00:00, run_after=2023-05-14T00:00:00+00:00
[2023-05-14T23:23:24.296+0000] {processor.py:178} INFO - Processing /home/airflow/.local/lib/python3.7/site-packages/airflow/example_dags/example_bash_operator.py took 0.502 seconds
[2023-05-14T23:23:57.591+0000] {processor.py:156} INFO - Started process (PID=840) to work on /home/airflow/.local/lib/python3.7/site-packages/airflow/example_dags/example_bash_operator.py
[2023-05-14T23:23:57.598+0000] {processor.py:758} INFO - Processing file /home/airflow/.local/lib/python3.7/site-packages/airflow/example_dags/example_bash_operator.py for tasks to queue
[2023-05-14T23:23:57.599+0000] {logging_mixin.py:117} INFO - [2023-05-14T23:23:57.599+0000] {dagbag.py:525} INFO - Filling up the DagBag from /home/airflow/.local/lib/python3.7/site-packages/airflow/example_dags/example_bash_operator.py
[2023-05-14T23:23:57.648+0000] {processor.py:768} INFO - DAG(s) dict_keys(['example_bash_operator']) retrieved from /home/airflow/.local/lib/python3.7/site-packages/airflow/example_dags/example_bash_operator.py
[2023-05-14T23:23:57.806+0000] {logging_mixin.py:117} INFO - [2023-05-14T23:23:57.806+0000] {dag.py:2573} INFO - Sync 1 DAGs
[2023-05-14T23:23:58.189+0000] {logging_mixin.py:117} INFO - [2023-05-14T23:23:58.189+0000] {dag.py:3328} INFO - Setting next_dagrun for example_bash_operator to 2023-05-13T00:00:00+00:00, run_after=2023-05-14T00:00:00+00:00
[2023-05-14T23:23:58.330+0000] {processor.py:178} INFO - Processing /home/airflow/.local/lib/python3.7/site-packages/airflow/example_dags/example_bash_operator.py took 0.743 seconds
[2023-05-14T23:24:28.980+0000] {processor.py:156} INFO - Started process (PID=1038) to work on /home/airflow/.local/lib/python3.7/site-packages/airflow/example_dags/example_bash_operator.py
[2023-05-14T23:24:28.981+0000] {processor.py:758} INFO - Processing file /home/airflow/.local/lib/python3.7/site-packages/airflow/example_dags/example_bash_operator.py for tasks to queue
[2023-05-14T23:24:28.982+0000] {logging_mixin.py:117} INFO - [2023-05-14T23:24:28.982+0000] {dagbag.py:525} INFO - Filling up the DagBag from /home/airflow/.local/lib/python3.7/site-packages/airflow/example_dags/example_bash_operator.py
[2023-05-14T23:24:29.026+0000] {processor.py:768} INFO - DAG(s) dict_keys(['example_bash_operator']) retrieved from /home/airflow/.local/lib/python3.7/site-packages/airflow/example_dags/example_bash_operator.py
[2023-05-14T23:24:29.496+0000] {logging_mixin.py:117} INFO - [2023-05-14T23:24:29.496+0000] {dag.py:2573} INFO - Sync 1 DAGs
[2023-05-14T23:24:29.564+0000] {logging_mixin.py:117} INFO - [2023-05-14T23:24:29.563+0000] {dag.py:3328} INFO - Setting next_dagrun for example_bash_operator to 2023-05-13T00:00:00+00:00, run_after=2023-05-14T00:00:00+00:00
[2023-05-14T23:24:29.611+0000] {processor.py:178} INFO - Processing /home/airflow/.local/lib/python3.7/site-packages/airflow/example_dags/example_bash_operator.py took 0.637 seconds
[2023-05-14T23:24:59.709+0000] {processor.py:156} INFO - Started process (PID=1233) to work on /home/airflow/.local/lib/python3.7/site-packages/airflow/example_dags/example_bash_operator.py
[2023-05-14T23:24:59.710+0000] {processor.py:758} INFO - Processing file /home/airflow/.local/lib/python3.7/site-packages/airflow/example_dags/example_bash_operator.py for tasks to queue
[2023-05-14T23:24:59.711+0000] {logging_mixin.py:117} INFO - [2023-05-14T23:24:59.711+0000] {dagbag.py:525} INFO - Filling up the DagBag from /home/airflow/.local/lib/python3.7/site-packages/airflow/example_dags/example_bash_operator.py
[2023-05-14T23:24:59.751+0000] {processor.py:768} INFO - DAG(s) dict_keys(['example_bash_operator']) retrieved from /home/airflow/.local/lib/python3.7/site-packages/airflow/example_dags/example_bash_operator.py
[2023-05-14T23:25:00.008+0000] {logging_mixin.py:117} INFO - [2023-05-14T23:25:00.007+0000] {dag.py:2573} INFO - Sync 1 DAGs
[2023-05-14T23:25:00.048+0000] {logging_mixin.py:117} INFO - [2023-05-14T23:25:00.048+0000] {dag.py:3328} INFO - Setting next_dagrun for example_bash_operator to 2023-05-13T00:00:00+00:00, run_after=2023-05-14T00:00:00+00:00
[2023-05-14T23:25:00.076+0000] {processor.py:178} INFO - Processing /home/airflow/.local/lib/python3.7/site-packages/airflow/example_dags/example_bash_operator.py took 0.373 seconds
[2023-05-14T23:25:30.800+0000] {processor.py:156} INFO - Started process (PID=1439) to work on /home/airflow/.local/lib/python3.7/site-packages/airflow/example_dags/example_bash_operator.py
[2023-05-14T23:25:30.801+0000] {processor.py:758} INFO - Processing file /home/airflow/.local/lib/python3.7/site-packages/airflow/example_dags/example_bash_operator.py for tasks to queue
[2023-05-14T23:25:30.803+0000] {logging_mixin.py:117} INFO - [2023-05-14T23:25:30.802+0000] {dagbag.py:525} INFO - Filling up the DagBag from /home/airflow/.local/lib/python3.7/site-packages/airflow/example_dags/example_bash_operator.py
[2023-05-14T23:25:31.039+0000] {processor.py:768} INFO - DAG(s) dict_keys(['example_bash_operator']) retrieved from /home/airflow/.local/lib/python3.7/site-packages/airflow/example_dags/example_bash_operator.py
[2023-05-14T23:25:31.101+0000] {logging_mixin.py:117} INFO - [2023-05-14T23:25:31.101+0000] {dag.py:2573} INFO - Sync 1 DAGs
[2023-05-14T23:25:31.134+0000] {logging_mixin.py:117} INFO - [2023-05-14T23:25:31.134+0000] {dag.py:3328} INFO - Setting next_dagrun for example_bash_operator to 2023-05-13T00:00:00+00:00, run_after=2023-05-14T00:00:00+00:00
[2023-05-14T23:25:31.156+0000] {processor.py:178} INFO - Processing /home/airflow/.local/lib/python3.7/site-packages/airflow/example_dags/example_bash_operator.py took 0.366 seconds
[2023-05-14T23:26:02.107+0000] {processor.py:156} INFO - Started process (PID=1647) to work on /home/airflow/.local/lib/python3.7/site-packages/airflow/example_dags/example_bash_operator.py
[2023-05-14T23:26:02.107+0000] {processor.py:758} INFO - Processing file /home/airflow/.local/lib/python3.7/site-packages/airflow/example_dags/example_bash_operator.py for tasks to queue
[2023-05-14T23:26:02.108+0000] {logging_mixin.py:117} INFO - [2023-05-14T23:26:02.108+0000] {dagbag.py:525} INFO - Filling up the DagBag from /home/airflow/.local/lib/python3.7/site-packages/airflow/example_dags/example_bash_operator.py
[2023-05-14T23:26:02.147+0000] {processor.py:768} INFO - DAG(s) dict_keys(['example_bash_operator']) retrieved from /home/airflow/.local/lib/python3.7/site-packages/airflow/example_dags/example_bash_operator.py
[2023-05-14T23:26:02.243+0000] {logging_mixin.py:117} INFO - [2023-05-14T23:26:02.243+0000] {dag.py:2573} INFO - Sync 1 DAGs
[2023-05-14T23:26:02.283+0000] {logging_mixin.py:117} INFO - [2023-05-14T23:26:02.283+0000] {dag.py:3328} INFO - Setting next_dagrun for example_bash_operator to 2023-05-13T00:00:00+00:00, run_after=2023-05-14T00:00:00+00:00
[2023-05-14T23:26:02.312+0000] {processor.py:178} INFO - Processing /home/airflow/.local/lib/python3.7/site-packages/airflow/example_dags/example_bash_operator.py took 0.210 seconds
[2023-05-14T23:26:33.257+0000] {processor.py:156} INFO - Started process (PID=1847) to work on /home/airflow/.local/lib/python3.7/site-packages/airflow/example_dags/example_bash_operator.py
[2023-05-14T23:26:33.258+0000] {processor.py:758} INFO - Processing file /home/airflow/.local/lib/python3.7/site-packages/airflow/example_dags/example_bash_operator.py for tasks to queue
[2023-05-14T23:26:33.260+0000] {logging_mixin.py:117} INFO - [2023-05-14T23:26:33.260+0000] {dagbag.py:525} INFO - Filling up the DagBag from /home/airflow/.local/lib/python3.7/site-packages/airflow/example_dags/example_bash_operator.py
[2023-05-14T23:26:33.296+0000] {processor.py:768} INFO - DAG(s) dict_keys(['example_bash_operator']) retrieved from /home/airflow/.local/lib/python3.7/site-packages/airflow/example_dags/example_bash_operator.py
[2023-05-14T23:26:33.378+0000] {logging_mixin.py:117} INFO - [2023-05-14T23:26:33.378+0000] {dag.py:2573} INFO - Sync 1 DAGs
[2023-05-14T23:26:33.414+0000] {logging_mixin.py:117} INFO - [2023-05-14T23:26:33.414+0000] {dag.py:3328} INFO - Setting next_dagrun for example_bash_operator to 2023-05-13T00:00:00+00:00, run_after=2023-05-14T00:00:00+00:00
[2023-05-14T23:26:33.438+0000] {processor.py:178} INFO - Processing /home/airflow/.local/lib/python3.7/site-packages/airflow/example_dags/example_bash_operator.py took 0.189 seconds
