[2023-05-14T23:07:02.487+0000] {processor.py:156} INFO - Started process (PID=181) to work on /home/airflow/.local/lib/python3.7/site-packages/airflow/example_dags/example_datasets.py
[2023-05-14T23:07:02.488+0000] {processor.py:758} INFO - Processing file /home/airflow/.local/lib/python3.7/site-packages/airflow/example_dags/example_datasets.py for tasks to queue
[2023-05-14T23:07:02.490+0000] {logging_mixin.py:117} INFO - [2023-05-14T23:07:02.489+0000] {dagbag.py:525} INFO - Filling up the DagBag from /home/airflow/.local/lib/python3.7/site-packages/airflow/example_dags/example_datasets.py
[2023-05-14T23:07:02.542+0000] {processor.py:768} INFO - DAG(s) dict_keys(['dataset_consumes_1', 'dataset_consumes_1_never_scheduled', 'dataset_consumes_unknown_never_scheduled', 'dataset_produces_1', 'dataset_consumes_1_and_2', 'dataset_produces_2']) retrieved from /home/airflow/.local/lib/python3.7/site-packages/airflow/example_dags/example_datasets.py
[2023-05-14T23:07:02.607+0000] {logging_mixin.py:117} INFO - [2023-05-14T23:07:02.607+0000] {dag.py:2573} INFO - Sync 6 DAGs
[2023-05-14T23:07:02.653+0000] {logging_mixin.py:117} INFO - [2023-05-14T23:07:02.653+0000] {dag.py:3328} INFO - Setting next_dagrun for dataset_consumes_1 to None, run_after=None
[2023-05-14T23:07:02.659+0000] {logging_mixin.py:117} INFO - [2023-05-14T23:07:02.659+0000] {dag.py:3328} INFO - Setting next_dagrun for dataset_consumes_1_and_2 to None, run_after=None
[2023-05-14T23:07:02.661+0000] {logging_mixin.py:117} INFO - [2023-05-14T23:07:02.661+0000] {dag.py:3328} INFO - Setting next_dagrun for dataset_consumes_1_never_scheduled to None, run_after=None
[2023-05-14T23:07:02.662+0000] {logging_mixin.py:117} INFO - [2023-05-14T23:07:02.662+0000] {dag.py:3328} INFO - Setting next_dagrun for dataset_consumes_unknown_never_scheduled to None, run_after=None
[2023-05-14T23:07:02.665+0000] {logging_mixin.py:117} INFO - [2023-05-14T23:07:02.665+0000] {dag.py:3328} INFO - Setting next_dagrun for dataset_produces_1 to 2023-05-13T00:00:00+00:00, run_after=2023-05-14T00:00:00+00:00
[2023-05-14T23:07:02.671+0000] {logging_mixin.py:117} INFO - [2023-05-14T23:07:02.671+0000] {dag.py:3328} INFO - Setting next_dagrun for dataset_produces_2 to None, run_after=None
[2023-05-14T23:07:02.728+0000] {processor.py:178} INFO - Processing /home/airflow/.local/lib/python3.7/site-packages/airflow/example_dags/example_datasets.py took 0.244 seconds
[2023-05-14T23:07:32.988+0000] {processor.py:156} INFO - Started process (PID=386) to work on /home/airflow/.local/lib/python3.7/site-packages/airflow/example_dags/example_datasets.py
[2023-05-14T23:07:32.988+0000] {processor.py:758} INFO - Processing file /home/airflow/.local/lib/python3.7/site-packages/airflow/example_dags/example_datasets.py for tasks to queue
[2023-05-14T23:07:32.989+0000] {logging_mixin.py:117} INFO - [2023-05-14T23:07:32.989+0000] {dagbag.py:525} INFO - Filling up the DagBag from /home/airflow/.local/lib/python3.7/site-packages/airflow/example_dags/example_datasets.py
[2023-05-14T23:07:33.014+0000] {processor.py:768} INFO - DAG(s) dict_keys(['dataset_produces_2', 'dataset_consumes_1_never_scheduled', 'dataset_consumes_1', 'dataset_consumes_1_and_2', 'dataset_produces_1', 'dataset_consumes_unknown_never_scheduled']) retrieved from /home/airflow/.local/lib/python3.7/site-packages/airflow/example_dags/example_datasets.py
[2023-05-14T23:07:33.361+0000] {logging_mixin.py:117} INFO - [2023-05-14T23:07:33.360+0000] {dag.py:2573} INFO - Sync 6 DAGs
[2023-05-14T23:07:33.630+0000] {logging_mixin.py:117} INFO - [2023-05-14T23:07:33.629+0000] {dag.py:3328} INFO - Setting next_dagrun for dataset_consumes_1 to None, run_after=None
[2023-05-14T23:07:33.636+0000] {logging_mixin.py:117} INFO - [2023-05-14T23:07:33.635+0000] {dag.py:3328} INFO - Setting next_dagrun for dataset_consumes_1_and_2 to None, run_after=None
[2023-05-14T23:07:33.638+0000] {logging_mixin.py:117} INFO - [2023-05-14T23:07:33.638+0000] {dag.py:3328} INFO - Setting next_dagrun for dataset_consumes_1_never_scheduled to None, run_after=None
[2023-05-14T23:07:33.641+0000] {logging_mixin.py:117} INFO - [2023-05-14T23:07:33.640+0000] {dag.py:3328} INFO - Setting next_dagrun for dataset_consumes_unknown_never_scheduled to None, run_after=None
[2023-05-14T23:07:33.646+0000] {logging_mixin.py:117} INFO - [2023-05-14T23:07:33.646+0000] {dag.py:3328} INFO - Setting next_dagrun for dataset_produces_1 to 2023-05-13T00:00:00+00:00, run_after=2023-05-14T00:00:00+00:00
[2023-05-14T23:07:33.651+0000] {logging_mixin.py:117} INFO - [2023-05-14T23:07:33.651+0000] {dag.py:3328} INFO - Setting next_dagrun for dataset_produces_2 to None, run_after=None
[2023-05-14T23:07:33.713+0000] {processor.py:178} INFO - Processing /home/airflow/.local/lib/python3.7/site-packages/airflow/example_dags/example_datasets.py took 0.731 seconds
[2023-05-14T23:08:03.806+0000] {processor.py:156} INFO - Started process (PID=590) to work on /home/airflow/.local/lib/python3.7/site-packages/airflow/example_dags/example_datasets.py
[2023-05-14T23:08:03.807+0000] {processor.py:758} INFO - Processing file /home/airflow/.local/lib/python3.7/site-packages/airflow/example_dags/example_datasets.py for tasks to queue
[2023-05-14T23:08:03.808+0000] {logging_mixin.py:117} INFO - [2023-05-14T23:08:03.808+0000] {dagbag.py:525} INFO - Filling up the DagBag from /home/airflow/.local/lib/python3.7/site-packages/airflow/example_dags/example_datasets.py
[2023-05-14T23:08:03.835+0000] {processor.py:768} INFO - DAG(s) dict_keys(['dataset_produces_1', 'dataset_produces_2', 'dataset_consumes_1_never_scheduled', 'dataset_consumes_1', 'dataset_consumes_1_and_2', 'dataset_consumes_unknown_never_scheduled']) retrieved from /home/airflow/.local/lib/python3.7/site-packages/airflow/example_dags/example_datasets.py
[2023-05-14T23:08:03.917+0000] {logging_mixin.py:117} INFO - [2023-05-14T23:08:03.917+0000] {dag.py:2573} INFO - Sync 6 DAGs
[2023-05-14T23:08:03.959+0000] {logging_mixin.py:117} INFO - [2023-05-14T23:08:03.958+0000] {dag.py:3328} INFO - Setting next_dagrun for dataset_consumes_1 to None, run_after=None
[2023-05-14T23:08:03.964+0000] {logging_mixin.py:117} INFO - [2023-05-14T23:08:03.963+0000] {dag.py:3328} INFO - Setting next_dagrun for dataset_consumes_1_and_2 to None, run_after=None
[2023-05-14T23:08:03.965+0000] {logging_mixin.py:117} INFO - [2023-05-14T23:08:03.965+0000] {dag.py:3328} INFO - Setting next_dagrun for dataset_consumes_1_never_scheduled to None, run_after=None
[2023-05-14T23:08:03.967+0000] {logging_mixin.py:117} INFO - [2023-05-14T23:08:03.967+0000] {dag.py:3328} INFO - Setting next_dagrun for dataset_consumes_unknown_never_scheduled to None, run_after=None
[2023-05-14T23:08:03.971+0000] {logging_mixin.py:117} INFO - [2023-05-14T23:08:03.971+0000] {dag.py:3328} INFO - Setting next_dagrun for dataset_produces_1 to 2023-05-13T00:00:00+00:00, run_after=2023-05-14T00:00:00+00:00
[2023-05-14T23:08:04.133+0000] {logging_mixin.py:117} INFO - [2023-05-14T23:08:04.133+0000] {dag.py:3328} INFO - Setting next_dagrun for dataset_produces_2 to None, run_after=None
[2023-05-14T23:08:04.177+0000] {processor.py:178} INFO - Processing /home/airflow/.local/lib/python3.7/site-packages/airflow/example_dags/example_datasets.py took 0.374 seconds
[2023-05-14T23:08:35.142+0000] {processor.py:156} INFO - Started process (PID=792) to work on /home/airflow/.local/lib/python3.7/site-packages/airflow/example_dags/example_datasets.py
[2023-05-14T23:08:35.143+0000] {processor.py:758} INFO - Processing file /home/airflow/.local/lib/python3.7/site-packages/airflow/example_dags/example_datasets.py for tasks to queue
[2023-05-14T23:08:35.144+0000] {logging_mixin.py:117} INFO - [2023-05-14T23:08:35.143+0000] {dagbag.py:525} INFO - Filling up the DagBag from /home/airflow/.local/lib/python3.7/site-packages/airflow/example_dags/example_datasets.py
[2023-05-14T23:08:35.161+0000] {processor.py:768} INFO - DAG(s) dict_keys(['dataset_consumes_1_never_scheduled', 'dataset_produces_1', 'dataset_consumes_1', 'dataset_consumes_unknown_never_scheduled', 'dataset_consumes_1_and_2', 'dataset_produces_2']) retrieved from /home/airflow/.local/lib/python3.7/site-packages/airflow/example_dags/example_datasets.py
[2023-05-14T23:08:35.219+0000] {logging_mixin.py:117} INFO - [2023-05-14T23:08:35.219+0000] {dag.py:2573} INFO - Sync 6 DAGs
[2023-05-14T23:08:35.375+0000] {logging_mixin.py:117} INFO - [2023-05-14T23:08:35.374+0000] {dag.py:3328} INFO - Setting next_dagrun for dataset_consumes_1 to None, run_after=None
[2023-05-14T23:08:35.379+0000] {logging_mixin.py:117} INFO - [2023-05-14T23:08:35.379+0000] {dag.py:3328} INFO - Setting next_dagrun for dataset_consumes_1_and_2 to None, run_after=None
[2023-05-14T23:08:35.381+0000] {logging_mixin.py:117} INFO - [2023-05-14T23:08:35.380+0000] {dag.py:3328} INFO - Setting next_dagrun for dataset_consumes_1_never_scheduled to None, run_after=None
[2023-05-14T23:08:35.382+0000] {logging_mixin.py:117} INFO - [2023-05-14T23:08:35.382+0000] {dag.py:3328} INFO - Setting next_dagrun for dataset_consumes_unknown_never_scheduled to None, run_after=None
[2023-05-14T23:08:35.385+0000] {logging_mixin.py:117} INFO - [2023-05-14T23:08:35.384+0000] {dag.py:3328} INFO - Setting next_dagrun for dataset_produces_1 to 2023-05-13T00:00:00+00:00, run_after=2023-05-14T00:00:00+00:00
[2023-05-14T23:08:35.386+0000] {logging_mixin.py:117} INFO - [2023-05-14T23:08:35.386+0000] {dag.py:3328} INFO - Setting next_dagrun for dataset_produces_2 to None, run_after=None
[2023-05-14T23:08:35.418+0000] {processor.py:178} INFO - Processing /home/airflow/.local/lib/python3.7/site-packages/airflow/example_dags/example_datasets.py took 0.279 seconds
[2023-05-14T23:09:05.729+0000] {processor.py:156} INFO - Started process (PID=997) to work on /home/airflow/.local/lib/python3.7/site-packages/airflow/example_dags/example_datasets.py
[2023-05-14T23:09:05.730+0000] {processor.py:758} INFO - Processing file /home/airflow/.local/lib/python3.7/site-packages/airflow/example_dags/example_datasets.py for tasks to queue
[2023-05-14T23:09:05.730+0000] {logging_mixin.py:117} INFO - [2023-05-14T23:09:05.730+0000] {dagbag.py:525} INFO - Filling up the DagBag from /home/airflow/.local/lib/python3.7/site-packages/airflow/example_dags/example_datasets.py
[2023-05-14T23:09:05.748+0000] {processor.py:768} INFO - DAG(s) dict_keys(['dataset_consumes_1_never_scheduled', 'dataset_consumes_1_and_2', 'dataset_produces_2', 'dataset_consumes_1', 'dataset_consumes_unknown_never_scheduled', 'dataset_produces_1']) retrieved from /home/airflow/.local/lib/python3.7/site-packages/airflow/example_dags/example_datasets.py
[2023-05-14T23:09:05.927+0000] {logging_mixin.py:117} INFO - [2023-05-14T23:09:05.926+0000] {dag.py:2573} INFO - Sync 6 DAGs
[2023-05-14T23:09:05.951+0000] {logging_mixin.py:117} INFO - [2023-05-14T23:09:05.950+0000] {dag.py:3328} INFO - Setting next_dagrun for dataset_consumes_1 to None, run_after=None
[2023-05-14T23:09:05.956+0000] {logging_mixin.py:117} INFO - [2023-05-14T23:09:05.956+0000] {dag.py:3328} INFO - Setting next_dagrun for dataset_consumes_1_and_2 to None, run_after=None
[2023-05-14T23:09:05.958+0000] {logging_mixin.py:117} INFO - [2023-05-14T23:09:05.958+0000] {dag.py:3328} INFO - Setting next_dagrun for dataset_consumes_1_never_scheduled to None, run_after=None
[2023-05-14T23:09:05.960+0000] {logging_mixin.py:117} INFO - [2023-05-14T23:09:05.960+0000] {dag.py:3328} INFO - Setting next_dagrun for dataset_consumes_unknown_never_scheduled to None, run_after=None
[2023-05-14T23:09:05.965+0000] {logging_mixin.py:117} INFO - [2023-05-14T23:09:05.965+0000] {dag.py:3328} INFO - Setting next_dagrun for dataset_produces_1 to 2023-05-13T00:00:00+00:00, run_after=2023-05-14T00:00:00+00:00
[2023-05-14T23:09:05.967+0000] {logging_mixin.py:117} INFO - [2023-05-14T23:09:05.967+0000] {dag.py:3328} INFO - Setting next_dagrun for dataset_produces_2 to None, run_after=None
[2023-05-14T23:09:06.004+0000] {processor.py:178} INFO - Processing /home/airflow/.local/lib/python3.7/site-packages/airflow/example_dags/example_datasets.py took 0.278 seconds
[2023-05-14T23:09:36.091+0000] {processor.py:156} INFO - Started process (PID=1196) to work on /home/airflow/.local/lib/python3.7/site-packages/airflow/example_dags/example_datasets.py
[2023-05-14T23:09:36.092+0000] {processor.py:758} INFO - Processing file /home/airflow/.local/lib/python3.7/site-packages/airflow/example_dags/example_datasets.py for tasks to queue
[2023-05-14T23:09:36.093+0000] {logging_mixin.py:117} INFO - [2023-05-14T23:09:36.092+0000] {dagbag.py:525} INFO - Filling up the DagBag from /home/airflow/.local/lib/python3.7/site-packages/airflow/example_dags/example_datasets.py
[2023-05-14T23:09:36.109+0000] {processor.py:768} INFO - DAG(s) dict_keys(['dataset_consumes_1_never_scheduled', 'dataset_produces_2', 'dataset_produces_1', 'dataset_consumes_1_and_2', 'dataset_consumes_1', 'dataset_consumes_unknown_never_scheduled']) retrieved from /home/airflow/.local/lib/python3.7/site-packages/airflow/example_dags/example_datasets.py
[2023-05-14T23:09:36.288+0000] {logging_mixin.py:117} INFO - [2023-05-14T23:09:36.288+0000] {dag.py:2573} INFO - Sync 6 DAGs
[2023-05-14T23:09:36.313+0000] {logging_mixin.py:117} INFO - [2023-05-14T23:09:36.313+0000] {dag.py:3328} INFO - Setting next_dagrun for dataset_consumes_1 to None, run_after=None
[2023-05-14T23:09:36.318+0000] {logging_mixin.py:117} INFO - [2023-05-14T23:09:36.318+0000] {dag.py:3328} INFO - Setting next_dagrun for dataset_consumes_1_and_2 to None, run_after=None
[2023-05-14T23:09:36.319+0000] {logging_mixin.py:117} INFO - [2023-05-14T23:09:36.319+0000] {dag.py:3328} INFO - Setting next_dagrun for dataset_consumes_1_never_scheduled to None, run_after=None
[2023-05-14T23:09:36.320+0000] {logging_mixin.py:117} INFO - [2023-05-14T23:09:36.320+0000] {dag.py:3328} INFO - Setting next_dagrun for dataset_consumes_unknown_never_scheduled to None, run_after=None
[2023-05-14T23:09:36.322+0000] {logging_mixin.py:117} INFO - [2023-05-14T23:09:36.322+0000] {dag.py:3328} INFO - Setting next_dagrun for dataset_produces_1 to 2023-05-13T00:00:00+00:00, run_after=2023-05-14T00:00:00+00:00
[2023-05-14T23:09:36.323+0000] {logging_mixin.py:117} INFO - [2023-05-14T23:09:36.323+0000] {dag.py:3328} INFO - Setting next_dagrun for dataset_produces_2 to None, run_after=None
[2023-05-14T23:09:36.357+0000] {processor.py:178} INFO - Processing /home/airflow/.local/lib/python3.7/site-packages/airflow/example_dags/example_datasets.py took 0.269 seconds
[2023-05-14T23:10:06.713+0000] {processor.py:156} INFO - Started process (PID=1404) to work on /home/airflow/.local/lib/python3.7/site-packages/airflow/example_dags/example_datasets.py
[2023-05-14T23:10:06.713+0000] {processor.py:758} INFO - Processing file /home/airflow/.local/lib/python3.7/site-packages/airflow/example_dags/example_datasets.py for tasks to queue
[2023-05-14T23:10:06.714+0000] {logging_mixin.py:117} INFO - [2023-05-14T23:10:06.714+0000] {dagbag.py:525} INFO - Filling up the DagBag from /home/airflow/.local/lib/python3.7/site-packages/airflow/example_dags/example_datasets.py
[2023-05-14T23:10:06.840+0000] {processor.py:768} INFO - DAG(s) dict_keys(['dataset_consumes_1_never_scheduled', 'dataset_produces_1', 'dataset_produces_2', 'dataset_consumes_1_and_2', 'dataset_consumes_1', 'dataset_consumes_unknown_never_scheduled']) retrieved from /home/airflow/.local/lib/python3.7/site-packages/airflow/example_dags/example_datasets.py
[2023-05-14T23:10:06.897+0000] {logging_mixin.py:117} INFO - [2023-05-14T23:10:06.897+0000] {dag.py:2573} INFO - Sync 6 DAGs
[2023-05-14T23:10:06.927+0000] {logging_mixin.py:117} INFO - [2023-05-14T23:10:06.927+0000] {dag.py:3328} INFO - Setting next_dagrun for dataset_consumes_1 to None, run_after=None
[2023-05-14T23:10:06.931+0000] {logging_mixin.py:117} INFO - [2023-05-14T23:10:06.931+0000] {dag.py:3328} INFO - Setting next_dagrun for dataset_consumes_1_and_2 to None, run_after=None
[2023-05-14T23:10:06.933+0000] {logging_mixin.py:117} INFO - [2023-05-14T23:10:06.933+0000] {dag.py:3328} INFO - Setting next_dagrun for dataset_consumes_1_never_scheduled to None, run_after=None
[2023-05-14T23:10:06.935+0000] {logging_mixin.py:117} INFO - [2023-05-14T23:10:06.934+0000] {dag.py:3328} INFO - Setting next_dagrun for dataset_consumes_unknown_never_scheduled to None, run_after=None
[2023-05-14T23:10:06.938+0000] {logging_mixin.py:117} INFO - [2023-05-14T23:10:06.938+0000] {dag.py:3328} INFO - Setting next_dagrun for dataset_produces_1 to 2023-05-13T00:00:00+00:00, run_after=2023-05-14T00:00:00+00:00
[2023-05-14T23:10:06.939+0000] {logging_mixin.py:117} INFO - [2023-05-14T23:10:06.939+0000] {dag.py:3328} INFO - Setting next_dagrun for dataset_produces_2 to None, run_after=None
[2023-05-14T23:10:06.973+0000] {processor.py:178} INFO - Processing /home/airflow/.local/lib/python3.7/site-packages/airflow/example_dags/example_datasets.py took 0.263 seconds
[2023-05-14T23:10:37.324+0000] {processor.py:156} INFO - Started process (PID=1609) to work on /home/airflow/.local/lib/python3.7/site-packages/airflow/example_dags/example_datasets.py
[2023-05-14T23:10:37.325+0000] {processor.py:758} INFO - Processing file /home/airflow/.local/lib/python3.7/site-packages/airflow/example_dags/example_datasets.py for tasks to queue
[2023-05-14T23:10:37.327+0000] {logging_mixin.py:117} INFO - [2023-05-14T23:10:37.326+0000] {dagbag.py:525} INFO - Filling up the DagBag from /home/airflow/.local/lib/python3.7/site-packages/airflow/example_dags/example_datasets.py
[2023-05-14T23:10:37.372+0000] {processor.py:768} INFO - DAG(s) dict_keys(['dataset_consumes_1_never_scheduled', 'dataset_consumes_1', 'dataset_produces_2', 'dataset_consumes_1_and_2', 'dataset_consumes_unknown_never_scheduled', 'dataset_produces_1']) retrieved from /home/airflow/.local/lib/python3.7/site-packages/airflow/example_dags/example_datasets.py
[2023-05-14T23:10:37.467+0000] {logging_mixin.py:117} INFO - [2023-05-14T23:10:37.467+0000] {dag.py:2573} INFO - Sync 6 DAGs
[2023-05-14T23:10:37.519+0000] {logging_mixin.py:117} INFO - [2023-05-14T23:10:37.519+0000] {dag.py:3328} INFO - Setting next_dagrun for dataset_consumes_1 to None, run_after=None
[2023-05-14T23:10:37.524+0000] {logging_mixin.py:117} INFO - [2023-05-14T23:10:37.524+0000] {dag.py:3328} INFO - Setting next_dagrun for dataset_consumes_1_and_2 to None, run_after=None
[2023-05-14T23:10:37.527+0000] {logging_mixin.py:117} INFO - [2023-05-14T23:10:37.527+0000] {dag.py:3328} INFO - Setting next_dagrun for dataset_consumes_1_never_scheduled to None, run_after=None
[2023-05-14T23:10:37.531+0000] {logging_mixin.py:117} INFO - [2023-05-14T23:10:37.530+0000] {dag.py:3328} INFO - Setting next_dagrun for dataset_consumes_unknown_never_scheduled to None, run_after=None
[2023-05-14T23:10:37.536+0000] {logging_mixin.py:117} INFO - [2023-05-14T23:10:37.536+0000] {dag.py:3328} INFO - Setting next_dagrun for dataset_produces_1 to 2023-05-13T00:00:00+00:00, run_after=2023-05-14T00:00:00+00:00
[2023-05-14T23:10:37.538+0000] {logging_mixin.py:117} INFO - [2023-05-14T23:10:37.538+0000] {dag.py:3328} INFO - Setting next_dagrun for dataset_produces_2 to None, run_after=None
[2023-05-14T23:10:37.593+0000] {processor.py:178} INFO - Processing /home/airflow/.local/lib/python3.7/site-packages/airflow/example_dags/example_datasets.py took 0.512 seconds
[2023-05-14T23:11:08.424+0000] {processor.py:156} INFO - Started process (PID=1807) to work on /home/airflow/.local/lib/python3.7/site-packages/airflow/example_dags/example_datasets.py
[2023-05-14T23:11:08.425+0000] {processor.py:758} INFO - Processing file /home/airflow/.local/lib/python3.7/site-packages/airflow/example_dags/example_datasets.py for tasks to queue
[2023-05-14T23:11:08.427+0000] {logging_mixin.py:117} INFO - [2023-05-14T23:11:08.426+0000] {dagbag.py:525} INFO - Filling up the DagBag from /home/airflow/.local/lib/python3.7/site-packages/airflow/example_dags/example_datasets.py
[2023-05-14T23:11:08.473+0000] {processor.py:768} INFO - DAG(s) dict_keys(['dataset_consumes_unknown_never_scheduled', 'dataset_consumes_1_never_scheduled', 'dataset_consumes_1_and_2', 'dataset_consumes_1', 'dataset_produces_1', 'dataset_produces_2']) retrieved from /home/airflow/.local/lib/python3.7/site-packages/airflow/example_dags/example_datasets.py
[2023-05-14T23:11:08.595+0000] {logging_mixin.py:117} INFO - [2023-05-14T23:11:08.595+0000] {dag.py:2573} INFO - Sync 6 DAGs
[2023-05-14T23:11:08.657+0000] {logging_mixin.py:117} INFO - [2023-05-14T23:11:08.656+0000] {dag.py:3328} INFO - Setting next_dagrun for dataset_consumes_1 to None, run_after=None
[2023-05-14T23:11:08.664+0000] {logging_mixin.py:117} INFO - [2023-05-14T23:11:08.664+0000] {dag.py:3328} INFO - Setting next_dagrun for dataset_consumes_1_and_2 to None, run_after=None
[2023-05-14T23:11:08.666+0000] {logging_mixin.py:117} INFO - [2023-05-14T23:11:08.666+0000] {dag.py:3328} INFO - Setting next_dagrun for dataset_consumes_1_never_scheduled to None, run_after=None
[2023-05-14T23:11:08.669+0000] {logging_mixin.py:117} INFO - [2023-05-14T23:11:08.669+0000] {dag.py:3328} INFO - Setting next_dagrun for dataset_consumes_unknown_never_scheduled to None, run_after=None
[2023-05-14T23:11:08.676+0000] {logging_mixin.py:117} INFO - [2023-05-14T23:11:08.676+0000] {dag.py:3328} INFO - Setting next_dagrun for dataset_produces_1 to 2023-05-13T00:00:00+00:00, run_after=2023-05-14T00:00:00+00:00
[2023-05-14T23:11:08.680+0000] {logging_mixin.py:117} INFO - [2023-05-14T23:11:08.680+0000] {dag.py:3328} INFO - Setting next_dagrun for dataset_produces_2 to None, run_after=None
[2023-05-14T23:11:08.751+0000] {processor.py:178} INFO - Processing /home/airflow/.local/lib/python3.7/site-packages/airflow/example_dags/example_datasets.py took 0.335 seconds
[2023-05-14T23:11:39.660+0000] {processor.py:156} INFO - Started process (PID=2014) to work on /home/airflow/.local/lib/python3.7/site-packages/airflow/example_dags/example_datasets.py
[2023-05-14T23:11:39.662+0000] {processor.py:758} INFO - Processing file /home/airflow/.local/lib/python3.7/site-packages/airflow/example_dags/example_datasets.py for tasks to queue
[2023-05-14T23:11:39.663+0000] {logging_mixin.py:117} INFO - [2023-05-14T23:11:39.663+0000] {dagbag.py:525} INFO - Filling up the DagBag from /home/airflow/.local/lib/python3.7/site-packages/airflow/example_dags/example_datasets.py
[2023-05-14T23:11:39.691+0000] {processor.py:768} INFO - DAG(s) dict_keys(['dataset_consumes_1_never_scheduled', 'dataset_produces_1', 'dataset_consumes_unknown_never_scheduled', 'dataset_consumes_1_and_2', 'dataset_produces_2', 'dataset_consumes_1']) retrieved from /home/airflow/.local/lib/python3.7/site-packages/airflow/example_dags/example_datasets.py
[2023-05-14T23:11:39.778+0000] {logging_mixin.py:117} INFO - [2023-05-14T23:11:39.777+0000] {dag.py:2573} INFO - Sync 6 DAGs
[2023-05-14T23:11:39.823+0000] {logging_mixin.py:117} INFO - [2023-05-14T23:11:39.823+0000] {dag.py:3328} INFO - Setting next_dagrun for dataset_consumes_1 to None, run_after=None
[2023-05-14T23:11:39.831+0000] {logging_mixin.py:117} INFO - [2023-05-14T23:11:39.831+0000] {dag.py:3328} INFO - Setting next_dagrun for dataset_consumes_1_and_2 to None, run_after=None
[2023-05-14T23:11:39.832+0000] {logging_mixin.py:117} INFO - [2023-05-14T23:11:39.832+0000] {dag.py:3328} INFO - Setting next_dagrun for dataset_consumes_1_never_scheduled to None, run_after=None
[2023-05-14T23:11:39.834+0000] {logging_mixin.py:117} INFO - [2023-05-14T23:11:39.834+0000] {dag.py:3328} INFO - Setting next_dagrun for dataset_consumes_unknown_never_scheduled to None, run_after=None
[2023-05-14T23:11:39.842+0000] {logging_mixin.py:117} INFO - [2023-05-14T23:11:39.842+0000] {dag.py:3328} INFO - Setting next_dagrun for dataset_produces_1 to 2023-05-13T00:00:00+00:00, run_after=2023-05-14T00:00:00+00:00
[2023-05-14T23:11:39.849+0000] {logging_mixin.py:117} INFO - [2023-05-14T23:11:39.849+0000] {dag.py:3328} INFO - Setting next_dagrun for dataset_produces_2 to None, run_after=None
[2023-05-14T23:11:39.918+0000] {processor.py:178} INFO - Processing /home/airflow/.local/lib/python3.7/site-packages/airflow/example_dags/example_datasets.py took 0.265 seconds
[2023-05-14T23:12:10.087+0000] {processor.py:156} INFO - Started process (PID=2211) to work on /home/airflow/.local/lib/python3.7/site-packages/airflow/example_dags/example_datasets.py
[2023-05-14T23:12:10.089+0000] {processor.py:758} INFO - Processing file /home/airflow/.local/lib/python3.7/site-packages/airflow/example_dags/example_datasets.py for tasks to queue
[2023-05-14T23:12:10.090+0000] {logging_mixin.py:117} INFO - [2023-05-14T23:12:10.090+0000] {dagbag.py:525} INFO - Filling up the DagBag from /home/airflow/.local/lib/python3.7/site-packages/airflow/example_dags/example_datasets.py
[2023-05-14T23:12:10.127+0000] {processor.py:768} INFO - DAG(s) dict_keys(['dataset_produces_2', 'dataset_consumes_1_and_2', 'dataset_consumes_1_never_scheduled', 'dataset_produces_1', 'dataset_consumes_1', 'dataset_consumes_unknown_never_scheduled']) retrieved from /home/airflow/.local/lib/python3.7/site-packages/airflow/example_dags/example_datasets.py
[2023-05-14T23:12:10.207+0000] {logging_mixin.py:117} INFO - [2023-05-14T23:12:10.207+0000] {dag.py:2573} INFO - Sync 6 DAGs
[2023-05-14T23:12:10.243+0000] {logging_mixin.py:117} INFO - [2023-05-14T23:12:10.243+0000] {dag.py:3328} INFO - Setting next_dagrun for dataset_consumes_1 to None, run_after=None
[2023-05-14T23:12:10.248+0000] {logging_mixin.py:117} INFO - [2023-05-14T23:12:10.247+0000] {dag.py:3328} INFO - Setting next_dagrun for dataset_consumes_1_and_2 to None, run_after=None
[2023-05-14T23:12:10.252+0000] {logging_mixin.py:117} INFO - [2023-05-14T23:12:10.252+0000] {dag.py:3328} INFO - Setting next_dagrun for dataset_consumes_1_never_scheduled to None, run_after=None
[2023-05-14T23:12:10.254+0000] {logging_mixin.py:117} INFO - [2023-05-14T23:12:10.254+0000] {dag.py:3328} INFO - Setting next_dagrun for dataset_consumes_unknown_never_scheduled to None, run_after=None
[2023-05-14T23:12:10.260+0000] {logging_mixin.py:117} INFO - [2023-05-14T23:12:10.259+0000] {dag.py:3328} INFO - Setting next_dagrun for dataset_produces_1 to 2023-05-13T00:00:00+00:00, run_after=2023-05-14T00:00:00+00:00
[2023-05-14T23:12:10.261+0000] {logging_mixin.py:117} INFO - [2023-05-14T23:12:10.261+0000] {dag.py:3328} INFO - Setting next_dagrun for dataset_produces_2 to None, run_after=None
[2023-05-14T23:12:10.310+0000] {processor.py:178} INFO - Processing /home/airflow/.local/lib/python3.7/site-packages/airflow/example_dags/example_datasets.py took 0.231 seconds
[2023-05-14T23:12:40.704+0000] {processor.py:156} INFO - Started process (PID=2416) to work on /home/airflow/.local/lib/python3.7/site-packages/airflow/example_dags/example_datasets.py
[2023-05-14T23:12:40.705+0000] {processor.py:758} INFO - Processing file /home/airflow/.local/lib/python3.7/site-packages/airflow/example_dags/example_datasets.py for tasks to queue
[2023-05-14T23:12:40.707+0000] {logging_mixin.py:117} INFO - [2023-05-14T23:12:40.706+0000] {dagbag.py:525} INFO - Filling up the DagBag from /home/airflow/.local/lib/python3.7/site-packages/airflow/example_dags/example_datasets.py
[2023-05-14T23:12:40.730+0000] {processor.py:768} INFO - DAG(s) dict_keys(['dataset_consumes_1_and_2', 'dataset_consumes_unknown_never_scheduled', 'dataset_consumes_1_never_scheduled', 'dataset_produces_2', 'dataset_consumes_1', 'dataset_produces_1']) retrieved from /home/airflow/.local/lib/python3.7/site-packages/airflow/example_dags/example_datasets.py
[2023-05-14T23:12:40.800+0000] {logging_mixin.py:117} INFO - [2023-05-14T23:12:40.800+0000] {dag.py:2573} INFO - Sync 6 DAGs
[2023-05-14T23:12:40.852+0000] {logging_mixin.py:117} INFO - [2023-05-14T23:12:40.852+0000] {dag.py:3328} INFO - Setting next_dagrun for dataset_consumes_1 to None, run_after=None
[2023-05-14T23:12:40.876+0000] {logging_mixin.py:117} INFO - [2023-05-14T23:12:40.875+0000] {dag.py:3328} INFO - Setting next_dagrun for dataset_consumes_1_and_2 to None, run_after=None
[2023-05-14T23:12:40.878+0000] {logging_mixin.py:117} INFO - [2023-05-14T23:12:40.878+0000] {dag.py:3328} INFO - Setting next_dagrun for dataset_consumes_1_never_scheduled to None, run_after=None
[2023-05-14T23:12:40.882+0000] {logging_mixin.py:117} INFO - [2023-05-14T23:12:40.881+0000] {dag.py:3328} INFO - Setting next_dagrun for dataset_consumes_unknown_never_scheduled to None, run_after=None
[2023-05-14T23:12:40.891+0000] {logging_mixin.py:117} INFO - [2023-05-14T23:12:40.891+0000] {dag.py:3328} INFO - Setting next_dagrun for dataset_produces_1 to 2023-05-13T00:00:00+00:00, run_after=2023-05-14T00:00:00+00:00
[2023-05-14T23:12:40.893+0000] {logging_mixin.py:117} INFO - [2023-05-14T23:12:40.893+0000] {dag.py:3328} INFO - Setting next_dagrun for dataset_produces_2 to None, run_after=None
[2023-05-14T23:12:40.960+0000] {processor.py:178} INFO - Processing /home/airflow/.local/lib/python3.7/site-packages/airflow/example_dags/example_datasets.py took 0.261 seconds
[2023-05-14T23:13:11.034+0000] {processor.py:156} INFO - Started process (PID=2614) to work on /home/airflow/.local/lib/python3.7/site-packages/airflow/example_dags/example_datasets.py
[2023-05-14T23:13:11.036+0000] {processor.py:758} INFO - Processing file /home/airflow/.local/lib/python3.7/site-packages/airflow/example_dags/example_datasets.py for tasks to queue
[2023-05-14T23:13:11.038+0000] {logging_mixin.py:117} INFO - [2023-05-14T23:13:11.037+0000] {dagbag.py:525} INFO - Filling up the DagBag from /home/airflow/.local/lib/python3.7/site-packages/airflow/example_dags/example_datasets.py
[2023-05-14T23:13:11.084+0000] {processor.py:768} INFO - DAG(s) dict_keys(['dataset_consumes_1_never_scheduled', 'dataset_consumes_unknown_never_scheduled', 'dataset_produces_2', 'dataset_consumes_1', 'dataset_consumes_1_and_2', 'dataset_produces_1']) retrieved from /home/airflow/.local/lib/python3.7/site-packages/airflow/example_dags/example_datasets.py
[2023-05-14T23:13:11.270+0000] {logging_mixin.py:117} INFO - [2023-05-14T23:13:11.270+0000] {dag.py:2573} INFO - Sync 6 DAGs
[2023-05-14T23:13:11.377+0000] {logging_mixin.py:117} INFO - [2023-05-14T23:13:11.377+0000] {dag.py:3328} INFO - Setting next_dagrun for dataset_consumes_1 to None, run_after=None
[2023-05-14T23:13:11.400+0000] {logging_mixin.py:117} INFO - [2023-05-14T23:13:11.400+0000] {dag.py:3328} INFO - Setting next_dagrun for dataset_consumes_1_and_2 to None, run_after=None
[2023-05-14T23:13:11.410+0000] {logging_mixin.py:117} INFO - [2023-05-14T23:13:11.410+0000] {dag.py:3328} INFO - Setting next_dagrun for dataset_consumes_1_never_scheduled to None, run_after=None
[2023-05-14T23:13:11.412+0000] {logging_mixin.py:117} INFO - [2023-05-14T23:13:11.412+0000] {dag.py:3328} INFO - Setting next_dagrun for dataset_consumes_unknown_never_scheduled to None, run_after=None
[2023-05-14T23:13:11.419+0000] {logging_mixin.py:117} INFO - [2023-05-14T23:13:11.419+0000] {dag.py:3328} INFO - Setting next_dagrun for dataset_produces_1 to 2023-05-13T00:00:00+00:00, run_after=2023-05-14T00:00:00+00:00
[2023-05-14T23:13:11.422+0000] {logging_mixin.py:117} INFO - [2023-05-14T23:13:11.422+0000] {dag.py:3328} INFO - Setting next_dagrun for dataset_produces_2 to None, run_after=None
[2023-05-14T23:13:11.496+0000] {processor.py:178} INFO - Processing /home/airflow/.local/lib/python3.7/site-packages/airflow/example_dags/example_datasets.py took 0.469 seconds
[2023-05-14T23:13:41.887+0000] {processor.py:156} INFO - Started process (PID=2821) to work on /home/airflow/.local/lib/python3.7/site-packages/airflow/example_dags/example_datasets.py
[2023-05-14T23:13:41.888+0000] {processor.py:758} INFO - Processing file /home/airflow/.local/lib/python3.7/site-packages/airflow/example_dags/example_datasets.py for tasks to queue
[2023-05-14T23:13:41.889+0000] {logging_mixin.py:117} INFO - [2023-05-14T23:13:41.889+0000] {dagbag.py:525} INFO - Filling up the DagBag from /home/airflow/.local/lib/python3.7/site-packages/airflow/example_dags/example_datasets.py
[2023-05-14T23:13:41.945+0000] {processor.py:768} INFO - DAG(s) dict_keys(['dataset_produces_2', 'dataset_consumes_1', 'dataset_consumes_unknown_never_scheduled', 'dataset_consumes_1_never_scheduled', 'dataset_consumes_1_and_2', 'dataset_produces_1']) retrieved from /home/airflow/.local/lib/python3.7/site-packages/airflow/example_dags/example_datasets.py
[2023-05-14T23:13:42.084+0000] {logging_mixin.py:117} INFO - [2023-05-14T23:13:42.084+0000] {dag.py:2573} INFO - Sync 6 DAGs
[2023-05-14T23:13:42.141+0000] {logging_mixin.py:117} INFO - [2023-05-14T23:13:42.140+0000] {dag.py:3328} INFO - Setting next_dagrun for dataset_consumes_1 to None, run_after=None
[2023-05-14T23:13:42.145+0000] {logging_mixin.py:117} INFO - [2023-05-14T23:13:42.145+0000] {dag.py:3328} INFO - Setting next_dagrun for dataset_consumes_1_and_2 to None, run_after=None
[2023-05-14T23:13:42.148+0000] {logging_mixin.py:117} INFO - [2023-05-14T23:13:42.148+0000] {dag.py:3328} INFO - Setting next_dagrun for dataset_consumes_1_never_scheduled to None, run_after=None
[2023-05-14T23:13:42.152+0000] {logging_mixin.py:117} INFO - [2023-05-14T23:13:42.152+0000] {dag.py:3328} INFO - Setting next_dagrun for dataset_consumes_unknown_never_scheduled to None, run_after=None
[2023-05-14T23:13:42.156+0000] {logging_mixin.py:117} INFO - [2023-05-14T23:13:42.156+0000] {dag.py:3328} INFO - Setting next_dagrun for dataset_produces_1 to 2023-05-13T00:00:00+00:00, run_after=2023-05-14T00:00:00+00:00
[2023-05-14T23:13:42.158+0000] {logging_mixin.py:117} INFO - [2023-05-14T23:13:42.158+0000] {dag.py:3328} INFO - Setting next_dagrun for dataset_produces_2 to None, run_after=None
[2023-05-14T23:13:42.215+0000] {processor.py:178} INFO - Processing /home/airflow/.local/lib/python3.7/site-packages/airflow/example_dags/example_datasets.py took 0.335 seconds
[2023-05-14T23:14:12.427+0000] {processor.py:156} INFO - Started process (PID=3019) to work on /home/airflow/.local/lib/python3.7/site-packages/airflow/example_dags/example_datasets.py
[2023-05-14T23:14:12.430+0000] {processor.py:758} INFO - Processing file /home/airflow/.local/lib/python3.7/site-packages/airflow/example_dags/example_datasets.py for tasks to queue
[2023-05-14T23:14:12.432+0000] {logging_mixin.py:117} INFO - [2023-05-14T23:14:12.431+0000] {dagbag.py:525} INFO - Filling up the DagBag from /home/airflow/.local/lib/python3.7/site-packages/airflow/example_dags/example_datasets.py
[2023-05-14T23:14:12.499+0000] {processor.py:768} INFO - DAG(s) dict_keys(['dataset_consumes_1', 'dataset_produces_1', 'dataset_consumes_unknown_never_scheduled', 'dataset_produces_2', 'dataset_consumes_1_and_2', 'dataset_consumes_1_never_scheduled']) retrieved from /home/airflow/.local/lib/python3.7/site-packages/airflow/example_dags/example_datasets.py
[2023-05-14T23:14:12.613+0000] {logging_mixin.py:117} INFO - [2023-05-14T23:14:12.613+0000] {dag.py:2573} INFO - Sync 6 DAGs
[2023-05-14T23:14:12.677+0000] {logging_mixin.py:117} INFO - [2023-05-14T23:14:12.677+0000] {dag.py:3328} INFO - Setting next_dagrun for dataset_consumes_1 to None, run_after=None
[2023-05-14T23:14:12.683+0000] {logging_mixin.py:117} INFO - [2023-05-14T23:14:12.683+0000] {dag.py:3328} INFO - Setting next_dagrun for dataset_consumes_1_and_2 to None, run_after=None
[2023-05-14T23:14:12.686+0000] {logging_mixin.py:117} INFO - [2023-05-14T23:14:12.686+0000] {dag.py:3328} INFO - Setting next_dagrun for dataset_consumes_1_never_scheduled to None, run_after=None
[2023-05-14T23:14:12.690+0000] {logging_mixin.py:117} INFO - [2023-05-14T23:14:12.689+0000] {dag.py:3328} INFO - Setting next_dagrun for dataset_consumes_unknown_never_scheduled to None, run_after=None
[2023-05-14T23:14:12.694+0000] {logging_mixin.py:117} INFO - [2023-05-14T23:14:12.694+0000] {dag.py:3328} INFO - Setting next_dagrun for dataset_produces_1 to 2023-05-13T00:00:00+00:00, run_after=2023-05-14T00:00:00+00:00
[2023-05-14T23:14:12.696+0000] {logging_mixin.py:117} INFO - [2023-05-14T23:14:12.695+0000] {dag.py:3328} INFO - Setting next_dagrun for dataset_produces_2 to None, run_after=None
[2023-05-14T23:14:12.741+0000] {processor.py:178} INFO - Processing /home/airflow/.local/lib/python3.7/site-packages/airflow/example_dags/example_datasets.py took 0.331 seconds
[2023-05-14T23:22:19.323+0000] {processor.py:156} INFO - Started process (PID=187) to work on /home/airflow/.local/lib/python3.7/site-packages/airflow/example_dags/example_datasets.py
[2023-05-14T23:22:19.324+0000] {processor.py:758} INFO - Processing file /home/airflow/.local/lib/python3.7/site-packages/airflow/example_dags/example_datasets.py for tasks to queue
[2023-05-14T23:22:19.325+0000] {logging_mixin.py:117} INFO - [2023-05-14T23:22:19.324+0000] {dagbag.py:525} INFO - Filling up the DagBag from /home/airflow/.local/lib/python3.7/site-packages/airflow/example_dags/example_datasets.py
[2023-05-14T23:22:19.354+0000] {processor.py:768} INFO - DAG(s) dict_keys(['dataset_consumes_1_never_scheduled', 'dataset_consumes_1_and_2', 'dataset_consumes_1', 'dataset_produces_1', 'dataset_produces_2', 'dataset_consumes_unknown_never_scheduled']) retrieved from /home/airflow/.local/lib/python3.7/site-packages/airflow/example_dags/example_datasets.py
[2023-05-14T23:22:19.397+0000] {logging_mixin.py:117} INFO - [2023-05-14T23:22:19.397+0000] {dag.py:2573} INFO - Sync 6 DAGs
[2023-05-14T23:22:19.442+0000] {logging_mixin.py:117} INFO - [2023-05-14T23:22:19.442+0000] {dag.py:3328} INFO - Setting next_dagrun for dataset_consumes_1 to None, run_after=None
[2023-05-14T23:22:19.447+0000] {logging_mixin.py:117} INFO - [2023-05-14T23:22:19.447+0000] {dag.py:3328} INFO - Setting next_dagrun for dataset_consumes_1_and_2 to None, run_after=None
[2023-05-14T23:22:19.449+0000] {logging_mixin.py:117} INFO - [2023-05-14T23:22:19.449+0000] {dag.py:3328} INFO - Setting next_dagrun for dataset_consumes_1_never_scheduled to None, run_after=None
[2023-05-14T23:22:19.451+0000] {logging_mixin.py:117} INFO - [2023-05-14T23:22:19.451+0000] {dag.py:3328} INFO - Setting next_dagrun for dataset_consumes_unknown_never_scheduled to None, run_after=None
[2023-05-14T23:22:19.455+0000] {logging_mixin.py:117} INFO - [2023-05-14T23:22:19.455+0000] {dag.py:3328} INFO - Setting next_dagrun for dataset_produces_1 to 2023-05-13T00:00:00+00:00, run_after=2023-05-14T00:00:00+00:00
[2023-05-14T23:22:19.457+0000] {logging_mixin.py:117} INFO - [2023-05-14T23:22:19.457+0000] {dag.py:3328} INFO - Setting next_dagrun for dataset_produces_2 to None, run_after=None
[2023-05-14T23:22:19.519+0000] {processor.py:178} INFO - Processing /home/airflow/.local/lib/python3.7/site-packages/airflow/example_dags/example_datasets.py took 0.200 seconds
[2023-05-14T23:22:50.184+0000] {processor.py:156} INFO - Started process (PID=388) to work on /home/airflow/.local/lib/python3.7/site-packages/airflow/example_dags/example_datasets.py
[2023-05-14T23:22:50.185+0000] {processor.py:758} INFO - Processing file /home/airflow/.local/lib/python3.7/site-packages/airflow/example_dags/example_datasets.py for tasks to queue
[2023-05-14T23:22:50.185+0000] {logging_mixin.py:117} INFO - [2023-05-14T23:22:50.185+0000] {dagbag.py:525} INFO - Filling up the DagBag from /home/airflow/.local/lib/python3.7/site-packages/airflow/example_dags/example_datasets.py
[2023-05-14T23:22:50.201+0000] {processor.py:768} INFO - DAG(s) dict_keys(['dataset_consumes_1', 'dataset_produces_2', 'dataset_consumes_1_never_scheduled', 'dataset_consumes_unknown_never_scheduled', 'dataset_produces_1', 'dataset_consumes_1_and_2']) retrieved from /home/airflow/.local/lib/python3.7/site-packages/airflow/example_dags/example_datasets.py
[2023-05-14T23:22:50.234+0000] {logging_mixin.py:117} INFO - [2023-05-14T23:22:50.234+0000] {dag.py:2573} INFO - Sync 6 DAGs
[2023-05-14T23:22:50.262+0000] {logging_mixin.py:117} INFO - [2023-05-14T23:22:50.262+0000] {dag.py:3328} INFO - Setting next_dagrun for dataset_consumes_1 to None, run_after=None
[2023-05-14T23:22:50.266+0000] {logging_mixin.py:117} INFO - [2023-05-14T23:22:50.265+0000] {dag.py:3328} INFO - Setting next_dagrun for dataset_consumes_1_and_2 to None, run_after=None
[2023-05-14T23:22:50.267+0000] {logging_mixin.py:117} INFO - [2023-05-14T23:22:50.266+0000] {dag.py:3328} INFO - Setting next_dagrun for dataset_consumes_1_never_scheduled to None, run_after=None
[2023-05-14T23:22:50.268+0000] {logging_mixin.py:117} INFO - [2023-05-14T23:22:50.267+0000] {dag.py:3328} INFO - Setting next_dagrun for dataset_consumes_unknown_never_scheduled to None, run_after=None
[2023-05-14T23:22:50.270+0000] {logging_mixin.py:117} INFO - [2023-05-14T23:22:50.270+0000] {dag.py:3328} INFO - Setting next_dagrun for dataset_produces_1 to 2023-05-13T00:00:00+00:00, run_after=2023-05-14T00:00:00+00:00
[2023-05-14T23:22:50.271+0000] {logging_mixin.py:117} INFO - [2023-05-14T23:22:50.271+0000] {dag.py:3328} INFO - Setting next_dagrun for dataset_produces_2 to None, run_after=None
[2023-05-14T23:22:50.298+0000] {processor.py:178} INFO - Processing /home/airflow/.local/lib/python3.7/site-packages/airflow/example_dags/example_datasets.py took 0.116 seconds
[2023-05-14T23:23:21.590+0000] {processor.py:156} INFO - Started process (PID=593) to work on /home/airflow/.local/lib/python3.7/site-packages/airflow/example_dags/example_datasets.py
[2023-05-14T23:23:21.591+0000] {processor.py:758} INFO - Processing file /home/airflow/.local/lib/python3.7/site-packages/airflow/example_dags/example_datasets.py for tasks to queue
[2023-05-14T23:23:21.592+0000] {logging_mixin.py:117} INFO - [2023-05-14T23:23:21.592+0000] {dagbag.py:525} INFO - Filling up the DagBag from /home/airflow/.local/lib/python3.7/site-packages/airflow/example_dags/example_datasets.py
[2023-05-14T23:23:21.637+0000] {processor.py:768} INFO - DAG(s) dict_keys(['dataset_consumes_1_and_2', 'dataset_consumes_1_never_scheduled', 'dataset_consumes_unknown_never_scheduled', 'dataset_consumes_1', 'dataset_produces_1', 'dataset_produces_2']) retrieved from /home/airflow/.local/lib/python3.7/site-packages/airflow/example_dags/example_datasets.py
[2023-05-14T23:23:22.160+0000] {logging_mixin.py:117} INFO - [2023-05-14T23:23:22.160+0000] {dag.py:2573} INFO - Sync 6 DAGs
[2023-05-14T23:23:22.217+0000] {logging_mixin.py:117} INFO - [2023-05-14T23:23:22.217+0000] {dag.py:3328} INFO - Setting next_dagrun for dataset_consumes_1 to None, run_after=None
[2023-05-14T23:23:22.222+0000] {logging_mixin.py:117} INFO - [2023-05-14T23:23:22.222+0000] {dag.py:3328} INFO - Setting next_dagrun for dataset_consumes_1_and_2 to None, run_after=None
[2023-05-14T23:23:22.226+0000] {logging_mixin.py:117} INFO - [2023-05-14T23:23:22.226+0000] {dag.py:3328} INFO - Setting next_dagrun for dataset_consumes_1_never_scheduled to None, run_after=None
[2023-05-14T23:23:22.229+0000] {logging_mixin.py:117} INFO - [2023-05-14T23:23:22.228+0000] {dag.py:3328} INFO - Setting next_dagrun for dataset_consumes_unknown_never_scheduled to None, run_after=None
[2023-05-14T23:23:22.238+0000] {logging_mixin.py:117} INFO - [2023-05-14T23:23:22.238+0000] {dag.py:3328} INFO - Setting next_dagrun for dataset_produces_1 to 2023-05-13T00:00:00+00:00, run_after=2023-05-14T00:00:00+00:00
[2023-05-14T23:23:22.243+0000] {logging_mixin.py:117} INFO - [2023-05-14T23:23:22.243+0000] {dag.py:3328} INFO - Setting next_dagrun for dataset_produces_2 to None, run_after=None
[2023-05-14T23:23:22.305+0000] {processor.py:178} INFO - Processing /home/airflow/.local/lib/python3.7/site-packages/airflow/example_dags/example_datasets.py took 0.720 seconds
[2023-05-14T23:23:52.819+0000] {processor.py:156} INFO - Started process (PID=791) to work on /home/airflow/.local/lib/python3.7/site-packages/airflow/example_dags/example_datasets.py
[2023-05-14T23:23:52.820+0000] {processor.py:758} INFO - Processing file /home/airflow/.local/lib/python3.7/site-packages/airflow/example_dags/example_datasets.py for tasks to queue
[2023-05-14T23:23:52.821+0000] {logging_mixin.py:117} INFO - [2023-05-14T23:23:52.821+0000] {dagbag.py:525} INFO - Filling up the DagBag from /home/airflow/.local/lib/python3.7/site-packages/airflow/example_dags/example_datasets.py
[2023-05-14T23:23:52.871+0000] {processor.py:768} INFO - DAG(s) dict_keys(['dataset_consumes_1_and_2', 'dataset_consumes_unknown_never_scheduled', 'dataset_consumes_1', 'dataset_consumes_1_never_scheduled', 'dataset_produces_2', 'dataset_produces_1']) retrieved from /home/airflow/.local/lib/python3.7/site-packages/airflow/example_dags/example_datasets.py
[2023-05-14T23:23:53.108+0000] {logging_mixin.py:117} INFO - [2023-05-14T23:23:53.107+0000] {dag.py:2573} INFO - Sync 6 DAGs
[2023-05-14T23:23:53.607+0000] {logging_mixin.py:117} INFO - [2023-05-14T23:23:53.607+0000] {dag.py:3328} INFO - Setting next_dagrun for dataset_consumes_1 to None, run_after=None
[2023-05-14T23:23:53.624+0000] {logging_mixin.py:117} INFO - [2023-05-14T23:23:53.623+0000] {dag.py:3328} INFO - Setting next_dagrun for dataset_consumes_1_and_2 to None, run_after=None
[2023-05-14T23:23:53.631+0000] {logging_mixin.py:117} INFO - [2023-05-14T23:23:53.630+0000] {dag.py:3328} INFO - Setting next_dagrun for dataset_consumes_1_never_scheduled to None, run_after=None
[2023-05-14T23:23:53.636+0000] {logging_mixin.py:117} INFO - [2023-05-14T23:23:53.636+0000] {dag.py:3328} INFO - Setting next_dagrun for dataset_consumes_unknown_never_scheduled to None, run_after=None
[2023-05-14T23:23:53.650+0000] {logging_mixin.py:117} INFO - [2023-05-14T23:23:53.650+0000] {dag.py:3328} INFO - Setting next_dagrun for dataset_produces_1 to 2023-05-13T00:00:00+00:00, run_after=2023-05-14T00:00:00+00:00
[2023-05-14T23:23:53.654+0000] {logging_mixin.py:117} INFO - [2023-05-14T23:23:53.654+0000] {dag.py:3328} INFO - Setting next_dagrun for dataset_produces_2 to None, run_after=None
[2023-05-14T23:23:53.820+0000] {processor.py:178} INFO - Processing /home/airflow/.local/lib/python3.7/site-packages/airflow/example_dags/example_datasets.py took 1.012 seconds
[2023-05-14T23:24:24.770+0000] {processor.py:156} INFO - Started process (PID=998) to work on /home/airflow/.local/lib/python3.7/site-packages/airflow/example_dags/example_datasets.py
[2023-05-14T23:24:24.775+0000] {processor.py:758} INFO - Processing file /home/airflow/.local/lib/python3.7/site-packages/airflow/example_dags/example_datasets.py for tasks to queue
[2023-05-14T23:24:24.777+0000] {logging_mixin.py:117} INFO - [2023-05-14T23:24:24.776+0000] {dagbag.py:525} INFO - Filling up the DagBag from /home/airflow/.local/lib/python3.7/site-packages/airflow/example_dags/example_datasets.py
[2023-05-14T23:24:24.835+0000] {processor.py:768} INFO - DAG(s) dict_keys(['dataset_produces_2', 'dataset_consumes_1_and_2', 'dataset_consumes_1', 'dataset_consumes_1_never_scheduled', 'dataset_consumes_unknown_never_scheduled', 'dataset_produces_1']) retrieved from /home/airflow/.local/lib/python3.7/site-packages/airflow/example_dags/example_datasets.py
[2023-05-14T23:24:25.257+0000] {logging_mixin.py:117} INFO - [2023-05-14T23:24:25.257+0000] {dag.py:2573} INFO - Sync 6 DAGs
[2023-05-14T23:24:25.318+0000] {logging_mixin.py:117} INFO - [2023-05-14T23:24:25.318+0000] {dag.py:3328} INFO - Setting next_dagrun for dataset_consumes_1 to None, run_after=None
[2023-05-14T23:24:25.322+0000] {logging_mixin.py:117} INFO - [2023-05-14T23:24:25.321+0000] {dag.py:3328} INFO - Setting next_dagrun for dataset_consumes_1_and_2 to None, run_after=None
[2023-05-14T23:24:25.324+0000] {logging_mixin.py:117} INFO - [2023-05-14T23:24:25.324+0000] {dag.py:3328} INFO - Setting next_dagrun for dataset_consumes_1_never_scheduled to None, run_after=None
[2023-05-14T23:24:25.328+0000] {logging_mixin.py:117} INFO - [2023-05-14T23:24:25.327+0000] {dag.py:3328} INFO - Setting next_dagrun for dataset_consumes_unknown_never_scheduled to None, run_after=None
[2023-05-14T23:24:25.340+0000] {logging_mixin.py:117} INFO - [2023-05-14T23:24:25.339+0000] {dag.py:3328} INFO - Setting next_dagrun for dataset_produces_1 to 2023-05-13T00:00:00+00:00, run_after=2023-05-14T00:00:00+00:00
[2023-05-14T23:24:25.344+0000] {logging_mixin.py:117} INFO - [2023-05-14T23:24:25.343+0000] {dag.py:3328} INFO - Setting next_dagrun for dataset_produces_2 to None, run_after=None
[2023-05-14T23:24:25.413+0000] {processor.py:178} INFO - Processing /home/airflow/.local/lib/python3.7/site-packages/airflow/example_dags/example_datasets.py took 0.648 seconds
[2023-05-14T23:24:55.844+0000] {processor.py:156} INFO - Started process (PID=1196) to work on /home/airflow/.local/lib/python3.7/site-packages/airflow/example_dags/example_datasets.py
[2023-05-14T23:24:55.846+0000] {processor.py:758} INFO - Processing file /home/airflow/.local/lib/python3.7/site-packages/airflow/example_dags/example_datasets.py for tasks to queue
[2023-05-14T23:24:55.847+0000] {logging_mixin.py:117} INFO - [2023-05-14T23:24:55.847+0000] {dagbag.py:525} INFO - Filling up the DagBag from /home/airflow/.local/lib/python3.7/site-packages/airflow/example_dags/example_datasets.py
[2023-05-14T23:24:55.874+0000] {processor.py:768} INFO - DAG(s) dict_keys(['dataset_produces_2', 'dataset_consumes_1_and_2', 'dataset_consumes_1', 'dataset_consumes_1_never_scheduled', 'dataset_produces_1', 'dataset_consumes_unknown_never_scheduled']) retrieved from /home/airflow/.local/lib/python3.7/site-packages/airflow/example_dags/example_datasets.py
[2023-05-14T23:24:56.160+0000] {logging_mixin.py:117} INFO - [2023-05-14T23:24:56.160+0000] {dag.py:2573} INFO - Sync 6 DAGs
[2023-05-14T23:24:56.207+0000] {logging_mixin.py:117} INFO - [2023-05-14T23:24:56.207+0000] {dag.py:3328} INFO - Setting next_dagrun for dataset_consumes_1 to None, run_after=None
[2023-05-14T23:24:56.216+0000] {logging_mixin.py:117} INFO - [2023-05-14T23:24:56.216+0000] {dag.py:3328} INFO - Setting next_dagrun for dataset_consumes_1_and_2 to None, run_after=None
[2023-05-14T23:24:56.218+0000] {logging_mixin.py:117} INFO - [2023-05-14T23:24:56.217+0000] {dag.py:3328} INFO - Setting next_dagrun for dataset_consumes_1_never_scheduled to None, run_after=None
[2023-05-14T23:24:56.219+0000] {logging_mixin.py:117} INFO - [2023-05-14T23:24:56.219+0000] {dag.py:3328} INFO - Setting next_dagrun for dataset_consumes_unknown_never_scheduled to None, run_after=None
[2023-05-14T23:24:56.222+0000] {logging_mixin.py:117} INFO - [2023-05-14T23:24:56.222+0000] {dag.py:3328} INFO - Setting next_dagrun for dataset_produces_1 to 2023-05-13T00:00:00+00:00, run_after=2023-05-14T00:00:00+00:00
[2023-05-14T23:24:56.223+0000] {logging_mixin.py:117} INFO - [2023-05-14T23:24:56.223+0000] {dag.py:3328} INFO - Setting next_dagrun for dataset_produces_2 to None, run_after=None
[2023-05-14T23:24:56.278+0000] {processor.py:178} INFO - Processing /home/airflow/.local/lib/python3.7/site-packages/airflow/example_dags/example_datasets.py took 0.439 seconds
[2023-05-14T23:25:26.474+0000] {processor.py:156} INFO - Started process (PID=1402) to work on /home/airflow/.local/lib/python3.7/site-packages/airflow/example_dags/example_datasets.py
[2023-05-14T23:25:26.476+0000] {processor.py:758} INFO - Processing file /home/airflow/.local/lib/python3.7/site-packages/airflow/example_dags/example_datasets.py for tasks to queue
[2023-05-14T23:25:26.477+0000] {logging_mixin.py:117} INFO - [2023-05-14T23:25:26.476+0000] {dagbag.py:525} INFO - Filling up the DagBag from /home/airflow/.local/lib/python3.7/site-packages/airflow/example_dags/example_datasets.py
[2023-05-14T23:25:26.526+0000] {processor.py:768} INFO - DAG(s) dict_keys(['dataset_produces_2', 'dataset_consumes_1_never_scheduled', 'dataset_consumes_1_and_2', 'dataset_consumes_unknown_never_scheduled', 'dataset_consumes_1', 'dataset_produces_1']) retrieved from /home/airflow/.local/lib/python3.7/site-packages/airflow/example_dags/example_datasets.py
[2023-05-14T23:25:26.849+0000] {logging_mixin.py:117} INFO - [2023-05-14T23:25:26.849+0000] {dag.py:2573} INFO - Sync 6 DAGs
[2023-05-14T23:25:26.900+0000] {logging_mixin.py:117} INFO - [2023-05-14T23:25:26.899+0000] {dag.py:3328} INFO - Setting next_dagrun for dataset_consumes_1 to None, run_after=None
[2023-05-14T23:25:26.907+0000] {logging_mixin.py:117} INFO - [2023-05-14T23:25:26.907+0000] {dag.py:3328} INFO - Setting next_dagrun for dataset_consumes_1_and_2 to None, run_after=None
[2023-05-14T23:25:26.910+0000] {logging_mixin.py:117} INFO - [2023-05-14T23:25:26.910+0000] {dag.py:3328} INFO - Setting next_dagrun for dataset_consumes_1_never_scheduled to None, run_after=None
[2023-05-14T23:25:26.913+0000] {logging_mixin.py:117} INFO - [2023-05-14T23:25:26.913+0000] {dag.py:3328} INFO - Setting next_dagrun for dataset_consumes_unknown_never_scheduled to None, run_after=None
[2023-05-14T23:25:26.918+0000] {logging_mixin.py:117} INFO - [2023-05-14T23:25:26.918+0000] {dag.py:3328} INFO - Setting next_dagrun for dataset_produces_1 to 2023-05-13T00:00:00+00:00, run_after=2023-05-14T00:00:00+00:00
[2023-05-14T23:25:26.922+0000] {logging_mixin.py:117} INFO - [2023-05-14T23:25:26.922+0000] {dag.py:3328} INFO - Setting next_dagrun for dataset_produces_2 to None, run_after=None
[2023-05-14T23:25:26.980+0000] {processor.py:178} INFO - Processing /home/airflow/.local/lib/python3.7/site-packages/airflow/example_dags/example_datasets.py took 0.513 seconds
[2023-05-14T23:25:57.061+0000] {processor.py:156} INFO - Started process (PID=1600) to work on /home/airflow/.local/lib/python3.7/site-packages/airflow/example_dags/example_datasets.py
[2023-05-14T23:25:57.062+0000] {processor.py:758} INFO - Processing file /home/airflow/.local/lib/python3.7/site-packages/airflow/example_dags/example_datasets.py for tasks to queue
[2023-05-14T23:25:57.063+0000] {logging_mixin.py:117} INFO - [2023-05-14T23:25:57.063+0000] {dagbag.py:525} INFO - Filling up the DagBag from /home/airflow/.local/lib/python3.7/site-packages/airflow/example_dags/example_datasets.py
[2023-05-14T23:25:57.291+0000] {processor.py:768} INFO - DAG(s) dict_keys(['dataset_produces_2', 'dataset_consumes_1_never_scheduled', 'dataset_produces_1', 'dataset_consumes_1_and_2', 'dataset_consumes_unknown_never_scheduled', 'dataset_consumes_1']) retrieved from /home/airflow/.local/lib/python3.7/site-packages/airflow/example_dags/example_datasets.py
[2023-05-14T23:25:57.365+0000] {logging_mixin.py:117} INFO - [2023-05-14T23:25:57.365+0000] {dag.py:2573} INFO - Sync 6 DAGs
[2023-05-14T23:25:57.408+0000] {logging_mixin.py:117} INFO - [2023-05-14T23:25:57.408+0000] {dag.py:3328} INFO - Setting next_dagrun for dataset_consumes_1 to None, run_after=None
[2023-05-14T23:25:57.412+0000] {logging_mixin.py:117} INFO - [2023-05-14T23:25:57.411+0000] {dag.py:3328} INFO - Setting next_dagrun for dataset_consumes_1_and_2 to None, run_after=None
[2023-05-14T23:25:57.413+0000] {logging_mixin.py:117} INFO - [2023-05-14T23:25:57.413+0000] {dag.py:3328} INFO - Setting next_dagrun for dataset_consumes_1_never_scheduled to None, run_after=None
[2023-05-14T23:25:57.415+0000] {logging_mixin.py:117} INFO - [2023-05-14T23:25:57.414+0000] {dag.py:3328} INFO - Setting next_dagrun for dataset_consumes_unknown_never_scheduled to None, run_after=None
[2023-05-14T23:25:57.423+0000] {logging_mixin.py:117} INFO - [2023-05-14T23:25:57.422+0000] {dag.py:3328} INFO - Setting next_dagrun for dataset_produces_1 to 2023-05-13T00:00:00+00:00, run_after=2023-05-14T00:00:00+00:00
[2023-05-14T23:25:57.425+0000] {logging_mixin.py:117} INFO - [2023-05-14T23:25:57.425+0000] {dag.py:3328} INFO - Setting next_dagrun for dataset_produces_2 to None, run_after=None
[2023-05-14T23:25:57.464+0000] {processor.py:178} INFO - Processing /home/airflow/.local/lib/python3.7/site-packages/airflow/example_dags/example_datasets.py took 0.407 seconds
[2023-05-14T23:26:28.247+0000] {processor.py:156} INFO - Started process (PID=1807) to work on /home/airflow/.local/lib/python3.7/site-packages/airflow/example_dags/example_datasets.py
[2023-05-14T23:26:28.249+0000] {processor.py:758} INFO - Processing file /home/airflow/.local/lib/python3.7/site-packages/airflow/example_dags/example_datasets.py for tasks to queue
[2023-05-14T23:26:28.250+0000] {logging_mixin.py:117} INFO - [2023-05-14T23:26:28.249+0000] {dagbag.py:525} INFO - Filling up the DagBag from /home/airflow/.local/lib/python3.7/site-packages/airflow/example_dags/example_datasets.py
[2023-05-14T23:26:28.282+0000] {processor.py:768} INFO - DAG(s) dict_keys(['dataset_consumes_1', 'dataset_produces_1', 'dataset_consumes_unknown_never_scheduled', 'dataset_consumes_1_and_2', 'dataset_consumes_1_never_scheduled', 'dataset_produces_2']) retrieved from /home/airflow/.local/lib/python3.7/site-packages/airflow/example_dags/example_datasets.py
[2023-05-14T23:26:28.362+0000] {logging_mixin.py:117} INFO - [2023-05-14T23:26:28.361+0000] {dag.py:2573} INFO - Sync 6 DAGs
[2023-05-14T23:26:28.397+0000] {logging_mixin.py:117} INFO - [2023-05-14T23:26:28.397+0000] {dag.py:3328} INFO - Setting next_dagrun for dataset_consumes_1 to None, run_after=None
[2023-05-14T23:26:28.402+0000] {logging_mixin.py:117} INFO - [2023-05-14T23:26:28.401+0000] {dag.py:3328} INFO - Setting next_dagrun for dataset_consumes_1_and_2 to None, run_after=None
[2023-05-14T23:26:28.403+0000] {logging_mixin.py:117} INFO - [2023-05-14T23:26:28.403+0000] {dag.py:3328} INFO - Setting next_dagrun for dataset_consumes_1_never_scheduled to None, run_after=None
[2023-05-14T23:26:28.404+0000] {logging_mixin.py:117} INFO - [2023-05-14T23:26:28.404+0000] {dag.py:3328} INFO - Setting next_dagrun for dataset_consumes_unknown_never_scheduled to None, run_after=None
[2023-05-14T23:26:28.410+0000] {logging_mixin.py:117} INFO - [2023-05-14T23:26:28.410+0000] {dag.py:3328} INFO - Setting next_dagrun for dataset_produces_1 to 2023-05-13T00:00:00+00:00, run_after=2023-05-14T00:00:00+00:00
[2023-05-14T23:26:28.412+0000] {logging_mixin.py:117} INFO - [2023-05-14T23:26:28.412+0000] {dag.py:3328} INFO - Setting next_dagrun for dataset_produces_2 to None, run_after=None
[2023-05-14T23:26:28.463+0000] {processor.py:178} INFO - Processing /home/airflow/.local/lib/python3.7/site-packages/airflow/example_dags/example_datasets.py took 0.224 seconds
