[2023-05-14T23:07:03.226+0000] {processor.py:156} INFO - Started process (PID=211) to work on /home/airflow/.local/lib/python3.7/site-packages/airflow/example_dags/example_nested_branch_dag.py
[2023-05-14T23:07:03.228+0000] {processor.py:758} INFO - Processing file /home/airflow/.local/lib/python3.7/site-packages/airflow/example_dags/example_nested_branch_dag.py for tasks to queue
[2023-05-14T23:07:03.232+0000] {logging_mixin.py:117} INFO - [2023-05-14T23:07:03.232+0000] {dagbag.py:525} INFO - Filling up the DagBag from /home/airflow/.local/lib/python3.7/site-packages/airflow/example_dags/example_nested_branch_dag.py
[2023-05-14T23:07:03.307+0000] {processor.py:768} INFO - DAG(s) dict_keys(['example_nested_branch_dag']) retrieved from /home/airflow/.local/lib/python3.7/site-packages/airflow/example_dags/example_nested_branch_dag.py
[2023-05-14T23:07:03.395+0000] {logging_mixin.py:117} INFO - [2023-05-14T23:07:03.395+0000] {dag.py:2573} INFO - Sync 1 DAGs
[2023-05-14T23:07:03.620+0000] {logging_mixin.py:117} INFO - [2023-05-14T23:07:03.620+0000] {dag.py:3328} INFO - Setting next_dagrun for example_nested_branch_dag to 2023-05-13T00:00:00+00:00, run_after=2023-05-14T00:00:00+00:00
[2023-05-14T23:07:03.661+0000] {processor.py:178} INFO - Processing /home/airflow/.local/lib/python3.7/site-packages/airflow/example_dags/example_nested_branch_dag.py took 0.462 seconds
[2023-05-14T23:07:34.433+0000] {processor.py:156} INFO - Started process (PID=413) to work on /home/airflow/.local/lib/python3.7/site-packages/airflow/example_dags/example_nested_branch_dag.py
[2023-05-14T23:07:34.434+0000] {processor.py:758} INFO - Processing file /home/airflow/.local/lib/python3.7/site-packages/airflow/example_dags/example_nested_branch_dag.py for tasks to queue
[2023-05-14T23:07:34.435+0000] {logging_mixin.py:117} INFO - [2023-05-14T23:07:34.435+0000] {dagbag.py:525} INFO - Filling up the DagBag from /home/airflow/.local/lib/python3.7/site-packages/airflow/example_dags/example_nested_branch_dag.py
[2023-05-14T23:07:34.462+0000] {processor.py:768} INFO - DAG(s) dict_keys(['example_nested_branch_dag']) retrieved from /home/airflow/.local/lib/python3.7/site-packages/airflow/example_dags/example_nested_branch_dag.py
[2023-05-14T23:07:34.522+0000] {logging_mixin.py:117} INFO - [2023-05-14T23:07:34.522+0000] {dag.py:2573} INFO - Sync 1 DAGs
[2023-05-14T23:07:34.554+0000] {logging_mixin.py:117} INFO - [2023-05-14T23:07:34.554+0000] {dag.py:3328} INFO - Setting next_dagrun for example_nested_branch_dag to 2023-05-13T00:00:00+00:00, run_after=2023-05-14T00:00:00+00:00
[2023-05-14T23:07:34.712+0000] {processor.py:178} INFO - Processing /home/airflow/.local/lib/python3.7/site-packages/airflow/example_dags/example_nested_branch_dag.py took 0.283 seconds
[2023-05-14T23:08:04.975+0000] {processor.py:156} INFO - Started process (PID=617) to work on /home/airflow/.local/lib/python3.7/site-packages/airflow/example_dags/example_nested_branch_dag.py
[2023-05-14T23:08:04.977+0000] {processor.py:758} INFO - Processing file /home/airflow/.local/lib/python3.7/site-packages/airflow/example_dags/example_nested_branch_dag.py for tasks to queue
[2023-05-14T23:08:04.977+0000] {logging_mixin.py:117} INFO - [2023-05-14T23:08:04.977+0000] {dagbag.py:525} INFO - Filling up the DagBag from /home/airflow/.local/lib/python3.7/site-packages/airflow/example_dags/example_nested_branch_dag.py
[2023-05-14T23:08:05.023+0000] {processor.py:768} INFO - DAG(s) dict_keys(['example_nested_branch_dag']) retrieved from /home/airflow/.local/lib/python3.7/site-packages/airflow/example_dags/example_nested_branch_dag.py
[2023-05-14T23:08:05.103+0000] {logging_mixin.py:117} INFO - [2023-05-14T23:08:05.103+0000] {dag.py:2573} INFO - Sync 1 DAGs
[2023-05-14T23:08:05.339+0000] {logging_mixin.py:117} INFO - [2023-05-14T23:08:05.339+0000] {dag.py:3328} INFO - Setting next_dagrun for example_nested_branch_dag to 2023-05-13T00:00:00+00:00, run_after=2023-05-14T00:00:00+00:00
[2023-05-14T23:08:05.378+0000] {processor.py:178} INFO - Processing /home/airflow/.local/lib/python3.7/site-packages/airflow/example_dags/example_nested_branch_dag.py took 0.407 seconds
[2023-05-14T23:08:36.011+0000] {processor.py:156} INFO - Started process (PID=817) to work on /home/airflow/.local/lib/python3.7/site-packages/airflow/example_dags/example_nested_branch_dag.py
[2023-05-14T23:08:36.012+0000] {processor.py:758} INFO - Processing file /home/airflow/.local/lib/python3.7/site-packages/airflow/example_dags/example_nested_branch_dag.py for tasks to queue
[2023-05-14T23:08:36.013+0000] {logging_mixin.py:117} INFO - [2023-05-14T23:08:36.013+0000] {dagbag.py:525} INFO - Filling up the DagBag from /home/airflow/.local/lib/python3.7/site-packages/airflow/example_dags/example_nested_branch_dag.py
[2023-05-14T23:08:36.044+0000] {processor.py:768} INFO - DAG(s) dict_keys(['example_nested_branch_dag']) retrieved from /home/airflow/.local/lib/python3.7/site-packages/airflow/example_dags/example_nested_branch_dag.py
[2023-05-14T23:08:36.088+0000] {logging_mixin.py:117} INFO - [2023-05-14T23:08:36.088+0000] {dag.py:2573} INFO - Sync 1 DAGs
[2023-05-14T23:08:36.245+0000] {logging_mixin.py:117} INFO - [2023-05-14T23:08:36.245+0000] {dag.py:3328} INFO - Setting next_dagrun for example_nested_branch_dag to 2023-05-13T00:00:00+00:00, run_after=2023-05-14T00:00:00+00:00
[2023-05-14T23:08:36.271+0000] {processor.py:178} INFO - Processing /home/airflow/.local/lib/python3.7/site-packages/airflow/example_dags/example_nested_branch_dag.py took 0.264 seconds
[2023-05-14T23:09:06.560+0000] {processor.py:156} INFO - Started process (PID=1022) to work on /home/airflow/.local/lib/python3.7/site-packages/airflow/example_dags/example_nested_branch_dag.py
[2023-05-14T23:09:06.561+0000] {processor.py:758} INFO - Processing file /home/airflow/.local/lib/python3.7/site-packages/airflow/example_dags/example_nested_branch_dag.py for tasks to queue
[2023-05-14T23:09:06.561+0000] {logging_mixin.py:117} INFO - [2023-05-14T23:09:06.561+0000] {dagbag.py:525} INFO - Filling up the DagBag from /home/airflow/.local/lib/python3.7/site-packages/airflow/example_dags/example_nested_branch_dag.py
[2023-05-14T23:09:06.598+0000] {processor.py:768} INFO - DAG(s) dict_keys(['example_nested_branch_dag']) retrieved from /home/airflow/.local/lib/python3.7/site-packages/airflow/example_dags/example_nested_branch_dag.py
[2023-05-14T23:09:06.758+0000] {logging_mixin.py:117} INFO - [2023-05-14T23:09:06.758+0000] {dag.py:2573} INFO - Sync 1 DAGs
[2023-05-14T23:09:06.784+0000] {logging_mixin.py:117} INFO - [2023-05-14T23:09:06.784+0000] {dag.py:3328} INFO - Setting next_dagrun for example_nested_branch_dag to 2023-05-13T00:00:00+00:00, run_after=2023-05-14T00:00:00+00:00
[2023-05-14T23:09:06.804+0000] {processor.py:178} INFO - Processing /home/airflow/.local/lib/python3.7/site-packages/airflow/example_dags/example_nested_branch_dag.py took 0.249 seconds
[2023-05-14T23:09:36.994+0000] {processor.py:156} INFO - Started process (PID=1228) to work on /home/airflow/.local/lib/python3.7/site-packages/airflow/example_dags/example_nested_branch_dag.py
[2023-05-14T23:09:36.995+0000] {processor.py:758} INFO - Processing file /home/airflow/.local/lib/python3.7/site-packages/airflow/example_dags/example_nested_branch_dag.py for tasks to queue
[2023-05-14T23:09:36.995+0000] {logging_mixin.py:117} INFO - [2023-05-14T23:09:36.995+0000] {dagbag.py:525} INFO - Filling up the DagBag from /home/airflow/.local/lib/python3.7/site-packages/airflow/example_dags/example_nested_branch_dag.py
[2023-05-14T23:09:37.075+0000] {processor.py:768} INFO - DAG(s) dict_keys(['example_nested_branch_dag']) retrieved from /home/airflow/.local/lib/python3.7/site-packages/airflow/example_dags/example_nested_branch_dag.py
[2023-05-14T23:09:37.375+0000] {logging_mixin.py:117} INFO - [2023-05-14T23:09:37.375+0000] {dag.py:2573} INFO - Sync 1 DAGs
[2023-05-14T23:09:37.437+0000] {logging_mixin.py:117} INFO - [2023-05-14T23:09:37.437+0000] {dag.py:3328} INFO - Setting next_dagrun for example_nested_branch_dag to 2023-05-13T00:00:00+00:00, run_after=2023-05-14T00:00:00+00:00
[2023-05-14T23:09:37.473+0000] {processor.py:178} INFO - Processing /home/airflow/.local/lib/python3.7/site-packages/airflow/example_dags/example_nested_branch_dag.py took 0.486 seconds
[2023-05-14T23:10:07.924+0000] {processor.py:156} INFO - Started process (PID=1429) to work on /home/airflow/.local/lib/python3.7/site-packages/airflow/example_dags/example_nested_branch_dag.py
[2023-05-14T23:10:07.925+0000] {processor.py:758} INFO - Processing file /home/airflow/.local/lib/python3.7/site-packages/airflow/example_dags/example_nested_branch_dag.py for tasks to queue
[2023-05-14T23:10:07.925+0000] {logging_mixin.py:117} INFO - [2023-05-14T23:10:07.925+0000] {dagbag.py:525} INFO - Filling up the DagBag from /home/airflow/.local/lib/python3.7/site-packages/airflow/example_dags/example_nested_branch_dag.py
[2023-05-14T23:10:08.163+0000] {processor.py:768} INFO - DAG(s) dict_keys(['example_nested_branch_dag']) retrieved from /home/airflow/.local/lib/python3.7/site-packages/airflow/example_dags/example_nested_branch_dag.py
[2023-05-14T23:10:08.214+0000] {logging_mixin.py:117} INFO - [2023-05-14T23:10:08.214+0000] {dag.py:2573} INFO - Sync 1 DAGs
[2023-05-14T23:10:08.249+0000] {logging_mixin.py:117} INFO - [2023-05-14T23:10:08.248+0000] {dag.py:3328} INFO - Setting next_dagrun for example_nested_branch_dag to 2023-05-13T00:00:00+00:00, run_after=2023-05-14T00:00:00+00:00
[2023-05-14T23:10:08.274+0000] {processor.py:178} INFO - Processing /home/airflow/.local/lib/python3.7/site-packages/airflow/example_dags/example_nested_branch_dag.py took 0.353 seconds
[2023-05-14T23:10:38.578+0000] {processor.py:156} INFO - Started process (PID=1634) to work on /home/airflow/.local/lib/python3.7/site-packages/airflow/example_dags/example_nested_branch_dag.py
[2023-05-14T23:10:38.579+0000] {processor.py:758} INFO - Processing file /home/airflow/.local/lib/python3.7/site-packages/airflow/example_dags/example_nested_branch_dag.py for tasks to queue
[2023-05-14T23:10:38.580+0000] {logging_mixin.py:117} INFO - [2023-05-14T23:10:38.580+0000] {dagbag.py:525} INFO - Filling up the DagBag from /home/airflow/.local/lib/python3.7/site-packages/airflow/example_dags/example_nested_branch_dag.py
[2023-05-14T23:10:38.639+0000] {processor.py:768} INFO - DAG(s) dict_keys(['example_nested_branch_dag']) retrieved from /home/airflow/.local/lib/python3.7/site-packages/airflow/example_dags/example_nested_branch_dag.py
[2023-05-14T23:10:38.730+0000] {logging_mixin.py:117} INFO - [2023-05-14T23:10:38.730+0000] {dag.py:2573} INFO - Sync 1 DAGs
[2023-05-14T23:10:38.797+0000] {logging_mixin.py:117} INFO - [2023-05-14T23:10:38.796+0000] {dag.py:3328} INFO - Setting next_dagrun for example_nested_branch_dag to 2023-05-13T00:00:00+00:00, run_after=2023-05-14T00:00:00+00:00
[2023-05-14T23:10:38.834+0000] {processor.py:178} INFO - Processing /home/airflow/.local/lib/python3.7/site-packages/airflow/example_dags/example_nested_branch_dag.py took 0.261 seconds
[2023-05-14T23:11:09.340+0000] {processor.py:156} INFO - Started process (PID=1832) to work on /home/airflow/.local/lib/python3.7/site-packages/airflow/example_dags/example_nested_branch_dag.py
[2023-05-14T23:11:09.342+0000] {processor.py:758} INFO - Processing file /home/airflow/.local/lib/python3.7/site-packages/airflow/example_dags/example_nested_branch_dag.py for tasks to queue
[2023-05-14T23:11:09.343+0000] {logging_mixin.py:117} INFO - [2023-05-14T23:11:09.342+0000] {dagbag.py:525} INFO - Filling up the DagBag from /home/airflow/.local/lib/python3.7/site-packages/airflow/example_dags/example_nested_branch_dag.py
[2023-05-14T23:11:09.401+0000] {processor.py:768} INFO - DAG(s) dict_keys(['example_nested_branch_dag']) retrieved from /home/airflow/.local/lib/python3.7/site-packages/airflow/example_dags/example_nested_branch_dag.py
[2023-05-14T23:11:09.503+0000] {logging_mixin.py:117} INFO - [2023-05-14T23:11:09.503+0000] {dag.py:2573} INFO - Sync 1 DAGs
[2023-05-14T23:11:09.547+0000] {logging_mixin.py:117} INFO - [2023-05-14T23:11:09.546+0000] {dag.py:3328} INFO - Setting next_dagrun for example_nested_branch_dag to 2023-05-13T00:00:00+00:00, run_after=2023-05-14T00:00:00+00:00
[2023-05-14T23:11:09.574+0000] {processor.py:178} INFO - Processing /home/airflow/.local/lib/python3.7/site-packages/airflow/example_dags/example_nested_branch_dag.py took 0.240 seconds
[2023-05-14T23:11:40.452+0000] {processor.py:156} INFO - Started process (PID=2039) to work on /home/airflow/.local/lib/python3.7/site-packages/airflow/example_dags/example_nested_branch_dag.py
[2023-05-14T23:11:40.453+0000] {processor.py:758} INFO - Processing file /home/airflow/.local/lib/python3.7/site-packages/airflow/example_dags/example_nested_branch_dag.py for tasks to queue
[2023-05-14T23:11:40.453+0000] {logging_mixin.py:117} INFO - [2023-05-14T23:11:40.453+0000] {dagbag.py:525} INFO - Filling up the DagBag from /home/airflow/.local/lib/python3.7/site-packages/airflow/example_dags/example_nested_branch_dag.py
[2023-05-14T23:11:40.492+0000] {processor.py:768} INFO - DAG(s) dict_keys(['example_nested_branch_dag']) retrieved from /home/airflow/.local/lib/python3.7/site-packages/airflow/example_dags/example_nested_branch_dag.py
[2023-05-14T23:11:40.552+0000] {logging_mixin.py:117} INFO - [2023-05-14T23:11:40.552+0000] {dag.py:2573} INFO - Sync 1 DAGs
[2023-05-14T23:11:40.585+0000] {logging_mixin.py:117} INFO - [2023-05-14T23:11:40.585+0000] {dag.py:3328} INFO - Setting next_dagrun for example_nested_branch_dag to 2023-05-13T00:00:00+00:00, run_after=2023-05-14T00:00:00+00:00
[2023-05-14T23:11:40.611+0000] {processor.py:178} INFO - Processing /home/airflow/.local/lib/python3.7/site-packages/airflow/example_dags/example_nested_branch_dag.py took 0.165 seconds
[2023-05-14T23:12:10.817+0000] {processor.py:156} INFO - Started process (PID=2236) to work on /home/airflow/.local/lib/python3.7/site-packages/airflow/example_dags/example_nested_branch_dag.py
[2023-05-14T23:12:10.819+0000] {processor.py:758} INFO - Processing file /home/airflow/.local/lib/python3.7/site-packages/airflow/example_dags/example_nested_branch_dag.py for tasks to queue
[2023-05-14T23:12:10.821+0000] {logging_mixin.py:117} INFO - [2023-05-14T23:12:10.820+0000] {dagbag.py:525} INFO - Filling up the DagBag from /home/airflow/.local/lib/python3.7/site-packages/airflow/example_dags/example_nested_branch_dag.py
[2023-05-14T23:12:10.860+0000] {processor.py:768} INFO - DAG(s) dict_keys(['example_nested_branch_dag']) retrieved from /home/airflow/.local/lib/python3.7/site-packages/airflow/example_dags/example_nested_branch_dag.py
[2023-05-14T23:12:10.919+0000] {logging_mixin.py:117} INFO - [2023-05-14T23:12:10.919+0000] {dag.py:2573} INFO - Sync 1 DAGs
[2023-05-14T23:12:10.984+0000] {logging_mixin.py:117} INFO - [2023-05-14T23:12:10.984+0000] {dag.py:3328} INFO - Setting next_dagrun for example_nested_branch_dag to 2023-05-13T00:00:00+00:00, run_after=2023-05-14T00:00:00+00:00
[2023-05-14T23:12:11.018+0000] {processor.py:178} INFO - Processing /home/airflow/.local/lib/python3.7/site-packages/airflow/example_dags/example_nested_branch_dag.py took 0.206 seconds
[2023-05-14T23:12:41.405+0000] {processor.py:156} INFO - Started process (PID=2441) to work on /home/airflow/.local/lib/python3.7/site-packages/airflow/example_dags/example_nested_branch_dag.py
[2023-05-14T23:12:41.407+0000] {processor.py:758} INFO - Processing file /home/airflow/.local/lib/python3.7/site-packages/airflow/example_dags/example_nested_branch_dag.py for tasks to queue
[2023-05-14T23:12:41.408+0000] {logging_mixin.py:117} INFO - [2023-05-14T23:12:41.408+0000] {dagbag.py:525} INFO - Filling up the DagBag from /home/airflow/.local/lib/python3.7/site-packages/airflow/example_dags/example_nested_branch_dag.py
[2023-05-14T23:12:41.447+0000] {processor.py:768} INFO - DAG(s) dict_keys(['example_nested_branch_dag']) retrieved from /home/airflow/.local/lib/python3.7/site-packages/airflow/example_dags/example_nested_branch_dag.py
[2023-05-14T23:12:41.509+0000] {logging_mixin.py:117} INFO - [2023-05-14T23:12:41.508+0000] {dag.py:2573} INFO - Sync 1 DAGs
[2023-05-14T23:12:41.551+0000] {logging_mixin.py:117} INFO - [2023-05-14T23:12:41.551+0000] {dag.py:3328} INFO - Setting next_dagrun for example_nested_branch_dag to 2023-05-13T00:00:00+00:00, run_after=2023-05-14T00:00:00+00:00
[2023-05-14T23:12:41.582+0000] {processor.py:178} INFO - Processing /home/airflow/.local/lib/python3.7/site-packages/airflow/example_dags/example_nested_branch_dag.py took 0.181 seconds
[2023-05-14T23:13:12.051+0000] {processor.py:156} INFO - Started process (PID=2641) to work on /home/airflow/.local/lib/python3.7/site-packages/airflow/example_dags/example_nested_branch_dag.py
[2023-05-14T23:13:12.053+0000] {processor.py:758} INFO - Processing file /home/airflow/.local/lib/python3.7/site-packages/airflow/example_dags/example_nested_branch_dag.py for tasks to queue
[2023-05-14T23:13:12.054+0000] {logging_mixin.py:117} INFO - [2023-05-14T23:13:12.054+0000] {dagbag.py:525} INFO - Filling up the DagBag from /home/airflow/.local/lib/python3.7/site-packages/airflow/example_dags/example_nested_branch_dag.py
[2023-05-14T23:13:12.115+0000] {processor.py:768} INFO - DAG(s) dict_keys(['example_nested_branch_dag']) retrieved from /home/airflow/.local/lib/python3.7/site-packages/airflow/example_dags/example_nested_branch_dag.py
[2023-05-14T23:13:12.175+0000] {logging_mixin.py:117} INFO - [2023-05-14T23:13:12.175+0000] {dag.py:2573} INFO - Sync 1 DAGs
[2023-05-14T23:13:12.217+0000] {logging_mixin.py:117} INFO - [2023-05-14T23:13:12.216+0000] {dag.py:3328} INFO - Setting next_dagrun for example_nested_branch_dag to 2023-05-13T00:00:00+00:00, run_after=2023-05-14T00:00:00+00:00
[2023-05-14T23:13:12.245+0000] {processor.py:178} INFO - Processing /home/airflow/.local/lib/python3.7/site-packages/airflow/example_dags/example_nested_branch_dag.py took 0.206 seconds
[2023-05-14T23:13:42.770+0000] {processor.py:156} INFO - Started process (PID=2846) to work on /home/airflow/.local/lib/python3.7/site-packages/airflow/example_dags/example_nested_branch_dag.py
[2023-05-14T23:13:42.772+0000] {processor.py:758} INFO - Processing file /home/airflow/.local/lib/python3.7/site-packages/airflow/example_dags/example_nested_branch_dag.py for tasks to queue
[2023-05-14T23:13:42.772+0000] {logging_mixin.py:117} INFO - [2023-05-14T23:13:42.772+0000] {dagbag.py:525} INFO - Filling up the DagBag from /home/airflow/.local/lib/python3.7/site-packages/airflow/example_dags/example_nested_branch_dag.py
[2023-05-14T23:13:42.821+0000] {processor.py:768} INFO - DAG(s) dict_keys(['example_nested_branch_dag']) retrieved from /home/airflow/.local/lib/python3.7/site-packages/airflow/example_dags/example_nested_branch_dag.py
[2023-05-14T23:13:42.912+0000] {logging_mixin.py:117} INFO - [2023-05-14T23:13:42.911+0000] {dag.py:2573} INFO - Sync 1 DAGs
[2023-05-14T23:13:42.983+0000] {logging_mixin.py:117} INFO - [2023-05-14T23:13:42.983+0000] {dag.py:3328} INFO - Setting next_dagrun for example_nested_branch_dag to 2023-05-13T00:00:00+00:00, run_after=2023-05-14T00:00:00+00:00
[2023-05-14T23:13:43.045+0000] {processor.py:178} INFO - Processing /home/airflow/.local/lib/python3.7/site-packages/airflow/example_dags/example_nested_branch_dag.py took 0.282 seconds
[2023-05-14T23:14:13.543+0000] {processor.py:156} INFO - Started process (PID=3044) to work on /home/airflow/.local/lib/python3.7/site-packages/airflow/example_dags/example_nested_branch_dag.py
[2023-05-14T23:14:13.544+0000] {processor.py:758} INFO - Processing file /home/airflow/.local/lib/python3.7/site-packages/airflow/example_dags/example_nested_branch_dag.py for tasks to queue
[2023-05-14T23:14:13.546+0000] {logging_mixin.py:117} INFO - [2023-05-14T23:14:13.546+0000] {dagbag.py:525} INFO - Filling up the DagBag from /home/airflow/.local/lib/python3.7/site-packages/airflow/example_dags/example_nested_branch_dag.py
[2023-05-14T23:14:13.625+0000] {processor.py:768} INFO - DAG(s) dict_keys(['example_nested_branch_dag']) retrieved from /home/airflow/.local/lib/python3.7/site-packages/airflow/example_dags/example_nested_branch_dag.py
[2023-05-14T23:14:13.758+0000] {logging_mixin.py:117} INFO - [2023-05-14T23:14:13.758+0000] {dag.py:2573} INFO - Sync 1 DAGs
[2023-05-14T23:14:13.910+0000] {logging_mixin.py:117} INFO - [2023-05-14T23:14:13.908+0000] {dag.py:3328} INFO - Setting next_dagrun for example_nested_branch_dag to 2023-05-13T00:00:00+00:00, run_after=2023-05-14T00:00:00+00:00
[2023-05-14T23:14:14.062+0000] {processor.py:178} INFO - Processing /home/airflow/.local/lib/python3.7/site-packages/airflow/example_dags/example_nested_branch_dag.py took 0.528 seconds
[2023-05-14T23:22:20.088+0000] {processor.py:156} INFO - Started process (PID=212) to work on /home/airflow/.local/lib/python3.7/site-packages/airflow/example_dags/example_nested_branch_dag.py
[2023-05-14T23:22:20.090+0000] {processor.py:758} INFO - Processing file /home/airflow/.local/lib/python3.7/site-packages/airflow/example_dags/example_nested_branch_dag.py for tasks to queue
[2023-05-14T23:22:20.091+0000] {logging_mixin.py:117} INFO - [2023-05-14T23:22:20.091+0000] {dagbag.py:525} INFO - Filling up the DagBag from /home/airflow/.local/lib/python3.7/site-packages/airflow/example_dags/example_nested_branch_dag.py
[2023-05-14T23:22:20.132+0000] {processor.py:768} INFO - DAG(s) dict_keys(['example_nested_branch_dag']) retrieved from /home/airflow/.local/lib/python3.7/site-packages/airflow/example_dags/example_nested_branch_dag.py
[2023-05-14T23:22:20.168+0000] {logging_mixin.py:117} INFO - [2023-05-14T23:22:20.168+0000] {dag.py:2573} INFO - Sync 1 DAGs
[2023-05-14T23:22:20.195+0000] {logging_mixin.py:117} INFO - [2023-05-14T23:22:20.195+0000] {dag.py:3328} INFO - Setting next_dagrun for example_nested_branch_dag to 2023-05-13T00:00:00+00:00, run_after=2023-05-14T00:00:00+00:00
[2023-05-14T23:22:20.220+0000] {processor.py:178} INFO - Processing /home/airflow/.local/lib/python3.7/site-packages/airflow/example_dags/example_nested_branch_dag.py took 0.136 seconds
[2023-05-14T23:22:50.626+0000] {processor.py:156} INFO - Started process (PID=413) to work on /home/airflow/.local/lib/python3.7/site-packages/airflow/example_dags/example_nested_branch_dag.py
[2023-05-14T23:22:50.627+0000] {processor.py:758} INFO - Processing file /home/airflow/.local/lib/python3.7/site-packages/airflow/example_dags/example_nested_branch_dag.py for tasks to queue
[2023-05-14T23:22:50.627+0000] {logging_mixin.py:117} INFO - [2023-05-14T23:22:50.627+0000] {dagbag.py:525} INFO - Filling up the DagBag from /home/airflow/.local/lib/python3.7/site-packages/airflow/example_dags/example_nested_branch_dag.py
[2023-05-14T23:22:50.656+0000] {processor.py:768} INFO - DAG(s) dict_keys(['example_nested_branch_dag']) retrieved from /home/airflow/.local/lib/python3.7/site-packages/airflow/example_dags/example_nested_branch_dag.py
[2023-05-14T23:22:50.680+0000] {logging_mixin.py:117} INFO - [2023-05-14T23:22:50.680+0000] {dag.py:2573} INFO - Sync 1 DAGs
[2023-05-14T23:22:50.713+0000] {logging_mixin.py:117} INFO - [2023-05-14T23:22:50.713+0000] {dag.py:3328} INFO - Setting next_dagrun for example_nested_branch_dag to 2023-05-13T00:00:00+00:00, run_after=2023-05-14T00:00:00+00:00
[2023-05-14T23:22:50.738+0000] {processor.py:178} INFO - Processing /home/airflow/.local/lib/python3.7/site-packages/airflow/example_dags/example_nested_branch_dag.py took 0.115 seconds
[2023-05-14T23:23:23.164+0000] {processor.py:156} INFO - Started process (PID=618) to work on /home/airflow/.local/lib/python3.7/site-packages/airflow/example_dags/example_nested_branch_dag.py
[2023-05-14T23:23:23.166+0000] {processor.py:758} INFO - Processing file /home/airflow/.local/lib/python3.7/site-packages/airflow/example_dags/example_nested_branch_dag.py for tasks to queue
[2023-05-14T23:23:23.167+0000] {logging_mixin.py:117} INFO - [2023-05-14T23:23:23.167+0000] {dagbag.py:525} INFO - Filling up the DagBag from /home/airflow/.local/lib/python3.7/site-packages/airflow/example_dags/example_nested_branch_dag.py
[2023-05-14T23:23:23.218+0000] {processor.py:768} INFO - DAG(s) dict_keys(['example_nested_branch_dag']) retrieved from /home/airflow/.local/lib/python3.7/site-packages/airflow/example_dags/example_nested_branch_dag.py
[2023-05-14T23:23:23.309+0000] {logging_mixin.py:117} INFO - [2023-05-14T23:23:23.308+0000] {dag.py:2573} INFO - Sync 1 DAGs
[2023-05-14T23:23:23.554+0000] {logging_mixin.py:117} INFO - [2023-05-14T23:23:23.554+0000] {dag.py:3328} INFO - Setting next_dagrun for example_nested_branch_dag to 2023-05-13T00:00:00+00:00, run_after=2023-05-14T00:00:00+00:00
[2023-05-14T23:23:23.587+0000] {processor.py:178} INFO - Processing /home/airflow/.local/lib/python3.7/site-packages/airflow/example_dags/example_nested_branch_dag.py took 0.432 seconds
[2023-05-14T23:23:55.589+0000] {processor.py:156} INFO - Started process (PID=818) to work on /home/airflow/.local/lib/python3.7/site-packages/airflow/example_dags/example_nested_branch_dag.py
[2023-05-14T23:23:55.590+0000] {processor.py:758} INFO - Processing file /home/airflow/.local/lib/python3.7/site-packages/airflow/example_dags/example_nested_branch_dag.py for tasks to queue
[2023-05-14T23:23:55.592+0000] {logging_mixin.py:117} INFO - [2023-05-14T23:23:55.591+0000] {dagbag.py:525} INFO - Filling up the DagBag from /home/airflow/.local/lib/python3.7/site-packages/airflow/example_dags/example_nested_branch_dag.py
[2023-05-14T23:23:55.764+0000] {processor.py:768} INFO - DAG(s) dict_keys(['example_nested_branch_dag']) retrieved from /home/airflow/.local/lib/python3.7/site-packages/airflow/example_dags/example_nested_branch_dag.py
[2023-05-14T23:23:55.913+0000] {logging_mixin.py:117} INFO - [2023-05-14T23:23:55.912+0000] {dag.py:2573} INFO - Sync 1 DAGs
[2023-05-14T23:23:56.449+0000] {logging_mixin.py:117} INFO - [2023-05-14T23:23:56.449+0000] {dag.py:3328} INFO - Setting next_dagrun for example_nested_branch_dag to 2023-05-13T00:00:00+00:00, run_after=2023-05-14T00:00:00+00:00
[2023-05-14T23:23:56.542+0000] {processor.py:178} INFO - Processing /home/airflow/.local/lib/python3.7/site-packages/airflow/example_dags/example_nested_branch_dag.py took 0.958 seconds
[2023-05-14T23:24:27.424+0000] {processor.py:156} INFO - Started process (PID=1025) to work on /home/airflow/.local/lib/python3.7/site-packages/airflow/example_dags/example_nested_branch_dag.py
[2023-05-14T23:24:27.425+0000] {processor.py:758} INFO - Processing file /home/airflow/.local/lib/python3.7/site-packages/airflow/example_dags/example_nested_branch_dag.py for tasks to queue
[2023-05-14T23:24:27.426+0000] {logging_mixin.py:117} INFO - [2023-05-14T23:24:27.426+0000] {dagbag.py:525} INFO - Filling up the DagBag from /home/airflow/.local/lib/python3.7/site-packages/airflow/example_dags/example_nested_branch_dag.py
[2023-05-14T23:24:27.483+0000] {processor.py:768} INFO - DAG(s) dict_keys(['example_nested_branch_dag']) retrieved from /home/airflow/.local/lib/python3.7/site-packages/airflow/example_dags/example_nested_branch_dag.py
[2023-05-14T23:24:27.728+0000] {logging_mixin.py:117} INFO - [2023-05-14T23:24:27.728+0000] {dag.py:2573} INFO - Sync 1 DAGs
[2023-05-14T23:24:27.770+0000] {logging_mixin.py:117} INFO - [2023-05-14T23:24:27.770+0000] {dag.py:3328} INFO - Setting next_dagrun for example_nested_branch_dag to 2023-05-13T00:00:00+00:00, run_after=2023-05-14T00:00:00+00:00
[2023-05-14T23:24:27.807+0000] {processor.py:178} INFO - Processing /home/airflow/.local/lib/python3.7/site-packages/airflow/example_dags/example_nested_branch_dag.py took 0.387 seconds
[2023-05-14T23:24:58.234+0000] {processor.py:156} INFO - Started process (PID=1223) to work on /home/airflow/.local/lib/python3.7/site-packages/airflow/example_dags/example_nested_branch_dag.py
[2023-05-14T23:24:58.238+0000] {processor.py:758} INFO - Processing file /home/airflow/.local/lib/python3.7/site-packages/airflow/example_dags/example_nested_branch_dag.py for tasks to queue
[2023-05-14T23:24:58.240+0000] {logging_mixin.py:117} INFO - [2023-05-14T23:24:58.240+0000] {dagbag.py:525} INFO - Filling up the DagBag from /home/airflow/.local/lib/python3.7/site-packages/airflow/example_dags/example_nested_branch_dag.py
[2023-05-14T23:24:58.311+0000] {processor.py:768} INFO - DAG(s) dict_keys(['example_nested_branch_dag']) retrieved from /home/airflow/.local/lib/python3.7/site-packages/airflow/example_dags/example_nested_branch_dag.py
[2023-05-14T23:24:58.605+0000] {logging_mixin.py:117} INFO - [2023-05-14T23:24:58.604+0000] {dag.py:2573} INFO - Sync 1 DAGs
[2023-05-14T23:24:58.648+0000] {logging_mixin.py:117} INFO - [2023-05-14T23:24:58.648+0000] {dag.py:3328} INFO - Setting next_dagrun for example_nested_branch_dag to 2023-05-13T00:00:00+00:00, run_after=2023-05-14T00:00:00+00:00
[2023-05-14T23:24:58.687+0000] {processor.py:178} INFO - Processing /home/airflow/.local/lib/python3.7/site-packages/airflow/example_dags/example_nested_branch_dag.py took 0.473 seconds
[2023-05-14T23:25:29.096+0000] {processor.py:156} INFO - Started process (PID=1429) to work on /home/airflow/.local/lib/python3.7/site-packages/airflow/example_dags/example_nested_branch_dag.py
[2023-05-14T23:25:29.103+0000] {processor.py:758} INFO - Processing file /home/airflow/.local/lib/python3.7/site-packages/airflow/example_dags/example_nested_branch_dag.py for tasks to queue
[2023-05-14T23:25:29.105+0000] {logging_mixin.py:117} INFO - [2023-05-14T23:25:29.104+0000] {dagbag.py:525} INFO - Filling up the DagBag from /home/airflow/.local/lib/python3.7/site-packages/airflow/example_dags/example_nested_branch_dag.py
[2023-05-14T23:25:29.500+0000] {processor.py:768} INFO - DAG(s) dict_keys(['example_nested_branch_dag']) retrieved from /home/airflow/.local/lib/python3.7/site-packages/airflow/example_dags/example_nested_branch_dag.py
[2023-05-14T23:25:29.620+0000] {logging_mixin.py:117} INFO - [2023-05-14T23:25:29.620+0000] {dag.py:2573} INFO - Sync 1 DAGs
[2023-05-14T23:25:29.683+0000] {logging_mixin.py:117} INFO - [2023-05-14T23:25:29.683+0000] {dag.py:3328} INFO - Setting next_dagrun for example_nested_branch_dag to 2023-05-13T00:00:00+00:00, run_after=2023-05-14T00:00:00+00:00
[2023-05-14T23:25:29.732+0000] {processor.py:178} INFO - Processing /home/airflow/.local/lib/python3.7/site-packages/airflow/example_dags/example_nested_branch_dag.py took 0.660 seconds
[2023-05-14T23:26:00.507+0000] {processor.py:156} INFO - Started process (PID=1627) to work on /home/airflow/.local/lib/python3.7/site-packages/airflow/example_dags/example_nested_branch_dag.py
[2023-05-14T23:26:00.508+0000] {processor.py:758} INFO - Processing file /home/airflow/.local/lib/python3.7/site-packages/airflow/example_dags/example_nested_branch_dag.py for tasks to queue
[2023-05-14T23:26:00.509+0000] {logging_mixin.py:117} INFO - [2023-05-14T23:26:00.509+0000] {dagbag.py:525} INFO - Filling up the DagBag from /home/airflow/.local/lib/python3.7/site-packages/airflow/example_dags/example_nested_branch_dag.py
[2023-05-14T23:26:00.582+0000] {processor.py:768} INFO - DAG(s) dict_keys(['example_nested_branch_dag']) retrieved from /home/airflow/.local/lib/python3.7/site-packages/airflow/example_dags/example_nested_branch_dag.py
[2023-05-14T23:26:00.690+0000] {logging_mixin.py:117} INFO - [2023-05-14T23:26:00.689+0000] {dag.py:2573} INFO - Sync 1 DAGs
[2023-05-14T23:26:00.759+0000] {logging_mixin.py:117} INFO - [2023-05-14T23:26:00.759+0000] {dag.py:3328} INFO - Setting next_dagrun for example_nested_branch_dag to 2023-05-13T00:00:00+00:00, run_after=2023-05-14T00:00:00+00:00
[2023-05-14T23:26:00.800+0000] {processor.py:178} INFO - Processing /home/airflow/.local/lib/python3.7/site-packages/airflow/example_dags/example_nested_branch_dag.py took 0.561 seconds
[2023-05-14T23:26:30.944+0000] {processor.py:156} INFO - Started process (PID=1834) to work on /home/airflow/.local/lib/python3.7/site-packages/airflow/example_dags/example_nested_branch_dag.py
[2023-05-14T23:26:30.945+0000] {processor.py:758} INFO - Processing file /home/airflow/.local/lib/python3.7/site-packages/airflow/example_dags/example_nested_branch_dag.py for tasks to queue
[2023-05-14T23:26:30.947+0000] {logging_mixin.py:117} INFO - [2023-05-14T23:26:30.946+0000] {dagbag.py:525} INFO - Filling up the DagBag from /home/airflow/.local/lib/python3.7/site-packages/airflow/example_dags/example_nested_branch_dag.py
[2023-05-14T23:26:30.993+0000] {processor.py:768} INFO - DAG(s) dict_keys(['example_nested_branch_dag']) retrieved from /home/airflow/.local/lib/python3.7/site-packages/airflow/example_dags/example_nested_branch_dag.py
[2023-05-14T23:26:31.062+0000] {logging_mixin.py:117} INFO - [2023-05-14T23:26:31.062+0000] {dag.py:2573} INFO - Sync 1 DAGs
[2023-05-14T23:26:31.106+0000] {logging_mixin.py:117} INFO - [2023-05-14T23:26:31.106+0000] {dag.py:3328} INFO - Setting next_dagrun for example_nested_branch_dag to 2023-05-13T00:00:00+00:00, run_after=2023-05-14T00:00:00+00:00
[2023-05-14T23:26:31.139+0000] {processor.py:178} INFO - Processing /home/airflow/.local/lib/python3.7/site-packages/airflow/example_dags/example_nested_branch_dag.py took 0.205 seconds
