[2023-05-27T20:34:24.479+0000] {taskinstance.py:1083} INFO - Dependencies all met for <TaskInstance: captura_dados.descompacta_arquivo_task manual__2023-05-27T20:26:17.645334+00:00 [queued]>
[2023-05-27T20:34:24.495+0000] {taskinstance.py:1083} INFO - Dependencies all met for <TaskInstance: captura_dados.descompacta_arquivo_task manual__2023-05-27T20:26:17.645334+00:00 [queued]>
[2023-05-27T20:34:24.495+0000] {taskinstance.py:1279} INFO - 
--------------------------------------------------------------------------------
[2023-05-27T20:34:24.495+0000] {taskinstance.py:1280} INFO - Starting attempt 1 of 2
[2023-05-27T20:34:24.495+0000] {taskinstance.py:1281} INFO - 
--------------------------------------------------------------------------------
[2023-05-27T20:34:24.523+0000] {taskinstance.py:1300} INFO - Executing <Task(PythonOperator): descompacta_arquivo_task> on 2023-05-27 20:26:17.645334+00:00
[2023-05-27T20:34:24.532+0000] {standard_task_runner.py:55} INFO - Started process 1175 to run task
[2023-05-27T20:34:24.538+0000] {standard_task_runner.py:82} INFO - Running: ['***', 'tasks', 'run', 'captura_dados', 'descompacta_arquivo_task', 'manual__2023-05-27T20:26:17.645334+00:00', '--job-id', '283', '--raw', '--subdir', 'DAGS_FOLDER/captura_dados.py', '--cfg-path', '/tmp/tmpouc4txbv']
[2023-05-27T20:34:24.539+0000] {standard_task_runner.py:83} INFO - Job 283: Subtask descompacta_arquivo_task
[2023-05-27T20:34:24.635+0000] {task_command.py:388} INFO - Running <TaskInstance: captura_dados.descompacta_arquivo_task manual__2023-05-27T20:26:17.645334+00:00 [running]> on host c7c762ba6b48
[2023-05-27T20:34:24.758+0000] {taskinstance.py:1509} INFO - Exporting the following env vars:
AIRFLOW_CTX_DAG_EMAIL=test@test.com
AIRFLOW_CTX_DAG_OWNER=***
AIRFLOW_CTX_DAG_ID=captura_dados
AIRFLOW_CTX_TASK_ID=descompacta_arquivo_task
AIRFLOW_CTX_EXECUTION_DATE=2023-05-27T20:26:17.645334+00:00
AIRFLOW_CTX_TRY_NUMBER=1
AIRFLOW_CTX_DAG_RUN_ID=manual__2023-05-27T20:26:17.645334+00:00
[2023-05-27T20:34:25.309+0000] {logging_mixin.py:137} INFO - Download completo.
[2023-05-27T20:34:25.309+0000] {python.py:177} INFO - Done. Returned value was: None
[2023-05-27T20:34:25.326+0000] {taskinstance.py:1323} INFO - Marking task as SUCCESS. dag_id=captura_dados, task_id=descompacta_arquivo_task, execution_date=20230527T202617, start_date=20230527T203424, end_date=20230527T203425
[2023-05-27T20:34:25.396+0000] {local_task_job.py:208} INFO - Task exited with return code 0
[2023-05-27T20:34:25.413+0000] {taskinstance.py:2578} INFO - 0 downstream tasks scheduled from follow-on schedule check
