[2023-05-21T23:36:07.994+0000] {taskinstance.py:1083} INFO - Dependencies all met for <TaskInstance: daggroup.tsk_group1.task8 scheduled__2023-05-21T22:30:00+00:00 [queued]>
[2023-05-21T23:36:08.023+0000] {taskinstance.py:1083} INFO - Dependencies all met for <TaskInstance: daggroup.tsk_group1.task8 scheduled__2023-05-21T22:30:00+00:00 [queued]>
[2023-05-21T23:36:08.024+0000] {taskinstance.py:1279} INFO - 
--------------------------------------------------------------------------------
[2023-05-21T23:36:08.024+0000] {taskinstance.py:1280} INFO - Starting attempt 1 of 1
[2023-05-21T23:36:08.024+0000] {taskinstance.py:1281} INFO - 
--------------------------------------------------------------------------------
[2023-05-21T23:36:08.068+0000] {taskinstance.py:1300} INFO - Executing <Task(BashOperator): tsk_group1.task8> on 2023-05-21 22:30:00+00:00
[2023-05-21T23:36:08.079+0000] {standard_task_runner.py:55} INFO - Started process 17338 to run task
[2023-05-21T23:36:08.093+0000] {standard_task_runner.py:82} INFO - Running: ['***', 'tasks', 'run', 'daggroup', 'tsk_group1.task8', 'scheduled__2023-05-21T22:30:00+00:00', '--job-id', '96', '--raw', '--subdir', 'DAGS_FOLDER/daggroup.py', '--cfg-path', '/tmp/tmpencade0i']
[2023-05-21T23:36:08.093+0000] {standard_task_runner.py:83} INFO - Job 96: Subtask tsk_group1.task8
[2023-05-21T23:36:08.317+0000] {task_command.py:388} INFO - Running <TaskInstance: daggroup.tsk_group1.task8 scheduled__2023-05-21T22:30:00+00:00 [running]> on host cae8e8ceecb4
[2023-05-21T23:36:08.549+0000] {taskinstance.py:1509} INFO - Exporting the following env vars:
AIRFLOW_CTX_DAG_OWNER=***
AIRFLOW_CTX_DAG_ID=daggroup
AIRFLOW_CTX_TASK_ID=tsk_group1.task8
AIRFLOW_CTX_EXECUTION_DATE=2023-05-21T22:30:00+00:00
AIRFLOW_CTX_TRY_NUMBER=1
AIRFLOW_CTX_DAG_RUN_ID=scheduled__2023-05-21T22:30:00+00:00
[2023-05-21T23:36:08.554+0000] {subprocess.py:63} INFO - Tmp dir root location: 
 /tmp
[2023-05-21T23:36:08.559+0000] {subprocess.py:75} INFO - Running command: ['/bin/bash', '-c', 'echo "Task 8"']
[2023-05-21T23:36:08.583+0000] {subprocess.py:86} INFO - Output:
[2023-05-21T23:36:08.591+0000] {subprocess.py:93} INFO - Task 8
[2023-05-21T23:36:08.592+0000] {subprocess.py:97} INFO - Command exited with return code 0
[2023-05-21T23:36:08.633+0000] {taskinstance.py:1323} INFO - Marking task as SUCCESS. dag_id=daggroup, task_id=tsk_group1.task8, execution_date=20230521T223000, start_date=20230521T233607, end_date=20230521T233608
[2023-05-21T23:36:08.699+0000] {local_task_job.py:208} INFO - Task exited with return code 0
[2023-05-21T23:36:08.733+0000] {taskinstance.py:2578} INFO - 0 downstream tasks scheduled from follow-on schedule check
