[2023-05-21T23:20:53.959+0000] {taskinstance.py:1083} INFO - Dependencies all met for <TaskInstance: outradag.task5 manual__2023-05-21T23:18:14.262894+00:00 [queued]>
[2023-05-21T23:20:53.978+0000] {taskinstance.py:1083} INFO - Dependencies all met for <TaskInstance: outradag.task5 manual__2023-05-21T23:18:14.262894+00:00 [queued]>
[2023-05-21T23:20:53.978+0000] {taskinstance.py:1279} INFO - 
--------------------------------------------------------------------------------
[2023-05-21T23:20:53.978+0000] {taskinstance.py:1280} INFO - Starting attempt 2 of 2
[2023-05-21T23:20:53.979+0000] {taskinstance.py:1281} INFO - 
--------------------------------------------------------------------------------
[2023-05-21T23:20:54.003+0000] {taskinstance.py:1300} INFO - Executing <Task(BashOperator): task5> on 2023-05-21 23:18:14.262894+00:00
[2023-05-21T23:20:54.013+0000] {standard_task_runner.py:55} INFO - Started process 16428 to run task
[2023-05-21T23:20:54.016+0000] {standard_task_runner.py:82} INFO - Running: ['***', 'tasks', 'run', 'outradag', 'task5', 'manual__2023-05-21T23:18:14.262894+00:00', '--job-id', '69', '--raw', '--subdir', 'DAGS_FOLDER/outradag.py', '--cfg-path', '/tmp/tmpviz47_o4']
[2023-05-21T23:20:54.016+0000] {standard_task_runner.py:83} INFO - Job 69: Subtask task5
[2023-05-21T23:20:54.114+0000] {task_command.py:388} INFO - Running <TaskInstance: outradag.task5 manual__2023-05-21T23:18:14.262894+00:00 [running]> on host cae8e8ceecb4
[2023-05-21T23:20:54.215+0000] {taskinstance.py:1509} INFO - Exporting the following env vars:
AIRFLOW_CTX_DAG_OWNER=***
AIRFLOW_CTX_DAG_ID=outradag
AIRFLOW_CTX_TASK_ID=task5
AIRFLOW_CTX_EXECUTION_DATE=2023-05-21T23:18:14.262894+00:00
AIRFLOW_CTX_TRY_NUMBER=2
AIRFLOW_CTX_DAG_RUN_ID=manual__2023-05-21T23:18:14.262894+00:00
[2023-05-21T23:20:54.217+0000] {subprocess.py:63} INFO - Tmp dir root location: 
 /tmp
[2023-05-21T23:20:54.218+0000] {subprocess.py:75} INFO - Running command: ['/bin/bash', '-c', 'echo "Task 5"']
[2023-05-21T23:20:54.230+0000] {subprocess.py:86} INFO - Output:
[2023-05-21T23:20:54.232+0000] {subprocess.py:93} INFO - Task 5
[2023-05-21T23:20:54.233+0000] {subprocess.py:97} INFO - Command exited with return code 0
[2023-05-21T23:20:54.264+0000] {taskinstance.py:1323} INFO - Marking task as SUCCESS. dag_id=outradag, task_id=task5, execution_date=20230521T231814, start_date=20230521T232053, end_date=20230521T232054
[2023-05-21T23:20:54.309+0000] {local_task_job.py:208} INFO - Task exited with return code 0
[2023-05-21T23:20:54.341+0000] {taskinstance.py:2578} INFO - 1 downstream tasks scheduled from follow-on schedule check
