[2023-05-27T19:39:24.013+0000] {taskinstance.py:1083} INFO - Dependencies all met for <TaskInstance: cria_diretorios_projeto.cria_diretorios_projeto manual__2023-05-27T19:39:21.839039+00:00 [queued]>
[2023-05-27T19:39:24.030+0000] {taskinstance.py:1083} INFO - Dependencies all met for <TaskInstance: cria_diretorios_projeto.cria_diretorios_projeto manual__2023-05-27T19:39:21.839039+00:00 [queued]>
[2023-05-27T19:39:24.030+0000] {taskinstance.py:1279} INFO - 
--------------------------------------------------------------------------------
[2023-05-27T19:39:24.031+0000] {taskinstance.py:1280} INFO - Starting attempt 1 of 2
[2023-05-27T19:39:24.031+0000] {taskinstance.py:1281} INFO - 
--------------------------------------------------------------------------------
[2023-05-27T19:39:24.077+0000] {taskinstance.py:1300} INFO - Executing <Task(PythonOperator): cria_diretorios_projeto> on 2023-05-27 19:39:21.839039+00:00
[2023-05-27T19:39:24.086+0000] {standard_task_runner.py:55} INFO - Started process 1547 to run task
[2023-05-27T19:39:24.097+0000] {standard_task_runner.py:82} INFO - Running: ['***', 'tasks', 'run', 'cria_diretorios_projeto', 'cria_diretorios_projeto', 'manual__2023-05-27T19:39:21.839039+00:00', '--job-id', '226', '--raw', '--subdir', 'DAGS_FOLDER/cria_diretorios_projeto.py', '--cfg-path', '/tmp/tmpq803g0_q']
[2023-05-27T19:39:24.100+0000] {standard_task_runner.py:83} INFO - Job 226: Subtask cria_diretorios_projeto
[2023-05-27T19:39:24.257+0000] {task_command.py:388} INFO - Running <TaskInstance: cria_diretorios_projeto.cria_diretorios_projeto manual__2023-05-27T19:39:21.839039+00:00 [running]> on host 36658c0564dd
[2023-05-27T19:39:24.457+0000] {taskinstance.py:1509} INFO - Exporting the following env vars:
AIRFLOW_CTX_DAG_EMAIL=test@test.com
AIRFLOW_CTX_DAG_OWNER=***
AIRFLOW_CTX_DAG_ID=cria_diretorios_projeto
AIRFLOW_CTX_TASK_ID=cria_diretorios_projeto
AIRFLOW_CTX_EXECUTION_DATE=2023-05-27T19:39:21.839039+00:00
AIRFLOW_CTX_TRY_NUMBER=1
AIRFLOW_CTX_DAG_RUN_ID=manual__2023-05-27T19:39:21.839039+00:00
[2023-05-27T19:39:24.464+0000] {logging_mixin.py:137} INFO - O diretório engineer já existe.
[2023-05-27T19:39:24.465+0000] {logging_mixin.py:137} INFO - O diretório raw já existe.
[2023-05-27T19:39:24.465+0000] {logging_mixin.py:137} INFO - O diretório refined já existe.
[2023-05-27T19:39:24.465+0000] {logging_mixin.py:137} INFO - O diretório transient já existe.
[2023-05-27T19:39:24.465+0000] {logging_mixin.py:137} INFO - O diretório trusted já existe.
[2023-05-27T19:39:24.465+0000] {python.py:177} INFO - Done. Returned value was: None
[2023-05-27T19:39:24.477+0000] {taskinstance.py:1323} INFO - Marking task as SUCCESS. dag_id=cria_diretorios_projeto, task_id=cria_diretorios_projeto, execution_date=20230527T193921, start_date=20230527T193924, end_date=20230527T193924
[2023-05-27T19:39:24.526+0000] {local_task_job.py:208} INFO - Task exited with return code 0
[2023-05-27T19:39:24.570+0000] {taskinstance.py:2578} INFO - 1 downstream tasks scheduled from follow-on schedule check
