[2023-05-21T23:36:07.901+0000] {taskinstance.py:1083} INFO - Dependencies all met for <TaskInstance: daggroup.tsk_group1.task8 manual__2023-05-21T23:35:56.945430+00:00 [queued]>
[2023-05-21T23:36:07.932+0000] {taskinstance.py:1083} INFO - Dependencies all met for <TaskInstance: daggroup.tsk_group1.task8 manual__2023-05-21T23:35:56.945430+00:00 [queued]>
[2023-05-21T23:36:07.932+0000] {taskinstance.py:1279} INFO - 
--------------------------------------------------------------------------------
[2023-05-21T23:36:07.933+0000] {taskinstance.py:1280} INFO - Starting attempt 1 of 1
[2023-05-21T23:36:07.933+0000] {taskinstance.py:1281} INFO - 
--------------------------------------------------------------------------------
[2023-05-21T23:36:07.965+0000] {taskinstance.py:1300} INFO - Executing <Task(BashOperator): tsk_group1.task8> on 2023-05-21 23:35:56.945430+00:00
[2023-05-21T23:36:07.975+0000] {standard_task_runner.py:55} INFO - Started process 17337 to run task
[2023-05-21T23:36:07.991+0000] {standard_task_runner.py:82} INFO - Running: ['***', 'tasks', 'run', 'daggroup', 'tsk_group1.task8', 'manual__2023-05-21T23:35:56.945430+00:00', '--job-id', '95', '--raw', '--subdir', 'DAGS_FOLDER/daggroup.py', '--cfg-path', '/tmp/tmpsy1572ua']
[2023-05-21T23:36:07.992+0000] {standard_task_runner.py:83} INFO - Job 95: Subtask tsk_group1.task8
[2023-05-21T23:36:08.116+0000] {task_command.py:388} INFO - Running <TaskInstance: daggroup.tsk_group1.task8 manual__2023-05-21T23:35:56.945430+00:00 [running]> on host cae8e8ceecb4
[2023-05-21T23:36:08.395+0000] {taskinstance.py:1509} INFO - Exporting the following env vars:
AIRFLOW_CTX_DAG_OWNER=***
AIRFLOW_CTX_DAG_ID=daggroup
AIRFLOW_CTX_TASK_ID=tsk_group1.task8
AIRFLOW_CTX_EXECUTION_DATE=2023-05-21T23:35:56.945430+00:00
AIRFLOW_CTX_TRY_NUMBER=1
AIRFLOW_CTX_DAG_RUN_ID=manual__2023-05-21T23:35:56.945430+00:00
[2023-05-21T23:36:08.397+0000] {subprocess.py:63} INFO - Tmp dir root location: 
 /tmp
[2023-05-21T23:36:08.398+0000] {subprocess.py:75} INFO - Running command: ['/bin/bash', '-c', 'echo "Task 8"']
[2023-05-21T23:36:08.437+0000] {subprocess.py:86} INFO - Output:
[2023-05-21T23:36:08.449+0000] {subprocess.py:93} INFO - Task 8
[2023-05-21T23:36:08.453+0000] {subprocess.py:97} INFO - Command exited with return code 0
[2023-05-21T23:36:08.540+0000] {taskinstance.py:1323} INFO - Marking task as SUCCESS. dag_id=daggroup, task_id=tsk_group1.task8, execution_date=20230521T233556, start_date=20230521T233607, end_date=20230521T233608
[2023-05-21T23:36:08.618+0000] {local_task_job.py:208} INFO - Task exited with return code 0
[2023-05-21T23:36:08.655+0000] {taskinstance.py:2578} INFO - 0 downstream tasks scheduled from follow-on schedule check
