[2023-05-27T20:05:59.325+0000] {taskinstance.py:1083} INFO - Dependencies all met for <TaskInstance: cria_diretorios_projeto.permissoes_diretorios manual__2023-05-27T19:44:17.558652+00:00 [queued]>
[2023-05-27T20:05:59.362+0000] {taskinstance.py:1083} INFO - Dependencies all met for <TaskInstance: cria_diretorios_projeto.permissoes_diretorios manual__2023-05-27T19:44:17.558652+00:00 [queued]>
[2023-05-27T20:05:59.363+0000] {taskinstance.py:1279} INFO - 
--------------------------------------------------------------------------------
[2023-05-27T20:05:59.363+0000] {taskinstance.py:1280} INFO - Starting attempt 13 of 14
[2023-05-27T20:05:59.363+0000] {taskinstance.py:1281} INFO - 
--------------------------------------------------------------------------------
[2023-05-27T20:05:59.413+0000] {taskinstance.py:1300} INFO - Executing <Task(BashOperator): permissoes_diretorios> on 2023-05-27 19:44:17.558652+00:00
[2023-05-27T20:05:59.425+0000] {standard_task_runner.py:55} INFO - Started process 3234 to run task
[2023-05-27T20:05:59.442+0000] {standard_task_runner.py:82} INFO - Running: ['***', 'tasks', 'run', 'cria_diretorios_projeto', 'permissoes_diretorios', 'manual__2023-05-27T19:44:17.558652+00:00', '--job-id', '267', '--raw', '--subdir', 'DAGS_FOLDER/cria_diretorios_projeto.py', '--cfg-path', '/tmp/tmpo3wsgumh']
[2023-05-27T20:05:59.461+0000] {standard_task_runner.py:83} INFO - Job 267: Subtask permissoes_diretorios
[2023-05-27T20:05:59.631+0000] {task_command.py:388} INFO - Running <TaskInstance: cria_diretorios_projeto.permissoes_diretorios manual__2023-05-27T19:44:17.558652+00:00 [running]> on host 36658c0564dd
[2023-05-27T20:05:59.798+0000] {taskinstance.py:1509} INFO - Exporting the following env vars:
AIRFLOW_CTX_DAG_EMAIL=test@test.com
AIRFLOW_CTX_DAG_OWNER=***
AIRFLOW_CTX_DAG_ID=cria_diretorios_projeto
AIRFLOW_CTX_TASK_ID=permissoes_diretorios
AIRFLOW_CTX_EXECUTION_DATE=2023-05-27T19:44:17.558652+00:00
AIRFLOW_CTX_TRY_NUMBER=13
AIRFLOW_CTX_DAG_RUN_ID=manual__2023-05-27T19:44:17.558652+00:00
[2023-05-27T20:05:59.800+0000] {subprocess.py:63} INFO - Tmp dir root location: 
 /tmp
[2023-05-27T20:05:59.801+0000] {subprocess.py:75} INFO - Running command: ['/bin/bash', '-c', '\n        export PATH_FOLDER=$(cd "$(dirname "$0")" && pwd -P)\n        cd $PATH_FOLDER/\n        chmod -R 777 *\n    ']
[2023-05-27T20:05:59.816+0000] {subprocess.py:86} INFO - Output:
[2023-05-27T20:05:59.830+0000] {subprocess.py:93} INFO - chmod: changing permissions of 'bash': Operation not permitted
[2023-05-27T20:05:59.833+0000] {subprocess.py:93} INFO - chmod: changing permissions of 'cat': Operation not permitted
[2023-05-27T20:05:59.833+0000] {subprocess.py:93} INFO - chmod: changing permissions of 'chgrp': Operation not permitted
[2023-05-27T20:05:59.834+0000] {subprocess.py:93} INFO - chmod: changing permissions of 'chmod': Operation not permitted
[2023-05-27T20:05:59.834+0000] {subprocess.py:93} INFO - chmod: changing permissions of 'chown': Operation not permitted
[2023-05-27T20:05:59.834+0000] {subprocess.py:93} INFO - chmod: changing permissions of 'cp': Operation not permitted
[2023-05-27T20:05:59.834+0000] {subprocess.py:93} INFO - chmod: changing permissions of 'dash': Operation not permitted
[2023-05-27T20:05:59.834+0000] {subprocess.py:93} INFO - chmod: changing permissions of 'date': Operation not permitted
[2023-05-27T20:05:59.834+0000] {subprocess.py:93} INFO - chmod: changing permissions of 'dd': Operation not permitted
[2023-05-27T20:05:59.834+0000] {subprocess.py:93} INFO - chmod: changing permissions of 'df': Operation not permitted
[2023-05-27T20:05:59.835+0000] {subprocess.py:93} INFO - chmod: changing permissions of 'dir': Operation not permitted
[2023-05-27T20:05:59.835+0000] {subprocess.py:93} INFO - chmod: changing permissions of 'dmesg': Operation not permitted
[2023-05-27T20:05:59.835+0000] {subprocess.py:93} INFO - chmod: changing permissions of 'dnsdomainname': Operation not permitted
[2023-05-27T20:05:59.835+0000] {subprocess.py:93} INFO - chmod: changing permissions of 'domainname': Operation not permitted
[2023-05-27T20:05:59.835+0000] {subprocess.py:93} INFO - chmod: changing permissions of 'echo': Operation not permitted
[2023-05-27T20:05:59.835+0000] {subprocess.py:93} INFO - chmod: changing permissions of 'egrep': Operation not permitted
[2023-05-27T20:05:59.835+0000] {subprocess.py:93} INFO - chmod: changing permissions of 'false': Operation not permitted
[2023-05-27T20:05:59.836+0000] {subprocess.py:93} INFO - chmod: changing permissions of 'fgrep': Operation not permitted
[2023-05-27T20:05:59.836+0000] {subprocess.py:93} INFO - chmod: changing permissions of 'findmnt': Operation not permitted
[2023-05-27T20:05:59.836+0000] {subprocess.py:93} INFO - chmod: changing permissions of 'grep': Operation not permitted
[2023-05-27T20:05:59.836+0000] {subprocess.py:93} INFO - chmod: changing permissions of 'gunzip': Operation not permitted
[2023-05-27T20:05:59.836+0000] {subprocess.py:93} INFO - chmod: changing permissions of 'gzexe': Operation not permitted
[2023-05-27T20:05:59.836+0000] {subprocess.py:93} INFO - chmod: changing permissions of 'gzip': Operation not permitted
[2023-05-27T20:05:59.836+0000] {subprocess.py:93} INFO - chmod: changing permissions of 'hostname': Operation not permitted
[2023-05-27T20:05:59.837+0000] {subprocess.py:93} INFO - chmod: changing permissions of 'ln': Operation not permitted
[2023-05-27T20:05:59.837+0000] {subprocess.py:93} INFO - chmod: changing permissions of 'login': Operation not permitted
[2023-05-27T20:05:59.837+0000] {subprocess.py:93} INFO - chmod: changing permissions of 'ls': Operation not permitted
[2023-05-27T20:05:59.837+0000] {subprocess.py:93} INFO - chmod: changing permissions of 'lsblk': Operation not permitted
[2023-05-27T20:05:59.837+0000] {subprocess.py:93} INFO - chmod: changing permissions of 'mkdir': Operation not permitted
[2023-05-27T20:05:59.837+0000] {subprocess.py:93} INFO - chmod: changing permissions of 'mknod': Operation not permitted
[2023-05-27T20:05:59.837+0000] {subprocess.py:93} INFO - chmod: changing permissions of 'mktemp': Operation not permitted
[2023-05-27T20:05:59.838+0000] {subprocess.py:93} INFO - chmod: changing permissions of 'more': Operation not permitted
[2023-05-27T20:05:59.838+0000] {subprocess.py:93} INFO - chmod: changing permissions of 'mount': Operation not permitted
[2023-05-27T20:05:59.838+0000] {subprocess.py:93} INFO - chmod: changing permissions of 'mountpoint': Operation not permitted
[2023-05-27T20:05:59.838+0000] {subprocess.py:93} INFO - chmod: changing permissions of 'mv': Operation not permitted
[2023-05-27T20:05:59.844+0000] {subprocess.py:93} INFO - chmod: changing permissions of 'nc': Operation not permitted
[2023-05-27T20:05:59.844+0000] {subprocess.py:93} INFO - chmod: changing permissions of 'nc.openbsd': Operation not permitted
[2023-05-27T20:05:59.844+0000] {subprocess.py:93} INFO - chmod: changing permissions of 'netcat': Operation not permitted
[2023-05-27T20:05:59.844+0000] {subprocess.py:93} INFO - chmod: changing permissions of 'nisdomainname': Operation not permitted
[2023-05-27T20:05:59.845+0000] {subprocess.py:93} INFO - chmod: changing permissions of 'pidof': Operation not permitted
[2023-05-27T20:05:59.845+0000] {subprocess.py:93} INFO - chmod: changing permissions of 'pwd': Operation not permitted
[2023-05-27T20:05:59.845+0000] {subprocess.py:93} INFO - chmod: changing permissions of 'rbash': Operation not permitted
[2023-05-27T20:05:59.845+0000] {subprocess.py:93} INFO - chmod: changing permissions of 'readlink': Operation not permitted
[2023-05-27T20:05:59.845+0000] {subprocess.py:93} INFO - chmod: changing permissions of 'rm': Operation not permitted
[2023-05-27T20:05:59.845+0000] {subprocess.py:93} INFO - chmod: changing permissions of 'rmdir': Operation not permitted
[2023-05-27T20:05:59.845+0000] {subprocess.py:93} INFO - chmod: changing permissions of 'run-parts': Operation not permitted
[2023-05-27T20:05:59.846+0000] {subprocess.py:93} INFO - chmod: changing permissions of 'sed': Operation not permitted
[2023-05-27T20:05:59.846+0000] {subprocess.py:93} INFO - chmod: changing permissions of 'sh': Operation not permitted
[2023-05-27T20:05:59.846+0000] {subprocess.py:93} INFO - chmod: changing permissions of 'sleep': Operation not permitted
[2023-05-27T20:05:59.846+0000] {subprocess.py:93} INFO - chmod: changing permissions of 'stty': Operation not permitted
[2023-05-27T20:05:59.846+0000] {subprocess.py:93} INFO - chmod: changing permissions of 'su': Operation not permitted
[2023-05-27T20:05:59.847+0000] {subprocess.py:93} INFO - chmod: changing permissions of 'sync': Operation not permitted
[2023-05-27T20:05:59.847+0000] {subprocess.py:93} INFO - chmod: changing permissions of 'tar': Operation not permitted
[2023-05-27T20:05:59.847+0000] {subprocess.py:93} INFO - chmod: changing permissions of 'tempfile': Operation not permitted
[2023-05-27T20:05:59.847+0000] {subprocess.py:93} INFO - chmod: changing permissions of 'touch': Operation not permitted
[2023-05-27T20:05:59.847+0000] {subprocess.py:93} INFO - chmod: changing permissions of 'true': Operation not permitted
[2023-05-27T20:05:59.848+0000] {subprocess.py:93} INFO - chmod: changing permissions of 'umount': Operation not permitted
[2023-05-27T20:05:59.848+0000] {subprocess.py:93} INFO - chmod: changing permissions of 'uname': Operation not permitted
[2023-05-27T20:05:59.848+0000] {subprocess.py:93} INFO - chmod: changing permissions of 'uncompress': Operation not permitted
[2023-05-27T20:05:59.848+0000] {subprocess.py:93} INFO - chmod: changing permissions of 'vdir': Operation not permitted
[2023-05-27T20:05:59.849+0000] {subprocess.py:93} INFO - chmod: changing permissions of 'wdctl': Operation not permitted
[2023-05-27T20:05:59.849+0000] {subprocess.py:93} INFO - chmod: changing permissions of 'ypdomainname': Operation not permitted
[2023-05-27T20:05:59.849+0000] {subprocess.py:93} INFO - chmod: changing permissions of 'zcat': Operation not permitted
[2023-05-27T20:05:59.849+0000] {subprocess.py:93} INFO - chmod: changing permissions of 'zcmp': Operation not permitted
[2023-05-27T20:05:59.849+0000] {subprocess.py:93} INFO - chmod: changing permissions of 'zdiff': Operation not permitted
[2023-05-27T20:05:59.849+0000] {subprocess.py:93} INFO - chmod: changing permissions of 'zegrep': Operation not permitted
[2023-05-27T20:05:59.849+0000] {subprocess.py:93} INFO - chmod: changing permissions of 'zfgrep': Operation not permitted
[2023-05-27T20:05:59.850+0000] {subprocess.py:93} INFO - chmod: changing permissions of 'zforce': Operation not permitted
[2023-05-27T20:05:59.850+0000] {subprocess.py:93} INFO - chmod: changing permissions of 'zgrep': Operation not permitted
[2023-05-27T20:05:59.850+0000] {subprocess.py:93} INFO - chmod: changing permissions of 'zless': Operation not permitted
[2023-05-27T20:05:59.850+0000] {subprocess.py:93} INFO - chmod: changing permissions of 'zmore': Operation not permitted
[2023-05-27T20:05:59.850+0000] {subprocess.py:93} INFO - chmod: changing permissions of 'znew': Operation not permitted
[2023-05-27T20:05:59.851+0000] {subprocess.py:97} INFO - Command exited with return code 1
[2023-05-27T20:05:59.871+0000] {taskinstance.py:1768} ERROR - Task failed with exception
Traceback (most recent call last):
  File "/home/airflow/.local/lib/python3.7/site-packages/airflow/operators/bash.py", line 197, in execute
    f"Bash command failed. The command returned a non-zero exit code {result.exit_code}."
airflow.exceptions.AirflowException: Bash command failed. The command returned a non-zero exit code 1.
[2023-05-27T20:05:59.877+0000] {taskinstance.py:1323} INFO - Marking task as UP_FOR_RETRY. dag_id=cria_diretorios_projeto, task_id=permissoes_diretorios, execution_date=20230527T194417, start_date=20230527T200559, end_date=20230527T200559
[2023-05-27T20:05:59.897+0000] {standard_task_runner.py:105} ERROR - Failed to execute job 267 for task permissoes_diretorios (Bash command failed. The command returned a non-zero exit code 1.; 3234)
[2023-05-27T20:05:59.946+0000] {local_task_job.py:208} INFO - Task exited with return code 1
[2023-05-27T20:05:59.974+0000] {taskinstance.py:2578} INFO - 0 downstream tasks scheduled from follow-on schedule check
