[2023-05-27T19:56:30.826+0000] {taskinstance.py:1083} INFO - Dependencies all met for <TaskInstance: cria_diretorios_projeto.permissoes_diretorios manual__2023-05-27T19:44:17.558652+00:00 [queued]>
[2023-05-27T19:56:30.835+0000] {taskinstance.py:1083} INFO - Dependencies all met for <TaskInstance: cria_diretorios_projeto.permissoes_diretorios manual__2023-05-27T19:44:17.558652+00:00 [queued]>
[2023-05-27T19:56:30.835+0000] {taskinstance.py:1279} INFO - 
--------------------------------------------------------------------------------
[2023-05-27T19:56:30.835+0000] {taskinstance.py:1280} INFO - Starting attempt 9 of 10
[2023-05-27T19:56:30.836+0000] {taskinstance.py:1281} INFO - 
--------------------------------------------------------------------------------
[2023-05-27T19:56:30.851+0000] {taskinstance.py:1300} INFO - Executing <Task(BashOperator): permissoes_diretorios> on 2023-05-27 19:44:17.558652+00:00
[2023-05-27T19:56:30.859+0000] {standard_task_runner.py:55} INFO - Started process 2640 to run task
[2023-05-27T19:56:30.866+0000] {standard_task_runner.py:82} INFO - Running: ['***', 'tasks', 'run', 'cria_diretorios_projeto', 'permissoes_diretorios', 'manual__2023-05-27T19:44:17.558652+00:00', '--job-id', '255', '--raw', '--subdir', 'DAGS_FOLDER/cria_diretorios_projeto.py', '--cfg-path', '/tmp/tmpjn01bdfr']
[2023-05-27T19:56:30.868+0000] {standard_task_runner.py:83} INFO - Job 255: Subtask permissoes_diretorios
[2023-05-27T19:56:30.958+0000] {task_command.py:388} INFO - Running <TaskInstance: cria_diretorios_projeto.permissoes_diretorios manual__2023-05-27T19:44:17.558652+00:00 [running]> on host 36658c0564dd
[2023-05-27T19:56:31.041+0000] {taskinstance.py:1509} INFO - Exporting the following env vars:
AIRFLOW_CTX_DAG_EMAIL=test@test.com
AIRFLOW_CTX_DAG_OWNER=***
AIRFLOW_CTX_DAG_ID=cria_diretorios_projeto
AIRFLOW_CTX_TASK_ID=permissoes_diretorios
AIRFLOW_CTX_EXECUTION_DATE=2023-05-27T19:44:17.558652+00:00
AIRFLOW_CTX_TRY_NUMBER=9
AIRFLOW_CTX_DAG_RUN_ID=manual__2023-05-27T19:44:17.558652+00:00
[2023-05-27T19:56:31.042+0000] {subprocess.py:63} INFO - Tmp dir root location: 
 /tmp
[2023-05-27T19:56:31.043+0000] {subprocess.py:75} INFO - Running command: ['/bin/bash', '-c', "\n            export PATH_FOLDER='/dags'\n            cd $PATH_FOLDER/\n            chmod -R 777 *\n        "]
[2023-05-27T19:56:31.058+0000] {subprocess.py:86} INFO - Output:
[2023-05-27T19:56:31.060+0000] {subprocess.py:93} INFO - /bin/bash: line 3: cd: /dags/: No such file or directory
[2023-05-27T19:56:31.062+0000] {subprocess.py:93} INFO - chmod: cannot access '*': No such file or directory
[2023-05-27T19:56:31.063+0000] {subprocess.py:97} INFO - Command exited with return code 1
[2023-05-27T19:56:31.076+0000] {taskinstance.py:1768} ERROR - Task failed with exception
Traceback (most recent call last):
  File "/home/airflow/.local/lib/python3.7/site-packages/airflow/operators/bash.py", line 197, in execute
    f"Bash command failed. The command returned a non-zero exit code {result.exit_code}."
airflow.exceptions.AirflowException: Bash command failed. The command returned a non-zero exit code 1.
[2023-05-27T19:56:31.081+0000] {taskinstance.py:1323} INFO - Marking task as UP_FOR_RETRY. dag_id=cria_diretorios_projeto, task_id=permissoes_diretorios, execution_date=20230527T194417, start_date=20230527T195630, end_date=20230527T195631
[2023-05-27T19:56:31.101+0000] {standard_task_runner.py:105} ERROR - Failed to execute job 255 for task permissoes_diretorios (Bash command failed. The command returned a non-zero exit code 1.; 2640)
[2023-05-27T19:56:31.119+0000] {local_task_job.py:208} INFO - Task exited with return code 1
[2023-05-27T19:56:31.142+0000] {taskinstance.py:2578} INFO - 0 downstream tasks scheduled from follow-on schedule check
