[2023-05-27T19:27:13.045+0000] {taskinstance.py:1083} INFO - Dependencies all met for <TaskInstance: cria_diretorios_projeto.cria_diretorios_projeto manual__2023-05-27T17:21:25.944771+00:00 [queued]>
[2023-05-27T19:27:13.061+0000] {taskinstance.py:1083} INFO - Dependencies all met for <TaskInstance: cria_diretorios_projeto.cria_diretorios_projeto manual__2023-05-27T17:21:25.944771+00:00 [queued]>
[2023-05-27T19:27:13.061+0000] {taskinstance.py:1279} INFO - 
--------------------------------------------------------------------------------
[2023-05-27T19:27:13.062+0000] {taskinstance.py:1280} INFO - Starting attempt 4 of 5
[2023-05-27T19:27:13.063+0000] {taskinstance.py:1281} INFO - 
--------------------------------------------------------------------------------
[2023-05-27T19:27:13.092+0000] {taskinstance.py:1300} INFO - Executing <Task(PythonOperator): cria_diretorios_projeto> on 2023-05-27 17:21:25.944771+00:00
[2023-05-27T19:27:13.101+0000] {standard_task_runner.py:55} INFO - Started process 819 to run task
[2023-05-27T19:27:13.108+0000] {standard_task_runner.py:82} INFO - Running: ['***', 'tasks', 'run', 'cria_diretorios_projeto', 'cria_diretorios_projeto', 'manual__2023-05-27T17:21:25.944771+00:00', '--job-id', '214', '--raw', '--subdir', 'DAGS_FOLDER/cria_diretorios_projeto.py', '--cfg-path', '/tmp/tmplqqpywh_']
[2023-05-27T19:27:13.111+0000] {standard_task_runner.py:83} INFO - Job 214: Subtask cria_diretorios_projeto
[2023-05-27T19:27:13.206+0000] {task_command.py:388} INFO - Running <TaskInstance: cria_diretorios_projeto.cria_diretorios_projeto manual__2023-05-27T17:21:25.944771+00:00 [running]> on host 36658c0564dd
[2023-05-27T19:27:13.385+0000] {taskinstance.py:1509} INFO - Exporting the following env vars:
AIRFLOW_CTX_DAG_EMAIL=test@test.com
AIRFLOW_CTX_DAG_OWNER=***
AIRFLOW_CTX_DAG_ID=cria_diretorios_projeto
AIRFLOW_CTX_TASK_ID=cria_diretorios_projeto
AIRFLOW_CTX_EXECUTION_DATE=2023-05-27T17:21:25.944771+00:00
AIRFLOW_CTX_TRY_NUMBER=4
AIRFLOW_CTX_DAG_RUN_ID=manual__2023-05-27T17:21:25.944771+00:00
[2023-05-27T19:27:13.393+0000] {logging_mixin.py:137} INFO - Diretório engineer criado com sucesso!
[2023-05-27T19:27:13.395+0000] {logging_mixin.py:137} INFO - Diretório raw criado com sucesso!
[2023-05-27T19:27:13.395+0000] {logging_mixin.py:137} INFO - Diretório refined criado com sucesso!
[2023-05-27T19:27:13.396+0000] {logging_mixin.py:137} INFO - Diretório transient criado com sucesso!
[2023-05-27T19:27:13.397+0000] {logging_mixin.py:137} INFO - Diretório trusted criado com sucesso!
[2023-05-27T19:27:13.398+0000] {python.py:177} INFO - Done. Returned value was: None
[2023-05-27T19:27:13.413+0000] {taskinstance.py:1323} INFO - Marking task as SUCCESS. dag_id=cria_diretorios_projeto, task_id=cria_diretorios_projeto, execution_date=20230527T172125, start_date=20230527T192713, end_date=20230527T192713
[2023-05-27T19:27:13.477+0000] {local_task_job.py:208} INFO - Task exited with return code 0
[2023-05-27T19:27:13.518+0000] {taskinstance.py:2578} INFO - 1 downstream tasks scheduled from follow-on schedule check
